LISA
PROCESS
108:105
SYSCALL
analyzed_bin
execve
108

0
SYSCALL
analyzed_bin
arch_prctl
108
ARCH_SET_FS, 7369360
0
SYSCALL
analyzed_bin
set_tid_address
108
0x707510
108
SYSCALL
analyzed_bin
brk
108
0x0
7372800
SYSCALL
analyzed_bin
brk
108
0x709000
7376896
OPENFILE
"/etc/localtime"
SYSCALL
analyzed_bin
open
108
"/etc/localtime", O_RDONLY|O_NONBLOCK|O_CLOEXEC
3
SYSCALL
analyzed_bin
fstat
108
3, 0x7ffc2ee87de0
0
SYSCALL
analyzed_bin
mmap2
108
0x0, 127, PROT_READ, MAP_SHARED, 3, 0
0x7f1930452000
SYSCALL
analyzed_bin
close
108
3
0
SYSCALL
analyzed_bin
rt_sigprocmask
108
SIG_UNBLOCK, [EMPTY], 0x0, 8
0
SYSCALL
analyzed_bin
rt_sigaction
108
SIGSEGV, {0x41b8b0, SA_RESTART|SA_RESTORER, 0x5f4336, [EMPTY]}, 0x7ffc2ee87e70, 8
0
SYSCALL
analyzed_bin
rt_sigprocmask
108
SIG_BLOCK, [SIGHUP|SIGINT|SIGQUIT|SIGILL|SIGTRAP|SIGABRT|SIGBUS|SIGFPE|SIGKILL|SIGUSR1|SIGSEGV|SIGPIPE|SIGUSR2|SIGALRM|SIGTERM|SIGCHLD|SIGCONT|SIGSTOP|SIGTSTP|SIGTTIN|SIGTTOU|SIGURG|SIGXCPU|SIGXFSZ|SIGVTALRM|SIGPROF|SIGWINCH|SIGIO/SIGPOLL|SIGPWR|SIGSYS], 0x7ffc2ee87e40, 8
0
SYSCALL
analyzed_bin
rt_sigaction
108
SIGABRT, {0x41b8b0, SA_RESTART|SA_RESTORER, 0x5f4336, [EMPTY]}, 0x7ffc2ee87e70, 8
0
SYSCALL
analyzed_bin
rt_sigprocmask
108
SIG_SETMASK, [EMPTY], 0x0, 8
0
SYSCALL
analyzed_bin
getcwd
108
0x7ffc2ee88170, 4096
6
SYSCALL
analyzed_bin
brk
108
0x70a000
7380992
SYSCALL
analyzed_bin
brk
108
0x70b000
7385088
SYSCALL
analyzed_bin
brk
108
0x70c000
7389184
SYSCALL
analyzed_bin
brk
108
0x70d000
7393280
SYSCALL
analyzed_bin
access
108
"/bin/sh", X_OK
0
SYSCALL
analyzed_bin
brk
108
0x70e000
7397376
SYSCALL
analyzed_bin
brk
108
0x70f000
7401472
SYSCALL
analyzed_bin
getuid
108

0
SYSCALL
analyzed_bin
mkdir
108
"/tmp//tmate-0", 0700
0
SYSCALL
analyzed_bin
lstat
108
"/tmp//tmate-0", 0x7ffc2ee880e0
0
OPENFILE
"/tmp//tmate-0"
SYSCALL
analyzed_bin
open
108
"/tmp//tmate-0", O_RDONLY|O_NONBLOCK|O_CLOEXEC|O_PATH
3
SYSCALL
analyzed_bin
readlink
108
"/proc/self/fd/3", 0x7ffc2ee86fd0, 4095
12
SYSCALL
analyzed_bin
fstat
108
3, 0x7ffc2ee86eb0
0
SYSCALL
analyzed_bin
stat
108
"/tmp/tmate-0", 0x7ffc2ee86f40
0
SYSCALL
analyzed_bin
close
108
3
0
SYSCALL
analyzed_bin
stat
108
"/tmp/tmate-0/adKBMH", 0x7ffc2ee87f40
-2 (ENOENT)
SYSCALL
analyzed_bin
brk
108
0x710000
7405568
SYSCALL
analyzed_bin
epoll_create1
108
EPOLL_CLOEXEC
3
SYSCALL
analyzed_bin
pipe2
108
[-1, -1], O_NONBLOCK|O_CLOEXEC
0
SYSCALL
analyzed_bin
rt_sigaction
108
SIGCHLD, {SIG_IGN}, 0x7ffc2ee87e70, 8
0
SYSCALL
analyzed_bin
uname
108
0x7ffc2ee87e40
0
SYSCALL
analyzed_bin
getpid
108

108
SYSCALL
analyzed_bin
rt_sigaction
108
SIGPIPE, {SIG_IGN}, 0x0, 8
0
SYSCALL
analyzed_bin
rt_sigaction
108
SIGUSR2, {SIG_IGN}, 0x0, 8
0
SYSCALL
analyzed_bin
rt_sigaction
108
SIGINT, {0x4ad3fb, SA_RESTART|SA_RESTORER, 0x5f4336, [SIGHUP|SIGINT|SIGQUIT|SIGILL|SIGTRAP|SIGABRT|SIGBUS|SIGFPE|SIGKILL|SIGUSR1|SIGSEGV|SIGPIPE|SIGUSR2|SIGALRM|SIGTERM|SIGCHLD|SIGCONT|SIGSTOP|SIGTSTP|SIGTTIN|SIGTTOU|SIGURG|SIGXCPU|SIGXFSZ|SIGVTALRM|SIGPROF|SIGWINCH|SIGIO/SIGPOLL|SIGPWR|SIGSYS]}, 0x7ffc2ee87b80, 8
0
SYSCALL
analyzed_bin
epoll_ctl
108
3, EPOLL_CTL_ADD, 4, 0x7ffc2ee87b5c
0
SYSCALL
analyzed_bin
rt_sigaction
108
SIGHUP, {0x4ad3fb, SA_RESTART|SA_RESTORER, 0x5f4336, [SIGHUP|SIGINT|SIGQUIT|SIGILL|SIGTRAP|SIGABRT|SIGBUS|SIGFPE|SIGKILL|SIGUSR1|SIGSEGV|SIGPIPE|SIGUSR2|SIGALRM|SIGTERM|SIGCHLD|SIGCONT|SIGSTOP|SIGTSTP|SIGTTIN|SIGTTOU|SIGURG|SIGXCPU|SIGXFSZ|SIGVTALRM|SIGPROF|SIGWINCH|SIGIO/SIGPOLL|SIGPWR|SIGSYS]}, 0x7ffc2ee87b80, 8
0
SYSCALL
analyzed_bin
rt_sigaction
108
SIGCHLD, {0x4ad3fb, SA_RESTART|SA_RESTORER, 0x5f4336, [SIGHUP|SIGINT|SIGQUIT|SIGILL|SIGTRAP|SIGABRT|SIGBUS|SIGFPE|SIGKILL|SIGUSR1|SIGSEGV|SIGPIPE|SIGUSR2|SIGALRM|SIGTERM|SIGCHLD|SIGCONT|SIGSTOP|SIGTSTP|SIGTTIN|SIGTTOU|SIGURG|SIGXCPU|SIGXFSZ|SIGVTALRM|SIGPROF|SIGWINCH|SIGIO/SIGPOLL|SIGPWR|SIGSYS]}, 0x7ffc2ee87b80, 8
0
SYSCALL
analyzed_bin
rt_sigaction
108
SIGCONT, {0x4ad3fb, SA_RESTART|SA_RESTORER, 0x5f4336, [SIGHUP|SIGINT|SIGQUIT|SIGILL|SIGTRAP|SIGABRT|SIGBUS|SIGFPE|SIGKILL|SIGUSR1|SIGSEGV|SIGPIPE|SIGUSR2|SIGALRM|SIGTERM|SIGCHLD|SIGCONT|SIGSTOP|SIGTSTP|SIGTTIN|SIGTTOU|SIGURG|SIGXCPU|SIGXFSZ|SIGVTALRM|SIGPROF|SIGWINCH|SIGIO/SIGPOLL|SIGPWR|SIGSYS]}, 0x7ffc2ee87b80, 8
0
SYSCALL
analyzed_bin
rt_sigaction
108
SIGTERM, {0x4ad3fb, SA_RESTART|SA_RESTORER, 0x5f4336, [SIGHUP|SIGINT|SIGQUIT|SIGILL|SIGTRAP|SIGABRT|SIGBUS|SIGFPE|SIGKILL|SIGUSR1|SIGSEGV|SIGPIPE|SIGUSR2|SIGALRM|SIGTERM|SIGCHLD|SIGCONT|SIGSTOP|SIGTSTP|SIGTTIN|SIGTTOU|SIGURG|SIGXCPU|SIGXFSZ|SIGVTALRM|SIGPROF|SIGWINCH|SIGIO/SIGPOLL|SIGPWR|SIGSYS]}, 0x7ffc2ee87b80, 8
0
SYSCALL
analyzed_bin
rt_sigaction
108
SIGUSR1, {0x4ad3fb, SA_RESTART|SA_RESTORER, 0x5f4336, [SIGHUP|SIGINT|SIGQUIT|SIGILL|SIGTRAP|SIGABRT|SIGBUS|SIGFPE|SIGKILL|SIGUSR1|SIGSEGV|SIGPIPE|SIGUSR2|SIGALRM|SIGTERM|SIGCHLD|SIGCONT|SIGSTOP|SIGTSTP|SIGTTIN|SIGTTOU|SIGURG|SIGXCPU|SIGXFSZ|SIGVTALRM|SIGPROF|SIGWINCH|SIGIO/SIGPOLL|SIGPWR|SIGSYS]}, 0x7ffc2ee87b80, 8
0
SYSCALL
analyzed_bin
rt_sigaction
108
SIGWINCH, {0x4ad3fb, SA_RESTART|SA_RESTORER, 0x5f4336, [SIGHUP|SIGINT|SIGQUIT|SIGILL|SIGTRAP|SIGABRT|SIGBUS|SIGFPE|SIGKILL|SIGUSR1|SIGSEGV|SIGPIPE|SIGUSR2|SIGALRM|SIGTERM|SIGCHLD|SIGCONT|SIGSTOP|SIGTSTP|SIGTTIN|SIGTTOU|SIGURG|SIGXCPU|SIGXFSZ|SIGVTALRM|SIGPROF|SIGWINCH|SIGIO/SIGPOLL|SIGPWR|SIGSYS]}, 0x7ffc2ee87b80, 8
0
SYSCALL
analyzed_bin
socket
108
PF_LOCAL, SOCK_STREAM, 0
6
SYSCALL
analyzed_bin
connect
108
6, {AF_UNIX, "/tmp/tmate-0/adKBMH"}, 110
-2 (ENOENT)
SYSCALL
analyzed_bin
close
108
6
0
OPENFILE
"/tmp/tmate-0/adKBMH.lock"
SYSCALL
analyzed_bin
open
108
"/tmp/tmate-0/adKBMH.lock", O_WRONLY|O_CREAT, 0600
6
SYSCALL
analyzed_bin
flock
108
6, LOCK_EX|LOCK_NB
0
SYSCALL
analyzed_bin
socket
108
PF_LOCAL, SOCK_STREAM, 0
7
SYSCALL
analyzed_bin
connect
108
7, {AF_UNIX, "/tmp/tmate-0/adKBMH"}, 110
-2 (ENOENT)
SYSCALL
analyzed_bin
close
108
7
0
SYSCALL
analyzed_bin
unlink
108
"/tmp/tmate-0/adKBMH"
-2 (ENOENT)
SYSCALL
analyzed_bin
socketpair
108
PF_LOCAL, SOCK_STREAM, 0, 0x7ffc2ee88058
0
SYSCALL
analyzed_bin
rt_sigprocmask
108
SIG_BLOCK, [SIGHUP|SIGINT|SIGQUIT|SIGILL|SIGTRAP|SIGABRT|SIGBUS|SIGFPE|SIGKILL|SIGUSR1|SIGSEGV|SIGPIPE|SIGUSR2|SIGALRM|SIGTERM|SIGCHLD|SIGCONT|SIGSTOP|SIGTSTP|SIGTTIN|SIGTTOU|SIGURG|SIGXCPU|SIGXFSZ|SIGVTALRM|SIGPROF|SIGWINCH|SIGIO/SIGPOLL|SIGPWR|SIGSYS], 0x7ffc2ee87cf0, 8
0
PROCESS
110:108
SYSCALL
analyzed_bin
fork
108

110
SYSCALL
analyzed_bin
rt_sigprocmask
108
SIG_SETMASK, [EMPTY], 0x0, 8
0
SYSCALL
analyzed_bin
close
108
8
0
SYSCALL
analyzed_bin
close
108
6
0
SYSCALL
analyzed_bin
fcntl
108
7, F_GETFL, 0x0
2
SYSCALL
analyzed_bin
fcntl
108
7, F_SETFL, 0x802
0
SYSCALL
analyzed_bin
brk
108
0x721000
7475200
SYSCALL
analyzed_bin
getpid
108

108
SYSCALL
analyzed_bin
epoll_ctl
108
3, EPOLL_CTL_ADD, 7, 0x7ffc2ee87e6c
0
SYSCALL
analyzed_bin
getcwd
108
0x7ffc2ee89170, 4096
6
SYSCALL
analyzed_bin
ioctl
108
0, 21523, 0x7ffc2ee87e68
-25 (ENOTTY)
SYSCALL
analyzed_bin
gettid
110

110
SYSCALL
analyzed_bin
rt_sigprocmask
110
SIG_SETMASK, [EMPTY], 0x0, 8
0
OPENFILE
0x67bbc0
SYSCALL
analyzed_bin
open
110
0x67bbc0, O_RDWR
9
SYSCALL
analyzed_bin
dup2
110
9, 0
0
SYSCALL
analyzed_bin
dup2
110
9, 1
1
SYSCALL
analyzed_bin
dup2
110
9, 2
2
SYSCALL
analyzed_bin
close
110
9
0
SYSCALL
analyzed_bin
fcntl
108
0, F_GETFL, 0x4000000000000
32768
SYSCALL
analyzed_bin
fcntl
108
0, F_SETFL, 0x8800
0
SYSCALL
analyzed_bin
rt_sigprocmask
110
SIG_BLOCK, [SIGHUP|SIGINT|SIGQUIT|SIGILL|SIGTRAP|SIGABRT|SIGBUS|SIGFPE|SIGKILL|SIGUSR1|SIGSEGV|SIGPIPE|SIGUSR2|SIGALRM|SIGTERM|SIGCHLD|SIGCONT|SIGSTOP|SIGTSTP|SIGTTIN|SIGTTOU|SIGURG|SIGXCPU|SIGXFSZ|SIGVTALRM|SIGPROF|SIGWINCH|SIGIO/SIGPOLL|SIGPWR|SIGSYS], 0x7ffc2ee87cd0, 8
0
PROCESS
111:110
SYSCALL
analyzed_bin
fork
110

111
SYSCALL
analyzed_bin
rt_sigprocmask
110
SIG_SETMASK, [EMPTY], 0x0, 8
0
SYSCALL
analyzed_bin
gettid
111

111
SYSCALL
analyzed_bin
rt_sigprocmask
111
SIG_SETMASK, [EMPTY], 0x0, 8
0
SYSCALL
analyzed_bin
setsid
111

111
SYSCALL
analyzed_bin
rt_sigprocmask
111
SIG_BLOCK, 0x67ca30, 0x7ffc2ee87cd0, 8
0
PROCESS
112:111
SYSCALL
analyzed_bin
fork
111

112
SYSCALL
analyzed_bin
rt_sigprocmask
111
SIG_SETMASK, [EMPTY], 0x0, 8
0
SYSCALL
analyzed_bin
exit_group
111
0

SYSCALL
analyzed_bin
epoll_ctl
108
3, EPOLL_CTL_DEL, 7, 0x7ffc2ee87e5c
0
SYSCALL
analyzed_bin
epoll_ctl
108
3, EPOLL_CTL_ADD, 7, 0x7ffc2ee87e2c
0
SYSCALL
analyzed_bin
epoll_ctl
108
3, EPOLL_CTL_DEL, 7, 0x7ffc2ee87e5c
0
SYSCALL
analyzed_bin
epoll_ctl
108
3, EPOLL_CTL_ADD, 7, 0x7ffc2ee87e2c
0
SYSCALL
analyzed_bin
epoll_ctl
108
3, EPOLL_CTL_DEL, 7, 0x7ffc2ee87e5c
0
SYSCALL
analyzed_bin
epoll_ctl
108
3, EPOLL_CTL_ADD, 7, 0x7ffc2ee87e2c
0
SYSCALL
analyzed_bin
epoll_ctl
108
3, EPOLL_CTL_DEL, 7, 0x7ffc2ee87e5c
0
SYSCALL
analyzed_bin
epoll_ctl
108
3, EPOLL_CTL_ADD, 7, 0x7ffc2ee87e2c
0
SYSCALL
analyzed_bin
dup
108
0
6
SYSCALL
analyzed_bin
epoll_ctl
108
3, EPOLL_CTL_DEL, 7, 0x7ffc2ee87e5c
0
SYSCALL
analyzed_bin
epoll_ctl
108
3, EPOLL_CTL_ADD, 7, 0x7ffc2ee87e2c
0
SYSCALL
analyzed_bin
write
110
5, "\021", 1
1
SYSCALL
analyzed_bin
rt_sigreturn
110

0
SYSCALL
analyzed_bin
exit_group
110
0

SYSCALL
analyzed_bin
gettid
112

112
SYSCALL
analyzed_bin
rt_sigprocmask
112
SIG_SETMASK, [EMPTY], 0x0, 8
0
SYSCALL
analyzed_bin
rt_sigaction
112
SIGPIPE, {SIG_DFL}, 0x0, 8
0
SYSCALL
analyzed_bin
rt_sigaction
112
SIGUSR2, {SIG_DFL}, 0x0, 8
0
SYSCALL
analyzed_bin
rt_sigaction
112
SIGINT, {SIG_IGN}, 0x0, 8
0
SYSCALL
analyzed_bin
rt_sigaction
112
SIGHUP, {SIG_DFL}, 0x0, 8
0
SYSCALL
analyzed_bin
rt_sigaction
112
SIGCHLD, {SIG_IGN}, 0x0, 8
0
SYSCALL
analyzed_bin
rt_sigaction
112
SIGCONT, {SIG_DFL}, 0x0, 8
0
SYSCALL
analyzed_bin
rt_sigaction
112
SIGTERM, {SIG_DFL}, 0x0, 8
0
SYSCALL
analyzed_bin
rt_sigaction
112
SIGUSR1, {SIG_DFL}, 0x0, 8
0
SYSCALL
analyzed_bin
rt_sigaction
112
SIGWINCH, {SIG_DFL}, 0x0, 8
0
SYSCALL
analyzed_bin
close
112
4
0
SYSCALL
analyzed_bin
close
112
5
0
SYSCALL
analyzed_bin
write
108
5, "\021", 1
1
SYSCALL
analyzed_bin
rt_sigreturn
108

0
SYSCALL
analyzed_bin
getpid
108

108
SYSCALL
analyzed_bin
epoll_ctl
108
3, EPOLL_CTL_DEL, 7, 0x7ffc2ee87e5c
0
SYSCALL
analyzed_bin
epoll_ctl
108
3, EPOLL_CTL_ADD, 7, 0x7ffc2ee87e2c
0
SYSCALL
analyzed_bin
epoll_ctl
108
3, EPOLL_CTL_DEL, 7, 0x7ffc2ee87e5c
0
SYSCALL
analyzed_bin
epoll_ctl
108
3, EPOLL_CTL_ADD, 7, 0x7ffc2ee87e2c
0
SYSCALL
analyzed_bin
epoll_ctl
108
3, EPOLL_CTL_DEL, 7, 0x7ffc2ee87e5c
0
SYSCALL
analyzed_bin
epoll_ctl
108
3, EPOLL_CTL_ADD, 7, 0x7ffc2ee87e2c
0
SYSCALL
analyzed_bin
epoll_ctl
108
3, EPOLL_CTL_DEL, 7, 0x7ffc2ee87e5c
0
SYSCALL
analyzed_bin
epoll_ctl
108
3, EPOLL_CTL_ADD, 7, 0x7ffc2ee87e2c
0
SYSCALL
analyzed_bin
epoll_ctl
108
3, EPOLL_CTL_DEL, 7, 0x7ffc2ee87e5c
0
SYSCALL
analyzed_bin
epoll_ctl
108
3, EPOLL_CTL_ADD, 7, 0x7ffc2ee87e2c
0
SYSCALL
analyzed_bin
epoll_ctl
108
3, EPOLL_CTL_DEL, 7, 0x7ffc2ee87e5c
0
SYSCALL
analyzed_bin
epoll_ctl
108
3, EPOLL_CTL_ADD, 7, 0x7ffc2ee87e2c
0
SYSCALL
analyzed_bin
epoll_ctl
108
3, EPOLL_CTL_DEL, 7, 0x7ffc2ee87e5c
0
SYSCALL
analyzed_bin
epoll_ctl
108
3, EPOLL_CTL_ADD, 7, 0x7ffc2ee87e2c
0
SYSCALL
analyzed_bin
epoll_ctl
108
3, EPOLL_CTL_DEL, 7, 0x7ffc2ee87e5c
0
SYSCALL
analyzed_bin
close
112
4
-9 (EBADF)
SYSCALL
analyzed_bin
close
112
5
-9 (EBADF)
SYSCALL
analyzed_bin
close
112
3
0
SYSCALL
analyzed_bin
epoll_create1
112
EPOLL_CLOEXEC
3
SYSCALL
analyzed_bin
pipe2
112
[-1, -1], O_NONBLOCK|O_CLOEXEC
0
SYSCALL
analyzed_bin
uname
112
0x7ffc2ee87e40
0
SYSCALL
analyzed_bin
getpid
112

112
SYSCALL
analyzed_bin
rt_sigaction
112
SIGPIPE, {SIG_IGN}, 0x0, 8
0
SYSCALL
analyzed_bin
rt_sigaction
112
SIGUSR2, {SIG_IGN}, 0x0, 8
0
SYSCALL
analyzed_bin
rt_sigaction
112
SIGINT, {0x4ad3fb, SA_RESTART|SA_RESTORER, 0x5f4336, [SIGHUP|SIGINT|SIGQUIT|SIGILL|SIGTRAP|SIGABRT|SIGBUS|SIGFPE|SIGKILL|SIGUSR1|SIGSEGV|SIGPIPE|SIGUSR2|SIGALRM|SIGTERM|SIGCHLD|SIGCONT|SIGSTOP|SIGTSTP|SIGTTIN|SIGTTOU|SIGURG|SIGXCPU|SIGXFSZ|SIGVTALRM|SIGPROF|SIGWINCH|SIGIO/SIGPOLL|SIGPWR|SIGSYS]}, 0x7ffc2ee87b80, 8
0
SYSCALL
analyzed_bin
epoll_ctl
112
3, EPOLL_CTL_ADD, 4, 0x7ffc2ee87b5c
0
SYSCALL
analyzed_bin
rt_sigaction
112
SIGHUP, {0x4ad3fb, SA_RESTART|SA_RESTORER, 0x5f4336, [SIGHUP|SIGINT|SIGQUIT|SIGILL|SIGTRAP|SIGABRT|SIGBUS|SIGFPE|SIGKILL|SIGUSR1|SIGSEGV|SIGPIPE|SIGUSR2|SIGALRM|SIGTERM|SIGCHLD|SIGCONT|SIGSTOP|SIGTSTP|SIGTTIN|SIGTTOU|SIGURG|SIGXCPU|SIGXFSZ|SIGVTALRM|SIGPROF|SIGWINCH|SIGIO/SIGPOLL|SIGPWR|SIGSYS]}, 0x7ffc2ee87b80, 8
0
SYSCALL
analyzed_bin
rt_sigaction
112
SIGCHLD, {0x4ad3fb, SA_RESTART|SA_RESTORER, 0x5f4336, [SIGHUP|SIGINT|SIGQUIT|SIGILL|SIGTRAP|SIGABRT|SIGBUS|SIGFPE|SIGKILL|SIGUSR1|SIGSEGV|SIGPIPE|SIGUSR2|SIGALRM|SIGTERM|SIGCHLD|SIGCONT|SIGSTOP|SIGTSTP|SIGTTIN|SIGTTOU|SIGURG|SIGXCPU|SIGXFSZ|SIGVTALRM|SIGPROF|SIGWINCH|SIGIO/SIGPOLL|SIGPWR|SIGSYS]}, 0x7ffc2ee87b80, 8
0
SYSCALL
analyzed_bin
rt_sigaction
112
SIGCONT, {0x4ad3fb, SA_RESTART|SA_RESTORER, 0x5f4336, [SIGHUP|SIGINT|SIGQUIT|SIGILL|SIGTRAP|SIGABRT|SIGBUS|SIGFPE|SIGKILL|SIGUSR1|SIGSEGV|SIGPIPE|SIGUSR2|SIGALRM|SIGTERM|SIGCHLD|SIGCONT|SIGSTOP|SIGTSTP|SIGTTIN|SIGTTOU|SIGURG|SIGXCPU|SIGXFSZ|SIGVTALRM|SIGPROF|SIGWINCH|SIGIO/SIGPOLL|SIGPWR|SIGSYS]}, 0x7ffc2ee87b80, 8
0
SYSCALL
analyzed_bin
rt_sigaction
112
SIGTERM, {0x4ad3fb, SA_RESTART|SA_RESTORER, 0x5f4336, [SIGHUP|SIGINT|SIGQUIT|SIGILL|SIGTRAP|SIGABRT|SIGBUS|SIGFPE|SIGKILL|SIGUSR1|SIGSEGV|SIGPIPE|SIGUSR2|SIGALRM|SIGTERM|SIGCHLD|SIGCONT|SIGSTOP|SIGTSTP|SIGTTIN|SIGTTOU|SIGURG|SIGXCPU|SIGXFSZ|SIGVTALRM|SIGPROF|SIGWINCH|SIGIO/SIGPOLL|SIGPWR|SIGSYS]}, 0x7ffc2ee87b80, 8
0
SYSCALL
analyzed_bin
rt_sigaction
112
SIGUSR1, {0x4ad3fb, SA_RESTART|SA_RESTORER, 0x5f4336, [SIGHUP|SIGINT|SIGQUIT|SIGILL|SIGTRAP|SIGABRT|SIGBUS|SIGFPE|SIGKILL|SIGUSR1|SIGSEGV|SIGPIPE|SIGUSR2|SIGALRM|SIGTERM|SIGCHLD|SIGCONT|SIGSTOP|SIGTSTP|SIGTTIN|SIGTTOU|SIGURG|SIGXCPU|SIGXFSZ|SIGVTALRM|SIGPROF|SIGWINCH|SIGIO/SIGPOLL|SIGPWR|SIGSYS]}, 0x7ffc2ee87b80, 8
0
SYSCALL
analyzed_bin
rt_sigaction
112
SIGWINCH, {0x4ad3fb, SA_RESTART|SA_RESTORER, 0x5f4336, [SIGHUP|SIGINT|SIGQUIT|SIGILL|SIGTRAP|SIGABRT|SIGBUS|SIGFPE|SIGKILL|SIGUSR1|SIGSEGV|SIGPIPE|SIGUSR2|SIGALRM|SIGTERM|SIGCHLD|SIGCONT|SIGSTOP|SIGTSTP|SIGTTIN|SIGTTOU|SIGURG|SIGXCPU|SIGXFSZ|SIGVTALRM|SIGPROF|SIGWINCH|SIGIO/SIGPOLL|SIGPWR|SIGSYS]}, 0x7ffc2ee87b80, 8
0
SYSCALL
analyzed_bin
close
112
7
0
SYSCALL
analyzed_bin
brk
112
0x711000
7409664
SYSCALL
analyzed_bin
brk
112
0x712000
7413760
SYSCALL
analyzed_bin
brk
112
0x713000
7417856
SYSCALL
analyzed_bin
brk
112
0x714000
7421952
SYSCALL
analyzed_bin
brk
112
0x715000
7426048
SYSCALL
analyzed_bin
brk
112
0x716000
7430144
SYSCALL
analyzed_bin
brk
112
0x717000
7434240
SYSCALL
analyzed_bin
brk
112
0x718000
7438336
SYSCALL
analyzed_bin
brk
112
0x71a000
7446528
SYSCALL
analyzed_bin
brk
112
0x71b000
7450624
SYSCALL
analyzed_bin
brk
112
0x71c000
7454720
SYSCALL
analyzed_bin
brk
112
0x71d000
7458816
SYSCALL
analyzed_bin
brk
112
0x71e000
7462912
SYSCALL
analyzed_bin
epoll_ctl
108
3, EPOLL_CTL_ADD, 7, 0x7ffc2ee87e2c
0
SYSCALL
analyzed_bin
epoll_ctl
108
3, EPOLL_CTL_DEL, 7, 0x7ffc2ee87e5c
0
SYSCALL
analyzed_bin
epoll_ctl
108
3, EPOLL_CTL_ADD, 7, 0x7ffc2ee87e2c
0
SYSCALL
analyzed_bin
epoll_ctl
108
3, EPOLL_CTL_DEL, 7, 0x7ffc2ee87e5c
0
SYSCALL
analyzed_bin
epoll_ctl
108
3, EPOLL_CTL_ADD, 7, 0x7ffc2ee87e2c
0
SYSCALL
analyzed_bin
epoll_ctl
108
3, EPOLL_CTL_DEL, 7, 0x7ffc2ee87e5c
0
SYSCALL
analyzed_bin
epoll_ctl
108
3, EPOLL_CTL_ADD, 7, 0x7ffc2ee87e2c
0
SYSCALL
analyzed_bin
epoll_ctl
108
3, EPOLL_CTL_DEL, 7, 0x7ffc2ee87e5c
0
SYSCALL
analyzed_bin
epoll_ctl
108
3, EPOLL_CTL_ADD, 7, 0x7ffc2ee87e2c
0
SYSCALL
analyzed_bin
epoll_ctl
108
3, EPOLL_CTL_DEL, 7, 0x7ffc2ee87e5c
0
SYSCALL
analyzed_bin
epoll_ctl
108
3, EPOLL_CTL_ADD, 7, 0x7ffc2ee87e2c
0
SYSCALL
analyzed_bin
epoll_ctl
108
3, EPOLL_CTL_DEL, 7, 0x7ffc2ee87e5c
0
SYSCALL
analyzed_bin
epoll_ctl
108
3, EPOLL_CTL_ADD, 7, 0x7ffc2ee87e2c
0
SYSCALL
analyzed_bin
epoll_ctl
108
3, EPOLL_CTL_DEL, 7, 0x7ffc2ee87e5c
0
SYSCALL
analyzed_bin
epoll_ctl
108
3, EPOLL_CTL_ADD, 7, 0x7ffc2ee87e2c
0
SYSCALL
analyzed_bin
epoll_ctl
108
3, EPOLL_CTL_DEL, 7, 0x7ffc2ee87e5c
0
SYSCALL
analyzed_bin
epoll_ctl
108
3, EPOLL_CTL_ADD, 7, 0x7ffc2ee87e2c
0
SYSCALL
analyzed_bin
epoll_pwait
108
3, 0x70f1e0, 32, -1, 0x0, 8
2
SYSCALL
analyzed_bin
read
108
4, 0x700e20, 1024
2
SYSCALL
analyzed_bin
read
108
4, 0x700e20, 1024
-11 (EAGAIN)
SYSCALL
analyzed_bin
epoll_ctl
108
3, EPOLL_CTL_DEL, 7, 0x7ffc2ee87dfc
0
SYSCALL
analyzed_bin
sendmsg
108
7, 0x7ffc2ee83918, 0x0
97
SYSCALL
analyzed_bin
close
108
6
0
SYSCALL
analyzed_bin
epoll_ctl
108
3, EPOLL_CTL_ADD, 7, 0x7ffc2ee87cbc
0
SYSCALL
analyzed_bin
wait4
108
-1, 0x7ffc2ee87e3c, WNOHANG, 0x0
110
SYSCALL
analyzed_bin
wait4
108
-1, 0x7ffc2ee87e3c, WNOHANG, 0x0
-10 (ECHILD)
SYSCALL
analyzed_bin
epoll_pwait
108
3, 0x70f1e0, 32, -1, 0x0, 8
1
SYSCALL
analyzed_bin
epoll_ctl
108
3, EPOLL_CTL_DEL, 7, 0x7ffc2ee87dfc
0
SYSCALL
analyzed_bin
sendmsg
108
7, 0x7ffc2ee83918, 0x0
456
SYSCALL
analyzed_bin
epoll_ctl
108
3, EPOLL_CTL_ADD, 7, 0x7ffc2ee87cbc
0
SYSCALL
analyzed_bin
brk
112
0x71f000
7467008
SYSCALL
analyzed_bin
brk
112
0x720000
7471104
SYSCALL
analyzed_bin
brk
112
0x721000
7475200
SYSCALL
analyzed_bin
brk
112
0x722000
7479296
SYSCALL
analyzed_bin
brk
112
0x723000
7483392
SYSCALL
analyzed_bin
brk
112
0x724000
7487488
SYSCALL
analyzed_bin
brk
112
0x725000
7491584
SYSCALL
analyzed_bin
brk
112
0x727000
7499776
SYSCALL
analyzed_bin
unlink
112
"/tmp/tmate-0/adKBMH"
-2 (ENOENT)
SYSCALL
analyzed_bin
socket
112
PF_LOCAL, SOCK_STREAM, 0
7
SYSCALL
analyzed_bin
umask
112
0117
022
SYSCALL
analyzed_bin
bind
112
7, {AF_UNIX, "/tmp/tmate-0/adKBMH"}, 110
0
SYSCALL
analyzed_bin
umask
112
022
0117
SYSCALL
analyzed_bin
listen
112
7, 16
0
SYSCALL
analyzed_bin
fcntl
112
7, F_GETFL, 0x4f
2
SYSCALL
analyzed_bin
fcntl
112
7, F_SETFL, 0x802
0
SYSCALL
analyzed_bin
stat
112
"/tmp/tmate-0/adKBMH", 0x7ffc2ee87f50
0
SYSCALL
analyzed_bin
chmod
112
"/tmp/tmate-0/adKBMH", 0140660
0
SYSCALL
analyzed_bin
fcntl
112
8, F_GETFL, 0x0
2
SYSCALL
analyzed_bin
fcntl
112
8, F_SETFL, 0x802
0
SYSCALL
analyzed_bin
brk
112
0x738000
7569408
SYSCALL
analyzed_bin
getpid
112

112
SYSCALL
analyzed_bin
epoll_ctl
112
3, EPOLL_CTL_ADD, 8, 0x7ffc2ee87e4c
0
SYSCALL
analyzed_bin
unlink
112
"/tmp/tmate-0/adKBMH.lock"
0
SYSCALL
analyzed_bin
close
112
6
0
SYSCALL
analyzed_bin
access
112
"/etc/tmux.conf", R_OK
-2 (ENOENT)
SYSCALL
analyzed_bin
access
112
"/root/.tmate.conf", R_OK
-2 (ENOENT)
SYSCALL
analyzed_bin
uname
112
0x7ffc2ee87d20
0
OPENFILE
"/dev/srandom"
SYSCALL
analyzed_bin
open
112
"/dev/srandom", O_RDONLY|O_CLOEXEC
-2 (ENOENT)
OPENFILE
"/dev/srandom"
SYSCALL
analyzed_bin
open
112
"/dev/srandom", O_RDONLY
-2 (ENOENT)
OPENFILE
"/dev/urandom"
SYSCALL
analyzed_bin
open
112
"/dev/urandom", O_RDONLY|O_CLOEXEC
6
SYSCALL
analyzed_bin
fcntl
112
6, F_SETFD, 0x1
0
SYSCALL
analyzed_bin
read
112
6, 0x7ffc2ee87cd8, 32
32
SYSCALL
analyzed_bin
close
112
6
0
OPENFILE
"/proc/sys/kernel/random/uuid"
SYSCALL
analyzed_bin
open
112
"/proc/sys/kernel/random/uuid", O_RDONLY|O_CLOEXEC
6
SYSCALL
analyzed_bin
fcntl
112
6, F_SETFD, 0x1
0
SYSCALL
analyzed_bin
read
112
6, 0x7ffc2ee87d78, 128
37
SYSCALL
analyzed_bin
close
112
6
0
OPENFILE
"/proc/sys/kernel/random/uuid"
SYSCALL
analyzed_bin
open
112
"/proc/sys/kernel/random/uuid", O_RDONLY|O_CLOEXEC
6
SYSCALL
analyzed_bin
fcntl
112
6, F_SETFD, 0x1
0
SYSCALL
analyzed_bin
read
112
6, 0x7ffc2ee87d78, 128
37
SYSCALL
analyzed_bin
close
112
6
0
OPENFILE
"/etc/hosts"
SYSCALL
analyzed_bin
open
112
"/etc/hosts", O_RDONLY|O_CLOEXEC
6
SYSCALL
analyzed_bin
fcntl
112
6, F_SETFD, 0x1
0
SYSCALL
analyzed_bin
fstat
112
6, 0x7ffc2ee87c98
0
SYSCALL
analyzed_bin
read
112
6, 0x736480, 42
42
SYSCALL
analyzed_bin
close
112
6
0
OPENFILE
"/etc/resolv.conf"
SYSCALL
analyzed_bin
open
112
"/etc/resolv.conf", O_RDONLY|O_CLOEXEC
6
SYSCALL
analyzed_bin
fcntl
112
6, F_SETFD, 0x1
0
SYSCALL
analyzed_bin
fstat
112
6, 0x7ffc2ee87d18
0
SYSCALL
analyzed_bin
read
112
6, 0x736480, 27
27
SYSCALL
analyzed_bin
close
112
6
0
SYSCALL
analyzed_bin
socket
112
PF_INET, SOCK_DGRAM|SOCK_CLOEXEC|SOCK_NONBLOCK, IPPROTO_IP
6
SYSCALL
analyzed_bin
epoll_ctl
112
3, EPOLL_CTL_ADD, 6, 0x7ffc2ee87acc
0
SYSCALL
analyzed_bin
uname
112
0x7ffc2ee87b1a
0
SYSCALL
analyzed_bin
socket
112
PF_NETLINK, SOCK_RAW|SOCK_CLOEXEC, 0
9
SYSCALL
analyzed_bin
sendto
112
9, "\024\0\0\0\022\0\001\003\001\0\0\0\0\0\0\0\0\0\0", 20, 0x0, NULL, 0
20
SYSCALL
analyzed_bin
recvfrom
112
9, 0x7ffc2ee85a60, 8192, MSG_DONTWAIT, 0x0, 0x0
2584
SYSCALL
analyzed_bin
recvfrom
112
9, 0x7ffc2ee85a60, 8192, MSG_DONTWAIT, 0x0, 0x0
1412
SYSCALL
analyzed_bin
recvfrom
112
9, 0x7ffc2ee85a60, 8192, MSG_DONTWAIT, 0x0, 0x0
20
SYSCALL
analyzed_bin
sendto
112
9, "\024\0\0\0\026\0\001\003\002\0\0\0\0\0\0\0\0\0\0", 20, 0x0, NULL, 0
20
SYSCALL
analyzed_bin
recvfrom
112
9, 0x7ffc2ee85a60, 8192, MSG_DONTWAIT, 0x0, 0x0
164
SYSCALL
analyzed_bin
recvfrom
112
9, 0x7ffc2ee85a60, 8192, MSG_DONTWAIT, 0x0, 0x0
72
SYSCALL
analyzed_bin
recvfrom
112
9, 0x7ffc2ee85a60, 8192, MSG_DONTWAIT, 0x0, 0x0
20
SYSCALL
analyzed_bin
close
112
9
0
SYSCALL
analyzed_bin
getpid
112

112
OPENFILE
"/dev/srandom"
SYSCALL
analyzed_bin
open
112
"/dev/srandom", O_RDONLY|O_CLOEXEC
-2 (ENOENT)
OPENFILE
"/dev/srandom"
SYSCALL
analyzed_bin
open
112
"/dev/srandom", O_RDONLY
-2 (ENOENT)
OPENFILE
"/dev/urandom"
SYSCALL
analyzed_bin
open
112
"/dev/urandom", O_RDONLY|O_CLOEXEC
9
SYSCALL
analyzed_bin
fcntl
112
9, F_SETFD, 0x1
0
SYSCALL
analyzed_bin
read
112
9, 0x7ffc2ee879b8, 32
32
SYSCALL
analyzed_bin
close
112
9
0
OPENFILE
"/proc/sys/kernel/random/uuid"
SYSCALL
analyzed_bin
open
112
"/proc/sys/kernel/random/uuid", O_RDONLY|O_CLOEXEC
9
SYSCALL
analyzed_bin
fcntl
112
9, F_SETFD, 0x1
0
SYSCALL
analyzed_bin
read
112
9, 0x7ffc2ee87a58, 128
37
SYSCALL
analyzed_bin
close
112
9
0
OPENFILE
"/proc/sys/kernel/random/uuid"
SYSCALL
analyzed_bin
open
112
"/proc/sys/kernel/random/uuid", O_RDONLY|O_CLOEXEC
9
SYSCALL
analyzed_bin
fcntl
112
9, F_SETFD, 0x1
0
SYSCALL
analyzed_bin
read
112
9, 0x7ffc2ee87a58, 128
37
SYSCALL
analyzed_bin
close
112
9
0
SYSCALL
analyzed_bin
getpid
112

112
SYSCALL
analyzed_bin
sendto
112
6, "\357\251\001\0\0\001\0\0\0\0\0\0\003ssh\005Tm"..., 30, 0x0, {AF_INET, 10.0.2.3, 53}, 16
30
SYSCALL
analyzed_bin
epoll_ctl
112
3, EPOLL_CTL_ADD, 7, 0x7ffc2ee87e6c
0
SYSCALL
analyzed_bin
epoll_pwait
112
3, 0x70f1a0, 32, 0, 0x0, 8
1
SYSCALL
analyzed_bin
epoll_ctl
112
3, EPOLL_CTL_DEL, 8, 0x7ffc2ee87dfc
0
SYSCALL
analyzed_bin
socket
112
PF_INET, SOCK_DGRAM, IPPROTO_IP
9
SYSCALL
analyzed_bin
socket
112
PF_INET, SOCK_DGRAM, IPPROTO_IP
10
SYSCALL
analyzed_bin
close
112
9
0
SYSCALL
analyzed_bin
close
112
10
0
SYSCALL
analyzed_bin
recvmsg
112
8, 0x7ffc2ee87dd8, 0x0
97
SYSCALL
analyzed_bin
access
112
"/root", X_OK
0
SYSCALL
analyzed_bin
epoll_ctl
112
3, EPOLL_CTL_ADD, 8, 0x7ffc2ee87cbc
0
SYSCALL
analyzed_bin
epoll_pwait
112
3, 0x70f1a0, 32, 5000, 0x0, 8
1
SYSCALL
analyzed_bin
epoll_ctl
112
3, EPOLL_CTL_DEL, 8, 0x7ffc2ee87dfc
0
SYSCALL
analyzed_bin
socket
112
PF_INET, SOCK_DGRAM, IPPROTO_IP
10
SYSCALL
analyzed_bin
socket
112
PF_INET, SOCK_DGRAM, IPPROTO_IP
11
SYSCALL
analyzed_bin
close
112
10
0
SYSCALL
analyzed_bin
close
112
11
0
SYSCALL
analyzed_bin
recvmsg
112
8, 0x7ffc2ee87dd8, 0x0
456
SYSCALL
analyzed_bin
ioctl
112
9, 21523, 0x7ffc2ee87988
-25 (ENOTTY)
SYSCALL
analyzed_bin
close
112
9
0
SYSCALL
analyzed_bin
epoll_ctl
112
3, EPOLL_CTL_ADD, 8, 0x7ffc2ee86fbc
0
SYSCALL
analyzed_bin
epoll_ctl
112
3, EPOLL_CTL_DEL, 8, 0x7ffc2ee87cec
0
SYSCALL
analyzed_bin
epoll_ctl
112
3, EPOLL_CTL_ADD, 8, 0x7ffc2ee87cbc
0
SYSCALL
analyzed_bin
epoll_ctl
112
3, EPOLL_CTL_DEL, 8, 0x7ffc2ee87d3c
0
SYSCALL
analyzed_bin
epoll_ctl
112
3, EPOLL_CTL_ADD, 8, 0x7ffc2ee87d0c
0
SYSCALL
analyzed_bin
epoll_pwait
112
3, 0x70f1a0, 32, 4976, 0x0, 8
1
SYSCALL
analyzed_bin
epoll_ctl
112
3, EPOLL_CTL_DEL, 8, 0x7ffc2ee87dfc
0
SYSCALL
analyzed_bin
sendmsg
112
8, 0x7ffc2ee83918, 0x0
1068
SYSCALL
analyzed_bin
epoll_pwait
108
3, 0x70f1e0, 32, -1, 0x0, 8
1
SYSCALL
analyzed_bin
epoll_ctl
108
3, EPOLL_CTL_DEL, 7, 0x7ffc2ee87dfc
0
SYSCALL
analyzed_bin
socket
108
PF_INET, SOCK_DGRAM, IPPROTO_IP
6
SYSCALL
analyzed_bin
socket
108
PF_INET, SOCK_DGRAM, IPPROTO_IP
8
SYSCALL
analyzed_bin
close
108
6
0
SYSCALL
analyzed_bin
close
108
8
0
SYSCALL
analyzed_bin
recvmsg
108
7, 0x7ffc2ee87dd8, 0x0
1068
SYSCALL
analyzed_bin
write
108
2, "open terminal failed: not a terminal\n", 37
37
SYSCALL
analyzed_bin
epoll_ctl
108
3, EPOLL_CTL_ADD, 7, 0x7ffc2ee87cbc
0
SYSCALL
analyzed_bin
fcntl
108
0, F_GETFL, 0x70f3e0
34816
SYSCALL
analyzed_bin
fcntl
108
0, F_SETFL, 0x8000
0
SYSCALL
analyzed_bin
exit_group
108
1

SYSCALL
analyzed_bin
epoll_ctl
112
3, EPOLL_CTL_ADD, 8, 0x7ffc2ee87cbc
0
SYSCALL
analyzed_bin
epoll_pwait
112
3, 0x70f1a0, 32, 4968, 0x0, 8
1
SYSCALL
analyzed_bin
epoll_ctl
112
3, EPOLL_CTL_DEL, 8, 0x7ffc2ee87dfc
0
SYSCALL
analyzed_bin
socket
112
PF_INET, SOCK_DGRAM, IPPROTO_IP
9
SYSCALL
analyzed_bin
socket
112
PF_INET, SOCK_DGRAM, IPPROTO_IP
10
SYSCALL
analyzed_bin
close
112
9
0
SYSCALL
analyzed_bin
close
112
10
0
SYSCALL
analyzed_bin
recvmsg
112
8, 0x7ffc2ee87dd8, 0x0
0
SYSCALL
analyzed_bin
close
112
8
0
SYSCALL
analyzed_bin
epoll_ctl
112
3, EPOLL_CTL_DEL, 7, 0x7ffc2ee8782c
0
SYSCALL
analyzed_bin
epoll_ctl
112
3, EPOLL_CTL_ADD, 7, 0x7ffc2ee877dc
0
SYSCALL
analyzed_bin
unlink
112
"/tmp/tmate-0/adKBMH"
0
SYSCALL
analyzed_bin
exit_group
112
0

