51950 execve("./a.out", ["./a.out", "5000"], 0x7ffc6eca0e70 /* 48 vars */) = 0
51950 brk(NULL)                         = 0x55671b5c6000
51950 arch_prctl(0x3001 /* ARCH_??? */, 0x7ffdd3714120) = -1 EINVAL (Invalid argument)
51950 access("/etc/ld.so.preload", R_OK) = -1 ENOENT (No such file or directory)
51950 openat(AT_FDCWD, "/etc/ld.so.cache", O_RDONLY|O_CLOEXEC) = 3
51950 fstat(3, {st_mode=S_IFREG|0644, st_size=73638, ...}) = 0
51950 mmap(NULL, 73638, PROT_READ, MAP_PRIVATE, 3, 0) = 0x7f5555eec000
51950 close(3)                          = 0
51950 openat(AT_FDCWD, "/lib/x86_64-linux-gnu/libc.so.6", O_RDONLY|O_CLOEXEC) = 3
51950 read(3, "\177ELF\2\1\1\3\0\0\0\0\0\0\0\0\3\0>\0\1\0\0\0\300A\2\0\0\0\0\0"..., 832) = 832
51950 pread64(3, "\6\0\0\0\4\0\0\0@\0\0\0\0\0\0\0@\0\0\0\0\0\0\0@\0\0\0\0\0\0\0"..., 784, 64) = 784
51950 pread64(3, "\4\0\0\0\20\0\0\0\5\0\0\0GNU\0\2\0\0\300\4\0\0\0\3\0\0\0\0\0\0\0", 32, 848) = 32
51950 pread64(3, "\4\0\0\0\24\0\0\0\3\0\0\0GNU\0\30x\346\264ur\f|Q\226\236i\253-'o"..., 68, 880) = 68
51950 fstat(3, {st_mode=S_IFREG|0755, st_size=2029592, ...}) = 0
51950 mmap(NULL, 8192, PROT_READ|PROT_WRITE, MAP_PRIVATE|MAP_ANONYMOUS, -1, 0) = 0x7f5555eea000
51950 pread64(3, "\6\0\0\0\4\0\0\0@\0\0\0\0\0\0\0@\0\0\0\0\0\0\0@\0\0\0\0\0\0\0"..., 784, 64) = 784
51950 pread64(3, "\4\0\0\0\20\0\0\0\5\0\0\0GNU\0\2\0\0\300\4\0\0\0\3\0\0\0\0\0\0\0", 32, 848) = 32
51950 pread64(3, "\4\0\0\0\24\0\0\0\3\0\0\0GNU\0\30x\346\264ur\f|Q\226\236i\253-'o"..., 68, 880) = 68
51950 mmap(NULL, 2037344, PROT_READ, MAP_PRIVATE|MAP_DENYWRITE, 3, 0) = 0x7f5555cf8000
51950 mmap(0x7f5555d1a000, 1540096, PROT_READ|PROT_EXEC, MAP_PRIVATE|MAP_FIXED|MAP_DENYWRITE, 3, 0x22000) = 0x7f5555d1a000
51950 mmap(0x7f5555e92000, 319488, PROT_READ, MAP_PRIVATE|MAP_FIXED|MAP_DENYWRITE, 3, 0x19a000) = 0x7f5555e92000
51950 mmap(0x7f5555ee0000, 24576, PROT_READ|PROT_WRITE, MAP_PRIVATE|MAP_FIXED|MAP_DENYWRITE, 3, 0x1e7000) = 0x7f5555ee0000
51950 mmap(0x7f5555ee6000, 13920, PROT_READ|PROT_WRITE, MAP_PRIVATE|MAP_FIXED|MAP_ANONYMOUS, -1, 0) = 0x7f5555ee6000
51950 close(3)                          = 0
51950 arch_prctl(ARCH_SET_FS, 0x7f5555eeb540) = 0
51950 mprotect(0x7f5555ee0000, 16384, PROT_READ) = 0
51950 mprotect(0x55671acf5000, 4096, PROT_READ) = 0
51950 mprotect(0x7f5555f2b000, 4096, PROT_READ) = 0
51950 munmap(0x7f5555eec000, 73638)     = 0
51950 socket(AF_INET, SOCK_STREAM, IPPROTO_IP) = 3
51950 bind(3, {sa_family=AF_INET, sin_port=htons(5000), sin_addr=inet_addr("0.0.0.0")}, 16) = 0
51950 listen(3, 5)                      = 0
51950 accept(3, {sa_family=AF_INET, sin_port=htons(34892), sin_addr=inet_addr("127.0.0.1")}, [16]) = 4
51950 read(4, "This is the first time\r\n", 100) = 24
51950 fstat(1, {st_mode=S_IFCHR|0620, st_rdev=makedev(0x88, 0x3), ...}) = 0
51950 brk(NULL)                         = 0x55671b5c6000
51950 brk(0x55671b5e7000)               = 0x55671b5e7000
51950 write(1, "\n", 1)                 = 1
51950 write(1, "Received Message is This is the "..., 44) = 44
51950 write(4, "Message Received", 16)  = 16
51950 exit_group(0)                     = ?
51950 +++ exited with 0 +++
