LISA
PROCESS
108:105
SYSCALL
analyzed_bin
execve
108

0
SYSCALL
analyzed_bin
brk
108
0x0
94401603526656
SYSCALL
analyzed_bin
access
108
0x7f746ae41ad0, R_OK
-2 (ENOENT)
OPENFILE
"/etc/ld.so.cache"
SYSCALL
analyzed_bin
openat
108
AT_FDCWD, "/etc/ld.so.cache", O_RDONLY|O_CLOEXEC
-2 (ENOENT)
OPENFILE
"/lib64/tls/x86_64/x86_64/libpthread.so.0"
SYSCALL
analyzed_bin
openat
108
AT_FDCWD, "/lib64/tls/x86_64/x86_64/libpthread.so.0", O_RDONLY|O_CLOEXEC
-2 (ENOENT)
SYSCALL
analyzed_bin
stat
108
"/lib64/tls/x86_64/x86_64", 0x7ffc977c1150
-2 (ENOENT)
OPENFILE
"/lib64/tls/x86_64/libpthread.so.0"
SYSCALL
analyzed_bin
openat
108
AT_FDCWD, "/lib64/tls/x86_64/libpthread.so.0", O_RDONLY|O_CLOEXEC
-2 (ENOENT)
SYSCALL
analyzed_bin
stat
108
"/lib64/tls/x86_64", 0x7ffc977c1150
-2 (ENOENT)
OPENFILE
"/lib64/tls/x86_64/libpthread.so.0"
SYSCALL
analyzed_bin
openat
108
AT_FDCWD, "/lib64/tls/x86_64/libpthread.so.0", O_RDONLY|O_CLOEXEC
-2 (ENOENT)
SYSCALL
analyzed_bin
stat
108
"/lib64/tls/x86_64", 0x7ffc977c1150
-2 (ENOENT)
OPENFILE
"/lib64/tls/libpthread.so.0"
SYSCALL
analyzed_bin
openat
108
AT_FDCWD, "/lib64/tls/libpthread.so.0", O_RDONLY|O_CLOEXEC
-2 (ENOENT)
SYSCALL
analyzed_bin
stat
108
"/lib64/tls", 0x7ffc977c1150
-2 (ENOENT)
OPENFILE
"/lib64/x86_64/x86_64/libpthread.so.0"
SYSCALL
analyzed_bin
openat
108
AT_FDCWD, "/lib64/x86_64/x86_64/libpthread.so.0", O_RDONLY|O_CLOEXEC
-2 (ENOENT)
SYSCALL
analyzed_bin
stat
108
"/lib64/x86_64/x86_64", 0x7ffc977c1150
-2 (ENOENT)
OPENFILE
"/lib64/x86_64/libpthread.so.0"
SYSCALL
analyzed_bin
openat
108
AT_FDCWD, "/lib64/x86_64/libpthread.so.0", O_RDONLY|O_CLOEXEC
-2 (ENOENT)
SYSCALL
analyzed_bin
stat
108
"/lib64/x86_64", 0x7ffc977c1150
-2 (ENOENT)
OPENFILE
"/lib64/x86_64/libpthread.so.0"
SYSCALL
analyzed_bin
openat
108
AT_FDCWD, "/lib64/x86_64/libpthread.so.0", O_RDONLY|O_CLOEXEC
-2 (ENOENT)
SYSCALL
analyzed_bin
stat
108
"/lib64/x86_64", 0x7ffc977c1150
-2 (ENOENT)
OPENFILE
"/lib64/libpthread.so.0"
SYSCALL
analyzed_bin
openat
108
AT_FDCWD, "/lib64/libpthread.so.0", O_RDONLY|O_CLOEXEC
3
SYSCALL
analyzed_bin
read
108
3, 0x7ffc977c12b8, 832
832
SYSCALL
analyzed_bin
fstat
108
3, 0x7ffc977c1150
0
SYSCALL
analyzed_bin
mmap2
108
0x0, 8192, PROT_READ|PROT_WRITE, MAP_PRIVATE|MAP_ANONYMOUS, -1, 0
0x7f746b043000
SYSCALL
analyzed_bin
mmap2
108
0x0, 2221216, PROT_READ|PROT_EXEC, MAP_PRIVATE|MAP_DENYWRITE, 3, 0
0x7f746ac00000
SYSCALL
analyzed_bin
mprotect
108
0x7f746ac1a000, 2093056, PROT_NONE
0
SYSCALL
analyzed_bin
mmap2
108
0x7f746ae19000, 8192, PROT_READ|PROT_WRITE, MAP_PRIVATE|MAP_FIXED|MAP_DENYWRITE, 3, 102400
0x7f746ae19000
SYSCALL
analyzed_bin
mmap2
108
0x7f746ae1b000, 13472, PROT_READ|PROT_WRITE, MAP_PRIVATE|MAP_FIXED|MAP_ANONYMOUS, -1, 0
0x7f746ae1b000
SYSCALL
analyzed_bin
close
108
3
0
OPENFILE
"/lib64/librt.so.1"
SYSCALL
analyzed_bin
openat
108
AT_FDCWD, "/lib64/librt.so.1", O_RDONLY|O_CLOEXEC
3
SYSCALL
analyzed_bin
read
108
3, 0x7ffc977c1288, 832
832
SYSCALL
analyzed_bin
fstat
108
3, 0x7ffc977c1120
0
SYSCALL
analyzed_bin
mmap2
108
0x0, 2128864, PROT_READ|PROT_EXEC, MAP_PRIVATE|MAP_DENYWRITE, 3, 0
0x7f746a9f8000
SYSCALL
analyzed_bin
mprotect
108
0x7f746a9ff000, 2093056, PROT_NONE
0
SYSCALL
analyzed_bin
mmap2
108
0x7f746abfe000, 8192, PROT_READ|PROT_WRITE, MAP_PRIVATE|MAP_FIXED|MAP_DENYWRITE, 3, 24576
0x7f746abfe000
SYSCALL
analyzed_bin
close
108
3
0
OPENFILE
"/lib64/libdl.so.2"
SYSCALL
analyzed_bin
openat
108
AT_FDCWD, "/lib64/libdl.so.2", O_RDONLY|O_CLOEXEC
3
SYSCALL
analyzed_bin
read
108
3, 0x7ffc977c1258, 832
832
SYSCALL
analyzed_bin
fstat
108
3, 0x7ffc977c10f0
0
SYSCALL
analyzed_bin
mmap2
108
0x0, 2109680, PROT_READ|PROT_EXEC, MAP_PRIVATE|MAP_DENYWRITE, 3, 0
0x7f746a7f4000
SYSCALL
analyzed_bin
mprotect
108
0x7f746a7f7000, 2093056, PROT_NONE
0
SYSCALL
analyzed_bin
mmap2
108
0x7f746a9f6000, 8192, PROT_READ|PROT_WRITE, MAP_PRIVATE|MAP_FIXED|MAP_DENYWRITE, 3, 8192
0x7f746a9f6000
SYSCALL
analyzed_bin
close
108
3
0
OPENFILE
"/lib64/libm.so.6"
SYSCALL
analyzed_bin
openat
108
AT_FDCWD, "/lib64/libm.so.6", O_RDONLY|O_CLOEXEC
3
SYSCALL
analyzed_bin
read
108
3, 0x7ffc977c1228, 832
832
SYSCALL
analyzed_bin
fstat
108
3, 0x7ffc977c10c0
0
SYSCALL
analyzed_bin
mmap2
108
0x0, 3653968, PROT_READ|PROT_EXEC, MAP_PRIVATE|MAP_DENYWRITE, 3, 0
0x7f746a477000
SYSCALL
analyzed_bin
mprotect
108
0x7f746a5f3000, 2093056, PROT_NONE
0
SYSCALL
analyzed_bin
mmap2
108
0x7f746a7f2000, 8192, PROT_READ|PROT_WRITE, MAP_PRIVATE|MAP_FIXED|MAP_DENYWRITE, 3, 1552384
0x7f746a7f2000
SYSCALL
analyzed_bin
close
108
3
0
OPENFILE
"/lib64/libc.so.6"
SYSCALL
analyzed_bin
openat
108
AT_FDCWD, "/lib64/libc.so.6", O_RDONLY|O_CLOEXEC
3
SYSCALL
analyzed_bin
read
108
3, 0x7ffc977c11f8, 832
832
SYSCALL
analyzed_bin
fstat
108
3, 0x7ffc977c1090
0
SYSCALL
analyzed_bin
mmap2
108
0x0, 3885056, PROT_READ|PROT_EXEC, MAP_PRIVATE|MAP_DENYWRITE, 3, 0
0x7f746a0c2000
SYSCALL
analyzed_bin
mprotect
108
0x7f746a26e000, 2093056, PROT_NONE
0
SYSCALL
analyzed_bin
mmap2
108
0x7f746a46d000, 24576, PROT_READ|PROT_WRITE, MAP_PRIVATE|MAP_FIXED|MAP_DENYWRITE, 3, 1748992
0x7f746a46d000
SYSCALL
analyzed_bin
mmap2
108
0x7f746a473000, 14336, PROT_READ|PROT_WRITE, MAP_PRIVATE|MAP_FIXED|MAP_ANONYMOUS, -1, 0
0x7f746a473000
SYSCALL
analyzed_bin
close
108
3
0
SYSCALL
analyzed_bin
mmap2
108
0x0, 8192, PROT_READ|PROT_WRITE, MAP_PRIVATE|MAP_ANONYMOUS, -1, 0
0x7f746b041000
SYSCALL
analyzed_bin
arch_prctl
108
ARCH_SET_FS, 140137988366720
0
SYSCALL
analyzed_bin
mprotect
108
0x7f746a46d000, 16384, PROT_READ
0
SYSCALL
analyzed_bin
mprotect
108
0x7f746a7f2000, 4096, PROT_READ
0
SYSCALL
analyzed_bin
mprotect
108
0x7f746a9f6000, 4096, PROT_READ
0
SYSCALL
analyzed_bin
mprotect
108
0x7f746ae19000, 4096, PROT_READ
0
SYSCALL
analyzed_bin
mprotect
108
0x7f746abfe000, 4096, PROT_READ
0
SYSCALL
analyzed_bin
mprotect
108
0x55db95fcf000, 241664, PROT_READ
0
SYSCALL
analyzed_bin
mprotect
108
0x7f746b045000, 4096, PROT_READ
0
SYSCALL
analyzed_bin
set_tid_address
108
0x7f746b042450
108
SYSCALL
analyzed_bin
set_robust_list
108
0x7f746b042460, 24
0
SYSCALL
analyzed_bin
rt_sigaction
108
0x20, {0x7f746ac062e0, SA_SIGINFO|SA_RESTORER, 0x7f746ac11fe0, [EMPTY]}, 0x0, 8
0
SYSCALL
analyzed_bin
rt_sigaction
108
0x21, {0x7f746ac06380, SA_RESTART|SA_SIGINFO|SA_RESTORER, 0x7f746ac11fe0, [EMPTY]}, 0x0, 8
0
SYSCALL
analyzed_bin
rt_sigprocmask
108
SIG_UNBLOCK, [EMPTY], 0x0, 8
0
SYSCALL
analyzed_bin
prlimit64
108
0, RLIMIT_STACK, NULL, 0x7ffc977c1e70
0
SYSCALL
analyzed_bin
brk
108
0x0
94401603526656
SYSCALL
analyzed_bin
brk
108
0x55db960d7000
94401603661824
OPENFILE
"/dev/urandom"
SYSCALL
analyzed_bin
openat
108
AT_FDCWD, "/dev/urandom", O_RDONLY
3
SYSCALL
analyzed_bin
read
108
3, 0x7ffc977c1e34, 4
4
SYSCALL
analyzed_bin
mmap2
108
0x0, 81920, PROT_READ|PROT_WRITE|PROT_EXEC, MAP_PRIVATE|MAP_ANONYMOUS, -1, 0
0x7f746b02d000
SYSCALL
analyzed_bin
mprotect
108
0x7f746b02d000, 81920, PROT_READ|PROT_EXEC
0
SYSCALL
analyzed_bin
futex
108
0x55db960b2104, FUTEX_WAKE_PRIVATE, 2147483647
0
SYSCALL
analyzed_bin
futex
108
0x55db960b2110, FUTEX_WAKE_PRIVATE, 2147483647
0
SYSCALL
analyzed_bin
readlink
108
"/proc/self/exe", 0x55db960166c0, 519
18
OPENFILE
"/root/config.json"
SYSCALL
analyzed_bin
openat
108
AT_FDCWD, "/root/config.json", O_RDONLY
-2 (ENOENT)
OPENFILE
"/etc/localtime"
SYSCALL
analyzed_bin
openat
108
AT_FDCWD, "/etc/localtime", O_RDONLY|O_CLOEXEC
4
SYSCALL
analyzed_bin
fstat
108
4, 0x7ffc977c1970
0
SYSCALL
analyzed_bin
fstat
108
4, 0x7ffc977c17b0
0
SYSCALL
analyzed_bin
read
108
4, 0x55db960ce640, 1024
127
SYSCALL
analyzed_bin
lseek
108
4, -71, SEEK_CUR
56
SYSCALL
analyzed_bin
read
108
4, 0x55db960ce640, 1024
71
SYSCALL
analyzed_bin
close
108
4
0
SYSCALL
analyzed_bin
fstat
108
1, 0x7ffc977c1940
0
SYSCALL
analyzed_bin
write
108
1, "[2022-07-14 09:35:53.286] unable to open \"/r"..., 62
62
OPENFILE
"/root/.xmrig.json"
SYSCALL
analyzed_bin
openat
108
AT_FDCWD, "/root/.xmrig.json", O_RDONLY
-2 (ENOENT)
SYSCALL
analyzed_bin
write
108
1, "[2022-07-14 09:35:53.296] unable to open \"/r"..., 62
62
OPENFILE
"/root/.config/xmrig.json"
SYSCALL
analyzed_bin
openat
108
AT_FDCWD, "/root/.config/xmrig.json", O_RDONLY
-2 (ENOENT)
SYSCALL
analyzed_bin
write
108
1, "[2022-07-14 09:35:53.296] unable to open \"/r"..., 69
69
SYSCALL
analyzed_bin
write
108
1, "[2022-07-14 09:35:53.297] no valid configurat"..., 85
85
SYSCALL
analyzed_bin
close
108
3
0
SYSCALL
analyzed_bin
exit_group
108
2

