LISA
PROCESS
108:105
SYSCALL
analyzed_bin
execve
108

0
SYSCALL
analyzed_bin
brk
108
0x0
94580327682048
SYSCALL
analyzed_bin
access
108
"/etc/ld.so.preload", R_OK
-2 (ENOENT)
OPENFILE
"/etc/ld.so.cache"
SYSCALL
analyzed_bin
openat
108
AT_FDCWD, "/etc/ld.so.cache", O_RDONLY|O_CLOEXEC
-2 (ENOENT)
OPENFILE
"/lib64/tls/x86_64/x86_64/libpthread.so.0"
SYSCALL
analyzed_bin
openat
108
AT_FDCWD, "/lib64/tls/x86_64/x86_64/libpthread.so.0", O_RDONLY|O_CLOEXEC
-2 (ENOENT)
SYSCALL
analyzed_bin
stat
108
"/lib64/tls/x86_64/x86_64", 0x7fff4a3ef370
-2 (ENOENT)
OPENFILE
"/lib64/tls/x86_64/libpthread.so.0"
SYSCALL
analyzed_bin
openat
108
AT_FDCWD, "/lib64/tls/x86_64/libpthread.so.0", O_RDONLY|O_CLOEXEC
-2 (ENOENT)
SYSCALL
analyzed_bin
stat
108
"/lib64/tls/x86_64", 0x7fff4a3ef370
-2 (ENOENT)
OPENFILE
"/lib64/tls/x86_64/libpthread.so.0"
SYSCALL
analyzed_bin
openat
108
AT_FDCWD, "/lib64/tls/x86_64/libpthread.so.0", O_RDONLY|O_CLOEXEC
-2 (ENOENT)
SYSCALL
analyzed_bin
stat
108
"/lib64/tls/x86_64", 0x7fff4a3ef370
-2 (ENOENT)
OPENFILE
"/lib64/tls/libpthread.so.0"
SYSCALL
analyzed_bin
openat
108
AT_FDCWD, "/lib64/tls/libpthread.so.0", O_RDONLY|O_CLOEXEC
-2 (ENOENT)
SYSCALL
analyzed_bin
stat
108
"/lib64/tls", 0x7fff4a3ef370
-2 (ENOENT)
OPENFILE
"/lib64/x86_64/x86_64/libpthread.so.0"
SYSCALL
analyzed_bin
openat
108
AT_FDCWD, "/lib64/x86_64/x86_64/libpthread.so.0", O_RDONLY|O_CLOEXEC
-2 (ENOENT)
SYSCALL
analyzed_bin
stat
108
"/lib64/x86_64/x86_64", 0x7fff4a3ef370
-2 (ENOENT)
OPENFILE
"/lib64/x86_64/libpthread.so.0"
SYSCALL
analyzed_bin
openat
108
AT_FDCWD, "/lib64/x86_64/libpthread.so.0", O_RDONLY|O_CLOEXEC
-2 (ENOENT)
SYSCALL
analyzed_bin
stat
108
"/lib64/x86_64", 0x7fff4a3ef370
-2 (ENOENT)
OPENFILE
"/lib64/x86_64/libpthread.so.0"
SYSCALL
analyzed_bin
openat
108
AT_FDCWD, "/lib64/x86_64/libpthread.so.0", O_RDONLY|O_CLOEXEC
-2 (ENOENT)
SYSCALL
analyzed_bin
stat
108
"/lib64/x86_64", 0x7fff4a3ef370
-2 (ENOENT)
OPENFILE
"/lib64/libpthread.so.0"
SYSCALL
analyzed_bin
openat
108
AT_FDCWD, "/lib64/libpthread.so.0", O_RDONLY|O_CLOEXEC
3
SYSCALL
analyzed_bin
read
108
3, 0x7fff4a3ef4d8, 832
832
SYSCALL
analyzed_bin
fstat
108
3, 0x7fff4a3ef370
0
SYSCALL
analyzed_bin
mmap2
108
0x0, 8192, PROT_READ|PROT_WRITE, MAP_PRIVATE|MAP_ANONYMOUS, -1, 0
0x7f7457771000
SYSCALL
analyzed_bin
mmap2
108
0x0, 2221216, PROT_READ|PROT_EXEC, MAP_PRIVATE|MAP_DENYWRITE, 3, 0
0x7f745732e000
SYSCALL
analyzed_bin
mprotect
108
0x7f7457348000, 2093056, PROT_NONE
0
SYSCALL
analyzed_bin
mmap2
108
0x7f7457547000, 8192, PROT_READ|PROT_WRITE, MAP_PRIVATE|MAP_FIXED|MAP_DENYWRITE, 3, 102400
0x7f7457547000
SYSCALL
analyzed_bin
mmap2
108
0x7f7457549000, 13472, PROT_READ|PROT_WRITE, MAP_PRIVATE|MAP_FIXED|MAP_ANONYMOUS, -1, 0
0x7f7457549000
SYSCALL
analyzed_bin
close
108
3
0
OPENFILE
"/lib64/librt.so.1"
SYSCALL
analyzed_bin
openat
108
AT_FDCWD, "/lib64/librt.so.1", O_RDONLY|O_CLOEXEC
3
SYSCALL
analyzed_bin
read
108
3, 0x7fff4a3ef4a8, 832
832
SYSCALL
analyzed_bin
fstat
108
3, 0x7fff4a3ef340
0
SYSCALL
analyzed_bin
mmap2
108
0x0, 2128864, PROT_READ|PROT_EXEC, MAP_PRIVATE|MAP_DENYWRITE, 3, 0
0x7f7457126000
SYSCALL
analyzed_bin
mprotect
108
0x7f745712d000, 2093056, PROT_NONE
0
SYSCALL
analyzed_bin
mmap2
108
0x7f745732c000, 8192, PROT_READ|PROT_WRITE, MAP_PRIVATE|MAP_FIXED|MAP_DENYWRITE, 3, 24576
0x7f745732c000
SYSCALL
analyzed_bin
close
108
3
0
OPENFILE
"/lib64/libdl.so.2"
SYSCALL
analyzed_bin
openat
108
AT_FDCWD, "/lib64/libdl.so.2", O_RDONLY|O_CLOEXEC
3
SYSCALL
analyzed_bin
read
108
3, 0x7fff4a3ef478, 832
832
SYSCALL
analyzed_bin
fstat
108
3, 0x7fff4a3ef310
0
SYSCALL
analyzed_bin
mmap2
108
0x0, 2109680, PROT_READ|PROT_EXEC, MAP_PRIVATE|MAP_DENYWRITE, 3, 0
0x7f7456f22000
SYSCALL
analyzed_bin
mprotect
108
0x7f7456f25000, 2093056, PROT_NONE
0
SYSCALL
analyzed_bin
mmap2
108
0x7f7457124000, 8192, PROT_READ|PROT_WRITE, MAP_PRIVATE|MAP_FIXED|MAP_DENYWRITE, 3, 8192
0x7f7457124000
SYSCALL
analyzed_bin
close
108
3
0
OPENFILE
"/lib64/libm.so.6"
SYSCALL
analyzed_bin
openat
108
AT_FDCWD, "/lib64/libm.so.6", O_RDONLY|O_CLOEXEC
3
SYSCALL
analyzed_bin
read
108
3, 0x7fff4a3ef448, 832
832
SYSCALL
analyzed_bin
fstat
108
3, 0x7fff4a3ef2e0
0
SYSCALL
analyzed_bin
mmap2
108
0x0, 3653968, PROT_READ|PROT_EXEC, MAP_PRIVATE|MAP_DENYWRITE, 3, 0
0x7f7456ba5000
SYSCALL
analyzed_bin
mprotect
108
0x7f7456d21000, 2093056, PROT_NONE
0
SYSCALL
analyzed_bin
mmap2
108
0x7f7456f20000, 8192, PROT_READ|PROT_WRITE, MAP_PRIVATE|MAP_FIXED|MAP_DENYWRITE, 3, 1552384
0x7f7456f20000
SYSCALL
analyzed_bin
close
108
3
0
OPENFILE
"/lib64/libc.so.6"
SYSCALL
analyzed_bin
openat
108
AT_FDCWD, "/lib64/libc.so.6", O_RDONLY|O_CLOEXEC
3
SYSCALL
analyzed_bin
read
108
3, 0x7fff4a3ef418, 832
832
SYSCALL
analyzed_bin
fstat
108
3, 0x7fff4a3ef2b0
0
SYSCALL
analyzed_bin
mmap2
108
0x0, 3885056, PROT_READ|PROT_EXEC, MAP_PRIVATE|MAP_DENYWRITE, 3, 0
0x7f74567f0000
SYSCALL
analyzed_bin
mprotect
108
0x7f745699c000, 2093056, PROT_NONE
0
SYSCALL
analyzed_bin
mmap2
108
0x7f7456b9b000, 24576, PROT_READ|PROT_WRITE, MAP_PRIVATE|MAP_FIXED|MAP_DENYWRITE, 3, 1748992
0x7f7456b9b000
SYSCALL
analyzed_bin
mmap2
108
0x7f7456ba1000, 14336, PROT_READ|PROT_WRITE, MAP_PRIVATE|MAP_FIXED|MAP_ANONYMOUS, -1, 0
0x7f7456ba1000
SYSCALL
analyzed_bin
close
108
3
0
SYSCALL
analyzed_bin
mmap2
108
0x0, 8192, PROT_READ|PROT_WRITE, MAP_PRIVATE|MAP_ANONYMOUS, -1, 0
0x7f745776f000
SYSCALL
analyzed_bin
arch_prctl
108
ARCH_SET_FS, 140137660350848
0
SYSCALL
analyzed_bin
mprotect
108
0x7f7456b9b000, 16384, PROT_READ
0
SYSCALL
analyzed_bin
mprotect
108
0x7f7456f20000, 4096, PROT_READ
0
SYSCALL
analyzed_bin
mprotect
108
0x7f7457124000, 4096, PROT_READ
0
SYSCALL
analyzed_bin
mprotect
108
0x7f7457547000, 4096, PROT_READ
0
SYSCALL
analyzed_bin
mprotect
108
0x7f745732c000, 4096, PROT_READ
0
SYSCALL
analyzed_bin
mprotect
108
0x560532c82000, 53248, PROT_READ
0
SYSCALL
analyzed_bin
mprotect
108
0x7f7457773000, 4096, PROT_READ
0
SYSCALL
analyzed_bin
set_tid_address
108
0x7f7457770450
108
SYSCALL
analyzed_bin
set_robust_list
108
0x7f7457770460, 24
0
SYSCALL
analyzed_bin
rt_sigaction
108
0x20, {0x7f74573342e0, SA_SIGINFO|SA_RESTORER, 0x7f745733ffe0, [EMPTY]}, 0x0, 8
0
SYSCALL
analyzed_bin
rt_sigaction
108
0x21, {0x7f7457334380, SA_RESTART|SA_SIGINFO|SA_RESTORER, 0x7f745733ffe0, [EMPTY]}, 0x0, 8
0
SYSCALL
analyzed_bin
rt_sigprocmask
108
SIG_UNBLOCK, [EMPTY], 0x0, 8
0
SYSCALL
analyzed_bin
prlimit64
108
0, RLIMIT_STACK, NULL, 0x7fff4a3f0090
0
SYSCALL
analyzed_bin
brk
108
0x0
94580327682048
SYSCALL
analyzed_bin
brk
108
0x560532d7a000
94580327817216
OPENFILE
"/dev/urandom"
SYSCALL
analyzed_bin
openat
108
AT_FDCWD, "/dev/urandom", O_RDONLY
3
SYSCALL
analyzed_bin
read
108
3, 0x7fff4a3f0054, 4
4
SYSCALL
analyzed_bin
mmap2
108
0x0, 81920, PROT_READ|PROT_WRITE|PROT_EXEC, MAP_PRIVATE|MAP_ANONYMOUS, -1, 0
0x7f745775b000
SYSCALL
analyzed_bin
mprotect
108
0x7f745775b000, 81920, PROT_READ|PROT_EXEC
0
SYSCALL
analyzed_bin
futex
108
0x560532d56eec, FUTEX_WAKE_PRIVATE, 2147483647
0
SYSCALL
analyzed_bin
futex
108
0x560532d56ef8, FUTEX_WAKE_PRIVATE, 2147483647
0
SYSCALL
analyzed_bin
readlink
108
"/proc/self/exe", 0x560532cc9800, 519
18
OPENFILE
"/root/config.json"
SYSCALL
analyzed_bin
openat
108
AT_FDCWD, "/root/config.json", O_RDONLY
-2 (ENOENT)
OPENFILE
"/etc/localtime"
SYSCALL
analyzed_bin
openat
108
AT_FDCWD, "/etc/localtime", O_RDONLY|O_CLOEXEC
4
SYSCALL
analyzed_bin
fstat
108
4, 0x7fff4a3efbc0
0
SYSCALL
analyzed_bin
fstat
108
4, 0x7fff4a3efa00
0
SYSCALL
analyzed_bin
read
108
4, 0x560532d701a0, 1024
127
SYSCALL
analyzed_bin
lseek
108
4, -71, SEEK_CUR
56
SYSCALL
analyzed_bin
read
108
4, 0x560532d701a0, 1024
71
SYSCALL
analyzed_bin
close
108
4
0
SYSCALL
analyzed_bin
fstat
108
1, 0x7fff4a3efb90
0
SYSCALL
analyzed_bin
write
108
1, "[2022-07-14 09:32:11.309] unable to open \"/r"..., 62
62
SYSCALL
analyzed_bin
write
108
1, "[2022-07-14 09:32:11.318] no valid configurat"..., 85
85
SYSCALL
analyzed_bin
close
108
3
0
SYSCALL
analyzed_bin
exit_group
108
2

