LISA
PROCESS
108:105
SYSCALL
analyzed_bin
execve
108

0
SYSCALL
analyzed_bin
arch_prctl
108
ARCH_SET_FS, 140396774642040
0
SYSCALL
analyzed_bin
set_tid_address
108
0x7fb0abe151b0
108
SYSCALL
analyzed_bin
brk
108
0x0
140396774645760
SYSCALL
analyzed_bin
brk
108
0x7fb0abe17000
140396774649856
SYSCALL
analyzed_bin
brk
108
0x7fb0abe29000
140396774723584
SYSCALL
analyzed_bin
brk
108
0x7fb0abe2a000
140396774727680
SYSCALL
analyzed_bin
brk
108
0x7fb0abe2b000
140396774731776
SYSCALL
analyzed_bin
brk
108
0x7fb0abe2c000
140396774735872
SYSCALL
analyzed_bin
brk
108
0x7fb0abe2d000
140396774739968
SYSCALL
analyzed_bin
brk
108
0x7fb0abe2e000
140396774744064
SYSCALL
analyzed_bin
brk
108
0x7fb0abe2f000
140396774748160
SYSCALL
analyzed_bin
brk
108
0x7fb0abe30000
140396774752256
SYSCALL
analyzed_bin
brk
108
0x7fb0abe31000
140396774756352
SYSCALL
analyzed_bin
brk
108
0x7fb0abe32000
140396774760448
SYSCALL
analyzed_bin
brk
108
0x7fb0abe33000
140396774764544
SYSCALL
analyzed_bin
brk
108
0x7fb0abe34000
140396774768640
SYSCALL
analyzed_bin
brk
108
0x7fb0abe35000
140396774772736
SYSCALL
analyzed_bin
brk
108
0x7fb0abe36000
140396774776832
SYSCALL
analyzed_bin
brk
108
0x7fb0abe37000
140396774780928
SYSCALL
analyzed_bin
brk
108
0x7fb0abe38000
140396774785024
SYSCALL
analyzed_bin
brk
108
0x7fb0abe39000
140396774789120
SYSCALL
analyzed_bin
brk
108
0x7fb0abe3b000
140396774797312
SYSCALL
analyzed_bin
brk
108
0x7fb0abe3c000
140396774801408
SYSCALL
analyzed_bin
brk
108
0x7fb0abe3d000
140396774805504
SYSCALL
analyzed_bin
brk
108
0x7fb0abe3e000
140396774809600
SYSCALL
analyzed_bin
brk
108
0x7fb0abe3f000
140396774813696
SYSCALL
analyzed_bin
brk
108
0x7fb0abe40000
140396774817792
SYSCALL
analyzed_bin
brk
108
0x7fb0abe41000
140396774821888
SYSCALL
analyzed_bin
brk
108
0x7fb0abe42000
140396774825984
SYSCALL
analyzed_bin
brk
108
0x7fb0abe45000
140396774838272
SYSCALL
analyzed_bin
brk
108
0x7fb0abe46000
140396774842368
SYSCALL
analyzed_bin
brk
108
0x7fb0abe47000
140396774846464
SYSCALL
analyzed_bin
brk
108
0x7fb0abe48000
140396774850560
SYSCALL
analyzed_bin
brk
108
0x7fb0abe49000
140396774854656
SYSCALL
analyzed_bin
brk
108
0x7fb0abe4a000
140396774858752
SYSCALL
analyzed_bin
brk
108
0x7fb0abe4b000
140396774862848
SYSCALL
analyzed_bin
brk
108
0x7fb0abe4c000
140396774866944
SYSCALL
analyzed_bin
brk
108
0x7fb0abe4d000
140396774871040
SYSCALL
analyzed_bin
brk
108
0x7fb0abe4e000
140396774875136
SYSCALL
analyzed_bin
brk
108
0x7fb0abe4f000
140396774879232
SYSCALL
analyzed_bin
brk
108
0x7fb0abe50000
140396774883328
SYSCALL
analyzed_bin
brk
108
0x7fb0abe51000
140396774887424
SYSCALL
analyzed_bin
brk
108
0x7fb0abe52000
140396774891520
SYSCALL
analyzed_bin
brk
108
0x7fb0abe53000
140396774895616
SYSCALL
analyzed_bin
brk
108
0x7fb0abe58000
140396774916096
SYSCALL
analyzed_bin
brk
108
0x7fb0abe59000
140396774920192
SYSCALL
analyzed_bin
brk
108
0x7fb0abe5a000
140396774924288
SYSCALL
analyzed_bin
getuid
108

0
SYSCALL
analyzed_bin
geteuid
108

0
SYSCALL
analyzed_bin
getgid
108

0
SYSCALL
analyzed_bin
getegid
108

0
OPENFILE
"/usr/local/ssl/openssl.cnf"
SYSCALL
analyzed_bin
open
108
"/usr/local/ssl/openssl.cnf", O_RDONLY
-2 (ENOENT)
SYSCALL
analyzed_bin
brk
108
0x7fb0abe5b000
140396774928384
SYSCALL
analyzed_bin
brk
108
0x7fb0abe5c000
140396774932480
SYSCALL
analyzed_bin
brk
108
0x7fb0abe5d000
140396774936576
SYSCALL
analyzed_bin
brk
108
0x7fb0abe5e000
140396774940672
SYSCALL
analyzed_bin
brk
108
0x7fb0abe5f000
140396774944768
SYSCALL
analyzed_bin
brk
108
0x7fb0abe60000
140396774948864
SYSCALL
analyzed_bin
brk
108
0x7fb0abe61000
140396774952960
SYSCALL
analyzed_bin
brk
108
0x7fb0abe62000
140396774957056
SYSCALL
analyzed_bin
brk
108
0x7fb0abe63000
140396774961152
SYSCALL
analyzed_bin
brk
108
0x7fb0abe64000
140396774965248
SYSCALL
analyzed_bin
brk
108
0x7fb0abe65000
140396774969344
SYSCALL
analyzed_bin
brk
108
0x7fb0abe66000
140396774973440
SYSCALL
analyzed_bin
brk
108
0x7fb0abe67000
140396774977536
OPENFILE
"config.txt"
SYSCALL
analyzed_bin
open
108
"config.txt", O_RDONLY
-2 (ENOENT)
OPENFILE
"pools.txt"
SYSCALL
analyzed_bin
open
108
"pools.txt", O_RDONLY
-2 (ENOENT)
SYSCALL
analyzed_bin
brk
108
0x7fb0abe69000
140396774985728
SYSCALL
analyzed_bin
brk
108
0x7fb0abe6b000
140396774993920
SYSCALL
analyzed_bin
writev
108
1, 0x7ffcc9ac99b0, 2
32
SYSCALL
analyzed_bin
readv
108
0, 0x7ffcc9ac9990, 2
0
SYSCALL
analyzed_bin
brk
108
0x7fb0abe6d000
140396775002112
SYSCALL
analyzed_bin
brk
108
0x7fb0abe71000
140396775018496
SYSCALL
analyzed_bin
brk
108
0x7fb0abe75000
140396775034880
OPENFILE
"config.txt"
SYSCALL
analyzed_bin
open
108
"config.txt", O_WRONLY|O_CREAT|O_TRUNC, 0666
3
SYSCALL
analyzed_bin
ioctl
108
3, 21523, 0x7ffcc9ac9808
-25 (ENOTTY)
SYSCALL
analyzed_bin
writev
108
3, 0x7ffcc9ac9770, 2
6726
SYSCALL
analyzed_bin
close
108
3
0
SYSCALL
analyzed_bin
writev
108
1, 0x7ffcc9ac9aa0, 2
42
SYSCALL
analyzed_bin
writev
108
1, 0x7ffcc9ac9730, 2
14
SYSCALL
analyzed_bin
writev
108
1, 0x7ffcc9ac9740, 2
52
SYSCALL
analyzed_bin
writev
108
1, 0x7ffcc9ac9740, 2
98
SYSCALL
analyzed_bin
writev
108
1, 0x7ffcc9ac9740, 2
52
SYSCALL
analyzed_bin
writev
108
1, 0x7ffcc9ac9740, 2
98
SYSCALL
analyzed_bin
writev
108
1, 0x7ffcc9ac9740, 2
52
SYSCALL
analyzed_bin
writev
108
1, 0x7ffcc9ac9740, 2
98
SYSCALL
analyzed_bin
writev
108
1, 0x7ffcc9ac9740, 2
52
SYSCALL
analyzed_bin
writev
108
1, 0x7ffcc9ac9740, 2
98
SYSCALL
analyzed_bin
writev
108
1, 0x7ffcc9ac9740, 2
52
SYSCALL
analyzed_bin
writev
108
1, 0x7ffcc9ac9740, 2
98
SYSCALL
analyzed_bin
writev
108
1, 0x7ffcc9ac9740, 2
52
SYSCALL
analyzed_bin
writev
108
1, 0x7ffcc9ac9740, 2
98
SYSCALL
analyzed_bin
writev
108
1, 0x7ffcc9ac9740, 2
52
SYSCALL
analyzed_bin
writev
108
1, 0x7ffcc9ac9740, 2
98
SYSCALL
analyzed_bin
writev
108
1, 0x7ffcc9ac9740, 2
52
SYSCALL
analyzed_bin
writev
108
1, 0x7ffcc9ac9740, 2
98
SYSCALL
analyzed_bin
writev
108
1, 0x7ffcc9ac9740, 2
52
SYSCALL
analyzed_bin
writev
108
1, 0x7ffcc9ac9740, 2
98
SYSCALL
analyzed_bin
writev
108
1, 0x7ffcc9ac9740, 2
52
SYSCALL
analyzed_bin
writev
108
1, 0x7ffcc9ac9740, 2
98
SYSCALL
analyzed_bin
writev
108
1, 0x7ffcc9ac9740, 2
52
SYSCALL
analyzed_bin
writev
108
1, 0x7ffcc9ac9740, 2
98
SYSCALL
analyzed_bin
writev
108
1, 0x7ffcc9ac9740, 2
52
SYSCALL
analyzed_bin
writev
108
1, 0x7ffcc9ac9740, 2
98
SYSCALL
analyzed_bin
writev
108
1, 0x7ffcc9ac9740, 2
52
SYSCALL
analyzed_bin
writev
108
1, 0x7ffcc9ac9740, 2
98
SYSCALL
analyzed_bin
writev
108
1, 0x7ffcc9ac9740, 2
52
SYSCALL
analyzed_bin
writev
108
1, 0x7ffcc9ac9740, 2
98
SYSCALL
analyzed_bin
writev
108
1, 0x7ffcc9ac9740, 2
52
SYSCALL
analyzed_bin
writev
108
1, 0x7ffcc9ac9740, 2
98
SYSCALL
analyzed_bin
writev
108
1, 0x7ffcc9ac9740, 2
52
SYSCALL
analyzed_bin
writev
108
1, 0x7ffcc9ac9740, 2
98
SYSCALL
analyzed_bin
writev
108
1, 0x7ffcc9ac9740, 2
52
SYSCALL
analyzed_bin
writev
108
1, 0x7ffcc9ac9740, 2
98
SYSCALL
analyzed_bin
writev
108
1, 0x7ffcc9ac9740, 2
52
SYSCALL
analyzed_bin
writev
108
1, 0x7ffcc9ac9740, 2
98
SYSCALL
analyzed_bin
writev
108
1, 0x7ffcc9ac9740, 2
52
SYSCALL
analyzed_bin
writev
108
1, 0x7ffcc9ac9740, 2
98
SYSCALL
analyzed_bin
writev
108
1, 0x7ffcc9ac9740, 2
52
SYSCALL
analyzed_bin
writev
108
1, 0x7ffcc9ac9740, 2
98
SYSCALL
analyzed_bin
writev
108
1, 0x7ffcc9ac9740, 2
52
SYSCALL
analyzed_bin
writev
108
1, 0x7ffcc9ac9740, 2
98
SYSCALL
analyzed_bin
writev
108
1, 0x7ffcc9ac9740, 2
52
SYSCALL
analyzed_bin
writev
108
1, 0x7ffcc9ac9740, 2
98
SYSCALL
analyzed_bin
writev
108
1, 0x7ffcc9ac9740, 2
52
SYSCALL
analyzed_bin
writev
108
1, 0x7ffcc9ac9740, 2
98
SYSCALL
analyzed_bin
writev
108
1, 0x7ffcc9ac9740, 2
52
SYSCALL
analyzed_bin
writev
108
1, 0x7ffcc9ac9740, 2
98
SYSCALL
analyzed_bin
writev
108
1, 0x7ffcc9ac9740, 2
52
SYSCALL
analyzed_bin
writev
108
1, 0x7ffcc9ac9740, 2
98
SYSCALL
analyzed_bin
writev
108
1, 0x7ffcc9ac9740, 2
52
SYSCALL
analyzed_bin
writev
108
1, 0x7ffcc9ac9740, 2
98
SYSCALL
analyzed_bin
writev
108
1, 0x7ffcc9ac9740, 2
52
SYSCALL
analyzed_bin
writev
108
1, 0x7ffcc9ac9740, 2
98
SYSCALL
analyzed_bin
writev
108
1, 0x7ffcc9ac9740, 2
52
SYSCALL
analyzed_bin
writev
108
1, 0x7ffcc9ac9740, 2
98
SYSCALL
analyzed_bin
writev
108
1, 0x7ffcc9ac9740, 2
52
SYSCALL
analyzed_bin
writev
108
1, 0x7ffcc9ac9740, 2
98
SYSCALL
analyzed_bin
writev
108
1, 0x7ffcc9ac9740, 2
52
SYSCALL
analyzed_bin
writev
108
1, 0x7ffcc9ac9740, 2
98
SYSCALL
analyzed_bin
writev
108
1, 0x7ffcc9ac9740, 2
52
SYSCALL
analyzed_bin
writev
108
1, 0x7ffcc9ac9740, 2
98
SYSCALL
analyzed_bin
writev
108
1, 0x7ffcc9ac9740, 2
52
SYSCALL
analyzed_bin
writev
108
1, 0x7ffcc9ac9740, 2
98
SYSCALL
analyzed_bin
writev
108
1, 0x7ffcc9ac9740, 2
52
SYSCALL
analyzed_bin
writev
108
1, 0x7ffcc9ac9740, 2
98
SYSCALL
analyzed_bin
writev
108
1, 0x7ffcc9ac9740, 2
52
SYSCALL
analyzed_bin
writev
108
1, 0x7ffcc9ac9740, 2
98
SYSCALL
analyzed_bin
writev
108
1, 0x7ffcc9ac9740, 2
52
SYSCALL
analyzed_bin
writev
108
1, 0x7ffcc9ac9740, 2
98
SYSCALL
analyzed_bin
writev
108
1, 0x7ffcc9ac9740, 2
52
SYSCALL
analyzed_bin
writev
108
1, 0x7ffcc9ac9740, 2
98
SYSCALL
analyzed_bin
writev
108
1, 0x7ffcc9ac9740, 2
52
SYSCALL
analyzed_bin
writev
108
1, 0x7ffcc9ac9740, 2
98
SYSCALL
analyzed_bin
writev
108
1, 0x7ffcc9ac9740, 2
52
SYSCALL
analyzed_bin
writev
108
1, 0x7ffcc9ac9740, 2
98
SYSCALL
analyzed_bin
writev
108
1, 0x7ffcc9ac9740, 2
52
SYSCALL
analyzed_bin
writev
108
1, 0x7ffcc9ac9740, 2
98
SYSCALL
analyzed_bin
writev
108
1, 0x7ffcc9ac9740, 2
52
SYSCALL
analyzed_bin
writev
108
1, 0x7ffcc9ac9740, 2
98
SYSCALL
analyzed_bin
writev
108
1, 0x7ffcc9ac9740, 2
52
SYSCALL
analyzed_bin
writev
108
1, 0x7ffcc9ac9740, 2
98
SYSCALL
analyzed_bin
writev
108
1, 0x7ffcc9ac9740, 2
52
SYSCALL
analyzed_bin
writev
108
1, 0x7ffcc9ac9740, 2
98
SYSCALL
analyzed_bin
writev
108
1, 0x7ffcc9ac9740, 2
52
SYSCALL
analyzed_bin
writev
108
1, 0x7ffcc9ac9740, 2
98
SYSCALL
analyzed_bin
writev
108
1, 0x7ffcc9ac9740, 2
52
SYSCALL
analyzed_bin
writev
108
1, 0x7ffcc9ac9740, 2
98
SYSCALL
analyzed_bin
writev
108
1, 0x7ffcc9ac9740, 2
52
SYSCALL
analyzed_bin
writev
108
1, 0x7ffcc9ac9740, 2
98
SYSCALL
analyzed_bin
writev
108
1, 0x7ffcc9ac9740, 2
52
SYSCALL
analyzed_bin
writev
108
1, 0x7ffcc9ac9740, 2
98
SYSCALL
analyzed_bin
writev
108
1, 0x7ffcc9ac9740, 2
52
SYSCALL
analyzed_bin
writev
108
1, 0x7ffcc9ac9740, 2
98
SYSCALL
analyzed_bin
writev
108
1, 0x7ffcc9ac9740, 2
52
SYSCALL
analyzed_bin
writev
108
1, 0x7ffcc9ac9740, 2
98
SYSCALL
analyzed_bin
writev
108
1, 0x7ffcc9ac9740, 2
52
SYSCALL
analyzed_bin
writev
108
1, 0x7ffcc9ac9740, 2
98
SYSCALL
analyzed_bin
writev
108
1, 0x7ffcc9ac9740, 2
52
SYSCALL
analyzed_bin
writev
108
1, 0x7ffcc9ac9740, 2
98
SYSCALL
analyzed_bin
writev
108
1, 0x7ffcc9ac9740, 2
52
SYSCALL
analyzed_bin
writev
108
1, 0x7ffcc9ac9740, 2
98
SYSCALL
analyzed_bin
writev
108
1, 0x7ffcc9ac9740, 2
52
SYSCALL
analyzed_bin
writev
108
1, 0x7ffcc9ac9740, 2
98
SYSCALL
analyzed_bin
writev
108
1, 0x7ffcc9ac9740, 2
52
SYSCALL
analyzed_bin
writev
108
1, 0x7ffcc9ac9740, 2
98
SYSCALL
analyzed_bin
writev
108
1, 0x7ffcc9ac9740, 2
52
SYSCALL
analyzed_bin
writev
108
1, 0x7ffcc9ac9740, 2
98
SYSCALL
analyzed_bin
writev
108
1, 0x7ffcc9ac9740, 2
52
SYSCALL
analyzed_bin
writev
108
1, 0x7ffcc9ac9740, 2
98
SYSCALL
analyzed_bin
writev
108
1, 0x7ffcc9ac9740, 2
52
SYSCALL
analyzed_bin
writev
108
1, 0x7ffcc9ac9740, 2
98
SYSCALL
analyzed_bin
writev
108
1, 0x7ffcc9ac9740, 2
52
SYSCALL
analyzed_bin
writev
108
1, 0x7ffcc9ac9740, 2
98
SYSCALL
analyzed_bin
writev
108
1, 0x7ffcc9ac9740, 2
52
SYSCALL
analyzed_bin
writev
108
1, 0x7ffcc9ac9740, 2
98
SYSCALL
analyzed_bin
writev
108
1, 0x7ffcc9ac9740, 2
52
SYSCALL
analyzed_bin
writev
108
1, 0x7ffcc9ac9740, 2
98
SYSCALL
analyzed_bin
writev
108
1, 0x7ffcc9ac9740, 2
52
SYSCALL
analyzed_bin
writev
108
1, 0x7ffcc9ac9740, 2
98
SYSCALL
analyzed_bin
writev
108
1, 0x7ffcc9ac9740, 2
52
SYSCALL
analyzed_bin
writev
108
1, 0x7ffcc9ac9740, 2
98
SYSCALL
analyzed_bin
writev
108
1, 0x7ffcc9ac9740, 2
52
SYSCALL
analyzed_bin
writev
108
1, 0x7ffcc9ac9740, 2
98
SYSCALL
analyzed_bin
writev
108
1, 0x7ffcc9ac9740, 2
52
SYSCALL
analyzed_bin
writev
108
1, 0x7ffcc9ac9740, 2
98
SYSCALL
analyzed_bin
writev
108
1, 0x7ffcc9ac9740, 2
52
SYSCALL
analyzed_bin
writev
108
1, 0x7ffcc9ac9740, 2
98
SYSCALL
analyzed_bin
writev
108
1, 0x7ffcc9ac9740, 2
52
SYSCALL
analyzed_bin
writev
108
1, 0x7ffcc9ac9740, 2
98
SYSCALL
analyzed_bin
writev
108
1, 0x7ffcc9ac9740, 2
52
SYSCALL
analyzed_bin
writev
108
1, 0x7ffcc9ac9740, 2
98
SYSCALL
analyzed_bin
writev
108
1, 0x7ffcc9ac9740, 2
52
SYSCALL
analyzed_bin
writev
108
1, 0x7ffcc9ac9740, 2
98
SYSCALL
analyzed_bin
writev
108
1, 0x7ffcc9ac9740, 2
52
SYSCALL
analyzed_bin
writev
108
1, 0x7ffcc9ac9740, 2
98
SYSCALL
analyzed_bin
writev
108
1, 0x7ffcc9ac9740, 2
52
SYSCALL
analyzed_bin
writev
108
1, 0x7ffcc9ac9740, 2
98
SYSCALL
analyzed_bin
writev
108
1, 0x7ffcc9ac9740, 2
52
SYSCALL
analyzed_bin
writev
108
1, 0x7ffcc9ac9740, 2
98
SYSCALL
analyzed_bin
writev
108
1, 0x7ffcc9ac9740, 2
52
SYSCALL
analyzed_bin
writev
108
1, 0x7ffcc9ac9740, 2
98
SYSCALL
analyzed_bin
writev
108
1, 0x7ffcc9ac9740, 2
52
SYSCALL
analyzed_bin
writev
108
1, 0x7ffcc9ac9740, 2
98
SYSCALL
analyzed_bin
writev
108
1, 0x7ffcc9ac9740, 2
52
SYSCALL
analyzed_bin
writev
108
1, 0x7ffcc9ac9740, 2
98
SYSCALL
analyzed_bin
writev
108
1, 0x7ffcc9ac9740, 2
52
SYSCALL
analyzed_bin
writev
108
1, 0x7ffcc9ac9740, 2
98
SYSCALL
analyzed_bin
writev
108
1, 0x7ffcc9ac9740, 2
52
SYSCALL
analyzed_bin
writev
108
1, 0x7ffcc9ac9740, 2
98
SYSCALL
analyzed_bin
writev
108
1, 0x7ffcc9ac9740, 2
52
SYSCALL
analyzed_bin
writev
108
1, 0x7ffcc9ac9740, 2
98
SYSCALL
analyzed_bin
writev
108
1, 0x7ffcc9ac9740, 2
52
SYSCALL
analyzed_bin
writev
108
1, 0x7ffcc9ac9740, 2
98
SYSCALL
analyzed_bin
writev
108
1, 0x7ffcc9ac9740, 2
52
SYSCALL
analyzed_bin
writev
108
1, 0x7ffcc9ac9740, 2
98
SYSCALL
analyzed_bin
writev
108
1, 0x7ffcc9ac9740, 2
52
SYSCALL
analyzed_bin
writev
108
1, 0x7ffcc9ac9740, 2
98
SYSCALL
analyzed_bin
writev
108
1, 0x7ffcc9ac9740, 2
52
SYSCALL
analyzed_bin
writev
108
1, 0x7ffcc9ac9740, 2
98
SYSCALL
analyzed_bin
writev
108
1, 0x7ffcc9ac9740, 2
52
SYSCALL
analyzed_bin
writev
108
1, 0x7ffcc9ac9740, 2
98
SYSCALL
analyzed_bin
writev
108
1, 0x7ffcc9ac9740, 2
52
SYSCALL
analyzed_bin
writev
108
1, 0x7ffcc9ac9740, 2
98
SYSCALL
analyzed_bin
writev
108
1, 0x7ffcc9ac9740, 2
52
SYSCALL
analyzed_bin
writev
108
1, 0x7ffcc9ac9740, 2
98
SYSCALL
analyzed_bin
writev
108
1, 0x7ffcc9ac9740, 2
52
SYSCALL
analyzed_bin
writev
108
1, 0x7ffcc9ac9740, 2
98
SYSCALL
analyzed_bin
writev
108
1, 0x7ffcc9ac9740, 2
52
SYSCALL
analyzed_bin
writev
108
1, 0x7ffcc9ac9740, 2
98
SYSCALL
analyzed_bin
writev
108
1, 0x7ffcc9ac9740, 2
52
SYSCALL
analyzed_bin
writev
108
1, 0x7ffcc9ac9740, 2
98
SYSCALL
analyzed_bin
writev
108
1, 0x7ffcc9ac9740, 2
52
SYSCALL
analyzed_bin
writev
108
1, 0x7ffcc9ac9740, 2
98
SYSCALL
analyzed_bin
writev
108
1, 0x7ffcc9ac9740, 2
52
SYSCALL
analyzed_bin
writev
108
1, 0x7ffcc9ac9740, 2
98
SYSCALL
analyzed_bin
writev
108
1, 0x7ffcc9ac9740, 2
52
SYSCALL
analyzed_bin
writev
108
1, 0x7ffcc9ac9740, 2
98
SYSCALL
analyzed_bin
writev
108
1, 0x7ffcc9ac9740, 2
52
SYSCALL
analyzed_bin
writev
108
1, 0x7ffcc9ac9740, 2
98
SYSCALL
analyzed_bin
writev
108
1, 0x7ffcc9ac9740, 2
52
SYSCALL
analyzed_bin
writev
108
1, 0x7ffcc9ac9740, 2
98
SYSCALL
analyzed_bin
writev
108
1, 0x7ffcc9ac9740, 2
52
SYSCALL
analyzed_bin
writev
108
1, 0x7ffcc9ac9740, 2
98
SYSCALL
analyzed_bin
writev
108
1, 0x7ffcc9ac9740, 2
52
SYSCALL
analyzed_bin
writev
108
1, 0x7ffcc9ac9740, 2
98
SYSCALL
analyzed_bin
writev
108
1, 0x7ffcc9ac9740, 2
52
SYSCALL
analyzed_bin
writev
108
1, 0x7ffcc9ac9740, 2
98
SYSCALL
analyzed_bin
writev
108
1, 0x7ffcc9ac9740, 2
52
SYSCALL
analyzed_bin
writev
108
1, 0x7ffcc9ac9740, 2
98
SYSCALL
analyzed_bin
writev
108
1, 0x7ffcc9ac9740, 2
52
SYSCALL
analyzed_bin
writev
108
1, 0x7ffcc9ac9740, 2
98
SYSCALL
analyzed_bin
writev
108
1, 0x7ffcc9ac9740, 2
52
SYSCALL
analyzed_bin
writev
108
1, 0x7ffcc9ac9740, 2
98
SYSCALL
analyzed_bin
writev
108
1, 0x7ffcc9ac9740, 2
52
SYSCALL
analyzed_bin
writev
108
1, 0x7ffcc9ac9740, 2
98
SYSCALL
analyzed_bin
writev
108
1, 0x7ffcc9ac9740, 2
52
SYSCALL
analyzed_bin
writev
108
1, 0x7ffcc9ac9740, 2
98
SYSCALL
analyzed_bin
writev
108
1, 0x7ffcc9ac9740, 2
52
SYSCALL
analyzed_bin
writev
108
1, 0x7ffcc9ac9740, 2
98
SYSCALL
analyzed_bin
writev
108
1, 0x7ffcc9ac9740, 2
52
SYSCALL
analyzed_bin
writev
108
1, 0x7ffcc9ac9740, 2
98
SYSCALL
analyzed_bin
writev
108
1, 0x7ffcc9ac9740, 2
52
SYSCALL
analyzed_bin
writev
108
1, 0x7ffcc9ac9740, 2
98
SYSCALL
analyzed_bin
writev
108
1, 0x7ffcc9ac9740, 2
52
SYSCALL
analyzed_bin
writev
108
1, 0x7ffcc9ac9740, 2
98
SYSCALL
analyzed_bin
writev
108
1, 0x7ffcc9ac9740, 2
52
SYSCALL
analyzed_bin
writev
108
1, 0x7ffcc9ac9740, 2
98
SYSCALL
analyzed_bin
writev
108
1, 0x7ffcc9ac9740, 2
52
SYSCALL
analyzed_bin
writev
108
1, 0x7ffcc9ac9740, 2
98
SYSCALL
analyzed_bin
writev
108
1, 0x7ffcc9ac9740, 2
52
SYSCALL
analyzed_bin
writev
108
1, 0x7ffcc9ac9740, 2
98
SYSCALL
analyzed_bin
writev
108
1, 0x7ffcc9ac9740, 2
52
SYSCALL
analyzed_bin
writev
108
1, 0x7ffcc9ac9740, 2
98
SYSCALL
analyzed_bin
writev
108
1, 0x7ffcc9ac9740, 2
52
SYSCALL
analyzed_bin
writev
108
1, 0x7ffcc9ac9740, 2
98
SYSCALL
analyzed_bin
writev
108
1, 0x7ffcc9ac9740, 2
52
SYSCALL
analyzed_bin
writev
108
1, 0x7ffcc9ac9740, 2
98
SYSCALL
analyzed_bin
writev
108
1, 0x7ffcc9ac9740, 2
52
SYSCALL
analyzed_bin
writev
108
1, 0x7ffcc9ac9740, 2
98
SYSCALL
analyzed_bin
writev
108
1, 0x7ffcc9ac9740, 2
52
SYSCALL
analyzed_bin
writev
108
1, 0x7ffcc9ac9740, 2
98
SYSCALL
analyzed_bin
writev
108
1, 0x7ffcc9ac9740, 2
52
SYSCALL
analyzed_bin
writev
108
1, 0x7ffcc9ac9740, 2
98
SYSCALL
analyzed_bin
writev
108
1, 0x7ffcc9ac9740, 2
52
SYSCALL
analyzed_bin
writev
108
1, 0x7ffcc9ac9740, 2
98
SYSCALL
analyzed_bin
writev
108
1, 0x7ffcc9ac9740, 2
52
SYSCALL
analyzed_bin
writev
108
1, 0x7ffcc9ac9740, 2
98
SYSCALL
analyzed_bin
writev
108
1, 0x7ffcc9ac9740, 2
52
SYSCALL
analyzed_bin
writev
108
1, 0x7ffcc9ac9740, 2
98
SYSCALL
analyzed_bin
writev
108
1, 0x7ffcc9ac9740, 2
52
SYSCALL
analyzed_bin
writev
108
1, 0x7ffcc9ac9740, 2
98
SYSCALL
analyzed_bin
writev
108
1, 0x7ffcc9ac9740, 2
52
SYSCALL
analyzed_bin
writev
108
1, 0x7ffcc9ac9740, 2
98
SYSCALL
analyzed_bin
writev
108
1, 0x7ffcc9ac9740, 2
52
SYSCALL
analyzed_bin
writev
108
1, 0x7ffcc9ac9740, 2
98
SYSCALL
analyzed_bin
writev
108
1, 0x7ffcc9ac9740, 2
52
SYSCALL
analyzed_bin
writev
108
1, 0x7ffcc9ac9740, 2
98
SYSCALL
analyzed_bin
writev
108
1, 0x7ffcc9ac9740, 2
52
SYSCALL
analyzed_bin
writev
108
1, 0x7ffcc9ac9740, 2
98
SYSCALL
analyzed_bin
writev
108
1, 0x7ffcc9ac9740, 2
52
SYSCALL
analyzed_bin
writev
108
1, 0x7ffcc9ac9740, 2
98
SYSCALL
analyzed_bin
writev
108
1, 0x7ffcc9ac9740, 2
52
SYSCALL
analyzed_bin
writev
108
1, 0x7ffcc9ac9740, 2
98
SYSCALL
analyzed_bin
writev
108
1, 0x7ffcc9ac9740, 2
52
SYSCALL
analyzed_bin
writev
108
1, 0x7ffcc9ac9740, 2
98
SYSCALL
analyzed_bin
writev
108
1, 0x7ffcc9ac9740, 2
52
SYSCALL
analyzed_bin
writev
108
1, 0x7ffcc9ac9740, 2
98
SYSCALL
analyzed_bin
writev
108
1, 0x7ffcc9ac9740, 2
52
SYSCALL
analyzed_bin
writev
108
1, 0x7ffcc9ac9740, 2
98
SYSCALL
analyzed_bin
writev
108
1, 0x7ffcc9ac9740, 2
52
SYSCALL
analyzed_bin
writev
108
1, 0x7ffcc9ac9740, 2
98
SYSCALL
analyzed_bin
writev
108
1, 0x7ffcc9ac9740, 2
52
SYSCALL
analyzed_bin
writev
108
1, 0x7ffcc9ac9740, 2
98
SYSCALL
analyzed_bin
writev
108
1, 0x7ffcc9ac9740, 2
52
SYSCALL
analyzed_bin
writev
108
1, 0x7ffcc9ac9740, 2
98
SYSCALL
analyzed_bin
writev
108
1, 0x7ffcc9ac9740, 2
52
SYSCALL
analyzed_bin
writev
108
1, 0x7ffcc9ac9740, 2
98
SYSCALL
analyzed_bin
writev
108
1, 0x7ffcc9ac9740, 2
52
SYSCALL
analyzed_bin
writev
108
1, 0x7ffcc9ac9740, 2
98
SYSCALL
analyzed_bin
writev
108
1, 0x7ffcc9ac9740, 2
52
SYSCALL
analyzed_bin
writev
108
1, 0x7ffcc9ac9740, 2
98
SYSCALL
analyzed_bin
writev
108
1, 0x7ffcc9ac9740, 2
52
SYSCALL
analyzed_bin
writev
108
1, 0x7ffcc9ac9740, 2
98
SYSCALL
analyzed_bin
writev
108
1, 0x7ffcc9ac9740, 2
52
SYSCALL
analyzed_bin
writev
108
1, 0x7ffcc9ac9740, 2
98
SYSCALL
analyzed_bin
writev
108
1, 0x7ffcc9ac9740, 2
52
SYSCALL
analyzed_bin
writev
108
1, 0x7ffcc9ac9740, 2
98
SYSCALL
analyzed_bin
writev
108
1, 0x7ffcc9ac9740, 2
52
SYSCALL
analyzed_bin
writev
108
1, 0x7ffcc9ac9740, 2
98
SYSCALL
analyzed_bin
writev
108
1, 0x7ffcc9ac9740, 2
52
SYSCALL
analyzed_bin
writev
108
1, 0x7ffcc9ac9740, 2
98
SYSCALL
analyzed_bin
writev
108
1, 0x7ffcc9ac9740, 2
52
SYSCALL
analyzed_bin
writev
108
1, 0x7ffcc9ac9740, 2
98
SYSCALL
analyzed_bin
writev
108
1, 0x7ffcc9ac9740, 2
52
SYSCALL
analyzed_bin
writev
108
1, 0x7ffcc9ac9740, 2
98
SYSCALL
analyzed_bin
writev
108
1, 0x7ffcc9ac9740, 2
52
SYSCALL
analyzed_bin
writev
108
1, 0x7ffcc9ac9740, 2
98
SYSCALL
analyzed_bin
writev
108
1, 0x7ffcc9ac9740, 2
52
SYSCALL
analyzed_bin
writev
108
1, 0x7ffcc9ac9740, 2
98
SYSCALL
analyzed_bin
writev
108
1, 0x7ffcc9ac9740, 2
52
SYSCALL
analyzed_bin
writev
108
1, 0x7ffcc9ac9740, 2
98
SYSCALL
analyzed_bin
writev
108
1, 0x7ffcc9ac9740, 2
52
SYSCALL
analyzed_bin
writev
108
1, 0x7ffcc9ac9740, 2
98
SYSCALL
analyzed_bin
writev
108
1, 0x7ffcc9ac9740, 2
52
SYSCALL
analyzed_bin
writev
108
1, 0x7ffcc9ac9740, 2
98
SYSCALL
analyzed_bin
writev
108
1, 0x7ffcc9ac9740, 2
52
SYSCALL
analyzed_bin
writev
108
1, 0x7ffcc9ac9740, 2
98
SYSCALL
analyzed_bin
writev
108
1, 0x7ffcc9ac9740, 2
52
SYSCALL
analyzed_bin
writev
108
1, 0x7ffcc9ac9740, 2
98
SYSCALL
analyzed_bin
writev
108
1, 0x7ffcc9ac9740, 2
52
SYSCALL
analyzed_bin
writev
108
1, 0x7ffcc9ac9740, 2
98
SYSCALL
analyzed_bin
writev
108
1, 0x7ffcc9ac9740, 2
52
SYSCALL
analyzed_bin
writev
108
1, 0x7ffcc9ac9740, 2
98
SYSCALL
analyzed_bin
writev
108
1, 0x7ffcc9ac9740, 2
52
SYSCALL
analyzed_bin
writev
108
1, 0x7ffcc9ac9740, 2
98
SYSCALL
analyzed_bin
writev
108
1, 0x7ffcc9ac9740, 2
52
SYSCALL
analyzed_bin
writev
108
1, 0x7ffcc9ac9740, 2
98
SYSCALL
analyzed_bin
writev
108
1, 0x7ffcc9ac9740, 2
52
SYSCALL
analyzed_bin
writev
108
1, 0x7ffcc9ac9740, 2
98
SYSCALL
analyzed_bin
writev
108
1, 0x7ffcc9ac9740, 2
52
SYSCALL
analyzed_bin
writev
108
1, 0x7ffcc9ac9740, 2
98
SYSCALL
analyzed_bin
writev
108
1, 0x7ffcc9ac9740, 2
52
SYSCALL
analyzed_bin
writev
108
1, 0x7ffcc9ac9740, 2
98
SYSCALL
analyzed_bin
writev
108
1, 0x7ffcc9ac9740, 2
52
SYSCALL
analyzed_bin
writev
108
1, 0x7ffcc9ac9740, 2
98
SYSCALL
analyzed_bin
writev
108
1, 0x7ffcc9ac9740, 2
52
SYSCALL
analyzed_bin
writev
108
1, 0x7ffcc9ac9740, 2
98
SYSCALL
analyzed_bin
writev
108
1, 0x7ffcc9ac9740, 2
52
SYSCALL
analyzed_bin
writev
108
1, 0x7ffcc9ac9740, 2
98
SYSCALL
analyzed_bin
writev
108
1, 0x7ffcc9ac9740, 2
52
SYSCALL
analyzed_bin
writev
108
1, 0x7ffcc9ac9740, 2
98
SYSCALL
analyzed_bin
writev
108
1, 0x7ffcc9ac9740, 2
52
SYSCALL
analyzed_bin
writev
108
1, 0x7ffcc9ac9740, 2
98
SYSCALL
analyzed_bin
writev
108
1, 0x7ffcc9ac9740, 2
52
SYSCALL
analyzed_bin
writev
108
1, 0x7ffcc9ac9740, 2
98
SYSCALL
analyzed_bin
writev
108
1, 0x7ffcc9ac9740, 2
52
SYSCALL
analyzed_bin
writev
108
1, 0x7ffcc9ac9740, 2
98
SYSCALL
analyzed_bin
writev
108
1, 0x7ffcc9ac9740, 2
52
SYSCALL
analyzed_bin
writev
108
1, 0x7ffcc9ac9740, 2
98
SYSCALL
analyzed_bin
writev
108
1, 0x7ffcc9ac9740, 2
52
SYSCALL
analyzed_bin
writev
108
1, 0x7ffcc9ac9740, 2
98
SYSCALL
analyzed_bin
writev
108
1, 0x7ffcc9ac9740, 2
52
SYSCALL
analyzed_bin
writev
108
1, 0x7ffcc9ac9740, 2
98
SYSCALL
analyzed_bin
writev
108
1, 0x7ffcc9ac9740, 2
52
SYSCALL
analyzed_bin
writev
108
1, 0x7ffcc9ac9740, 2
98
SYSCALL
analyzed_bin
writev
108
1, 0x7ffcc9ac9740, 2
52
SYSCALL
analyzed_bin
writev
108
1, 0x7ffcc9ac9740, 2
98
SYSCALL
analyzed_bin
writev
108
1, 0x7ffcc9ac9740, 2
52
SYSCALL
analyzed_bin
writev
108
1, 0x7ffcc9ac9740, 2
98
SYSCALL
analyzed_bin
writev
108
1, 0x7ffcc9ac9740, 2
52
SYSCALL
analyzed_bin
writev
108
1, 0x7ffcc9ac9740, 2
98
SYSCALL
analyzed_bin
writev
108
1, 0x7ffcc9ac9740, 2
52
SYSCALL
analyzed_bin
writev
108
1, 0x7ffcc9ac9740, 2
98
SYSCALL
analyzed_bin
writev
108
1, 0x7ffcc9ac9740, 2
52
SYSCALL
analyzed_bin
writev
108
1, 0x7ffcc9ac9740, 2
98
SYSCALL
analyzed_bin
writev
108
1, 0x7ffcc9ac9740, 2
52
SYSCALL
analyzed_bin
writev
108
1, 0x7ffcc9ac9740, 2
98
SYSCALL
analyzed_bin
writev
108
1, 0x7ffcc9ac9740, 2
52
SYSCALL
analyzed_bin
writev
108
1, 0x7ffcc9ac9740, 2
98
SYSCALL
analyzed_bin
writev
108
1, 0x7ffcc9ac9740, 2
52
SYSCALL
analyzed_bin
writev
108
1, 0x7ffcc9ac9740, 2
98
SYSCALL
analyzed_bin
writev
108
1, 0x7ffcc9ac9740, 2
52
SYSCALL
analyzed_bin
writev
108
1, 0x7ffcc9ac9740, 2
98
SYSCALL
analyzed_bin
writev
108
1, 0x7ffcc9ac9740, 2
52
SYSCALL
analyzed_bin
writev
108
1, 0x7ffcc9ac9740, 2
98
SYSCALL
analyzed_bin
writev
108
1, 0x7ffcc9ac9740, 2
52
SYSCALL
analyzed_bin
writev
108
1, 0x7ffcc9ac9740, 2
98
SYSCALL
analyzed_bin
writev
108
1, 0x7ffcc9ac9740, 2
52
SYSCALL
analyzed_bin
writev
108
1, 0x7ffcc9ac9740, 2
98
SYSCALL
analyzed_bin
writev
108
1, 0x7ffcc9ac9740, 2
52
SYSCALL
analyzed_bin
writev
108
1, 0x7ffcc9ac9740, 2
98
SYSCALL
analyzed_bin
writev
108
1, 0x7ffcc9ac9740, 2
52
SYSCALL
analyzed_bin
writev
108
1, 0x7ffcc9ac9740, 2
98
SYSCALL
analyzed_bin
writev
108
1, 0x7ffcc9ac9740, 2
52
SYSCALL
analyzed_bin
writev
108
1, 0x7ffcc9ac9740, 2
98
SYSCALL
analyzed_bin
writev
108
1, 0x7ffcc9ac9740, 2
52
SYSCALL
analyzed_bin
writev
108
1, 0x7ffcc9ac9740, 2
98
SYSCALL
analyzed_bin
writev
108
1, 0x7ffcc9ac9740, 2
52
SYSCALL
analyzed_bin
writev
108
1, 0x7ffcc9ac9740, 2
98
SYSCALL
analyzed_bin
writev
108
1, 0x7ffcc9ac9740, 2
52
SYSCALL
analyzed_bin
writev
108
1, 0x7ffcc9ac9740, 2
98
SYSCALL
analyzed_bin
writev
108
1, 0x7ffcc9ac9740, 2
52
SYSCALL
analyzed_bin
writev
108
1, 0x7ffcc9ac9740, 2
98
SYSCALL
analyzed_bin
writev
108
1, 0x7ffcc9ac9740, 2
52
SYSCALL
analyzed_bin
writev
108
1, 0x7ffcc9ac9740, 2
98
SYSCALL
analyzed_bin
writev
108
1, 0x7ffcc9ac9740, 2
52
SYSCALL
analyzed_bin
writev
108
1, 0x7ffcc9ac9740, 2
98
SYSCALL
analyzed_bin
writev
108
1, 0x7ffcc9ac9740, 2
52
SYSCALL
analyzed_bin
writev
108
1, 0x7ffcc9ac9740, 2
98
SYSCALL
analyzed_bin
writev
108
1, 0x7ffcc9ac9740, 2
52
SYSCALL
analyzed_bin
writev
108
1, 0x7ffcc9ac9740, 2
98
SYSCALL
analyzed_bin
writev
108
1, 0x7ffcc9ac9740, 2
52
SYSCALL
analyzed_bin
writev
108
1, 0x7ffcc9ac9740, 2
98
SYSCALL
analyzed_bin
writev
108
1, 0x7ffcc9ac9740, 2
52
SYSCALL
analyzed_bin
writev
108
1, 0x7ffcc9ac9740, 2
98
SYSCALL
analyzed_bin
writev
108
1, 0x7ffcc9ac9740, 2
52
SYSCALL
analyzed_bin
writev
108
1, 0x7ffcc9ac9740, 2
98
SYSCALL
analyzed_bin
writev
108
1, 0x7ffcc9ac9740, 2
52
SYSCALL
analyzed_bin
writev
108
1, 0x7ffcc9ac9740, 2
98
SYSCALL
analyzed_bin
writev
108
1, 0x7ffcc9ac9740, 2
52
SYSCALL
analyzed_bin
writev
108
1, 0x7ffcc9ac9740, 2
98
SYSCALL
analyzed_bin
writev
108
1, 0x7ffcc9ac9740, 2
52
SYSCALL
analyzed_bin
writev
108
1, 0x7ffcc9ac9740, 2
98
SYSCALL
analyzed_bin
writev
108
1, 0x7ffcc9ac9740, 2
52
SYSCALL
analyzed_bin
writev
108
1, 0x7ffcc9ac9740, 2
98
SYSCALL
analyzed_bin
writev
108
1, 0x7ffcc9ac9740, 2
52
SYSCALL
analyzed_bin
writev
108
1, 0x7ffcc9ac9740, 2
98
SYSCALL
analyzed_bin
writev
108
1, 0x7ffcc9ac9740, 2
52
SYSCALL
analyzed_bin
writev
108
1, 0x7ffcc9ac9740, 2
98
SYSCALL
analyzed_bin
writev
108
1, 0x7ffcc9ac9740, 2
52
SYSCALL
analyzed_bin
writev
108
1, 0x7ffcc9ac9740, 2
98
SYSCALL
analyzed_bin
writev
108
1, 0x7ffcc9ac9740, 2
52
SYSCALL
analyzed_bin
writev
108
1, 0x7ffcc9ac9740, 2
98
SYSCALL
analyzed_bin
writev
108
1, 0x7ffcc9ac9740, 2
52
SYSCALL
analyzed_bin
writev
108
1, 0x7ffcc9ac9740, 2
98
SYSCALL
analyzed_bin
writev
108
1, 0x7ffcc9ac9740, 2
52
SYSCALL
analyzed_bin
writev
108
1, 0x7ffcc9ac9740, 2
98
SYSCALL
analyzed_bin
writev
108
1, 0x7ffcc9ac9740, 2
52
SYSCALL
analyzed_bin
writev
108
1, 0x7ffcc9ac9740, 2
98
SYSCALL
analyzed_bin
writev
108
1, 0x7ffcc9ac9740, 2
52
SYSCALL
analyzed_bin
writev
108
1, 0x7ffcc9ac9740, 2
98
SYSCALL
analyzed_bin
writev
108
1, 0x7ffcc9ac9740, 2
52
SYSCALL
analyzed_bin
writev
108
1, 0x7ffcc9ac9740, 2
98
SYSCALL
analyzed_bin
writev
108
1, 0x7ffcc9ac9740, 2
52
SYSCALL
analyzed_bin
writev
108
1, 0x7ffcc9ac9740, 2
98
SYSCALL
analyzed_bin
writev
108
1, 0x7ffcc9ac9740, 2
52
SYSCALL
analyzed_bin
writev
108
1, 0x7ffcc9ac9740, 2
98
SYSCALL
analyzed_bin
writev
108
1, 0x7ffcc9ac9740, 2
52
SYSCALL
analyzed_bin
writev
108
1, 0x7ffcc9ac9740, 2
98
SYSCALL
analyzed_bin
writev
108
1, 0x7ffcc9ac9740, 2
52
SYSCALL
analyzed_bin
writev
108
1, 0x7ffcc9ac9740, 2
98
SYSCALL
analyzed_bin
writev
108
1, 0x7ffcc9ac9740, 2
52
SYSCALL
analyzed_bin
writev
108
1, 0x7ffcc9ac9740, 2
98
SYSCALL
analyzed_bin
writev
108
1, 0x7ffcc9ac9740, 2
52
SYSCALL
analyzed_bin
writev
108
1, 0x7ffcc9ac9740, 2
98
SYSCALL
analyzed_bin
writev
108
1, 0x7ffcc9ac9740, 2
52
SYSCALL
analyzed_bin
writev
108
1, 0x7ffcc9ac9740, 2
98
SYSCALL
analyzed_bin
writev
108
1, 0x7ffcc9ac9740, 2
52
SYSCALL
analyzed_bin
writev
108
1, 0x7ffcc9ac9740, 2
98
SYSCALL
analyzed_bin
writev
108
1, 0x7ffcc9ac9740, 2
52
SYSCALL
analyzed_bin
writev
108
1, 0x7ffcc9ac9740, 2
98
SYSCALL
analyzed_bin
writev
108
1, 0x7ffcc9ac9740, 2
52
SYSCALL
analyzed_bin
writev
108
1, 0x7ffcc9ac9740, 2
98
SYSCALL
analyzed_bin
writev
108
1, 0x7ffcc9ac9740, 2
52
SYSCALL
analyzed_bin
writev
108
1, 0x7ffcc9ac9740, 2
98
SYSCALL
analyzed_bin
writev
108
1, 0x7ffcc9ac9740, 2
52
SYSCALL
analyzed_bin
writev
108
1, 0x7ffcc9ac9740, 2
98
SYSCALL
analyzed_bin
writev
108
1, 0x7ffcc9ac9740, 2
52
SYSCALL
analyzed_bin
writev
108
1, 0x7ffcc9ac9740, 2
98
SYSCALL
analyzed_bin
writev
108
1, 0x7ffcc9ac9740, 2
52
SYSCALL
analyzed_bin
writev
108
1, 0x7ffcc9ac9740, 2
98
SYSCALL
analyzed_bin
writev
108
1, 0x7ffcc9ac9740, 2
52
SYSCALL
analyzed_bin
writev
108
1, 0x7ffcc9ac9740, 2
98
SYSCALL
analyzed_bin
writev
108
1, 0x7ffcc9ac9740, 2
52
SYSCALL
analyzed_bin
writev
108
1, 0x7ffcc9ac9740, 2
98
SYSCALL
analyzed_bin
writev
108
1, 0x7ffcc9ac9740, 2
52
SYSCALL
analyzed_bin
writev
108
1, 0x7ffcc9ac9740, 2
98
SYSCALL
analyzed_bin
writev
108
1, 0x7ffcc9ac9740, 2
52
SYSCALL
analyzed_bin
writev
108
1, 0x7ffcc9ac9740, 2
98
SYSCALL
analyzed_bin
writev
108
1, 0x7ffcc9ac9740, 2
52
SYSCALL
analyzed_bin
writev
108
1, 0x7ffcc9ac9740, 2
98
SYSCALL
analyzed_bin
writev
108
1, 0x7ffcc9ac9740, 2
52
SYSCALL
analyzed_bin
writev
108
1, 0x7ffcc9ac9740, 2
98
SYSCALL
analyzed_bin
writev
108
1, 0x7ffcc9ac9740, 2
52
SYSCALL
analyzed_bin
writev
108
1, 0x7ffcc9ac9740, 2
98
SYSCALL
analyzed_bin
writev
108
1, 0x7ffcc9ac9740, 2
52
SYSCALL
analyzed_bin
writev
108
1, 0x7ffcc9ac9740, 2
98
SYSCALL
analyzed_bin
writev
108
1, 0x7ffcc9ac9740, 2
52
SYSCALL
analyzed_bin
writev
108
1, 0x7ffcc9ac9740, 2
98
SYSCALL
analyzed_bin
writev
108
1, 0x7ffcc9ac9740, 2
52
SYSCALL
analyzed_bin
writev
108
1, 0x7ffcc9ac9740, 2
98
SYSCALL
analyzed_bin
writev
108
1, 0x7ffcc9ac9740, 2
52
SYSCALL
analyzed_bin
writev
108
1, 0x7ffcc9ac9740, 2
98
SYSCALL
analyzed_bin
writev
108
1, 0x7ffcc9ac9740, 2
52
SYSCALL
analyzed_bin
writev
108
1, 0x7ffcc9ac9740, 2
98
SYSCALL
analyzed_bin
writev
108
1, 0x7ffcc9ac9740, 2
52
SYSCALL
analyzed_bin
writev
108
1, 0x7ffcc9ac9740, 2
98
SYSCALL
analyzed_bin
writev
108
1, 0x7ffcc9ac9740, 2
52
SYSCALL
analyzed_bin
writev
108
1, 0x7ffcc9ac9740, 2
98
SYSCALL
analyzed_bin
writev
108
1, 0x7ffcc9ac9740, 2
52
SYSCALL
analyzed_bin
writev
108
1, 0x7ffcc9ac9740, 2
98
SYSCALL
analyzed_bin
writev
108
1, 0x7ffcc9ac9740, 2
52
SYSCALL
analyzed_bin
writev
108
1, 0x7ffcc9ac9740, 2
98
SYSCALL
analyzed_bin
writev
108
1, 0x7ffcc9ac9740, 2
52
SYSCALL
analyzed_bin
writev
108
1, 0x7ffcc9ac9740, 2
98
SYSCALL
analyzed_bin
writev
108
1, 0x7ffcc9ac9740, 2
52
SYSCALL
analyzed_bin
writev
108
1, 0x7ffcc9ac9740, 2
98
SYSCALL
analyzed_bin
writev
108
1, 0x7ffcc9ac9740, 2
52
SYSCALL
analyzed_bin
writev
108
1, 0x7ffcc9ac9740, 2
98
SYSCALL
analyzed_bin
writev
108
1, 0x7ffcc9ac9740, 2
52
SYSCALL
analyzed_bin
writev
108
1, 0x7ffcc9ac9740, 2
98
SYSCALL
analyzed_bin
writev
108
1, 0x7ffcc9ac9740, 2
52
SYSCALL
analyzed_bin
writev
108
1, 0x7ffcc9ac9740, 2
98
SYSCALL
analyzed_bin
writev
108
1, 0x7ffcc9ac9740, 2
52
SYSCALL
analyzed_bin
writev
108
1, 0x7ffcc9ac9740, 2
98
SYSCALL
analyzed_bin
writev
108
1, 0x7ffcc9ac9740, 2
52
SYSCALL
analyzed_bin
writev
108
1, 0x7ffcc9ac9740, 2
98
SYSCALL
analyzed_bin
writev
108
1, 0x7ffcc9ac9740, 2
52
SYSCALL
analyzed_bin
writev
108
1, 0x7ffcc9ac9740, 2
98
SYSCALL
analyzed_bin
writev
108
1, 0x7ffcc9ac9740, 2
52
SYSCALL
analyzed_bin
writev
108
1, 0x7ffcc9ac9740, 2
98
SYSCALL
analyzed_bin
writev
108
1, 0x7ffcc9ac9740, 2
52
SYSCALL
analyzed_bin
writev
108
1, 0x7ffcc9ac9740, 2
98
SYSCALL
analyzed_bin
writev
108
1, 0x7ffcc9ac9740, 2
52
SYSCALL
analyzed_bin
writev
108
1, 0x7ffcc9ac9740, 2
98
SYSCALL
analyzed_bin
writev
108
1, 0x7ffcc9ac9740, 2
52
SYSCALL
analyzed_bin
writev
108
1, 0x7ffcc9ac9740, 2
98
SYSCALL
analyzed_bin
writev
108
1, 0x7ffcc9ac9740, 2
52
SYSCALL
analyzed_bin
writev
108
1, 0x7ffcc9ac9740, 2
98
SYSCALL
analyzed_bin
writev
108
1, 0x7ffcc9ac9740, 2
52
SYSCALL
analyzed_bin
writev
108
1, 0x7ffcc9ac9740, 2
98
SYSCALL
analyzed_bin
writev
108
1, 0x7ffcc9ac9740, 2
52
SYSCALL
analyzed_bin
writev
108
1, 0x7ffcc9ac9740, 2
98
SYSCALL
analyzed_bin
writev
108
1, 0x7ffcc9ac9740, 2
52
SYSCALL
analyzed_bin
writev
108
1, 0x7ffcc9ac9740, 2
98
SYSCALL
analyzed_bin
writev
108
1, 0x7ffcc9ac9740, 2
52
SYSCALL
analyzed_bin
writev
108
1, 0x7ffcc9ac9740, 2
98
SYSCALL
analyzed_bin
writev
108
1, 0x7ffcc9ac9740, 2
52
SYSCALL
analyzed_bin
writev
108
1, 0x7ffcc9ac9740, 2
98
SYSCALL
analyzed_bin
writev
108
1, 0x7ffcc9ac9740, 2
52
SYSCALL
analyzed_bin
writev
108
1, 0x7ffcc9ac9740, 2
98
SYSCALL
analyzed_bin
writev
108
1, 0x7ffcc9ac9740, 2
52
SYSCALL
analyzed_bin
writev
108
1, 0x7ffcc9ac9740, 2
98
SYSCALL
analyzed_bin
writev
108
1, 0x7ffcc9ac9740, 2
52
SYSCALL
analyzed_bin
writev
108
1, 0x7ffcc9ac9740, 2
98
SYSCALL
analyzed_bin
writev
108
1, 0x7ffcc9ac9740, 2
52
SYSCALL
analyzed_bin
writev
108
1, 0x7ffcc9ac9740, 2
98
SYSCALL
analyzed_bin
writev
108
1, 0x7ffcc9ac9740, 2
52
SYSCALL
analyzed_bin
writev
108
1, 0x7ffcc9ac9740, 2
98
SYSCALL
analyzed_bin
writev
108
1, 0x7ffcc9ac9740, 2
52
SYSCALL
analyzed_bin
writev
108
1, 0x7ffcc9ac9740, 2
98
SYSCALL
analyzed_bin
writev
108
1, 0x7ffcc9ac9740, 2
52
SYSCALL
analyzed_bin
writev
108
1, 0x7ffcc9ac9740, 2
98
SYSCALL
analyzed_bin
writev
108
1, 0x7ffcc9ac9740, 2
52
SYSCALL
analyzed_bin
writev
108
1, 0x7ffcc9ac9740, 2
98
SYSCALL
analyzed_bin
writev
108
1, 0x7ffcc9ac9740, 2
52
SYSCALL
analyzed_bin
writev
108
1, 0x7ffcc9ac9740, 2
98
SYSCALL
analyzed_bin
writev
108
1, 0x7ffcc9ac9740, 2
52
SYSCALL
analyzed_bin
writev
108
1, 0x7ffcc9ac9740, 2
98
SYSCALL
analyzed_bin
writev
108
1, 0x7ffcc9ac9740, 2
52
SYSCALL
analyzed_bin
writev
108
1, 0x7ffcc9ac9740, 2
98
SYSCALL
analyzed_bin
writev
108
1, 0x7ffcc9ac9740, 2
52
SYSCALL
analyzed_bin
writev
108
1, 0x7ffcc9ac9740, 2
98
SYSCALL
analyzed_bin
writev
108
1, 0x7ffcc9ac9740, 2
52
SYSCALL
analyzed_bin
writev
108
1, 0x7ffcc9ac9740, 2
98
SYSCALL
analyzed_bin
writev
108
1, 0x7ffcc9ac9740, 2
52
SYSCALL
analyzed_bin
writev
108
1, 0x7ffcc9ac9740, 2
98
SYSCALL
analyzed_bin
writev
108
1, 0x7ffcc9ac9740, 2
52
SYSCALL
analyzed_bin
writev
108
1, 0x7ffcc9ac9740, 2
98
SYSCALL
analyzed_bin
writev
108
1, 0x7ffcc9ac9740, 2
52
SYSCALL
analyzed_bin
writev
108
1, 0x7ffcc9ac9740, 2
98
SYSCALL
analyzed_bin
writev
108
1, 0x7ffcc9ac9740, 2
52
SYSCALL
analyzed_bin
writev
108
1, 0x7ffcc9ac9740, 2
98
SYSCALL
analyzed_bin
writev
108
1, 0x7ffcc9ac9740, 2
52
SYSCALL
analyzed_bin
writev
108
1, 0x7ffcc9ac9740, 2
98
SYSCALL
analyzed_bin
writev
108
1, 0x7ffcc9ac9740, 2
52
SYSCALL
analyzed_bin
writev
108
1, 0x7ffcc9ac9740, 2
98
SYSCALL
analyzed_bin
writev
108
1, 0x7ffcc9ac9740, 2
52
SYSCALL
analyzed_bin
writev
108
1, 0x7ffcc9ac9740, 2
98
SYSCALL
analyzed_bin
writev
108
1, 0x7ffcc9ac9740, 2
52
SYSCALL
analyzed_bin
writev
108
1, 0x7ffcc9ac9740, 2
98
SYSCALL
analyzed_bin
writev
108
1, 0x7ffcc9ac9740, 2
52
SYSCALL
analyzed_bin
writev
108
1, 0x7ffcc9ac9740, 2
98
SYSCALL
analyzed_bin
writev
108
1, 0x7ffcc9ac9740, 2
52
SYSCALL
analyzed_bin
writev
108
1, 0x7ffcc9ac9740, 2
98
SYSCALL
analyzed_bin
writev
108
1, 0x7ffcc9ac9740, 2
52
SYSCALL
analyzed_bin
writev
108
1, 0x7ffcc9ac9740, 2
98
SYSCALL
analyzed_bin
writev
108
1, 0x7ffcc9ac9740, 2
52
SYSCALL
analyzed_bin
writev
108
1, 0x7ffcc9ac9740, 2
98
SYSCALL
analyzed_bin
writev
108
1, 0x7ffcc9ac9740, 2
52
SYSCALL
analyzed_bin
writev
108
1, 0x7ffcc9ac9740, 2
98
SYSCALL
analyzed_bin
writev
108
1, 0x7ffcc9ac9740, 2
52
SYSCALL
analyzed_bin
writev
108
1, 0x7ffcc9ac9740, 2
98
SYSCALL
analyzed_bin
writev
108
1, 0x7ffcc9ac9740, 2
52
SYSCALL
analyzed_bin
writev
108
1, 0x7ffcc9ac9740, 2
98
SYSCALL
analyzed_bin
writev
108
1, 0x7ffcc9ac9740, 2
52
SYSCALL
analyzed_bin
writev
108
1, 0x7ffcc9ac9740, 2
98
SYSCALL
analyzed_bin
writev
108
1, 0x7ffcc9ac9740, 2
52
SYSCALL
analyzed_bin
writev
108
1, 0x7ffcc9ac9740, 2
98
SYSCALL
analyzed_bin
writev
108
1, 0x7ffcc9ac9740, 2
52
SYSCALL
analyzed_bin
writev
108
1, 0x7ffcc9ac9740, 2
98
SYSCALL
analyzed_bin
writev
108
1, 0x7ffcc9ac9740, 2
52
SYSCALL
analyzed_bin
writev
108
1, 0x7ffcc9ac9740, 2
98
SYSCALL
analyzed_bin
writev
108
1, 0x7ffcc9ac9740, 2
52
SYSCALL
analyzed_bin
writev
108
1, 0x7ffcc9ac9740, 2
98
SYSCALL
analyzed_bin
writev
108
1, 0x7ffcc9ac9740, 2
52
SYSCALL
analyzed_bin
writev
108
1, 0x7ffcc9ac9740, 2
98
SYSCALL
analyzed_bin
writev
108
1, 0x7ffcc9ac9740, 2
52
SYSCALL
analyzed_bin
writev
108
1, 0x7ffcc9ac9740, 2
98
SYSCALL
analyzed_bin
writev
108
1, 0x7ffcc9ac9740, 2
52
SYSCALL
analyzed_bin
writev
108
1, 0x7ffcc9ac9740, 2
98
SYSCALL
analyzed_bin
writev
108
1, 0x7ffcc9ac9740, 2
52
SYSCALL
analyzed_bin
writev
108
1, 0x7ffcc9ac9740, 2
98
SYSCALL
analyzed_bin
writev
108
1, 0x7ffcc9ac9740, 2
52
SYSCALL
analyzed_bin
writev
108
1, 0x7ffcc9ac9740, 2
98
SYSCALL
analyzed_bin
writev
108
1, 0x7ffcc9ac9740, 2
52
SYSCALL
analyzed_bin
writev
108
1, 0x7ffcc9ac9740, 2
98
SYSCALL
analyzed_bin
writev
108
1, 0x7ffcc9ac9740, 2
52
SYSCALL
analyzed_bin
writev
108
1, 0x7ffcc9ac9740, 2
98
SYSCALL
analyzed_bin
writev
108
1, 0x7ffcc9ac9740, 2
52
SYSCALL
analyzed_bin
writev
108
1, 0x7ffcc9ac9740, 2
98
SYSCALL
analyzed_bin
writev
108
1, 0x7ffcc9ac9740, 2
52
SYSCALL
analyzed_bin
writev
108
1, 0x7ffcc9ac9740, 2
98
SYSCALL
analyzed_bin
writev
108
1, 0x7ffcc9ac9740, 2
52
SYSCALL
analyzed_bin
writev
108
1, 0x7ffcc9ac9740, 2
98
SYSCALL
analyzed_bin
writev
108
1, 0x7ffcc9ac9740, 2
52
SYSCALL
analyzed_bin
writev
108
1, 0x7ffcc9ac9740, 2
98
SYSCALL
analyzed_bin
writev
108
1, 0x7ffcc9ac9740, 2
52
SYSCALL
analyzed_bin
writev
108
1, 0x7ffcc9ac9740, 2
98
SYSCALL
analyzed_bin
writev
108
1, 0x7ffcc9ac9740, 2
52
SYSCALL
analyzed_bin
writev
108
1, 0x7ffcc9ac9740, 2
98
SYSCALL
analyzed_bin
writev
108
1, 0x7ffcc9ac9740, 2
52
SYSCALL
analyzed_bin
writev
108
1, 0x7ffcc9ac9740, 2
98
SYSCALL
analyzed_bin
writev
108
1, 0x7ffcc9ac9740, 2
52
SYSCALL
analyzed_bin
writev
108
1, 0x7ffcc9ac9740, 2
98
SYSCALL
analyzed_bin
writev
108
1, 0x7ffcc9ac9740, 2
52
SYSCALL
analyzed_bin
writev
108
1, 0x7ffcc9ac9740, 2
98
SYSCALL
analyzed_bin
writev
108
1, 0x7ffcc9ac9740, 2
52
SYSCALL
analyzed_bin
writev
108
1, 0x7ffcc9ac9740, 2
98
SYSCALL
analyzed_bin
writev
108
1, 0x7ffcc9ac9740, 2
52
SYSCALL
analyzed_bin
writev
108
1, 0x7ffcc9ac9740, 2
98
SYSCALL
analyzed_bin
writev
108
1, 0x7ffcc9ac9740, 2
52
SYSCALL
analyzed_bin
writev
108
1, 0x7ffcc9ac9740, 2
98
SYSCALL
analyzed_bin
writev
108
1, 0x7ffcc9ac9740, 2
52
SYSCALL
analyzed_bin
writev
108
1, 0x7ffcc9ac9740, 2
98
SYSCALL
analyzed_bin
writev
108
1, 0x7ffcc9ac9740, 2
52
SYSCALL
analyzed_bin
writev
108
1, 0x7ffcc9ac9740, 2
98
SYSCALL
analyzed_bin
writev
108
1, 0x7ffcc9ac9740, 2
52
SYSCALL
analyzed_bin
writev
108
1, 0x7ffcc9ac9740, 2
98
SYSCALL
analyzed_bin
writev
108
1, 0x7ffcc9ac9740, 2
52
SYSCALL
analyzed_bin
writev
108
1, 0x7ffcc9ac9740, 2
98
SYSCALL
analyzed_bin
writev
108
1, 0x7ffcc9ac9740, 2
52
SYSCALL
analyzed_bin
writev
108
1, 0x7ffcc9ac9740, 2
98
SYSCALL
analyzed_bin
writev
108
1, 0x7ffcc9ac9740, 2
52
SYSCALL
analyzed_bin
writev
108
1, 0x7ffcc9ac9740, 2
98
SYSCALL
analyzed_bin
writev
108
1, 0x7ffcc9ac9740, 2
52
SYSCALL
analyzed_bin
writev
108
1, 0x7ffcc9ac9740, 2
98
SYSCALL
analyzed_bin
writev
108
1, 0x7ffcc9ac9740, 2
52
SYSCALL
analyzed_bin
writev
108
1, 0x7ffcc9ac9740, 2
98
SYSCALL
analyzed_bin
writev
108
1, 0x7ffcc9ac9740, 2
52
SYSCALL
analyzed_bin
writev
108
1, 0x7ffcc9ac9740, 2
98
SYSCALL
analyzed_bin
writev
108
1, 0x7ffcc9ac9740, 2
52
SYSCALL
analyzed_bin
writev
108
1, 0x7ffcc9ac9740, 2
98
SYSCALL
analyzed_bin
writev
108
1, 0x7ffcc9ac9740, 2
52
SYSCALL
analyzed_bin
writev
108
1, 0x7ffcc9ac9740, 2
98
SYSCALL
analyzed_bin
writev
108
1, 0x7ffcc9ac9740, 2
52
SYSCALL
analyzed_bin
writev
108
1, 0x7ffcc9ac9740, 2
98
SYSCALL
analyzed_bin
writev
108
1, 0x7ffcc9ac9740, 2
52
SYSCALL
analyzed_bin
writev
108
1, 0x7ffcc9ac9740, 2
98
SYSCALL
analyzed_bin
writev
108
1, 0x7ffcc9ac9740, 2
52
SYSCALL
analyzed_bin
writev
108
1, 0x7ffcc9ac9740, 2
98
SYSCALL
analyzed_bin
writev
108
1, 0x7ffcc9ac9740, 2
52
SYSCALL
analyzed_bin
writev
108
1, 0x7ffcc9ac9740, 2
98
SYSCALL
analyzed_bin
writev
108
1, 0x7ffcc9ac9740, 2
52
SYSCALL
analyzed_bin
writev
108
1, 0x7ffcc9ac9740, 2
98
SYSCALL
analyzed_bin
writev
108
1, 0x7ffcc9ac9740, 2
52
SYSCALL
analyzed_bin
writev
108
1, 0x7ffcc9ac9740, 2
98
SYSCALL
analyzed_bin
writev
108
1, 0x7ffcc9ac9740, 2
52
SYSCALL
analyzed_bin
writev
108
1, 0x7ffcc9ac9740, 2
98
SYSCALL
analyzed_bin
writev
108
1, 0x7ffcc9ac9740, 2
52
SYSCALL
analyzed_bin
writev
108
1, 0x7ffcc9ac9740, 2
98
SYSCALL
analyzed_bin
writev
108
1, 0x7ffcc9ac9740, 2
52
SYSCALL
analyzed_bin
writev
108
1, 0x7ffcc9ac9740, 2
98
SYSCALL
analyzed_bin
writev
108
1, 0x7ffcc9ac9740, 2
52
SYSCALL
analyzed_bin
writev
108
1, 0x7ffcc9ac9740, 2
98
SYSCALL
analyzed_bin
writev
108
1, 0x7ffcc9ac9740, 2
52
SYSCALL
analyzed_bin
writev
108
1, 0x7ffcc9ac9740, 2
98
SYSCALL
analyzed_bin
writev
108
1, 0x7ffcc9ac9740, 2
52
SYSCALL
analyzed_bin
writev
108
1, 0x7ffcc9ac9740, 2
98
SYSCALL
analyzed_bin
writev
108
1, 0x7ffcc9ac9740, 2
52
SYSCALL
analyzed_bin
writev
108
1, 0x7ffcc9ac9740, 2
98
SYSCALL
analyzed_bin
writev
108
1, 0x7ffcc9ac9740, 2
52
SYSCALL
analyzed_bin
writev
108
1, 0x7ffcc9ac9740, 2
98
SYSCALL
analyzed_bin
writev
108
1, 0x7ffcc9ac9740, 2
52
SYSCALL
analyzed_bin
writev
108
1, 0x7ffcc9ac9740, 2
98
SYSCALL
analyzed_bin
writev
108
1, 0x7ffcc9ac9740, 2
52
SYSCALL
analyzed_bin
writev
108
1, 0x7ffcc9ac9740, 2
98
SYSCALL
analyzed_bin
writev
108
1, 0x7ffcc9ac9740, 2
52
SYSCALL
analyzed_bin
writev
108
1, 0x7ffcc9ac9740, 2
98
SYSCALL
analyzed_bin
writev
108
1, 0x7ffcc9ac9740, 2
52
SYSCALL
analyzed_bin
writev
108
1, 0x7ffcc9ac9740, 2
98
SYSCALL
analyzed_bin
writev
108
1, 0x7ffcc9ac9740, 2
52
SYSCALL
analyzed_bin
writev
108
1, 0x7ffcc9ac9740, 2
98
SYSCALL
analyzed_bin
writev
108
1, 0x7ffcc9ac9740, 2
52
SYSCALL
analyzed_bin
writev
108
1, 0x7ffcc9ac9740, 2
98
SYSCALL
analyzed_bin
writev
108
1, 0x7ffcc9ac9740, 2
52
SYSCALL
analyzed_bin
writev
108
1, 0x7ffcc9ac9740, 2
98
SYSCALL
analyzed_bin
writev
108
1, 0x7ffcc9ac9740, 2
52
SYSCALL
analyzed_bin
writev
108
1, 0x7ffcc9ac9740, 2
98
SYSCALL
analyzed_bin
writev
108
1, 0x7ffcc9ac9740, 2
52
SYSCALL
analyzed_bin
writev
108
1, 0x7ffcc9ac9740, 2
98
SYSCALL
analyzed_bin
writev
108
1, 0x7ffcc9ac9740, 2
52
SYSCALL
analyzed_bin
writev
108
1, 0x7ffcc9ac9740, 2
98
SYSCALL
analyzed_bin
writev
108
1, 0x7ffcc9ac9740, 2
52
SYSCALL
analyzed_bin
writev
108
1, 0x7ffcc9ac9740, 2
98
SYSCALL
analyzed_bin
writev
108
1, 0x7ffcc9ac9740, 2
52
SYSCALL
analyzed_bin
writev
108
1, 0x7ffcc9ac9740, 2
98
SYSCALL
analyzed_bin
writev
108
1, 0x7ffcc9ac9740, 2
52
SYSCALL
analyzed_bin
writev
108
1, 0x7ffcc9ac9740, 2
98
SYSCALL
analyzed_bin
writev
108
1, 0x7ffcc9ac9740, 2
52
SYSCALL
analyzed_bin
writev
108
1, 0x7ffcc9ac9740, 2
98
SYSCALL
analyzed_bin
writev
108
1, 0x7ffcc9ac9740, 2
52
SYSCALL
analyzed_bin
writev
108
1, 0x7ffcc9ac9740, 2
98
SYSCALL
analyzed_bin
writev
108
1, 0x7ffcc9ac9740, 2
52
SYSCALL
analyzed_bin
writev
108
1, 0x7ffcc9ac9740, 2
98
SYSCALL
analyzed_bin
writev
108
1, 0x7ffcc9ac9740, 2
52
SYSCALL
analyzed_bin
writev
108
1, 0x7ffcc9ac9740, 2
98
SYSCALL
analyzed_bin
writev
108
1, 0x7ffcc9ac9740, 2
52
SYSCALL
analyzed_bin
writev
108
1, 0x7ffcc9ac9740, 2
98
SYSCALL
analyzed_bin
writev
108
1, 0x7ffcc9ac9740, 2
52
SYSCALL
analyzed_bin
writev
108
1, 0x7ffcc9ac9740, 2
98
SYSCALL
analyzed_bin
writev
108
1, 0x7ffcc9ac9740, 2
52
SYSCALL
analyzed_bin
writev
108
1, 0x7ffcc9ac9740, 2
98
SYSCALL
analyzed_bin
writev
108
1, 0x7ffcc9ac9740, 2
52
SYSCALL
analyzed_bin
writev
108
1, 0x7ffcc9ac9740, 2
98
SYSCALL
analyzed_bin
writev
108
1, 0x7ffcc9ac9740, 2
52
SYSCALL
analyzed_bin
writev
108
1, 0x7ffcc9ac9740, 2
98
SYSCALL
analyzed_bin
writev
108
1, 0x7ffcc9ac9740, 2
52
SYSCALL
analyzed_bin
writev
108
1, 0x7ffcc9ac9740, 2
98
SYSCALL
analyzed_bin
writev
108
1, 0x7ffcc9ac9740, 2
52
SYSCALL
analyzed_bin
writev
108
1, 0x7ffcc9ac9740, 2
98
SYSCALL
analyzed_bin
writev
108
1, 0x7ffcc9ac9740, 2
52
SYSCALL
analyzed_bin
writev
108
1, 0x7ffcc9ac9740, 2
98
SYSCALL
analyzed_bin
writev
108
1, 0x7ffcc9ac9740, 2
52
SYSCALL
analyzed_bin
writev
108
1, 0x7ffcc9ac9740, 2
98
SYSCALL
analyzed_bin
writev
108
1, 0x7ffcc9ac9740, 2
52
SYSCALL
analyzed_bin
writev
108
1, 0x7ffcc9ac9740, 2
98
SYSCALL
analyzed_bin
writev
108
1, 0x7ffcc9ac9740, 2
52
SYSCALL
analyzed_bin
writev
108
1, 0x7ffcc9ac9740, 2
98
SYSCALL
analyzed_bin
writev
108
1, 0x7ffcc9ac9740, 2
52
SYSCALL
analyzed_bin
writev
108
1, 0x7ffcc9ac9740, 2
98
SYSCALL
analyzed_bin
writev
108
1, 0x7ffcc9ac9740, 2
52
SYSCALL
analyzed_bin
writev
108
1, 0x7ffcc9ac9740, 2
98
SYSCALL
analyzed_bin
writev
108
1, 0x7ffcc9ac9740, 2
52
SYSCALL
analyzed_bin
writev
108
1, 0x7ffcc9ac9740, 2
98
SYSCALL
analyzed_bin
writev
108
1, 0x7ffcc9ac9740, 2
52
SYSCALL
analyzed_bin
writev
108
1, 0x7ffcc9ac9740, 2
98
SYSCALL
analyzed_bin
writev
108
1, 0x7ffcc9ac9740, 2
52
SYSCALL
analyzed_bin
writev
108
1, 0x7ffcc9ac9740, 2
98
SYSCALL
analyzed_bin
writev
108
1, 0x7ffcc9ac9740, 2
52
SYSCALL
analyzed_bin
writev
108
1, 0x7ffcc9ac9740, 2
98
SYSCALL
analyzed_bin
writev
108
1, 0x7ffcc9ac9740, 2
52
SYSCALL
analyzed_bin
writev
108
1, 0x7ffcc9ac9740, 2
98
SYSCALL
analyzed_bin
writev
108
1, 0x7ffcc9ac9740, 2
52
SYSCALL
analyzed_bin
writev
108
1, 0x7ffcc9ac9740, 2
98
SYSCALL
analyzed_bin
writev
108
1, 0x7ffcc9ac9740, 2
52
SYSCALL
analyzed_bin
writev
108
1, 0x7ffcc9ac9740, 2
98
SYSCALL
analyzed_bin
writev
108
1, 0x7ffcc9ac9740, 2
52
SYSCALL
analyzed_bin
writev
108
1, 0x7ffcc9ac9740, 2
98
SYSCALL
analyzed_bin
writev
108
1, 0x7ffcc9ac9740, 2
52
SYSCALL
analyzed_bin
writev
108
1, 0x7ffcc9ac9740, 2
98
SYSCALL
analyzed_bin
writev
108
1, 0x7ffcc9ac9740, 2
52
SYSCALL
analyzed_bin
writev
108
1, 0x7ffcc9ac9740, 2
98
SYSCALL
analyzed_bin
writev
108
1, 0x7ffcc9ac9740, 2
52
SYSCALL
analyzed_bin
writev
108
1, 0x7ffcc9ac9740, 2
98
SYSCALL
analyzed_bin
writev
108
1, 0x7ffcc9ac9740, 2
52
SYSCALL
analyzed_bin
writev
108
1, 0x7ffcc9ac9740, 2
98
SYSCALL
analyzed_bin
writev
108
1, 0x7ffcc9ac9740, 2
52
SYSCALL
analyzed_bin
writev
108
1, 0x7ffcc9ac9740, 2
98
SYSCALL
analyzed_bin
writev
108
1, 0x7ffcc9ac9740, 2
52
SYSCALL
analyzed_bin
writev
108
1, 0x7ffcc9ac9740, 2
98
SYSCALL
analyzed_bin
writev
108
1, 0x7ffcc9ac9740, 2
52
SYSCALL
analyzed_bin
writev
108
1, 0x7ffcc9ac9740, 2
98
SYSCALL
analyzed_bin
writev
108
1, 0x7ffcc9ac9740, 2
52
SYSCALL
analyzed_bin
writev
108
1, 0x7ffcc9ac9740, 2
98
SYSCALL
analyzed_bin
writev
108
1, 0x7ffcc9ac9740, 2
52
SYSCALL
analyzed_bin
writev
108
1, 0x7ffcc9ac9740, 2
98
SYSCALL
analyzed_bin
writev
108
1, 0x7ffcc9ac9740, 2
52
SYSCALL
analyzed_bin
writev
108
1, 0x7ffcc9ac9740, 2
98
SYSCALL
analyzed_bin
writev
108
1, 0x7ffcc9ac9740, 2
52
SYSCALL
analyzed_bin
writev
108
1, 0x7ffcc9ac9740, 2
98
SYSCALL
analyzed_bin
writev
108
1, 0x7ffcc9ac9740, 2
52
SYSCALL
analyzed_bin
writev
108
1, 0x7ffcc9ac9740, 2
98
SYSCALL
analyzed_bin
writev
108
1, 0x7ffcc9ac9740, 2
52
SYSCALL
analyzed_bin
writev
108
1, 0x7ffcc9ac9740, 2
98
SYSCALL
analyzed_bin
writev
108
1, 0x7ffcc9ac9740, 2
52
SYSCALL
analyzed_bin
writev
108
1, 0x7ffcc9ac9740, 2
98
SYSCALL
analyzed_bin
writev
108
1, 0x7ffcc9ac9740, 2
52
SYSCALL
analyzed_bin
writev
108
1, 0x7ffcc9ac9740, 2
98
SYSCALL
analyzed_bin
writev
108
1, 0x7ffcc9ac9740, 2
52
SYSCALL
analyzed_bin
writev
108
1, 0x7ffcc9ac9740, 2
98
SYSCALL
analyzed_bin
writev
108
1, 0x7ffcc9ac9740, 2
52
SYSCALL
analyzed_bin
writev
108
1, 0x7ffcc9ac9740, 2
98
SYSCALL
analyzed_bin
writev
108
1, 0x7ffcc9ac9740, 2
52
SYSCALL
analyzed_bin
writev
108
1, 0x7ffcc9ac9740, 2
98
SYSCALL
analyzed_bin
writev
108
1, 0x7ffcc9ac9740, 2
52
SYSCALL
analyzed_bin
writev
108
1, 0x7ffcc9ac9740, 2
98
SYSCALL
analyzed_bin
writev
108
1, 0x7ffcc9ac9740, 2
52
SYSCALL
analyzed_bin
writev
108
1, 0x7ffcc9ac9740, 2
98
SYSCALL
analyzed_bin
writev
108
1, 0x7ffcc9ac9740, 2
52
SYSCALL
analyzed_bin
writev
108
1, 0x7ffcc9ac9740, 2
98
SYSCALL
analyzed_bin
writev
108
1, 0x7ffcc9ac9740, 2
52
SYSCALL
analyzed_bin
writev
108
1, 0x7ffcc9ac9740, 2
98
SYSCALL
analyzed_bin
writev
108
1, 0x7ffcc9ac9740, 2
52
SYSCALL
analyzed_bin
writev
108
1, 0x7ffcc9ac9740, 2
98
SYSCALL
analyzed_bin
writev
108
1, 0x7ffcc9ac9740, 2
52
SYSCALL
analyzed_bin
writev
108
1, 0x7ffcc9ac9740, 2
98
SYSCALL
analyzed_bin
writev
108
1, 0x7ffcc9ac9740, 2
52
SYSCALL
analyzed_bin
writev
108
1, 0x7ffcc9ac9740, 2
98
SYSCALL
analyzed_bin
writev
108
1, 0x7ffcc9ac9740, 2
52
SYSCALL
analyzed_bin
writev
108
1, 0x7ffcc9ac9740, 2
98
SYSCALL
analyzed_bin
writev
108
1, 0x7ffcc9ac9740, 2
52
SYSCALL
analyzed_bin
writev
108
1, 0x7ffcc9ac9740, 2
98
SYSCALL
analyzed_bin
writev
108
1, 0x7ffcc9ac9740, 2
52
SYSCALL
analyzed_bin
writev
108
1, 0x7ffcc9ac9740, 2
98
SYSCALL
analyzed_bin
writev
108
1, 0x7ffcc9ac9740, 2
52
SYSCALL
analyzed_bin
writev
108
1, 0x7ffcc9ac9740, 2
98
SYSCALL
analyzed_bin
writev
108
1, 0x7ffcc9ac9740, 2
52
SYSCALL
analyzed_bin
writev
108
1, 0x7ffcc9ac9740, 2
98
SYSCALL
analyzed_bin
writev
108
1, 0x7ffcc9ac9740, 2
52
SYSCALL
analyzed_bin
writev
108
1, 0x7ffcc9ac9740, 2
98
SYSCALL
analyzed_bin
writev
108
1, 0x7ffcc9ac9740, 2
52
SYSCALL
analyzed_bin
writev
108
1, 0x7ffcc9ac9740, 2
98
SYSCALL
analyzed_bin
writev
108
1, 0x7ffcc9ac9740, 2
52
SYSCALL
analyzed_bin
writev
108
1, 0x7ffcc9ac9740, 2
98
SYSCALL
analyzed_bin
writev
108
1, 0x7ffcc9ac9740, 2
52
SYSCALL
analyzed_bin
writev
108
1, 0x7ffcc9ac9740, 2
98
SYSCALL
analyzed_bin
writev
108
1, 0x7ffcc9ac9740, 2
52
SYSCALL
analyzed_bin
writev
108
1, 0x7ffcc9ac9740, 2
98
SYSCALL
analyzed_bin
writev
108
1, 0x7ffcc9ac9740, 2
52
SYSCALL
analyzed_bin
writev
108
1, 0x7ffcc9ac9740, 2
98
SYSCALL
analyzed_bin
writev
108
1, 0x7ffcc9ac9740, 2
52
SYSCALL
analyzed_bin
writev
108
1, 0x7ffcc9ac9740, 2
98
SYSCALL
analyzed_bin
writev
108
1, 0x7ffcc9ac9740, 2
52
SYSCALL
analyzed_bin
writev
108
1, 0x7ffcc9ac9740, 2
98
SYSCALL
analyzed_bin
writev
108
1, 0x7ffcc9ac9740, 2
52
SYSCALL
analyzed_bin
writev
108
1, 0x7ffcc9ac9740, 2
98
SYSCALL
analyzed_bin
writev
108
1, 0x7ffcc9ac9740, 2
52
SYSCALL
analyzed_bin
writev
108
1, 0x7ffcc9ac9740, 2
98
SYSCALL
analyzed_bin
writev
108
1, 0x7ffcc9ac9740, 2
52
SYSCALL
analyzed_bin
writev
108
1, 0x7ffcc9ac9740, 2
98
SYSCALL
analyzed_bin
writev
108
1, 0x7ffcc9ac9740, 2
52
SYSCALL
analyzed_bin
writev
108
1, 0x7ffcc9ac9740, 2
98
SYSCALL
analyzed_bin
writev
108
1, 0x7ffcc9ac9740, 2
52
SYSCALL
analyzed_bin
writev
108
1, 0x7ffcc9ac9740, 2
98
SYSCALL
analyzed_bin
writev
108
1, 0x7ffcc9ac9740, 2
52
SYSCALL
analyzed_bin
writev
108
1, 0x7ffcc9ac9740, 2
98
SYSCALL
analyzed_bin
writev
108
1, 0x7ffcc9ac9740, 2
52
SYSCALL
analyzed_bin
writev
108
1, 0x7ffcc9ac9740, 2
98
SYSCALL
analyzed_bin
writev
108
1, 0x7ffcc9ac9740, 2
52
SYSCALL
analyzed_bin
writev
108
1, 0x7ffcc9ac9740, 2
98
SYSCALL
analyzed_bin
writev
108
1, 0x7ffcc9ac9740, 2
52
SYSCALL
analyzed_bin
writev
108
1, 0x7ffcc9ac9740, 2
98
SYSCALL
analyzed_bin
writev
108
1, 0x7ffcc9ac9740, 2
52
SYSCALL
analyzed_bin
writev
108
1, 0x7ffcc9ac9740, 2
98
SYSCALL
analyzed_bin
writev
108
1, 0x7ffcc9ac9740, 2
52
SYSCALL
analyzed_bin
writev
108
1, 0x7ffcc9ac9740, 2
98
SYSCALL
analyzed_bin
writev
108
1, 0x7ffcc9ac9740, 2
52
SYSCALL
analyzed_bin
writev
108
1, 0x7ffcc9ac9740, 2
98
SYSCALL
analyzed_bin
writev
108
1, 0x7ffcc9ac9740, 2
52
SYSCALL
analyzed_bin
writev
108
1, 0x7ffcc9ac9740, 2
98
SYSCALL
analyzed_bin
writev
108
1, 0x7ffcc9ac9740, 2
52
SYSCALL
analyzed_bin
writev
108
1, 0x7ffcc9ac9740, 2
98
SYSCALL
analyzed_bin
writev
108
1, 0x7ffcc9ac9740, 2
52
SYSCALL
analyzed_bin
writev
108
1, 0x7ffcc9ac9740, 2
98
SYSCALL
analyzed_bin
writev
108
1, 0x7ffcc9ac9740, 2
52
SYSCALL
analyzed_bin
writev
108
1, 0x7ffcc9ac9740, 2
98
SYSCALL
analyzed_bin
writev
108
1, 0x7ffcc9ac9740, 2
52
SYSCALL
analyzed_bin
writev
108
1, 0x7ffcc9ac9740, 2
98
SYSCALL
analyzed_bin
writev
108
1, 0x7ffcc9ac9740, 2
52
SYSCALL
analyzed_bin
writev
108
1, 0x7ffcc9ac9740, 2
98
SYSCALL
analyzed_bin
writev
108
1, 0x7ffcc9ac9740, 2
52
SYSCALL
analyzed_bin
writev
108
1, 0x7ffcc9ac9740, 2
98
SYSCALL
analyzed_bin
writev
108
1, 0x7ffcc9ac9740, 2
52
SYSCALL
analyzed_bin
writev
108
1, 0x7ffcc9ac9740, 2
98
SYSCALL
analyzed_bin
writev
108
1, 0x7ffcc9ac9740, 2
52
SYSCALL
analyzed_bin
writev
108
1, 0x7ffcc9ac9740, 2
98
SYSCALL
analyzed_bin
writev
108
1, 0x7ffcc9ac9740, 2
52
SYSCALL
analyzed_bin
writev
108
1, 0x7ffcc9ac9740, 2
98
SYSCALL
analyzed_bin
writev
108
1, 0x7ffcc9ac9740, 2
52
SYSCALL
analyzed_bin
writev
108
1, 0x7ffcc9ac9740, 2
98
SYSCALL
analyzed_bin
writev
108
1, 0x7ffcc9ac9740, 2
52
SYSCALL
analyzed_bin
writev
108
1, 0x7ffcc9ac9740, 2
98
SYSCALL
analyzed_bin
writev
108
1, 0x7ffcc9ac9740, 2
52
SYSCALL
analyzed_bin
writev
108
1, 0x7ffcc9ac9740, 2
98
SYSCALL
analyzed_bin
writev
108
1, 0x7ffcc9ac9740, 2
52
SYSCALL
analyzed_bin
writev
108
1, 0x7ffcc9ac9740, 2
98
SYSCALL
analyzed_bin
writev
108
1, 0x7ffcc9ac9740, 2
52
SYSCALL
analyzed_bin
writev
108
1, 0x7ffcc9ac9740, 2
98
SYSCALL
analyzed_bin
writev
108
1, 0x7ffcc9ac9740, 2
52
SYSCALL
analyzed_bin
writev
108
1, 0x7ffcc9ac9740, 2
98
SYSCALL
analyzed_bin
writev
108
1, 0x7ffcc9ac9740, 2
52
SYSCALL
analyzed_bin
writev
108
1, 0x7ffcc9ac9740, 2
98
SYSCALL
analyzed_bin
writev
108
1, 0x7ffcc9ac9740, 2
52
SYSCALL
analyzed_bin
writev
108
1, 0x7ffcc9ac9740, 2
98
SYSCALL
analyzed_bin
writev
108
1, 0x7ffcc9ac9740, 2
52
SYSCALL
analyzed_bin
writev
108
1, 0x7ffcc9ac9740, 2
98
SYSCALL
analyzed_bin
writev
108
1, 0x7ffcc9ac9740, 2
52
SYSCALL
analyzed_bin
writev
108
1, 0x7ffcc9ac9740, 2
98
SYSCALL
analyzed_bin
writev
108
1, 0x7ffcc9ac9740, 2
52
SYSCALL
analyzed_bin
writev
108
1, 0x7ffcc9ac9740, 2
98
SYSCALL
analyzed_bin
writev
108
1, 0x7ffcc9ac9740, 2
52
SYSCALL
analyzed_bin
writev
108
1, 0x7ffcc9ac9740, 2
98
SYSCALL
analyzed_bin
writev
108
1, 0x7ffcc9ac9740, 2
52
SYSCALL
analyzed_bin
writev
108
1, 0x7ffcc9ac9740, 2
98
SYSCALL
analyzed_bin
writev
108
1, 0x7ffcc9ac9740, 2
52
SYSCALL
analyzed_bin
writev
108
1, 0x7ffcc9ac9740, 2
98
SYSCALL
analyzed_bin
writev
108
1, 0x7ffcc9ac9740, 2
52
SYSCALL
analyzed_bin
writev
108
1, 0x7ffcc9ac9740, 2
98
SYSCALL
analyzed_bin
writev
108
1, 0x7ffcc9ac9740, 2
52
SYSCALL
analyzed_bin
writev
108
1, 0x7ffcc9ac9740, 2
98
SYSCALL
analyzed_bin
writev
108
1, 0x7ffcc9ac9740, 2
52
SYSCALL
analyzed_bin
writev
108
1, 0x7ffcc9ac9740, 2
98
SYSCALL
analyzed_bin
writev
108
1, 0x7ffcc9ac9740, 2
52
SYSCALL
analyzed_bin
writev
108
1, 0x7ffcc9ac9740, 2
98
SYSCALL
analyzed_bin
writev
108
1, 0x7ffcc9ac9740, 2
52
SYSCALL
analyzed_bin
writev
108
1, 0x7ffcc9ac9740, 2
98
SYSCALL
analyzed_bin
writev
108
1, 0x7ffcc9ac9740, 2
52
SYSCALL
analyzed_bin
writev
108
1, 0x7ffcc9ac9740, 2
98
SYSCALL
analyzed_bin
writev
108
1, 0x7ffcc9ac9740, 2
52
SYSCALL
analyzed_bin
writev
108
1, 0x7ffcc9ac9740, 2
98
SYSCALL
analyzed_bin
writev
108
1, 0x7ffcc9ac9740, 2
52
SYSCALL
analyzed_bin
writev
108
1, 0x7ffcc9ac9740, 2
98
SYSCALL
analyzed_bin
writev
108
1, 0x7ffcc9ac9740, 2
52
SYSCALL
analyzed_bin
writev
108
1, 0x7ffcc9ac9740, 2
98
SYSCALL
analyzed_bin
writev
108
1, 0x7ffcc9ac9740, 2
52
SYSCALL
analyzed_bin
writev
108
1, 0x7ffcc9ac9740, 2
98
SYSCALL
analyzed_bin
writev
108
1, 0x7ffcc9ac9740, 2
52
SYSCALL
analyzed_bin
writev
108
1, 0x7ffcc9ac9740, 2
98
SYSCALL
analyzed_bin
writev
108
1, 0x7ffcc9ac9740, 2
52
SYSCALL
analyzed_bin
writev
108
1, 0x7ffcc9ac9740, 2
98
SYSCALL
analyzed_bin
writev
108
1, 0x7ffcc9ac9740, 2
52
SYSCALL
analyzed_bin
writev
108
1, 0x7ffcc9ac9740, 2
98
SYSCALL
analyzed_bin
writev
108
1, 0x7ffcc9ac9740, 2
52
SYSCALL
analyzed_bin
writev
108
1, 0x7ffcc9ac9740, 2
98
SYSCALL
analyzed_bin
writev
108
1, 0x7ffcc9ac9740, 2
52
SYSCALL
analyzed_bin
writev
108
1, 0x7ffcc9ac9740, 2
98
SYSCALL
analyzed_bin
writev
108
1, 0x7ffcc9ac9740, 2
52
SYSCALL
analyzed_bin
writev
108
1, 0x7ffcc9ac9740, 2
98
SYSCALL
analyzed_bin
writev
108
1, 0x7ffcc9ac9740, 2
52
SYSCALL
analyzed_bin
writev
108
1, 0x7ffcc9ac9740, 2
98
SYSCALL
analyzed_bin
writev
108
1, 0x7ffcc9ac9740, 2
52
SYSCALL
analyzed_bin
writev
108
1, 0x7ffcc9ac9740, 2
98
SYSCALL
analyzed_bin
writev
108
1, 0x7ffcc9ac9740, 2
52
SYSCALL
analyzed_bin
writev
108
1, 0x7ffcc9ac9740, 2
98
SYSCALL
analyzed_bin
writev
108
1, 0x7ffcc9ac9740, 2
52
SYSCALL
analyzed_bin
writev
108
1, 0x7ffcc9ac9740, 2
98
SYSCALL
analyzed_bin
writev
108
1, 0x7ffcc9ac9740, 2
52
SYSCALL
analyzed_bin
writev
108
1, 0x7ffcc9ac9740, 2
98
SYSCALL
analyzed_bin
writev
108
1, 0x7ffcc9ac9740, 2
52
SYSCALL
analyzed_bin
writev
108
1, 0x7ffcc9ac9740, 2
98
SYSCALL
analyzed_bin
writev
108
1, 0x7ffcc9ac9740, 2
52
SYSCALL
analyzed_bin
writev
108
1, 0x7ffcc9ac9740, 2
98
SYSCALL
analyzed_bin
writev
108
1, 0x7ffcc9ac9740, 2
52
SYSCALL
analyzed_bin
writev
108
1, 0x7ffcc9ac9740, 2
98
SYSCALL
analyzed_bin
writev
108
1, 0x7ffcc9ac9740, 2
52
SYSCALL
analyzed_bin
writev
108
1, 0x7ffcc9ac9740, 2
98
SYSCALL
analyzed_bin
writev
108
1, 0x7ffcc9ac9740, 2
52
SYSCALL
analyzed_bin
writev
108
1, 0x7ffcc9ac9740, 2
98
SYSCALL
analyzed_bin
writev
108
1, 0x7ffcc9ac9740, 2
52
SYSCALL
analyzed_bin
writev
108
1, 0x7ffcc9ac9740, 2
98
SYSCALL
analyzed_bin
writev
108
1, 0x7ffcc9ac9740, 2
52
SYSCALL
analyzed_bin
writev
108
1, 0x7ffcc9ac9740, 2
98
SYSCALL
analyzed_bin
writev
108
1, 0x7ffcc9ac9740, 2
52
SYSCALL
analyzed_bin
writev
108
1, 0x7ffcc9ac9740, 2
98
SYSCALL
analyzed_bin
writev
108
1, 0x7ffcc9ac9740, 2
52
SYSCALL
analyzed_bin
writev
108
1, 0x7ffcc9ac9740, 2
98
SYSCALL
analyzed_bin
writev
108
1, 0x7ffcc9ac9740, 2
52
SYSCALL
analyzed_bin
writev
108
1, 0x7ffcc9ac9740, 2
98
SYSCALL
analyzed_bin
writev
108
1, 0x7ffcc9ac9740, 2
52
SYSCALL
analyzed_bin
writev
108
1, 0x7ffcc9ac9740, 2
98
SYSCALL
analyzed_bin
writev
108
1, 0x7ffcc9ac9740, 2
52
SYSCALL
analyzed_bin
writev
108
1, 0x7ffcc9ac9740, 2
98
SYSCALL
analyzed_bin
writev
108
1, 0x7ffcc9ac9740, 2
52
SYSCALL
analyzed_bin
writev
108
1, 0x7ffcc9ac9740, 2
98
SYSCALL
analyzed_bin
writev
108
1, 0x7ffcc9ac9740, 2
52
SYSCALL
analyzed_bin
writev
108
1, 0x7ffcc9ac9740, 2
98
SYSCALL
analyzed_bin
writev
108
1, 0x7ffcc9ac9740, 2
52
SYSCALL
analyzed_bin
writev
108
1, 0x7ffcc9ac9740, 2
98
SYSCALL
analyzed_bin
writev
108
1, 0x7ffcc9ac9740, 2
52
SYSCALL
analyzed_bin
writev
108
1, 0x7ffcc9ac9740, 2
98
SYSCALL
analyzed_bin
writev
108
1, 0x7ffcc9ac9740, 2
52
SYSCALL
analyzed_bin
writev
108
1, 0x7ffcc9ac9740, 2
98
SYSCALL
analyzed_bin
writev
108
1, 0x7ffcc9ac9740, 2
52
SYSCALL
analyzed_bin
writev
108
1, 0x7ffcc9ac9740, 2
98
SYSCALL
analyzed_bin
writev
108
1, 0x7ffcc9ac9740, 2
52
SYSCALL
analyzed_bin
writev
108
1, 0x7ffcc9ac9740, 2
98
SYSCALL
analyzed_bin
writev
108
1, 0x7ffcc9ac9740, 2
52
SYSCALL
analyzed_bin
writev
108
1, 0x7ffcc9ac9740, 2
98
SYSCALL
analyzed_bin
writev
108
1, 0x7ffcc9ac9740, 2
52
SYSCALL
analyzed_bin
writev
108
1, 0x7ffcc9ac9740, 2
98
SYSCALL
analyzed_bin
writev
108
1, 0x7ffcc9ac9740, 2
52
SYSCALL
analyzed_bin
writev
108
1, 0x7ffcc9ac9740, 2
98
SYSCALL
analyzed_bin
writev
108
1, 0x7ffcc9ac9740, 2
52
SYSCALL
analyzed_bin
writev
108
1, 0x7ffcc9ac9740, 2
98
SYSCALL
analyzed_bin
writev
108
1, 0x7ffcc9ac9740, 2
52
SYSCALL
analyzed_bin
writev
108
1, 0x7ffcc9ac9740, 2
98
SYSCALL
analyzed_bin
writev
108
1, 0x7ffcc9ac9740, 2
52
SYSCALL
analyzed_bin
writev
108
1, 0x7ffcc9ac9740, 2
98
SYSCALL
analyzed_bin
writev
108
1, 0x7ffcc9ac9740, 2
52
SYSCALL
analyzed_bin
writev
108
1, 0x7ffcc9ac9740, 2
98
SYSCALL
analyzed_bin
writev
108
1, 0x7ffcc9ac9740, 2
52
SYSCALL
analyzed_bin
writev
108
1, 0x7ffcc9ac9740, 2
98
SYSCALL
analyzed_bin
writev
108
1, 0x7ffcc9ac9740, 2
52
SYSCALL
analyzed_bin
writev
108
1, 0x7ffcc9ac9740, 2
98
SYSCALL
analyzed_bin
writev
108
1, 0x7ffcc9ac9740, 2
52
SYSCALL
analyzed_bin
writev
108
1, 0x7ffcc9ac9740, 2
98
SYSCALL
analyzed_bin
writev
108
1, 0x7ffcc9ac9740, 2
52
SYSCALL
analyzed_bin
writev
108
1, 0x7ffcc9ac9740, 2
98
SYSCALL
analyzed_bin
writev
108
1, 0x7ffcc9ac9740, 2
52
SYSCALL
analyzed_bin
writev
108
1, 0x7ffcc9ac9740, 2
98
SYSCALL
analyzed_bin
writev
108
1, 0x7ffcc9ac9740, 2
52
SYSCALL
analyzed_bin
writev
108
1, 0x7ffcc9ac9740, 2
98
SYSCALL
analyzed_bin
writev
108
1, 0x7ffcc9ac9740, 2
52
SYSCALL
analyzed_bin
writev
108
1, 0x7ffcc9ac9740, 2
98
SYSCALL
analyzed_bin
writev
108
1, 0x7ffcc9ac9740, 2
52
SYSCALL
analyzed_bin
writev
108
1, 0x7ffcc9ac9740, 2
98
SYSCALL
analyzed_bin
writev
108
1, 0x7ffcc9ac9740, 2
52
SYSCALL
analyzed_bin
writev
108
1, 0x7ffcc9ac9740, 2
98
SYSCALL
analyzed_bin
writev
108
1, 0x7ffcc9ac9740, 2
52
SYSCALL
analyzed_bin
writev
108
1, 0x7ffcc9ac9740, 2
98
SYSCALL
analyzed_bin
writev
108
1, 0x7ffcc9ac9740, 2
52
SYSCALL
analyzed_bin
writev
108
1, 0x7ffcc9ac9740, 2
98
SYSCALL
analyzed_bin
writev
108
1, 0x7ffcc9ac9740, 2
52
SYSCALL
analyzed_bin
writev
108
1, 0x7ffcc9ac9740, 2
98
SYSCALL
analyzed_bin
writev
108
1, 0x7ffcc9ac9740, 2
52
SYSCALL
analyzed_bin
writev
108
1, 0x7ffcc9ac9740, 2
98
SYSCALL
analyzed_bin
writev
108
1, 0x7ffcc9ac9740, 2
52
SYSCALL
analyzed_bin
writev
108
1, 0x7ffcc9ac9740, 2
98
SYSCALL
analyzed_bin
writev
108
1, 0x7ffcc9ac9740, 2
52
SYSCALL
analyzed_bin
writev
108
1, 0x7ffcc9ac9740, 2
98
SYSCALL
analyzed_bin
writev
108
1, 0x7ffcc9ac9740, 2
52
SYSCALL
analyzed_bin
writev
108
1, 0x7ffcc9ac9740, 2
98
SYSCALL
analyzed_bin
writev
108
1, 0x7ffcc9ac9740, 2
52
SYSCALL
analyzed_bin
writev
108
1, 0x7ffcc9ac9740, 2
98
SYSCALL
analyzed_bin
writev
108
1, 0x7ffcc9ac9740, 2
52
SYSCALL
analyzed_bin
writev
108
1, 0x7ffcc9ac9740, 2
98
SYSCALL
analyzed_bin
writev
108
1, 0x7ffcc9ac9740, 2
52
SYSCALL
analyzed_bin
writev
108
1, 0x7ffcc9ac9740, 2
98
SYSCALL
analyzed_bin
writev
108
1, 0x7ffcc9ac9740, 2
52
SYSCALL
analyzed_bin
writev
108
1, 0x7ffcc9ac9740, 2
98
SYSCALL
analyzed_bin
writev
108
1, 0x7ffcc9ac9740, 2
52
SYSCALL
analyzed_bin
writev
108
1, 0x7ffcc9ac9740, 2
98
SYSCALL
analyzed_bin
writev
108
1, 0x7ffcc9ac9740, 2
52
SYSCALL
analyzed_bin
writev
108
1, 0x7ffcc9ac9740, 2
98
SYSCALL
analyzed_bin
writev
108
1, 0x7ffcc9ac9740, 2
52
SYSCALL
analyzed_bin
writev
108
1, 0x7ffcc9ac9740, 2
98
SYSCALL
analyzed_bin
writev
108
1, 0x7ffcc9ac9740, 2
52
SYSCALL
analyzed_bin
writev
108
1, 0x7ffcc9ac9740, 2
98
SYSCALL
analyzed_bin
writev
108
1, 0x7ffcc9ac9740, 2
52
SYSCALL
analyzed_bin
writev
108
1, 0x7ffcc9ac9740, 2
98
SYSCALL
analyzed_bin
writev
108
1, 0x7ffcc9ac9740, 2
52
SYSCALL
analyzed_bin
writev
108
1, 0x7ffcc9ac9740, 2
98
SYSCALL
analyzed_bin
writev
108
1, 0x7ffcc9ac9740, 2
52
SYSCALL
analyzed_bin
writev
108
1, 0x7ffcc9ac9740, 2
98
SYSCALL
analyzed_bin
writev
108
1, 0x7ffcc9ac9740, 2
52
SYSCALL
analyzed_bin
writev
108
1, 0x7ffcc9ac9740, 2
98
SYSCALL
analyzed_bin
writev
108
1, 0x7ffcc9ac9740, 2
52
SYSCALL
analyzed_bin
writev
108
1, 0x7ffcc9ac9740, 2
98
SYSCALL
analyzed_bin
writev
108
1, 0x7ffcc9ac9740, 2
52
SYSCALL
analyzed_bin
writev
108
1, 0x7ffcc9ac9740, 2
98
SYSCALL
analyzed_bin
writev
108
1, 0x7ffcc9ac9740, 2
52
SYSCALL
analyzed_bin
writev
108
1, 0x7ffcc9ac9740, 2
98
SYSCALL
analyzed_bin
writev
108
1, 0x7ffcc9ac9740, 2
52
SYSCALL
analyzed_bin
writev
108
1, 0x7ffcc9ac9740, 2
98
SYSCALL
analyzed_bin
writev
108
1, 0x7ffcc9ac9740, 2
52
SYSCALL
analyzed_bin
writev
108
1, 0x7ffcc9ac9740, 2
98
SYSCALL
analyzed_bin
writev
108
1, 0x7ffcc9ac9740, 2
52
SYSCALL
analyzed_bin
writev
108
1, 0x7ffcc9ac9740, 2
98
SYSCALL
analyzed_bin
writev
108
1, 0x7ffcc9ac9740, 2
52
SYSCALL
analyzed_bin
writev
108
1, 0x7ffcc9ac9740, 2
98
SYSCALL
analyzed_bin
writev
108
1, 0x7ffcc9ac9740, 2
52
SYSCALL
analyzed_bin
writev
108
1, 0x7ffcc9ac9740, 2
98
SYSCALL
analyzed_bin
writev
108
1, 0x7ffcc9ac9740, 2
52
SYSCALL
analyzed_bin
writev
108
1, 0x7ffcc9ac9740, 2
98
SYSCALL
analyzed_bin
writev
108
1, 0x7ffcc9ac9740, 2
52
SYSCALL
analyzed_bin
writev
108
1, 0x7ffcc9ac9740, 2
98
SYSCALL
analyzed_bin
writev
108
1, 0x7ffcc9ac9740, 2
52
SYSCALL
analyzed_bin
writev
108
1, 0x7ffcc9ac9740, 2
98
SYSCALL
analyzed_bin
writev
108
1, 0x7ffcc9ac9740, 2
52
SYSCALL
analyzed_bin
writev
108
1, 0x7ffcc9ac9740, 2
98
SYSCALL
analyzed_bin
writev
108
1, 0x7ffcc9ac9740, 2
52
SYSCALL
analyzed_bin
writev
108
1, 0x7ffcc9ac9740, 2
98
SYSCALL
analyzed_bin
writev
108
1, 0x7ffcc9ac9740, 2
52
SYSCALL
analyzed_bin
writev
108
1, 0x7ffcc9ac9740, 2
98
SYSCALL
analyzed_bin
writev
108
1, 0x7ffcc9ac9740, 2
52
SYSCALL
analyzed_bin
writev
108
1, 0x7ffcc9ac9740, 2
98
SYSCALL
analyzed_bin
writev
108
1, 0x7ffcc9ac9740, 2
52
SYSCALL
analyzed_bin
writev
108
1, 0x7ffcc9ac9740, 2
98
SYSCALL
analyzed_bin
writev
108
1, 0x7ffcc9ac9740, 2
52
SYSCALL
analyzed_bin
writev
108
1, 0x7ffcc9ac9740, 2
98
SYSCALL
analyzed_bin
writev
108
1, 0x7ffcc9ac9740, 2
52
SYSCALL
analyzed_bin
writev
108
1, 0x7ffcc9ac9740, 2
98
SYSCALL
analyzed_bin
writev
108
1, 0x7ffcc9ac9740, 2
52
SYSCALL
analyzed_bin
writev
108
1, 0x7ffcc9ac9740, 2
98
SYSCALL
analyzed_bin
writev
108
1, 0x7ffcc9ac9740, 2
52
SYSCALL
analyzed_bin
writev
108
1, 0x7ffcc9ac9740, 2
98
SYSCALL
analyzed_bin
writev
108
1, 0x7ffcc9ac9740, 2
52
SYSCALL
analyzed_bin
writev
108
1, 0x7ffcc9ac9740, 2
98
SYSCALL
analyzed_bin
writev
108
1, 0x7ffcc9ac9740, 2
52
SYSCALL
analyzed_bin
writev
108
1, 0x7ffcc9ac9740, 2
98
SYSCALL
analyzed_bin
writev
108
1, 0x7ffcc9ac9740, 2
52
SYSCALL
analyzed_bin
writev
108
1, 0x7ffcc9ac9740, 2
98
SYSCALL
analyzed_bin
writev
108
1, 0x7ffcc9ac9740, 2
52
SYSCALL
analyzed_bin
writev
108
1, 0x7ffcc9ac9740, 2
98
SYSCALL
analyzed_bin
writev
108
1, 0x7ffcc9ac9740, 2
52
SYSCALL
analyzed_bin
writev
108
1, 0x7ffcc9ac9740, 2
98
SYSCALL
analyzed_bin
writev
108
1, 0x7ffcc9ac9740, 2
52
SYSCALL
analyzed_bin
writev
108
1, 0x7ffcc9ac9740, 2
98
SYSCALL
analyzed_bin
writev
108
1, 0x7ffcc9ac9740, 2
52
SYSCALL
analyzed_bin
writev
108
1, 0x7ffcc9ac9740, 2
98
SYSCALL
analyzed_bin
writev
108
1, 0x7ffcc9ac9740, 2
52
SYSCALL
analyzed_bin
writev
108
1, 0x7ffcc9ac9740, 2
98
SYSCALL
analyzed_bin
writev
108
1, 0x7ffcc9ac9740, 2
52
SYSCALL
analyzed_bin
writev
108
1, 0x7ffcc9ac9740, 2
98
SYSCALL
analyzed_bin
writev
108
1, 0x7ffcc9ac9740, 2
52
SYSCALL
analyzed_bin
writev
108
1, 0x7ffcc9ac9740, 2
98
SYSCALL
analyzed_bin
writev
108
1, 0x7ffcc9ac9740, 2
52
SYSCALL
analyzed_bin
writev
108
1, 0x7ffcc9ac9740, 2
98
SYSCALL
analyzed_bin
writev
108
1, 0x7ffcc9ac9740, 2
52
SYSCALL
analyzed_bin
writev
108
1, 0x7ffcc9ac9740, 2
98
SYSCALL
analyzed_bin
writev
108
1, 0x7ffcc9ac9740, 2
52
SYSCALL
analyzed_bin
writev
108
1, 0x7ffcc9ac9740, 2
98
SYSCALL
analyzed_bin
writev
108
1, 0x7ffcc9ac9740, 2
52
SYSCALL
analyzed_bin
writev
108
1, 0x7ffcc9ac9740, 2
98
SYSCALL
analyzed_bin
writev
108
1, 0x7ffcc9ac9740, 2
52
SYSCALL
analyzed_bin
writev
108
1, 0x7ffcc9ac9740, 2
98
SYSCALL
analyzed_bin
writev
108
1, 0x7ffcc9ac9740, 2
52
SYSCALL
analyzed_bin
writev
108
1, 0x7ffcc9ac9740, 2
98
SYSCALL
analyzed_bin
writev
108
1, 0x7ffcc9ac9740, 2
52
SYSCALL
analyzed_bin
writev
108
1, 0x7ffcc9ac9740, 2
98
SYSCALL
analyzed_bin
writev
108
1, 0x7ffcc9ac9740, 2
52
SYSCALL
analyzed_bin
writev
108
1, 0x7ffcc9ac9740, 2
98
SYSCALL
analyzed_bin
writev
108
1, 0x7ffcc9ac9740, 2
52
SYSCALL
analyzed_bin
writev
108
1, 0x7ffcc9ac9740, 2
98
SYSCALL
analyzed_bin
writev
108
1, 0x7ffcc9ac9740, 2
52
SYSCALL
analyzed_bin
writev
108
1, 0x7ffcc9ac9740, 2
98
SYSCALL
analyzed_bin
writev
108
1, 0x7ffcc9ac9740, 2
52
SYSCALL
analyzed_bin
writev
108
1, 0x7ffcc9ac9740, 2
98
SYSCALL
analyzed_bin
writev
108
1, 0x7ffcc9ac9740, 2
52
SYSCALL
analyzed_bin
writev
108
1, 0x7ffcc9ac9740, 2
98
SYSCALL
analyzed_bin
writev
108
1, 0x7ffcc9ac9740, 2
52
SYSCALL
analyzed_bin
writev
108
1, 0x7ffcc9ac9740, 2
98
SYSCALL
analyzed_bin
writev
108
1, 0x7ffcc9ac9740, 2
52
SYSCALL
analyzed_bin
writev
108
1, 0x7ffcc9ac9740, 2
98
SYSCALL
analyzed_bin
writev
108
1, 0x7ffcc9ac9740, 2
52
SYSCALL
analyzed_bin
writev
108
1, 0x7ffcc9ac9740, 2
98
SYSCALL
analyzed_bin
writev
108
1, 0x7ffcc9ac9740, 2
52
SYSCALL
analyzed_bin
writev
108
1, 0x7ffcc9ac9740, 2
98
SYSCALL
analyzed_bin
writev
108
1, 0x7ffcc9ac9740, 2
52
SYSCALL
analyzed_bin
writev
108
1, 0x7ffcc9ac9740, 2
98
SYSCALL
analyzed_bin
writev
108
1, 0x7ffcc9ac9740, 2
52
SYSCALL
analyzed_bin
writev
108
1, 0x7ffcc9ac9740, 2
98
SYSCALL
analyzed_bin
writev
108
1, 0x7ffcc9ac9740, 2
52
SYSCALL
analyzed_bin
writev
108
1, 0x7ffcc9ac9740, 2
98
SYSCALL
analyzed_bin
writev
108
1, 0x7ffcc9ac9740, 2
52
SYSCALL
analyzed_bin
writev
108
1, 0x7ffcc9ac9740, 2
98
SYSCALL
analyzed_bin
writev
108
1, 0x7ffcc9ac9740, 2
52
SYSCALL
analyzed_bin
writev
108
1, 0x7ffcc9ac9740, 2
98
SYSCALL
analyzed_bin
writev
108
1, 0x7ffcc9ac9740, 2
52
SYSCALL
analyzed_bin
writev
108
1, 0x7ffcc9ac9740, 2
98
SYSCALL
analyzed_bin
writev
108
1, 0x7ffcc9ac9740, 2
52
SYSCALL
analyzed_bin
writev
108
1, 0x7ffcc9ac9740, 2
98
SYSCALL
analyzed_bin
writev
108
1, 0x7ffcc9ac9740, 2
52
SYSCALL
analyzed_bin
writev
108
1, 0x7ffcc9ac9740, 2
98
SYSCALL
analyzed_bin
writev
108
1, 0x7ffcc9ac9740, 2
52
SYSCALL
analyzed_bin
writev
108
1, 0x7ffcc9ac9740, 2
98
SYSCALL
analyzed_bin
writev
108
1, 0x7ffcc9ac9740, 2
52
SYSCALL
analyzed_bin
writev
108
1, 0x7ffcc9ac9740, 2
98
SYSCALL
analyzed_bin
writev
108
1, 0x7ffcc9ac9740, 2
52
SYSCALL
analyzed_bin
writev
108
1, 0x7ffcc9ac9740, 2
98
SYSCALL
analyzed_bin
writev
108
1, 0x7ffcc9ac9740, 2
52
SYSCALL
analyzed_bin
writev
108
1, 0x7ffcc9ac9740, 2
98
SYSCALL
analyzed_bin
writev
108
1, 0x7ffcc9ac9740, 2
52
SYSCALL
analyzed_bin
writev
108
1, 0x7ffcc9ac9740, 2
98
SYSCALL
analyzed_bin
writev
108
1, 0x7ffcc9ac9740, 2
52
SYSCALL
analyzed_bin
writev
108
1, 0x7ffcc9ac9740, 2
98
SYSCALL
analyzed_bin
writev
108
1, 0x7ffcc9ac9740, 2
52
SYSCALL
analyzed_bin
writev
108
1, 0x7ffcc9ac9740, 2
98
SYSCALL
analyzed_bin
writev
108
1, 0x7ffcc9ac9740, 2
52
SYSCALL
analyzed_bin
writev
108
1, 0x7ffcc9ac9740, 2
98
SYSCALL
analyzed_bin
writev
108
1, 0x7ffcc9ac9740, 2
52
SYSCALL
analyzed_bin
writev
108
1, 0x7ffcc9ac9740, 2
98
SYSCALL
analyzed_bin
writev
108
1, 0x7ffcc9ac9740, 2
52
SYSCALL
analyzed_bin
writev
108
1, 0x7ffcc9ac9740, 2
98
SYSCALL
analyzed_bin
writev
108
1, 0x7ffcc9ac9740, 2
52
SYSCALL
analyzed_bin
writev
108
1, 0x7ffcc9ac9740, 2
98
SYSCALL
analyzed_bin
writev
108
1, 0x7ffcc9ac9740, 2
52
SYSCALL
analyzed_bin
writev
108
1, 0x7ffcc9ac9740, 2
98
SYSCALL
analyzed_bin
writev
108
1, 0x7ffcc9ac9740, 2
52
SYSCALL
analyzed_bin
writev
108
1, 0x7ffcc9ac9740, 2
98
SYSCALL
analyzed_bin
writev
108
1, 0x7ffcc9ac9740, 2
52
SYSCALL
analyzed_bin
writev
108
1, 0x7ffcc9ac9740, 2
98
SYSCALL
analyzed_bin
writev
108
1, 0x7ffcc9ac9740, 2
52
SYSCALL
analyzed_bin
writev
108
1, 0x7ffcc9ac9740, 2
98
SYSCALL
analyzed_bin
writev
108
1, 0x7ffcc9ac9740, 2
52
SYSCALL
analyzed_bin
writev
108
1, 0x7ffcc9ac9740, 2
98
SYSCALL
analyzed_bin
writev
108
1, 0x7ffcc9ac9740, 2
52
SYSCALL
analyzed_bin
writev
108
1, 0x7ffcc9ac9740, 2
98
SYSCALL
analyzed_bin
writev
108
1, 0x7ffcc9ac9740, 2
52
SYSCALL
analyzed_bin
writev
108
1, 0x7ffcc9ac9740, 2
98
SYSCALL
analyzed_bin
writev
108
1, 0x7ffcc9ac9740, 2
52
SYSCALL
analyzed_bin
writev
108
1, 0x7ffcc9ac9740, 2
98
SYSCALL
analyzed_bin
writev
108
1, 0x7ffcc9ac9740, 2
52
SYSCALL
analyzed_bin
writev
108
1, 0x7ffcc9ac9740, 2
98
SYSCALL
analyzed_bin
writev
108
1, 0x7ffcc9ac9740, 2
52
SYSCALL
analyzed_bin
writev
108
1, 0x7ffcc9ac9740, 2
98
SYSCALL
analyzed_bin
writev
108
1, 0x7ffcc9ac9740, 2
52
SYSCALL
analyzed_bin
writev
108
1, 0x7ffcc9ac9740, 2
98
SYSCALL
analyzed_bin
writev
108
1, 0x7ffcc9ac9740, 2
52
SYSCALL
analyzed_bin
writev
108
1, 0x7ffcc9ac9740, 2
98
SYSCALL
analyzed_bin
writev
108
1, 0x7ffcc9ac9740, 2
52
SYSCALL
analyzed_bin
writev
108
1, 0x7ffcc9ac9740, 2
98
SYSCALL
analyzed_bin
writev
108
1, 0x7ffcc9ac9740, 2
52
SYSCALL
analyzed_bin
writev
108
1, 0x7ffcc9ac9740, 2
98
SYSCALL
analyzed_bin
writev
108
1, 0x7ffcc9ac9740, 2
52
SYSCALL
analyzed_bin
writev
108
1, 0x7ffcc9ac9740, 2
98
SYSCALL
analyzed_bin
writev
108
1, 0x7ffcc9ac9740, 2
52
SYSCALL
analyzed_bin
writev
108
1, 0x7ffcc9ac9740, 2
98
SYSCALL
analyzed_bin
writev
108
1, 0x7ffcc9ac9740, 2
52
SYSCALL
analyzed_bin
writev
108
1, 0x7ffcc9ac9740, 2
98
SYSCALL
analyzed_bin
writev
108
1, 0x7ffcc9ac9740, 2
52
SYSCALL
analyzed_bin
writev
108
1, 0x7ffcc9ac9740, 2
98
SYSCALL
analyzed_bin
writev
108
1, 0x7ffcc9ac9740, 2
52
SYSCALL
analyzed_bin
writev
108
1, 0x7ffcc9ac9740, 2
98
SYSCALL
analyzed_bin
writev
108
1, 0x7ffcc9ac9740, 2
52
SYSCALL
analyzed_bin
writev
108
1, 0x7ffcc9ac9740, 2
98
SYSCALL
analyzed_bin
writev
108
1, 0x7ffcc9ac9740, 2
52
SYSCALL
analyzed_bin
writev
108
1, 0x7ffcc9ac9740, 2
98
SYSCALL
analyzed_bin
writev
108
1, 0x7ffcc9ac9740, 2
52
SYSCALL
analyzed_bin
writev
108
1, 0x7ffcc9ac9740, 2
98
SYSCALL
analyzed_bin
writev
108
1, 0x7ffcc9ac9740, 2
52
SYSCALL
analyzed_bin
writev
108
1, 0x7ffcc9ac9740, 2
98
SYSCALL
analyzed_bin
writev
108
1, 0x7ffcc9ac9740, 2
52
SYSCALL
analyzed_bin
writev
108
1, 0x7ffcc9ac9740, 2
98
SYSCALL
analyzed_bin
writev
108
1, 0x7ffcc9ac9740, 2
52
SYSCALL
analyzed_bin
writev
108
1, 0x7ffcc9ac9740, 2
98
SYSCALL
analyzed_bin
writev
108
1, 0x7ffcc9ac9740, 2
52
SYSCALL
analyzed_bin
writev
108
1, 0x7ffcc9ac9740, 2
98
SYSCALL
analyzed_bin
writev
108
1, 0x7ffcc9ac9740, 2
52
SYSCALL
analyzed_bin
writev
108
1, 0x7ffcc9ac9740, 2
98
SYSCALL
analyzed_bin
writev
108
1, 0x7ffcc9ac9740, 2
52
SYSCALL
analyzed_bin
writev
108
1, 0x7ffcc9ac9740, 2
98
SYSCALL
analyzed_bin
writev
108
1, 0x7ffcc9ac9740, 2
52
SYSCALL
analyzed_bin
writev
108
1, 0x7ffcc9ac9740, 2
98
SYSCALL
analyzed_bin
writev
108
1, 0x7ffcc9ac9740, 2
52
SYSCALL
analyzed_bin
writev
108
1, 0x7ffcc9ac9740, 2
98
SYSCALL
analyzed_bin
writev
108
1, 0x7ffcc9ac9740, 2
52
SYSCALL
analyzed_bin
writev
108
1, 0x7ffcc9ac9740, 2
98
SYSCALL
analyzed_bin
writev
108
1, 0x7ffcc9ac9740, 2
52
SYSCALL
analyzed_bin
writev
108
1, 0x7ffcc9ac9740, 2
98
SYSCALL
analyzed_bin
writev
108
1, 0x7ffcc9ac9740, 2
52
SYSCALL
analyzed_bin
writev
108
1, 0x7ffcc9ac9740, 2
98
SYSCALL
analyzed_bin
writev
108
1, 0x7ffcc9ac9740, 2
52
