LISA
PROCESS
108:105
SYSCALL
analyzed_bin
execve
108

0
SYSCALL
analyzed_bin
brk
108
0x0
94309253017600
SYSCALL
analyzed_bin
access
108
"/etc/ld.so.preload", R_OK
-2 (ENOENT)
OPENFILE
"/etc/ld.so.cache"
SYSCALL
analyzed_bin
openat
108
AT_FDCWD, "/etc/ld.so.cache", O_RDONLY|O_CLOEXEC
-2 (ENOENT)
OPENFILE
"/lib64/tls/x86_64/x86_64/libpthread.so.0"
SYSCALL
analyzed_bin
openat
108
AT_FDCWD, "/lib64/tls/x86_64/x86_64/libpthread.so.0", O_RDONLY|O_CLOEXEC
-2 (ENOENT)
SYSCALL
analyzed_bin
stat
108
"/lib64/tls/x86_64/x86_64", 0x7fff3ec21790
-2 (ENOENT)
OPENFILE
"/lib64/tls/x86_64/libpthread.so.0"
SYSCALL
analyzed_bin
openat
108
AT_FDCWD, "/lib64/tls/x86_64/libpthread.so.0", O_RDONLY|O_CLOEXEC
-2 (ENOENT)
SYSCALL
analyzed_bin
stat
108
"/lib64/tls/x86_64", 0x7fff3ec21790
-2 (ENOENT)
OPENFILE
"/lib64/tls/x86_64/libpthread.so.0"
SYSCALL
analyzed_bin
openat
108
AT_FDCWD, "/lib64/tls/x86_64/libpthread.so.0", O_RDONLY|O_CLOEXEC
-2 (ENOENT)
SYSCALL
analyzed_bin
stat
108
"/lib64/tls/x86_64", 0x7fff3ec21790
-2 (ENOENT)
OPENFILE
"/lib64/tls/libpthread.so.0"
SYSCALL
analyzed_bin
openat
108
AT_FDCWD, "/lib64/tls/libpthread.so.0", O_RDONLY|O_CLOEXEC
-2 (ENOENT)
SYSCALL
analyzed_bin
stat
108
"/lib64/tls", 0x7fff3ec21790
-2 (ENOENT)
OPENFILE
"/lib64/x86_64/x86_64/libpthread.so.0"
SYSCALL
analyzed_bin
openat
108
AT_FDCWD, "/lib64/x86_64/x86_64/libpthread.so.0", O_RDONLY|O_CLOEXEC
-2 (ENOENT)
SYSCALL
analyzed_bin
stat
108
"/lib64/x86_64/x86_64", 0x7fff3ec21790
-2 (ENOENT)
OPENFILE
"/lib64/x86_64/libpthread.so.0"
SYSCALL
analyzed_bin
openat
108
AT_FDCWD, "/lib64/x86_64/libpthread.so.0", O_RDONLY|O_CLOEXEC
-2 (ENOENT)
SYSCALL
analyzed_bin
stat
108
"/lib64/x86_64", 0x7fff3ec21790
-2 (ENOENT)
OPENFILE
"/lib64/x86_64/libpthread.so.0"
SYSCALL
analyzed_bin
openat
108
AT_FDCWD, "/lib64/x86_64/libpthread.so.0", O_RDONLY|O_CLOEXEC
-2 (ENOENT)
SYSCALL
analyzed_bin
stat
108
"/lib64/x86_64", 0x7fff3ec21790
-2 (ENOENT)
OPENFILE
"/lib64/libpthread.so.0"
SYSCALL
analyzed_bin
openat
108
AT_FDCWD, "/lib64/libpthread.so.0", O_RDONLY|O_CLOEXEC
3
SYSCALL
analyzed_bin
read
108
3, 0x7fff3ec218f8, 832
832
SYSCALL
analyzed_bin
fstat
108
3, 0x7fff3ec21790
0
SYSCALL
analyzed_bin
mmap2
108
0x0, 8192, PROT_READ|PROT_WRITE, MAP_PRIVATE|MAP_ANONYMOUS, -1, 0
0x7f9bb75e8000
SYSCALL
analyzed_bin
mmap2
108
0x0, 2221216, PROT_READ|PROT_EXEC, MAP_PRIVATE|MAP_DENYWRITE, 3, 0
0x7f9bb71a5000
SYSCALL
analyzed_bin
mprotect
108
0x7f9bb71bf000, 2093056, PROT_NONE
0
SYSCALL
analyzed_bin
mmap2
108
0x7f9bb73be000, 8192, PROT_READ|PROT_WRITE, MAP_PRIVATE|MAP_FIXED|MAP_DENYWRITE, 3, 102400
0x7f9bb73be000
SYSCALL
analyzed_bin
mmap2
108
0x7f9bb73c0000, 13472, PROT_READ|PROT_WRITE, MAP_PRIVATE|MAP_FIXED|MAP_ANONYMOUS, -1, 0
0x7f9bb73c0000
SYSCALL
analyzed_bin
close
108
3
0
OPENFILE
"/lib64/librt.so.1"
SYSCALL
analyzed_bin
openat
108
AT_FDCWD, "/lib64/librt.so.1", O_RDONLY|O_CLOEXEC
3
SYSCALL
analyzed_bin
read
108
3, 0x7fff3ec218c8, 832
832
SYSCALL
analyzed_bin
fstat
108
3, 0x7fff3ec21760
0
SYSCALL
analyzed_bin
mmap2
108
0x0, 2128864, PROT_READ|PROT_EXEC, MAP_PRIVATE|MAP_DENYWRITE, 3, 0
0x7f9bb6f9d000
SYSCALL
analyzed_bin
mprotect
108
0x7f9bb6fa4000, 2093056, PROT_NONE
0
SYSCALL
analyzed_bin
mmap2
108
0x7f9bb71a3000, 8192, PROT_READ|PROT_WRITE, MAP_PRIVATE|MAP_FIXED|MAP_DENYWRITE, 3, 24576
0x7f9bb71a3000
SYSCALL
analyzed_bin
close
108
3
0
OPENFILE
"/lib64/libdl.so.2"
SYSCALL
analyzed_bin
openat
108
AT_FDCWD, "/lib64/libdl.so.2", O_RDONLY|O_CLOEXEC
3
SYSCALL
analyzed_bin
read
108
3, 0x7fff3ec21898, 832
832
SYSCALL
analyzed_bin
fstat
108
3, 0x7fff3ec21730
0
SYSCALL
analyzed_bin
mmap2
108
0x0, 2109680, PROT_READ|PROT_EXEC, MAP_PRIVATE|MAP_DENYWRITE, 3, 0
0x7f9bb6d99000
SYSCALL
analyzed_bin
mprotect
108
0x7f9bb6d9c000, 2093056, PROT_NONE
0
SYSCALL
analyzed_bin
mmap2
108
0x7f9bb6f9b000, 8192, PROT_READ|PROT_WRITE, MAP_PRIVATE|MAP_FIXED|MAP_DENYWRITE, 3, 8192
0x7f9bb6f9b000
SYSCALL
analyzed_bin
close
108
3
0
OPENFILE
"/lib64/libm.so.6"
SYSCALL
analyzed_bin
openat
108
AT_FDCWD, "/lib64/libm.so.6", O_RDONLY|O_CLOEXEC
3
SYSCALL
analyzed_bin
read
108
3, 0x7fff3ec21868, 832
832
SYSCALL
analyzed_bin
fstat
108
3, 0x7fff3ec21700
0
SYSCALL
analyzed_bin
mmap2
108
0x0, 3653968, PROT_READ|PROT_EXEC, MAP_PRIVATE|MAP_DENYWRITE, 3, 0
0x7f9bb6a1c000
SYSCALL
analyzed_bin
mprotect
108
0x7f9bb6b98000, 2093056, PROT_NONE
0
SYSCALL
analyzed_bin
mmap2
108
0x7f9bb6d97000, 8192, PROT_READ|PROT_WRITE, MAP_PRIVATE|MAP_FIXED|MAP_DENYWRITE, 3, 1552384
0x7f9bb6d97000
SYSCALL
analyzed_bin
close
108
3
0
OPENFILE
"/lib64/libc.so.6"
SYSCALL
analyzed_bin
openat
108
AT_FDCWD, "/lib64/libc.so.6", O_RDONLY|O_CLOEXEC
3
SYSCALL
analyzed_bin
read
108
3, 0x7fff3ec21838, 832
832
SYSCALL
analyzed_bin
fstat
108
3, 0x7fff3ec216d0
0
SYSCALL
analyzed_bin
mmap2
108
0x0, 3885056, PROT_READ|PROT_EXEC, MAP_PRIVATE|MAP_DENYWRITE, 3, 0
0x7f9bb6667000
SYSCALL
analyzed_bin
mprotect
108
0x7f9bb6813000, 2093056, PROT_NONE
0
SYSCALL
analyzed_bin
mmap2
108
0x7f9bb6a12000, 24576, PROT_READ|PROT_WRITE, MAP_PRIVATE|MAP_FIXED|MAP_DENYWRITE, 3, 1748992
0x7f9bb6a12000
SYSCALL
analyzed_bin
mmap2
108
0x7f9bb6a18000, 14336, PROT_READ|PROT_WRITE, MAP_PRIVATE|MAP_FIXED|MAP_ANONYMOUS, -1, 0
0x7f9bb6a18000
SYSCALL
analyzed_bin
close
108
3
0
SYSCALL
analyzed_bin
mmap2
108
0x0, 8192, PROT_READ|PROT_WRITE, MAP_PRIVATE|MAP_ANONYMOUS, -1, 0
0x7f9bb75e6000
SYSCALL
analyzed_bin
arch_prctl
108
ARCH_SET_FS, 140306773078400
0
SYSCALL
analyzed_bin
mprotect
108
0x7f9bb6a12000, 16384, PROT_READ
0
SYSCALL
analyzed_bin
mprotect
108
0x7f9bb6d97000, 4096, PROT_READ
0
SYSCALL
analyzed_bin
mprotect
108
0x7f9bb6f9b000, 4096, PROT_READ
0
SYSCALL
analyzed_bin
mprotect
108
0x7f9bb73be000, 4096, PROT_READ
0
SYSCALL
analyzed_bin
mprotect
108
0x7f9bb71a3000, 4096, PROT_READ
0
SYSCALL
analyzed_bin
mprotect
108
0x55c615780000, 241664, PROT_READ
0
SYSCALL
analyzed_bin
mprotect
108
0x7f9bb75ea000, 4096, PROT_READ
0
SYSCALL
analyzed_bin
set_tid_address
108
0x7f9bb75e7450
108
SYSCALL
analyzed_bin
set_robust_list
108
0x7f9bb75e7460, 24
0
SYSCALL
analyzed_bin
rt_sigaction
108
0x20, {0x7f9bb71ab2e0, SA_SIGINFO|SA_RESTORER, 0x7f9bb71b6fe0, [EMPTY]}, 0x0, 8
0
SYSCALL
analyzed_bin
rt_sigaction
108
0x21, {0x7f9bb71ab380, SA_RESTART|SA_SIGINFO|SA_RESTORER, 0x7f9bb71b6fe0, [EMPTY]}, 0x0, 8
0
SYSCALL
analyzed_bin
rt_sigprocmask
108
SIG_UNBLOCK, [EMPTY], 0x0, 8
0
SYSCALL
analyzed_bin
prlimit64
108
0, RLIMIT_STACK, NULL, 0x7fff3ec224b0
0
SYSCALL
analyzed_bin
brk
108
0x0
94309253017600
SYSCALL
analyzed_bin
brk
108
0x55c615888000
94309253152768
OPENFILE
"/dev/urandom"
SYSCALL
analyzed_bin
openat
108
AT_FDCWD, "/dev/urandom", O_RDONLY
3
SYSCALL
analyzed_bin
read
108
3, 0x7fff3ec22474, 4
4
SYSCALL
analyzed_bin
mmap2
108
0x0, 81920, PROT_READ|PROT_WRITE|PROT_EXEC, MAP_PRIVATE|MAP_ANONYMOUS, -1, 0
0x7f9bb75d2000
SYSCALL
analyzed_bin
mprotect
108
0x7f9bb75d2000, 81920, PROT_READ|PROT_EXEC
0
SYSCALL
analyzed_bin
futex
108
0x55c615863104, FUTEX_WAKE_PRIVATE, 2147483647
0
SYSCALL
analyzed_bin
futex
108
0x55c615863110, FUTEX_WAKE_PRIVATE, 2147483647
0
SYSCALL
analyzed_bin
readlink
108
"/proc/self/exe", 0x55c6157c76c0, 519
18
OPENFILE
"/root/config.json"
SYSCALL
analyzed_bin
openat
108
AT_FDCWD, "/root/config.json", O_RDONLY
-2 (ENOENT)
OPENFILE
"/root/.xmrig.json"
SYSCALL
analyzed_bin
openat
108
AT_FDCWD, "/root/.xmrig.json", O_RDONLY
-2 (ENOENT)
OPENFILE
"/root/.config/xmrig.json"
SYSCALL
analyzed_bin
openat
108
AT_FDCWD, "/root/.config/xmrig.json", O_RDONLY
-2 (ENOENT)
OPENFILE
"/etc/localtime"
SYSCALL
analyzed_bin
openat
108
AT_FDCWD, "/etc/localtime", O_RDONLY|O_CLOEXEC
4
SYSCALL
analyzed_bin
fstat
108
4, 0x7fff3ec22180
0
SYSCALL
analyzed_bin
fstat
108
4, 0x7fff3ec21fc0
0
SYSCALL
analyzed_bin
read
108
4, 0x55c61587fa70, 1024
127
SYSCALL
analyzed_bin
lseek
108
4, -71, SEEK_CUR
56
SYSCALL
analyzed_bin
read
108
4, 0x55c61587fa70, 1024
71
SYSCALL
analyzed_bin
close
108
4
0
SYSCALL
analyzed_bin
fstat
108
1, 0x7fff3ec22150
0
SYSCALL
analyzed_bin
write
108
1, "[2022-07-14 09:17:19.299] no valid configurat"..., 85
85
SYSCALL
analyzed_bin
close
108
3
0
SYSCALL
analyzed_bin
exit_group
108
2

