LISA
PROCESS
101:98
SYSCALL
analyzed_bin
execve
101

0
SYSCALL
analyzed_bin
brk
101
0x0
367128743936
SYSCALL
analyzed_bin
faccessat
101
AT_FDCWD, "/etc/ld.so.preload", R_OK
-2 (ENOENT)
OPENFILE
"/etc/ld.so.cache"
SYSCALL
analyzed_bin
openat
101
AT_FDCWD, "/etc/ld.so.cache", O_RDONLY|O_CLOEXEC
-2 (ENOENT)
OPENFILE
"/lib64/tls/aarch64/libpthread.so.0"
SYSCALL
analyzed_bin
openat
101
AT_FDCWD, "/lib64/tls/aarch64/libpthread.so.0", O_RDONLY|O_CLOEXEC
-2 (ENOENT)
SYSCALL
analyzed_bin
fstatat
101
AT_FDCWD, "/lib64/tls/aarch64", 0x7fe71187a0, 0x0
-2 (ENOENT)
OPENFILE
"/lib64/tls/libpthread.so.0"
SYSCALL
analyzed_bin
openat
101
AT_FDCWD, "/lib64/tls/libpthread.so.0", O_RDONLY|O_CLOEXEC
-2 (ENOENT)
SYSCALL
analyzed_bin
fstatat
101
AT_FDCWD, "/lib64/tls", 0x7fe71187a0, 0x0
-2 (ENOENT)
OPENFILE
"/lib64/aarch64/libpthread.so.0"
SYSCALL
analyzed_bin
openat
101
AT_FDCWD, "/lib64/aarch64/libpthread.so.0", O_RDONLY|O_CLOEXEC
-2 (ENOENT)
SYSCALL
analyzed_bin
fstatat
101
AT_FDCWD, "/lib64/aarch64", 0x7fe71187a0, 0x0
-2 (ENOENT)
OPENFILE
"/lib64/libpthread.so.0"
SYSCALL
analyzed_bin
openat
101
AT_FDCWD, "/lib64/libpthread.so.0", O_RDONLY|O_CLOEXEC
3
SYSCALL
analyzed_bin
read
101
3, 0x7fe7118900, 832
832
SYSCALL
analyzed_bin
fstat
101
3, 0x7fe71187a0
0
SYSCALL
analyzed_bin
mmap2
101
0x0, 8192, PROT_READ|PROT_WRITE, MAP_PRIVATE|MAP_ANONYMOUS, -1, 0
0x7fadc36000
SYSCALL
analyzed_bin
mmap2
101
0x0, 181248, PROT_READ|PROT_EXEC, MAP_PRIVATE|MAP_DENYWRITE, 3, 0
0x7fadbe0000
SYSCALL
analyzed_bin
mprotect
101
0x7fadbf8000, 61440, PROT_NONE
0
SYSCALL
analyzed_bin
mmap2
101
0x7fadc07000, 8192, PROT_READ|PROT_WRITE, MAP_PRIVATE|MAP_FIXED|MAP_DENYWRITE, 3, 94208
0x7fadc07000
SYSCALL
analyzed_bin
mmap2
101
0x7fadc09000, 13312, PROT_READ|PROT_WRITE, MAP_PRIVATE|MAP_FIXED|MAP_ANONYMOUS, -1, 0
0x7fadc09000
SYSCALL
analyzed_bin
close
101
3
0
OPENFILE
"/lib64/libm.so.6"
SYSCALL
analyzed_bin
openat
101
AT_FDCWD, "/lib64/libm.so.6", O_RDONLY|O_CLOEXEC
3
SYSCALL
analyzed_bin
read
101
3, 0x7fe71188d0, 832
832
SYSCALL
analyzed_bin
fstat
101
3, 0x7fe7118770
0
SYSCALL
analyzed_bin
mmap2
101
0x0, 745584, PROT_READ|PROT_EXEC, MAP_PRIVATE|MAP_DENYWRITE, 3, 0
0x7fadb29000
SYSCALL
analyzed_bin
mprotect
101
0x7fadbcf000, 61440, PROT_NONE
0
SYSCALL
analyzed_bin
mmap2
101
0x7fadbde000, 8192, PROT_READ|PROT_WRITE, MAP_PRIVATE|MAP_FIXED|MAP_DENYWRITE, 3, 675840
0x7fadbde000
SYSCALL
analyzed_bin
close
101
3
0
OPENFILE
"/lib64/libgcc_s.so.1"
SYSCALL
analyzed_bin
openat
101
AT_FDCWD, "/lib64/libgcc_s.so.1", O_RDONLY|O_CLOEXEC
3
SYSCALL
analyzed_bin
read
101
3, 0x7fe71188a0, 832
832
SYSCALL
analyzed_bin
fstat
101
3, 0x7fe7118740
0
SYSCALL
analyzed_bin
mmap2
101
0x0, 148544, PROT_READ|PROT_EXEC, MAP_PRIVATE|MAP_DENYWRITE, 3, 0
0x7fadb04000
SYSCALL
analyzed_bin
mprotect
101
0x7fadb17000, 65536, PROT_NONE
0
SYSCALL
analyzed_bin
mmap2
101
0x7fadb27000, 8192, PROT_READ|PROT_WRITE, MAP_PRIVATE|MAP_FIXED|MAP_DENYWRITE, 3, 77824
0x7fadb27000
SYSCALL
analyzed_bin
close
101
3
0
OPENFILE
"/lib64/libc.so.6"
SYSCALL
analyzed_bin
openat
101
AT_FDCWD, "/lib64/libc.so.6", O_RDONLY|O_CLOEXEC
3
SYSCALL
analyzed_bin
read
101
3, 0x7fe7118870, 832
832
SYSCALL
analyzed_bin
fstat
101
3, 0x7fe7118710
0
SYSCALL
analyzed_bin
mmap2
101
0x0, 1409112, PROT_READ|PROT_EXEC, MAP_PRIVATE|MAP_DENYWRITE, 3, 0
0x7fad9ab000
SYSCALL
analyzed_bin
mprotect
101
0x7fadaeb000, 61440, PROT_NONE
0
SYSCALL
analyzed_bin
mmap2
101
0x7fadafa000, 24576, PROT_READ|PROT_WRITE, MAP_PRIVATE|MAP_FIXED|MAP_DENYWRITE, 3, 1306624
0x7fadafa000
SYSCALL
analyzed_bin
mmap2
101
0x7fadb00000, 12376, PROT_READ|PROT_WRITE, MAP_PRIVATE|MAP_FIXED|MAP_ANONYMOUS, -1, 0
0x7fadb00000
SYSCALL
analyzed_bin
close
101
3
0
SYSCALL
analyzed_bin
mmap2
101
0x0, 8192, PROT_READ|PROT_WRITE, MAP_PRIVATE|MAP_ANONYMOUS, -1, 0
0x7fadc34000
SYSCALL
analyzed_bin
mprotect
101
0x7fadafa000, 16384, PROT_READ
0
SYSCALL
analyzed_bin
mprotect
101
0x7fadb27000, 4096, PROT_READ
0
SYSCALL
analyzed_bin
mprotect
101
0x7fadbde000, 4096, PROT_READ
0
SYSCALL
analyzed_bin
mprotect
101
0x7fadc07000, 4096, PROT_READ
0
SYSCALL
analyzed_bin
mprotect
101
0x557a8a0000, 204800, PROT_READ
0
SYSCALL
analyzed_bin
mprotect
101
0x7fadc3a000, 4096, PROT_READ
0
SYSCALL
analyzed_bin
set_tid_address
101
0x7fadc340e0
101
SYSCALL
analyzed_bin
set_robust_list
101
0x7fadc340f0, 24
0
SYSCALL
analyzed_bin
rt_sigaction
101
0x20, {0x7fadbe5e00, SA_SIGINFO, 0x0, [EMPTY]}, 0x0, 8
0
SYSCALL
analyzed_bin
rt_sigaction
101
0x21, {0x7fadbe5ed0, SA_RESTART|SA_SIGINFO, 0x0, [EMPTY]}, 0x0, 8
0
SYSCALL
analyzed_bin
rt_sigprocmask
101
SIG_UNBLOCK, [EMPTY], 0x0, 8
0
SYSCALL
analyzed_bin
prlimit64
101
0, RLIMIT_STACK, NULL, 0x7fe71199f8
0
SYSCALL
analyzed_bin
brk
101
0x0
367128743936
SYSCALL
analyzed_bin
brk
101
0x557a962000
367128879104
SYSCALL
analyzed_bin
futex
101
0x557a93e0a8, FUTEX_WAKE_PRIVATE, 2147483647
0
SYSCALL
analyzed_bin
futex
101
0x557a93e0ac, FUTEX_WAKE_PRIVATE, 2147483647
0
SYSCALL
analyzed_bin
brk
101
0x557a98b000
367129047040
SYSCALL
analyzed_bin
mmap2
101
0x0, 249856, PROT_READ|PROT_WRITE, MAP_PRIVATE|MAP_ANONYMOUS, -1, 0
0x7fad96e000
SYSCALL
analyzed_bin
brk
101
0x557a96d000
367128924160
SYSCALL
analyzed_bin
mmap2
101
0x0, 495616, PROT_READ|PROT_WRITE, MAP_PRIVATE|MAP_ANONYMOUS, -1, 0
0x7fad8f5000
SYSCALL
analyzed_bin
munmap
101
0x7fad96e000, 249856
0
SYSCALL
analyzed_bin
mmap2
101
0x0, 987136, PROT_READ|PROT_WRITE, MAP_PRIVATE|MAP_ANONYMOUS, -1, 0
0x7fad804000
SYSCALL
analyzed_bin
munmap
101
0x7fad8f5000, 495616
0
SYSCALL
analyzed_bin
mmap2
101
0x0, 1970176, PROT_READ|PROT_WRITE, MAP_PRIVATE|MAP_ANONYMOUS, -1, 0
0x7fad623000
SYSCALL
analyzed_bin
munmap
101
0x7fad804000, 987136
0
SYSCALL
analyzed_bin
getpid
101

101
SYSCALL
analyzed_bin
getpid
101

101
OPENFILE
0x557a662c90
SYSCALL
analyzed_bin
openat
101
AT_FDCWD, 0x557a662c90, O_RDONLY|O_NOCTTY|O_NONBLOCK
3
SYSCALL
analyzed_bin
fstat
101
3, 0x7fe71195d8
0
SYSCALL
analyzed_bin
ppoll
101
0x7fe71195d0, 1, [0.010000000], 0x0, 0
1
SYSCALL
analyzed_bin
read
101
3, 0x7fe7119758, 32
32
SYSCALL
analyzed_bin
close
101
3
0
SYSCALL
analyzed_bin
getuid
101

0
SYSCALL
analyzed_bin
brk
101
0x557a98e000
367129059328
SYSCALL
analyzed_bin
getpid
101

101
SYSCALL
analyzed_bin
getpid
101

101
SYSCALL
analyzed_bin
getpid
101

101
SYSCALL
analyzed_bin
getpid
101

101
SYSCALL
analyzed_bin
getpid
101

101
SYSCALL
analyzed_bin
getpid
101

101
SYSCALL
analyzed_bin
getpid
101

101
SYSCALL
analyzed_bin
getpid
101

101
SYSCALL
analyzed_bin
getpid
101

101
SYSCALL
analyzed_bin
getpid
101

101
SYSCALL
analyzed_bin
getpid
101

101
SYSCALL
analyzed_bin
getpid
101

101
SYSCALL
analyzed_bin
getpid
101

101
SYSCALL
analyzed_bin
getpid
101

101
SYSCALL
analyzed_bin
getpid
101

101
SYSCALL
analyzed_bin
getpid
101

101
SYSCALL
analyzed_bin
getpid
101

101
SYSCALL
analyzed_bin
getpid
101

101
SYSCALL
analyzed_bin
getpid
101

101
SYSCALL
analyzed_bin
getpid
101

101
SYSCALL
analyzed_bin
getpid
101

101
SYSCALL
analyzed_bin
getpid
101

101
SYSCALL
analyzed_bin
getpid
101

101
SYSCALL
analyzed_bin
getpid
101

101
SYSCALL
analyzed_bin
getpid
101

101
SYSCALL
analyzed_bin
getpid
101

101
SYSCALL
analyzed_bin
getpid
101

101
SYSCALL
analyzed_bin
getpid
101

101
SYSCALL
analyzed_bin
getpid
101

101
SYSCALL
analyzed_bin
getpid
101

101
SYSCALL
analyzed_bin
getpid
101

101
SYSCALL
analyzed_bin
getpid
101

101
SYSCALL
analyzed_bin
getpid
101

101
SYSCALL
analyzed_bin
getpid
101

101
SYSCALL
analyzed_bin
getpid
101

101
SYSCALL
analyzed_bin
getpid
101

101
SYSCALL
analyzed_bin
getpid
101

101
SYSCALL
analyzed_bin
getpid
101

101
SYSCALL
analyzed_bin
getpid
101

101
SYSCALL
analyzed_bin
getpid
101

101
SYSCALL
analyzed_bin
getpid
101

101
SYSCALL
analyzed_bin
getpid
101

101
SYSCALL
analyzed_bin
getpid
101

101
SYSCALL
analyzed_bin
getpid
101

101
SYSCALL
analyzed_bin
getpid
101

101
SYSCALL
analyzed_bin
getpid
101

101
SYSCALL
analyzed_bin
getpid
101

101
SYSCALL
analyzed_bin
getpid
101

101
SYSCALL
analyzed_bin
getpid
101

101
SYSCALL
analyzed_bin
getpid
101

101
SYSCALL
analyzed_bin
getpid
101

101
SYSCALL
analyzed_bin
getpid
101

101
SYSCALL
analyzed_bin
getpid
101

101
SYSCALL
analyzed_bin
getpid
101

101
SYSCALL
analyzed_bin
getpid
101

101
SYSCALL
analyzed_bin
getpid
101

101
SYSCALL
analyzed_bin
getpid
101

101
SYSCALL
analyzed_bin
getpid
101

101
SYSCALL
analyzed_bin
getpid
101

101
SYSCALL
analyzed_bin
getpid
101

101
SYSCALL
analyzed_bin
getpid
101

101
SYSCALL
analyzed_bin
getpid
101

101
SYSCALL
analyzed_bin
getpid
101

101
SYSCALL
analyzed_bin
getpid
101

101
SYSCALL
analyzed_bin
getpid
101

101
SYSCALL
analyzed_bin
getpid
101

101
SYSCALL
analyzed_bin
getpid
101

101
SYSCALL
analyzed_bin
getpid
101

101
SYSCALL
analyzed_bin
getpid
101

101
SYSCALL
analyzed_bin
getpid
101

101
SYSCALL
analyzed_bin
getpid
101

101
SYSCALL
analyzed_bin
getpid
101

101
SYSCALL
analyzed_bin
getpid
101

101
SYSCALL
analyzed_bin
getpid
101

101
SYSCALL
analyzed_bin
getpid
101

101
SYSCALL
analyzed_bin
getpid
101

101
SYSCALL
analyzed_bin
getpid
101

101
SYSCALL
analyzed_bin
getpid
101

101
SYSCALL
analyzed_bin
getpid
101

101
SYSCALL
analyzed_bin
getpid
101

101
SYSCALL
analyzed_bin
getpid
101

101
SYSCALL
analyzed_bin
getpid
101

101
SYSCALL
analyzed_bin
getpid
101

101
SYSCALL
analyzed_bin
getpid
101

101
SYSCALL
analyzed_bin
getpid
101

101
SYSCALL
analyzed_bin
getpid
101

101
SYSCALL
analyzed_bin
getpid
101

101
SYSCALL
analyzed_bin
getpid
101

101
SYSCALL
analyzed_bin
getpid
101

101
SYSCALL
analyzed_bin
getpid
101

101
SYSCALL
analyzed_bin
getpid
101

101
SYSCALL
analyzed_bin
getpid
101

101
SYSCALL
analyzed_bin
getpid
101

101
SYSCALL
analyzed_bin
getpid
101

101
SYSCALL
analyzed_bin
getpid
101

101
SYSCALL
analyzed_bin
getpid
101

101
SYSCALL
analyzed_bin
getpid
101

101
SYSCALL
analyzed_bin
getpid
101

101
SYSCALL
analyzed_bin
getpid
101

101
SYSCALL
analyzed_bin
getpid
101

101
SYSCALL
analyzed_bin
getpid
101

101
SYSCALL
analyzed_bin
getpid
101

101
SYSCALL
analyzed_bin
getpid
101

101
SYSCALL
analyzed_bin
getpid
101

101
SYSCALL
analyzed_bin
getpid
101

101
SYSCALL
analyzed_bin
getpid
101

101
SYSCALL
analyzed_bin
getpid
101

101
SYSCALL
analyzed_bin
getpid
101

101
SYSCALL
analyzed_bin
getpid
101

101
SYSCALL
analyzed_bin
getpid
101

101
SYSCALL
analyzed_bin
getpid
101

101
SYSCALL
analyzed_bin
getpid
101

101
SYSCALL
analyzed_bin
getpid
101

101
SYSCALL
analyzed_bin
getpid
101

101
SYSCALL
analyzed_bin
getpid
101

101
SYSCALL
analyzed_bin
getpid
101

101
SYSCALL
analyzed_bin
getpid
101

101
SYSCALL
analyzed_bin
getpid
101

101
SYSCALL
analyzed_bin
getpid
101

101
SYSCALL
analyzed_bin
getpid
101

101
SYSCALL
analyzed_bin
getpid
101

101
SYSCALL
analyzed_bin
getpid
101

101
SYSCALL
analyzed_bin
getpid
101

101
SYSCALL
analyzed_bin
getpid
101

101
SYSCALL
analyzed_bin
getpid
101

101
SYSCALL
analyzed_bin
getpid
101

101
SYSCALL
analyzed_bin
getpid
101

101
SYSCALL
analyzed_bin
getpid
101

101
SYSCALL
analyzed_bin
getpid
101

101
SYSCALL
analyzed_bin
getpid
101

101
SYSCALL
analyzed_bin
getpid
101

101
SYSCALL
analyzed_bin
getpid
101

101
SYSCALL
analyzed_bin
getpid
101

101
SYSCALL
analyzed_bin
getpid
101

101
SYSCALL
analyzed_bin
getpid
101

101
SYSCALL
analyzed_bin
getpid
101

101
SYSCALL
analyzed_bin
getpid
101

101
SYSCALL
analyzed_bin
getpid
101

101
SYSCALL
analyzed_bin
getpid
101

101
SYSCALL
analyzed_bin
getpid
101

101
SYSCALL
analyzed_bin
getpid
101

101
SYSCALL
analyzed_bin
getpid
101

101
SYSCALL
analyzed_bin
getpid
101

101
SYSCALL
analyzed_bin
getpid
101

101
OPENFILE
"/etc/localtime"
SYSCALL
analyzed_bin
openat
101
AT_FDCWD, "/etc/localtime", O_RDONLY|O_CLOEXEC
3
SYSCALL
analyzed_bin
fstat
101
3, 0x7fe71196b0
0
SYSCALL
analyzed_bin
fstat
101
3, 0x7fe71194a0
0
SYSCALL
analyzed_bin
read
101
3, 0x557a976780, 1024
127
SYSCALL
analyzed_bin
lseek
101
3, -71, SEEK_CUR
56
SYSCALL
analyzed_bin
read
101
3, 0x557a976780, 1024
71
SYSCALL
analyzed_bin
close
101
3
0
SYSCALL
analyzed_bin
getpid
101

101
SYSCALL
analyzed_bin
getpid
101

101
OPENFILE
"/sys/devices/system/cpu/online"
SYSCALL
analyzed_bin
openat
101
AT_FDCWD, "/sys/devices/system/cpu/online", O_RDONLY|O_CLOEXEC
3
SYSCALL
analyzed_bin
read
101
3, 0x7fe7117750, 8192
2
SYSCALL
analyzed_bin
close
101
3
0
SYSCALL
analyzed_bin
brk
101
0x557a9b4000
367129214976
SYSCALL
analyzed_bin
brk
101
0x557a9d5000
367129350144
SYSCALL
analyzed_bin
getpid
101

101
OPENFILE
"/proc/101/stat"
SYSCALL
analyzed_bin
openat
101
AT_FDCWD, "/proc/101/stat", O_RDONLY
3
SYSCALL
analyzed_bin
read
101
3, 0x7fe71191d8, 500
285
SYSCALL
analyzed_bin
readlinkat
101
AT_FDCWD, "/proc/101/exe", 0x7fe71193cd, 500
18
SYSCALL
analyzed_bin
close
101
3
0
OPENFILE
"/proc/98/stat"
SYSCALL
analyzed_bin
openat
101
AT_FDCWD, "/proc/98/stat", O_RDONLY
3
SYSCALL
analyzed_bin
read
101
3, 0x7fe71191d8, 500
251
SYSCALL
analyzed_bin
readlinkat
101
AT_FDCWD, "/proc/98/exe", 0x7fe71193cd, 500
12
SYSCALL
analyzed_bin
close
101
3
0
OPENFILE
"/proc/97/stat"
SYSCALL
analyzed_bin
openat
101
AT_FDCWD, "/proc/97/stat", O_RDONLY
3
SYSCALL
analyzed_bin
read
101
3, 0x7fe71191d8, 500
262
SYSCALL
analyzed_bin
readlinkat
101
AT_FDCWD, "/proc/97/exe", 0x7fe71193cd, 500
29
SYSCALL
analyzed_bin
close
101
3
0
OPENFILE
"/proc/93/stat"
SYSCALL
analyzed_bin
openat
101
AT_FDCWD, "/proc/93/stat", O_RDONLY
3
SYSCALL
analyzed_bin
read
101
3, 0x7fe71191d8, 500
255
SYSCALL
analyzed_bin
readlinkat
101
AT_FDCWD, "/proc/93/exe", 0x7fe71193cd, 500
12
SYSCALL
analyzed_bin
close
101
3
0
OPENFILE
"/proc/1/stat"
SYSCALL
analyzed_bin
openat
101
AT_FDCWD, "/proc/1/stat", O_RDONLY
3
SYSCALL
analyzed_bin
read
101
3, 0x7fe71191d8, 500
248
SYSCALL
analyzed_bin
readlinkat
101
AT_FDCWD, "/proc/1/exe", 0x7fe71193cd, 500
12
SYSCALL
analyzed_bin
close
101
3
0
SYSCALL
analyzed_bin
rt_sigaction
101
SIGILL, {NULL}, 0x7fe71188a8, 8
0
SYSCALL
analyzed_bin
rt_sigaction
101
SIGILL, {0x557a0c9c38, SA_ONSTACK|SA_SIGINFO, 0x0, [EMPTY]}, 0x7fe71188a8, 8
0
SYSCALL
analyzed_bin
rt_sigaction
101
SIGFPE, {NULL}, 0x7fe71188a8, 8
0
SYSCALL
analyzed_bin
rt_sigaction
101
SIGFPE, {0x557a0c9c38, SA_ONSTACK|SA_SIGINFO, 0x0, [EMPTY]}, 0x7fe71188a8, 8
0
SYSCALL
analyzed_bin
rt_sigaction
101
SIGSEGV, {NULL}, 0x7fe71188a8, 8
0
SYSCALL
analyzed_bin
rt_sigaction
101
SIGSEGV, {0x557a0c9c38, SA_ONSTACK|SA_SIGINFO, 0x0, [EMPTY]}, 0x7fe71188a8, 8
0
SYSCALL
analyzed_bin
rt_sigaction
101
SIGBUS, {NULL}, 0x7fe71188a8, 8
0
SYSCALL
analyzed_bin
rt_sigaction
101
SIGBUS, {0x557a0c9c38, SA_ONSTACK|SA_SIGINFO, 0x0, [EMPTY]}, 0x7fe71188a8, 8
0
SYSCALL
analyzed_bin
rt_sigaction
101
SIGIO/SIGPOLL, {NULL}, 0x7fe71188a8, 8
0
SYSCALL
analyzed_bin
rt_sigaction
101
SIGIO/SIGPOLL, {0x557a0c9c38, SA_ONSTACK|SA_SIGINFO, 0x0, [EMPTY]}, 0x7fe71188a8, 8
0
SYSCALL
analyzed_bin
rt_sigaction
101
SIGABRT, {NULL}, 0x7fe71188a8, 8
0
SYSCALL
analyzed_bin
rt_sigaction
101
SIGABRT, {0x557a0c9c38, SA_ONSTACK|SA_SIGINFO, 0x0, [EMPTY]}, 0x7fe71188a8, 8
0
SYSCALL
analyzed_bin
sigaltstack
101
0x0, 0x7fe7118a30
0
SYSCALL
analyzed_bin
sigaltstack
101
{ss_sp=0x557a9b7420, ss_flags=0x0, ss_size=16384}, 0x0
0
SYSCALL
analyzed_bin
rt_sigprocmask
101
SIG_BLOCK, NULL, 0x7fe7119538, 8
0
SYSCALL
analyzed_bin
sigaltstack
101
{ss_sp=0x0, ss_flags=SS_DISABLE, ss_size=5120}, 0x0
0
SYSCALL
analyzed_bin
rt_sigaction
101
SIGABRT, {SIG_DFL}, 0x0, 8
0
SYSCALL
analyzed_bin
rt_sigaction
101
SIGIO/SIGPOLL, {SIG_DFL}, 0x0, 8
0
SYSCALL
analyzed_bin
rt_sigaction
101
SIGBUS, {SIG_DFL}, 0x0, 8
0
SYSCALL
analyzed_bin
rt_sigaction
101
SIGSEGV, {SIG_DFL}, 0x0, 8
0
SYSCALL
analyzed_bin
rt_sigaction
101
SIGFPE, {SIG_DFL}, 0x0, 8
0
SYSCALL
analyzed_bin
rt_sigaction
101
SIGILL, {SIG_DFL}, 0x0, 8
0
SYSCALL
analyzed_bin
getpid
101

101
OPENFILE
"/proc/101/stat"
SYSCALL
analyzed_bin
openat
101
AT_FDCWD, "/proc/101/stat", O_RDONLY
3
SYSCALL
analyzed_bin
read
101
3, 0x7fe7119168, 500
285
SYSCALL
analyzed_bin
readlinkat
101
AT_FDCWD, "/proc/101/exe", 0x7fe711935d, 500
18
SYSCALL
analyzed_bin
close
101
3
0
OPENFILE
"/proc/98/stat"
SYSCALL
analyzed_bin
openat
101
AT_FDCWD, "/proc/98/stat", O_RDONLY
3
SYSCALL
analyzed_bin
read
101
3, 0x7fe7119168, 500
251
SYSCALL
analyzed_bin
readlinkat
101
AT_FDCWD, "/proc/98/exe", 0x7fe711935d, 500
12
SYSCALL
analyzed_bin
close
101
3
0
OPENFILE
"/proc/97/stat"
SYSCALL
analyzed_bin
openat
101
AT_FDCWD, "/proc/97/stat", O_RDONLY
3
SYSCALL
analyzed_bin
read
101
3, 0x7fe7119168, 500
262
SYSCALL
analyzed_bin
readlinkat
101
AT_FDCWD, "/proc/97/exe", 0x7fe711935d, 500
29
SYSCALL
analyzed_bin
close
101
3
0
OPENFILE
"/proc/93/stat"
SYSCALL
analyzed_bin
openat
101
AT_FDCWD, "/proc/93/stat", O_RDONLY
3
SYSCALL
analyzed_bin
read
101
3, 0x7fe7119168, 500
255
SYSCALL
analyzed_bin
readlinkat
101
AT_FDCWD, "/proc/93/exe", 0x7fe711935d, 500
12
SYSCALL
analyzed_bin
close
101
3
0
OPENFILE
"/proc/1/stat"
SYSCALL
analyzed_bin
openat
101
AT_FDCWD, "/proc/1/stat", O_RDONLY
3
SYSCALL
analyzed_bin
read
101
3, 0x7fe7119168, 500
248
SYSCALL
analyzed_bin
readlinkat
101
AT_FDCWD, "/proc/1/exe", 0x7fe711935d, 500
12
SYSCALL
analyzed_bin
close
101
3
0
SYSCALL
analyzed_bin
rt_sigaction
101
SIGILL, {NULL}, 0x7fe7118838, 8
0
SYSCALL
analyzed_bin
rt_sigaction
101
SIGILL, {0x557a0c9c38, SA_ONSTACK|SA_SIGINFO, 0x0, [EMPTY]}, 0x7fe7118838, 8
0
SYSCALL
analyzed_bin
rt_sigaction
101
SIGFPE, {NULL}, 0x7fe7118838, 8
0
SYSCALL
analyzed_bin
rt_sigaction
101
SIGFPE, {0x557a0c9c38, SA_ONSTACK|SA_SIGINFO, 0x0, [EMPTY]}, 0x7fe7118838, 8
0
SYSCALL
analyzed_bin
rt_sigaction
101
SIGSEGV, {NULL}, 0x7fe7118838, 8
0
SYSCALL
analyzed_bin
rt_sigaction
101
SIGSEGV, {0x557a0c9c38, SA_ONSTACK|SA_SIGINFO, 0x0, [EMPTY]}, 0x7fe7118838, 8
0
SYSCALL
analyzed_bin
rt_sigaction
101
SIGBUS, {NULL}, 0x7fe7118838, 8
0
SYSCALL
analyzed_bin
rt_sigaction
101
SIGBUS, {0x557a0c9c38, SA_ONSTACK|SA_SIGINFO, 0x0, [EMPTY]}, 0x7fe7118838, 8
0
SYSCALL
analyzed_bin
rt_sigaction
101
SIGIO/SIGPOLL, {NULL}, 0x7fe7118838, 8
0
SYSCALL
analyzed_bin
rt_sigaction
101
SIGIO/SIGPOLL, {0x557a0c9c38, SA_ONSTACK|SA_SIGINFO, 0x0, [EMPTY]}, 0x7fe7118838, 8
0
SYSCALL
analyzed_bin
rt_sigaction
101
SIGABRT, {NULL}, 0x7fe7118838, 8
0
SYSCALL
analyzed_bin
rt_sigaction
101
SIGABRT, {0x557a0c9c38, SA_ONSTACK|SA_SIGINFO, 0x0, [EMPTY]}, 0x7fe7118838, 8
0
SYSCALL
analyzed_bin
sigaltstack
101
0x0, 0x7fe71189c0
0
SYSCALL
analyzed_bin
sigaltstack
101
{ss_sp=0x557a9b7420, ss_flags=0x0, ss_size=16384}, 0x0
0
SYSCALL
analyzed_bin
rt_sigprocmask
101
SIG_BLOCK, NULL, 0x7fe71194c8, 8
0
SYSCALL
analyzed_bin
mmap2
101
0x0, 1052672, PROT_READ|PROT_WRITE, MAP_PRIVATE|MAP_ANONYMOUS, -1, 0
0x7fad8aa000
SYSCALL
analyzed_bin
mmap2
101
0x0, 2101248, PROT_READ|PROT_WRITE, MAP_PRIVATE|MAP_ANONYMOUS, -1, 0
0x7fad422000
SYSCALL
analyzed_bin
mmap2
101
0x0, 1445888, PROT_READ|PROT_WRITE, MAP_PRIVATE|MAP_ANONYMOUS, -1, 0
0x7fad2c1000
SYSCALL
analyzed_bin
brk
101
0x557aa81000
367130054656
SYSCALL
analyzed_bin
munmap
101
0x7fad2c1000, 1445888
0
SYSCALL
analyzed_bin
munmap
101
0x7fad422000, 2101248
0
SYSCALL
analyzed_bin
mlock
101
0x557a99f000, 4096
0
SYSCALL
analyzed_bin
getpid
101

101
SYSCALL
analyzed_bin
munlock
101
0x557a99f000, 4096
0
OPENFILE
"DB_CONFIG"
SYSCALL
analyzed_bin
openat
101
AT_FDCWD, "DB_CONFIG", O_RDONLY
-2 (ENOENT)
SYSCALL
analyzed_bin
fstatat
101
AT_FDCWD, "/var/tmp", 0x7fe7117a98, 0x0
0
SYSCALL
analyzed_bin
mmap2
101
0x0, 58118144, PROT_READ|PROT_WRITE, MAP_PRIVATE|MAP_ANONYMOUS, -1, 0
0x7fa9eb6000
SYSCALL
analyzed_bin
mmap2
101
0x0, 7340032, PROT_READ|PROT_WRITE, MAP_PRIVATE|MAP_ANONYMOUS, -1, 0
0x7fa97b6000
SYSCALL
analyzed_bin
mmap2
101
0x0, 41947136, PROT_READ|PROT_WRITE, MAP_PRIVATE|MAP_ANONYMOUS, -1, 0
0x7fa6fb5000
SYSCALL
analyzed_bin
brk
101
0x557ab81000
367131103232
SYSCALL
analyzed_bin
brk
101
0x557aba2000
367131238400
SYSCALL
analyzed_bin
brk
101
0x557abc3000
367131373568
SYSCALL
analyzed_bin
brk
101
0x557abe4000
367131508736
SYSCALL
analyzed_bin
brk
101
0x557ac05000
367131643904
SYSCALL
analyzed_bin
brk
101
0x557ac26000
367131779072
SYSCALL
analyzed_bin
brk
101
0x557ac47000
367131914240
SYSCALL
analyzed_bin
brk
101
0x557ac68000
367132049408
SYSCALL
analyzed_bin
brk
101
0x557ac89000
367132184576
SYSCALL
analyzed_bin
brk
101
0x557acaa000
367132319744
SYSCALL
analyzed_bin
brk
101
0x557accb000
367132454912
SYSCALL
analyzed_bin
brk
101
0x557acec000
367132590080
SYSCALL
analyzed_bin
brk
101
0x557ad0d000
367132725248
SYSCALL
analyzed_bin
brk
101
0x557ad2e000
367132860416
SYSCALL
analyzed_bin
brk
101
0x557ad4f000
367132995584
SYSCALL
analyzed_bin
brk
101
0x557ad70000
367133130752
SYSCALL
analyzed_bin
brk
101
0x557ad91000
367133265920
SYSCALL
analyzed_bin
brk
101
0x557adb2000
367133401088
SYSCALL
analyzed_bin
brk
101
0x557add3000
367133536256
SYSCALL
analyzed_bin
fstatat
101
AT_FDCWD, "/tmp", 0x7fe7118398, 0x0
0
SYSCALL
analyzed_bin
getpid
101

101
SYSCALL
analyzed_bin
fstatat
101
AT_FDCWD, "/tmp/test_giant_4_16621", 0x7fe7118398, 0x0
-2 (ENOENT)
SYSCALL
analyzed_bin
fstatat
101
AT_FDCWD, "/tmp", 0x7fe7118398, 0x0
0
SYSCALL
analyzed_bin
mkdirat
101
AT_FDCWD, "/tmp/test_giant_4_16621", 0777
0
SYSCALL
analyzed_bin
fstatat
101
AT_FDCWD, "/tmp/test_giant_4_16621", 0x7fe7118248, 0x0
0
SYSCALL
analyzed_bin
fstatat
101
AT_FDCWD, "/tmp/test_giant_4_16621/unittest", 0x7fe7118198, 0x0
-2 (ENOENT)
SYSCALL
analyzed_bin
fstatat
101
AT_FDCWD, "/tmp/test_giant_4_16621", 0x7fe7118198, 0x0
0
SYSCALL
analyzed_bin
mkdirat
101
AT_FDCWD, "/tmp/test_giant_4_16621/unittest", 0777
0
SYSCALL
analyzed_bin
futex
101
0x557a936980, FUTEX_WAKE_PRIVATE, 2147483647
0
SYSCALL
analyzed_bin
prlimit64
101
0, RLIMIT_NOFILE, NULL, 0x7fe7118208
0
SYSCALL
analyzed_bin
futex
101
0x557a9369a0, FUTEX_WAKE_PRIVATE, 2147483647
0
SYSCALL
analyzed_bin
brk
101
0x557adf4000
367133671424
SYSCALL
analyzed_bin
getpid
101

101
SYSCALL
analyzed_bin
statfs
101
"/tmp/test_giant_4_16621/unittest", 0x7fe71180f8
0
SYSCALL
analyzed_bin
fstatat
101
AT_FDCWD, "/tmp/test_giant_4_16621/unittest/blocks", 0x7fe7118118, 0x0
-2 (ENOENT)
SYSCALL
analyzed_bin
fstatat
101
AT_FDCWD, "/tmp/test_giant_4_16621/unittest", 0x7fe7118118, 0x0
0
SYSCALL
analyzed_bin
mkdirat
101
AT_FDCWD, "/tmp/test_giant_4_16621/unittest/blocks", 0777
0
OPENFILE
"/tmp/test_giant_4_16621/unittest/blocks/blk00000.dat"
SYSCALL
analyzed_bin
openat
101
AT_FDCWD, "/tmp/test_giant_4_16621/unittest/blocks/blk00000.dat", O_RDWR
-2 (ENOENT)
OPENFILE
"/tmp/test_giant_4_16621/unittest/blocks/blk00000.dat"
SYSCALL
analyzed_bin
openat
101
AT_FDCWD, "/tmp/test_giant_4_16621/unittest/blocks/blk00000.dat", O_RDWR|O_CREAT|O_TRUNC, 0666
3
SYSCALL
analyzed_bin
fallocate
101
3, 0x0, 0x0, 16777216
0
SYSCALL
analyzed_bin
close
101
3
0
SYSCALL
analyzed_bin
fstatat
101
AT_FDCWD, "/tmp/test_giant_4_16621/unittest/blocks", 0x7fe7118058, 0x0
0
OPENFILE
"/tmp/test_giant_4_16621/unittest/blocks/blk00000.dat"
SYSCALL
analyzed_bin
openat
101
AT_FDCWD, "/tmp/test_giant_4_16621/unittest/blocks/blk00000.dat", O_RDWR
3
SYSCALL
analyzed_bin
fstat
101
3, 0x7fe7118030
0
SYSCALL
analyzed_bin
lseek
101
3, 0, SEEK_CUR
0
SYSCALL
analyzed_bin
write
101
3, "\272\253\207\031\377\0\0\0\001\0\0\0\0\0\0\0\0\0", 263
263
SYSCALL
analyzed_bin
close
101
3
0
SYSCALL
analyzed_bin
getpid
101

101
SYSCALL
analyzed_bin
rt_sigprocmask
101
SIG_SETMASK, [EMPTY], 0x0, 8
0
SYSCALL
analyzed_bin
futex
101
0x7fadb28214, FUTEX_WAKE_PRIVATE, 2147483647
0
SYSCALL
analyzed_bin
sigaltstack
101
{ss_sp=0x0, ss_flags=SS_DISABLE, ss_size=5120}, 0x0
0
SYSCALL
analyzed_bin
rt_sigaction
101
SIGABRT, {SIG_DFL}, 0x0, 8
0
SYSCALL
analyzed_bin
rt_sigaction
101
SIGIO/SIGPOLL, {SIG_DFL}, 0x0, 8
0
SYSCALL
analyzed_bin
rt_sigaction
101
SIGBUS, {SIG_DFL}, 0x0, 8
0
SYSCALL
analyzed_bin
rt_sigaction
101
SIGSEGV, {SIG_DFL}, 0x0, 8
0
SYSCALL
analyzed_bin
rt_sigaction
101
SIGFPE, {SIG_DFL}, 0x0, 8
0
SYSCALL
analyzed_bin
rt_sigaction
101
SIGILL, {SIG_DFL}, 0x0, 8
0
SYSCALL
analyzed_bin
write
101
2, "Test setup error: ", 18
18
SYSCALL
analyzed_bin
write
101
2, "memory access violation at address: 0x0000000"..., 75
75
SYSCALL
analyzed_bin
write
101
2, "\n", 1
1
SYSCALL
analyzed_bin
munmap
101
0x7fa6fb5000, 41947136
0
SYSCALL
analyzed_bin
mmap2
101
0x0, 3145728, PROT_READ|PROT_WRITE, MAP_PRIVATE|MAP_ANONYMOUS, -1, 0
0x7fa94b6000
SYSCALL
analyzed_bin
munmap
101
0x7fa94b6000, 3145728
0
SYSCALL
analyzed_bin
munmap
101
0x7fa97b6000, 7340032
0
SYSCALL
analyzed_bin
munmap
101
0x7fa9eb6000, 58118144
0
SYSCALL
analyzed_bin
munmap
101
0x7fad623000, 1970176
0
SYSCALL
analyzed_bin
exit_group
101
200

