LISA
PROCESS
108:105
SYSCALL
analyzed_bin
execve
108

0
SYSCALL
analyzed_bin
arch_prctl
108
ARCH_SET_FS, 140379985149824
0
SYSCALL
analyzed_bin
set_tid_address
108
0x7facc32602f0
108
SYSCALL
analyzed_bin
brk
108
0x0
140379985154048
SYSCALL
analyzed_bin
brk
108
0x7facc3262000
140379985158144
OPENFILE
0x7facc3087aec
SYSCALL
analyzed_bin
open
108
0x7facc3087aec, O_RDONLY
3
SYSCALL
analyzed_bin
read
108
3, 0x7ffcf98df694, 4
4
SYSCALL
analyzed_bin
brk
108
0x7facc3263000
140379985162240
SYSCALL
analyzed_bin
mmap2
108
0x0, 81920, PROT_READ|PROT_WRITE|PROT_EXEC, MAP_PRIVATE|MAP_ANONYMOUS, -1, 0
0x7facc2bf1000
SYSCALL
analyzed_bin
mprotect
108
0x7facc2bf1000, 81920, PROT_READ|PROT_EXEC
0
SYSCALL
analyzed_bin
brk
108
0x7facc3275000
140379985235968
SYSCALL
analyzed_bin
brk
108
0x7facc327a000
140379985256448
SYSCALL
analyzed_bin
brk
108
0x7facc328b000
140379985326080
SYSCALL
analyzed_bin
sched_getaffinity
108
0, 128, 0x7ffcf98df130
8
SYSCALL
analyzed_bin
faccessat
108
-1, "/sys/bus/cpu/devices", R_OK|X_OK
0
SYSCALL
analyzed_bin
faccessat
108
-1, "/sys/bus/cpu/devices/cpu0/topology/package_cpus", R_OK
-2 (ENOENT)
SYSCALL
analyzed_bin
faccessat
108
-1, "/sys/bus/cpu/devices/cpu0/topology/core_cpus", R_OK
-2 (ENOENT)
SYSCALL
analyzed_bin
faccessat
108
-1, "/sys/bus/cpu/devices/cpu0/topology/core_siblings", R_OK
0
SYSCALL
analyzed_bin
faccessat
108
-1, "/sys/bus/node/devices", R_OK|X_OK
-2 (ENOENT)
SYSCALL
analyzed_bin
faccessat
108
-1, "/sys/devices/system/node", R_OK|X_OK
-2 (ENOENT)
SYSCALL
analyzed_bin
uname
108
0x7facc3289cf0
0
SYSCALL
analyzed_bin
sched_getaffinity
108
0, 128, 0x7ffcf98def80
8
OPENFILE
"/proc/cpuinfo"
SYSCALL
analyzed_bin
openat
108
-1, "/proc/cpuinfo", O_RDONLY
4
SYSCALL
analyzed_bin
read
108
4, 0x7facc328a530, 1024
720
SYSCALL
analyzed_bin
read
108
4, 0x7facc328a530, 1024
0
SYSCALL
analyzed_bin
close
108
4
0
OPENFILE
"/proc/mounts"
SYSCALL
analyzed_bin
open
108
"/proc/mounts", O_RDONLY
4
SYSCALL
analyzed_bin
brk
108
0x7facc328c000
140379985330176
SYSCALL
analyzed_bin
brk
108
0x7facc3291000
140379985350656
SYSCALL
analyzed_bin
read
108
4, 0x7facc328ad10, 1024
459
SYSCALL
analyzed_bin
read
108
4, 0x7facc328ad10, 1024
0
SYSCALL
analyzed_bin
close
108
4
0
OPENFILE
"/sys/devices/system/cpu/online"
SYSCALL
analyzed_bin
openat
108
-1, "/sys/devices/system/cpu/online", O_RDONLY
4
SYSCALL
analyzed_bin
read
108
4, 0x7facc328ac20, 4097
2
SYSCALL
analyzed_bin
close
108
4
0
OPENFILE
"/sys/bus/cpu/devices"
SYSCALL
analyzed_bin
openat
108
-1, "/sys/bus/cpu/devices", O_RDONLY|O_DIRECTORY
4
SYSCALL
analyzed_bin
fstat
108
4, 0x7ffcf98dec40
0
SYSCALL
analyzed_bin
fcntl
108
4, F_GETFL, 0x7ffcf98decf0
98304
SYSCALL
analyzed_bin
fcntl
108
4, F_SETFD, 0x1
0
SYSCALL
analyzed_bin
getdents
108
4, 0x7facc328ac38, 2048
72
SYSCALL
analyzed_bin
faccessat
108
-1, "/sys/bus/cpu/devices/cpu0/topology", X_OK
0
SYSCALL
analyzed_bin
getdents
108
4, 0x7facc328ac38, 2048
0
SYSCALL
analyzed_bin
close
108
4
0
OPENFILE
"/sys/bus/cpu/devices/cpu0/topology/thread_siblings"
SYSCALL
analyzed_bin
openat
108
-1, "/sys/bus/cpu/devices/cpu0/topology/thread_siblings", O_RDONLY
4
SYSCALL
analyzed_bin
read
108
4, 0x7facc328ac20, 4097
2
SYSCALL
analyzed_bin
close
108
4
0
OPENFILE
"/sys/bus/cpu/devices/cpu0/topology/core_id"
SYSCALL
analyzed_bin
openat
108
-1, "/sys/bus/cpu/devices/cpu0/topology/core_id", O_RDONLY
4
SYSCALL
analyzed_bin
read
108
4, 0x7ffcf98deea0, 10
2
SYSCALL
analyzed_bin
close
108
4
0
OPENFILE
"/sys/bus/cpu/devices/cpu0/topology/die_cpus"
SYSCALL
analyzed_bin
openat
108
-1, "/sys/bus/cpu/devices/cpu0/topology/die_cpus", O_RDONLY
-2 (ENOENT)
OPENFILE
"/sys/bus/cpu/devices/cpu0/topology/core_siblings"
SYSCALL
analyzed_bin
openat
108
-1, "/sys/bus/cpu/devices/cpu0/topology/core_siblings", O_RDONLY
4
SYSCALL
analyzed_bin
read
108
4, 0x7facc328ac20, 4097
2
SYSCALL
analyzed_bin
close
108
4
0
OPENFILE
"/sys/bus/cpu/devices/cpu0/topology/physical_package_id"
SYSCALL
analyzed_bin
openat
108
-1, "/sys/bus/cpu/devices/cpu0/topology/physical_package_id", O_RDONLY
4
SYSCALL
analyzed_bin
read
108
4, 0x7ffcf98deea0, 10
2
SYSCALL
analyzed_bin
close
108
4
0
OPENFILE
"/sys/bus/cpu/devices/cpu0/cpufreq/cpuinfo_max_freq"
SYSCALL
analyzed_bin
openat
108
-1, "/sys/bus/cpu/devices/cpu0/cpufreq/cpuinfo_max_freq", O_RDONLY
-2 (ENOENT)
OPENFILE
"/sys/bus/cpu/devices/cpu0/cpufreq/base_frequency"
SYSCALL
analyzed_bin
openat
108
-1, "/sys/bus/cpu/devices/cpu0/cpufreq/base_frequency", O_RDONLY
-2 (ENOENT)
OPENFILE
"/sys/bus/cpu/devices/cpu0/cache/index0/shared_cpu_map"
SYSCALL
analyzed_bin
openat
108
-1, "/sys/bus/cpu/devices/cpu0/cache/index0/shared_cpu_map", O_RDONLY
4
SYSCALL
analyzed_bin
read
108
4, 0x7facc328b000, 4097
2
SYSCALL
analyzed_bin
close
108
4
0
OPENFILE
"/sys/bus/cpu/devices/cpu0/cache/index0/level"
SYSCALL
analyzed_bin
openat
108
-1, "/sys/bus/cpu/devices/cpu0/cache/index0/level", O_RDONLY
4
SYSCALL
analyzed_bin
read
108
4, 0x7ffcf98deea0, 10
2
SYSCALL
analyzed_bin
close
108
4
0
OPENFILE
"/sys/bus/cpu/devices/cpu0/cache/index0/type"
SYSCALL
analyzed_bin
openat
108
-1, "/sys/bus/cpu/devices/cpu0/cache/index0/type", O_RDONLY
4
SYSCALL
analyzed_bin
read
108
4, 0x7ffcf98deea0, 19
5
SYSCALL
analyzed_bin
close
108
4
0
OPENFILE
"/sys/bus/cpu/devices/cpu0/cache/index0/size"
SYSCALL
analyzed_bin
openat
108
-1, "/sys/bus/cpu/devices/cpu0/cache/index0/size", O_RDONLY
4
SYSCALL
analyzed_bin
read
108
4, 0x7ffcf98dee95, 10
4
SYSCALL
analyzed_bin
close
108
4
0
OPENFILE
"/sys/bus/cpu/devices/cpu0/cache/index0/coherency_line_size"
SYSCALL
analyzed_bin
openat
108
-1, "/sys/bus/cpu/devices/cpu0/cache/index0/coherency_line_size", O_RDONLY
4
SYSCALL
analyzed_bin
read
108
4, 0x7ffcf98dee95, 10
3
SYSCALL
analyzed_bin
close
108
4
0
OPENFILE
"/sys/bus/cpu/devices/cpu0/cache/index0/number_of_sets"
SYSCALL
analyzed_bin
openat
108
-1, "/sys/bus/cpu/devices/cpu0/cache/index0/number_of_sets", O_RDONLY
4
SYSCALL
analyzed_bin
read
108
4, 0x7ffcf98dee95, 10
4
SYSCALL
analyzed_bin
close
108
4
0
OPENFILE
"/sys/bus/cpu/devices/cpu0/cache/index0/physical_line_partition"
SYSCALL
analyzed_bin
openat
108
-1, "/sys/bus/cpu/devices/cpu0/cache/index0/physical_line_partition", O_RDONLY
4
SYSCALL
analyzed_bin
read
108
4, 0x7ffcf98dee95, 10
2
SYSCALL
analyzed_bin
close
108
4
0
OPENFILE
"/sys/bus/cpu/devices/cpu0/cache/index1/shared_cpu_map"
SYSCALL
analyzed_bin
openat
108
-1, "/sys/bus/cpu/devices/cpu0/cache/index1/shared_cpu_map", O_RDONLY
4
SYSCALL
analyzed_bin
read
108
4, 0x7facc328b200, 4097
2
SYSCALL
analyzed_bin
close
108
4
0
OPENFILE
"/sys/bus/cpu/devices/cpu0/cache/index1/level"
SYSCALL
analyzed_bin
openat
108
-1, "/sys/bus/cpu/devices/cpu0/cache/index1/level", O_RDONLY
4
SYSCALL
analyzed_bin
read
108
4, 0x7ffcf98deea0, 10
2
SYSCALL
analyzed_bin
close
108
4
0
OPENFILE
"/sys/bus/cpu/devices/cpu0/cache/index1/type"
SYSCALL
analyzed_bin
openat
108
-1, "/sys/bus/cpu/devices/cpu0/cache/index1/type", O_RDONLY
4
SYSCALL
analyzed_bin
read
108
4, 0x7ffcf98deea0, 19
12
SYSCALL
analyzed_bin
close
108
4
0
OPENFILE
"/sys/bus/cpu/devices/cpu0/cache/index2/shared_cpu_map"
SYSCALL
analyzed_bin
openat
108
-1, "/sys/bus/cpu/devices/cpu0/cache/index2/shared_cpu_map", O_RDONLY
4
SYSCALL
analyzed_bin
read
108
4, 0x7facc328b200, 4097
2
SYSCALL
analyzed_bin
close
108
4
0
OPENFILE
"/sys/bus/cpu/devices/cpu0/cache/index2/level"
SYSCALL
analyzed_bin
openat
108
-1, "/sys/bus/cpu/devices/cpu0/cache/index2/level", O_RDONLY
4
SYSCALL
analyzed_bin
read
108
4, 0x7ffcf98deea0, 10
2
SYSCALL
analyzed_bin
close
108
4
0
OPENFILE
"/sys/bus/cpu/devices/cpu0/cache/index2/type"
SYSCALL
analyzed_bin
openat
108
-1, "/sys/bus/cpu/devices/cpu0/cache/index2/type", O_RDONLY
4
SYSCALL
analyzed_bin
read
108
4, 0x7ffcf98deea0, 19
8
SYSCALL
analyzed_bin
close
108
4
0
OPENFILE
"/sys/bus/cpu/devices/cpu0/cache/index2/size"
SYSCALL
analyzed_bin
openat
108
-1, "/sys/bus/cpu/devices/cpu0/cache/index2/size", O_RDONLY
4
SYSCALL
analyzed_bin
read
108
4, 0x7ffcf98dee95, 10
5
SYSCALL
analyzed_bin
close
108
4
0
OPENFILE
"/sys/bus/cpu/devices/cpu0/cache/index2/coherency_line_size"
SYSCALL
analyzed_bin
openat
108
-1, "/sys/bus/cpu/devices/cpu0/cache/index2/coherency_line_size", O_RDONLY
4
SYSCALL
analyzed_bin
read
108
4, 0x7ffcf98dee95, 10
3
SYSCALL
analyzed_bin
close
108
4
0
OPENFILE
"/sys/bus/cpu/devices/cpu0/cache/index2/number_of_sets"
SYSCALL
analyzed_bin
openat
108
-1, "/sys/bus/cpu/devices/cpu0/cache/index2/number_of_sets", O_RDONLY
4
SYSCALL
analyzed_bin
read
108
4, 0x7ffcf98dee95, 10
4
SYSCALL
analyzed_bin
close
108
4
0
OPENFILE
"/sys/bus/cpu/devices/cpu0/cache/index2/physical_line_partition"
SYSCALL
analyzed_bin
openat
108
-1, "/sys/bus/cpu/devices/cpu0/cache/index2/physical_line_partition", O_RDONLY
4
SYSCALL
analyzed_bin
read
108
4, 0x7ffcf98dee95, 10
2
SYSCALL
analyzed_bin
close
108
4
0
OPENFILE
"/sys/bus/cpu/devices/cpu0/cache/index3/shared_cpu_map"
SYSCALL
analyzed_bin
openat
108
-1, "/sys/bus/cpu/devices/cpu0/cache/index3/shared_cpu_map", O_RDONLY
4
SYSCALL
analyzed_bin
read
108
4, 0x7facc328b400, 4097
2
SYSCALL
analyzed_bin
close
108
4
0
OPENFILE
"/sys/bus/cpu/devices/cpu0/cache/index3/level"
SYSCALL
analyzed_bin
openat
108
-1, "/sys/bus/cpu/devices/cpu0/cache/index3/level", O_RDONLY
4
SYSCALL
analyzed_bin
read
108
4, 0x7ffcf98deea0, 10
2
SYSCALL
analyzed_bin
close
108
4
0
OPENFILE
"/sys/bus/cpu/devices/cpu0/cache/index3/type"
SYSCALL
analyzed_bin
openat
108
-1, "/sys/bus/cpu/devices/cpu0/cache/index3/type", O_RDONLY
4
SYSCALL
analyzed_bin
read
108
4, 0x7ffcf98deea0, 19
8
SYSCALL
analyzed_bin
close
108
4
0
OPENFILE
"/sys/bus/cpu/devices/cpu0/cache/index3/size"
SYSCALL
analyzed_bin
openat
108
-1, "/sys/bus/cpu/devices/cpu0/cache/index3/size", O_RDONLY
4
SYSCALL
analyzed_bin
read
108
4, 0x7ffcf98dee95, 10
7
SYSCALL
analyzed_bin
close
108
4
0
OPENFILE
"/sys/bus/cpu/devices/cpu0/cache/index3/coherency_line_size"
SYSCALL
analyzed_bin
openat
108
-1, "/sys/bus/cpu/devices/cpu0/cache/index3/coherency_line_size", O_RDONLY
4
SYSCALL
analyzed_bin
read
108
4, 0x7ffcf98dee95, 10
3
SYSCALL
analyzed_bin
close
108
4
0
OPENFILE
"/sys/bus/cpu/devices/cpu0/cache/index3/number_of_sets"
SYSCALL
analyzed_bin
openat
108
-1, "/sys/bus/cpu/devices/cpu0/cache/index3/number_of_sets", O_RDONLY
4
SYSCALL
analyzed_bin
read
108
4, 0x7ffcf98dee95, 10
6
SYSCALL
analyzed_bin
close
108
4
0
OPENFILE
"/sys/bus/cpu/devices/cpu0/cache/index3/physical_line_partition"
SYSCALL
analyzed_bin
openat
108
-1, "/sys/bus/cpu/devices/cpu0/cache/index3/physical_line_partition", O_RDONLY
4
SYSCALL
analyzed_bin
read
108
4, 0x7ffcf98dee95, 10
2
SYSCALL
analyzed_bin
close
108
4
0
OPENFILE
"/sys/bus/cpu/devices/cpu0/cache/index4/shared_cpu_map"
SYSCALL
analyzed_bin
openat
108
-1, "/sys/bus/cpu/devices/cpu0/cache/index4/shared_cpu_map", O_RDONLY
-2 (ENOENT)
OPENFILE
"/sys/bus/cpu/devices/cpu0/cache/index5/shared_cpu_map"
SYSCALL
analyzed_bin
openat
108
-1, "/sys/bus/cpu/devices/cpu0/cache/index5/shared_cpu_map", O_RDONLY
-2 (ENOENT)
OPENFILE
"/sys/bus/cpu/devices/cpu0/cache/index6/shared_cpu_map"
SYSCALL
analyzed_bin
openat
108
-1, "/sys/bus/cpu/devices/cpu0/cache/index6/shared_cpu_map", O_RDONLY
-2 (ENOENT)
OPENFILE
"/sys/bus/cpu/devices/cpu0/cache/index7/shared_cpu_map"
SYSCALL
analyzed_bin
openat
108
-1, "/sys/bus/cpu/devices/cpu0/cache/index7/shared_cpu_map", O_RDONLY
-2 (ENOENT)
OPENFILE
"/sys/bus/cpu/devices/cpu0/cache/index8/shared_cpu_map"
SYSCALL
analyzed_bin
openat
108
-1, "/sys/bus/cpu/devices/cpu0/cache/index8/shared_cpu_map", O_RDONLY
-2 (ENOENT)
OPENFILE
"/sys/bus/cpu/devices/cpu0/cache/index9/shared_cpu_map"
SYSCALL
analyzed_bin
openat
108
-1, "/sys/bus/cpu/devices/cpu0/cache/index9/shared_cpu_map", O_RDONLY
-2 (ENOENT)
OPENFILE
"/sys/devices/system/cpu/types"
SYSCALL
analyzed_bin
openat
108
-1, "/sys/devices/system/cpu/types", O_RDONLY|O_DIRECTORY
-2 (ENOENT)
SYSCALL
analyzed_bin
stat
108
"/sys/kernel/mm/hugepages", 0x7ffcf98df060
-2 (ENOENT)
OPENFILE
"/proc/meminfo"
SYSCALL
analyzed_bin
openat
108
-1, "/proc/meminfo", O_RDONLY
4
SYSCALL
analyzed_bin
read
108
4, 0x7ffcf98de0d0, 4095
1011
SYSCALL
analyzed_bin
close
108
4
0
OPENFILE
"/sys/devices/virtual/dmi/id"
SYSCALL
analyzed_bin
openat
108
-1, "/sys/devices/virtual/dmi/id", O_RDONLY|O_DIRECTORY
4
SYSCALL
analyzed_bin
fstat
108
4, 0x7ffcf98defb0
0
SYSCALL
analyzed_bin
fcntl
108
4, F_GETFL, 0x7ffcf98df060
98304
SYSCALL
analyzed_bin
fcntl
108
4, F_SETFD, 0x1
0
SYSCALL
analyzed_bin
close
108
4
0
OPENFILE
"/sys/devices/virtual/dmi/id/product_name"
SYSCALL
analyzed_bin
openat
108
-1, "/sys/devices/virtual/dmi/id/product_name", O_RDONLY
4
SYSCALL
analyzed_bin
read
108
4, 0x7ffcf98df090, 63
34
SYSCALL
analyzed_bin
close
108
4
0
OPENFILE
"/sys/devices/virtual/dmi/id/product_version"
SYSCALL
analyzed_bin
openat
108
-1, "/sys/devices/virtual/dmi/id/product_version", O_RDONLY
4
SYSCALL
analyzed_bin
read
108
4, 0x7ffcf98df090, 63
14
SYSCALL
analyzed_bin
close
108
4
0
OPENFILE
"/sys/devices/virtual/dmi/id/product_serial"
SYSCALL
analyzed_bin
openat
108
-1, "/sys/devices/virtual/dmi/id/product_serial", O_RDONLY
4
SYSCALL
analyzed_bin
read
108
4, 0x7ffcf98df090, 63
1
SYSCALL
analyzed_bin
close
108
4
0
OPENFILE
"/sys/devices/virtual/dmi/id/product_uuid"
SYSCALL
analyzed_bin
openat
108
-1, "/sys/devices/virtual/dmi/id/product_uuid", O_RDONLY
-2 (ENOENT)
OPENFILE
"/sys/devices/virtual/dmi/id/board_vendor"
SYSCALL
analyzed_bin
openat
108
-1, "/sys/devices/virtual/dmi/id/board_vendor", O_RDONLY
-2 (ENOENT)
OPENFILE
"/sys/devices/virtual/dmi/id/board_name"
SYSCALL
analyzed_bin
openat
108
-1, "/sys/devices/virtual/dmi/id/board_name", O_RDONLY
-2 (ENOENT)
OPENFILE
"/sys/devices/virtual/dmi/id/board_version"
SYSCALL
analyzed_bin
openat
108
-1, "/sys/devices/virtual/dmi/id/board_version", O_RDONLY
-2 (ENOENT)
OPENFILE
"/sys/devices/virtual/dmi/id/board_serial"
SYSCALL
analyzed_bin
openat
108
-1, "/sys/devices/virtual/dmi/id/board_serial", O_RDONLY
-2 (ENOENT)
OPENFILE
"/sys/devices/virtual/dmi/id/board_asset_tag"
SYSCALL
analyzed_bin
openat
108
-1, "/sys/devices/virtual/dmi/id/board_asset_tag", O_RDONLY
-2 (ENOENT)
OPENFILE
"/sys/devices/virtual/dmi/id/chassis_vendor"
SYSCALL
analyzed_bin
openat
108
-1, "/sys/devices/virtual/dmi/id/chassis_vendor", O_RDONLY
4
SYSCALL
analyzed_bin
read
108
4, 0x7ffcf98df090, 63
5
SYSCALL
analyzed_bin
close
108
4
0
OPENFILE
"/sys/devices/virtual/dmi/id/chassis_type"
SYSCALL
analyzed_bin
openat
108
-1, "/sys/devices/virtual/dmi/id/chassis_type", O_RDONLY
4
SYSCALL
analyzed_bin
read
108
4, 0x7ffcf98df090, 63
2
SYSCALL
analyzed_bin
close
108
4
0
OPENFILE
"/sys/devices/virtual/dmi/id/chassis_version"
SYSCALL
analyzed_bin
openat
108
-1, "/sys/devices/virtual/dmi/id/chassis_version", O_RDONLY
4
SYSCALL
analyzed_bin
read
108
4, 0x7ffcf98df090, 63
14
SYSCALL
analyzed_bin
close
108
4
0
OPENFILE
"/sys/devices/virtual/dmi/id/chassis_serial"
SYSCALL
analyzed_bin
openat
108
-1, "/sys/devices/virtual/dmi/id/chassis_serial", O_RDONLY
4
SYSCALL
analyzed_bin
read
108
4, 0x7ffcf98df090, 63
1
SYSCALL
analyzed_bin
close
108
4
0
OPENFILE
"/sys/devices/virtual/dmi/id/chassis_asset_tag"
SYSCALL
analyzed_bin
openat
108
-1, "/sys/devices/virtual/dmi/id/chassis_asset_tag", O_RDONLY
4
SYSCALL
analyzed_bin
read
108
4, 0x7ffcf98df090, 63
1
SYSCALL
analyzed_bin
close
108
4
0
OPENFILE
"/sys/devices/virtual/dmi/id/bios_vendor"
SYSCALL
analyzed_bin
openat
108
-1, "/sys/devices/virtual/dmi/id/bios_vendor", O_RDONLY
4
SYSCALL
analyzed_bin
read
108
4, 0x7ffcf98df090, 63
8
SYSCALL
analyzed_bin
close
108
4
0
OPENFILE
"/sys/devices/virtual/dmi/id/bios_version"
SYSCALL
analyzed_bin
openat
108
-1, "/sys/devices/virtual/dmi/id/bios_version", O_RDONLY
4
SYSCALL
analyzed_bin
read
108
4, 0x7ffcf98df090, 63
9
SYSCALL
analyzed_bin
close
108
4
0
OPENFILE
"/sys/devices/virtual/dmi/id/bios_date"
SYSCALL
analyzed_bin
openat
108
-1, "/sys/devices/virtual/dmi/id/bios_date", O_RDONLY
4
SYSCALL
analyzed_bin
read
108
4, 0x7ffcf98df090, 63
11
SYSCALL
analyzed_bin
close
108
4
0
OPENFILE
"/sys/devices/virtual/dmi/id/sys_vendor"
SYSCALL
analyzed_bin
openat
108
-1, "/sys/devices/virtual/dmi/id/sys_vendor", O_RDONLY
4
SYSCALL
analyzed_bin
read
108
4, 0x7ffcf98df090, 63
5
SYSCALL
analyzed_bin
close
108
4
0
SYSCALL
analyzed_bin
sched_getaffinity
108
0, 128, 0x7ffcf98df110
8
OPENFILE
"/sys/devices/system/cpu/possible"
SYSCALL
analyzed_bin
openat
108
-1, "/sys/devices/system/cpu/possible", O_RDONLY
4
SYSCALL
analyzed_bin
read
108
4, 0x7facc328bdc0, 4097
2
SYSCALL
analyzed_bin
close
108
4
0
SYSCALL
analyzed_bin
sched_getaffinity
108
0, 8, 0x7facc328bd20
8
SYSCALL
analyzed_bin
sched_getaffinity
108
0, 8, 0x7facc328bd20
8
SYSCALL
analyzed_bin
sched_setaffinity
108
0, 8, 0x7facc328bdc0
0
SYSCALL
analyzed_bin
sched_setaffinity
108
0, 8, 0x7facc328bea0
0
SYSCALL
analyzed_bin
rt_sigaction
108
SIGPIPE, {SIG_IGN}, 0x7ffcf98df400, 8
0
SYSCALL
analyzed_bin
clock_getres
108
CLOCK_MONOTONIC_COARSE, 0x7ffcf98df510
0
SYSCALL
analyzed_bin
epoll_create1
108
EPOLL_CLOEXEC
4
SYSCALL
analyzed_bin
pipe2
108
[-1, -1], O_CLOEXEC
0
SYSCALL
analyzed_bin
write
108
6, "*", 1
1
SYSCALL
analyzed_bin
pipe2
108
[-1, -1], O_NONBLOCK|O_CLOEXEC
0
SYSCALL
analyzed_bin
eventfd2
108
0, EFD_NONBLOCK|EFD_CLOEXEC
9
SYSCALL
analyzed_bin
rt_sigprocmask
108
SIG_SETMASK, [SIGHUP|SIGINT|SIGQUIT|SIGILL|SIGTRAP|SIGABRT|SIGBUS|SIGFPE|SIGKILL|SIGUSR1|SIGSEGV|SIGPIPE|SIGUSR2|SIGALRM|SIGTERM|SIGCHLD|SIGCONT|SIGSTOP|SIGTSTP|SIGTTIN|SIGTTOU|SIGURG|SIGXCPU|SIGXFSZ|SIGVTALRM|SIGPROF|SIGWINCH|SIGIO/SIGPOLL|SIGPWR|SIGSYS], 0x7ffcf98df4d0, 8
0
SYSCALL
analyzed_bin
read
108
5, 0x7ffcf98df3e7, 1
1
SYSCALL
analyzed_bin
rt_sigprocmask
108
SIG_UNBLOCK, [EMPTY], 0x0, 8
0
SYSCALL
analyzed_bin
rt_sigaction
108
SIGHUP, {0x7facc2f85380, SA_RESTART|SA_RESTORER, 0x7facc303d5e1, [SIGHUP|SIGINT|SIGQUIT|SIGILL|SIGTRAP|SIGABRT|SIGBUS|SIGFPE|SIGKILL|SIGUSR1|SIGSEGV|SIGPIPE|SIGUSR2|SIGALRM|SIGTERM|SIGCHLD|SIGCONT|SIGSTOP|SIGTSTP|SIGTTIN|SIGTTOU|SIGURG|SIGXCPU|SIGXFSZ|SIGVTALRM|SIGPROF|SIGWINCH|SIGIO/SIGPOLL|SIGPWR|SIGSYS]}, 0x0, 8
0
SYSCALL
analyzed_bin
write
108
6, "*", 1
1
SYSCALL
analyzed_bin
rt_sigprocmask
108
SIG_SETMASK, [EMPTY], 0x0, 8
0
SYSCALL
analyzed_bin
rt_sigprocmask
108
SIG_SETMASK, [SIGHUP|SIGINT|SIGQUIT|SIGILL|SIGTRAP|SIGABRT|SIGBUS|SIGFPE|SIGKILL|SIGUSR1|SIGSEGV|SIGPIPE|SIGUSR2|SIGALRM|SIGTERM|SIGCHLD|SIGCONT|SIGSTOP|SIGTSTP|SIGTTIN|SIGTTOU|SIGURG|SIGXCPU|SIGXFSZ|SIGVTALRM|SIGPROF|SIGWINCH|SIGIO/SIGPOLL|SIGPWR|SIGSYS], 0x7ffcf98df4d0, 8
0
SYSCALL
analyzed_bin
read
108
5, 0x7ffcf98df3e7, 1
1
SYSCALL
analyzed_bin
rt_sigaction
108
SIGINT, {0x7facc2f85380, SA_RESTART|SA_RESTORER, 0x7facc303d5e1, [SIGHUP|SIGINT|SIGQUIT|SIGILL|SIGTRAP|SIGABRT|SIGBUS|SIGFPE|SIGKILL|SIGUSR1|SIGSEGV|SIGPIPE|SIGUSR2|SIGALRM|SIGTERM|SIGCHLD|SIGCONT|SIGSTOP|SIGTSTP|SIGTTIN|SIGTTOU|SIGURG|SIGXCPU|SIGXFSZ|SIGVTALRM|SIGPROF|SIGWINCH|SIGIO/SIGPOLL|SIGPWR|SIGSYS]}, 0x0, 8
0
SYSCALL
analyzed_bin
write
108
6, "*", 1
1
SYSCALL
analyzed_bin
rt_sigprocmask
108
SIG_SETMASK, [EMPTY], 0x0, 8
0
SYSCALL
analyzed_bin
rt_sigprocmask
108
SIG_SETMASK, [SIGHUP|SIGINT|SIGQUIT|SIGILL|SIGTRAP|SIGABRT|SIGBUS|SIGFPE|SIGKILL|SIGUSR1|SIGSEGV|SIGPIPE|SIGUSR2|SIGALRM|SIGTERM|SIGCHLD|SIGCONT|SIGSTOP|SIGTSTP|SIGTTIN|SIGTTOU|SIGURG|SIGXCPU|SIGXFSZ|SIGVTALRM|SIGPROF|SIGWINCH|SIGIO/SIGPOLL|SIGPWR|SIGSYS], 0x7ffcf98df4d0, 8
0
SYSCALL
analyzed_bin
read
108
5, 0x7ffcf98df3e7, 1
1
SYSCALL
analyzed_bin
rt_sigaction
108
SIGTERM, {0x7facc2f85380, SA_RESTART|SA_RESTORER, 0x7facc303d5e1, [SIGHUP|SIGINT|SIGQUIT|SIGILL|SIGTRAP|SIGABRT|SIGBUS|SIGFPE|SIGKILL|SIGUSR1|SIGSEGV|SIGPIPE|SIGUSR2|SIGALRM|SIGTERM|SIGCHLD|SIGCONT|SIGSTOP|SIGTSTP|SIGTTIN|SIGTTOU|SIGURG|SIGXCPU|SIGXFSZ|SIGVTALRM|SIGPROF|SIGWINCH|SIGIO/SIGPOLL|SIGPWR|SIGSYS]}, 0x0, 8
0
SYSCALL
analyzed_bin
write
108
6, "*", 1
1
SYSCALL
analyzed_bin
rt_sigprocmask
108
SIG_SETMASK, [EMPTY], 0x0, 8
0
SYSCALL
analyzed_bin
rt_sigprocmask
108
SIG_SETMASK, [SIGHUP|SIGINT|SIGQUIT|SIGILL|SIGTRAP|SIGABRT|SIGBUS|SIGFPE|SIGKILL|SIGUSR1|SIGSEGV|SIGPIPE|SIGUSR2|SIGALRM|SIGTERM|SIGCHLD|SIGCONT|SIGSTOP|SIGTSTP|SIGTTIN|SIGTTOU|SIGURG|SIGXCPU|SIGXFSZ|SIGVTALRM|SIGPROF|SIGWINCH|SIGIO/SIGPOLL|SIGPWR|SIGSYS], 0x7ffcf98df4d0, 8
0
SYSCALL
analyzed_bin
read
108
5, 0x7ffcf98df3e7, 1
1
SYSCALL
analyzed_bin
rt_sigaction
108
SIGUSR1, {0x7facc2f85380, SA_RESTART|SA_RESTORER, 0x7facc303d5e1, [SIGHUP|SIGINT|SIGQUIT|SIGILL|SIGTRAP|SIGABRT|SIGBUS|SIGFPE|SIGKILL|SIGUSR1|SIGSEGV|SIGPIPE|SIGUSR2|SIGALRM|SIGTERM|SIGCHLD|SIGCONT|SIGSTOP|SIGTSTP|SIGTTIN|SIGTTOU|SIGURG|SIGXCPU|SIGXFSZ|SIGVTALRM|SIGPROF|SIGWINCH|SIGIO/SIGPOLL|SIGPWR|SIGSYS]}, 0x0, 8
0
SYSCALL
analyzed_bin
write
108
6, "*", 1
1
SYSCALL
analyzed_bin
rt_sigprocmask
108
SIG_SETMASK, [EMPTY], 0x0, 8
0
SYSCALL
analyzed_bin
rt_sigprocmask
108
SIG_BLOCK, [SIGHUP|SIGINT|SIGQUIT|SIGILL|SIGTRAP|SIGABRT|SIGBUS|SIGFPE|SIGKILL|SIGUSR1|SIGSEGV|SIGPIPE|SIGUSR2|SIGALRM|SIGTERM|SIGCHLD|SIGCONT|SIGSTOP|SIGTSTP|SIGTTIN|SIGTTOU|SIGURG|SIGXCPU|SIGXFSZ|SIGVTALRM|SIGPROF|SIGWINCH|SIGIO/SIGPOLL|SIGPWR|SIGSYS], 0x7ffcf98df500, 8
0
PROCESS
110:108
SYSCALL
analyzed_bin
fork
108

110
SYSCALL
analyzed_bin
rt_sigprocmask
108
SIG_SETMASK, [EMPTY], 0x0, 8
0
SYSCALL
analyzed_bin
rt_sigprocmask
108
SIG_SETMASK, [SIGHUP|SIGINT|SIGQUIT|SIGILL|SIGTRAP|SIGABRT|SIGBUS|SIGFPE|SIGKILL|SIGUSR1|SIGSEGV|SIGPIPE|SIGUSR2|SIGALRM|SIGTERM|SIGCHLD|SIGCONT|SIGSTOP|SIGTSTP|SIGTTIN|SIGTTOU|SIGURG|SIGXCPU|SIGXFSZ|SIGVTALRM|SIGPROF|SIGWINCH|SIGIO/SIGPOLL|SIGPWR|SIGSYS], 0x7ffcf98df460, 8
0
SYSCALL
analyzed_bin
read
108
5, 0x7ffcf98df387, 1
1
SYSCALL
analyzed_bin
rt_sigaction
108
SIGHUP, {SIG_DFL}, 0x0, 8
0
SYSCALL
analyzed_bin
write
108
6, "*", 1
1
SYSCALL
analyzed_bin
rt_sigprocmask
108
SIG_SETMASK, [EMPTY], 0x0, 8
0
SYSCALL
analyzed_bin
rt_sigprocmask
108
SIG_SETMASK, [SIGHUP|SIGINT|SIGQUIT|SIGILL|SIGTRAP|SIGABRT|SIGBUS|SIGFPE|SIGKILL|SIGUSR1|SIGSEGV|SIGPIPE|SIGUSR2|SIGALRM|SIGTERM|SIGCHLD|SIGCONT|SIGSTOP|SIGTSTP|SIGTTIN|SIGTTOU|SIGURG|SIGXCPU|SIGXFSZ|SIGVTALRM|SIGPROF|SIGWINCH|SIGIO/SIGPOLL|SIGPWR|SIGSYS], 0x7ffcf98df460, 8
0
SYSCALL
analyzed_bin
read
108
5, 0x7ffcf98df387, 1
1
SYSCALL
analyzed_bin
rt_sigaction
108
SIGINT, {SIG_DFL}, 0x0, 8
0
SYSCALL
analyzed_bin
gettid
110

110
SYSCALL
analyzed_bin
rt_sigprocmask
110
SIG_SETMASK, [EMPTY], 0x0, 8
0
SYSCALL
analyzed_bin
close
110
5
0
SYSCALL
analyzed_bin
close
110
6
0
SYSCALL
analyzed_bin
pipe2
110
[-1, -1], O_CLOEXEC
0
SYSCALL
analyzed_bin
write
110
6, "*", 1
1
SYSCALL
analyzed_bin
setsid
110

110
SYSCALL
analyzed_bin
chdir
110
0x7facc3053b6f
0
SYSCALL
analyzed_bin
write
108
6, "*", 1
1
SYSCALL
analyzed_bin
rt_sigprocmask
108
SIG_SETMASK, [EMPTY], 0x0, 8
0
SYSCALL
analyzed_bin
rt_sigprocmask
108
SIG_SETMASK, [SIGHUP|SIGINT|SIGQUIT|SIGILL|SIGTRAP|SIGABRT|SIGBUS|SIGFPE|SIGKILL|SIGUSR1|SIGSEGV|SIGPIPE|SIGUSR2|SIGALRM|SIGTERM|SIGCHLD|SIGCONT|SIGSTOP|SIGTSTP|SIGTTIN|SIGTTOU|SIGURG|SIGXCPU|SIGXFSZ|SIGVTALRM|SIGPROF|SIGWINCH|SIGIO/SIGPOLL|SIGPWR|SIGSYS], 0x7ffcf98df460, 8
0
SYSCALL
analyzed_bin
read
108
5, 0x7ffcf98df387, 1
1
SYSCALL
analyzed_bin
rt_sigaction
108
SIGTERM, {SIG_DFL}, 0x0, 8
0
SYSCALL
analyzed_bin
write
108
6, "*", 1
1
SYSCALL
analyzed_bin
rt_sigprocmask
108
SIG_SETMASK, [EMPTY], 0x0, 8
0
SYSCALL
analyzed_bin
rt_sigprocmask
108
SIG_SETMASK, [SIGHUP|SIGINT|SIGQUIT|SIGILL|SIGTRAP|SIGABRT|SIGBUS|SIGFPE|SIGKILL|SIGUSR1|SIGSEGV|SIGPIPE|SIGUSR2|SIGALRM|SIGTERM|SIGCHLD|SIGCONT|SIGSTOP|SIGTSTP|SIGTTIN|SIGTTOU|SIGURG|SIGXCPU|SIGXFSZ|SIGVTALRM|SIGPROF|SIGWINCH|SIGIO/SIGPOLL|SIGPWR|SIGSYS], 0x7ffcf98df460, 8
0
SYSCALL
analyzed_bin
read
108
5, 0x7ffcf98df387, 1
1
SYSCALL
analyzed_bin
rt_sigaction
108
SIGUSR1, {SIG_DFL}, 0x0, 8
0
SYSCALL
analyzed_bin
write
108
6, "*", 1
1
SYSCALL
analyzed_bin
rt_sigprocmask
108
SIG_SETMASK, [EMPTY], 0x0, 8
0
SYSCALL
analyzed_bin
socket
110
PF_NETLINK, SOCK_RAW|SOCK_CLOEXEC, 0
10
SYSCALL
analyzed_bin
sendto
110
10, "\024\0\0\0\022\0\001\003\001\0\0\0\0\0\0\0\0\0\0", 20, 0x0, NULL, 0
20
SYSCALL
analyzed_bin
recvfrom
110
10, 0x7ffcf98dd120, 8192, MSG_DONTWAIT, 0x0, 0x0
2584
SYSCALL
analyzed_bin
recvfrom
110
10, 0x7ffcf98dd120, 8192, MSG_DONTWAIT, 0x0, 0x0
1412
SYSCALL
analyzed_bin
recvfrom
110
10, 0x7ffcf98dd120, 8192, MSG_DONTWAIT, 0x0, 0x0
20
SYSCALL
analyzed_bin
sendto
110
10, "\024\0\0\0\026\0\001\003\002\0\0\0\0\0\0\0\0\0\0", 20, 0x0, NULL, 0
20
SYSCALL
analyzed_bin
close
108
3
0
SYSCALL
analyzed_bin
close
108
5
0
SYSCALL
analyzed_bin
close
108
6
0
SYSCALL
analyzed_bin
exit_group
108
0

SYSCALL
analyzed_bin
recvfrom
110
10, 0x7ffcf98dd120, 8192, MSG_DONTWAIT, 0x0, 0x0
164
SYSCALL
analyzed_bin
recvfrom
110
10, 0x7ffcf98dd120, 8192, MSG_DONTWAIT, 0x0, 0x0
72
SYSCALL
analyzed_bin
recvfrom
110
10, 0x7ffcf98dd120, 8192, MSG_DONTWAIT, 0x0, 0x0
20
SYSCALL
analyzed_bin
close
110
10
0
SYSCALL
analyzed_bin
brk
110
0x7facc3292000
140379985354752
SYSCALL
analyzed_bin
brk
110
0x7facc3293000
140379985358848
SYSCALL
analyzed_bin
brk
110
0x7facc3294000
140379985362944
SYSCALL
analyzed_bin
brk
110
0x7facc3295000
140379985367040
SYSCALL
analyzed_bin
brk
110
0x7facc3296000
140379985371136
SYSCALL
analyzed_bin
brk
110
0x7facc3297000
140379985375232
SYSCALL
analyzed_bin
brk
110
0x7facc329a000
140379985387520
SYSCALL
analyzed_bin
brk
110
0x7facc329b000
140379985391616
SYSCALL
analyzed_bin
brk
110
0x7facc329c000
140379985395712
SYSCALL
analyzed_bin
brk
110
0x7facc329d000
140379985399808
SYSCALL
analyzed_bin
brk
110
0x7facc329e000
140379985403904
SYSCALL
analyzed_bin
brk
110
0x7facc329f000
140379985408000
SYSCALL
analyzed_bin
brk
110
0x7facc32a0000
140379985412096
SYSCALL
analyzed_bin
brk
110
0x7facc32a1000
140379985416192
SYSCALL
analyzed_bin
brk
110
0x7facc32a2000
140379985420288
SYSCALL
analyzed_bin
brk
110
0x7facc32a3000
140379985424384
SYSCALL
analyzed_bin
brk
110
0x7facc32a4000
140379985428480
SYSCALL
analyzed_bin
brk
110
0x7facc32a5000
140379985432576
SYSCALL
analyzed_bin
brk
110
0x7facc32a6000
140379985436672
SYSCALL
analyzed_bin
brk
110
0x7facc32a7000
140379985440768
SYSCALL
analyzed_bin
brk
110
0x7facc32a8000
140379985444864
SYSCALL
analyzed_bin
brk
110
0x7facc32ad000
140379985465344
SYSCALL
analyzed_bin
getuid
110

0
SYSCALL
analyzed_bin
geteuid
110

0
SYSCALL
analyzed_bin
getgid
110

0
SYSCALL
analyzed_bin
getegid
110

0
SYSCALL
analyzed_bin
brk
110
0x7facc32ae000
140379985469440
OPENFILE
"/usr/local/ssl/openssl.cnf"
SYSCALL
analyzed_bin
open
110
"/usr/local/ssl/openssl.cnf", O_RDONLY
-2 (ENOENT)
SYSCALL
analyzed_bin
brk
110
0x7facc32af000
140379985473536
SYSCALL
analyzed_bin
brk
110
0x7facc32b0000
140379985477632
SYSCALL
analyzed_bin
brk
110
0x7facc32b1000
140379985481728
SYSCALL
analyzed_bin
brk
110
0x7facc32b2000
140379985485824
SYSCALL
analyzed_bin
brk
110
0x7facc32b3000
140379985489920
SYSCALL
analyzed_bin
brk
110
0x7facc32b4000
140379985494016
SYSCALL
analyzed_bin
brk
110
0x7facc32b5000
140379985498112
SYSCALL
analyzed_bin
brk
110
0x7facc32b6000
140379985502208
SYSCALL
analyzed_bin
brk
110
0x7facc32b7000
140379985506304
SYSCALL
analyzed_bin
brk
110
0x7facc32b8000
140379985510400
SYSCALL
analyzed_bin
brk
110
0x7facc32b9000
140379985514496
SYSCALL
analyzed_bin
eventfd2
110
0, EFD_NONBLOCK|EFD_CLOEXEC
10
SYSCALL
analyzed_bin
epoll_ctl
110
4, EPOLL_CTL_ADD, 10, 0x7ffcf98df49c
0
SYSCALL
analyzed_bin
epoll_ctl
110
4, EPOLL_CTL_DEL, 10, 0x7ffcf98df49c
0
SYSCALL
analyzed_bin
ioctl
110
10, 21537, 0x7ffcf98df4bc
0
SYSCALL
analyzed_bin
epoll_ctl
110
4, EPOLL_CTL_DEL, 10, 0x7ffcf98df4cc
-2 (ENOENT)
SYSCALL
analyzed_bin
brk
110
0x7facc32ba000
140379985518592
SYSCALL
analyzed_bin
brk
110
0x7facc32bb000
140379985522688
OPENFILE
"/proc/meminfo"
SYSCALL
analyzed_bin
open
110
"/proc/meminfo", O_RDONLY|O_CLOEXEC
11
SYSCALL
analyzed_bin
fcntl
110
11, F_SETFD, 0x1
0
SYSCALL
analyzed_bin
read
110
11, 0x7ffcf98de3a0, 4095
1011
SYSCALL
analyzed_bin
close
110
11
0
OPENFILE
"/proc/meminfo"
SYSCALL
analyzed_bin
open
110
"/proc/meminfo", O_RDONLY|O_CLOEXEC
11
SYSCALL
analyzed_bin
fcntl
110
11, F_SETFD, 0x1
0
SYSCALL
analyzed_bin
read
110
11, 0x7ffcf98de3a0, 4095
1011
SYSCALL
analyzed_bin
close
110
11
0
SYSCALL
analyzed_bin
uname
110
0x7ffcf98df24a
0
SYSCALL
analyzed_bin
eventfd2
110
0, EFD_NONBLOCK|EFD_CLOEXEC
11
SYSCALL
analyzed_bin
epoll_ctl
110
4, EPOLL_CTL_ADD, 11, 0x7ffcf98df42c
0
SYSCALL
analyzed_bin
epoll_ctl
110
4, EPOLL_CTL_DEL, 11, 0x7ffcf98df42c
0
SYSCALL
analyzed_bin
ioctl
110
11, 21537, 0x7ffcf98df44c
0
SYSCALL
analyzed_bin
epoll_ctl
110
4, EPOLL_CTL_DEL, 11, 0x7ffcf98df45c
-2 (ENOENT)
SYSCALL
analyzed_bin
rt_sigprocmask
110
SIG_UNBLOCK, [EMPTY], 0x0, 8
0
SYSCALL
analyzed_bin
mmap2
110
0x0, 143360, PROT_NONE, MAP_PRIVATE|MAP_ANONYMOUS, -1, 0
0x7facc2bce000
SYSCALL
analyzed_bin
mprotect
110
0x7facc2bd0000, 135168, PROT_READ|PROT_WRITE
0
SYSCALL
analyzed_bin
rt_sigprocmask
110
SIG_BLOCK, [SIGHUP|SIGINT|SIGQUIT|SIGILL|SIGTRAP|SIGABRT|SIGBUS|SIGFPE|SIGKILL|SIGUSR1|SIGSEGV|SIGPIPE|SIGUSR2|SIGALRM|SIGTERM|SIGCHLD|SIGCONT|SIGSTOP|SIGTSTP|SIGTTIN|SIGTTOU|SIGURG|SIGXCPU|SIGXFSZ|SIGVTALRM|SIGPROF|SIGWINCH|SIGIO/SIGPOLL|SIGPWR|SIGSYS], 0x7ffcf98df3f0, 8
0
PROCESS
111:110
SYSCALL
analyzed_bin
clone
110
CLONE_VM|CLONE_FS|CLONE_FILES|CLONE_SIGHAND|CLONE_THREAD|CLONE_SYSVSEM|CLONE_SETTLS|CLONE_PARENT_SETTID|CLONE_CHILD_CLEARTID|CLONE_DETACHED, 0x7facc2bf0ab8, 0x7facc2bf0b58, 0x7facc32602f0
111
SYSCALL
analyzed_bin
rt_sigprocmask
110
SIG_SETMASK, [EMPTY], 0x0, 8
0
SYSCALL
analyzed_bin
prlimit64
110
0, RLIMIT_STACK, NULL, 0x7ffcf98df260
0
SYSCALL
analyzed_bin
rt_sigprocmask
110
SIG_SETMASK, [EMPTY], 0x0, 8
0
SYSCALL
analyzed_bin
mmap2
110
0x0, 8400896, PROT_NONE, MAP_PRIVATE|MAP_ANONYMOUS, -1, 0
0x7facc23cb000
SYSCALL
analyzed_bin
mprotect
110
0x7facc23cd000, 8392704, PROT_READ|PROT_WRITE
0
SYSCALL
analyzed_bin
rt_sigprocmask
110
SIG_BLOCK, [SIGHUP|SIGINT|SIGQUIT|SIGILL|SIGTRAP|SIGABRT|SIGBUS|SIGFPE|SIGKILL|SIGUSR1|SIGSEGV|SIGPIPE|SIGUSR2|SIGALRM|SIGTERM|SIGCHLD|SIGCONT|SIGSTOP|SIGTSTP|SIGTTIN|SIGTTOU|SIGURG|SIGXCPU|SIGXFSZ|SIGVTALRM|SIGPROF|SIGWINCH|SIGIO/SIGPOLL|SIGPWR|SIGSYS], 0x7ffcf98df1a0, 8
0
PROCESS
112:110
SYSCALL
analyzed_bin
clone
110
CLONE_VM|CLONE_FS|CLONE_FILES|CLONE_SIGHAND|CLONE_THREAD|CLONE_SYSVSEM|CLONE_SETTLS|CLONE_PARENT_SETTID|CLONE_CHILD_CLEARTID|CLONE_DETACHED, 0x7facc2bcdab8, 0x7facc2bcdb58, 0x7facc32602f0
112
SYSCALL
analyzed_bin
rt_sigprocmask
110
SIG_SETMASK, [EMPTY], 0x0, 8
0
SYSCALL
analyzed_bin
prlimit64
110
0, RLIMIT_STACK, NULL, 0x7ffcf98df260
0
SYSCALL
analyzed_bin
mmap2
110
0x0, 8400896, PROT_NONE, MAP_PRIVATE|MAP_ANONYMOUS, -1, 0
0x7facc1bc8000
SYSCALL
analyzed_bin
mprotect
110
0x7facc1bca000, 8392704, PROT_READ|PROT_WRITE
0
SYSCALL
analyzed_bin
rt_sigprocmask
110
SIG_BLOCK, [SIGHUP|SIGINT|SIGQUIT|SIGILL|SIGTRAP|SIGABRT|SIGBUS|SIGFPE|SIGKILL|SIGUSR1|SIGSEGV|SIGPIPE|SIGUSR2|SIGALRM|SIGTERM|SIGCHLD|SIGCONT|SIGSTOP|SIGTSTP|SIGTTIN|SIGTTOU|SIGURG|SIGXCPU|SIGXFSZ|SIGVTALRM|SIGPROF|SIGWINCH|SIGIO/SIGPOLL|SIGPWR|SIGSYS], 0x7ffcf98df1a0, 8
0
PROCESS
113:110
SYSCALL
analyzed_bin
clone
110
CLONE_VM|CLONE_FS|CLONE_FILES|CLONE_SIGHAND|CLONE_THREAD|CLONE_SYSVSEM|CLONE_SETTLS|CLONE_PARENT_SETTID|CLONE_CHILD_CLEARTID|CLONE_DETACHED, 0x7facc23caab8, 0x7facc23cab58, 0x7facc32602f0
113
SYSCALL
analyzed_bin
rt_sigprocmask
110
SIG_SETMASK, [EMPTY], 0x0, 8
0
SYSCALL
analyzed_bin
prlimit64
110
0, RLIMIT_STACK, NULL, 0x7ffcf98df260
0
SYSCALL
analyzed_bin
mmap2
110
0x0, 8400896, PROT_NONE, MAP_PRIVATE|MAP_ANONYMOUS, -1, 0
0x7facc13c5000
SYSCALL
analyzed_bin
mprotect
110
0x7facc13c7000, 8392704, PROT_READ|PROT_WRITE
0
SYSCALL
analyzed_bin
rt_sigprocmask
110
SIG_BLOCK, [SIGHUP|SIGINT|SIGQUIT|SIGILL|SIGTRAP|SIGABRT|SIGBUS|SIGFPE|SIGKILL|SIGUSR1|SIGSEGV|SIGPIPE|SIGUSR2|SIGALRM|SIGTERM|SIGCHLD|SIGCONT|SIGSTOP|SIGTSTP|SIGTTIN|SIGTTOU|SIGURG|SIGXCPU|SIGXFSZ|SIGVTALRM|SIGPROF|SIGWINCH|SIGIO/SIGPOLL|SIGPWR|SIGSYS], 0x7ffcf98df1a0, 8
0
PROCESS
114:110
SYSCALL
analyzed_bin
clone
110
CLONE_VM|CLONE_FS|CLONE_FILES|CLONE_SIGHAND|CLONE_THREAD|CLONE_SYSVSEM|CLONE_SETTLS|CLONE_PARENT_SETTID|CLONE_CHILD_CLEARTID|CLONE_DETACHED, 0x7facc1bc7ab8, 0x7facc1bc7b58, 0x7facc32602f0
114
SYSCALL
analyzed_bin
rt_sigprocmask
110
SIG_SETMASK, [EMPTY], 0x0, 8
0
SYSCALL
analyzed_bin
prlimit64
110
0, RLIMIT_STACK, NULL, 0x7ffcf98df260
0
SYSCALL
analyzed_bin
mmap2
110
0x0, 8400896, PROT_NONE, MAP_PRIVATE|MAP_ANONYMOUS, -1, 0
0x7facc0bc2000
SYSCALL
analyzed_bin
mprotect
110
0x7facc0bc4000, 8392704, PROT_READ|PROT_WRITE
0
SYSCALL
analyzed_bin
rt_sigprocmask
110
SIG_BLOCK, [SIGHUP|SIGINT|SIGQUIT|SIGILL|SIGTRAP|SIGABRT|SIGBUS|SIGFPE|SIGKILL|SIGUSR1|SIGSEGV|SIGPIPE|SIGUSR2|SIGALRM|SIGTERM|SIGCHLD|SIGCONT|SIGSTOP|SIGTSTP|SIGTTIN|SIGTTOU|SIGURG|SIGXCPU|SIGXFSZ|SIGVTALRM|SIGPROF|SIGWINCH|SIGIO/SIGPOLL|SIGPWR|SIGSYS], 0x7ffcf98df1a0, 8
0
PROCESS
115:110
SYSCALL
analyzed_bin
clone
110
CLONE_VM|CLONE_FS|CLONE_FILES|CLONE_SIGHAND|CLONE_THREAD|CLONE_SYSVSEM|CLONE_SETTLS|CLONE_PARENT_SETTID|CLONE_CHILD_CLEARTID|CLONE_DETACHED, 0x7facc13c4ab8, 0x7facc13c4b58, 0x7facc32602f0
115
SYSCALL
analyzed_bin
rt_sigprocmask
110
SIG_SETMASK, [EMPTY], 0x0, 8
0
SYSCALL
analyzed_bin
rt_sigprocmask
110
SIG_SETMASK, [EMPTY], 0x0, 8
0
SYSCALL
analyzed_bin
futex
110
0x7ffcf98df320, FUTEX_WAKE_PRIVATE, 1
1
SYSCALL
analyzed_bin
rt_sigprocmask
110
SIG_SETMASK, [EMPTY], 0x0, 8
0
SYSCALL
analyzed_bin
futex
110
0x7ffcf98df320, FUTEX_WAKE_PRIVATE, 1
0
SYSCALL
analyzed_bin
rt_sigprocmask
110
SIG_SETMASK, [EMPTY], 0x0, 8
0
SYSCALL
analyzed_bin
futex
110
0x7ffcf98df320, FUTEX_WAKE_PRIVATE, 1
0
SYSCALL
analyzed_bin
rt_sigprocmask
110
SIG_SETMASK, [EMPTY], 0x0, 8
0
SYSCALL
analyzed_bin
futex
110
0x7ffcf98df320, FUTEX_WAKE_PRIVATE, 1
0
SYSCALL
analyzed_bin
futex
110
0x7ffcf98df320, FUTEX_WAIT_PRIVATE, -1
0
SYSCALL
analyzed_bin
futex
110
0x7facc2bcda04, FUTEX_WAKE_PRIVATE, 1
1
SYSCALL
analyzed_bin
epoll_ctl
110
4, EPOLL_CTL_ADD, 7, 0x7ffcf98dc484
0
SYSCALL
analyzed_bin
epoll_ctl
110
4, EPOLL_CTL_ADD, 9, 0x7ffcf98dc484
0
SYSCALL
analyzed_bin
epoll_ctl
110
4, EPOLL_CTL_ADD, 10, 0x7ffcf98dc484
0
SYSCALL
analyzed_bin
epoll_ctl
110
4, EPOLL_CTL_ADD, 11, 0x7ffcf98dc484
0
SYSCALL
analyzed_bin
futex
110
0x7facc2bcda04, FUTEX_WAIT_PRIVATE, 2
0
OPENFILE
"/etc/hosts"
SYSCALL
analyzed_bin
open
110
"/etc/hosts", O_RDONLY|O_CLOEXEC
12
SYSCALL
analyzed_bin
fcntl
110
12, F_SETFD, 0x1
0
SYSCALL
analyzed_bin
read
110
12, 0x7facc2bccd30, 1024
42
SYSCALL
analyzed_bin
read
110
12, 0x7facc2bccd30, 1024
0
SYSCALL
analyzed_bin
close
110
12
0
OPENFILE
"/etc/resolv.conf"
SYSCALL
analyzed_bin
open
110
"/etc/resolv.conf", O_RDONLY|O_CLOEXEC
12
SYSCALL
analyzed_bin
fcntl
110
12, F_SETFD, 0x1
0
SYSCALL
analyzed_bin
read
110
12, 0x7facc2bcd038, 248
27
SYSCALL
analyzed_bin
read
110
12, 0x7facc2bcd038, 248
0
SYSCALL
analyzed_bin
close
110
12
0
SYSCALL
analyzed_bin
socket
110
PF_INET, SOCK_DGRAM|SOCK_CLOEXEC|SOCK_NONBLOCK, IPPROTO_IP
12
SYSCALL
analyzed_bin
bind
110
12, {AF_INET, 0.0.0.0, 0}, 16
0
SYSCALL
analyzed_bin
sendto
110
12, "\236S\001\0\0\001\0\0\0\0\0\0\tapacheorg\003xyz", 31, MSG_NOSIGNAL, {AF_INET, 10.0.2.3, 53}, 16
31
SYSCALL
analyzed_bin
sendto
110
12, "J:\001\0\0\001\0\0\0\0\0\0\tapacheorg\003xyz"..., 31, MSG_NOSIGNAL, {AF_INET, 10.0.2.3, 53}, 16
31
SYSCALL
analyzed_bin
poll
110
0x7facc2bcc9c0, 1, 2500
1
SYSCALL
analyzed_bin
recvfrom
110
12, 0x7facc2bccd30, 512, 0x0, 0x7facc2bcc9e0, 0x7facc2bcc9bc
96
SYSCALL
analyzed_bin
recvfrom
110
12, 0x7facc2bccf30, 512, 0x0, 0x7facc2bcc9e0, 0x7facc2bcc9bc
-11 (EAGAIN)
SYSCALL
analyzed_bin
poll
110
0x7facc2bcc9c0, 1, 2481
1
SYSCALL
analyzed_bin
recvfrom
110
12, 0x7facc2bccf30, 512, 0x0, 0x7facc2bcc9e0, 0x7facc2bcc9bc
96
SYSCALL
analyzed_bin
close
110
12
0
SYSCALL
analyzed_bin
write
110
9, "\001\0\0\0\0\0\0\0", 8
8
SYSCALL
analyzed_bin
epoll_pwait
110
4, 0x7ffcf98dc510, 1024, 903, 0x0, 8
1
SYSCALL
analyzed_bin
read
110
9, 0x7ffcf98dc000, 1024
8
SYSCALL
analyzed_bin
sched_yield
110

0
SYSCALL
analyzed_bin
sched_yield
110

0
SYSCALL
analyzed_bin
epoll_pwait
110
4, 0x7ffcf98dc510, 1024, 856, 0x0, 8
0
SYSCALL
analyzed_bin
epoll_pwait
110
4, 0x7ffcf98dc510, 1024, 1000, 0x0, 8
0
SYSCALL
analyzed_bin
epoll_pwait
110
4, 0x7ffcf98dc510, 1024, 1000, 0x0, 8
0
SYSCALL
analyzed_bin
epoll_pwait
110
4, 0x7ffcf98dc510, 1024, 1000, 0x0, 8
0
SYSCALL
analyzed_bin
epoll_pwait
110
4, 0x7ffcf98dc510, 1024, 1000, 0x0, 8
0
SYSCALL
analyzed_bin
epoll_pwait
110
4, 0x7ffcf98dc510, 1024, 1000, 0x0, 8
0
SYSCALL
analyzed_bin
futex
110
0x7facc23caa04, FUTEX_WAKE_PRIVATE, 1
1
SYSCALL
analyzed_bin
futex
110
0x7facc23caa04, FUTEX_WAIT_PRIVATE, 2
0
OPENFILE
"/etc/hosts"
SYSCALL
analyzed_bin
open
110
"/etc/hosts", O_RDONLY|O_CLOEXEC
12
SYSCALL
analyzed_bin
fcntl
110
12, F_SETFD, 0x1
0
SYSCALL
analyzed_bin
read
110
12, 0x7facc23c9d30, 1024
42
SYSCALL
analyzed_bin
read
110
12, 0x7facc23c9d30, 1024
0
SYSCALL
analyzed_bin
close
110
12
0
OPENFILE
"/etc/resolv.conf"
SYSCALL
analyzed_bin
open
110
"/etc/resolv.conf", O_RDONLY|O_CLOEXEC
12
SYSCALL
analyzed_bin
fcntl
110
12, F_SETFD, 0x1
0
SYSCALL
analyzed_bin
read
110
12, 0x7facc23ca038, 248
27
SYSCALL
analyzed_bin
read
110
12, 0x7facc23ca038, 248
0
SYSCALL
analyzed_bin
close
110
12
0
SYSCALL
analyzed_bin
socket
110
PF_INET, SOCK_DGRAM|SOCK_CLOEXEC|SOCK_NONBLOCK, IPPROTO_IP
12
SYSCALL
analyzed_bin
bind
110
12, {AF_INET, 0.0.0.0, 0}, 16
0
SYSCALL
analyzed_bin
sendto
110
12, "\364\207\001\0\0\001\0\0\0\0\0\0\tapacheorg"..., 31, MSG_NOSIGNAL, {AF_INET, 10.0.2.3, 53}, 16
31
SYSCALL
analyzed_bin
sendto
110
12, "*\337\001\0\0\001\0\0\0\0\0\0\tapacheorg\003xyz", 31, MSG_NOSIGNAL, {AF_INET, 10.0.2.3, 53}, 16
31
SYSCALL
analyzed_bin
poll
110
0x7facc23c99c0, 1, 2500
1
SYSCALL
analyzed_bin
recvfrom
110
12, 0x7facc23c9d30, 512, 0x0, 0x7facc23c99e0, 0x7facc23c99bc
96
SYSCALL
analyzed_bin
recvfrom
110
12, 0x7facc23c9d30, 512, 0x0, 0x7facc23c99e0, 0x7facc23c99bc
-11 (EAGAIN)
SYSCALL
analyzed_bin
poll
110
0x7facc23c99c0, 1, 2476
1
SYSCALL
analyzed_bin
recvfrom
110
12, 0x7facc23c9d30, 512, 0x0, 0x7facc23c99e0, 0x7facc23c99bc
96
SYSCALL
analyzed_bin
close
110
12
0
SYSCALL
analyzed_bin
write
110
9, "\001\0\0\0\0\0\0\0", 8
8
SYSCALL
analyzed_bin
epoll_pwait
110
4, 0x7ffcf98dc510, 1024, 1000, 0x0, 8
1
SYSCALL
analyzed_bin
read
110
9, 0x7ffcf98dc000, 1024
8
SYSCALL
analyzed_bin
sched_yield
110

0
SYSCALL
analyzed_bin
sched_yield
110

0
SYSCALL
analyzed_bin
sched_yield
110

0
SYSCALL
analyzed_bin
sched_yield
110

0
SYSCALL
analyzed_bin
epoll_pwait
110
4, 0x7ffcf98dc510, 1024, 964, 0x0, 8
0
SYSCALL
analyzed_bin
epoll_pwait
110
4, 0x7ffcf98dc510, 1024, 1000, 0x0, 8
0
SYSCALL
analyzed_bin
epoll_pwait
110
4, 0x7ffcf98dc510, 1024, 1000, 0x0, 8
0
SYSCALL
analyzed_bin
epoll_pwait
110
4, 0x7ffcf98dc510, 1024, 1000, 0x0, 8
0
SYSCALL
analyzed_bin
epoll_pwait
110
4, 0x7ffcf98dc510, 1024, 1000, 0x0, 8
0
SYSCALL
analyzed_bin
epoll_pwait
110
4, 0x7ffcf98dc510, 1024, 1000, 0x0, 8
0
SYSCALL
analyzed_bin
futex
110
0x7facc13c4a04, FUTEX_WAKE_PRIVATE, 1
1
SYSCALL
analyzed_bin
futex
110
0x7facc13c4a04, FUTEX_WAIT_PRIVATE, 2
0
OPENFILE
"/etc/hosts"
SYSCALL
analyzed_bin
open
110
"/etc/hosts", O_RDONLY|O_CLOEXEC
12
SYSCALL
analyzed_bin
fcntl
110
12, F_SETFD, 0x1
0
SYSCALL
analyzed_bin
read
110
12, 0x7facc13c3d30, 1024
42
SYSCALL
analyzed_bin
read
110
12, 0x7facc13c3d30, 1024
0
SYSCALL
analyzed_bin
close
110
12
0
OPENFILE
"/etc/resolv.conf"
SYSCALL
analyzed_bin
open
110
"/etc/resolv.conf", O_RDONLY|O_CLOEXEC
12
SYSCALL
analyzed_bin
fcntl
110
12, F_SETFD, 0x1
0
SYSCALL
analyzed_bin
read
110
12, 0x7facc13c4038, 248
27
SYSCALL
analyzed_bin
read
110
12, 0x7facc13c4038, 248
0
SYSCALL
analyzed_bin
close
110
12
0
SYSCALL
analyzed_bin
socket
110
PF_INET, SOCK_DGRAM|SOCK_CLOEXEC|SOCK_NONBLOCK, IPPROTO_IP
12
SYSCALL
analyzed_bin
bind
110
12, {AF_INET, 0.0.0.0, 0}, 16
0
SYSCALL
analyzed_bin
sendto
110
12, "\321\003\001\0\0\001\0\0\0\0\0\0\tapacheorg"..., 31, MSG_NOSIGNAL, {AF_INET, 10.0.2.3, 53}, 16
31
SYSCALL
analyzed_bin
sendto
110
12, "\333\366\001\0\0\001\0\0\0\0\0\0\tapacheorg"..., 31, MSG_NOSIGNAL, {AF_INET, 10.0.2.3, 53}, 16
31
SYSCALL
analyzed_bin
poll
110
0x7facc13c39c0, 1, 2500
1
SYSCALL
analyzed_bin
recvfrom
110
12, 0x7facc13c3d30, 512, 0x0, 0x7facc13c39e0, 0x7facc13c39bc
96
SYSCALL
analyzed_bin
recvfrom
110
12, 0x7facc13c3f30, 512, 0x0, 0x7facc13c39e0, 0x7facc13c39bc
-11 (EAGAIN)
SYSCALL
analyzed_bin
poll
110
0x7facc13c39c0, 1, 2485
1
SYSCALL
analyzed_bin
recvfrom
110
12, 0x7facc13c3f30, 512, 0x0, 0x7facc13c39e0, 0x7facc13c39bc
96
SYSCALL
analyzed_bin
close
110
12
0
SYSCALL
analyzed_bin
write
110
9, "\001\0\0\0\0\0\0\0", 8
8
SYSCALL
analyzed_bin
epoll_pwait
110
4, 0x7ffcf98dc510, 1024, 1000, 0x0, 8
1
SYSCALL
analyzed_bin
read
110
9, 0x7ffcf98dc000, 1024
8
SYSCALL
analyzed_bin
sched_yield
110

0
SYSCALL
analyzed_bin
sched_yield
110

0
SYSCALL
analyzed_bin
sched_yield
110

0
SYSCALL
analyzed_bin
sched_yield
110

0
SYSCALL
analyzed_bin
sched_yield
110

0
SYSCALL
analyzed_bin
epoll_pwait
110
4, 0x7ffcf98dc510, 1024, 977, 0x0, 8
0
SYSCALL
analyzed_bin
epoll_pwait
110
4, 0x7ffcf98dc510, 1024, 1000, 0x0, 8
0
SYSCALL
analyzed_bin
epoll_pwait
110
4, 0x7ffcf98dc510, 1024, 1000, 0x0, 8
0
SYSCALL
analyzed_bin
epoll_pwait
110
4, 0x7ffcf98dc510, 1024, 1000, 0x0, 8
0
SYSCALL
analyzed_bin
epoll_pwait
110
4, 0x7ffcf98dc510, 1024, 1000, 0x0, 8
0
SYSCALL
analyzed_bin
epoll_pwait
110
4, 0x7ffcf98dc510, 1024, 1000, 0x0, 8
0
SYSCALL
analyzed_bin
futex
110
0x7facc1bc7a04, FUTEX_WAKE_PRIVATE, 1
1
SYSCALL
analyzed_bin
futex
110
0x7facc1bc7a04, FUTEX_WAIT_PRIVATE, 2
0
OPENFILE
"/etc/hosts"
SYSCALL
analyzed_bin
open
110
"/etc/hosts", O_RDONLY|O_CLOEXEC
12
SYSCALL
analyzed_bin
fcntl
110
12, F_SETFD, 0x1
0
SYSCALL
analyzed_bin
read
110
12, 0x7facc1bc6d30, 1024
42
SYSCALL
analyzed_bin
read
110
12, 0x7facc1bc6d30, 1024
0
SYSCALL
analyzed_bin
close
110
12
0
OPENFILE
"/etc/resolv.conf"
SYSCALL
analyzed_bin
open
110
"/etc/resolv.conf", O_RDONLY|O_CLOEXEC
12
SYSCALL
analyzed_bin
fcntl
110
12, F_SETFD, 0x1
0
SYSCALL
analyzed_bin
read
110
12, 0x7facc1bc7038, 248
27
SYSCALL
analyzed_bin
read
110
12, 0x7facc1bc7038, 248
0
SYSCALL
analyzed_bin
close
110
12
0
SYSCALL
analyzed_bin
socket
110
PF_INET, SOCK_DGRAM|SOCK_CLOEXEC|SOCK_NONBLOCK, IPPROTO_IP
12
SYSCALL
analyzed_bin
bind
110
12, {AF_INET, 0.0.0.0, 0}, 16
0
SYSCALL
analyzed_bin
sendto
110
12, "k\310\001\0\0\001\0\0\0\0\0\0\tapacheorg\003xyz", 31, MSG_NOSIGNAL, {AF_INET, 10.0.2.3, 53}, 16
31
SYSCALL
analyzed_bin
sendto
110
12, "u\022\001\0\0\001\0\0\0\0\0\0\tapacheorg\003xyz", 31, MSG_NOSIGNAL, {AF_INET, 10.0.2.3, 53}, 16
31
SYSCALL
analyzed_bin
poll
110
0x7facc1bc69c0, 1, 2500
1
SYSCALL
analyzed_bin
recvfrom
110
12, 0x7facc1bc6d30, 512, 0x0, 0x7facc1bc69e0, 0x7facc1bc69bc
96
SYSCALL
analyzed_bin
recvfrom
110
12, 0x7facc1bc6f30, 512, 0x0, 0x7facc1bc69e0, 0x7facc1bc69bc
-11 (EAGAIN)
SYSCALL
analyzed_bin
poll
110
0x7facc1bc69c0, 1, 2487
1
SYSCALL
analyzed_bin
recvfrom
110
12, 0x7facc1bc6f30, 512, 0x0, 0x7facc1bc69e0, 0x7facc1bc69bc
96
SYSCALL
analyzed_bin
close
110
12
0
SYSCALL
analyzed_bin
write
110
9, "\001\0\0\0\0\0\0\0", 8
8
SYSCALL
analyzed_bin
epoll_pwait
110
4, 0x7ffcf98dc510, 1024, 1000, 0x0, 8
1
SYSCALL
analyzed_bin
read
110
9, 0x7ffcf98dc000, 1024
8
SYSCALL
analyzed_bin
sched_yield
110

0
SYSCALL
analyzed_bin
sched_yield
110

0
SYSCALL
analyzed_bin
sched_yield
110

0
SYSCALL
analyzed_bin
sched_yield
110

0
SYSCALL
analyzed_bin
sched_yield
110

0
SYSCALL
analyzed_bin
epoll_pwait
110
4, 0x7ffcf98dc510, 1024, 970, 0x0, 8
0
SYSCALL
analyzed_bin
epoll_pwait
110
4, 0x7ffcf98dc510, 1024, 1000, 0x0, 8
0
SYSCALL
analyzed_bin
epoll_pwait
110
4, 0x7ffcf98dc510, 1024, 1000, 0x0, 8
-4 (EINTR)
SYSCALL
analyzed_bin
read
110
5, 0x7ffcf98dbf47, 1
1
SYSCALL
analyzed_bin
write
110
8, "\340\330(\u00EC\177\0\0\017\0\0\0\0\0\0\0", 16
16
SYSCALL
analyzed_bin
write
110
6, "*", 1
1
SYSCALL
analyzed_bin
rt_sigreturn
110

-4 (EINTR)
SYSCALL
analyzed_bin
epoll_pwait
110
4, 0x7ffcf98dc510, 1024, 495, 0x0, 8
1
SYSCALL
analyzed_bin
read
110
7, 0x7ffcf98dc1f0, 512
16
SYSCALL
analyzed_bin
rt_sigprocmask
110
SIG_SETMASK, [SIGHUP|SIGINT|SIGQUIT|SIGILL|SIGTRAP|SIGABRT|SIGBUS|SIGFPE|SIGKILL|SIGUSR1|SIGSEGV|SIGPIPE|SIGUSR2|SIGALRM|SIGTERM|SIGCHLD|SIGCONT|SIGSTOP|SIGTSTP|SIGTTIN|SIGTTOU|SIGURG|SIGXCPU|SIGXFSZ|SIGVTALRM|SIGPROF|SIGWINCH|SIGIO/SIGPOLL|SIGPWR|SIGSYS], 0x7ffcf98dc040, 8
0
SYSCALL
analyzed_bin
read
110
5, 0x7ffcf98dbf67, 1
1
SYSCALL
analyzed_bin
rt_sigaction
110
SIGHUP, {SIG_DFL}, 0x0, 8
0
SYSCALL
analyzed_bin
write
110
6, "*", 1
1
SYSCALL
analyzed_bin
rt_sigprocmask
110
SIG_SETMASK, [EMPTY], 0x0, 8
0
SYSCALL
analyzed_bin
rt_sigprocmask
110
SIG_SETMASK, [SIGHUP|SIGINT|SIGQUIT|SIGILL|SIGTRAP|SIGABRT|SIGBUS|SIGFPE|SIGKILL|SIGUSR1|SIGSEGV|SIGPIPE|SIGUSR2|SIGALRM|SIGTERM|SIGCHLD|SIGCONT|SIGSTOP|SIGTSTP|SIGTTIN|SIGTTOU|SIGURG|SIGXCPU|SIGXFSZ|SIGVTALRM|SIGPROF|SIGWINCH|SIGIO/SIGPOLL|SIGPWR|SIGSYS], 0x7ffcf98dc040, 8
0
SYSCALL
analyzed_bin
read
110
5, 0x7ffcf98dbf67, 1
1
SYSCALL
analyzed_bin
rt_sigaction
110
SIGINT, {SIG_DFL}, 0x0, 8
0
SYSCALL
analyzed_bin
write
110
6, "*", 1
1
SYSCALL
analyzed_bin
rt_sigprocmask
110
SIG_SETMASK, [EMPTY], 0x0, 8
0
SYSCALL
analyzed_bin
rt_sigprocmask
110
SIG_SETMASK, [SIGHUP|SIGINT|SIGQUIT|SIGILL|SIGTRAP|SIGABRT|SIGBUS|SIGFPE|SIGKILL|SIGUSR1|SIGSEGV|SIGPIPE|SIGUSR2|SIGALRM|SIGTERM|SIGCHLD|SIGCONT|SIGSTOP|SIGTSTP|SIGTTIN|SIGTTOU|SIGURG|SIGXCPU|SIGXFSZ|SIGVTALRM|SIGPROF|SIGWINCH|SIGIO/SIGPOLL|SIGPWR|SIGSYS], 0x7ffcf98dc040, 8
0
SYSCALL
analyzed_bin
read
110
5, 0x7ffcf98dbf67, 1
1
SYSCALL
analyzed_bin
rt_sigaction
110
SIGTERM, {SIG_DFL}, 0x0, 8
0
SYSCALL
analyzed_bin
write
110
6, "*", 1
1
SYSCALL
analyzed_bin
rt_sigprocmask
110
SIG_SETMASK, [EMPTY], 0x0, 8
0
SYSCALL
analyzed_bin
rt_sigprocmask
110
SIG_SETMASK, [SIGHUP|SIGINT|SIGQUIT|SIGILL|SIGTRAP|SIGABRT|SIGBUS|SIGFPE|SIGKILL|SIGUSR1|SIGSEGV|SIGPIPE|SIGUSR2|SIGALRM|SIGTERM|SIGCHLD|SIGCONT|SIGSTOP|SIGTSTP|SIGTTIN|SIGTTOU|SIGURG|SIGXCPU|SIGXFSZ|SIGVTALRM|SIGPROF|SIGWINCH|SIGIO/SIGPOLL|SIGPWR|SIGSYS], 0x7ffcf98dc040, 8
0
SYSCALL
analyzed_bin
read
110
5, 0x7ffcf98dbf67, 1
1
