LISA
PROCESS
108:105
SYSCALL
analyzed_bin
execve
108

0
OPENFILE
"/proc/self/exe"
SYSCALL
analyzed_bin
open
108
"/proc/self/exe", O_RDONLY
3
SYSCALL
analyzed_bin
mmap2
108
0x0, 2364742, PROT_READ|PROT_WRITE, MAP_PRIVATE|MAP_ANONYMOUS, -1, 0
0x7fee3da94000
SYSCALL
analyzed_bin
mmap2
108
0x7fee3da94000, 2364344, PROT_READ|PROT_WRITE, MAP_PRIVATE|MAP_FIXED, 3, 0
0x7fee3da94000
SYSCALL
analyzed_bin
mprotect
108
0x7fee3dcd4000, 5446, PROT_READ|PROT_EXEC
0
SYSCALL
analyzed_bin
readlink
108
"/proc/self/exe", 0x7ffcaeba0140, 4095
18
SYSCALL
analyzed_bin
mmap2
108
0x7fee3dcd6000, 7004160, PROT_NONE, MAP_PRIVATE|MAP_FIXED|MAP_ANONYMOUS, -1, 0
0x7fee3dcd6000
SYSCALL
analyzed_bin
mmap2
108
0x7fee3dcd6000, 384272, PROT_READ|PROT_WRITE, MAP_PRIVATE|MAP_FIXED|MAP_ANONYMOUS, -1, 0
0x7fee3dcd6000
SYSCALL
analyzed_bin
mprotect
108
0x7fee3dcd6000, 384272, PROT_READ
0
SYSCALL
analyzed_bin
mmap2
108
0x7fee3dd34000, 4408497, PROT_READ|PROT_WRITE|PROT_EXEC, MAP_PRIVATE|MAP_FIXED|MAP_ANONYMOUS, -1, 385024
0x7fee3dd34000
SYSCALL
analyzed_bin
mprotect
108
0x7fee3dd34000, 4408497, PROT_READ|PROT_EXEC
0
SYSCALL
analyzed_bin
mmap2
108
0x7fee3e169000, 1282249, PROT_READ|PROT_WRITE, MAP_PRIVATE|MAP_FIXED|MAP_ANONYMOUS, -1, 4796416
0x7fee3e169000
SYSCALL
analyzed_bin
mprotect
108
0x7fee3e169000, 1282249, PROT_READ
0
SYSCALL
analyzed_bin
mmap2
108
0x7fee3e2a3000, 266096, PROT_READ|PROT_WRITE, MAP_PRIVATE|MAP_FIXED|MAP_ANONYMOUS, -1, 6078464
0x7fee3e2a3000
SYSCALL
analyzed_bin
mprotect
108
0x7fee3e2a3000, 266096, PROT_READ|PROT_WRITE
0
SYSCALL
analyzed_bin
mmap2
108
0x7fee3e2e4000, 654392, PROT_READ|PROT_WRITE, MAP_PRIVATE|MAP_FIXED|MAP_ANONYMOUS, -1, 0
0x7fee3e2e4000
SYSCALL
analyzed_bin
mmap2
108
0x0, 4096, PROT_READ, MAP_PRIVATE, 3, 0
0x7fee3da93000
SYSCALL
analyzed_bin
close
108
3
0
SYSCALL
analyzed_bin
munmap
108
0x7fee3da94000, 2364742
0
SYSCALL
analyzed_bin
arch_prctl
108
ARCH_SET_FS, 140661222815984
0
SYSCALL
analyzed_bin
set_tid_address
108
0x7fee3e383c30
108
SYSCALL
analyzed_bin
brk
108
0x0
140661222817792
SYSCALL
analyzed_bin
brk
108
0x7fee3e385000
140661222821888
OPENFILE
"/dev/urandom"
SYSCALL
analyzed_bin
open
108
"/dev/urandom", O_RDONLY
3
SYSCALL
analyzed_bin
read
108
3, 0x7ffcaeba0ed4, 4
4
SYSCALL
analyzed_bin
brk
108
0x7fee3e386000
140661222825984
SYSCALL
analyzed_bin
mmap2
108
0x0, 81920, PROT_READ|PROT_WRITE|PROT_EXEC, MAP_PRIVATE|MAP_ANONYMOUS, -1, 0
0x7fee3dcc2000
SYSCALL
analyzed_bin
mprotect
108
0x7fee3dcc2000, 81920, PROT_READ|PROT_EXEC
0
SYSCALL
analyzed_bin
brk
108
0x7fee3e398000
140661222899712
SYSCALL
analyzed_bin
brk
108
0x7fee3e39d000
140661222920192
SYSCALL
analyzed_bin
brk
108
0x7fee3e39e000
140661222924288
SYSCALL
analyzed_bin
brk
108
0x7fee3e39f000
140661222928384
SYSCALL
analyzed_bin
readlink
108
"/proc/self/exe", 0x7fee3e2e42e0, 519
18
OPENFILE
"/root/config.json"
SYSCALL
analyzed_bin
open
108
"/root/config.json", O_RDONLY
-2 (ENOENT)
OPENFILE
"/etc/localtime"
SYSCALL
analyzed_bin
open
108
"/etc/localtime", O_RDONLY|O_NONBLOCK|O_CLOEXEC
4
SYSCALL
analyzed_bin
fstat
108
4, 0x7ffcaeba07f0
0
SYSCALL
analyzed_bin
mmap2
108
0x0, 127, PROT_READ, MAP_SHARED, 4, 0
0x7fee3dcc1000
SYSCALL
analyzed_bin
close
108
4
0
SYSCALL
analyzed_bin
ioctl
108
1, 21523, 0x7ffcaeba09d8
-25 (ENOTTY)
SYSCALL
analyzed_bin
writev
108
1, 0x7ffcaeba0970, 2
62
SYSCALL
analyzed_bin
brk
108
0x7fee3e3a0000
140661222932480
SYSCALL
analyzed_bin
brk
108
0x7fee3e3a1000
140661222936576
OPENFILE
"/root/.xmrig.json"
SYSCALL
analyzed_bin
open
108
"/root/.xmrig.json", O_RDONLY
-2 (ENOENT)
SYSCALL
analyzed_bin
writev
108
1, 0x7ffcaeba0a10, 2
62
OPENFILE
"/root/.config/xmrig.json"
SYSCALL
analyzed_bin
open
108
"/root/.config/xmrig.json", O_RDONLY
-2 (ENOENT)
SYSCALL
analyzed_bin
writev
108
1, 0x7ffcaeba0a10, 2
69
SYSCALL
analyzed_bin
writev
108
1, 0x7ffcaeba0bf0, 2
85
SYSCALL
analyzed_bin
close
108
3
0
SYSCALL
analyzed_bin
exit_group
108
2

