LISA
PROCESS
108:105
SYSCALL
analyzed_bin
execve
108

0
SYSCALL
analyzed_bin
arch_prctl
108
ARCH_SET_FS, 139690241065336
0
SYSCALL
analyzed_bin
set_tid_address
108
0x7f0c2b3281b0
108
SYSCALL
analyzed_bin
brk
108
0x0
139690241069056
SYSCALL
analyzed_bin
brk
108
0x7f0c2b32a000
139690241073152
SYSCALL
analyzed_bin
brk
108
0x7f0c2b33c000
139690241146880
SYSCALL
analyzed_bin
brk
108
0x7f0c2b33d000
139690241150976
SYSCALL
analyzed_bin
brk
108
0x7f0c2b33e000
139690241155072
SYSCALL
analyzed_bin
brk
108
0x7f0c2b33f000
139690241159168
SYSCALL
analyzed_bin
brk
108
0x7f0c2b340000
139690241163264
SYSCALL
analyzed_bin
brk
108
0x7f0c2b341000
139690241167360
SYSCALL
analyzed_bin
brk
108
0x7f0c2b342000
139690241171456
SYSCALL
analyzed_bin
brk
108
0x7f0c2b343000
139690241175552
SYSCALL
analyzed_bin
brk
108
0x7f0c2b344000
139690241179648
SYSCALL
analyzed_bin
brk
108
0x7f0c2b345000
139690241183744
SYSCALL
analyzed_bin
brk
108
0x7f0c2b346000
139690241187840
SYSCALL
analyzed_bin
brk
108
0x7f0c2b347000
139690241191936
SYSCALL
analyzed_bin
brk
108
0x7f0c2b348000
139690241196032
SYSCALL
analyzed_bin
brk
108
0x7f0c2b349000
139690241200128
SYSCALL
analyzed_bin
brk
108
0x7f0c2b34a000
139690241204224
SYSCALL
analyzed_bin
brk
108
0x7f0c2b34b000
139690241208320
SYSCALL
analyzed_bin
brk
108
0x7f0c2b34c000
139690241212416
SYSCALL
analyzed_bin
brk
108
0x7f0c2b34e000
139690241220608
SYSCALL
analyzed_bin
brk
108
0x7f0c2b34f000
139690241224704
SYSCALL
analyzed_bin
brk
108
0x7f0c2b350000
139690241228800
SYSCALL
analyzed_bin
brk
108
0x7f0c2b351000
139690241232896
SYSCALL
analyzed_bin
brk
108
0x7f0c2b352000
139690241236992
SYSCALL
analyzed_bin
brk
108
0x7f0c2b353000
139690241241088
SYSCALL
analyzed_bin
brk
108
0x7f0c2b354000
139690241245184
SYSCALL
analyzed_bin
brk
108
0x7f0c2b355000
139690241249280
SYSCALL
analyzed_bin
brk
108
0x7f0c2b358000
139690241261568
SYSCALL
analyzed_bin
brk
108
0x7f0c2b359000
139690241265664
SYSCALL
analyzed_bin
brk
108
0x7f0c2b35a000
139690241269760
SYSCALL
analyzed_bin
brk
108
0x7f0c2b35b000
139690241273856
SYSCALL
analyzed_bin
brk
108
0x7f0c2b35c000
139690241277952
SYSCALL
analyzed_bin
brk
108
0x7f0c2b35d000
139690241282048
SYSCALL
analyzed_bin
brk
108
0x7f0c2b35e000
139690241286144
SYSCALL
analyzed_bin
brk
108
0x7f0c2b35f000
139690241290240
SYSCALL
analyzed_bin
brk
108
0x7f0c2b360000
139690241294336
SYSCALL
analyzed_bin
brk
108
0x7f0c2b361000
139690241298432
SYSCALL
analyzed_bin
brk
108
0x7f0c2b362000
139690241302528
SYSCALL
analyzed_bin
brk
108
0x7f0c2b363000
139690241306624
SYSCALL
analyzed_bin
brk
108
0x7f0c2b364000
139690241310720
SYSCALL
analyzed_bin
brk
108
0x7f0c2b365000
139690241314816
SYSCALL
analyzed_bin
brk
108
0x7f0c2b366000
139690241318912
SYSCALL
analyzed_bin
brk
108
0x7f0c2b36b000
139690241339392
SYSCALL
analyzed_bin
brk
108
0x7f0c2b36c000
139690241343488
SYSCALL
analyzed_bin
brk
108
0x7f0c2b36d000
139690241347584
SYSCALL
analyzed_bin
getuid
108

0
SYSCALL
analyzed_bin
geteuid
108

0
SYSCALL
analyzed_bin
getgid
108

0
SYSCALL
analyzed_bin
getegid
108

0
OPENFILE
"/usr/local/ssl/openssl.cnf"
SYSCALL
analyzed_bin
open
108
"/usr/local/ssl/openssl.cnf", O_RDONLY
-2 (ENOENT)
SYSCALL
analyzed_bin
brk
108
0x7f0c2b36e000
139690241351680
SYSCALL
analyzed_bin
brk
108
0x7f0c2b36f000
139690241355776
SYSCALL
analyzed_bin
brk
108
0x7f0c2b370000
139690241359872
SYSCALL
analyzed_bin
brk
108
0x7f0c2b371000
139690241363968
SYSCALL
analyzed_bin
brk
108
0x7f0c2b372000
139690241368064
SYSCALL
analyzed_bin
brk
108
0x7f0c2b373000
139690241372160
SYSCALL
analyzed_bin
brk
108
0x7f0c2b374000
139690241376256
SYSCALL
analyzed_bin
brk
108
0x7f0c2b375000
139690241380352
SYSCALL
analyzed_bin
brk
108
0x7f0c2b376000
139690241384448
SYSCALL
analyzed_bin
brk
108
0x7f0c2b377000
139690241388544
SYSCALL
analyzed_bin
brk
108
0x7f0c2b378000
139690241392640
SYSCALL
analyzed_bin
brk
108
0x7f0c2b379000
139690241396736
SYSCALL
analyzed_bin
brk
108
0x7f0c2b37a000
139690241400832
OPENFILE
"config.txt"
SYSCALL
analyzed_bin
open
108
"config.txt", O_RDONLY
-2 (ENOENT)
OPENFILE
"pools.txt"
SYSCALL
analyzed_bin
open
108
"pools.txt", O_RDONLY
-2 (ENOENT)
SYSCALL
analyzed_bin
brk
108
0x7f0c2b37c000
139690241409024
SYSCALL
analyzed_bin
brk
108
0x7f0c2b37e000
139690241417216
SYSCALL
analyzed_bin
writev
108
1, 0x7ffe25f928d0, 2
32
SYSCALL
analyzed_bin
readv
108
0, 0x7ffe25f928b0, 2
0
SYSCALL
analyzed_bin
brk
108
0x7f0c2b380000
139690241425408
SYSCALL
analyzed_bin
brk
108
0x7f0c2b384000
139690241441792
SYSCALL
analyzed_bin
brk
108
0x7f0c2b388000
139690241458176
OPENFILE
"config.txt"
SYSCALL
analyzed_bin
open
108
"config.txt", O_WRONLY|O_CREAT|O_TRUNC, 0666
3
SYSCALL
analyzed_bin
ioctl
108
3, 21523, 0x7ffe25f92728
-25 (ENOTTY)
SYSCALL
analyzed_bin
writev
108
3, 0x7ffe25f92690, 2
6726
SYSCALL
analyzed_bin
close
108
3
0
SYSCALL
analyzed_bin
writev
108
1, 0x7ffe25f929c0, 2
42
SYSCALL
analyzed_bin
writev
108
1, 0x7ffe25f92650, 2
14
SYSCALL
analyzed_bin
writev
108
1, 0x7ffe25f92660, 2
52
SYSCALL
analyzed_bin
writev
108
1, 0x7ffe25f92660, 2
98
SYSCALL
analyzed_bin
writev
108
1, 0x7ffe25f92660, 2
52
SYSCALL
analyzed_bin
writev
108
1, 0x7ffe25f92660, 2
98
SYSCALL
analyzed_bin
writev
108
1, 0x7ffe25f92660, 2
52
SYSCALL
analyzed_bin
writev
108
1, 0x7ffe25f92660, 2
98
SYSCALL
analyzed_bin
writev
108
1, 0x7ffe25f92660, 2
52
SYSCALL
analyzed_bin
writev
108
1, 0x7ffe25f92660, 2
98
SYSCALL
analyzed_bin
writev
108
1, 0x7ffe25f92660, 2
52
SYSCALL
analyzed_bin
writev
108
1, 0x7ffe25f92660, 2
98
SYSCALL
analyzed_bin
writev
108
1, 0x7ffe25f92660, 2
52
SYSCALL
analyzed_bin
writev
108
1, 0x7ffe25f92660, 2
98
SYSCALL
analyzed_bin
writev
108
1, 0x7ffe25f92660, 2
52
SYSCALL
analyzed_bin
writev
108
1, 0x7ffe25f92660, 2
98
SYSCALL
analyzed_bin
writev
108
1, 0x7ffe25f92660, 2
52
SYSCALL
analyzed_bin
writev
108
1, 0x7ffe25f92660, 2
98
SYSCALL
analyzed_bin
writev
108
1, 0x7ffe25f92660, 2
52
SYSCALL
analyzed_bin
writev
108
1, 0x7ffe25f92660, 2
98
SYSCALL
analyzed_bin
writev
108
1, 0x7ffe25f92660, 2
52
SYSCALL
analyzed_bin
writev
108
1, 0x7ffe25f92660, 2
98
SYSCALL
analyzed_bin
writev
108
1, 0x7ffe25f92660, 2
52
SYSCALL
analyzed_bin
writev
108
1, 0x7ffe25f92660, 2
98
SYSCALL
analyzed_bin
writev
108
1, 0x7ffe25f92660, 2
52
SYSCALL
analyzed_bin
writev
108
1, 0x7ffe25f92660, 2
98
SYSCALL
analyzed_bin
writev
108
1, 0x7ffe25f92660, 2
52
SYSCALL
analyzed_bin
writev
108
1, 0x7ffe25f92660, 2
98
SYSCALL
analyzed_bin
writev
108
1, 0x7ffe25f92660, 2
52
SYSCALL
analyzed_bin
writev
108
1, 0x7ffe25f92660, 2
98
SYSCALL
analyzed_bin
writev
108
1, 0x7ffe25f92660, 2
52
SYSCALL
analyzed_bin
writev
108
1, 0x7ffe25f92660, 2
98
SYSCALL
analyzed_bin
writev
108
1, 0x7ffe25f92660, 2
52
SYSCALL
analyzed_bin
writev
108
1, 0x7ffe25f92660, 2
98
SYSCALL
analyzed_bin
writev
108
1, 0x7ffe25f92660, 2
52
SYSCALL
analyzed_bin
writev
108
1, 0x7ffe25f92660, 2
98
SYSCALL
analyzed_bin
writev
108
1, 0x7ffe25f92660, 2
52
SYSCALL
analyzed_bin
writev
108
1, 0x7ffe25f92660, 2
98
SYSCALL
analyzed_bin
writev
108
1, 0x7ffe25f92660, 2
52
SYSCALL
analyzed_bin
writev
108
1, 0x7ffe25f92660, 2
98
SYSCALL
analyzed_bin
writev
108
1, 0x7ffe25f92660, 2
52
SYSCALL
analyzed_bin
writev
108
1, 0x7ffe25f92660, 2
98
SYSCALL
analyzed_bin
writev
108
1, 0x7ffe25f92660, 2
52
SYSCALL
analyzed_bin
writev
108
1, 0x7ffe25f92660, 2
98
SYSCALL
analyzed_bin
writev
108
1, 0x7ffe25f92660, 2
52
SYSCALL
analyzed_bin
writev
108
1, 0x7ffe25f92660, 2
98
SYSCALL
analyzed_bin
writev
108
1, 0x7ffe25f92660, 2
52
SYSCALL
analyzed_bin
writev
108
1, 0x7ffe25f92660, 2
98
SYSCALL
analyzed_bin
writev
108
1, 0x7ffe25f92660, 2
52
SYSCALL
analyzed_bin
writev
108
1, 0x7ffe25f92660, 2
98
SYSCALL
analyzed_bin
writev
108
1, 0x7ffe25f92660, 2
52
SYSCALL
analyzed_bin
writev
108
1, 0x7ffe25f92660, 2
98
SYSCALL
analyzed_bin
writev
108
1, 0x7ffe25f92660, 2
52
SYSCALL
analyzed_bin
writev
108
1, 0x7ffe25f92660, 2
98
SYSCALL
analyzed_bin
writev
108
1, 0x7ffe25f92660, 2
52
SYSCALL
analyzed_bin
writev
108
1, 0x7ffe25f92660, 2
98
SYSCALL
analyzed_bin
writev
108
1, 0x7ffe25f92660, 2
52
SYSCALL
analyzed_bin
writev
108
1, 0x7ffe25f92660, 2
98
SYSCALL
analyzed_bin
writev
108
1, 0x7ffe25f92660, 2
52
SYSCALL
analyzed_bin
writev
108
1, 0x7ffe25f92660, 2
98
SYSCALL
analyzed_bin
writev
108
1, 0x7ffe25f92660, 2
52
SYSCALL
analyzed_bin
writev
108
1, 0x7ffe25f92660, 2
98
SYSCALL
analyzed_bin
writev
108
1, 0x7ffe25f92660, 2
52
SYSCALL
analyzed_bin
writev
108
1, 0x7ffe25f92660, 2
98
SYSCALL
analyzed_bin
writev
108
1, 0x7ffe25f92660, 2
52
SYSCALL
analyzed_bin
writev
108
1, 0x7ffe25f92660, 2
98
SYSCALL
analyzed_bin
writev
108
1, 0x7ffe25f92660, 2
52
SYSCALL
analyzed_bin
writev
108
1, 0x7ffe25f92660, 2
98
SYSCALL
analyzed_bin
writev
108
1, 0x7ffe25f92660, 2
52
SYSCALL
analyzed_bin
writev
108
1, 0x7ffe25f92660, 2
98
SYSCALL
analyzed_bin
writev
108
1, 0x7ffe25f92660, 2
52
SYSCALL
analyzed_bin
writev
108
1, 0x7ffe25f92660, 2
98
SYSCALL
analyzed_bin
writev
108
1, 0x7ffe25f92660, 2
52
SYSCALL
analyzed_bin
writev
108
1, 0x7ffe25f92660, 2
98
SYSCALL
analyzed_bin
writev
108
1, 0x7ffe25f92660, 2
52
SYSCALL
analyzed_bin
writev
108
1, 0x7ffe25f92660, 2
98
SYSCALL
analyzed_bin
writev
108
1, 0x7ffe25f92660, 2
52
SYSCALL
analyzed_bin
writev
108
1, 0x7ffe25f92660, 2
98
SYSCALL
analyzed_bin
writev
108
1, 0x7ffe25f92660, 2
52
SYSCALL
analyzed_bin
writev
108
1, 0x7ffe25f92660, 2
98
SYSCALL
analyzed_bin
writev
108
1, 0x7ffe25f92660, 2
52
SYSCALL
analyzed_bin
writev
108
1, 0x7ffe25f92660, 2
98
SYSCALL
analyzed_bin
writev
108
1, 0x7ffe25f92660, 2
52
SYSCALL
analyzed_bin
writev
108
1, 0x7ffe25f92660, 2
98
SYSCALL
analyzed_bin
writev
108
1, 0x7ffe25f92660, 2
52
SYSCALL
analyzed_bin
writev
108
1, 0x7ffe25f92660, 2
98
SYSCALL
analyzed_bin
writev
108
1, 0x7ffe25f92660, 2
52
SYSCALL
analyzed_bin
writev
108
1, 0x7ffe25f92660, 2
98
SYSCALL
analyzed_bin
writev
108
1, 0x7ffe25f92660, 2
52
SYSCALL
analyzed_bin
writev
108
1, 0x7ffe25f92660, 2
98
SYSCALL
analyzed_bin
writev
108
1, 0x7ffe25f92660, 2
52
SYSCALL
analyzed_bin
writev
108
1, 0x7ffe25f92660, 2
98
SYSCALL
analyzed_bin
writev
108
1, 0x7ffe25f92660, 2
52
SYSCALL
analyzed_bin
writev
108
1, 0x7ffe25f92660, 2
98
SYSCALL
analyzed_bin
writev
108
1, 0x7ffe25f92660, 2
52
SYSCALL
analyzed_bin
writev
108
1, 0x7ffe25f92660, 2
98
SYSCALL
analyzed_bin
writev
108
1, 0x7ffe25f92660, 2
52
SYSCALL
analyzed_bin
writev
108
1, 0x7ffe25f92660, 2
98
SYSCALL
analyzed_bin
writev
108
1, 0x7ffe25f92660, 2
52
SYSCALL
analyzed_bin
writev
108
1, 0x7ffe25f92660, 2
98
SYSCALL
analyzed_bin
writev
108
1, 0x7ffe25f92660, 2
52
SYSCALL
analyzed_bin
writev
108
1, 0x7ffe25f92660, 2
98
SYSCALL
analyzed_bin
writev
108
1, 0x7ffe25f92660, 2
52
SYSCALL
analyzed_bin
writev
108
1, 0x7ffe25f92660, 2
98
SYSCALL
analyzed_bin
writev
108
1, 0x7ffe25f92660, 2
52
SYSCALL
analyzed_bin
writev
108
1, 0x7ffe25f92660, 2
98
SYSCALL
analyzed_bin
writev
108
1, 0x7ffe25f92660, 2
52
SYSCALL
analyzed_bin
writev
108
1, 0x7ffe25f92660, 2
98
SYSCALL
analyzed_bin
writev
108
1, 0x7ffe25f92660, 2
52
SYSCALL
analyzed_bin
writev
108
1, 0x7ffe25f92660, 2
98
SYSCALL
analyzed_bin
writev
108
1, 0x7ffe25f92660, 2
52
SYSCALL
analyzed_bin
writev
108
1, 0x7ffe25f92660, 2
98
SYSCALL
analyzed_bin
writev
108
1, 0x7ffe25f92660, 2
52
SYSCALL
analyzed_bin
writev
108
1, 0x7ffe25f92660, 2
98
SYSCALL
analyzed_bin
writev
108
1, 0x7ffe25f92660, 2
52
SYSCALL
analyzed_bin
writev
108
1, 0x7ffe25f92660, 2
98
SYSCALL
analyzed_bin
writev
108
1, 0x7ffe25f92660, 2
52
SYSCALL
analyzed_bin
writev
108
1, 0x7ffe25f92660, 2
98
SYSCALL
analyzed_bin
writev
108
1, 0x7ffe25f92660, 2
52
SYSCALL
analyzed_bin
writev
108
1, 0x7ffe25f92660, 2
98
SYSCALL
analyzed_bin
writev
108
1, 0x7ffe25f92660, 2
52
SYSCALL
analyzed_bin
writev
108
1, 0x7ffe25f92660, 2
98
SYSCALL
analyzed_bin
writev
108
1, 0x7ffe25f92660, 2
52
SYSCALL
analyzed_bin
writev
108
1, 0x7ffe25f92660, 2
98
SYSCALL
analyzed_bin
writev
108
1, 0x7ffe25f92660, 2
52
SYSCALL
analyzed_bin
writev
108
1, 0x7ffe25f92660, 2
98
SYSCALL
analyzed_bin
writev
108
1, 0x7ffe25f92660, 2
52
SYSCALL
analyzed_bin
writev
108
1, 0x7ffe25f92660, 2
98
SYSCALL
analyzed_bin
writev
108
1, 0x7ffe25f92660, 2
52
SYSCALL
analyzed_bin
writev
108
1, 0x7ffe25f92660, 2
98
SYSCALL
analyzed_bin
writev
108
1, 0x7ffe25f92660, 2
52
SYSCALL
analyzed_bin
writev
108
1, 0x7ffe25f92660, 2
98
SYSCALL
analyzed_bin
writev
108
1, 0x7ffe25f92660, 2
52
SYSCALL
analyzed_bin
writev
108
1, 0x7ffe25f92660, 2
98
SYSCALL
analyzed_bin
writev
108
1, 0x7ffe25f92660, 2
52
SYSCALL
analyzed_bin
writev
108
1, 0x7ffe25f92660, 2
98
SYSCALL
analyzed_bin
writev
108
1, 0x7ffe25f92660, 2
52
SYSCALL
analyzed_bin
writev
108
1, 0x7ffe25f92660, 2
98
SYSCALL
analyzed_bin
writev
108
1, 0x7ffe25f92660, 2
52
SYSCALL
analyzed_bin
writev
108
1, 0x7ffe25f92660, 2
98
SYSCALL
analyzed_bin
writev
108
1, 0x7ffe25f92660, 2
52
SYSCALL
analyzed_bin
writev
108
1, 0x7ffe25f92660, 2
98
SYSCALL
analyzed_bin
writev
108
1, 0x7ffe25f92660, 2
52
SYSCALL
analyzed_bin
writev
108
1, 0x7ffe25f92660, 2
98
SYSCALL
analyzed_bin
writev
108
1, 0x7ffe25f92660, 2
52
SYSCALL
analyzed_bin
writev
108
1, 0x7ffe25f92660, 2
98
SYSCALL
analyzed_bin
writev
108
1, 0x7ffe25f92660, 2
52
SYSCALL
analyzed_bin
writev
108
1, 0x7ffe25f92660, 2
98
SYSCALL
analyzed_bin
writev
108
1, 0x7ffe25f92660, 2
52
SYSCALL
analyzed_bin
writev
108
1, 0x7ffe25f92660, 2
98
SYSCALL
analyzed_bin
writev
108
1, 0x7ffe25f92660, 2
52
SYSCALL
analyzed_bin
writev
108
1, 0x7ffe25f92660, 2
98
SYSCALL
analyzed_bin
writev
108
1, 0x7ffe25f92660, 2
52
SYSCALL
analyzed_bin
writev
108
1, 0x7ffe25f92660, 2
98
SYSCALL
analyzed_bin
writev
108
1, 0x7ffe25f92660, 2
52
SYSCALL
analyzed_bin
writev
108
1, 0x7ffe25f92660, 2
98
SYSCALL
analyzed_bin
writev
108
1, 0x7ffe25f92660, 2
52
SYSCALL
analyzed_bin
writev
108
1, 0x7ffe25f92660, 2
98
SYSCALL
analyzed_bin
writev
108
1, 0x7ffe25f92660, 2
52
SYSCALL
analyzed_bin
writev
108
1, 0x7ffe25f92660, 2
98
SYSCALL
analyzed_bin
writev
108
1, 0x7ffe25f92660, 2
52
SYSCALL
analyzed_bin
writev
108
1, 0x7ffe25f92660, 2
98
SYSCALL
analyzed_bin
writev
108
1, 0x7ffe25f92660, 2
52
SYSCALL
analyzed_bin
writev
108
1, 0x7ffe25f92660, 2
98
SYSCALL
analyzed_bin
writev
108
1, 0x7ffe25f92660, 2
52
SYSCALL
analyzed_bin
writev
108
1, 0x7ffe25f92660, 2
98
SYSCALL
analyzed_bin
writev
108
1, 0x7ffe25f92660, 2
52
SYSCALL
analyzed_bin
writev
108
1, 0x7ffe25f92660, 2
98
SYSCALL
analyzed_bin
writev
108
1, 0x7ffe25f92660, 2
52
SYSCALL
analyzed_bin
writev
108
1, 0x7ffe25f92660, 2
98
SYSCALL
analyzed_bin
writev
108
1, 0x7ffe25f92660, 2
52
SYSCALL
analyzed_bin
writev
108
1, 0x7ffe25f92660, 2
98
SYSCALL
analyzed_bin
writev
108
1, 0x7ffe25f92660, 2
52
SYSCALL
analyzed_bin
writev
108
1, 0x7ffe25f92660, 2
98
SYSCALL
analyzed_bin
writev
108
1, 0x7ffe25f92660, 2
52
SYSCALL
analyzed_bin
writev
108
1, 0x7ffe25f92660, 2
98
SYSCALL
analyzed_bin
writev
108
1, 0x7ffe25f92660, 2
52
SYSCALL
analyzed_bin
writev
108
1, 0x7ffe25f92660, 2
98
SYSCALL
analyzed_bin
writev
108
1, 0x7ffe25f92660, 2
52
SYSCALL
analyzed_bin
writev
108
1, 0x7ffe25f92660, 2
98
SYSCALL
analyzed_bin
writev
108
1, 0x7ffe25f92660, 2
52
SYSCALL
analyzed_bin
writev
108
1, 0x7ffe25f92660, 2
98
SYSCALL
analyzed_bin
writev
108
1, 0x7ffe25f92660, 2
52
SYSCALL
analyzed_bin
writev
108
1, 0x7ffe25f92660, 2
98
SYSCALL
analyzed_bin
writev
108
1, 0x7ffe25f92660, 2
52
SYSCALL
analyzed_bin
writev
108
1, 0x7ffe25f92660, 2
98
SYSCALL
analyzed_bin
writev
108
1, 0x7ffe25f92660, 2
52
SYSCALL
analyzed_bin
writev
108
1, 0x7ffe25f92660, 2
98
SYSCALL
analyzed_bin
writev
108
1, 0x7ffe25f92660, 2
52
SYSCALL
analyzed_bin
writev
108
1, 0x7ffe25f92660, 2
98
SYSCALL
analyzed_bin
writev
108
1, 0x7ffe25f92660, 2
52
SYSCALL
analyzed_bin
writev
108
1, 0x7ffe25f92660, 2
98
SYSCALL
analyzed_bin
writev
108
1, 0x7ffe25f92660, 2
52
SYSCALL
analyzed_bin
writev
108
1, 0x7ffe25f92660, 2
98
SYSCALL
analyzed_bin
writev
108
1, 0x7ffe25f92660, 2
52
SYSCALL
analyzed_bin
writev
108
1, 0x7ffe25f92660, 2
98
SYSCALL
analyzed_bin
writev
108
1, 0x7ffe25f92660, 2
52
SYSCALL
analyzed_bin
writev
108
1, 0x7ffe25f92660, 2
98
SYSCALL
analyzed_bin
writev
108
1, 0x7ffe25f92660, 2
52
SYSCALL
analyzed_bin
writev
108
1, 0x7ffe25f92660, 2
98
SYSCALL
analyzed_bin
writev
108
1, 0x7ffe25f92660, 2
52
SYSCALL
analyzed_bin
writev
108
1, 0x7ffe25f92660, 2
98
SYSCALL
analyzed_bin
writev
108
1, 0x7ffe25f92660, 2
52
SYSCALL
analyzed_bin
writev
108
1, 0x7ffe25f92660, 2
98
SYSCALL
analyzed_bin
writev
108
1, 0x7ffe25f92660, 2
52
SYSCALL
analyzed_bin
writev
108
1, 0x7ffe25f92660, 2
98
SYSCALL
analyzed_bin
writev
108
1, 0x7ffe25f92660, 2
52
SYSCALL
analyzed_bin
writev
108
1, 0x7ffe25f92660, 2
98
SYSCALL
analyzed_bin
writev
108
1, 0x7ffe25f92660, 2
52
SYSCALL
analyzed_bin
writev
108
1, 0x7ffe25f92660, 2
98
SYSCALL
analyzed_bin
writev
108
1, 0x7ffe25f92660, 2
52
SYSCALL
analyzed_bin
writev
108
1, 0x7ffe25f92660, 2
98
SYSCALL
analyzed_bin
writev
108
1, 0x7ffe25f92660, 2
52
SYSCALL
analyzed_bin
writev
108
1, 0x7ffe25f92660, 2
98
SYSCALL
analyzed_bin
writev
108
1, 0x7ffe25f92660, 2
52
SYSCALL
analyzed_bin
writev
108
1, 0x7ffe25f92660, 2
98
SYSCALL
analyzed_bin
writev
108
1, 0x7ffe25f92660, 2
52
SYSCALL
analyzed_bin
writev
108
1, 0x7ffe25f92660, 2
98
SYSCALL
analyzed_bin
writev
108
1, 0x7ffe25f92660, 2
52
SYSCALL
analyzed_bin
writev
108
1, 0x7ffe25f92660, 2
98
SYSCALL
analyzed_bin
writev
108
1, 0x7ffe25f92660, 2
52
SYSCALL
analyzed_bin
writev
108
1, 0x7ffe25f92660, 2
98
SYSCALL
analyzed_bin
writev
108
1, 0x7ffe25f92660, 2
52
SYSCALL
analyzed_bin
writev
108
1, 0x7ffe25f92660, 2
98
SYSCALL
analyzed_bin
writev
108
1, 0x7ffe25f92660, 2
52
SYSCALL
analyzed_bin
writev
108
1, 0x7ffe25f92660, 2
98
SYSCALL
analyzed_bin
writev
108
1, 0x7ffe25f92660, 2
52
SYSCALL
analyzed_bin
writev
108
1, 0x7ffe25f92660, 2
98
SYSCALL
analyzed_bin
writev
108
1, 0x7ffe25f92660, 2
52
SYSCALL
analyzed_bin
writev
108
1, 0x7ffe25f92660, 2
98
SYSCALL
analyzed_bin
writev
108
1, 0x7ffe25f92660, 2
52
SYSCALL
analyzed_bin
writev
108
1, 0x7ffe25f92660, 2
98
SYSCALL
analyzed_bin
writev
108
1, 0x7ffe25f92660, 2
52
SYSCALL
analyzed_bin
writev
108
1, 0x7ffe25f92660, 2
98
SYSCALL
analyzed_bin
writev
108
1, 0x7ffe25f92660, 2
52
SYSCALL
analyzed_bin
writev
108
1, 0x7ffe25f92660, 2
98
SYSCALL
analyzed_bin
writev
108
1, 0x7ffe25f92660, 2
52
SYSCALL
analyzed_bin
writev
108
1, 0x7ffe25f92660, 2
98
SYSCALL
analyzed_bin
writev
108
1, 0x7ffe25f92660, 2
52
SYSCALL
analyzed_bin
writev
108
1, 0x7ffe25f92660, 2
98
SYSCALL
analyzed_bin
writev
108
1, 0x7ffe25f92660, 2
52
SYSCALL
analyzed_bin
writev
108
1, 0x7ffe25f92660, 2
98
SYSCALL
analyzed_bin
writev
108
1, 0x7ffe25f92660, 2
52
SYSCALL
analyzed_bin
writev
108
1, 0x7ffe25f92660, 2
98
SYSCALL
analyzed_bin
writev
108
1, 0x7ffe25f92660, 2
52
SYSCALL
analyzed_bin
writev
108
1, 0x7ffe25f92660, 2
98
SYSCALL
analyzed_bin
writev
108
1, 0x7ffe25f92660, 2
52
SYSCALL
analyzed_bin
writev
108
1, 0x7ffe25f92660, 2
98
SYSCALL
analyzed_bin
writev
108
1, 0x7ffe25f92660, 2
52
SYSCALL
analyzed_bin
writev
108
1, 0x7ffe25f92660, 2
98
SYSCALL
analyzed_bin
writev
108
1, 0x7ffe25f92660, 2
52
SYSCALL
analyzed_bin
writev
108
1, 0x7ffe25f92660, 2
98
SYSCALL
analyzed_bin
writev
108
1, 0x7ffe25f92660, 2
52
SYSCALL
analyzed_bin
writev
108
1, 0x7ffe25f92660, 2
98
SYSCALL
analyzed_bin
writev
108
1, 0x7ffe25f92660, 2
52
SYSCALL
analyzed_bin
writev
108
1, 0x7ffe25f92660, 2
98
SYSCALL
analyzed_bin
writev
108
1, 0x7ffe25f92660, 2
52
SYSCALL
analyzed_bin
writev
108
1, 0x7ffe25f92660, 2
98
SYSCALL
analyzed_bin
writev
108
1, 0x7ffe25f92660, 2
52
SYSCALL
analyzed_bin
writev
108
1, 0x7ffe25f92660, 2
98
SYSCALL
analyzed_bin
writev
108
1, 0x7ffe25f92660, 2
52
SYSCALL
analyzed_bin
writev
108
1, 0x7ffe25f92660, 2
98
SYSCALL
analyzed_bin
writev
108
1, 0x7ffe25f92660, 2
52
SYSCALL
analyzed_bin
writev
108
1, 0x7ffe25f92660, 2
98
SYSCALL
analyzed_bin
writev
108
1, 0x7ffe25f92660, 2
52
SYSCALL
analyzed_bin
writev
108
1, 0x7ffe25f92660, 2
98
SYSCALL
analyzed_bin
writev
108
1, 0x7ffe25f92660, 2
52
SYSCALL
analyzed_bin
writev
108
1, 0x7ffe25f92660, 2
98
SYSCALL
analyzed_bin
writev
108
1, 0x7ffe25f92660, 2
52
SYSCALL
analyzed_bin
writev
108
1, 0x7ffe25f92660, 2
98
SYSCALL
analyzed_bin
writev
108
1, 0x7ffe25f92660, 2
52
SYSCALL
analyzed_bin
writev
108
1, 0x7ffe25f92660, 2
98
SYSCALL
analyzed_bin
writev
108
1, 0x7ffe25f92660, 2
52
SYSCALL
analyzed_bin
writev
108
1, 0x7ffe25f92660, 2
98
SYSCALL
analyzed_bin
writev
108
1, 0x7ffe25f92660, 2
52
SYSCALL
analyzed_bin
writev
108
1, 0x7ffe25f92660, 2
98
SYSCALL
analyzed_bin
writev
108
1, 0x7ffe25f92660, 2
52
SYSCALL
analyzed_bin
writev
108
1, 0x7ffe25f92660, 2
98
SYSCALL
analyzed_bin
writev
108
1, 0x7ffe25f92660, 2
52
SYSCALL
analyzed_bin
writev
108
1, 0x7ffe25f92660, 2
98
SYSCALL
analyzed_bin
writev
108
1, 0x7ffe25f92660, 2
52
SYSCALL
analyzed_bin
writev
108
1, 0x7ffe25f92660, 2
98
SYSCALL
analyzed_bin
writev
108
1, 0x7ffe25f92660, 2
52
SYSCALL
analyzed_bin
writev
108
1, 0x7ffe25f92660, 2
98
SYSCALL
analyzed_bin
writev
108
1, 0x7ffe25f92660, 2
52
SYSCALL
analyzed_bin
writev
108
1, 0x7ffe25f92660, 2
98
SYSCALL
analyzed_bin
writev
108
1, 0x7ffe25f92660, 2
52
SYSCALL
analyzed_bin
writev
108
1, 0x7ffe25f92660, 2
98
SYSCALL
analyzed_bin
writev
108
1, 0x7ffe25f92660, 2
52
SYSCALL
analyzed_bin
writev
108
1, 0x7ffe25f92660, 2
98
SYSCALL
analyzed_bin
writev
108
1, 0x7ffe25f92660, 2
52
SYSCALL
analyzed_bin
writev
108
1, 0x7ffe25f92660, 2
98
SYSCALL
analyzed_bin
writev
108
1, 0x7ffe25f92660, 2
52
SYSCALL
analyzed_bin
writev
108
1, 0x7ffe25f92660, 2
98
SYSCALL
analyzed_bin
writev
108
1, 0x7ffe25f92660, 2
52
SYSCALL
analyzed_bin
writev
108
1, 0x7ffe25f92660, 2
98
SYSCALL
analyzed_bin
writev
108
1, 0x7ffe25f92660, 2
52
SYSCALL
analyzed_bin
writev
108
1, 0x7ffe25f92660, 2
98
SYSCALL
analyzed_bin
writev
108
1, 0x7ffe25f92660, 2
52
SYSCALL
analyzed_bin
writev
108
1, 0x7ffe25f92660, 2
98
SYSCALL
analyzed_bin
writev
108
1, 0x7ffe25f92660, 2
52
SYSCALL
analyzed_bin
writev
108
1, 0x7ffe25f92660, 2
98
SYSCALL
analyzed_bin
writev
108
1, 0x7ffe25f92660, 2
52
SYSCALL
analyzed_bin
writev
108
1, 0x7ffe25f92660, 2
98
SYSCALL
analyzed_bin
writev
108
1, 0x7ffe25f92660, 2
52
SYSCALL
analyzed_bin
writev
108
1, 0x7ffe25f92660, 2
98
SYSCALL
analyzed_bin
writev
108
1, 0x7ffe25f92660, 2
52
SYSCALL
analyzed_bin
writev
108
1, 0x7ffe25f92660, 2
98
SYSCALL
analyzed_bin
writev
108
1, 0x7ffe25f92660, 2
52
SYSCALL
analyzed_bin
writev
108
1, 0x7ffe25f92660, 2
98
SYSCALL
analyzed_bin
writev
108
1, 0x7ffe25f92660, 2
52
SYSCALL
analyzed_bin
writev
108
1, 0x7ffe25f92660, 2
98
SYSCALL
analyzed_bin
writev
108
1, 0x7ffe25f92660, 2
52
SYSCALL
analyzed_bin
writev
108
1, 0x7ffe25f92660, 2
98
SYSCALL
analyzed_bin
writev
108
1, 0x7ffe25f92660, 2
52
SYSCALL
analyzed_bin
writev
108
1, 0x7ffe25f92660, 2
98
SYSCALL
analyzed_bin
writev
108
1, 0x7ffe25f92660, 2
52
SYSCALL
analyzed_bin
writev
108
1, 0x7ffe25f92660, 2
98
SYSCALL
analyzed_bin
writev
108
1, 0x7ffe25f92660, 2
52
SYSCALL
analyzed_bin
writev
108
1, 0x7ffe25f92660, 2
98
SYSCALL
analyzed_bin
writev
108
1, 0x7ffe25f92660, 2
52
SYSCALL
analyzed_bin
writev
108
1, 0x7ffe25f92660, 2
98
SYSCALL
analyzed_bin
writev
108
1, 0x7ffe25f92660, 2
52
SYSCALL
analyzed_bin
writev
108
1, 0x7ffe25f92660, 2
98
SYSCALL
analyzed_bin
writev
108
1, 0x7ffe25f92660, 2
52
SYSCALL
analyzed_bin
writev
108
1, 0x7ffe25f92660, 2
98
SYSCALL
analyzed_bin
writev
108
1, 0x7ffe25f92660, 2
52
SYSCALL
analyzed_bin
writev
108
1, 0x7ffe25f92660, 2
98
SYSCALL
analyzed_bin
writev
108
1, 0x7ffe25f92660, 2
52
SYSCALL
analyzed_bin
writev
108
1, 0x7ffe25f92660, 2
98
SYSCALL
analyzed_bin
writev
108
1, 0x7ffe25f92660, 2
52
SYSCALL
analyzed_bin
writev
108
1, 0x7ffe25f92660, 2
98
SYSCALL
analyzed_bin
writev
108
1, 0x7ffe25f92660, 2
52
SYSCALL
analyzed_bin
writev
108
1, 0x7ffe25f92660, 2
98
SYSCALL
analyzed_bin
writev
108
1, 0x7ffe25f92660, 2
52
SYSCALL
analyzed_bin
writev
108
1, 0x7ffe25f92660, 2
98
SYSCALL
analyzed_bin
writev
108
1, 0x7ffe25f92660, 2
52
SYSCALL
analyzed_bin
writev
108
1, 0x7ffe25f92660, 2
98
SYSCALL
analyzed_bin
writev
108
1, 0x7ffe25f92660, 2
52
SYSCALL
analyzed_bin
writev
108
1, 0x7ffe25f92660, 2
98
SYSCALL
analyzed_bin
writev
108
1, 0x7ffe25f92660, 2
52
SYSCALL
analyzed_bin
writev
108
1, 0x7ffe25f92660, 2
98
SYSCALL
analyzed_bin
writev
108
1, 0x7ffe25f92660, 2
52
SYSCALL
analyzed_bin
writev
108
1, 0x7ffe25f92660, 2
98
SYSCALL
analyzed_bin
writev
108
1, 0x7ffe25f92660, 2
52
SYSCALL
analyzed_bin
writev
108
1, 0x7ffe25f92660, 2
98
SYSCALL
analyzed_bin
writev
108
1, 0x7ffe25f92660, 2
52
SYSCALL
analyzed_bin
writev
108
1, 0x7ffe25f92660, 2
98
SYSCALL
analyzed_bin
writev
108
1, 0x7ffe25f92660, 2
52
SYSCALL
analyzed_bin
writev
108
1, 0x7ffe25f92660, 2
98
SYSCALL
analyzed_bin
writev
108
1, 0x7ffe25f92660, 2
52
SYSCALL
analyzed_bin
writev
108
1, 0x7ffe25f92660, 2
98
SYSCALL
analyzed_bin
writev
108
1, 0x7ffe25f92660, 2
52
SYSCALL
analyzed_bin
writev
108
1, 0x7ffe25f92660, 2
98
SYSCALL
analyzed_bin
writev
108
1, 0x7ffe25f92660, 2
52
SYSCALL
analyzed_bin
writev
108
1, 0x7ffe25f92660, 2
98
SYSCALL
analyzed_bin
writev
108
1, 0x7ffe25f92660, 2
52
SYSCALL
analyzed_bin
writev
108
1, 0x7ffe25f92660, 2
98
SYSCALL
analyzed_bin
writev
108
1, 0x7ffe25f92660, 2
52
SYSCALL
analyzed_bin
writev
108
1, 0x7ffe25f92660, 2
98
SYSCALL
analyzed_bin
writev
108
1, 0x7ffe25f92660, 2
52
SYSCALL
analyzed_bin
writev
108
1, 0x7ffe25f92660, 2
98
SYSCALL
analyzed_bin
writev
108
1, 0x7ffe25f92660, 2
52
SYSCALL
analyzed_bin
writev
108
1, 0x7ffe25f92660, 2
98
SYSCALL
analyzed_bin
writev
108
1, 0x7ffe25f92660, 2
52
SYSCALL
analyzed_bin
writev
108
1, 0x7ffe25f92660, 2
98
SYSCALL
analyzed_bin
writev
108
1, 0x7ffe25f92660, 2
52
SYSCALL
analyzed_bin
writev
108
1, 0x7ffe25f92660, 2
98
SYSCALL
analyzed_bin
writev
108
1, 0x7ffe25f92660, 2
52
SYSCALL
analyzed_bin
writev
108
1, 0x7ffe25f92660, 2
98
SYSCALL
analyzed_bin
writev
108
1, 0x7ffe25f92660, 2
52
SYSCALL
analyzed_bin
writev
108
1, 0x7ffe25f92660, 2
98
SYSCALL
analyzed_bin
writev
108
1, 0x7ffe25f92660, 2
52
SYSCALL
analyzed_bin
writev
108
1, 0x7ffe25f92660, 2
98
SYSCALL
analyzed_bin
writev
108
1, 0x7ffe25f92660, 2
52
SYSCALL
analyzed_bin
writev
108
1, 0x7ffe25f92660, 2
98
SYSCALL
analyzed_bin
writev
108
1, 0x7ffe25f92660, 2
52
SYSCALL
analyzed_bin
writev
108
1, 0x7ffe25f92660, 2
98
SYSCALL
analyzed_bin
writev
108
1, 0x7ffe25f92660, 2
52
SYSCALL
analyzed_bin
writev
108
1, 0x7ffe25f92660, 2
98
SYSCALL
analyzed_bin
writev
108
1, 0x7ffe25f92660, 2
52
SYSCALL
analyzed_bin
writev
108
1, 0x7ffe25f92660, 2
98
SYSCALL
analyzed_bin
writev
108
1, 0x7ffe25f92660, 2
52
SYSCALL
analyzed_bin
writev
108
1, 0x7ffe25f92660, 2
98
SYSCALL
analyzed_bin
writev
108
1, 0x7ffe25f92660, 2
52
SYSCALL
analyzed_bin
writev
108
1, 0x7ffe25f92660, 2
98
SYSCALL
analyzed_bin
writev
108
1, 0x7ffe25f92660, 2
52
SYSCALL
analyzed_bin
writev
108
1, 0x7ffe25f92660, 2
98
SYSCALL
analyzed_bin
writev
108
1, 0x7ffe25f92660, 2
52
SYSCALL
analyzed_bin
writev
108
1, 0x7ffe25f92660, 2
98
SYSCALL
analyzed_bin
writev
108
1, 0x7ffe25f92660, 2
52
SYSCALL
analyzed_bin
writev
108
1, 0x7ffe25f92660, 2
98
SYSCALL
analyzed_bin
writev
108
1, 0x7ffe25f92660, 2
52
SYSCALL
analyzed_bin
writev
108
1, 0x7ffe25f92660, 2
98
SYSCALL
analyzed_bin
writev
108
1, 0x7ffe25f92660, 2
52
SYSCALL
analyzed_bin
writev
108
1, 0x7ffe25f92660, 2
98
SYSCALL
analyzed_bin
writev
108
1, 0x7ffe25f92660, 2
52
SYSCALL
analyzed_bin
writev
108
1, 0x7ffe25f92660, 2
98
SYSCALL
analyzed_bin
writev
108
1, 0x7ffe25f92660, 2
52
SYSCALL
analyzed_bin
writev
108
1, 0x7ffe25f92660, 2
98
SYSCALL
analyzed_bin
writev
108
1, 0x7ffe25f92660, 2
52
SYSCALL
analyzed_bin
writev
108
1, 0x7ffe25f92660, 2
98
SYSCALL
analyzed_bin
writev
108
1, 0x7ffe25f92660, 2
52
SYSCALL
analyzed_bin
writev
108
1, 0x7ffe25f92660, 2
98
SYSCALL
analyzed_bin
writev
108
1, 0x7ffe25f92660, 2
52
SYSCALL
analyzed_bin
writev
108
1, 0x7ffe25f92660, 2
98
SYSCALL
analyzed_bin
writev
108
1, 0x7ffe25f92660, 2
52
SYSCALL
analyzed_bin
writev
108
1, 0x7ffe25f92660, 2
98
SYSCALL
analyzed_bin
writev
108
1, 0x7ffe25f92660, 2
52
SYSCALL
analyzed_bin
writev
108
1, 0x7ffe25f92660, 2
98
SYSCALL
analyzed_bin
writev
108
1, 0x7ffe25f92660, 2
52
SYSCALL
analyzed_bin
writev
108
1, 0x7ffe25f92660, 2
98
SYSCALL
analyzed_bin
writev
108
1, 0x7ffe25f92660, 2
52
SYSCALL
analyzed_bin
writev
108
1, 0x7ffe25f92660, 2
98
SYSCALL
analyzed_bin
writev
108
1, 0x7ffe25f92660, 2
52
SYSCALL
analyzed_bin
writev
108
1, 0x7ffe25f92660, 2
98
SYSCALL
analyzed_bin
writev
108
1, 0x7ffe25f92660, 2
52
SYSCALL
analyzed_bin
writev
108
1, 0x7ffe25f92660, 2
98
SYSCALL
analyzed_bin
writev
108
1, 0x7ffe25f92660, 2
52
SYSCALL
analyzed_bin
writev
108
1, 0x7ffe25f92660, 2
98
SYSCALL
analyzed_bin
writev
108
1, 0x7ffe25f92660, 2
52
SYSCALL
analyzed_bin
writev
108
1, 0x7ffe25f92660, 2
98
SYSCALL
analyzed_bin
writev
108
1, 0x7ffe25f92660, 2
52
SYSCALL
analyzed_bin
writev
108
1, 0x7ffe25f92660, 2
98
SYSCALL
analyzed_bin
writev
108
1, 0x7ffe25f92660, 2
52
SYSCALL
analyzed_bin
writev
108
1, 0x7ffe25f92660, 2
98
SYSCALL
analyzed_bin
writev
108
1, 0x7ffe25f92660, 2
52
SYSCALL
analyzed_bin
writev
108
1, 0x7ffe25f92660, 2
98
SYSCALL
analyzed_bin
writev
108
1, 0x7ffe25f92660, 2
52
SYSCALL
analyzed_bin
writev
108
1, 0x7ffe25f92660, 2
98
SYSCALL
analyzed_bin
writev
108
1, 0x7ffe25f92660, 2
52
SYSCALL
analyzed_bin
writev
108
1, 0x7ffe25f92660, 2
98
SYSCALL
analyzed_bin
writev
108
1, 0x7ffe25f92660, 2
52
SYSCALL
analyzed_bin
writev
108
1, 0x7ffe25f92660, 2
98
SYSCALL
analyzed_bin
writev
108
1, 0x7ffe25f92660, 2
52
SYSCALL
analyzed_bin
writev
108
1, 0x7ffe25f92660, 2
98
SYSCALL
analyzed_bin
writev
108
1, 0x7ffe25f92660, 2
52
SYSCALL
analyzed_bin
writev
108
1, 0x7ffe25f92660, 2
98
SYSCALL
analyzed_bin
writev
108
1, 0x7ffe25f92660, 2
52
SYSCALL
analyzed_bin
writev
108
1, 0x7ffe25f92660, 2
98
SYSCALL
analyzed_bin
writev
108
1, 0x7ffe25f92660, 2
52
SYSCALL
analyzed_bin
writev
108
1, 0x7ffe25f92660, 2
98
SYSCALL
analyzed_bin
writev
108
1, 0x7ffe25f92660, 2
52
SYSCALL
analyzed_bin
writev
108
1, 0x7ffe25f92660, 2
98
SYSCALL
analyzed_bin
writev
108
1, 0x7ffe25f92660, 2
52
SYSCALL
analyzed_bin
writev
108
1, 0x7ffe25f92660, 2
98
SYSCALL
analyzed_bin
writev
108
1, 0x7ffe25f92660, 2
52
SYSCALL
analyzed_bin
writev
108
1, 0x7ffe25f92660, 2
98
SYSCALL
analyzed_bin
writev
108
1, 0x7ffe25f92660, 2
52
SYSCALL
analyzed_bin
writev
108
1, 0x7ffe25f92660, 2
98
SYSCALL
analyzed_bin
writev
108
1, 0x7ffe25f92660, 2
52
SYSCALL
analyzed_bin
writev
108
1, 0x7ffe25f92660, 2
98
SYSCALL
analyzed_bin
writev
108
1, 0x7ffe25f92660, 2
52
SYSCALL
analyzed_bin
writev
108
1, 0x7ffe25f92660, 2
98
SYSCALL
analyzed_bin
writev
108
1, 0x7ffe25f92660, 2
52
SYSCALL
analyzed_bin
writev
108
1, 0x7ffe25f92660, 2
98
SYSCALL
analyzed_bin
writev
108
1, 0x7ffe25f92660, 2
52
SYSCALL
analyzed_bin
writev
108
1, 0x7ffe25f92660, 2
98
SYSCALL
analyzed_bin
writev
108
1, 0x7ffe25f92660, 2
52
SYSCALL
analyzed_bin
writev
108
1, 0x7ffe25f92660, 2
98
SYSCALL
analyzed_bin
writev
108
1, 0x7ffe25f92660, 2
52
SYSCALL
analyzed_bin
writev
108
1, 0x7ffe25f92660, 2
98
SYSCALL
analyzed_bin
writev
108
1, 0x7ffe25f92660, 2
52
SYSCALL
analyzed_bin
writev
108
1, 0x7ffe25f92660, 2
98
SYSCALL
analyzed_bin
writev
108
1, 0x7ffe25f92660, 2
52
SYSCALL
analyzed_bin
writev
108
1, 0x7ffe25f92660, 2
98
SYSCALL
analyzed_bin
writev
108
1, 0x7ffe25f92660, 2
52
SYSCALL
analyzed_bin
writev
108
1, 0x7ffe25f92660, 2
98
SYSCALL
analyzed_bin
writev
108
1, 0x7ffe25f92660, 2
52
SYSCALL
analyzed_bin
writev
108
1, 0x7ffe25f92660, 2
98
SYSCALL
analyzed_bin
writev
108
1, 0x7ffe25f92660, 2
52
SYSCALL
analyzed_bin
writev
108
1, 0x7ffe25f92660, 2
98
SYSCALL
analyzed_bin
writev
108
1, 0x7ffe25f92660, 2
52
SYSCALL
analyzed_bin
writev
108
1, 0x7ffe25f92660, 2
98
SYSCALL
analyzed_bin
writev
108
1, 0x7ffe25f92660, 2
52
SYSCALL
analyzed_bin
writev
108
1, 0x7ffe25f92660, 2
98
SYSCALL
analyzed_bin
writev
108
1, 0x7ffe25f92660, 2
52
SYSCALL
analyzed_bin
writev
108
1, 0x7ffe25f92660, 2
98
SYSCALL
analyzed_bin
writev
108
1, 0x7ffe25f92660, 2
52
SYSCALL
analyzed_bin
writev
108
1, 0x7ffe25f92660, 2
98
SYSCALL
analyzed_bin
writev
108
1, 0x7ffe25f92660, 2
52
SYSCALL
analyzed_bin
writev
108
1, 0x7ffe25f92660, 2
98
SYSCALL
analyzed_bin
writev
108
1, 0x7ffe25f92660, 2
52
SYSCALL
analyzed_bin
writev
108
1, 0x7ffe25f92660, 2
98
SYSCALL
analyzed_bin
writev
108
1, 0x7ffe25f92660, 2
52
SYSCALL
analyzed_bin
writev
108
1, 0x7ffe25f92660, 2
98
SYSCALL
analyzed_bin
writev
108
1, 0x7ffe25f92660, 2
52
SYSCALL
analyzed_bin
writev
108
1, 0x7ffe25f92660, 2
98
SYSCALL
analyzed_bin
writev
108
1, 0x7ffe25f92660, 2
52
SYSCALL
analyzed_bin
writev
108
1, 0x7ffe25f92660, 2
98
SYSCALL
analyzed_bin
writev
108
1, 0x7ffe25f92660, 2
52
SYSCALL
analyzed_bin
writev
108
1, 0x7ffe25f92660, 2
98
SYSCALL
analyzed_bin
writev
108
1, 0x7ffe25f92660, 2
52
SYSCALL
analyzed_bin
writev
108
1, 0x7ffe25f92660, 2
98
SYSCALL
analyzed_bin
writev
108
1, 0x7ffe25f92660, 2
52
SYSCALL
analyzed_bin
writev
108
1, 0x7ffe25f92660, 2
98
SYSCALL
analyzed_bin
writev
108
1, 0x7ffe25f92660, 2
52
SYSCALL
analyzed_bin
writev
108
1, 0x7ffe25f92660, 2
98
SYSCALL
analyzed_bin
writev
108
1, 0x7ffe25f92660, 2
52
SYSCALL
analyzed_bin
writev
108
1, 0x7ffe25f92660, 2
98
SYSCALL
analyzed_bin
writev
108
1, 0x7ffe25f92660, 2
52
SYSCALL
analyzed_bin
writev
108
1, 0x7ffe25f92660, 2
98
SYSCALL
analyzed_bin
writev
108
1, 0x7ffe25f92660, 2
52
SYSCALL
analyzed_bin
writev
108
1, 0x7ffe25f92660, 2
98
SYSCALL
analyzed_bin
writev
108
1, 0x7ffe25f92660, 2
52
SYSCALL
analyzed_bin
writev
108
1, 0x7ffe25f92660, 2
98
SYSCALL
analyzed_bin
writev
108
1, 0x7ffe25f92660, 2
52
SYSCALL
analyzed_bin
writev
108
1, 0x7ffe25f92660, 2
98
SYSCALL
analyzed_bin
writev
108
1, 0x7ffe25f92660, 2
52
SYSCALL
analyzed_bin
writev
108
1, 0x7ffe25f92660, 2
98
SYSCALL
analyzed_bin
writev
108
1, 0x7ffe25f92660, 2
52
SYSCALL
analyzed_bin
writev
108
1, 0x7ffe25f92660, 2
98
SYSCALL
analyzed_bin
writev
108
1, 0x7ffe25f92660, 2
52
SYSCALL
analyzed_bin
writev
108
1, 0x7ffe25f92660, 2
98
SYSCALL
analyzed_bin
writev
108
1, 0x7ffe25f92660, 2
52
SYSCALL
analyzed_bin
writev
108
1, 0x7ffe25f92660, 2
98
SYSCALL
analyzed_bin
writev
108
1, 0x7ffe25f92660, 2
52
SYSCALL
analyzed_bin
writev
108
1, 0x7ffe25f92660, 2
98
SYSCALL
analyzed_bin
writev
108
1, 0x7ffe25f92660, 2
52
SYSCALL
analyzed_bin
writev
108
1, 0x7ffe25f92660, 2
98
SYSCALL
analyzed_bin
writev
108
1, 0x7ffe25f92660, 2
52
SYSCALL
analyzed_bin
writev
108
1, 0x7ffe25f92660, 2
98
SYSCALL
analyzed_bin
writev
108
1, 0x7ffe25f92660, 2
52
SYSCALL
analyzed_bin
writev
108
1, 0x7ffe25f92660, 2
98
SYSCALL
analyzed_bin
writev
108
1, 0x7ffe25f92660, 2
52
SYSCALL
analyzed_bin
writev
108
1, 0x7ffe25f92660, 2
98
SYSCALL
analyzed_bin
writev
108
1, 0x7ffe25f92660, 2
52
SYSCALL
analyzed_bin
writev
108
1, 0x7ffe25f92660, 2
98
SYSCALL
analyzed_bin
writev
108
1, 0x7ffe25f92660, 2
52
SYSCALL
analyzed_bin
writev
108
1, 0x7ffe25f92660, 2
98
SYSCALL
analyzed_bin
writev
108
1, 0x7ffe25f92660, 2
52
SYSCALL
analyzed_bin
writev
108
1, 0x7ffe25f92660, 2
98
SYSCALL
analyzed_bin
writev
108
1, 0x7ffe25f92660, 2
52
SYSCALL
analyzed_bin
writev
108
1, 0x7ffe25f92660, 2
98
SYSCALL
analyzed_bin
writev
108
1, 0x7ffe25f92660, 2
52
SYSCALL
analyzed_bin
writev
108
1, 0x7ffe25f92660, 2
98
SYSCALL
analyzed_bin
writev
108
1, 0x7ffe25f92660, 2
52
SYSCALL
analyzed_bin
writev
108
1, 0x7ffe25f92660, 2
98
SYSCALL
analyzed_bin
writev
108
1, 0x7ffe25f92660, 2
52
SYSCALL
analyzed_bin
writev
108
1, 0x7ffe25f92660, 2
98
SYSCALL
analyzed_bin
writev
108
1, 0x7ffe25f92660, 2
52
SYSCALL
analyzed_bin
writev
108
1, 0x7ffe25f92660, 2
98
SYSCALL
analyzed_bin
writev
108
1, 0x7ffe25f92660, 2
52
SYSCALL
analyzed_bin
writev
108
1, 0x7ffe25f92660, 2
98
SYSCALL
analyzed_bin
writev
108
1, 0x7ffe25f92660, 2
52
SYSCALL
analyzed_bin
writev
108
1, 0x7ffe25f92660, 2
98
SYSCALL
analyzed_bin
writev
108
1, 0x7ffe25f92660, 2
52
SYSCALL
analyzed_bin
writev
108
1, 0x7ffe25f92660, 2
98
SYSCALL
analyzed_bin
writev
108
1, 0x7ffe25f92660, 2
52
SYSCALL
analyzed_bin
writev
108
1, 0x7ffe25f92660, 2
98
SYSCALL
analyzed_bin
writev
108
1, 0x7ffe25f92660, 2
52
SYSCALL
analyzed_bin
writev
108
1, 0x7ffe25f92660, 2
98
SYSCALL
analyzed_bin
writev
108
1, 0x7ffe25f92660, 2
52
SYSCALL
analyzed_bin
writev
108
1, 0x7ffe25f92660, 2
98
SYSCALL
analyzed_bin
writev
108
1, 0x7ffe25f92660, 2
52
SYSCALL
analyzed_bin
writev
108
1, 0x7ffe25f92660, 2
98
SYSCALL
analyzed_bin
writev
108
1, 0x7ffe25f92660, 2
52
SYSCALL
analyzed_bin
writev
108
1, 0x7ffe25f92660, 2
98
SYSCALL
analyzed_bin
writev
108
1, 0x7ffe25f92660, 2
52
SYSCALL
analyzed_bin
writev
108
1, 0x7ffe25f92660, 2
98
SYSCALL
analyzed_bin
writev
108
1, 0x7ffe25f92660, 2
52
SYSCALL
analyzed_bin
writev
108
1, 0x7ffe25f92660, 2
98
SYSCALL
analyzed_bin
writev
108
1, 0x7ffe25f92660, 2
52
SYSCALL
analyzed_bin
writev
108
1, 0x7ffe25f92660, 2
98
SYSCALL
analyzed_bin
writev
108
1, 0x7ffe25f92660, 2
52
SYSCALL
analyzed_bin
writev
108
1, 0x7ffe25f92660, 2
98
SYSCALL
analyzed_bin
writev
108
1, 0x7ffe25f92660, 2
52
SYSCALL
analyzed_bin
writev
108
1, 0x7ffe25f92660, 2
98
SYSCALL
analyzed_bin
writev
108
1, 0x7ffe25f92660, 2
52
SYSCALL
analyzed_bin
writev
108
1, 0x7ffe25f92660, 2
98
SYSCALL
analyzed_bin
writev
108
1, 0x7ffe25f92660, 2
52
SYSCALL
analyzed_bin
writev
108
1, 0x7ffe25f92660, 2
98
SYSCALL
analyzed_bin
writev
108
1, 0x7ffe25f92660, 2
52
SYSCALL
analyzed_bin
writev
108
1, 0x7ffe25f92660, 2
98
SYSCALL
analyzed_bin
writev
108
1, 0x7ffe25f92660, 2
52
SYSCALL
analyzed_bin
writev
108
1, 0x7ffe25f92660, 2
98
SYSCALL
analyzed_bin
writev
108
1, 0x7ffe25f92660, 2
52
SYSCALL
analyzed_bin
writev
108
1, 0x7ffe25f92660, 2
98
SYSCALL
analyzed_bin
writev
108
1, 0x7ffe25f92660, 2
52
SYSCALL
analyzed_bin
writev
108
1, 0x7ffe25f92660, 2
98
SYSCALL
analyzed_bin
writev
108
1, 0x7ffe25f92660, 2
52
SYSCALL
analyzed_bin
writev
108
1, 0x7ffe25f92660, 2
98
SYSCALL
analyzed_bin
writev
108
1, 0x7ffe25f92660, 2
52
SYSCALL
analyzed_bin
writev
108
1, 0x7ffe25f92660, 2
98
SYSCALL
analyzed_bin
writev
108
1, 0x7ffe25f92660, 2
52
SYSCALL
analyzed_bin
writev
108
1, 0x7ffe25f92660, 2
98
SYSCALL
analyzed_bin
writev
108
1, 0x7ffe25f92660, 2
52
SYSCALL
analyzed_bin
writev
108
1, 0x7ffe25f92660, 2
98
SYSCALL
analyzed_bin
writev
108
1, 0x7ffe25f92660, 2
52
SYSCALL
analyzed_bin
writev
108
1, 0x7ffe25f92660, 2
98
SYSCALL
analyzed_bin
writev
108
1, 0x7ffe25f92660, 2
52
SYSCALL
analyzed_bin
writev
108
1, 0x7ffe25f92660, 2
98
SYSCALL
analyzed_bin
writev
108
1, 0x7ffe25f92660, 2
52
SYSCALL
analyzed_bin
writev
108
1, 0x7ffe25f92660, 2
98
SYSCALL
analyzed_bin
writev
108
1, 0x7ffe25f92660, 2
52
SYSCALL
analyzed_bin
writev
108
1, 0x7ffe25f92660, 2
98
SYSCALL
analyzed_bin
writev
108
1, 0x7ffe25f92660, 2
52
SYSCALL
analyzed_bin
writev
108
1, 0x7ffe25f92660, 2
98
SYSCALL
analyzed_bin
writev
108
1, 0x7ffe25f92660, 2
52
SYSCALL
analyzed_bin
writev
108
1, 0x7ffe25f92660, 2
98
SYSCALL
analyzed_bin
writev
108
1, 0x7ffe25f92660, 2
52
SYSCALL
analyzed_bin
writev
108
1, 0x7ffe25f92660, 2
98
SYSCALL
analyzed_bin
writev
108
1, 0x7ffe25f92660, 2
52
SYSCALL
analyzed_bin
writev
108
1, 0x7ffe25f92660, 2
98
SYSCALL
analyzed_bin
writev
108
1, 0x7ffe25f92660, 2
52
SYSCALL
analyzed_bin
writev
108
1, 0x7ffe25f92660, 2
98
SYSCALL
analyzed_bin
writev
108
1, 0x7ffe25f92660, 2
52
SYSCALL
analyzed_bin
writev
108
1, 0x7ffe25f92660, 2
98
SYSCALL
analyzed_bin
writev
108
1, 0x7ffe25f92660, 2
52
SYSCALL
analyzed_bin
writev
108
1, 0x7ffe25f92660, 2
98
SYSCALL
analyzed_bin
writev
108
1, 0x7ffe25f92660, 2
52
SYSCALL
analyzed_bin
writev
108
1, 0x7ffe25f92660, 2
98
SYSCALL
analyzed_bin
writev
108
1, 0x7ffe25f92660, 2
52
SYSCALL
analyzed_bin
writev
108
1, 0x7ffe25f92660, 2
98
SYSCALL
analyzed_bin
writev
108
1, 0x7ffe25f92660, 2
52
SYSCALL
analyzed_bin
writev
108
1, 0x7ffe25f92660, 2
98
SYSCALL
analyzed_bin
writev
108
1, 0x7ffe25f92660, 2
52
SYSCALL
analyzed_bin
writev
108
1, 0x7ffe25f92660, 2
98
SYSCALL
analyzed_bin
writev
108
1, 0x7ffe25f92660, 2
52
SYSCALL
analyzed_bin
writev
108
1, 0x7ffe25f92660, 2
98
SYSCALL
analyzed_bin
writev
108
1, 0x7ffe25f92660, 2
52
SYSCALL
analyzed_bin
writev
108
1, 0x7ffe25f92660, 2
98
SYSCALL
analyzed_bin
writev
108
1, 0x7ffe25f92660, 2
52
SYSCALL
analyzed_bin
writev
108
1, 0x7ffe25f92660, 2
98
SYSCALL
analyzed_bin
writev
108
1, 0x7ffe25f92660, 2
52
SYSCALL
analyzed_bin
writev
108
1, 0x7ffe25f92660, 2
98
SYSCALL
analyzed_bin
writev
108
1, 0x7ffe25f92660, 2
52
SYSCALL
analyzed_bin
writev
108
1, 0x7ffe25f92660, 2
98
SYSCALL
analyzed_bin
writev
108
1, 0x7ffe25f92660, 2
52
SYSCALL
analyzed_bin
writev
108
1, 0x7ffe25f92660, 2
98
SYSCALL
analyzed_bin
writev
108
1, 0x7ffe25f92660, 2
52
SYSCALL
analyzed_bin
writev
108
1, 0x7ffe25f92660, 2
98
SYSCALL
analyzed_bin
writev
108
1, 0x7ffe25f92660, 2
52
SYSCALL
analyzed_bin
writev
108
1, 0x7ffe25f92660, 2
98
SYSCALL
analyzed_bin
writev
108
1, 0x7ffe25f92660, 2
52
SYSCALL
analyzed_bin
writev
108
1, 0x7ffe25f92660, 2
98
SYSCALL
analyzed_bin
writev
108
1, 0x7ffe25f92660, 2
52
SYSCALL
analyzed_bin
writev
108
1, 0x7ffe25f92660, 2
98
SYSCALL
analyzed_bin
writev
108
1, 0x7ffe25f92660, 2
52
SYSCALL
analyzed_bin
writev
108
1, 0x7ffe25f92660, 2
98
SYSCALL
analyzed_bin
writev
108
1, 0x7ffe25f92660, 2
52
SYSCALL
analyzed_bin
writev
108
1, 0x7ffe25f92660, 2
98
SYSCALL
analyzed_bin
writev
108
1, 0x7ffe25f92660, 2
52
SYSCALL
analyzed_bin
writev
108
1, 0x7ffe25f92660, 2
98
SYSCALL
analyzed_bin
writev
108
1, 0x7ffe25f92660, 2
52
SYSCALL
analyzed_bin
writev
108
1, 0x7ffe25f92660, 2
98
SYSCALL
analyzed_bin
writev
108
1, 0x7ffe25f92660, 2
52
SYSCALL
analyzed_bin
writev
108
1, 0x7ffe25f92660, 2
98
SYSCALL
analyzed_bin
writev
108
1, 0x7ffe25f92660, 2
52
SYSCALL
analyzed_bin
writev
108
1, 0x7ffe25f92660, 2
98
SYSCALL
analyzed_bin
writev
108
1, 0x7ffe25f92660, 2
52
SYSCALL
analyzed_bin
writev
108
1, 0x7ffe25f92660, 2
98
SYSCALL
analyzed_bin
writev
108
1, 0x7ffe25f92660, 2
52
SYSCALL
analyzed_bin
writev
108
1, 0x7ffe25f92660, 2
98
SYSCALL
analyzed_bin
writev
108
1, 0x7ffe25f92660, 2
52
SYSCALL
analyzed_bin
writev
108
1, 0x7ffe25f92660, 2
98
SYSCALL
analyzed_bin
writev
108
1, 0x7ffe25f92660, 2
52
SYSCALL
analyzed_bin
writev
108
1, 0x7ffe25f92660, 2
98
SYSCALL
analyzed_bin
writev
108
1, 0x7ffe25f92660, 2
52
SYSCALL
analyzed_bin
writev
108
1, 0x7ffe25f92660, 2
98
SYSCALL
analyzed_bin
writev
108
1, 0x7ffe25f92660, 2
52
SYSCALL
analyzed_bin
writev
108
1, 0x7ffe25f92660, 2
98
SYSCALL
analyzed_bin
writev
108
1, 0x7ffe25f92660, 2
52
SYSCALL
analyzed_bin
writev
108
1, 0x7ffe25f92660, 2
98
SYSCALL
analyzed_bin
writev
108
1, 0x7ffe25f92660, 2
52
SYSCALL
analyzed_bin
writev
108
1, 0x7ffe25f92660, 2
98
SYSCALL
analyzed_bin
writev
108
1, 0x7ffe25f92660, 2
52
SYSCALL
analyzed_bin
writev
108
1, 0x7ffe25f92660, 2
98
SYSCALL
analyzed_bin
writev
108
1, 0x7ffe25f92660, 2
52
SYSCALL
analyzed_bin
writev
108
1, 0x7ffe25f92660, 2
98
SYSCALL
analyzed_bin
writev
108
1, 0x7ffe25f92660, 2
52
SYSCALL
analyzed_bin
writev
108
1, 0x7ffe25f92660, 2
98
SYSCALL
analyzed_bin
writev
108
1, 0x7ffe25f92660, 2
52
SYSCALL
analyzed_bin
writev
108
1, 0x7ffe25f92660, 2
98
SYSCALL
analyzed_bin
writev
108
1, 0x7ffe25f92660, 2
52
SYSCALL
analyzed_bin
writev
108
1, 0x7ffe25f92660, 2
98
SYSCALL
analyzed_bin
writev
108
1, 0x7ffe25f92660, 2
52
SYSCALL
analyzed_bin
writev
108
1, 0x7ffe25f92660, 2
98
SYSCALL
analyzed_bin
writev
108
1, 0x7ffe25f92660, 2
52
SYSCALL
analyzed_bin
writev
108
1, 0x7ffe25f92660, 2
98
SYSCALL
analyzed_bin
writev
108
1, 0x7ffe25f92660, 2
52
SYSCALL
analyzed_bin
writev
108
1, 0x7ffe25f92660, 2
98
SYSCALL
analyzed_bin
writev
108
1, 0x7ffe25f92660, 2
52
SYSCALL
analyzed_bin
writev
108
1, 0x7ffe25f92660, 2
98
SYSCALL
analyzed_bin
writev
108
1, 0x7ffe25f92660, 2
52
SYSCALL
analyzed_bin
writev
108
1, 0x7ffe25f92660, 2
98
SYSCALL
analyzed_bin
writev
108
1, 0x7ffe25f92660, 2
52
SYSCALL
analyzed_bin
writev
108
1, 0x7ffe25f92660, 2
98
SYSCALL
analyzed_bin
writev
108
1, 0x7ffe25f92660, 2
52
SYSCALL
analyzed_bin
writev
108
1, 0x7ffe25f92660, 2
98
SYSCALL
analyzed_bin
writev
108
1, 0x7ffe25f92660, 2
52
SYSCALL
analyzed_bin
writev
108
1, 0x7ffe25f92660, 2
98
SYSCALL
analyzed_bin
writev
108
1, 0x7ffe25f92660, 2
52
SYSCALL
analyzed_bin
writev
108
1, 0x7ffe25f92660, 2
98
SYSCALL
analyzed_bin
writev
108
1, 0x7ffe25f92660, 2
52
SYSCALL
analyzed_bin
writev
108
1, 0x7ffe25f92660, 2
98
SYSCALL
analyzed_bin
writev
108
1, 0x7ffe25f92660, 2
52
SYSCALL
analyzed_bin
writev
108
1, 0x7ffe25f92660, 2
98
SYSCALL
analyzed_bin
writev
108
1, 0x7ffe25f92660, 2
52
SYSCALL
analyzed_bin
writev
108
1, 0x7ffe25f92660, 2
98
SYSCALL
analyzed_bin
writev
108
1, 0x7ffe25f92660, 2
52
SYSCALL
analyzed_bin
writev
108
1, 0x7ffe25f92660, 2
98
SYSCALL
analyzed_bin
writev
108
1, 0x7ffe25f92660, 2
52
SYSCALL
analyzed_bin
writev
108
1, 0x7ffe25f92660, 2
98
SYSCALL
analyzed_bin
writev
108
1, 0x7ffe25f92660, 2
52
SYSCALL
analyzed_bin
writev
108
1, 0x7ffe25f92660, 2
98
SYSCALL
analyzed_bin
writev
108
1, 0x7ffe25f92660, 2
52
SYSCALL
analyzed_bin
writev
108
1, 0x7ffe25f92660, 2
98
SYSCALL
analyzed_bin
writev
108
1, 0x7ffe25f92660, 2
52
SYSCALL
analyzed_bin
writev
108
1, 0x7ffe25f92660, 2
98
SYSCALL
analyzed_bin
writev
108
1, 0x7ffe25f92660, 2
52
SYSCALL
analyzed_bin
writev
108
1, 0x7ffe25f92660, 2
98
SYSCALL
analyzed_bin
writev
108
1, 0x7ffe25f92660, 2
52
SYSCALL
analyzed_bin
writev
108
1, 0x7ffe25f92660, 2
98
SYSCALL
analyzed_bin
writev
108
1, 0x7ffe25f92660, 2
52
SYSCALL
analyzed_bin
writev
108
1, 0x7ffe25f92660, 2
98
SYSCALL
analyzed_bin
writev
108
1, 0x7ffe25f92660, 2
52
SYSCALL
analyzed_bin
writev
108
1, 0x7ffe25f92660, 2
98
SYSCALL
analyzed_bin
writev
108
1, 0x7ffe25f92660, 2
52
SYSCALL
analyzed_bin
writev
108
1, 0x7ffe25f92660, 2
98
SYSCALL
analyzed_bin
writev
108
1, 0x7ffe25f92660, 2
52
SYSCALL
analyzed_bin
writev
108
1, 0x7ffe25f92660, 2
98
SYSCALL
analyzed_bin
writev
108
1, 0x7ffe25f92660, 2
52
SYSCALL
analyzed_bin
writev
108
1, 0x7ffe25f92660, 2
98
SYSCALL
analyzed_bin
writev
108
1, 0x7ffe25f92660, 2
52
SYSCALL
analyzed_bin
writev
108
1, 0x7ffe25f92660, 2
98
SYSCALL
analyzed_bin
writev
108
1, 0x7ffe25f92660, 2
52
SYSCALL
analyzed_bin
writev
108
1, 0x7ffe25f92660, 2
98
SYSCALL
analyzed_bin
writev
108
1, 0x7ffe25f92660, 2
52
SYSCALL
analyzed_bin
writev
108
1, 0x7ffe25f92660, 2
98
SYSCALL
analyzed_bin
writev
108
1, 0x7ffe25f92660, 2
52
SYSCALL
analyzed_bin
writev
108
1, 0x7ffe25f92660, 2
98
SYSCALL
analyzed_bin
writev
108
1, 0x7ffe25f92660, 2
52
SYSCALL
analyzed_bin
writev
108
1, 0x7ffe25f92660, 2
98
SYSCALL
analyzed_bin
writev
108
1, 0x7ffe25f92660, 2
52
SYSCALL
analyzed_bin
writev
108
1, 0x7ffe25f92660, 2
98
SYSCALL
analyzed_bin
writev
108
1, 0x7ffe25f92660, 2
52
SYSCALL
analyzed_bin
writev
108
1, 0x7ffe25f92660, 2
98
SYSCALL
analyzed_bin
writev
108
1, 0x7ffe25f92660, 2
52
SYSCALL
analyzed_bin
writev
108
1, 0x7ffe25f92660, 2
98
SYSCALL
analyzed_bin
writev
108
1, 0x7ffe25f92660, 2
52
SYSCALL
analyzed_bin
writev
108
1, 0x7ffe25f92660, 2
98
SYSCALL
analyzed_bin
writev
108
1, 0x7ffe25f92660, 2
52
SYSCALL
analyzed_bin
writev
108
1, 0x7ffe25f92660, 2
98
SYSCALL
analyzed_bin
writev
108
1, 0x7ffe25f92660, 2
52
SYSCALL
analyzed_bin
writev
108
1, 0x7ffe25f92660, 2
98
SYSCALL
analyzed_bin
writev
108
1, 0x7ffe25f92660, 2
52
SYSCALL
analyzed_bin
writev
108
1, 0x7ffe25f92660, 2
98
SYSCALL
analyzed_bin
writev
108
1, 0x7ffe25f92660, 2
52
SYSCALL
analyzed_bin
writev
108
1, 0x7ffe25f92660, 2
98
SYSCALL
analyzed_bin
writev
108
1, 0x7ffe25f92660, 2
52
SYSCALL
analyzed_bin
writev
108
1, 0x7ffe25f92660, 2
98
SYSCALL
analyzed_bin
writev
108
1, 0x7ffe25f92660, 2
52
SYSCALL
analyzed_bin
writev
108
1, 0x7ffe25f92660, 2
98
SYSCALL
analyzed_bin
writev
108
1, 0x7ffe25f92660, 2
52
SYSCALL
analyzed_bin
writev
108
1, 0x7ffe25f92660, 2
98
SYSCALL
analyzed_bin
writev
108
1, 0x7ffe25f92660, 2
52
SYSCALL
analyzed_bin
writev
108
1, 0x7ffe25f92660, 2
98
SYSCALL
analyzed_bin
writev
108
1, 0x7ffe25f92660, 2
52
SYSCALL
analyzed_bin
writev
108
1, 0x7ffe25f92660, 2
98
SYSCALL
analyzed_bin
writev
108
1, 0x7ffe25f92660, 2
52
SYSCALL
analyzed_bin
writev
108
1, 0x7ffe25f92660, 2
98
SYSCALL
analyzed_bin
writev
108
1, 0x7ffe25f92660, 2
52
SYSCALL
analyzed_bin
writev
108
1, 0x7ffe25f92660, 2
98
SYSCALL
analyzed_bin
writev
108
1, 0x7ffe25f92660, 2
52
SYSCALL
analyzed_bin
writev
108
1, 0x7ffe25f92660, 2
98
SYSCALL
analyzed_bin
writev
108
1, 0x7ffe25f92660, 2
52
SYSCALL
analyzed_bin
writev
108
1, 0x7ffe25f92660, 2
98
SYSCALL
analyzed_bin
writev
108
1, 0x7ffe25f92660, 2
52
SYSCALL
analyzed_bin
writev
108
1, 0x7ffe25f92660, 2
98
SYSCALL
analyzed_bin
writev
108
1, 0x7ffe25f92660, 2
52
SYSCALL
analyzed_bin
writev
108
1, 0x7ffe25f92660, 2
98
SYSCALL
analyzed_bin
writev
108
1, 0x7ffe25f92660, 2
52
SYSCALL
analyzed_bin
writev
108
1, 0x7ffe25f92660, 2
98
SYSCALL
analyzed_bin
writev
108
1, 0x7ffe25f92660, 2
52
SYSCALL
analyzed_bin
writev
108
1, 0x7ffe25f92660, 2
98
SYSCALL
analyzed_bin
writev
108
1, 0x7ffe25f92660, 2
52
SYSCALL
analyzed_bin
writev
108
1, 0x7ffe25f92660, 2
98
SYSCALL
analyzed_bin
writev
108
1, 0x7ffe25f92660, 2
52
SYSCALL
analyzed_bin
writev
108
1, 0x7ffe25f92660, 2
98
SYSCALL
analyzed_bin
writev
108
1, 0x7ffe25f92660, 2
52
SYSCALL
analyzed_bin
writev
108
1, 0x7ffe25f92660, 2
98
SYSCALL
analyzed_bin
writev
108
1, 0x7ffe25f92660, 2
52
SYSCALL
analyzed_bin
writev
108
1, 0x7ffe25f92660, 2
98
SYSCALL
analyzed_bin
writev
108
1, 0x7ffe25f92660, 2
52
SYSCALL
analyzed_bin
writev
108
1, 0x7ffe25f92660, 2
98
SYSCALL
analyzed_bin
writev
108
1, 0x7ffe25f92660, 2
52
SYSCALL
analyzed_bin
writev
108
1, 0x7ffe25f92660, 2
98
SYSCALL
analyzed_bin
writev
108
1, 0x7ffe25f92660, 2
52
SYSCALL
analyzed_bin
writev
108
1, 0x7ffe25f92660, 2
98
SYSCALL
analyzed_bin
writev
108
1, 0x7ffe25f92660, 2
52
SYSCALL
analyzed_bin
writev
108
1, 0x7ffe25f92660, 2
98
SYSCALL
analyzed_bin
writev
108
1, 0x7ffe25f92660, 2
52
SYSCALL
analyzed_bin
writev
108
1, 0x7ffe25f92660, 2
98
SYSCALL
analyzed_bin
writev
108
1, 0x7ffe25f92660, 2
52
SYSCALL
analyzed_bin
writev
108
1, 0x7ffe25f92660, 2
98
SYSCALL
analyzed_bin
writev
108
1, 0x7ffe25f92660, 2
52
SYSCALL
analyzed_bin
writev
108
1, 0x7ffe25f92660, 2
98
SYSCALL
analyzed_bin
writev
108
1, 0x7ffe25f92660, 2
52
SYSCALL
analyzed_bin
writev
108
1, 0x7ffe25f92660, 2
98
SYSCALL
analyzed_bin
writev
108
1, 0x7ffe25f92660, 2
52
SYSCALL
analyzed_bin
writev
108
1, 0x7ffe25f92660, 2
98
SYSCALL
analyzed_bin
writev
108
1, 0x7ffe25f92660, 2
52
SYSCALL
analyzed_bin
writev
108
1, 0x7ffe25f92660, 2
98
SYSCALL
analyzed_bin
writev
108
1, 0x7ffe25f92660, 2
52
SYSCALL
analyzed_bin
writev
108
1, 0x7ffe25f92660, 2
98
SYSCALL
analyzed_bin
writev
108
1, 0x7ffe25f92660, 2
52
SYSCALL
analyzed_bin
writev
108
1, 0x7ffe25f92660, 2
98
SYSCALL
analyzed_bin
writev
108
1, 0x7ffe25f92660, 2
52
SYSCALL
analyzed_bin
writev
108
1, 0x7ffe25f92660, 2
98
SYSCALL
analyzed_bin
writev
108
1, 0x7ffe25f92660, 2
52
SYSCALL
analyzed_bin
writev
108
1, 0x7ffe25f92660, 2
98
SYSCALL
analyzed_bin
writev
108
1, 0x7ffe25f92660, 2
52
SYSCALL
analyzed_bin
writev
108
1, 0x7ffe25f92660, 2
98
SYSCALL
analyzed_bin
writev
108
1, 0x7ffe25f92660, 2
52
SYSCALL
analyzed_bin
writev
108
1, 0x7ffe25f92660, 2
98
SYSCALL
analyzed_bin
writev
108
1, 0x7ffe25f92660, 2
52
SYSCALL
analyzed_bin
writev
108
1, 0x7ffe25f92660, 2
98
SYSCALL
analyzed_bin
writev
108
1, 0x7ffe25f92660, 2
52
SYSCALL
analyzed_bin
writev
108
1, 0x7ffe25f92660, 2
98
SYSCALL
analyzed_bin
writev
108
1, 0x7ffe25f92660, 2
52
SYSCALL
analyzed_bin
writev
108
1, 0x7ffe25f92660, 2
98
SYSCALL
analyzed_bin
writev
108
1, 0x7ffe25f92660, 2
52
SYSCALL
analyzed_bin
writev
108
1, 0x7ffe25f92660, 2
98
SYSCALL
analyzed_bin
writev
108
1, 0x7ffe25f92660, 2
52
SYSCALL
analyzed_bin
writev
108
1, 0x7ffe25f92660, 2
98
SYSCALL
analyzed_bin
writev
108
1, 0x7ffe25f92660, 2
52
SYSCALL
analyzed_bin
writev
108
1, 0x7ffe25f92660, 2
98
SYSCALL
analyzed_bin
writev
108
1, 0x7ffe25f92660, 2
52
SYSCALL
analyzed_bin
writev
108
1, 0x7ffe25f92660, 2
98
SYSCALL
analyzed_bin
writev
108
1, 0x7ffe25f92660, 2
52
SYSCALL
analyzed_bin
writev
108
1, 0x7ffe25f92660, 2
98
SYSCALL
analyzed_bin
writev
108
1, 0x7ffe25f92660, 2
52
SYSCALL
analyzed_bin
writev
108
1, 0x7ffe25f92660, 2
98
SYSCALL
analyzed_bin
writev
108
1, 0x7ffe25f92660, 2
52
SYSCALL
analyzed_bin
writev
108
1, 0x7ffe25f92660, 2
98
SYSCALL
analyzed_bin
writev
108
1, 0x7ffe25f92660, 2
52
SYSCALL
analyzed_bin
writev
108
1, 0x7ffe25f92660, 2
98
SYSCALL
analyzed_bin
writev
108
1, 0x7ffe25f92660, 2
52
SYSCALL
analyzed_bin
writev
108
1, 0x7ffe25f92660, 2
98
SYSCALL
analyzed_bin
writev
108
1, 0x7ffe25f92660, 2
52
SYSCALL
analyzed_bin
writev
108
1, 0x7ffe25f92660, 2
98
SYSCALL
analyzed_bin
writev
108
1, 0x7ffe25f92660, 2
52
SYSCALL
analyzed_bin
writev
108
1, 0x7ffe25f92660, 2
98
SYSCALL
analyzed_bin
writev
108
1, 0x7ffe25f92660, 2
52
SYSCALL
analyzed_bin
writev
108
1, 0x7ffe25f92660, 2
98
SYSCALL
analyzed_bin
writev
108
1, 0x7ffe25f92660, 2
52
SYSCALL
analyzed_bin
writev
108
1, 0x7ffe25f92660, 2
98
SYSCALL
analyzed_bin
writev
108
1, 0x7ffe25f92660, 2
52
SYSCALL
analyzed_bin
writev
108
1, 0x7ffe25f92660, 2
98
SYSCALL
analyzed_bin
writev
108
1, 0x7ffe25f92660, 2
52
SYSCALL
analyzed_bin
writev
108
1, 0x7ffe25f92660, 2
98
SYSCALL
analyzed_bin
writev
108
1, 0x7ffe25f92660, 2
52
SYSCALL
analyzed_bin
writev
108
1, 0x7ffe25f92660, 2
98
SYSCALL
analyzed_bin
writev
108
1, 0x7ffe25f92660, 2
52
SYSCALL
analyzed_bin
writev
108
1, 0x7ffe25f92660, 2
98
SYSCALL
analyzed_bin
writev
108
1, 0x7ffe25f92660, 2
52
SYSCALL
analyzed_bin
writev
108
1, 0x7ffe25f92660, 2
98
SYSCALL
analyzed_bin
writev
108
1, 0x7ffe25f92660, 2
52
SYSCALL
analyzed_bin
writev
108
1, 0x7ffe25f92660, 2
98
SYSCALL
analyzed_bin
writev
108
1, 0x7ffe25f92660, 2
52
SYSCALL
analyzed_bin
writev
108
1, 0x7ffe25f92660, 2
98
SYSCALL
analyzed_bin
writev
108
1, 0x7ffe25f92660, 2
52
SYSCALL
analyzed_bin
writev
108
1, 0x7ffe25f92660, 2
98
SYSCALL
analyzed_bin
writev
108
1, 0x7ffe25f92660, 2
52
SYSCALL
analyzed_bin
writev
108
1, 0x7ffe25f92660, 2
98
SYSCALL
analyzed_bin
writev
108
1, 0x7ffe25f92660, 2
52
SYSCALL
analyzed_bin
writev
108
1, 0x7ffe25f92660, 2
98
SYSCALL
analyzed_bin
writev
108
1, 0x7ffe25f92660, 2
52
SYSCALL
analyzed_bin
writev
108
1, 0x7ffe25f92660, 2
98
SYSCALL
analyzed_bin
writev
108
1, 0x7ffe25f92660, 2
52
SYSCALL
analyzed_bin
writev
108
1, 0x7ffe25f92660, 2
98
SYSCALL
analyzed_bin
writev
108
1, 0x7ffe25f92660, 2
52
SYSCALL
analyzed_bin
writev
108
1, 0x7ffe25f92660, 2
98
SYSCALL
analyzed_bin
writev
108
1, 0x7ffe25f92660, 2
52
SYSCALL
analyzed_bin
writev
108
1, 0x7ffe25f92660, 2
98
SYSCALL
analyzed_bin
writev
108
1, 0x7ffe25f92660, 2
52
SYSCALL
analyzed_bin
writev
108
1, 0x7ffe25f92660, 2
98
SYSCALL
analyzed_bin
writev
108
1, 0x7ffe25f92660, 2
52
SYSCALL
analyzed_bin
writev
108
1, 0x7ffe25f92660, 2
98
SYSCALL
analyzed_bin
writev
108
1, 0x7ffe25f92660, 2
52
SYSCALL
analyzed_bin
writev
108
1, 0x7ffe25f92660, 2
98
SYSCALL
analyzed_bin
writev
108
1, 0x7ffe25f92660, 2
52
SYSCALL
analyzed_bin
writev
108
1, 0x7ffe25f92660, 2
98
SYSCALL
analyzed_bin
writev
108
1, 0x7ffe25f92660, 2
52
SYSCALL
analyzed_bin
writev
108
1, 0x7ffe25f92660, 2
98
SYSCALL
analyzed_bin
writev
108
1, 0x7ffe25f92660, 2
52
SYSCALL
analyzed_bin
writev
108
1, 0x7ffe25f92660, 2
98
SYSCALL
analyzed_bin
writev
108
1, 0x7ffe25f92660, 2
52
SYSCALL
analyzed_bin
writev
108
1, 0x7ffe25f92660, 2
98
SYSCALL
analyzed_bin
writev
108
1, 0x7ffe25f92660, 2
52
SYSCALL
analyzed_bin
writev
108
1, 0x7ffe25f92660, 2
98
SYSCALL
analyzed_bin
writev
108
1, 0x7ffe25f92660, 2
52
SYSCALL
analyzed_bin
writev
108
1, 0x7ffe25f92660, 2
98
SYSCALL
analyzed_bin
writev
108
1, 0x7ffe25f92660, 2
52
SYSCALL
analyzed_bin
writev
108
1, 0x7ffe25f92660, 2
98
SYSCALL
analyzed_bin
writev
108
1, 0x7ffe25f92660, 2
52
SYSCALL
analyzed_bin
writev
108
1, 0x7ffe25f92660, 2
98
SYSCALL
analyzed_bin
writev
108
1, 0x7ffe25f92660, 2
52
SYSCALL
analyzed_bin
writev
108
1, 0x7ffe25f92660, 2
98
SYSCALL
analyzed_bin
writev
108
1, 0x7ffe25f92660, 2
52
SYSCALL
analyzed_bin
writev
108
1, 0x7ffe25f92660, 2
98
SYSCALL
analyzed_bin
writev
108
1, 0x7ffe25f92660, 2
52
SYSCALL
analyzed_bin
writev
108
1, 0x7ffe25f92660, 2
98
SYSCALL
analyzed_bin
writev
108
1, 0x7ffe25f92660, 2
52
SYSCALL
analyzed_bin
writev
108
1, 0x7ffe25f92660, 2
98
SYSCALL
analyzed_bin
writev
108
1, 0x7ffe25f92660, 2
52
SYSCALL
analyzed_bin
writev
108
1, 0x7ffe25f92660, 2
98
SYSCALL
analyzed_bin
writev
108
1, 0x7ffe25f92660, 2
52
SYSCALL
analyzed_bin
writev
108
1, 0x7ffe25f92660, 2
98
SYSCALL
analyzed_bin
writev
108
1, 0x7ffe25f92660, 2
52
SYSCALL
analyzed_bin
writev
108
1, 0x7ffe25f92660, 2
98
SYSCALL
analyzed_bin
writev
108
1, 0x7ffe25f92660, 2
52
SYSCALL
analyzed_bin
writev
108
1, 0x7ffe25f92660, 2
98
SYSCALL
analyzed_bin
writev
108
1, 0x7ffe25f92660, 2
52
SYSCALL
analyzed_bin
writev
108
1, 0x7ffe25f92660, 2
98
SYSCALL
analyzed_bin
writev
108
1, 0x7ffe25f92660, 2
52
SYSCALL
analyzed_bin
writev
108
1, 0x7ffe25f92660, 2
98
SYSCALL
analyzed_bin
writev
108
1, 0x7ffe25f92660, 2
52
SYSCALL
analyzed_bin
writev
108
1, 0x7ffe25f92660, 2
98
SYSCALL
analyzed_bin
writev
108
1, 0x7ffe25f92660, 2
52
SYSCALL
analyzed_bin
writev
108
1, 0x7ffe25f92660, 2
98
SYSCALL
analyzed_bin
writev
108
1, 0x7ffe25f92660, 2
52
SYSCALL
analyzed_bin
writev
108
1, 0x7ffe25f92660, 2
98
SYSCALL
analyzed_bin
writev
108
1, 0x7ffe25f92660, 2
52
SYSCALL
analyzed_bin
writev
108
1, 0x7ffe25f92660, 2
98
SYSCALL
analyzed_bin
writev
108
1, 0x7ffe25f92660, 2
52
SYSCALL
analyzed_bin
writev
108
1, 0x7ffe25f92660, 2
98
SYSCALL
analyzed_bin
writev
108
1, 0x7ffe25f92660, 2
52
SYSCALL
analyzed_bin
writev
108
1, 0x7ffe25f92660, 2
98
SYSCALL
analyzed_bin
writev
108
1, 0x7ffe25f92660, 2
52
SYSCALL
analyzed_bin
writev
108
1, 0x7ffe25f92660, 2
98
SYSCALL
analyzed_bin
writev
108
1, 0x7ffe25f92660, 2
52
SYSCALL
analyzed_bin
writev
108
1, 0x7ffe25f92660, 2
98
SYSCALL
analyzed_bin
writev
108
1, 0x7ffe25f92660, 2
52
SYSCALL
analyzed_bin
writev
108
1, 0x7ffe25f92660, 2
98
SYSCALL
analyzed_bin
writev
108
1, 0x7ffe25f92660, 2
52
SYSCALL
analyzed_bin
writev
108
1, 0x7ffe25f92660, 2
98
SYSCALL
analyzed_bin
writev
108
1, 0x7ffe25f92660, 2
52
SYSCALL
analyzed_bin
writev
108
1, 0x7ffe25f92660, 2
98
SYSCALL
analyzed_bin
writev
108
1, 0x7ffe25f92660, 2
52
SYSCALL
analyzed_bin
writev
108
1, 0x7ffe25f92660, 2
98
SYSCALL
analyzed_bin
writev
108
1, 0x7ffe25f92660, 2
52
SYSCALL
analyzed_bin
writev
108
1, 0x7ffe25f92660, 2
98
SYSCALL
analyzed_bin
writev
108
1, 0x7ffe25f92660, 2
52
SYSCALL
analyzed_bin
writev
108
1, 0x7ffe25f92660, 2
98
SYSCALL
analyzed_bin
writev
108
1, 0x7ffe25f92660, 2
52
SYSCALL
analyzed_bin
writev
108
1, 0x7ffe25f92660, 2
98
SYSCALL
analyzed_bin
writev
108
1, 0x7ffe25f92660, 2
52
SYSCALL
analyzed_bin
writev
108
1, 0x7ffe25f92660, 2
98
SYSCALL
analyzed_bin
writev
108
1, 0x7ffe25f92660, 2
52
SYSCALL
analyzed_bin
writev
108
1, 0x7ffe25f92660, 2
98
SYSCALL
analyzed_bin
writev
108
1, 0x7ffe25f92660, 2
52
SYSCALL
analyzed_bin
writev
108
1, 0x7ffe25f92660, 2
98
SYSCALL
analyzed_bin
writev
108
1, 0x7ffe25f92660, 2
52
SYSCALL
analyzed_bin
writev
108
1, 0x7ffe25f92660, 2
98
SYSCALL
analyzed_bin
writev
108
1, 0x7ffe25f92660, 2
52
SYSCALL
analyzed_bin
writev
108
1, 0x7ffe25f92660, 2
98
SYSCALL
analyzed_bin
writev
108
1, 0x7ffe25f92660, 2
52
SYSCALL
analyzed_bin
writev
108
1, 0x7ffe25f92660, 2
98
SYSCALL
analyzed_bin
writev
108
1, 0x7ffe25f92660, 2
52
SYSCALL
analyzed_bin
writev
108
1, 0x7ffe25f92660, 2
98
SYSCALL
analyzed_bin
writev
108
1, 0x7ffe25f92660, 2
52
SYSCALL
analyzed_bin
writev
108
1, 0x7ffe25f92660, 2
98
SYSCALL
analyzed_bin
writev
108
1, 0x7ffe25f92660, 2
52
SYSCALL
analyzed_bin
writev
108
1, 0x7ffe25f92660, 2
98
SYSCALL
analyzed_bin
writev
108
1, 0x7ffe25f92660, 2
52
SYSCALL
analyzed_bin
writev
108
1, 0x7ffe25f92660, 2
98
SYSCALL
analyzed_bin
writev
108
1, 0x7ffe25f92660, 2
52
SYSCALL
analyzed_bin
writev
108
1, 0x7ffe25f92660, 2
98
SYSCALL
analyzed_bin
writev
108
1, 0x7ffe25f92660, 2
52
SYSCALL
analyzed_bin
writev
108
1, 0x7ffe25f92660, 2
98
SYSCALL
analyzed_bin
writev
108
1, 0x7ffe25f92660, 2
52
SYSCALL
analyzed_bin
writev
108
1, 0x7ffe25f92660, 2
98
SYSCALL
analyzed_bin
writev
108
1, 0x7ffe25f92660, 2
52
SYSCALL
analyzed_bin
writev
108
1, 0x7ffe25f92660, 2
98
SYSCALL
analyzed_bin
writev
108
1, 0x7ffe25f92660, 2
52
SYSCALL
analyzed_bin
writev
108
1, 0x7ffe25f92660, 2
98
SYSCALL
analyzed_bin
writev
108
1, 0x7ffe25f92660, 2
52
SYSCALL
analyzed_bin
writev
108
1, 0x7ffe25f92660, 2
98
SYSCALL
analyzed_bin
writev
108
1, 0x7ffe25f92660, 2
52
SYSCALL
analyzed_bin
writev
108
1, 0x7ffe25f92660, 2
98
SYSCALL
analyzed_bin
writev
108
1, 0x7ffe25f92660, 2
52
SYSCALL
analyzed_bin
writev
108
1, 0x7ffe25f92660, 2
98
SYSCALL
analyzed_bin
writev
108
1, 0x7ffe25f92660, 2
52
SYSCALL
analyzed_bin
writev
108
1, 0x7ffe25f92660, 2
98
SYSCALL
analyzed_bin
writev
108
1, 0x7ffe25f92660, 2
52
SYSCALL
analyzed_bin
writev
108
1, 0x7ffe25f92660, 2
98
SYSCALL
analyzed_bin
writev
108
1, 0x7ffe25f92660, 2
52
SYSCALL
analyzed_bin
writev
108
1, 0x7ffe25f92660, 2
98
SYSCALL
analyzed_bin
writev
108
1, 0x7ffe25f92660, 2
52
SYSCALL
analyzed_bin
writev
108
1, 0x7ffe25f92660, 2
98
SYSCALL
analyzed_bin
writev
108
1, 0x7ffe25f92660, 2
52
SYSCALL
analyzed_bin
writev
108
1, 0x7ffe25f92660, 2
98
SYSCALL
analyzed_bin
writev
108
1, 0x7ffe25f92660, 2
52
SYSCALL
analyzed_bin
writev
108
1, 0x7ffe25f92660, 2
98
SYSCALL
analyzed_bin
writev
108
1, 0x7ffe25f92660, 2
52
SYSCALL
analyzed_bin
writev
108
1, 0x7ffe25f92660, 2
98
SYSCALL
analyzed_bin
writev
108
1, 0x7ffe25f92660, 2
52
SYSCALL
analyzed_bin
writev
108
1, 0x7ffe25f92660, 2
98
SYSCALL
analyzed_bin
writev
108
1, 0x7ffe25f92660, 2
52
SYSCALL
analyzed_bin
writev
108
1, 0x7ffe25f92660, 2
98
SYSCALL
analyzed_bin
writev
108
1, 0x7ffe25f92660, 2
52
SYSCALL
analyzed_bin
writev
108
1, 0x7ffe25f92660, 2
98
SYSCALL
analyzed_bin
writev
108
1, 0x7ffe25f92660, 2
52
SYSCALL
analyzed_bin
writev
108
1, 0x7ffe25f92660, 2
98
SYSCALL
analyzed_bin
writev
108
1, 0x7ffe25f92660, 2
52
SYSCALL
analyzed_bin
writev
108
1, 0x7ffe25f92660, 2
98
SYSCALL
analyzed_bin
writev
108
1, 0x7ffe25f92660, 2
52
SYSCALL
analyzed_bin
writev
108
1, 0x7ffe25f92660, 2
98
SYSCALL
analyzed_bin
writev
108
1, 0x7ffe25f92660, 2
52
SYSCALL
analyzed_bin
writev
108
1, 0x7ffe25f92660, 2
98
SYSCALL
analyzed_bin
writev
108
1, 0x7ffe25f92660, 2
52
SYSCALL
analyzed_bin
writev
108
1, 0x7ffe25f92660, 2
98
SYSCALL
analyzed_bin
writev
108
1, 0x7ffe25f92660, 2
52
SYSCALL
analyzed_bin
writev
108
1, 0x7ffe25f92660, 2
98
SYSCALL
analyzed_bin
writev
108
1, 0x7ffe25f92660, 2
52
SYSCALL
analyzed_bin
writev
108
1, 0x7ffe25f92660, 2
98
SYSCALL
analyzed_bin
writev
108
1, 0x7ffe25f92660, 2
52
SYSCALL
analyzed_bin
writev
108
1, 0x7ffe25f92660, 2
98
SYSCALL
analyzed_bin
writev
108
1, 0x7ffe25f92660, 2
52
SYSCALL
analyzed_bin
writev
108
1, 0x7ffe25f92660, 2
98
SYSCALL
analyzed_bin
writev
108
1, 0x7ffe25f92660, 2
52
SYSCALL
analyzed_bin
writev
108
1, 0x7ffe25f92660, 2
98
SYSCALL
analyzed_bin
writev
108
1, 0x7ffe25f92660, 2
52
SYSCALL
analyzed_bin
writev
108
1, 0x7ffe25f92660, 2
98
SYSCALL
analyzed_bin
writev
108
1, 0x7ffe25f92660, 2
52
SYSCALL
analyzed_bin
writev
108
1, 0x7ffe25f92660, 2
98
SYSCALL
analyzed_bin
writev
108
1, 0x7ffe25f92660, 2
52
SYSCALL
analyzed_bin
writev
108
1, 0x7ffe25f92660, 2
98
SYSCALL
analyzed_bin
writev
108
1, 0x7ffe25f92660, 2
52
SYSCALL
analyzed_bin
writev
108
1, 0x7ffe25f92660, 2
98
SYSCALL
analyzed_bin
writev
108
1, 0x7ffe25f92660, 2
52
SYSCALL
analyzed_bin
writev
108
1, 0x7ffe25f92660, 2
98
SYSCALL
analyzed_bin
writev
108
1, 0x7ffe25f92660, 2
52
SYSCALL
analyzed_bin
writev
108
1, 0x7ffe25f92660, 2
98
SYSCALL
analyzed_bin
writev
108
1, 0x7ffe25f92660, 2
52
SYSCALL
analyzed_bin
writev
108
1, 0x7ffe25f92660, 2
98
SYSCALL
analyzed_bin
writev
108
1, 0x7ffe25f92660, 2
52
SYSCALL
analyzed_bin
writev
108
1, 0x7ffe25f92660, 2
98
SYSCALL
analyzed_bin
writev
108
1, 0x7ffe25f92660, 2
52
SYSCALL
analyzed_bin
writev
108
1, 0x7ffe25f92660, 2
98
SYSCALL
analyzed_bin
writev
108
1, 0x7ffe25f92660, 2
52
SYSCALL
analyzed_bin
writev
108
1, 0x7ffe25f92660, 2
98
SYSCALL
analyzed_bin
writev
108
1, 0x7ffe25f92660, 2
52
SYSCALL
analyzed_bin
writev
108
1, 0x7ffe25f92660, 2
98
SYSCALL
analyzed_bin
writev
108
1, 0x7ffe25f92660, 2
52
SYSCALL
analyzed_bin
writev
108
1, 0x7ffe25f92660, 2
98
SYSCALL
analyzed_bin
writev
108
1, 0x7ffe25f92660, 2
52
SYSCALL
analyzed_bin
writev
108
1, 0x7ffe25f92660, 2
98
SYSCALL
analyzed_bin
writev
108
1, 0x7ffe25f92660, 2
52
SYSCALL
analyzed_bin
writev
108
1, 0x7ffe25f92660, 2
98
SYSCALL
analyzed_bin
writev
108
1, 0x7ffe25f92660, 2
52
SYSCALL
analyzed_bin
writev
108
1, 0x7ffe25f92660, 2
98
SYSCALL
analyzed_bin
writev
108
1, 0x7ffe25f92660, 2
52
SYSCALL
analyzed_bin
writev
108
1, 0x7ffe25f92660, 2
98
SYSCALL
analyzed_bin
writev
108
1, 0x7ffe25f92660, 2
52
SYSCALL
analyzed_bin
writev
108
1, 0x7ffe25f92660, 2
98
SYSCALL
analyzed_bin
writev
108
1, 0x7ffe25f92660, 2
52
SYSCALL
analyzed_bin
writev
108
1, 0x7ffe25f92660, 2
98
SYSCALL
analyzed_bin
writev
108
1, 0x7ffe25f92660, 2
52
SYSCALL
analyzed_bin
writev
108
1, 0x7ffe25f92660, 2
98
SYSCALL
analyzed_bin
writev
108
1, 0x7ffe25f92660, 2
52
SYSCALL
analyzed_bin
writev
108
1, 0x7ffe25f92660, 2
98
SYSCALL
analyzed_bin
writev
108
1, 0x7ffe25f92660, 2
52
SYSCALL
analyzed_bin
writev
108
1, 0x7ffe25f92660, 2
98
SYSCALL
analyzed_bin
writev
108
1, 0x7ffe25f92660, 2
52
SYSCALL
analyzed_bin
writev
108
1, 0x7ffe25f92660, 2
98
SYSCALL
analyzed_bin
writev
108
1, 0x7ffe25f92660, 2
52
SYSCALL
analyzed_bin
writev
108
1, 0x7ffe25f92660, 2
98
SYSCALL
analyzed_bin
writev
108
1, 0x7ffe25f92660, 2
52
SYSCALL
analyzed_bin
writev
108
1, 0x7ffe25f92660, 2
98
SYSCALL
analyzed_bin
writev
108
1, 0x7ffe25f92660, 2
52
SYSCALL
analyzed_bin
writev
108
1, 0x7ffe25f92660, 2
98
SYSCALL
analyzed_bin
writev
108
1, 0x7ffe25f92660, 2
52
SYSCALL
analyzed_bin
writev
108
1, 0x7ffe25f92660, 2
98
SYSCALL
analyzed_bin
writev
108
1, 0x7ffe25f92660, 2
52
SYSCALL
analyzed_bin
writev
108
1, 0x7ffe25f92660, 2
98
SYSCALL
analyzed_bin
writev
108
1, 0x7ffe25f92660, 2
52
SYSCALL
analyzed_bin
writev
108
1, 0x7ffe25f92660, 2
98
SYSCALL
analyzed_bin
writev
108
1, 0x7ffe25f92660, 2
52
SYSCALL
analyzed_bin
writev
108
1, 0x7ffe25f92660, 2
98
SYSCALL
analyzed_bin
writev
108
1, 0x7ffe25f92660, 2
52
SYSCALL
analyzed_bin
writev
108
1, 0x7ffe25f92660, 2
98
SYSCALL
analyzed_bin
writev
108
1, 0x7ffe25f92660, 2
52
SYSCALL
analyzed_bin
writev
108
1, 0x7ffe25f92660, 2
98
SYSCALL
analyzed_bin
writev
108
1, 0x7ffe25f92660, 2
52
SYSCALL
analyzed_bin
writev
108
1, 0x7ffe25f92660, 2
98
SYSCALL
analyzed_bin
writev
108
1, 0x7ffe25f92660, 2
52
SYSCALL
analyzed_bin
writev
108
1, 0x7ffe25f92660, 2
98
SYSCALL
analyzed_bin
writev
108
1, 0x7ffe25f92660, 2
52
SYSCALL
analyzed_bin
writev
108
1, 0x7ffe25f92660, 2
98
SYSCALL
analyzed_bin
writev
108
1, 0x7ffe25f92660, 2
52
SYSCALL
analyzed_bin
writev
108
1, 0x7ffe25f92660, 2
98
SYSCALL
analyzed_bin
writev
108
1, 0x7ffe25f92660, 2
52
SYSCALL
analyzed_bin
writev
108
1, 0x7ffe25f92660, 2
98
SYSCALL
analyzed_bin
writev
108
1, 0x7ffe25f92660, 2
52
SYSCALL
analyzed_bin
writev
108
1, 0x7ffe25f92660, 2
98
SYSCALL
analyzed_bin
writev
108
1, 0x7ffe25f92660, 2
52
SYSCALL
analyzed_bin
writev
108
1, 0x7ffe25f92660, 2
98
SYSCALL
analyzed_bin
writev
108
1, 0x7ffe25f92660, 2
52
SYSCALL
analyzed_bin
writev
108
1, 0x7ffe25f92660, 2
98
SYSCALL
analyzed_bin
writev
108
1, 0x7ffe25f92660, 2
52
SYSCALL
analyzed_bin
writev
108
1, 0x7ffe25f92660, 2
98
SYSCALL
analyzed_bin
writev
108
1, 0x7ffe25f92660, 2
52
SYSCALL
analyzed_bin
writev
108
1, 0x7ffe25f92660, 2
98
SYSCALL
analyzed_bin
writev
108
1, 0x7ffe25f92660, 2
52
SYSCALL
analyzed_bin
writev
108
1, 0x7ffe25f92660, 2
98
SYSCALL
analyzed_bin
writev
108
1, 0x7ffe25f92660, 2
52
SYSCALL
analyzed_bin
writev
108
1, 0x7ffe25f92660, 2
98
SYSCALL
analyzed_bin
writev
108
1, 0x7ffe25f92660, 2
52
SYSCALL
analyzed_bin
writev
108
1, 0x7ffe25f92660, 2
98
SYSCALL
analyzed_bin
writev
108
1, 0x7ffe25f92660, 2
52
SYSCALL
analyzed_bin
writev
108
1, 0x7ffe25f92660, 2
98
SYSCALL
analyzed_bin
writev
108
1, 0x7ffe25f92660, 2
52
SYSCALL
analyzed_bin
writev
108
1, 0x7ffe25f92660, 2
98
SYSCALL
analyzed_bin
writev
108
1, 0x7ffe25f92660, 2
52
SYSCALL
analyzed_bin
writev
108
1, 0x7ffe25f92660, 2
98
SYSCALL
analyzed_bin
writev
108
1, 0x7ffe25f92660, 2
52
SYSCALL
analyzed_bin
writev
108
1, 0x7ffe25f92660, 2
98
SYSCALL
analyzed_bin
writev
108
1, 0x7ffe25f92660, 2
52
SYSCALL
analyzed_bin
writev
108
1, 0x7ffe25f92660, 2
98
SYSCALL
analyzed_bin
writev
108
1, 0x7ffe25f92660, 2
52
SYSCALL
analyzed_bin
writev
108
1, 0x7ffe25f92660, 2
98
SYSCALL
analyzed_bin
writev
108
1, 0x7ffe25f92660, 2
52
SYSCALL
analyzed_bin
writev
108
1, 0x7ffe25f92660, 2
98
SYSCALL
analyzed_bin
writev
108
1, 0x7ffe25f92660, 2
52
SYSCALL
analyzed_bin
writev
108
1, 0x7ffe25f92660, 2
98
SYSCALL
analyzed_bin
writev
108
1, 0x7ffe25f92660, 2
52
SYSCALL
analyzed_bin
writev
108
1, 0x7ffe25f92660, 2
98
SYSCALL
analyzed_bin
writev
108
1, 0x7ffe25f92660, 2
52
SYSCALL
analyzed_bin
writev
108
1, 0x7ffe25f92660, 2
98
SYSCALL
analyzed_bin
writev
108
1, 0x7ffe25f92660, 2
52
SYSCALL
analyzed_bin
writev
108
1, 0x7ffe25f92660, 2
98
SYSCALL
analyzed_bin
writev
108
1, 0x7ffe25f92660, 2
52
SYSCALL
analyzed_bin
writev
108
1, 0x7ffe25f92660, 2
98
SYSCALL
analyzed_bin
writev
108
1, 0x7ffe25f92660, 2
52
SYSCALL
analyzed_bin
writev
108
1, 0x7ffe25f92660, 2
98
SYSCALL
analyzed_bin
writev
108
1, 0x7ffe25f92660, 2
52
SYSCALL
analyzed_bin
writev
108
1, 0x7ffe25f92660, 2
98
SYSCALL
analyzed_bin
writev
108
1, 0x7ffe25f92660, 2
52
SYSCALL
analyzed_bin
writev
108
1, 0x7ffe25f92660, 2
98
SYSCALL
analyzed_bin
writev
108
1, 0x7ffe25f92660, 2
52
SYSCALL
analyzed_bin
writev
108
1, 0x7ffe25f92660, 2
98
SYSCALL
analyzed_bin
writev
108
1, 0x7ffe25f92660, 2
52
SYSCALL
analyzed_bin
writev
108
1, 0x7ffe25f92660, 2
98
SYSCALL
analyzed_bin
writev
108
1, 0x7ffe25f92660, 2
52
SYSCALL
analyzed_bin
writev
108
1, 0x7ffe25f92660, 2
98
SYSCALL
analyzed_bin
writev
108
1, 0x7ffe25f92660, 2
52
SYSCALL
analyzed_bin
writev
108
1, 0x7ffe25f92660, 2
98
SYSCALL
analyzed_bin
writev
108
1, 0x7ffe25f92660, 2
52
SYSCALL
analyzed_bin
writev
108
1, 0x7ffe25f92660, 2
98
SYSCALL
analyzed_bin
writev
108
1, 0x7ffe25f92660, 2
52
SYSCALL
analyzed_bin
writev
108
1, 0x7ffe25f92660, 2
98
SYSCALL
analyzed_bin
writev
108
1, 0x7ffe25f92660, 2
52
SYSCALL
analyzed_bin
writev
108
1, 0x7ffe25f92660, 2
98
SYSCALL
analyzed_bin
writev
108
1, 0x7ffe25f92660, 2
52
SYSCALL
analyzed_bin
writev
108
1, 0x7ffe25f92660, 2
98
SYSCALL
analyzed_bin
writev
108
1, 0x7ffe25f92660, 2
52
SYSCALL
analyzed_bin
writev
108
1, 0x7ffe25f92660, 2
98
SYSCALL
analyzed_bin
writev
108
1, 0x7ffe25f92660, 2
52
SYSCALL
analyzed_bin
writev
108
1, 0x7ffe25f92660, 2
98
SYSCALL
analyzed_bin
writev
108
1, 0x7ffe25f92660, 2
52
SYSCALL
analyzed_bin
writev
108
1, 0x7ffe25f92660, 2
98
SYSCALL
analyzed_bin
writev
108
1, 0x7ffe25f92660, 2
52
SYSCALL
analyzed_bin
writev
108
1, 0x7ffe25f92660, 2
98
SYSCALL
analyzed_bin
writev
108
1, 0x7ffe25f92660, 2
52
SYSCALL
analyzed_bin
writev
108
1, 0x7ffe25f92660, 2
98
SYSCALL
analyzed_bin
writev
108
1, 0x7ffe25f92660, 2
52
SYSCALL
analyzed_bin
writev
108
1, 0x7ffe25f92660, 2
98
SYSCALL
analyzed_bin
writev
108
1, 0x7ffe25f92660, 2
52
SYSCALL
analyzed_bin
writev
108
1, 0x7ffe25f92660, 2
98
SYSCALL
analyzed_bin
writev
108
1, 0x7ffe25f92660, 2
52
SYSCALL
analyzed_bin
writev
108
1, 0x7ffe25f92660, 2
98
SYSCALL
analyzed_bin
writev
108
1, 0x7ffe25f92660, 2
52
SYSCALL
analyzed_bin
writev
108
1, 0x7ffe25f92660, 2
98
SYSCALL
analyzed_bin
writev
108
1, 0x7ffe25f92660, 2
52
SYSCALL
analyzed_bin
writev
108
1, 0x7ffe25f92660, 2
98
SYSCALL
analyzed_bin
writev
108
1, 0x7ffe25f92660, 2
52
SYSCALL
analyzed_bin
writev
108
1, 0x7ffe25f92660, 2
98
