LISA
PROCESS
108:105
SYSCALL
analyzed_bin
execve
108

0
SYSCALL
analyzed_bin
arch_prctl
108
ARCH_SET_FS, 140605625950584
0
SYSCALL
analyzed_bin
set_tid_address
108
0x7fe14c6361b0
108
SYSCALL
analyzed_bin
brk
108
0x0
140605625954304
SYSCALL
analyzed_bin
brk
108
0x7fe14c638000
140605625958400
SYSCALL
analyzed_bin
brk
108
0x7fe14c64a000
140605626032128
SYSCALL
analyzed_bin
brk
108
0x7fe14c64b000
140605626036224
SYSCALL
analyzed_bin
brk
108
0x7fe14c64c000
140605626040320
SYSCALL
analyzed_bin
brk
108
0x7fe14c64d000
140605626044416
SYSCALL
analyzed_bin
brk
108
0x7fe14c64e000
140605626048512
SYSCALL
analyzed_bin
brk
108
0x7fe14c64f000
140605626052608
SYSCALL
analyzed_bin
brk
108
0x7fe14c650000
140605626056704
SYSCALL
analyzed_bin
brk
108
0x7fe14c651000
140605626060800
SYSCALL
analyzed_bin
brk
108
0x7fe14c652000
140605626064896
SYSCALL
analyzed_bin
brk
108
0x7fe14c653000
140605626068992
SYSCALL
analyzed_bin
brk
108
0x7fe14c654000
140605626073088
SYSCALL
analyzed_bin
brk
108
0x7fe14c655000
140605626077184
SYSCALL
analyzed_bin
brk
108
0x7fe14c656000
140605626081280
SYSCALL
analyzed_bin
brk
108
0x7fe14c657000
140605626085376
SYSCALL
analyzed_bin
brk
108
0x7fe14c658000
140605626089472
SYSCALL
analyzed_bin
brk
108
0x7fe14c659000
140605626093568
SYSCALL
analyzed_bin
brk
108
0x7fe14c65a000
140605626097664
SYSCALL
analyzed_bin
brk
108
0x7fe14c65c000
140605626105856
SYSCALL
analyzed_bin
brk
108
0x7fe14c65d000
140605626109952
SYSCALL
analyzed_bin
brk
108
0x7fe14c65e000
140605626114048
SYSCALL
analyzed_bin
brk
108
0x7fe14c65f000
140605626118144
SYSCALL
analyzed_bin
brk
108
0x7fe14c660000
140605626122240
SYSCALL
analyzed_bin
brk
108
0x7fe14c661000
140605626126336
SYSCALL
analyzed_bin
brk
108
0x7fe14c662000
140605626130432
SYSCALL
analyzed_bin
brk
108
0x7fe14c663000
140605626134528
SYSCALL
analyzed_bin
brk
108
0x7fe14c666000
140605626146816
SYSCALL
analyzed_bin
brk
108
0x7fe14c667000
140605626150912
SYSCALL
analyzed_bin
brk
108
0x7fe14c668000
140605626155008
SYSCALL
analyzed_bin
brk
108
0x7fe14c669000
140605626159104
SYSCALL
analyzed_bin
brk
108
0x7fe14c66a000
140605626163200
SYSCALL
analyzed_bin
brk
108
0x7fe14c66b000
140605626167296
SYSCALL
analyzed_bin
brk
108
0x7fe14c66c000
140605626171392
SYSCALL
analyzed_bin
brk
108
0x7fe14c66d000
140605626175488
SYSCALL
analyzed_bin
brk
108
0x7fe14c66e000
140605626179584
SYSCALL
analyzed_bin
brk
108
0x7fe14c66f000
140605626183680
SYSCALL
analyzed_bin
brk
108
0x7fe14c670000
140605626187776
SYSCALL
analyzed_bin
brk
108
0x7fe14c671000
140605626191872
SYSCALL
analyzed_bin
brk
108
0x7fe14c672000
140605626195968
SYSCALL
analyzed_bin
brk
108
0x7fe14c673000
140605626200064
SYSCALL
analyzed_bin
brk
108
0x7fe14c674000
140605626204160
SYSCALL
analyzed_bin
brk
108
0x7fe14c679000
140605626224640
SYSCALL
analyzed_bin
brk
108
0x7fe14c67a000
140605626228736
SYSCALL
analyzed_bin
brk
108
0x7fe14c67b000
140605626232832
SYSCALL
analyzed_bin
getuid
108

0
SYSCALL
analyzed_bin
geteuid
108

0
SYSCALL
analyzed_bin
getgid
108

0
SYSCALL
analyzed_bin
getegid
108

0
OPENFILE
"/usr/local/ssl/openssl.cnf"
SYSCALL
analyzed_bin
open
108
"/usr/local/ssl/openssl.cnf", O_RDONLY
-2 (ENOENT)
SYSCALL
analyzed_bin
brk
108
0x7fe14c67c000
140605626236928
SYSCALL
analyzed_bin
brk
108
0x7fe14c67d000
140605626241024
SYSCALL
analyzed_bin
brk
108
0x7fe14c67e000
140605626245120
SYSCALL
analyzed_bin
brk
108
0x7fe14c67f000
140605626249216
SYSCALL
analyzed_bin
brk
108
0x7fe14c680000
140605626253312
SYSCALL
analyzed_bin
brk
108
0x7fe14c681000
140605626257408
SYSCALL
analyzed_bin
brk
108
0x7fe14c682000
140605626261504
SYSCALL
analyzed_bin
brk
108
0x7fe14c683000
140605626265600
SYSCALL
analyzed_bin
brk
108
0x7fe14c684000
140605626269696
SYSCALL
analyzed_bin
brk
108
0x7fe14c685000
140605626273792
SYSCALL
analyzed_bin
brk
108
0x7fe14c686000
140605626277888
SYSCALL
analyzed_bin
brk
108
0x7fe14c687000
140605626281984
SYSCALL
analyzed_bin
brk
108
0x7fe14c688000
140605626286080
OPENFILE
"config.txt"
SYSCALL
analyzed_bin
open
108
"config.txt", O_RDONLY
-2 (ENOENT)
OPENFILE
"pools.txt"
SYSCALL
analyzed_bin
open
108
"pools.txt", O_RDONLY
-2 (ENOENT)
SYSCALL
analyzed_bin
brk
108
0x7fe14c68a000
140605626294272
SYSCALL
analyzed_bin
brk
108
0x7fe14c68c000
140605626302464
SYSCALL
analyzed_bin
writev
108
1, 0x7fff2464b140, 2
32
SYSCALL
analyzed_bin
readv
108
0, 0x7fff2464b120, 2
0
SYSCALL
analyzed_bin
brk
108
0x7fe14c68e000
140605626310656
SYSCALL
analyzed_bin
brk
108
0x7fe14c692000
140605626327040
SYSCALL
analyzed_bin
brk
108
0x7fe14c696000
140605626343424
OPENFILE
"config.txt"
SYSCALL
analyzed_bin
open
108
"config.txt", O_WRONLY|O_CREAT|O_TRUNC, 0666
3
SYSCALL
analyzed_bin
ioctl
108
3, 21523, 0x7fff2464af98
-25 (ENOTTY)
SYSCALL
analyzed_bin
writev
108
3, 0x7fff2464af00, 2
6726
SYSCALL
analyzed_bin
close
108
3
0
SYSCALL
analyzed_bin
writev
108
1, 0x7fff2464b230, 2
42
SYSCALL
analyzed_bin
writev
108
1, 0x7fff2464aec0, 2
14
SYSCALL
analyzed_bin
writev
108
1, 0x7fff2464aed0, 2
52
SYSCALL
analyzed_bin
writev
108
1, 0x7fff2464aed0, 2
98
SYSCALL
analyzed_bin
writev
108
1, 0x7fff2464aed0, 2
52
SYSCALL
analyzed_bin
writev
108
1, 0x7fff2464aed0, 2
98
SYSCALL
analyzed_bin
writev
108
1, 0x7fff2464aed0, 2
52
SYSCALL
analyzed_bin
writev
108
1, 0x7fff2464aed0, 2
98
SYSCALL
analyzed_bin
writev
108
1, 0x7fff2464aed0, 2
52
SYSCALL
analyzed_bin
writev
108
1, 0x7fff2464aed0, 2
98
SYSCALL
analyzed_bin
writev
108
1, 0x7fff2464aed0, 2
52
SYSCALL
analyzed_bin
writev
108
1, 0x7fff2464aed0, 2
98
SYSCALL
analyzed_bin
writev
108
1, 0x7fff2464aed0, 2
52
SYSCALL
analyzed_bin
writev
108
1, 0x7fff2464aed0, 2
98
SYSCALL
analyzed_bin
writev
108
1, 0x7fff2464aed0, 2
52
SYSCALL
analyzed_bin
writev
108
1, 0x7fff2464aed0, 2
98
SYSCALL
analyzed_bin
writev
108
1, 0x7fff2464aed0, 2
52
SYSCALL
analyzed_bin
writev
108
1, 0x7fff2464aed0, 2
98
SYSCALL
analyzed_bin
writev
108
1, 0x7fff2464aed0, 2
52
SYSCALL
analyzed_bin
writev
108
1, 0x7fff2464aed0, 2
98
SYSCALL
analyzed_bin
writev
108
1, 0x7fff2464aed0, 2
52
SYSCALL
analyzed_bin
writev
108
1, 0x7fff2464aed0, 2
98
SYSCALL
analyzed_bin
writev
108
1, 0x7fff2464aed0, 2
52
SYSCALL
analyzed_bin
writev
108
1, 0x7fff2464aed0, 2
98
SYSCALL
analyzed_bin
writev
108
1, 0x7fff2464aed0, 2
52
SYSCALL
analyzed_bin
writev
108
1, 0x7fff2464aed0, 2
98
SYSCALL
analyzed_bin
writev
108
1, 0x7fff2464aed0, 2
52
SYSCALL
analyzed_bin
writev
108
1, 0x7fff2464aed0, 2
98
SYSCALL
analyzed_bin
writev
108
1, 0x7fff2464aed0, 2
52
SYSCALL
analyzed_bin
writev
108
1, 0x7fff2464aed0, 2
98
SYSCALL
analyzed_bin
writev
108
1, 0x7fff2464aed0, 2
52
SYSCALL
analyzed_bin
writev
108
1, 0x7fff2464aed0, 2
98
SYSCALL
analyzed_bin
writev
108
1, 0x7fff2464aed0, 2
52
SYSCALL
analyzed_bin
writev
108
1, 0x7fff2464aed0, 2
98
SYSCALL
analyzed_bin
writev
108
1, 0x7fff2464aed0, 2
52
SYSCALL
analyzed_bin
writev
108
1, 0x7fff2464aed0, 2
98
SYSCALL
analyzed_bin
writev
108
1, 0x7fff2464aed0, 2
52
SYSCALL
analyzed_bin
writev
108
1, 0x7fff2464aed0, 2
98
SYSCALL
analyzed_bin
writev
108
1, 0x7fff2464aed0, 2
52
SYSCALL
analyzed_bin
writev
108
1, 0x7fff2464aed0, 2
98
SYSCALL
analyzed_bin
writev
108
1, 0x7fff2464aed0, 2
52
SYSCALL
analyzed_bin
writev
108
1, 0x7fff2464aed0, 2
98
SYSCALL
analyzed_bin
writev
108
1, 0x7fff2464aed0, 2
52
SYSCALL
analyzed_bin
writev
108
1, 0x7fff2464aed0, 2
98
SYSCALL
analyzed_bin
writev
108
1, 0x7fff2464aed0, 2
52
SYSCALL
analyzed_bin
writev
108
1, 0x7fff2464aed0, 2
98
SYSCALL
analyzed_bin
writev
108
1, 0x7fff2464aed0, 2
52
SYSCALL
analyzed_bin
writev
108
1, 0x7fff2464aed0, 2
98
SYSCALL
analyzed_bin
writev
108
1, 0x7fff2464aed0, 2
52
SYSCALL
analyzed_bin
writev
108
1, 0x7fff2464aed0, 2
98
SYSCALL
analyzed_bin
writev
108
1, 0x7fff2464aed0, 2
52
SYSCALL
analyzed_bin
writev
108
1, 0x7fff2464aed0, 2
98
SYSCALL
analyzed_bin
writev
108
1, 0x7fff2464aed0, 2
52
SYSCALL
analyzed_bin
writev
108
1, 0x7fff2464aed0, 2
98
SYSCALL
analyzed_bin
writev
108
1, 0x7fff2464aed0, 2
52
SYSCALL
analyzed_bin
writev
108
1, 0x7fff2464aed0, 2
98
SYSCALL
analyzed_bin
writev
108
1, 0x7fff2464aed0, 2
52
SYSCALL
analyzed_bin
writev
108
1, 0x7fff2464aed0, 2
98
SYSCALL
analyzed_bin
writev
108
1, 0x7fff2464aed0, 2
52
SYSCALL
analyzed_bin
writev
108
1, 0x7fff2464aed0, 2
98
SYSCALL
analyzed_bin
writev
108
1, 0x7fff2464aed0, 2
52
SYSCALL
analyzed_bin
writev
108
1, 0x7fff2464aed0, 2
98
SYSCALL
analyzed_bin
writev
108
1, 0x7fff2464aed0, 2
52
SYSCALL
analyzed_bin
writev
108
1, 0x7fff2464aed0, 2
98
SYSCALL
analyzed_bin
writev
108
1, 0x7fff2464aed0, 2
52
SYSCALL
analyzed_bin
writev
108
1, 0x7fff2464aed0, 2
98
SYSCALL
analyzed_bin
writev
108
1, 0x7fff2464aed0, 2
52
SYSCALL
analyzed_bin
writev
108
1, 0x7fff2464aed0, 2
98
SYSCALL
analyzed_bin
writev
108
1, 0x7fff2464aed0, 2
52
SYSCALL
analyzed_bin
writev
108
1, 0x7fff2464aed0, 2
98
SYSCALL
analyzed_bin
writev
108
1, 0x7fff2464aed0, 2
52
SYSCALL
analyzed_bin
writev
108
1, 0x7fff2464aed0, 2
98
SYSCALL
analyzed_bin
writev
108
1, 0x7fff2464aed0, 2
52
SYSCALL
analyzed_bin
writev
108
1, 0x7fff2464aed0, 2
98
SYSCALL
analyzed_bin
writev
108
1, 0x7fff2464aed0, 2
52
SYSCALL
analyzed_bin
writev
108
1, 0x7fff2464aed0, 2
98
SYSCALL
analyzed_bin
writev
108
1, 0x7fff2464aed0, 2
52
SYSCALL
analyzed_bin
writev
108
1, 0x7fff2464aed0, 2
98
SYSCALL
analyzed_bin
writev
108
1, 0x7fff2464aed0, 2
52
SYSCALL
analyzed_bin
writev
108
1, 0x7fff2464aed0, 2
98
SYSCALL
analyzed_bin
writev
108
1, 0x7fff2464aed0, 2
52
SYSCALL
analyzed_bin
writev
108
1, 0x7fff2464aed0, 2
98
SYSCALL
analyzed_bin
writev
108
1, 0x7fff2464aed0, 2
52
SYSCALL
analyzed_bin
writev
108
1, 0x7fff2464aed0, 2
98
SYSCALL
analyzed_bin
writev
108
1, 0x7fff2464aed0, 2
52
SYSCALL
analyzed_bin
writev
108
1, 0x7fff2464aed0, 2
98
SYSCALL
analyzed_bin
writev
108
1, 0x7fff2464aed0, 2
52
SYSCALL
analyzed_bin
writev
108
1, 0x7fff2464aed0, 2
98
SYSCALL
analyzed_bin
writev
108
1, 0x7fff2464aed0, 2
52
SYSCALL
analyzed_bin
writev
108
1, 0x7fff2464aed0, 2
98
SYSCALL
analyzed_bin
writev
108
1, 0x7fff2464aed0, 2
52
SYSCALL
analyzed_bin
writev
108
1, 0x7fff2464aed0, 2
98
SYSCALL
analyzed_bin
writev
108
1, 0x7fff2464aed0, 2
52
SYSCALL
analyzed_bin
writev
108
1, 0x7fff2464aed0, 2
98
SYSCALL
analyzed_bin
writev
108
1, 0x7fff2464aed0, 2
52
SYSCALL
analyzed_bin
writev
108
1, 0x7fff2464aed0, 2
98
SYSCALL
analyzed_bin
writev
108
1, 0x7fff2464aed0, 2
52
SYSCALL
analyzed_bin
writev
108
1, 0x7fff2464aed0, 2
98
SYSCALL
analyzed_bin
writev
108
1, 0x7fff2464aed0, 2
52
SYSCALL
analyzed_bin
writev
108
1, 0x7fff2464aed0, 2
98
SYSCALL
analyzed_bin
writev
108
1, 0x7fff2464aed0, 2
52
SYSCALL
analyzed_bin
writev
108
1, 0x7fff2464aed0, 2
98
SYSCALL
analyzed_bin
writev
108
1, 0x7fff2464aed0, 2
52
SYSCALL
analyzed_bin
writev
108
1, 0x7fff2464aed0, 2
98
SYSCALL
analyzed_bin
writev
108
1, 0x7fff2464aed0, 2
52
SYSCALL
analyzed_bin
writev
108
1, 0x7fff2464aed0, 2
98
SYSCALL
analyzed_bin
writev
108
1, 0x7fff2464aed0, 2
52
SYSCALL
analyzed_bin
writev
108
1, 0x7fff2464aed0, 2
98
SYSCALL
analyzed_bin
writev
108
1, 0x7fff2464aed0, 2
52
SYSCALL
analyzed_bin
writev
108
1, 0x7fff2464aed0, 2
98
SYSCALL
analyzed_bin
writev
108
1, 0x7fff2464aed0, 2
52
SYSCALL
analyzed_bin
writev
108
1, 0x7fff2464aed0, 2
98
SYSCALL
analyzed_bin
writev
108
1, 0x7fff2464aed0, 2
52
SYSCALL
analyzed_bin
writev
108
1, 0x7fff2464aed0, 2
98
SYSCALL
analyzed_bin
writev
108
1, 0x7fff2464aed0, 2
52
SYSCALL
analyzed_bin
writev
108
1, 0x7fff2464aed0, 2
98
SYSCALL
analyzed_bin
writev
108
1, 0x7fff2464aed0, 2
52
SYSCALL
analyzed_bin
writev
108
1, 0x7fff2464aed0, 2
98
SYSCALL
analyzed_bin
writev
108
1, 0x7fff2464aed0, 2
52
SYSCALL
analyzed_bin
writev
108
1, 0x7fff2464aed0, 2
98
SYSCALL
analyzed_bin
writev
108
1, 0x7fff2464aed0, 2
52
SYSCALL
analyzed_bin
writev
108
1, 0x7fff2464aed0, 2
98
SYSCALL
analyzed_bin
writev
108
1, 0x7fff2464aed0, 2
52
SYSCALL
analyzed_bin
writev
108
1, 0x7fff2464aed0, 2
98
SYSCALL
analyzed_bin
writev
108
1, 0x7fff2464aed0, 2
52
SYSCALL
analyzed_bin
writev
108
1, 0x7fff2464aed0, 2
98
SYSCALL
analyzed_bin
writev
108
1, 0x7fff2464aed0, 2
52
SYSCALL
analyzed_bin
writev
108
1, 0x7fff2464aed0, 2
98
SYSCALL
analyzed_bin
writev
108
1, 0x7fff2464aed0, 2
52
SYSCALL
analyzed_bin
writev
108
1, 0x7fff2464aed0, 2
98
SYSCALL
analyzed_bin
writev
108
1, 0x7fff2464aed0, 2
52
SYSCALL
analyzed_bin
writev
108
1, 0x7fff2464aed0, 2
98
SYSCALL
analyzed_bin
writev
108
1, 0x7fff2464aed0, 2
52
SYSCALL
analyzed_bin
writev
108
1, 0x7fff2464aed0, 2
98
SYSCALL
analyzed_bin
writev
108
1, 0x7fff2464aed0, 2
52
SYSCALL
analyzed_bin
writev
108
1, 0x7fff2464aed0, 2
98
SYSCALL
analyzed_bin
writev
108
1, 0x7fff2464aed0, 2
52
SYSCALL
analyzed_bin
writev
108
1, 0x7fff2464aed0, 2
98
SYSCALL
analyzed_bin
writev
108
1, 0x7fff2464aed0, 2
52
SYSCALL
analyzed_bin
writev
108
1, 0x7fff2464aed0, 2
98
SYSCALL
analyzed_bin
writev
108
1, 0x7fff2464aed0, 2
52
SYSCALL
analyzed_bin
writev
108
1, 0x7fff2464aed0, 2
98
SYSCALL
analyzed_bin
writev
108
1, 0x7fff2464aed0, 2
52
SYSCALL
analyzed_bin
writev
108
1, 0x7fff2464aed0, 2
98
SYSCALL
analyzed_bin
writev
108
1, 0x7fff2464aed0, 2
52
SYSCALL
analyzed_bin
writev
108
1, 0x7fff2464aed0, 2
98
SYSCALL
analyzed_bin
writev
108
1, 0x7fff2464aed0, 2
52
SYSCALL
analyzed_bin
writev
108
1, 0x7fff2464aed0, 2
98
SYSCALL
analyzed_bin
writev
108
1, 0x7fff2464aed0, 2
52
SYSCALL
analyzed_bin
writev
108
1, 0x7fff2464aed0, 2
98
SYSCALL
analyzed_bin
writev
108
1, 0x7fff2464aed0, 2
52
SYSCALL
analyzed_bin
writev
108
1, 0x7fff2464aed0, 2
98
SYSCALL
analyzed_bin
writev
108
1, 0x7fff2464aed0, 2
52
SYSCALL
analyzed_bin
writev
108
1, 0x7fff2464aed0, 2
98
SYSCALL
analyzed_bin
writev
108
1, 0x7fff2464aed0, 2
52
SYSCALL
analyzed_bin
writev
108
1, 0x7fff2464aed0, 2
98
SYSCALL
analyzed_bin
writev
108
1, 0x7fff2464aed0, 2
52
SYSCALL
analyzed_bin
writev
108
1, 0x7fff2464aed0, 2
98
SYSCALL
analyzed_bin
writev
108
1, 0x7fff2464aed0, 2
52
SYSCALL
analyzed_bin
writev
108
1, 0x7fff2464aed0, 2
98
SYSCALL
analyzed_bin
writev
108
1, 0x7fff2464aed0, 2
52
SYSCALL
analyzed_bin
writev
108
1, 0x7fff2464aed0, 2
98
SYSCALL
analyzed_bin
writev
108
1, 0x7fff2464aed0, 2
52
SYSCALL
analyzed_bin
writev
108
1, 0x7fff2464aed0, 2
98
SYSCALL
analyzed_bin
writev
108
1, 0x7fff2464aed0, 2
52
SYSCALL
analyzed_bin
writev
108
1, 0x7fff2464aed0, 2
98
SYSCALL
analyzed_bin
writev
108
1, 0x7fff2464aed0, 2
52
SYSCALL
analyzed_bin
writev
108
1, 0x7fff2464aed0, 2
98
SYSCALL
analyzed_bin
writev
108
1, 0x7fff2464aed0, 2
52
SYSCALL
analyzed_bin
writev
108
1, 0x7fff2464aed0, 2
98
SYSCALL
analyzed_bin
writev
108
1, 0x7fff2464aed0, 2
52
SYSCALL
analyzed_bin
writev
108
1, 0x7fff2464aed0, 2
98
SYSCALL
analyzed_bin
writev
108
1, 0x7fff2464aed0, 2
52
SYSCALL
analyzed_bin
writev
108
1, 0x7fff2464aed0, 2
98
SYSCALL
analyzed_bin
writev
108
1, 0x7fff2464aed0, 2
52
SYSCALL
analyzed_bin
writev
108
1, 0x7fff2464aed0, 2
98
SYSCALL
analyzed_bin
writev
108
1, 0x7fff2464aed0, 2
52
SYSCALL
analyzed_bin
writev
108
1, 0x7fff2464aed0, 2
98
SYSCALL
analyzed_bin
writev
108
1, 0x7fff2464aed0, 2
52
SYSCALL
analyzed_bin
writev
108
1, 0x7fff2464aed0, 2
98
SYSCALL
analyzed_bin
writev
108
1, 0x7fff2464aed0, 2
52
SYSCALL
analyzed_bin
writev
108
1, 0x7fff2464aed0, 2
98
SYSCALL
analyzed_bin
writev
108
1, 0x7fff2464aed0, 2
52
SYSCALL
analyzed_bin
writev
108
1, 0x7fff2464aed0, 2
98
SYSCALL
analyzed_bin
writev
108
1, 0x7fff2464aed0, 2
52
SYSCALL
analyzed_bin
writev
108
1, 0x7fff2464aed0, 2
98
SYSCALL
analyzed_bin
writev
108
1, 0x7fff2464aed0, 2
52
SYSCALL
analyzed_bin
writev
108
1, 0x7fff2464aed0, 2
98
SYSCALL
analyzed_bin
writev
108
1, 0x7fff2464aed0, 2
52
SYSCALL
analyzed_bin
writev
108
1, 0x7fff2464aed0, 2
98
SYSCALL
analyzed_bin
writev
108
1, 0x7fff2464aed0, 2
52
SYSCALL
analyzed_bin
writev
108
1, 0x7fff2464aed0, 2
98
SYSCALL
analyzed_bin
writev
108
1, 0x7fff2464aed0, 2
52
SYSCALL
analyzed_bin
writev
108
1, 0x7fff2464aed0, 2
98
SYSCALL
analyzed_bin
writev
108
1, 0x7fff2464aed0, 2
52
SYSCALL
analyzed_bin
writev
108
1, 0x7fff2464aed0, 2
98
SYSCALL
analyzed_bin
writev
108
1, 0x7fff2464aed0, 2
52
SYSCALL
analyzed_bin
writev
108
1, 0x7fff2464aed0, 2
98
SYSCALL
analyzed_bin
writev
108
1, 0x7fff2464aed0, 2
52
SYSCALL
analyzed_bin
writev
108
1, 0x7fff2464aed0, 2
98
SYSCALL
analyzed_bin
writev
108
1, 0x7fff2464aed0, 2
52
SYSCALL
analyzed_bin
writev
108
1, 0x7fff2464aed0, 2
98
SYSCALL
analyzed_bin
writev
108
1, 0x7fff2464aed0, 2
52
SYSCALL
analyzed_bin
writev
108
1, 0x7fff2464aed0, 2
98
SYSCALL
analyzed_bin
writev
108
1, 0x7fff2464aed0, 2
52
SYSCALL
analyzed_bin
writev
108
1, 0x7fff2464aed0, 2
98
SYSCALL
analyzed_bin
writev
108
1, 0x7fff2464aed0, 2
52
SYSCALL
analyzed_bin
writev
108
1, 0x7fff2464aed0, 2
98
SYSCALL
analyzed_bin
writev
108
1, 0x7fff2464aed0, 2
52
SYSCALL
analyzed_bin
writev
108
1, 0x7fff2464aed0, 2
98
SYSCALL
analyzed_bin
writev
108
1, 0x7fff2464aed0, 2
52
SYSCALL
analyzed_bin
writev
108
1, 0x7fff2464aed0, 2
98
SYSCALL
analyzed_bin
writev
108
1, 0x7fff2464aed0, 2
52
SYSCALL
analyzed_bin
writev
108
1, 0x7fff2464aed0, 2
98
SYSCALL
analyzed_bin
writev
108
1, 0x7fff2464aed0, 2
52
SYSCALL
analyzed_bin
writev
108
1, 0x7fff2464aed0, 2
98
SYSCALL
analyzed_bin
writev
108
1, 0x7fff2464aed0, 2
52
SYSCALL
analyzed_bin
writev
108
1, 0x7fff2464aed0, 2
98
SYSCALL
analyzed_bin
writev
108
1, 0x7fff2464aed0, 2
52
SYSCALL
analyzed_bin
writev
108
1, 0x7fff2464aed0, 2
98
SYSCALL
analyzed_bin
writev
108
1, 0x7fff2464aed0, 2
52
SYSCALL
analyzed_bin
writev
108
1, 0x7fff2464aed0, 2
98
SYSCALL
analyzed_bin
writev
108
1, 0x7fff2464aed0, 2
52
SYSCALL
analyzed_bin
writev
108
1, 0x7fff2464aed0, 2
98
SYSCALL
analyzed_bin
writev
108
1, 0x7fff2464aed0, 2
52
SYSCALL
analyzed_bin
writev
108
1, 0x7fff2464aed0, 2
98
SYSCALL
analyzed_bin
writev
108
1, 0x7fff2464aed0, 2
52
SYSCALL
analyzed_bin
writev
108
1, 0x7fff2464aed0, 2
98
SYSCALL
analyzed_bin
writev
108
1, 0x7fff2464aed0, 2
52
SYSCALL
analyzed_bin
writev
108
1, 0x7fff2464aed0, 2
98
SYSCALL
analyzed_bin
writev
108
1, 0x7fff2464aed0, 2
52
SYSCALL
analyzed_bin
writev
108
1, 0x7fff2464aed0, 2
98
SYSCALL
analyzed_bin
writev
108
1, 0x7fff2464aed0, 2
52
SYSCALL
analyzed_bin
writev
108
1, 0x7fff2464aed0, 2
98
SYSCALL
analyzed_bin
writev
108
1, 0x7fff2464aed0, 2
52
SYSCALL
analyzed_bin
writev
108
1, 0x7fff2464aed0, 2
98
SYSCALL
analyzed_bin
writev
108
1, 0x7fff2464aed0, 2
52
SYSCALL
analyzed_bin
writev
108
1, 0x7fff2464aed0, 2
98
SYSCALL
analyzed_bin
writev
108
1, 0x7fff2464aed0, 2
52
SYSCALL
analyzed_bin
writev
108
1, 0x7fff2464aed0, 2
98
SYSCALL
analyzed_bin
writev
108
1, 0x7fff2464aed0, 2
52
SYSCALL
analyzed_bin
writev
108
1, 0x7fff2464aed0, 2
98
SYSCALL
analyzed_bin
writev
108
1, 0x7fff2464aed0, 2
52
SYSCALL
analyzed_bin
writev
108
1, 0x7fff2464aed0, 2
98
SYSCALL
analyzed_bin
writev
108
1, 0x7fff2464aed0, 2
52
SYSCALL
analyzed_bin
writev
108
1, 0x7fff2464aed0, 2
98
SYSCALL
analyzed_bin
writev
108
1, 0x7fff2464aed0, 2
52
SYSCALL
analyzed_bin
writev
108
1, 0x7fff2464aed0, 2
98
SYSCALL
analyzed_bin
writev
108
1, 0x7fff2464aed0, 2
52
SYSCALL
analyzed_bin
writev
108
1, 0x7fff2464aed0, 2
98
SYSCALL
analyzed_bin
writev
108
1, 0x7fff2464aed0, 2
52
SYSCALL
analyzed_bin
writev
108
1, 0x7fff2464aed0, 2
98
SYSCALL
analyzed_bin
writev
108
1, 0x7fff2464aed0, 2
52
SYSCALL
analyzed_bin
writev
108
1, 0x7fff2464aed0, 2
98
SYSCALL
analyzed_bin
writev
108
1, 0x7fff2464aed0, 2
52
SYSCALL
analyzed_bin
writev
108
1, 0x7fff2464aed0, 2
98
SYSCALL
analyzed_bin
writev
108
1, 0x7fff2464aed0, 2
52
SYSCALL
analyzed_bin
writev
108
1, 0x7fff2464aed0, 2
98
SYSCALL
analyzed_bin
writev
108
1, 0x7fff2464aed0, 2
52
SYSCALL
analyzed_bin
writev
108
1, 0x7fff2464aed0, 2
98
SYSCALL
analyzed_bin
writev
108
1, 0x7fff2464aed0, 2
52
SYSCALL
analyzed_bin
writev
108
1, 0x7fff2464aed0, 2
98
SYSCALL
analyzed_bin
writev
108
1, 0x7fff2464aed0, 2
52
SYSCALL
analyzed_bin
writev
108
1, 0x7fff2464aed0, 2
98
SYSCALL
analyzed_bin
writev
108
1, 0x7fff2464aed0, 2
52
SYSCALL
analyzed_bin
writev
108
1, 0x7fff2464aed0, 2
98
SYSCALL
analyzed_bin
writev
108
1, 0x7fff2464aed0, 2
52
SYSCALL
analyzed_bin
writev
108
1, 0x7fff2464aed0, 2
98
SYSCALL
analyzed_bin
writev
108
1, 0x7fff2464aed0, 2
52
SYSCALL
analyzed_bin
writev
108
1, 0x7fff2464aed0, 2
98
SYSCALL
analyzed_bin
writev
108
1, 0x7fff2464aed0, 2
52
SYSCALL
analyzed_bin
writev
108
1, 0x7fff2464aed0, 2
98
SYSCALL
analyzed_bin
writev
108
1, 0x7fff2464aed0, 2
52
SYSCALL
analyzed_bin
writev
108
1, 0x7fff2464aed0, 2
98
SYSCALL
analyzed_bin
writev
108
1, 0x7fff2464aed0, 2
52
SYSCALL
analyzed_bin
writev
108
1, 0x7fff2464aed0, 2
98
SYSCALL
analyzed_bin
writev
108
1, 0x7fff2464aed0, 2
52
SYSCALL
analyzed_bin
writev
108
1, 0x7fff2464aed0, 2
98
SYSCALL
analyzed_bin
writev
108
1, 0x7fff2464aed0, 2
52
SYSCALL
analyzed_bin
writev
108
1, 0x7fff2464aed0, 2
98
SYSCALL
analyzed_bin
writev
108
1, 0x7fff2464aed0, 2
52
SYSCALL
analyzed_bin
writev
108
1, 0x7fff2464aed0, 2
98
SYSCALL
analyzed_bin
writev
108
1, 0x7fff2464aed0, 2
52
SYSCALL
analyzed_bin
writev
108
1, 0x7fff2464aed0, 2
98
SYSCALL
analyzed_bin
writev
108
1, 0x7fff2464aed0, 2
52
SYSCALL
analyzed_bin
writev
108
1, 0x7fff2464aed0, 2
98
SYSCALL
analyzed_bin
writev
108
1, 0x7fff2464aed0, 2
52
SYSCALL
analyzed_bin
writev
108
1, 0x7fff2464aed0, 2
98
SYSCALL
analyzed_bin
writev
108
1, 0x7fff2464aed0, 2
52
SYSCALL
analyzed_bin
writev
108
1, 0x7fff2464aed0, 2
98
SYSCALL
analyzed_bin
writev
108
1, 0x7fff2464aed0, 2
52
SYSCALL
analyzed_bin
writev
108
1, 0x7fff2464aed0, 2
98
SYSCALL
analyzed_bin
writev
108
1, 0x7fff2464aed0, 2
52
SYSCALL
analyzed_bin
writev
108
1, 0x7fff2464aed0, 2
98
SYSCALL
analyzed_bin
writev
108
1, 0x7fff2464aed0, 2
52
SYSCALL
analyzed_bin
writev
108
1, 0x7fff2464aed0, 2
98
SYSCALL
analyzed_bin
writev
108
1, 0x7fff2464aed0, 2
52
SYSCALL
analyzed_bin
writev
108
1, 0x7fff2464aed0, 2
98
SYSCALL
analyzed_bin
writev
108
1, 0x7fff2464aed0, 2
52
SYSCALL
analyzed_bin
writev
108
1, 0x7fff2464aed0, 2
98
SYSCALL
analyzed_bin
writev
108
1, 0x7fff2464aed0, 2
52
SYSCALL
analyzed_bin
writev
108
1, 0x7fff2464aed0, 2
98
SYSCALL
analyzed_bin
writev
108
1, 0x7fff2464aed0, 2
52
SYSCALL
analyzed_bin
writev
108
1, 0x7fff2464aed0, 2
98
SYSCALL
analyzed_bin
writev
108
1, 0x7fff2464aed0, 2
52
SYSCALL
analyzed_bin
writev
108
1, 0x7fff2464aed0, 2
98
SYSCALL
analyzed_bin
writev
108
1, 0x7fff2464aed0, 2
52
SYSCALL
analyzed_bin
writev
108
1, 0x7fff2464aed0, 2
98
SYSCALL
analyzed_bin
writev
108
1, 0x7fff2464aed0, 2
52
SYSCALL
analyzed_bin
writev
108
1, 0x7fff2464aed0, 2
98
SYSCALL
analyzed_bin
writev
108
1, 0x7fff2464aed0, 2
52
SYSCALL
analyzed_bin
writev
108
1, 0x7fff2464aed0, 2
98
SYSCALL
analyzed_bin
writev
108
1, 0x7fff2464aed0, 2
52
SYSCALL
analyzed_bin
writev
108
1, 0x7fff2464aed0, 2
98
SYSCALL
analyzed_bin
writev
108
1, 0x7fff2464aed0, 2
52
SYSCALL
analyzed_bin
writev
108
1, 0x7fff2464aed0, 2
98
SYSCALL
analyzed_bin
writev
108
1, 0x7fff2464aed0, 2
52
SYSCALL
analyzed_bin
writev
108
1, 0x7fff2464aed0, 2
98
SYSCALL
analyzed_bin
writev
108
1, 0x7fff2464aed0, 2
52
SYSCALL
analyzed_bin
writev
108
1, 0x7fff2464aed0, 2
98
SYSCALL
analyzed_bin
writev
108
1, 0x7fff2464aed0, 2
52
SYSCALL
analyzed_bin
writev
108
1, 0x7fff2464aed0, 2
98
SYSCALL
analyzed_bin
writev
108
1, 0x7fff2464aed0, 2
52
SYSCALL
analyzed_bin
writev
108
1, 0x7fff2464aed0, 2
98
SYSCALL
analyzed_bin
writev
108
1, 0x7fff2464aed0, 2
52
SYSCALL
analyzed_bin
writev
108
1, 0x7fff2464aed0, 2
98
SYSCALL
analyzed_bin
writev
108
1, 0x7fff2464aed0, 2
52
SYSCALL
analyzed_bin
writev
108
1, 0x7fff2464aed0, 2
98
SYSCALL
analyzed_bin
writev
108
1, 0x7fff2464aed0, 2
52
SYSCALL
analyzed_bin
writev
108
1, 0x7fff2464aed0, 2
98
SYSCALL
analyzed_bin
writev
108
1, 0x7fff2464aed0, 2
52
SYSCALL
analyzed_bin
writev
108
1, 0x7fff2464aed0, 2
98
SYSCALL
analyzed_bin
writev
108
1, 0x7fff2464aed0, 2
52
SYSCALL
analyzed_bin
writev
108
1, 0x7fff2464aed0, 2
98
SYSCALL
analyzed_bin
writev
108
1, 0x7fff2464aed0, 2
52
SYSCALL
analyzed_bin
writev
108
1, 0x7fff2464aed0, 2
98
SYSCALL
analyzed_bin
writev
108
1, 0x7fff2464aed0, 2
52
SYSCALL
analyzed_bin
writev
108
1, 0x7fff2464aed0, 2
98
SYSCALL
analyzed_bin
writev
108
1, 0x7fff2464aed0, 2
52
SYSCALL
analyzed_bin
writev
108
1, 0x7fff2464aed0, 2
98
SYSCALL
analyzed_bin
writev
108
1, 0x7fff2464aed0, 2
52
SYSCALL
analyzed_bin
writev
108
1, 0x7fff2464aed0, 2
98
SYSCALL
analyzed_bin
writev
108
1, 0x7fff2464aed0, 2
52
SYSCALL
analyzed_bin
writev
108
1, 0x7fff2464aed0, 2
98
SYSCALL
analyzed_bin
writev
108
1, 0x7fff2464aed0, 2
52
SYSCALL
analyzed_bin
writev
108
1, 0x7fff2464aed0, 2
98
SYSCALL
analyzed_bin
writev
108
1, 0x7fff2464aed0, 2
52
SYSCALL
analyzed_bin
writev
108
1, 0x7fff2464aed0, 2
98
SYSCALL
analyzed_bin
writev
108
1, 0x7fff2464aed0, 2
52
SYSCALL
analyzed_bin
writev
108
1, 0x7fff2464aed0, 2
98
SYSCALL
analyzed_bin
writev
108
1, 0x7fff2464aed0, 2
52
SYSCALL
analyzed_bin
writev
108
1, 0x7fff2464aed0, 2
98
SYSCALL
analyzed_bin
writev
108
1, 0x7fff2464aed0, 2
52
SYSCALL
analyzed_bin
writev
108
1, 0x7fff2464aed0, 2
98
SYSCALL
analyzed_bin
writev
108
1, 0x7fff2464aed0, 2
52
SYSCALL
analyzed_bin
writev
108
1, 0x7fff2464aed0, 2
98
SYSCALL
analyzed_bin
writev
108
1, 0x7fff2464aed0, 2
52
SYSCALL
analyzed_bin
writev
108
1, 0x7fff2464aed0, 2
98
SYSCALL
analyzed_bin
writev
108
1, 0x7fff2464aed0, 2
52
SYSCALL
analyzed_bin
writev
108
1, 0x7fff2464aed0, 2
98
SYSCALL
analyzed_bin
writev
108
1, 0x7fff2464aed0, 2
52
SYSCALL
analyzed_bin
writev
108
1, 0x7fff2464aed0, 2
98
SYSCALL
analyzed_bin
writev
108
1, 0x7fff2464aed0, 2
52
SYSCALL
analyzed_bin
writev
108
1, 0x7fff2464aed0, 2
98
SYSCALL
analyzed_bin
writev
108
1, 0x7fff2464aed0, 2
52
SYSCALL
analyzed_bin
writev
108
1, 0x7fff2464aed0, 2
98
SYSCALL
analyzed_bin
writev
108
1, 0x7fff2464aed0, 2
52
SYSCALL
analyzed_bin
writev
108
1, 0x7fff2464aed0, 2
98
SYSCALL
analyzed_bin
writev
108
1, 0x7fff2464aed0, 2
52
SYSCALL
analyzed_bin
writev
108
1, 0x7fff2464aed0, 2
98
SYSCALL
analyzed_bin
writev
108
1, 0x7fff2464aed0, 2
52
SYSCALL
analyzed_bin
writev
108
1, 0x7fff2464aed0, 2
98
SYSCALL
analyzed_bin
writev
108
1, 0x7fff2464aed0, 2
52
SYSCALL
analyzed_bin
writev
108
1, 0x7fff2464aed0, 2
98
SYSCALL
analyzed_bin
writev
108
1, 0x7fff2464aed0, 2
52
SYSCALL
analyzed_bin
writev
108
1, 0x7fff2464aed0, 2
98
SYSCALL
analyzed_bin
writev
108
1, 0x7fff2464aed0, 2
52
SYSCALL
analyzed_bin
writev
108
1, 0x7fff2464aed0, 2
98
SYSCALL
analyzed_bin
writev
108
1, 0x7fff2464aed0, 2
52
SYSCALL
analyzed_bin
writev
108
1, 0x7fff2464aed0, 2
98
SYSCALL
analyzed_bin
writev
108
1, 0x7fff2464aed0, 2
52
SYSCALL
analyzed_bin
writev
108
1, 0x7fff2464aed0, 2
98
SYSCALL
analyzed_bin
writev
108
1, 0x7fff2464aed0, 2
52
SYSCALL
analyzed_bin
writev
108
1, 0x7fff2464aed0, 2
98
SYSCALL
analyzed_bin
writev
108
1, 0x7fff2464aed0, 2
52
SYSCALL
analyzed_bin
writev
108
1, 0x7fff2464aed0, 2
98
SYSCALL
analyzed_bin
writev
108
1, 0x7fff2464aed0, 2
52
SYSCALL
analyzed_bin
writev
108
1, 0x7fff2464aed0, 2
98
SYSCALL
analyzed_bin
writev
108
1, 0x7fff2464aed0, 2
52
SYSCALL
analyzed_bin
writev
108
1, 0x7fff2464aed0, 2
98
SYSCALL
analyzed_bin
writev
108
1, 0x7fff2464aed0, 2
52
SYSCALL
analyzed_bin
writev
108
1, 0x7fff2464aed0, 2
98
SYSCALL
analyzed_bin
writev
108
1, 0x7fff2464aed0, 2
52
SYSCALL
analyzed_bin
writev
108
1, 0x7fff2464aed0, 2
98
SYSCALL
analyzed_bin
writev
108
1, 0x7fff2464aed0, 2
52
SYSCALL
analyzed_bin
writev
108
1, 0x7fff2464aed0, 2
98
SYSCALL
analyzed_bin
writev
108
1, 0x7fff2464aed0, 2
52
SYSCALL
analyzed_bin
writev
108
1, 0x7fff2464aed0, 2
98
SYSCALL
analyzed_bin
writev
108
1, 0x7fff2464aed0, 2
52
SYSCALL
analyzed_bin
writev
108
1, 0x7fff2464aed0, 2
98
SYSCALL
analyzed_bin
writev
108
1, 0x7fff2464aed0, 2
52
SYSCALL
analyzed_bin
writev
108
1, 0x7fff2464aed0, 2
98
SYSCALL
analyzed_bin
writev
108
1, 0x7fff2464aed0, 2
52
SYSCALL
analyzed_bin
writev
108
1, 0x7fff2464aed0, 2
98
SYSCALL
analyzed_bin
writev
108
1, 0x7fff2464aed0, 2
52
SYSCALL
analyzed_bin
writev
108
1, 0x7fff2464aed0, 2
98
SYSCALL
analyzed_bin
writev
108
1, 0x7fff2464aed0, 2
52
SYSCALL
analyzed_bin
writev
108
1, 0x7fff2464aed0, 2
98
SYSCALL
analyzed_bin
writev
108
1, 0x7fff2464aed0, 2
52
SYSCALL
analyzed_bin
writev
108
1, 0x7fff2464aed0, 2
98
SYSCALL
analyzed_bin
writev
108
1, 0x7fff2464aed0, 2
52
SYSCALL
analyzed_bin
writev
108
1, 0x7fff2464aed0, 2
98
SYSCALL
analyzed_bin
writev
108
1, 0x7fff2464aed0, 2
52
SYSCALL
analyzed_bin
writev
108
1, 0x7fff2464aed0, 2
98
SYSCALL
analyzed_bin
writev
108
1, 0x7fff2464aed0, 2
52
SYSCALL
analyzed_bin
writev
108
1, 0x7fff2464aed0, 2
98
SYSCALL
analyzed_bin
writev
108
1, 0x7fff2464aed0, 2
52
SYSCALL
analyzed_bin
writev
108
1, 0x7fff2464aed0, 2
98
SYSCALL
analyzed_bin
writev
108
1, 0x7fff2464aed0, 2
52
SYSCALL
analyzed_bin
writev
108
1, 0x7fff2464aed0, 2
98
SYSCALL
analyzed_bin
writev
108
1, 0x7fff2464aed0, 2
52
SYSCALL
analyzed_bin
writev
108
1, 0x7fff2464aed0, 2
98
SYSCALL
analyzed_bin
writev
108
1, 0x7fff2464aed0, 2
52
SYSCALL
analyzed_bin
writev
108
1, 0x7fff2464aed0, 2
98
SYSCALL
analyzed_bin
writev
108
1, 0x7fff2464aed0, 2
52
SYSCALL
analyzed_bin
writev
108
1, 0x7fff2464aed0, 2
98
SYSCALL
analyzed_bin
writev
108
1, 0x7fff2464aed0, 2
52
SYSCALL
analyzed_bin
writev
108
1, 0x7fff2464aed0, 2
98
SYSCALL
analyzed_bin
writev
108
1, 0x7fff2464aed0, 2
52
SYSCALL
analyzed_bin
writev
108
1, 0x7fff2464aed0, 2
98
SYSCALL
analyzed_bin
writev
108
1, 0x7fff2464aed0, 2
52
SYSCALL
analyzed_bin
writev
108
1, 0x7fff2464aed0, 2
98
SYSCALL
analyzed_bin
writev
108
1, 0x7fff2464aed0, 2
52
SYSCALL
analyzed_bin
writev
108
1, 0x7fff2464aed0, 2
98
SYSCALL
analyzed_bin
writev
108
1, 0x7fff2464aed0, 2
52
SYSCALL
analyzed_bin
writev
108
1, 0x7fff2464aed0, 2
98
SYSCALL
analyzed_bin
writev
108
1, 0x7fff2464aed0, 2
52
SYSCALL
analyzed_bin
writev
108
1, 0x7fff2464aed0, 2
98
SYSCALL
analyzed_bin
writev
108
1, 0x7fff2464aed0, 2
52
SYSCALL
analyzed_bin
writev
108
1, 0x7fff2464aed0, 2
98
SYSCALL
analyzed_bin
writev
108
1, 0x7fff2464aed0, 2
52
SYSCALL
analyzed_bin
writev
108
1, 0x7fff2464aed0, 2
98
SYSCALL
analyzed_bin
writev
108
1, 0x7fff2464aed0, 2
52
SYSCALL
analyzed_bin
writev
108
1, 0x7fff2464aed0, 2
98
SYSCALL
analyzed_bin
writev
108
1, 0x7fff2464aed0, 2
52
SYSCALL
analyzed_bin
writev
108
1, 0x7fff2464aed0, 2
98
SYSCALL
analyzed_bin
writev
108
1, 0x7fff2464aed0, 2
52
SYSCALL
analyzed_bin
writev
108
1, 0x7fff2464aed0, 2
98
SYSCALL
analyzed_bin
writev
108
1, 0x7fff2464aed0, 2
52
SYSCALL
analyzed_bin
writev
108
1, 0x7fff2464aed0, 2
98
SYSCALL
analyzed_bin
writev
108
1, 0x7fff2464aed0, 2
52
SYSCALL
analyzed_bin
writev
108
1, 0x7fff2464aed0, 2
98
SYSCALL
analyzed_bin
writev
108
1, 0x7fff2464aed0, 2
52
SYSCALL
analyzed_bin
writev
108
1, 0x7fff2464aed0, 2
98
SYSCALL
analyzed_bin
writev
108
1, 0x7fff2464aed0, 2
52
SYSCALL
analyzed_bin
writev
108
1, 0x7fff2464aed0, 2
98
SYSCALL
analyzed_bin
writev
108
1, 0x7fff2464aed0, 2
52
SYSCALL
analyzed_bin
writev
108
1, 0x7fff2464aed0, 2
98
SYSCALL
analyzed_bin
writev
108
1, 0x7fff2464aed0, 2
52
SYSCALL
analyzed_bin
writev
108
1, 0x7fff2464aed0, 2
98
SYSCALL
analyzed_bin
writev
108
1, 0x7fff2464aed0, 2
52
SYSCALL
analyzed_bin
writev
108
1, 0x7fff2464aed0, 2
98
SYSCALL
analyzed_bin
writev
108
1, 0x7fff2464aed0, 2
52
SYSCALL
analyzed_bin
writev
108
1, 0x7fff2464aed0, 2
98
SYSCALL
analyzed_bin
writev
108
1, 0x7fff2464aed0, 2
52
SYSCALL
analyzed_bin
writev
108
1, 0x7fff2464aed0, 2
98
SYSCALL
analyzed_bin
writev
108
1, 0x7fff2464aed0, 2
52
SYSCALL
analyzed_bin
writev
108
1, 0x7fff2464aed0, 2
98
SYSCALL
analyzed_bin
writev
108
1, 0x7fff2464aed0, 2
52
SYSCALL
analyzed_bin
writev
108
1, 0x7fff2464aed0, 2
98
SYSCALL
analyzed_bin
writev
108
1, 0x7fff2464aed0, 2
52
SYSCALL
analyzed_bin
writev
108
1, 0x7fff2464aed0, 2
98
SYSCALL
analyzed_bin
writev
108
1, 0x7fff2464aed0, 2
52
SYSCALL
analyzed_bin
writev
108
1, 0x7fff2464aed0, 2
98
SYSCALL
analyzed_bin
writev
108
1, 0x7fff2464aed0, 2
52
SYSCALL
analyzed_bin
writev
108
1, 0x7fff2464aed0, 2
98
SYSCALL
analyzed_bin
writev
108
1, 0x7fff2464aed0, 2
52
SYSCALL
analyzed_bin
writev
108
1, 0x7fff2464aed0, 2
98
SYSCALL
analyzed_bin
writev
108
1, 0x7fff2464aed0, 2
52
SYSCALL
analyzed_bin
writev
108
1, 0x7fff2464aed0, 2
98
SYSCALL
analyzed_bin
writev
108
1, 0x7fff2464aed0, 2
52
SYSCALL
analyzed_bin
writev
108
1, 0x7fff2464aed0, 2
98
SYSCALL
analyzed_bin
writev
108
1, 0x7fff2464aed0, 2
52
SYSCALL
analyzed_bin
writev
108
1, 0x7fff2464aed0, 2
98
SYSCALL
analyzed_bin
writev
108
1, 0x7fff2464aed0, 2
52
SYSCALL
analyzed_bin
writev
108
1, 0x7fff2464aed0, 2
98
SYSCALL
analyzed_bin
writev
108
1, 0x7fff2464aed0, 2
52
SYSCALL
analyzed_bin
writev
108
1, 0x7fff2464aed0, 2
98
SYSCALL
analyzed_bin
writev
108
1, 0x7fff2464aed0, 2
52
SYSCALL
analyzed_bin
writev
108
1, 0x7fff2464aed0, 2
98
SYSCALL
analyzed_bin
writev
108
1, 0x7fff2464aed0, 2
52
SYSCALL
analyzed_bin
writev
108
1, 0x7fff2464aed0, 2
98
SYSCALL
analyzed_bin
writev
108
1, 0x7fff2464aed0, 2
52
SYSCALL
analyzed_bin
writev
108
1, 0x7fff2464aed0, 2
98
SYSCALL
analyzed_bin
writev
108
1, 0x7fff2464aed0, 2
52
SYSCALL
analyzed_bin
writev
108
1, 0x7fff2464aed0, 2
98
SYSCALL
analyzed_bin
writev
108
1, 0x7fff2464aed0, 2
52
SYSCALL
analyzed_bin
writev
108
1, 0x7fff2464aed0, 2
98
SYSCALL
analyzed_bin
writev
108
1, 0x7fff2464aed0, 2
52
SYSCALL
analyzed_bin
writev
108
1, 0x7fff2464aed0, 2
98
SYSCALL
analyzed_bin
writev
108
1, 0x7fff2464aed0, 2
52
SYSCALL
analyzed_bin
writev
108
1, 0x7fff2464aed0, 2
98
SYSCALL
analyzed_bin
writev
108
1, 0x7fff2464aed0, 2
52
SYSCALL
analyzed_bin
writev
108
1, 0x7fff2464aed0, 2
98
SYSCALL
analyzed_bin
writev
108
1, 0x7fff2464aed0, 2
52
SYSCALL
analyzed_bin
writev
108
1, 0x7fff2464aed0, 2
98
SYSCALL
analyzed_bin
writev
108
1, 0x7fff2464aed0, 2
52
SYSCALL
analyzed_bin
writev
108
1, 0x7fff2464aed0, 2
98
SYSCALL
analyzed_bin
writev
108
1, 0x7fff2464aed0, 2
52
SYSCALL
analyzed_bin
writev
108
1, 0x7fff2464aed0, 2
98
SYSCALL
analyzed_bin
writev
108
1, 0x7fff2464aed0, 2
52
SYSCALL
analyzed_bin
writev
108
1, 0x7fff2464aed0, 2
98
SYSCALL
analyzed_bin
writev
108
1, 0x7fff2464aed0, 2
52
SYSCALL
analyzed_bin
writev
108
1, 0x7fff2464aed0, 2
98
SYSCALL
analyzed_bin
writev
108
1, 0x7fff2464aed0, 2
52
SYSCALL
analyzed_bin
writev
108
1, 0x7fff2464aed0, 2
98
SYSCALL
analyzed_bin
writev
108
1, 0x7fff2464aed0, 2
52
SYSCALL
analyzed_bin
writev
108
1, 0x7fff2464aed0, 2
98
SYSCALL
analyzed_bin
writev
108
1, 0x7fff2464aed0, 2
52
SYSCALL
analyzed_bin
writev
108
1, 0x7fff2464aed0, 2
98
SYSCALL
analyzed_bin
writev
108
1, 0x7fff2464aed0, 2
52
SYSCALL
analyzed_bin
writev
108
1, 0x7fff2464aed0, 2
98
SYSCALL
analyzed_bin
writev
108
1, 0x7fff2464aed0, 2
52
SYSCALL
analyzed_bin
writev
108
1, 0x7fff2464aed0, 2
98
SYSCALL
analyzed_bin
writev
108
1, 0x7fff2464aed0, 2
52
SYSCALL
analyzed_bin
writev
108
1, 0x7fff2464aed0, 2
98
SYSCALL
analyzed_bin
writev
108
1, 0x7fff2464aed0, 2
52
SYSCALL
analyzed_bin
writev
108
1, 0x7fff2464aed0, 2
98
SYSCALL
analyzed_bin
writev
108
1, 0x7fff2464aed0, 2
52
SYSCALL
analyzed_bin
writev
108
1, 0x7fff2464aed0, 2
98
SYSCALL
analyzed_bin
writev
108
1, 0x7fff2464aed0, 2
52
SYSCALL
analyzed_bin
writev
108
1, 0x7fff2464aed0, 2
98
SYSCALL
analyzed_bin
writev
108
1, 0x7fff2464aed0, 2
52
SYSCALL
analyzed_bin
writev
108
1, 0x7fff2464aed0, 2
98
SYSCALL
analyzed_bin
writev
108
1, 0x7fff2464aed0, 2
52
SYSCALL
analyzed_bin
writev
108
1, 0x7fff2464aed0, 2
98
SYSCALL
analyzed_bin
writev
108
1, 0x7fff2464aed0, 2
52
SYSCALL
analyzed_bin
writev
108
1, 0x7fff2464aed0, 2
98
SYSCALL
analyzed_bin
writev
108
1, 0x7fff2464aed0, 2
52
SYSCALL
analyzed_bin
writev
108
1, 0x7fff2464aed0, 2
98
SYSCALL
analyzed_bin
writev
108
1, 0x7fff2464aed0, 2
52
SYSCALL
analyzed_bin
writev
108
1, 0x7fff2464aed0, 2
98
SYSCALL
analyzed_bin
writev
108
1, 0x7fff2464aed0, 2
52
SYSCALL
analyzed_bin
writev
108
1, 0x7fff2464aed0, 2
98
SYSCALL
analyzed_bin
writev
108
1, 0x7fff2464aed0, 2
52
SYSCALL
analyzed_bin
writev
108
1, 0x7fff2464aed0, 2
98
SYSCALL
analyzed_bin
writev
108
1, 0x7fff2464aed0, 2
52
SYSCALL
analyzed_bin
writev
108
1, 0x7fff2464aed0, 2
98
SYSCALL
analyzed_bin
writev
108
1, 0x7fff2464aed0, 2
52
SYSCALL
analyzed_bin
writev
108
1, 0x7fff2464aed0, 2
98
SYSCALL
analyzed_bin
writev
108
1, 0x7fff2464aed0, 2
52
SYSCALL
analyzed_bin
writev
108
1, 0x7fff2464aed0, 2
98
SYSCALL
analyzed_bin
writev
108
1, 0x7fff2464aed0, 2
52
SYSCALL
analyzed_bin
writev
108
1, 0x7fff2464aed0, 2
98
SYSCALL
analyzed_bin
writev
108
1, 0x7fff2464aed0, 2
52
SYSCALL
analyzed_bin
writev
108
1, 0x7fff2464aed0, 2
98
SYSCALL
analyzed_bin
writev
108
1, 0x7fff2464aed0, 2
52
SYSCALL
analyzed_bin
writev
108
1, 0x7fff2464aed0, 2
98
SYSCALL
analyzed_bin
writev
108
1, 0x7fff2464aed0, 2
52
SYSCALL
analyzed_bin
writev
108
1, 0x7fff2464aed0, 2
98
SYSCALL
analyzed_bin
writev
108
1, 0x7fff2464aed0, 2
52
SYSCALL
analyzed_bin
writev
108
1, 0x7fff2464aed0, 2
98
SYSCALL
analyzed_bin
writev
108
1, 0x7fff2464aed0, 2
52
SYSCALL
analyzed_bin
writev
108
1, 0x7fff2464aed0, 2
98
SYSCALL
analyzed_bin
writev
108
1, 0x7fff2464aed0, 2
52
SYSCALL
analyzed_bin
writev
108
1, 0x7fff2464aed0, 2
98
SYSCALL
analyzed_bin
writev
108
1, 0x7fff2464aed0, 2
52
SYSCALL
analyzed_bin
writev
108
1, 0x7fff2464aed0, 2
98
SYSCALL
analyzed_bin
writev
108
1, 0x7fff2464aed0, 2
52
SYSCALL
analyzed_bin
writev
108
1, 0x7fff2464aed0, 2
98
SYSCALL
analyzed_bin
writev
108
1, 0x7fff2464aed0, 2
52
SYSCALL
analyzed_bin
writev
108
1, 0x7fff2464aed0, 2
98
SYSCALL
analyzed_bin
writev
108
1, 0x7fff2464aed0, 2
52
SYSCALL
analyzed_bin
writev
108
1, 0x7fff2464aed0, 2
98
SYSCALL
analyzed_bin
writev
108
1, 0x7fff2464aed0, 2
52
SYSCALL
analyzed_bin
writev
108
1, 0x7fff2464aed0, 2
98
SYSCALL
analyzed_bin
writev
108
1, 0x7fff2464aed0, 2
52
SYSCALL
analyzed_bin
writev
108
1, 0x7fff2464aed0, 2
98
SYSCALL
analyzed_bin
writev
108
1, 0x7fff2464aed0, 2
52
SYSCALL
analyzed_bin
writev
108
1, 0x7fff2464aed0, 2
98
SYSCALL
analyzed_bin
writev
108
1, 0x7fff2464aed0, 2
52
SYSCALL
analyzed_bin
writev
108
1, 0x7fff2464aed0, 2
98
SYSCALL
analyzed_bin
writev
108
1, 0x7fff2464aed0, 2
52
SYSCALL
analyzed_bin
writev
108
1, 0x7fff2464aed0, 2
98
SYSCALL
analyzed_bin
writev
108
1, 0x7fff2464aed0, 2
52
SYSCALL
analyzed_bin
writev
108
1, 0x7fff2464aed0, 2
98
SYSCALL
analyzed_bin
writev
108
1, 0x7fff2464aed0, 2
52
SYSCALL
analyzed_bin
writev
108
1, 0x7fff2464aed0, 2
98
SYSCALL
analyzed_bin
writev
108
1, 0x7fff2464aed0, 2
52
SYSCALL
analyzed_bin
writev
108
1, 0x7fff2464aed0, 2
98
SYSCALL
analyzed_bin
writev
108
1, 0x7fff2464aed0, 2
52
SYSCALL
analyzed_bin
writev
108
1, 0x7fff2464aed0, 2
98
SYSCALL
analyzed_bin
writev
108
1, 0x7fff2464aed0, 2
52
SYSCALL
analyzed_bin
writev
108
1, 0x7fff2464aed0, 2
98
SYSCALL
analyzed_bin
writev
108
1, 0x7fff2464aed0, 2
52
SYSCALL
analyzed_bin
writev
108
1, 0x7fff2464aed0, 2
98
SYSCALL
analyzed_bin
writev
108
1, 0x7fff2464aed0, 2
52
SYSCALL
analyzed_bin
writev
108
1, 0x7fff2464aed0, 2
98
SYSCALL
analyzed_bin
writev
108
1, 0x7fff2464aed0, 2
52
SYSCALL
analyzed_bin
writev
108
1, 0x7fff2464aed0, 2
98
SYSCALL
analyzed_bin
writev
108
1, 0x7fff2464aed0, 2
52
SYSCALL
analyzed_bin
writev
108
1, 0x7fff2464aed0, 2
98
SYSCALL
analyzed_bin
writev
108
1, 0x7fff2464aed0, 2
52
SYSCALL
analyzed_bin
writev
108
1, 0x7fff2464aed0, 2
98
SYSCALL
analyzed_bin
writev
108
1, 0x7fff2464aed0, 2
52
SYSCALL
analyzed_bin
writev
108
1, 0x7fff2464aed0, 2
98
SYSCALL
analyzed_bin
writev
108
1, 0x7fff2464aed0, 2
52
SYSCALL
analyzed_bin
writev
108
1, 0x7fff2464aed0, 2
98
SYSCALL
analyzed_bin
writev
108
1, 0x7fff2464aed0, 2
52
SYSCALL
analyzed_bin
writev
108
1, 0x7fff2464aed0, 2
98
SYSCALL
analyzed_bin
writev
108
1, 0x7fff2464aed0, 2
52
SYSCALL
analyzed_bin
writev
108
1, 0x7fff2464aed0, 2
98
SYSCALL
analyzed_bin
writev
108
1, 0x7fff2464aed0, 2
52
SYSCALL
analyzed_bin
writev
108
1, 0x7fff2464aed0, 2
98
SYSCALL
analyzed_bin
writev
108
1, 0x7fff2464aed0, 2
52
SYSCALL
analyzed_bin
writev
108
1, 0x7fff2464aed0, 2
98
SYSCALL
analyzed_bin
writev
108
1, 0x7fff2464aed0, 2
52
SYSCALL
analyzed_bin
writev
108
1, 0x7fff2464aed0, 2
98
SYSCALL
analyzed_bin
writev
108
1, 0x7fff2464aed0, 2
52
SYSCALL
analyzed_bin
writev
108
1, 0x7fff2464aed0, 2
98
SYSCALL
analyzed_bin
writev
108
1, 0x7fff2464aed0, 2
52
SYSCALL
analyzed_bin
writev
108
1, 0x7fff2464aed0, 2
98
SYSCALL
analyzed_bin
writev
108
1, 0x7fff2464aed0, 2
52
SYSCALL
analyzed_bin
writev
108
1, 0x7fff2464aed0, 2
98
SYSCALL
analyzed_bin
writev
108
1, 0x7fff2464aed0, 2
52
SYSCALL
analyzed_bin
writev
108
1, 0x7fff2464aed0, 2
98
SYSCALL
analyzed_bin
writev
108
1, 0x7fff2464aed0, 2
52
SYSCALL
analyzed_bin
writev
108
1, 0x7fff2464aed0, 2
98
SYSCALL
analyzed_bin
writev
108
1, 0x7fff2464aed0, 2
52
SYSCALL
analyzed_bin
writev
108
1, 0x7fff2464aed0, 2
98
SYSCALL
analyzed_bin
writev
108
1, 0x7fff2464aed0, 2
52
SYSCALL
analyzed_bin
writev
108
1, 0x7fff2464aed0, 2
98
SYSCALL
analyzed_bin
writev
108
1, 0x7fff2464aed0, 2
52
SYSCALL
analyzed_bin
writev
108
1, 0x7fff2464aed0, 2
98
SYSCALL
analyzed_bin
writev
108
1, 0x7fff2464aed0, 2
52
SYSCALL
analyzed_bin
writev
108
1, 0x7fff2464aed0, 2
98
SYSCALL
analyzed_bin
writev
108
1, 0x7fff2464aed0, 2
52
SYSCALL
analyzed_bin
writev
108
1, 0x7fff2464aed0, 2
98
SYSCALL
analyzed_bin
writev
108
1, 0x7fff2464aed0, 2
52
SYSCALL
analyzed_bin
writev
108
1, 0x7fff2464aed0, 2
98
SYSCALL
analyzed_bin
writev
108
1, 0x7fff2464aed0, 2
52
SYSCALL
analyzed_bin
writev
108
1, 0x7fff2464aed0, 2
98
SYSCALL
analyzed_bin
writev
108
1, 0x7fff2464aed0, 2
52
SYSCALL
analyzed_bin
writev
108
1, 0x7fff2464aed0, 2
98
SYSCALL
analyzed_bin
writev
108
1, 0x7fff2464aed0, 2
52
SYSCALL
analyzed_bin
writev
108
1, 0x7fff2464aed0, 2
98
SYSCALL
analyzed_bin
writev
108
1, 0x7fff2464aed0, 2
52
SYSCALL
analyzed_bin
writev
108
1, 0x7fff2464aed0, 2
98
SYSCALL
analyzed_bin
writev
108
1, 0x7fff2464aed0, 2
52
SYSCALL
analyzed_bin
writev
108
1, 0x7fff2464aed0, 2
98
SYSCALL
analyzed_bin
writev
108
1, 0x7fff2464aed0, 2
52
SYSCALL
analyzed_bin
writev
108
1, 0x7fff2464aed0, 2
98
SYSCALL
analyzed_bin
writev
108
1, 0x7fff2464aed0, 2
52
SYSCALL
analyzed_bin
writev
108
1, 0x7fff2464aed0, 2
98
SYSCALL
analyzed_bin
writev
108
1, 0x7fff2464aed0, 2
52
SYSCALL
analyzed_bin
writev
108
1, 0x7fff2464aed0, 2
98
SYSCALL
analyzed_bin
writev
108
1, 0x7fff2464aed0, 2
52
SYSCALL
analyzed_bin
writev
108
1, 0x7fff2464aed0, 2
98
SYSCALL
analyzed_bin
writev
108
1, 0x7fff2464aed0, 2
52
SYSCALL
analyzed_bin
writev
108
1, 0x7fff2464aed0, 2
98
SYSCALL
analyzed_bin
writev
108
1, 0x7fff2464aed0, 2
52
SYSCALL
analyzed_bin
writev
108
1, 0x7fff2464aed0, 2
98
SYSCALL
analyzed_bin
writev
108
1, 0x7fff2464aed0, 2
52
SYSCALL
analyzed_bin
writev
108
1, 0x7fff2464aed0, 2
98
SYSCALL
analyzed_bin
writev
108
1, 0x7fff2464aed0, 2
52
SYSCALL
analyzed_bin
writev
108
1, 0x7fff2464aed0, 2
98
SYSCALL
analyzed_bin
writev
108
1, 0x7fff2464aed0, 2
52
SYSCALL
analyzed_bin
writev
108
1, 0x7fff2464aed0, 2
98
SYSCALL
analyzed_bin
writev
108
1, 0x7fff2464aed0, 2
52
SYSCALL
analyzed_bin
writev
108
1, 0x7fff2464aed0, 2
98
SYSCALL
analyzed_bin
writev
108
1, 0x7fff2464aed0, 2
52
SYSCALL
analyzed_bin
writev
108
1, 0x7fff2464aed0, 2
98
SYSCALL
analyzed_bin
writev
108
1, 0x7fff2464aed0, 2
52
SYSCALL
analyzed_bin
writev
108
1, 0x7fff2464aed0, 2
98
SYSCALL
analyzed_bin
writev
108
1, 0x7fff2464aed0, 2
52
SYSCALL
analyzed_bin
writev
108
1, 0x7fff2464aed0, 2
98
SYSCALL
analyzed_bin
writev
108
1, 0x7fff2464aed0, 2
52
SYSCALL
analyzed_bin
writev
108
1, 0x7fff2464aed0, 2
98
SYSCALL
analyzed_bin
writev
108
1, 0x7fff2464aed0, 2
52
SYSCALL
analyzed_bin
writev
108
1, 0x7fff2464aed0, 2
98
SYSCALL
analyzed_bin
writev
108
1, 0x7fff2464aed0, 2
52
SYSCALL
analyzed_bin
writev
108
1, 0x7fff2464aed0, 2
98
SYSCALL
analyzed_bin
writev
108
1, 0x7fff2464aed0, 2
52
SYSCALL
analyzed_bin
writev
108
1, 0x7fff2464aed0, 2
98
SYSCALL
analyzed_bin
writev
108
1, 0x7fff2464aed0, 2
52
SYSCALL
analyzed_bin
writev
108
1, 0x7fff2464aed0, 2
98
SYSCALL
analyzed_bin
writev
108
1, 0x7fff2464aed0, 2
52
SYSCALL
analyzed_bin
writev
108
1, 0x7fff2464aed0, 2
98
SYSCALL
analyzed_bin
writev
108
1, 0x7fff2464aed0, 2
52
SYSCALL
analyzed_bin
writev
108
1, 0x7fff2464aed0, 2
98
SYSCALL
analyzed_bin
writev
108
1, 0x7fff2464aed0, 2
52
SYSCALL
analyzed_bin
writev
108
1, 0x7fff2464aed0, 2
98
SYSCALL
analyzed_bin
writev
108
1, 0x7fff2464aed0, 2
52
SYSCALL
analyzed_bin
writev
108
1, 0x7fff2464aed0, 2
98
SYSCALL
analyzed_bin
writev
108
1, 0x7fff2464aed0, 2
52
SYSCALL
analyzed_bin
writev
108
1, 0x7fff2464aed0, 2
98
SYSCALL
analyzed_bin
writev
108
1, 0x7fff2464aed0, 2
52
SYSCALL
analyzed_bin
writev
108
1, 0x7fff2464aed0, 2
98
SYSCALL
analyzed_bin
writev
108
1, 0x7fff2464aed0, 2
52
SYSCALL
analyzed_bin
writev
108
1, 0x7fff2464aed0, 2
98
SYSCALL
analyzed_bin
writev
108
1, 0x7fff2464aed0, 2
52
SYSCALL
analyzed_bin
writev
108
1, 0x7fff2464aed0, 2
98
SYSCALL
analyzed_bin
writev
108
1, 0x7fff2464aed0, 2
52
SYSCALL
analyzed_bin
writev
108
1, 0x7fff2464aed0, 2
98
SYSCALL
analyzed_bin
writev
108
1, 0x7fff2464aed0, 2
52
SYSCALL
analyzed_bin
writev
108
1, 0x7fff2464aed0, 2
98
SYSCALL
analyzed_bin
writev
108
1, 0x7fff2464aed0, 2
52
SYSCALL
analyzed_bin
writev
108
1, 0x7fff2464aed0, 2
98
SYSCALL
analyzed_bin
writev
108
1, 0x7fff2464aed0, 2
52
SYSCALL
analyzed_bin
writev
108
1, 0x7fff2464aed0, 2
98
SYSCALL
analyzed_bin
writev
108
1, 0x7fff2464aed0, 2
52
SYSCALL
analyzed_bin
writev
108
1, 0x7fff2464aed0, 2
98
SYSCALL
analyzed_bin
writev
108
1, 0x7fff2464aed0, 2
52
SYSCALL
analyzed_bin
writev
108
1, 0x7fff2464aed0, 2
98
SYSCALL
analyzed_bin
writev
108
1, 0x7fff2464aed0, 2
52
SYSCALL
analyzed_bin
writev
108
1, 0x7fff2464aed0, 2
98
SYSCALL
analyzed_bin
writev
108
1, 0x7fff2464aed0, 2
52
SYSCALL
analyzed_bin
writev
108
1, 0x7fff2464aed0, 2
98
SYSCALL
analyzed_bin
writev
108
1, 0x7fff2464aed0, 2
52
SYSCALL
analyzed_bin
writev
108
1, 0x7fff2464aed0, 2
98
SYSCALL
analyzed_bin
writev
108
1, 0x7fff2464aed0, 2
52
SYSCALL
analyzed_bin
writev
108
1, 0x7fff2464aed0, 2
98
SYSCALL
analyzed_bin
writev
108
1, 0x7fff2464aed0, 2
52
SYSCALL
analyzed_bin
writev
108
1, 0x7fff2464aed0, 2
98
SYSCALL
analyzed_bin
writev
108
1, 0x7fff2464aed0, 2
52
SYSCALL
analyzed_bin
writev
108
1, 0x7fff2464aed0, 2
98
SYSCALL
analyzed_bin
writev
108
1, 0x7fff2464aed0, 2
52
SYSCALL
analyzed_bin
writev
108
1, 0x7fff2464aed0, 2
98
SYSCALL
analyzed_bin
writev
108
1, 0x7fff2464aed0, 2
52
SYSCALL
analyzed_bin
writev
108
1, 0x7fff2464aed0, 2
98
SYSCALL
analyzed_bin
writev
108
1, 0x7fff2464aed0, 2
52
SYSCALL
analyzed_bin
writev
108
1, 0x7fff2464aed0, 2
98
SYSCALL
analyzed_bin
writev
108
1, 0x7fff2464aed0, 2
52
SYSCALL
analyzed_bin
writev
108
1, 0x7fff2464aed0, 2
98
SYSCALL
analyzed_bin
writev
108
1, 0x7fff2464aed0, 2
52
SYSCALL
analyzed_bin
writev
108
1, 0x7fff2464aed0, 2
98
SYSCALL
analyzed_bin
writev
108
1, 0x7fff2464aed0, 2
52
SYSCALL
analyzed_bin
writev
108
1, 0x7fff2464aed0, 2
98
SYSCALL
analyzed_bin
writev
108
1, 0x7fff2464aed0, 2
52
SYSCALL
analyzed_bin
writev
108
1, 0x7fff2464aed0, 2
98
SYSCALL
analyzed_bin
writev
108
1, 0x7fff2464aed0, 2
52
SYSCALL
analyzed_bin
writev
108
1, 0x7fff2464aed0, 2
98
SYSCALL
analyzed_bin
writev
108
1, 0x7fff2464aed0, 2
52
SYSCALL
analyzed_bin
writev
108
1, 0x7fff2464aed0, 2
98
SYSCALL
analyzed_bin
writev
108
1, 0x7fff2464aed0, 2
52
SYSCALL
analyzed_bin
writev
108
1, 0x7fff2464aed0, 2
98
SYSCALL
analyzed_bin
writev
108
1, 0x7fff2464aed0, 2
52
SYSCALL
analyzed_bin
writev
108
1, 0x7fff2464aed0, 2
98
SYSCALL
analyzed_bin
writev
108
1, 0x7fff2464aed0, 2
52
SYSCALL
analyzed_bin
writev
108
1, 0x7fff2464aed0, 2
98
SYSCALL
analyzed_bin
writev
108
1, 0x7fff2464aed0, 2
52
SYSCALL
analyzed_bin
writev
108
1, 0x7fff2464aed0, 2
98
SYSCALL
analyzed_bin
writev
108
1, 0x7fff2464aed0, 2
52
SYSCALL
analyzed_bin
writev
108
1, 0x7fff2464aed0, 2
98
SYSCALL
analyzed_bin
writev
108
1, 0x7fff2464aed0, 2
52
SYSCALL
analyzed_bin
writev
108
1, 0x7fff2464aed0, 2
98
SYSCALL
analyzed_bin
writev
108
1, 0x7fff2464aed0, 2
52
SYSCALL
analyzed_bin
writev
108
1, 0x7fff2464aed0, 2
98
SYSCALL
analyzed_bin
writev
108
1, 0x7fff2464aed0, 2
52
SYSCALL
analyzed_bin
writev
108
1, 0x7fff2464aed0, 2
98
SYSCALL
analyzed_bin
writev
108
1, 0x7fff2464aed0, 2
52
SYSCALL
analyzed_bin
writev
108
1, 0x7fff2464aed0, 2
98
SYSCALL
analyzed_bin
writev
108
1, 0x7fff2464aed0, 2
52
SYSCALL
analyzed_bin
writev
108
1, 0x7fff2464aed0, 2
98
SYSCALL
analyzed_bin
writev
108
1, 0x7fff2464aed0, 2
52
SYSCALL
analyzed_bin
writev
108
1, 0x7fff2464aed0, 2
98
SYSCALL
analyzed_bin
writev
108
1, 0x7fff2464aed0, 2
52
SYSCALL
analyzed_bin
writev
108
1, 0x7fff2464aed0, 2
98
SYSCALL
analyzed_bin
writev
108
1, 0x7fff2464aed0, 2
52
SYSCALL
analyzed_bin
writev
108
1, 0x7fff2464aed0, 2
98
SYSCALL
analyzed_bin
writev
108
1, 0x7fff2464aed0, 2
52
SYSCALL
analyzed_bin
writev
108
1, 0x7fff2464aed0, 2
98
SYSCALL
analyzed_bin
writev
108
1, 0x7fff2464aed0, 2
52
SYSCALL
analyzed_bin
writev
108
1, 0x7fff2464aed0, 2
98
SYSCALL
analyzed_bin
writev
108
1, 0x7fff2464aed0, 2
52
SYSCALL
analyzed_bin
writev
108
1, 0x7fff2464aed0, 2
98
SYSCALL
analyzed_bin
writev
108
1, 0x7fff2464aed0, 2
52
SYSCALL
analyzed_bin
writev
108
1, 0x7fff2464aed0, 2
98
SYSCALL
analyzed_bin
writev
108
1, 0x7fff2464aed0, 2
52
SYSCALL
analyzed_bin
writev
108
1, 0x7fff2464aed0, 2
98
SYSCALL
analyzed_bin
writev
108
1, 0x7fff2464aed0, 2
52
SYSCALL
analyzed_bin
writev
108
1, 0x7fff2464aed0, 2
98
SYSCALL
analyzed_bin
writev
108
1, 0x7fff2464aed0, 2
52
SYSCALL
analyzed_bin
writev
108
1, 0x7fff2464aed0, 2
98
SYSCALL
analyzed_bin
writev
108
1, 0x7fff2464aed0, 2
52
SYSCALL
analyzed_bin
writev
108
1, 0x7fff2464aed0, 2
98
SYSCALL
analyzed_bin
writev
108
1, 0x7fff2464aed0, 2
52
SYSCALL
analyzed_bin
writev
108
1, 0x7fff2464aed0, 2
98
SYSCALL
analyzed_bin
writev
108
1, 0x7fff2464aed0, 2
52
SYSCALL
analyzed_bin
writev
108
1, 0x7fff2464aed0, 2
98
SYSCALL
analyzed_bin
writev
108
1, 0x7fff2464aed0, 2
52
SYSCALL
analyzed_bin
writev
108
1, 0x7fff2464aed0, 2
98
SYSCALL
analyzed_bin
writev
108
1, 0x7fff2464aed0, 2
52
SYSCALL
analyzed_bin
writev
108
1, 0x7fff2464aed0, 2
98
SYSCALL
analyzed_bin
writev
108
1, 0x7fff2464aed0, 2
52
SYSCALL
analyzed_bin
writev
108
1, 0x7fff2464aed0, 2
98
SYSCALL
analyzed_bin
writev
108
1, 0x7fff2464aed0, 2
52
SYSCALL
analyzed_bin
writev
108
1, 0x7fff2464aed0, 2
98
SYSCALL
analyzed_bin
writev
108
1, 0x7fff2464aed0, 2
52
SYSCALL
analyzed_bin
writev
108
1, 0x7fff2464aed0, 2
98
SYSCALL
analyzed_bin
writev
108
1, 0x7fff2464aed0, 2
52
SYSCALL
analyzed_bin
writev
108
1, 0x7fff2464aed0, 2
98
SYSCALL
analyzed_bin
writev
108
1, 0x7fff2464aed0, 2
52
SYSCALL
analyzed_bin
writev
108
1, 0x7fff2464aed0, 2
98
SYSCALL
analyzed_bin
writev
108
1, 0x7fff2464aed0, 2
52
SYSCALL
analyzed_bin
writev
108
1, 0x7fff2464aed0, 2
98
SYSCALL
analyzed_bin
writev
108
1, 0x7fff2464aed0, 2
52
SYSCALL
analyzed_bin
writev
108
1, 0x7fff2464aed0, 2
98
SYSCALL
analyzed_bin
writev
108
1, 0x7fff2464aed0, 2
52
SYSCALL
analyzed_bin
writev
108
1, 0x7fff2464aed0, 2
98
SYSCALL
analyzed_bin
writev
108
1, 0x7fff2464aed0, 2
52
SYSCALL
analyzed_bin
writev
108
1, 0x7fff2464aed0, 2
98
SYSCALL
analyzed_bin
writev
108
1, 0x7fff2464aed0, 2
52
SYSCALL
analyzed_bin
writev
108
1, 0x7fff2464aed0, 2
98
SYSCALL
analyzed_bin
writev
108
1, 0x7fff2464aed0, 2
52
SYSCALL
analyzed_bin
writev
108
1, 0x7fff2464aed0, 2
98
SYSCALL
analyzed_bin
writev
108
1, 0x7fff2464aed0, 2
52
SYSCALL
analyzed_bin
writev
108
1, 0x7fff2464aed0, 2
98
SYSCALL
analyzed_bin
writev
108
1, 0x7fff2464aed0, 2
52
SYSCALL
analyzed_bin
writev
108
1, 0x7fff2464aed0, 2
98
SYSCALL
analyzed_bin
writev
108
1, 0x7fff2464aed0, 2
52
SYSCALL
analyzed_bin
writev
108
1, 0x7fff2464aed0, 2
98
SYSCALL
analyzed_bin
writev
108
1, 0x7fff2464aed0, 2
52
SYSCALL
analyzed_bin
writev
108
1, 0x7fff2464aed0, 2
98
SYSCALL
analyzed_bin
writev
108
1, 0x7fff2464aed0, 2
52
SYSCALL
analyzed_bin
writev
108
1, 0x7fff2464aed0, 2
98
SYSCALL
analyzed_bin
writev
108
1, 0x7fff2464aed0, 2
52
SYSCALL
analyzed_bin
writev
108
1, 0x7fff2464aed0, 2
98
SYSCALL
analyzed_bin
writev
108
1, 0x7fff2464aed0, 2
52
SYSCALL
analyzed_bin
writev
108
1, 0x7fff2464aed0, 2
98
SYSCALL
analyzed_bin
writev
108
1, 0x7fff2464aed0, 2
52
SYSCALL
analyzed_bin
writev
108
1, 0x7fff2464aed0, 2
98
SYSCALL
analyzed_bin
writev
108
1, 0x7fff2464aed0, 2
52
SYSCALL
analyzed_bin
writev
108
1, 0x7fff2464aed0, 2
98
SYSCALL
analyzed_bin
writev
108
1, 0x7fff2464aed0, 2
52
SYSCALL
analyzed_bin
writev
108
1, 0x7fff2464aed0, 2
98
SYSCALL
analyzed_bin
writev
108
1, 0x7fff2464aed0, 2
52
SYSCALL
analyzed_bin
writev
108
1, 0x7fff2464aed0, 2
98
SYSCALL
analyzed_bin
writev
108
1, 0x7fff2464aed0, 2
52
SYSCALL
analyzed_bin
writev
108
1, 0x7fff2464aed0, 2
98
SYSCALL
analyzed_bin
writev
108
1, 0x7fff2464aed0, 2
52
SYSCALL
analyzed_bin
writev
108
1, 0x7fff2464aed0, 2
98
SYSCALL
analyzed_bin
writev
108
1, 0x7fff2464aed0, 2
52
SYSCALL
analyzed_bin
writev
108
1, 0x7fff2464aed0, 2
98
SYSCALL
analyzed_bin
writev
108
1, 0x7fff2464aed0, 2
52
SYSCALL
analyzed_bin
writev
108
1, 0x7fff2464aed0, 2
98
SYSCALL
analyzed_bin
writev
108
1, 0x7fff2464aed0, 2
52
SYSCALL
analyzed_bin
writev
108
1, 0x7fff2464aed0, 2
98
SYSCALL
analyzed_bin
writev
108
1, 0x7fff2464aed0, 2
52
SYSCALL
analyzed_bin
writev
108
1, 0x7fff2464aed0, 2
98
SYSCALL
analyzed_bin
writev
108
1, 0x7fff2464aed0, 2
52
SYSCALL
analyzed_bin
writev
108
1, 0x7fff2464aed0, 2
98
SYSCALL
analyzed_bin
writev
108
1, 0x7fff2464aed0, 2
52
SYSCALL
analyzed_bin
writev
108
1, 0x7fff2464aed0, 2
98
SYSCALL
analyzed_bin
writev
108
1, 0x7fff2464aed0, 2
52
SYSCALL
analyzed_bin
writev
108
1, 0x7fff2464aed0, 2
98
SYSCALL
analyzed_bin
writev
108
1, 0x7fff2464aed0, 2
52
SYSCALL
analyzed_bin
writev
108
1, 0x7fff2464aed0, 2
98
SYSCALL
analyzed_bin
writev
108
1, 0x7fff2464aed0, 2
52
SYSCALL
analyzed_bin
writev
108
1, 0x7fff2464aed0, 2
98
SYSCALL
analyzed_bin
writev
108
1, 0x7fff2464aed0, 2
52
SYSCALL
analyzed_bin
writev
108
1, 0x7fff2464aed0, 2
98
SYSCALL
analyzed_bin
writev
108
1, 0x7fff2464aed0, 2
52
SYSCALL
analyzed_bin
writev
108
1, 0x7fff2464aed0, 2
98
SYSCALL
analyzed_bin
writev
108
1, 0x7fff2464aed0, 2
52
SYSCALL
analyzed_bin
writev
108
1, 0x7fff2464aed0, 2
98
SYSCALL
analyzed_bin
writev
108
1, 0x7fff2464aed0, 2
52
SYSCALL
analyzed_bin
writev
108
1, 0x7fff2464aed0, 2
98
SYSCALL
analyzed_bin
writev
108
1, 0x7fff2464aed0, 2
52
SYSCALL
analyzed_bin
writev
108
1, 0x7fff2464aed0, 2
98
SYSCALL
analyzed_bin
writev
108
1, 0x7fff2464aed0, 2
52
SYSCALL
analyzed_bin
writev
108
1, 0x7fff2464aed0, 2
98
SYSCALL
analyzed_bin
writev
108
1, 0x7fff2464aed0, 2
52
SYSCALL
analyzed_bin
writev
108
1, 0x7fff2464aed0, 2
98
SYSCALL
analyzed_bin
writev
108
1, 0x7fff2464aed0, 2
52
SYSCALL
analyzed_bin
writev
108
1, 0x7fff2464aed0, 2
98
SYSCALL
analyzed_bin
writev
108
1, 0x7fff2464aed0, 2
52
SYSCALL
analyzed_bin
writev
108
1, 0x7fff2464aed0, 2
98
SYSCALL
analyzed_bin
writev
108
1, 0x7fff2464aed0, 2
52
SYSCALL
analyzed_bin
writev
108
1, 0x7fff2464aed0, 2
98
SYSCALL
analyzed_bin
writev
108
1, 0x7fff2464aed0, 2
52
SYSCALL
analyzed_bin
writev
108
1, 0x7fff2464aed0, 2
98
SYSCALL
analyzed_bin
writev
108
1, 0x7fff2464aed0, 2
52
SYSCALL
analyzed_bin
writev
108
1, 0x7fff2464aed0, 2
98
SYSCALL
analyzed_bin
writev
108
1, 0x7fff2464aed0, 2
52
SYSCALL
analyzed_bin
writev
108
1, 0x7fff2464aed0, 2
98
SYSCALL
analyzed_bin
writev
108
1, 0x7fff2464aed0, 2
52
SYSCALL
analyzed_bin
writev
108
1, 0x7fff2464aed0, 2
98
SYSCALL
analyzed_bin
writev
108
1, 0x7fff2464aed0, 2
52
SYSCALL
analyzed_bin
writev
108
1, 0x7fff2464aed0, 2
98
SYSCALL
analyzed_bin
writev
108
1, 0x7fff2464aed0, 2
52
SYSCALL
analyzed_bin
writev
108
1, 0x7fff2464aed0, 2
98
SYSCALL
analyzed_bin
writev
108
1, 0x7fff2464aed0, 2
52
SYSCALL
analyzed_bin
writev
108
1, 0x7fff2464aed0, 2
98
SYSCALL
analyzed_bin
writev
108
1, 0x7fff2464aed0, 2
52
SYSCALL
analyzed_bin
writev
108
1, 0x7fff2464aed0, 2
98
SYSCALL
analyzed_bin
writev
108
1, 0x7fff2464aed0, 2
52
SYSCALL
analyzed_bin
writev
108
1, 0x7fff2464aed0, 2
98
SYSCALL
analyzed_bin
writev
108
1, 0x7fff2464aed0, 2
52
SYSCALL
analyzed_bin
writev
108
1, 0x7fff2464aed0, 2
98
SYSCALL
analyzed_bin
writev
108
1, 0x7fff2464aed0, 2
52
SYSCALL
analyzed_bin
writev
108
1, 0x7fff2464aed0, 2
98
SYSCALL
analyzed_bin
writev
108
1, 0x7fff2464aed0, 2
52
SYSCALL
analyzed_bin
writev
108
1, 0x7fff2464aed0, 2
98
SYSCALL
analyzed_bin
writev
108
1, 0x7fff2464aed0, 2
52
SYSCALL
analyzed_bin
writev
108
1, 0x7fff2464aed0, 2
98
SYSCALL
analyzed_bin
writev
108
1, 0x7fff2464aed0, 2
52
SYSCALL
analyzed_bin
writev
108
1, 0x7fff2464aed0, 2
98
SYSCALL
analyzed_bin
writev
108
1, 0x7fff2464aed0, 2
52
SYSCALL
analyzed_bin
writev
108
1, 0x7fff2464aed0, 2
98
SYSCALL
analyzed_bin
writev
108
1, 0x7fff2464aed0, 2
52
SYSCALL
analyzed_bin
writev
108
1, 0x7fff2464aed0, 2
98
SYSCALL
analyzed_bin
writev
108
1, 0x7fff2464aed0, 2
52
SYSCALL
analyzed_bin
writev
108
1, 0x7fff2464aed0, 2
98
SYSCALL
analyzed_bin
writev
108
1, 0x7fff2464aed0, 2
52
SYSCALL
analyzed_bin
writev
108
1, 0x7fff2464aed0, 2
98
SYSCALL
analyzed_bin
writev
108
1, 0x7fff2464aed0, 2
52
SYSCALL
analyzed_bin
writev
108
1, 0x7fff2464aed0, 2
98
SYSCALL
analyzed_bin
writev
108
1, 0x7fff2464aed0, 2
52
SYSCALL
analyzed_bin
writev
108
1, 0x7fff2464aed0, 2
98
SYSCALL
analyzed_bin
writev
108
1, 0x7fff2464aed0, 2
52
SYSCALL
analyzed_bin
writev
108
1, 0x7fff2464aed0, 2
98
SYSCALL
analyzed_bin
writev
108
1, 0x7fff2464aed0, 2
52
SYSCALL
analyzed_bin
writev
108
1, 0x7fff2464aed0, 2
98
SYSCALL
analyzed_bin
writev
108
1, 0x7fff2464aed0, 2
52
SYSCALL
analyzed_bin
writev
108
1, 0x7fff2464aed0, 2
98
SYSCALL
analyzed_bin
writev
108
1, 0x7fff2464aed0, 2
52
SYSCALL
analyzed_bin
writev
108
1, 0x7fff2464aed0, 2
98
SYSCALL
analyzed_bin
writev
108
1, 0x7fff2464aed0, 2
52
SYSCALL
analyzed_bin
writev
108
1, 0x7fff2464aed0, 2
98
SYSCALL
analyzed_bin
writev
108
1, 0x7fff2464aed0, 2
52
SYSCALL
analyzed_bin
writev
108
1, 0x7fff2464aed0, 2
98
SYSCALL
analyzed_bin
writev
108
1, 0x7fff2464aed0, 2
52
SYSCALL
analyzed_bin
writev
108
1, 0x7fff2464aed0, 2
98
SYSCALL
analyzed_bin
writev
108
1, 0x7fff2464aed0, 2
52
SYSCALL
analyzed_bin
writev
108
1, 0x7fff2464aed0, 2
98
SYSCALL
analyzed_bin
writev
108
1, 0x7fff2464aed0, 2
52
SYSCALL
analyzed_bin
writev
108
1, 0x7fff2464aed0, 2
98
SYSCALL
analyzed_bin
writev
108
1, 0x7fff2464aed0, 2
52
SYSCALL
analyzed_bin
writev
108
1, 0x7fff2464aed0, 2
98
SYSCALL
analyzed_bin
writev
108
1, 0x7fff2464aed0, 2
52
SYSCALL
analyzed_bin
writev
108
1, 0x7fff2464aed0, 2
98
SYSCALL
analyzed_bin
writev
108
1, 0x7fff2464aed0, 2
52
SYSCALL
analyzed_bin
writev
108
1, 0x7fff2464aed0, 2
98
SYSCALL
analyzed_bin
writev
108
1, 0x7fff2464aed0, 2
52
SYSCALL
analyzed_bin
writev
108
1, 0x7fff2464aed0, 2
98
SYSCALL
analyzed_bin
writev
108
1, 0x7fff2464aed0, 2
52
SYSCALL
analyzed_bin
writev
108
1, 0x7fff2464aed0, 2
98
SYSCALL
analyzed_bin
writev
108
1, 0x7fff2464aed0, 2
52
SYSCALL
analyzed_bin
writev
108
1, 0x7fff2464aed0, 2
98
SYSCALL
analyzed_bin
writev
108
1, 0x7fff2464aed0, 2
52
SYSCALL
analyzed_bin
writev
108
1, 0x7fff2464aed0, 2
98
SYSCALL
analyzed_bin
writev
108
1, 0x7fff2464aed0, 2
52
SYSCALL
analyzed_bin
writev
108
1, 0x7fff2464aed0, 2
98
SYSCALL
analyzed_bin
writev
108
1, 0x7fff2464aed0, 2
52
SYSCALL
analyzed_bin
writev
108
1, 0x7fff2464aed0, 2
98
SYSCALL
analyzed_bin
writev
108
1, 0x7fff2464aed0, 2
52
SYSCALL
analyzed_bin
writev
108
1, 0x7fff2464aed0, 2
98
SYSCALL
analyzed_bin
writev
108
1, 0x7fff2464aed0, 2
52
SYSCALL
analyzed_bin
writev
108
1, 0x7fff2464aed0, 2
98
SYSCALL
analyzed_bin
writev
108
1, 0x7fff2464aed0, 2
52
SYSCALL
analyzed_bin
writev
108
1, 0x7fff2464aed0, 2
98
SYSCALL
analyzed_bin
writev
108
1, 0x7fff2464aed0, 2
52
SYSCALL
analyzed_bin
writev
108
1, 0x7fff2464aed0, 2
98
SYSCALL
analyzed_bin
writev
108
1, 0x7fff2464aed0, 2
52
SYSCALL
analyzed_bin
writev
108
1, 0x7fff2464aed0, 2
98
SYSCALL
analyzed_bin
writev
108
1, 0x7fff2464aed0, 2
52
SYSCALL
analyzed_bin
writev
108
1, 0x7fff2464aed0, 2
98
SYSCALL
analyzed_bin
writev
108
1, 0x7fff2464aed0, 2
52
SYSCALL
analyzed_bin
writev
108
1, 0x7fff2464aed0, 2
98
SYSCALL
analyzed_bin
writev
108
1, 0x7fff2464aed0, 2
52
SYSCALL
analyzed_bin
writev
108
1, 0x7fff2464aed0, 2
98
SYSCALL
analyzed_bin
writev
108
1, 0x7fff2464aed0, 2
52
SYSCALL
analyzed_bin
writev
108
1, 0x7fff2464aed0, 2
98
SYSCALL
analyzed_bin
writev
108
1, 0x7fff2464aed0, 2
52
SYSCALL
analyzed_bin
writev
108
1, 0x7fff2464aed0, 2
98
SYSCALL
analyzed_bin
writev
108
1, 0x7fff2464aed0, 2
52
SYSCALL
analyzed_bin
writev
108
1, 0x7fff2464aed0, 2
98
SYSCALL
analyzed_bin
writev
108
1, 0x7fff2464aed0, 2
52
SYSCALL
analyzed_bin
writev
108
1, 0x7fff2464aed0, 2
98
SYSCALL
analyzed_bin
writev
108
1, 0x7fff2464aed0, 2
52
SYSCALL
analyzed_bin
writev
108
1, 0x7fff2464aed0, 2
98
SYSCALL
analyzed_bin
writev
108
1, 0x7fff2464aed0, 2
52
SYSCALL
analyzed_bin
writev
108
1, 0x7fff2464aed0, 2
98
SYSCALL
analyzed_bin
writev
108
1, 0x7fff2464aed0, 2
52
SYSCALL
analyzed_bin
writev
108
1, 0x7fff2464aed0, 2
98
SYSCALL
analyzed_bin
writev
108
1, 0x7fff2464aed0, 2
52
SYSCALL
analyzed_bin
writev
108
1, 0x7fff2464aed0, 2
98
SYSCALL
analyzed_bin
writev
108
1, 0x7fff2464aed0, 2
52
SYSCALL
analyzed_bin
writev
108
1, 0x7fff2464aed0, 2
98
SYSCALL
analyzed_bin
writev
108
1, 0x7fff2464aed0, 2
52
SYSCALL
analyzed_bin
writev
108
1, 0x7fff2464aed0, 2
98
SYSCALL
analyzed_bin
writev
108
1, 0x7fff2464aed0, 2
52
SYSCALL
analyzed_bin
writev
108
1, 0x7fff2464aed0, 2
98
SYSCALL
analyzed_bin
writev
108
1, 0x7fff2464aed0, 2
52
SYSCALL
analyzed_bin
writev
108
1, 0x7fff2464aed0, 2
98
SYSCALL
analyzed_bin
writev
108
1, 0x7fff2464aed0, 2
52
SYSCALL
analyzed_bin
writev
108
1, 0x7fff2464aed0, 2
98
SYSCALL
analyzed_bin
writev
108
1, 0x7fff2464aed0, 2
52
SYSCALL
analyzed_bin
writev
108
1, 0x7fff2464aed0, 2
98
SYSCALL
analyzed_bin
writev
108
1, 0x7fff2464aed0, 2
52
SYSCALL
analyzed_bin
writev
108
1, 0x7fff2464aed0, 2
98
SYSCALL
analyzed_bin
writev
108
1, 0x7fff2464aed0, 2
52
SYSCALL
analyzed_bin
writev
108
1, 0x7fff2464aed0, 2
98
SYSCALL
analyzed_bin
writev
108
1, 0x7fff2464aed0, 2
52
SYSCALL
analyzed_bin
writev
108
1, 0x7fff2464aed0, 2
98
SYSCALL
analyzed_bin
writev
108
1, 0x7fff2464aed0, 2
52
SYSCALL
analyzed_bin
writev
108
1, 0x7fff2464aed0, 2
98
SYSCALL
analyzed_bin
writev
108
1, 0x7fff2464aed0, 2
52
SYSCALL
analyzed_bin
writev
108
1, 0x7fff2464aed0, 2
98
SYSCALL
analyzed_bin
writev
108
1, 0x7fff2464aed0, 2
52
SYSCALL
analyzed_bin
writev
108
1, 0x7fff2464aed0, 2
98
SYSCALL
analyzed_bin
writev
108
1, 0x7fff2464aed0, 2
52
SYSCALL
analyzed_bin
writev
108
1, 0x7fff2464aed0, 2
98
SYSCALL
analyzed_bin
writev
108
1, 0x7fff2464aed0, 2
52
SYSCALL
analyzed_bin
writev
108
1, 0x7fff2464aed0, 2
98
SYSCALL
analyzed_bin
writev
108
1, 0x7fff2464aed0, 2
52
SYSCALL
analyzed_bin
writev
108
1, 0x7fff2464aed0, 2
98
SYSCALL
analyzed_bin
writev
108
1, 0x7fff2464aed0, 2
52
SYSCALL
analyzed_bin
writev
108
1, 0x7fff2464aed0, 2
98
SYSCALL
analyzed_bin
writev
108
1, 0x7fff2464aed0, 2
52
SYSCALL
analyzed_bin
writev
108
1, 0x7fff2464aed0, 2
98
SYSCALL
analyzed_bin
writev
108
1, 0x7fff2464aed0, 2
52
SYSCALL
analyzed_bin
writev
108
1, 0x7fff2464aed0, 2
98
SYSCALL
analyzed_bin
writev
108
1, 0x7fff2464aed0, 2
52
SYSCALL
analyzed_bin
writev
108
1, 0x7fff2464aed0, 2
98
SYSCALL
analyzed_bin
writev
108
1, 0x7fff2464aed0, 2
52
SYSCALL
analyzed_bin
writev
108
1, 0x7fff2464aed0, 2
98
SYSCALL
analyzed_bin
writev
108
1, 0x7fff2464aed0, 2
52
SYSCALL
analyzed_bin
writev
108
1, 0x7fff2464aed0, 2
98
SYSCALL
analyzed_bin
writev
108
1, 0x7fff2464aed0, 2
52
SYSCALL
analyzed_bin
writev
108
1, 0x7fff2464aed0, 2
98
SYSCALL
analyzed_bin
writev
108
1, 0x7fff2464aed0, 2
52
SYSCALL
analyzed_bin
writev
108
1, 0x7fff2464aed0, 2
98
SYSCALL
analyzed_bin
writev
108
1, 0x7fff2464aed0, 2
52
SYSCALL
analyzed_bin
writev
108
1, 0x7fff2464aed0, 2
98
SYSCALL
analyzed_bin
writev
108
1, 0x7fff2464aed0, 2
52
SYSCALL
analyzed_bin
writev
108
1, 0x7fff2464aed0, 2
98
SYSCALL
analyzed_bin
writev
108
1, 0x7fff2464aed0, 2
52
SYSCALL
analyzed_bin
writev
108
1, 0x7fff2464aed0, 2
98
SYSCALL
analyzed_bin
writev
108
1, 0x7fff2464aed0, 2
52
SYSCALL
analyzed_bin
writev
108
1, 0x7fff2464aed0, 2
98
SYSCALL
analyzed_bin
writev
108
1, 0x7fff2464aed0, 2
52
SYSCALL
analyzed_bin
writev
108
1, 0x7fff2464aed0, 2
98
SYSCALL
analyzed_bin
writev
108
1, 0x7fff2464aed0, 2
52
SYSCALL
analyzed_bin
writev
108
1, 0x7fff2464aed0, 2
98
SYSCALL
analyzed_bin
writev
108
1, 0x7fff2464aed0, 2
52
SYSCALL
analyzed_bin
writev
108
1, 0x7fff2464aed0, 2
98
SYSCALL
analyzed_bin
writev
108
1, 0x7fff2464aed0, 2
52
SYSCALL
analyzed_bin
writev
108
1, 0x7fff2464aed0, 2
98
SYSCALL
analyzed_bin
writev
108
1, 0x7fff2464aed0, 2
52
SYSCALL
analyzed_bin
writev
108
1, 0x7fff2464aed0, 2
98
SYSCALL
analyzed_bin
writev
108
1, 0x7fff2464aed0, 2
52
SYSCALL
analyzed_bin
writev
108
1, 0x7fff2464aed0, 2
98
SYSCALL
analyzed_bin
writev
108
1, 0x7fff2464aed0, 2
52
SYSCALL
analyzed_bin
writev
108
1, 0x7fff2464aed0, 2
98
SYSCALL
analyzed_bin
writev
108
1, 0x7fff2464aed0, 2
52
SYSCALL
analyzed_bin
writev
108
1, 0x7fff2464aed0, 2
98
SYSCALL
analyzed_bin
writev
108
1, 0x7fff2464aed0, 2
52
SYSCALL
analyzed_bin
writev
108
1, 0x7fff2464aed0, 2
98
SYSCALL
analyzed_bin
writev
108
1, 0x7fff2464aed0, 2
52
SYSCALL
analyzed_bin
writev
108
1, 0x7fff2464aed0, 2
98
SYSCALL
analyzed_bin
writev
108
1, 0x7fff2464aed0, 2
52
SYSCALL
analyzed_bin
writev
108
1, 0x7fff2464aed0, 2
98
SYSCALL
analyzed_bin
writev
108
1, 0x7fff2464aed0, 2
52
SYSCALL
analyzed_bin
writev
108
1, 0x7fff2464aed0, 2
98
SYSCALL
analyzed_bin
writev
108
1, 0x7fff2464aed0, 2
52
SYSCALL
analyzed_bin
writev
108
1, 0x7fff2464aed0, 2
98
SYSCALL
analyzed_bin
writev
108
1, 0x7fff2464aed0, 2
52
SYSCALL
analyzed_bin
writev
108
1, 0x7fff2464aed0, 2
98
SYSCALL
analyzed_bin
writev
108
1, 0x7fff2464aed0, 2
52
SYSCALL
analyzed_bin
writev
108
1, 0x7fff2464aed0, 2
98
SYSCALL
analyzed_bin
writev
108
1, 0x7fff2464aed0, 2
52
SYSCALL
analyzed_bin
writev
108
1, 0x7fff2464aed0, 2
98
SYSCALL
analyzed_bin
writev
108
1, 0x7fff2464aed0, 2
52
SYSCALL
analyzed_bin
writev
108
1, 0x7fff2464aed0, 2
98
SYSCALL
analyzed_bin
writev
108
1, 0x7fff2464aed0, 2
52
SYSCALL
analyzed_bin
writev
108
1, 0x7fff2464aed0, 2
98
SYSCALL
analyzed_bin
writev
108
1, 0x7fff2464aed0, 2
52
SYSCALL
analyzed_bin
writev
108
1, 0x7fff2464aed0, 2
98
SYSCALL
analyzed_bin
writev
108
1, 0x7fff2464aed0, 2
52
SYSCALL
analyzed_bin
writev
108
1, 0x7fff2464aed0, 2
98
SYSCALL
analyzed_bin
writev
108
1, 0x7fff2464aed0, 2
52
SYSCALL
analyzed_bin
writev
108
1, 0x7fff2464aed0, 2
98
SYSCALL
analyzed_bin
writev
108
1, 0x7fff2464aed0, 2
52
SYSCALL
analyzed_bin
writev
108
1, 0x7fff2464aed0, 2
98
SYSCALL
analyzed_bin
writev
108
1, 0x7fff2464aed0, 2
52
SYSCALL
analyzed_bin
writev
108
1, 0x7fff2464aed0, 2
98
SYSCALL
analyzed_bin
writev
108
1, 0x7fff2464aed0, 2
52
SYSCALL
analyzed_bin
writev
108
1, 0x7fff2464aed0, 2
98
SYSCALL
analyzed_bin
writev
108
1, 0x7fff2464aed0, 2
52
SYSCALL
analyzed_bin
writev
108
1, 0x7fff2464aed0, 2
98
SYSCALL
analyzed_bin
writev
108
1, 0x7fff2464aed0, 2
52
SYSCALL
analyzed_bin
writev
108
1, 0x7fff2464aed0, 2
98
SYSCALL
analyzed_bin
writev
108
1, 0x7fff2464aed0, 2
52
SYSCALL
analyzed_bin
writev
108
1, 0x7fff2464aed0, 2
98
SYSCALL
analyzed_bin
writev
108
1, 0x7fff2464aed0, 2
52
SYSCALL
analyzed_bin
writev
108
1, 0x7fff2464aed0, 2
98
SYSCALL
analyzed_bin
writev
108
1, 0x7fff2464aed0, 2
52
SYSCALL
analyzed_bin
writev
108
1, 0x7fff2464aed0, 2
98
SYSCALL
analyzed_bin
writev
108
1, 0x7fff2464aed0, 2
52
SYSCALL
analyzed_bin
writev
108
1, 0x7fff2464aed0, 2
98
SYSCALL
analyzed_bin
writev
108
1, 0x7fff2464aed0, 2
52
SYSCALL
analyzed_bin
writev
108
1, 0x7fff2464aed0, 2
98
SYSCALL
analyzed_bin
writev
108
1, 0x7fff2464aed0, 2
52
SYSCALL
analyzed_bin
writev
108
1, 0x7fff2464aed0, 2
98
SYSCALL
analyzed_bin
writev
108
1, 0x7fff2464aed0, 2
52
SYSCALL
analyzed_bin
writev
108
1, 0x7fff2464aed0, 2
98
SYSCALL
analyzed_bin
writev
108
1, 0x7fff2464aed0, 2
52
SYSCALL
analyzed_bin
writev
108
1, 0x7fff2464aed0, 2
98
SYSCALL
analyzed_bin
writev
108
1, 0x7fff2464aed0, 2
52
SYSCALL
analyzed_bin
writev
108
1, 0x7fff2464aed0, 2
98
SYSCALL
analyzed_bin
writev
108
1, 0x7fff2464aed0, 2
52
SYSCALL
analyzed_bin
writev
108
1, 0x7fff2464aed0, 2
98
SYSCALL
analyzed_bin
writev
108
1, 0x7fff2464aed0, 2
52
SYSCALL
analyzed_bin
writev
108
1, 0x7fff2464aed0, 2
98
SYSCALL
analyzed_bin
writev
108
1, 0x7fff2464aed0, 2
52
SYSCALL
analyzed_bin
writev
108
1, 0x7fff2464aed0, 2
98
SYSCALL
analyzed_bin
writev
108
1, 0x7fff2464aed0, 2
52
SYSCALL
analyzed_bin
writev
108
1, 0x7fff2464aed0, 2
98
SYSCALL
analyzed_bin
writev
108
1, 0x7fff2464aed0, 2
52
SYSCALL
analyzed_bin
writev
108
1, 0x7fff2464aed0, 2
98
SYSCALL
analyzed_bin
writev
108
1, 0x7fff2464aed0, 2
52
SYSCALL
analyzed_bin
writev
108
1, 0x7fff2464aed0, 2
98
SYSCALL
analyzed_bin
writev
108
1, 0x7fff2464aed0, 2
52
SYSCALL
analyzed_bin
writev
108
1, 0x7fff2464aed0, 2
98
SYSCALL
analyzed_bin
writev
108
1, 0x7fff2464aed0, 2
52
SYSCALL
analyzed_bin
writev
108
1, 0x7fff2464aed0, 2
98
SYSCALL
analyzed_bin
writev
108
1, 0x7fff2464aed0, 2
52
