LISA
PROCESS
108:105
SYSCALL
analyzed_bin
execve
108

0
SYSCALL
analyzed_bin
arch_prctl
108
ARCH_SET_FS, 139919204204920
0
SYSCALL
analyzed_bin
set_tid_address
108
0x7f417a76c1b0
108
SYSCALL
analyzed_bin
brk
108
0x0
139919204208640
SYSCALL
analyzed_bin
brk
108
0x7f417a76e000
139919204212736
SYSCALL
analyzed_bin
brk
108
0x7f417a780000
139919204286464
SYSCALL
analyzed_bin
brk
108
0x7f417a781000
139919204290560
SYSCALL
analyzed_bin
brk
108
0x7f417a782000
139919204294656
SYSCALL
analyzed_bin
brk
108
0x7f417a783000
139919204298752
SYSCALL
analyzed_bin
brk
108
0x7f417a784000
139919204302848
SYSCALL
analyzed_bin
brk
108
0x7f417a785000
139919204306944
SYSCALL
analyzed_bin
brk
108
0x7f417a786000
139919204311040
SYSCALL
analyzed_bin
brk
108
0x7f417a787000
139919204315136
SYSCALL
analyzed_bin
brk
108
0x7f417a788000
139919204319232
SYSCALL
analyzed_bin
brk
108
0x7f417a789000
139919204323328
SYSCALL
analyzed_bin
brk
108
0x7f417a78a000
139919204327424
SYSCALL
analyzed_bin
brk
108
0x7f417a78b000
139919204331520
SYSCALL
analyzed_bin
brk
108
0x7f417a78c000
139919204335616
SYSCALL
analyzed_bin
brk
108
0x7f417a78d000
139919204339712
SYSCALL
analyzed_bin
brk
108
0x7f417a78e000
139919204343808
SYSCALL
analyzed_bin
brk
108
0x7f417a78f000
139919204347904
SYSCALL
analyzed_bin
brk
108
0x7f417a790000
139919204352000
SYSCALL
analyzed_bin
brk
108
0x7f417a792000
139919204360192
SYSCALL
analyzed_bin
brk
108
0x7f417a793000
139919204364288
SYSCALL
analyzed_bin
brk
108
0x7f417a794000
139919204368384
SYSCALL
analyzed_bin
brk
108
0x7f417a795000
139919204372480
SYSCALL
analyzed_bin
brk
108
0x7f417a796000
139919204376576
SYSCALL
analyzed_bin
brk
108
0x7f417a797000
139919204380672
SYSCALL
analyzed_bin
brk
108
0x7f417a798000
139919204384768
SYSCALL
analyzed_bin
brk
108
0x7f417a799000
139919204388864
SYSCALL
analyzed_bin
brk
108
0x7f417a79c000
139919204401152
SYSCALL
analyzed_bin
brk
108
0x7f417a79d000
139919204405248
SYSCALL
analyzed_bin
brk
108
0x7f417a79e000
139919204409344
SYSCALL
analyzed_bin
brk
108
0x7f417a79f000
139919204413440
SYSCALL
analyzed_bin
brk
108
0x7f417a7a0000
139919204417536
SYSCALL
analyzed_bin
brk
108
0x7f417a7a1000
139919204421632
SYSCALL
analyzed_bin
brk
108
0x7f417a7a2000
139919204425728
SYSCALL
analyzed_bin
brk
108
0x7f417a7a3000
139919204429824
SYSCALL
analyzed_bin
brk
108
0x7f417a7a4000
139919204433920
SYSCALL
analyzed_bin
brk
108
0x7f417a7a5000
139919204438016
SYSCALL
analyzed_bin
brk
108
0x7f417a7a6000
139919204442112
SYSCALL
analyzed_bin
brk
108
0x7f417a7a7000
139919204446208
SYSCALL
analyzed_bin
brk
108
0x7f417a7a8000
139919204450304
SYSCALL
analyzed_bin
brk
108
0x7f417a7a9000
139919204454400
SYSCALL
analyzed_bin
brk
108
0x7f417a7aa000
139919204458496
SYSCALL
analyzed_bin
brk
108
0x7f417a7af000
139919204478976
SYSCALL
analyzed_bin
brk
108
0x7f417a7b0000
139919204483072
SYSCALL
analyzed_bin
brk
108
0x7f417a7b1000
139919204487168
SYSCALL
analyzed_bin
getuid
108

0
SYSCALL
analyzed_bin
geteuid
108

0
SYSCALL
analyzed_bin
getgid
108

0
SYSCALL
analyzed_bin
getegid
108

0
OPENFILE
"/usr/local/ssl/openssl.cnf"
SYSCALL
analyzed_bin
open
108
"/usr/local/ssl/openssl.cnf", O_RDONLY
-2 (ENOENT)
SYSCALL
analyzed_bin
brk
108
0x7f417a7b2000
139919204491264
SYSCALL
analyzed_bin
brk
108
0x7f417a7b3000
139919204495360
SYSCALL
analyzed_bin
brk
108
0x7f417a7b4000
139919204499456
SYSCALL
analyzed_bin
brk
108
0x7f417a7b5000
139919204503552
SYSCALL
analyzed_bin
brk
108
0x7f417a7b6000
139919204507648
SYSCALL
analyzed_bin
brk
108
0x7f417a7b7000
139919204511744
SYSCALL
analyzed_bin
brk
108
0x7f417a7b8000
139919204515840
SYSCALL
analyzed_bin
brk
108
0x7f417a7b9000
139919204519936
SYSCALL
analyzed_bin
brk
108
0x7f417a7ba000
139919204524032
SYSCALL
analyzed_bin
brk
108
0x7f417a7bb000
139919204528128
SYSCALL
analyzed_bin
brk
108
0x7f417a7bc000
139919204532224
SYSCALL
analyzed_bin
brk
108
0x7f417a7bd000
139919204536320
SYSCALL
analyzed_bin
brk
108
0x7f417a7be000
139919204540416
OPENFILE
"config.txt"
SYSCALL
analyzed_bin
open
108
"config.txt", O_RDONLY
-2 (ENOENT)
OPENFILE
"pools.txt"
SYSCALL
analyzed_bin
open
108
"pools.txt", O_RDONLY
-2 (ENOENT)
SYSCALL
analyzed_bin
brk
108
0x7f417a7c0000
139919204548608
SYSCALL
analyzed_bin
brk
108
0x7f417a7c2000
139919204556800
SYSCALL
analyzed_bin
writev
108
1, 0x7ffcedc22e60, 2
32
SYSCALL
analyzed_bin
readv
108
0, 0x7ffcedc22e40, 2
0
SYSCALL
analyzed_bin
brk
108
0x7f417a7c4000
139919204564992
SYSCALL
analyzed_bin
brk
108
0x7f417a7c8000
139919204581376
SYSCALL
analyzed_bin
brk
108
0x7f417a7cc000
139919204597760
OPENFILE
"config.txt"
SYSCALL
analyzed_bin
open
108
"config.txt", O_WRONLY|O_CREAT|O_TRUNC, 0666
3
SYSCALL
analyzed_bin
ioctl
108
3, 21523, 0x7ffcedc22cb8
-25 (ENOTTY)
SYSCALL
analyzed_bin
writev
108
3, 0x7ffcedc22c20, 2
6726
SYSCALL
analyzed_bin
close
108
3
0
SYSCALL
analyzed_bin
writev
108
1, 0x7ffcedc22f50, 2
42
SYSCALL
analyzed_bin
writev
108
1, 0x7ffcedc22be0, 2
14
SYSCALL
analyzed_bin
writev
108
1, 0x7ffcedc22bf0, 2
52
SYSCALL
analyzed_bin
writev
108
1, 0x7ffcedc22bf0, 2
98
SYSCALL
analyzed_bin
writev
108
1, 0x7ffcedc22bf0, 2
52
SYSCALL
analyzed_bin
writev
108
1, 0x7ffcedc22bf0, 2
98
SYSCALL
analyzed_bin
writev
108
1, 0x7ffcedc22bf0, 2
52
SYSCALL
analyzed_bin
writev
108
1, 0x7ffcedc22bf0, 2
98
SYSCALL
analyzed_bin
writev
108
1, 0x7ffcedc22bf0, 2
52
SYSCALL
analyzed_bin
writev
108
1, 0x7ffcedc22bf0, 2
98
SYSCALL
analyzed_bin
writev
108
1, 0x7ffcedc22bf0, 2
52
SYSCALL
analyzed_bin
writev
108
1, 0x7ffcedc22bf0, 2
98
SYSCALL
analyzed_bin
writev
108
1, 0x7ffcedc22bf0, 2
52
SYSCALL
analyzed_bin
writev
108
1, 0x7ffcedc22bf0, 2
98
SYSCALL
analyzed_bin
writev
108
1, 0x7ffcedc22bf0, 2
52
SYSCALL
analyzed_bin
writev
108
1, 0x7ffcedc22bf0, 2
98
SYSCALL
analyzed_bin
writev
108
1, 0x7ffcedc22bf0, 2
52
SYSCALL
analyzed_bin
writev
108
1, 0x7ffcedc22bf0, 2
98
SYSCALL
analyzed_bin
writev
108
1, 0x7ffcedc22bf0, 2
52
SYSCALL
analyzed_bin
writev
108
1, 0x7ffcedc22bf0, 2
98
SYSCALL
analyzed_bin
writev
108
1, 0x7ffcedc22bf0, 2
52
SYSCALL
analyzed_bin
writev
108
1, 0x7ffcedc22bf0, 2
98
SYSCALL
analyzed_bin
writev
108
1, 0x7ffcedc22bf0, 2
52
SYSCALL
analyzed_bin
writev
108
1, 0x7ffcedc22bf0, 2
98
SYSCALL
analyzed_bin
writev
108
1, 0x7ffcedc22bf0, 2
52
SYSCALL
analyzed_bin
writev
108
1, 0x7ffcedc22bf0, 2
98
SYSCALL
analyzed_bin
writev
108
1, 0x7ffcedc22bf0, 2
52
SYSCALL
analyzed_bin
writev
108
1, 0x7ffcedc22bf0, 2
98
SYSCALL
analyzed_bin
writev
108
1, 0x7ffcedc22bf0, 2
52
SYSCALL
analyzed_bin
writev
108
1, 0x7ffcedc22bf0, 2
98
SYSCALL
analyzed_bin
writev
108
1, 0x7ffcedc22bf0, 2
52
SYSCALL
analyzed_bin
writev
108
1, 0x7ffcedc22bf0, 2
98
SYSCALL
analyzed_bin
writev
108
1, 0x7ffcedc22bf0, 2
52
SYSCALL
analyzed_bin
writev
108
1, 0x7ffcedc22bf0, 2
98
SYSCALL
analyzed_bin
writev
108
1, 0x7ffcedc22bf0, 2
52
SYSCALL
analyzed_bin
writev
108
1, 0x7ffcedc22bf0, 2
98
SYSCALL
analyzed_bin
writev
108
1, 0x7ffcedc22bf0, 2
52
SYSCALL
analyzed_bin
writev
108
1, 0x7ffcedc22bf0, 2
98
SYSCALL
analyzed_bin
writev
108
1, 0x7ffcedc22bf0, 2
52
SYSCALL
analyzed_bin
writev
108
1, 0x7ffcedc22bf0, 2
98
SYSCALL
analyzed_bin
writev
108
1, 0x7ffcedc22bf0, 2
52
SYSCALL
analyzed_bin
writev
108
1, 0x7ffcedc22bf0, 2
98
SYSCALL
analyzed_bin
writev
108
1, 0x7ffcedc22bf0, 2
52
SYSCALL
analyzed_bin
writev
108
1, 0x7ffcedc22bf0, 2
98
SYSCALL
analyzed_bin
writev
108
1, 0x7ffcedc22bf0, 2
52
SYSCALL
analyzed_bin
writev
108
1, 0x7ffcedc22bf0, 2
98
SYSCALL
analyzed_bin
writev
108
1, 0x7ffcedc22bf0, 2
52
SYSCALL
analyzed_bin
writev
108
1, 0x7ffcedc22bf0, 2
98
SYSCALL
analyzed_bin
writev
108
1, 0x7ffcedc22bf0, 2
52
SYSCALL
analyzed_bin
writev
108
1, 0x7ffcedc22bf0, 2
98
SYSCALL
analyzed_bin
writev
108
1, 0x7ffcedc22bf0, 2
52
SYSCALL
analyzed_bin
writev
108
1, 0x7ffcedc22bf0, 2
98
SYSCALL
analyzed_bin
writev
108
1, 0x7ffcedc22bf0, 2
52
SYSCALL
analyzed_bin
writev
108
1, 0x7ffcedc22bf0, 2
98
SYSCALL
analyzed_bin
writev
108
1, 0x7ffcedc22bf0, 2
52
SYSCALL
analyzed_bin
writev
108
1, 0x7ffcedc22bf0, 2
98
SYSCALL
analyzed_bin
writev
108
1, 0x7ffcedc22bf0, 2
52
SYSCALL
analyzed_bin
writev
108
1, 0x7ffcedc22bf0, 2
98
SYSCALL
analyzed_bin
writev
108
1, 0x7ffcedc22bf0, 2
52
SYSCALL
analyzed_bin
writev
108
1, 0x7ffcedc22bf0, 2
98
SYSCALL
analyzed_bin
writev
108
1, 0x7ffcedc22bf0, 2
52
SYSCALL
analyzed_bin
writev
108
1, 0x7ffcedc22bf0, 2
98
SYSCALL
analyzed_bin
writev
108
1, 0x7ffcedc22bf0, 2
52
SYSCALL
analyzed_bin
writev
108
1, 0x7ffcedc22bf0, 2
98
SYSCALL
analyzed_bin
writev
108
1, 0x7ffcedc22bf0, 2
52
SYSCALL
analyzed_bin
writev
108
1, 0x7ffcedc22bf0, 2
98
SYSCALL
analyzed_bin
writev
108
1, 0x7ffcedc22bf0, 2
52
SYSCALL
analyzed_bin
writev
108
1, 0x7ffcedc22bf0, 2
98
SYSCALL
analyzed_bin
writev
108
1, 0x7ffcedc22bf0, 2
52
SYSCALL
analyzed_bin
writev
108
1, 0x7ffcedc22bf0, 2
98
SYSCALL
analyzed_bin
writev
108
1, 0x7ffcedc22bf0, 2
52
SYSCALL
analyzed_bin
writev
108
1, 0x7ffcedc22bf0, 2
98
SYSCALL
analyzed_bin
writev
108
1, 0x7ffcedc22bf0, 2
52
SYSCALL
analyzed_bin
writev
108
1, 0x7ffcedc22bf0, 2
98
SYSCALL
analyzed_bin
writev
108
1, 0x7ffcedc22bf0, 2
52
SYSCALL
analyzed_bin
writev
108
1, 0x7ffcedc22bf0, 2
98
SYSCALL
analyzed_bin
writev
108
1, 0x7ffcedc22bf0, 2
52
SYSCALL
analyzed_bin
writev
108
1, 0x7ffcedc22bf0, 2
98
SYSCALL
analyzed_bin
writev
108
1, 0x7ffcedc22bf0, 2
52
SYSCALL
analyzed_bin
writev
108
1, 0x7ffcedc22bf0, 2
98
SYSCALL
analyzed_bin
writev
108
1, 0x7ffcedc22bf0, 2
52
SYSCALL
analyzed_bin
writev
108
1, 0x7ffcedc22bf0, 2
98
SYSCALL
analyzed_bin
writev
108
1, 0x7ffcedc22bf0, 2
52
SYSCALL
analyzed_bin
writev
108
1, 0x7ffcedc22bf0, 2
98
SYSCALL
analyzed_bin
writev
108
1, 0x7ffcedc22bf0, 2
52
SYSCALL
analyzed_bin
writev
108
1, 0x7ffcedc22bf0, 2
98
SYSCALL
analyzed_bin
writev
108
1, 0x7ffcedc22bf0, 2
52
SYSCALL
analyzed_bin
writev
108
1, 0x7ffcedc22bf0, 2
98
SYSCALL
analyzed_bin
writev
108
1, 0x7ffcedc22bf0, 2
52
SYSCALL
analyzed_bin
writev
108
1, 0x7ffcedc22bf0, 2
98
SYSCALL
analyzed_bin
writev
108
1, 0x7ffcedc22bf0, 2
52
SYSCALL
analyzed_bin
writev
108
1, 0x7ffcedc22bf0, 2
98
SYSCALL
analyzed_bin
writev
108
1, 0x7ffcedc22bf0, 2
52
SYSCALL
analyzed_bin
writev
108
1, 0x7ffcedc22bf0, 2
98
SYSCALL
analyzed_bin
writev
108
1, 0x7ffcedc22bf0, 2
52
SYSCALL
analyzed_bin
writev
108
1, 0x7ffcedc22bf0, 2
98
SYSCALL
analyzed_bin
writev
108
1, 0x7ffcedc22bf0, 2
52
SYSCALL
analyzed_bin
writev
108
1, 0x7ffcedc22bf0, 2
98
SYSCALL
analyzed_bin
writev
108
1, 0x7ffcedc22bf0, 2
52
SYSCALL
analyzed_bin
writev
108
1, 0x7ffcedc22bf0, 2
98
SYSCALL
analyzed_bin
writev
108
1, 0x7ffcedc22bf0, 2
52
SYSCALL
analyzed_bin
writev
108
1, 0x7ffcedc22bf0, 2
98
SYSCALL
analyzed_bin
writev
108
1, 0x7ffcedc22bf0, 2
52
SYSCALL
analyzed_bin
writev
108
1, 0x7ffcedc22bf0, 2
98
SYSCALL
analyzed_bin
writev
108
1, 0x7ffcedc22bf0, 2
52
SYSCALL
analyzed_bin
writev
108
1, 0x7ffcedc22bf0, 2
98
SYSCALL
analyzed_bin
writev
108
1, 0x7ffcedc22bf0, 2
52
SYSCALL
analyzed_bin
writev
108
1, 0x7ffcedc22bf0, 2
98
SYSCALL
analyzed_bin
writev
108
1, 0x7ffcedc22bf0, 2
52
SYSCALL
analyzed_bin
writev
108
1, 0x7ffcedc22bf0, 2
98
SYSCALL
analyzed_bin
writev
108
1, 0x7ffcedc22bf0, 2
52
SYSCALL
analyzed_bin
writev
108
1, 0x7ffcedc22bf0, 2
98
SYSCALL
analyzed_bin
writev
108
1, 0x7ffcedc22bf0, 2
52
SYSCALL
analyzed_bin
writev
108
1, 0x7ffcedc22bf0, 2
98
SYSCALL
analyzed_bin
writev
108
1, 0x7ffcedc22bf0, 2
52
SYSCALL
analyzed_bin
writev
108
1, 0x7ffcedc22bf0, 2
98
SYSCALL
analyzed_bin
writev
108
1, 0x7ffcedc22bf0, 2
52
SYSCALL
analyzed_bin
writev
108
1, 0x7ffcedc22bf0, 2
98
SYSCALL
analyzed_bin
writev
108
1, 0x7ffcedc22bf0, 2
52
SYSCALL
analyzed_bin
writev
108
1, 0x7ffcedc22bf0, 2
98
SYSCALL
analyzed_bin
writev
108
1, 0x7ffcedc22bf0, 2
52
SYSCALL
analyzed_bin
writev
108
1, 0x7ffcedc22bf0, 2
98
SYSCALL
analyzed_bin
writev
108
1, 0x7ffcedc22bf0, 2
52
SYSCALL
analyzed_bin
writev
108
1, 0x7ffcedc22bf0, 2
98
SYSCALL
analyzed_bin
writev
108
1, 0x7ffcedc22bf0, 2
52
SYSCALL
analyzed_bin
writev
108
1, 0x7ffcedc22bf0, 2
98
SYSCALL
analyzed_bin
writev
108
1, 0x7ffcedc22bf0, 2
52
SYSCALL
analyzed_bin
writev
108
1, 0x7ffcedc22bf0, 2
98
SYSCALL
analyzed_bin
writev
108
1, 0x7ffcedc22bf0, 2
52
SYSCALL
analyzed_bin
writev
108
1, 0x7ffcedc22bf0, 2
98
SYSCALL
analyzed_bin
writev
108
1, 0x7ffcedc22bf0, 2
52
SYSCALL
analyzed_bin
writev
108
1, 0x7ffcedc22bf0, 2
98
SYSCALL
analyzed_bin
writev
108
1, 0x7ffcedc22bf0, 2
52
SYSCALL
analyzed_bin
writev
108
1, 0x7ffcedc22bf0, 2
98
SYSCALL
analyzed_bin
writev
108
1, 0x7ffcedc22bf0, 2
52
SYSCALL
analyzed_bin
writev
108
1, 0x7ffcedc22bf0, 2
98
SYSCALL
analyzed_bin
writev
108
1, 0x7ffcedc22bf0, 2
52
SYSCALL
analyzed_bin
writev
108
1, 0x7ffcedc22bf0, 2
98
SYSCALL
analyzed_bin
writev
108
1, 0x7ffcedc22bf0, 2
52
SYSCALL
analyzed_bin
writev
108
1, 0x7ffcedc22bf0, 2
98
SYSCALL
analyzed_bin
writev
108
1, 0x7ffcedc22bf0, 2
52
SYSCALL
analyzed_bin
writev
108
1, 0x7ffcedc22bf0, 2
98
SYSCALL
analyzed_bin
writev
108
1, 0x7ffcedc22bf0, 2
52
SYSCALL
analyzed_bin
writev
108
1, 0x7ffcedc22bf0, 2
98
SYSCALL
analyzed_bin
writev
108
1, 0x7ffcedc22bf0, 2
52
SYSCALL
analyzed_bin
writev
108
1, 0x7ffcedc22bf0, 2
98
SYSCALL
analyzed_bin
writev
108
1, 0x7ffcedc22bf0, 2
52
SYSCALL
analyzed_bin
writev
108
1, 0x7ffcedc22bf0, 2
98
SYSCALL
analyzed_bin
writev
108
1, 0x7ffcedc22bf0, 2
52
SYSCALL
analyzed_bin
writev
108
1, 0x7ffcedc22bf0, 2
98
SYSCALL
analyzed_bin
writev
108
1, 0x7ffcedc22bf0, 2
52
SYSCALL
analyzed_bin
writev
108
1, 0x7ffcedc22bf0, 2
98
SYSCALL
analyzed_bin
writev
108
1, 0x7ffcedc22bf0, 2
52
SYSCALL
analyzed_bin
writev
108
1, 0x7ffcedc22bf0, 2
98
SYSCALL
analyzed_bin
writev
108
1, 0x7ffcedc22bf0, 2
52
SYSCALL
analyzed_bin
writev
108
1, 0x7ffcedc22bf0, 2
98
SYSCALL
analyzed_bin
writev
108
1, 0x7ffcedc22bf0, 2
52
SYSCALL
analyzed_bin
writev
108
1, 0x7ffcedc22bf0, 2
98
SYSCALL
analyzed_bin
writev
108
1, 0x7ffcedc22bf0, 2
52
SYSCALL
analyzed_bin
writev
108
1, 0x7ffcedc22bf0, 2
98
SYSCALL
analyzed_bin
writev
108
1, 0x7ffcedc22bf0, 2
52
SYSCALL
analyzed_bin
writev
108
1, 0x7ffcedc22bf0, 2
98
SYSCALL
analyzed_bin
writev
108
1, 0x7ffcedc22bf0, 2
52
SYSCALL
analyzed_bin
writev
108
1, 0x7ffcedc22bf0, 2
98
SYSCALL
analyzed_bin
writev
108
1, 0x7ffcedc22bf0, 2
52
SYSCALL
analyzed_bin
writev
108
1, 0x7ffcedc22bf0, 2
98
SYSCALL
analyzed_bin
writev
108
1, 0x7ffcedc22bf0, 2
52
SYSCALL
analyzed_bin
writev
108
1, 0x7ffcedc22bf0, 2
98
SYSCALL
analyzed_bin
writev
108
1, 0x7ffcedc22bf0, 2
52
SYSCALL
analyzed_bin
writev
108
1, 0x7ffcedc22bf0, 2
98
SYSCALL
analyzed_bin
writev
108
1, 0x7ffcedc22bf0, 2
52
SYSCALL
analyzed_bin
writev
108
1, 0x7ffcedc22bf0, 2
98
SYSCALL
analyzed_bin
writev
108
1, 0x7ffcedc22bf0, 2
52
SYSCALL
analyzed_bin
writev
108
1, 0x7ffcedc22bf0, 2
98
SYSCALL
analyzed_bin
writev
108
1, 0x7ffcedc22bf0, 2
52
SYSCALL
analyzed_bin
writev
108
1, 0x7ffcedc22bf0, 2
98
SYSCALL
analyzed_bin
writev
108
1, 0x7ffcedc22bf0, 2
52
SYSCALL
analyzed_bin
writev
108
1, 0x7ffcedc22bf0, 2
98
SYSCALL
analyzed_bin
writev
108
1, 0x7ffcedc22bf0, 2
52
SYSCALL
analyzed_bin
writev
108
1, 0x7ffcedc22bf0, 2
98
SYSCALL
analyzed_bin
writev
108
1, 0x7ffcedc22bf0, 2
52
SYSCALL
analyzed_bin
writev
108
1, 0x7ffcedc22bf0, 2
98
SYSCALL
analyzed_bin
writev
108
1, 0x7ffcedc22bf0, 2
52
SYSCALL
analyzed_bin
writev
108
1, 0x7ffcedc22bf0, 2
98
SYSCALL
analyzed_bin
writev
108
1, 0x7ffcedc22bf0, 2
52
SYSCALL
analyzed_bin
writev
108
1, 0x7ffcedc22bf0, 2
98
SYSCALL
analyzed_bin
writev
108
1, 0x7ffcedc22bf0, 2
52
SYSCALL
analyzed_bin
writev
108
1, 0x7ffcedc22bf0, 2
98
SYSCALL
analyzed_bin
writev
108
1, 0x7ffcedc22bf0, 2
52
SYSCALL
analyzed_bin
writev
108
1, 0x7ffcedc22bf0, 2
98
SYSCALL
analyzed_bin
writev
108
1, 0x7ffcedc22bf0, 2
52
SYSCALL
analyzed_bin
writev
108
1, 0x7ffcedc22bf0, 2
98
SYSCALL
analyzed_bin
writev
108
1, 0x7ffcedc22bf0, 2
52
SYSCALL
analyzed_bin
writev
108
1, 0x7ffcedc22bf0, 2
98
SYSCALL
analyzed_bin
writev
108
1, 0x7ffcedc22bf0, 2
52
SYSCALL
analyzed_bin
writev
108
1, 0x7ffcedc22bf0, 2
98
SYSCALL
analyzed_bin
writev
108
1, 0x7ffcedc22bf0, 2
52
SYSCALL
analyzed_bin
writev
108
1, 0x7ffcedc22bf0, 2
98
SYSCALL
analyzed_bin
writev
108
1, 0x7ffcedc22bf0, 2
52
SYSCALL
analyzed_bin
writev
108
1, 0x7ffcedc22bf0, 2
98
SYSCALL
analyzed_bin
writev
108
1, 0x7ffcedc22bf0, 2
52
SYSCALL
analyzed_bin
writev
108
1, 0x7ffcedc22bf0, 2
98
SYSCALL
analyzed_bin
writev
108
1, 0x7ffcedc22bf0, 2
52
SYSCALL
analyzed_bin
writev
108
1, 0x7ffcedc22bf0, 2
98
SYSCALL
analyzed_bin
writev
108
1, 0x7ffcedc22bf0, 2
52
SYSCALL
analyzed_bin
writev
108
1, 0x7ffcedc22bf0, 2
98
SYSCALL
analyzed_bin
writev
108
1, 0x7ffcedc22bf0, 2
52
SYSCALL
analyzed_bin
writev
108
1, 0x7ffcedc22bf0, 2
98
SYSCALL
analyzed_bin
writev
108
1, 0x7ffcedc22bf0, 2
52
SYSCALL
analyzed_bin
writev
108
1, 0x7ffcedc22bf0, 2
98
SYSCALL
analyzed_bin
writev
108
1, 0x7ffcedc22bf0, 2
52
SYSCALL
analyzed_bin
writev
108
1, 0x7ffcedc22bf0, 2
98
SYSCALL
analyzed_bin
writev
108
1, 0x7ffcedc22bf0, 2
52
SYSCALL
analyzed_bin
writev
108
1, 0x7ffcedc22bf0, 2
98
SYSCALL
analyzed_bin
writev
108
1, 0x7ffcedc22bf0, 2
52
SYSCALL
analyzed_bin
writev
108
1, 0x7ffcedc22bf0, 2
98
SYSCALL
analyzed_bin
writev
108
1, 0x7ffcedc22bf0, 2
52
SYSCALL
analyzed_bin
writev
108
1, 0x7ffcedc22bf0, 2
98
SYSCALL
analyzed_bin
writev
108
1, 0x7ffcedc22bf0, 2
52
SYSCALL
analyzed_bin
writev
108
1, 0x7ffcedc22bf0, 2
98
SYSCALL
analyzed_bin
writev
108
1, 0x7ffcedc22bf0, 2
52
SYSCALL
analyzed_bin
writev
108
1, 0x7ffcedc22bf0, 2
98
SYSCALL
analyzed_bin
writev
108
1, 0x7ffcedc22bf0, 2
52
SYSCALL
analyzed_bin
writev
108
1, 0x7ffcedc22bf0, 2
98
SYSCALL
analyzed_bin
writev
108
1, 0x7ffcedc22bf0, 2
52
SYSCALL
analyzed_bin
writev
108
1, 0x7ffcedc22bf0, 2
98
SYSCALL
analyzed_bin
writev
108
1, 0x7ffcedc22bf0, 2
52
SYSCALL
analyzed_bin
writev
108
1, 0x7ffcedc22bf0, 2
98
SYSCALL
analyzed_bin
writev
108
1, 0x7ffcedc22bf0, 2
52
SYSCALL
analyzed_bin
writev
108
1, 0x7ffcedc22bf0, 2
98
SYSCALL
analyzed_bin
writev
108
1, 0x7ffcedc22bf0, 2
52
SYSCALL
analyzed_bin
writev
108
1, 0x7ffcedc22bf0, 2
98
SYSCALL
analyzed_bin
writev
108
1, 0x7ffcedc22bf0, 2
52
SYSCALL
analyzed_bin
writev
108
1, 0x7ffcedc22bf0, 2
98
SYSCALL
analyzed_bin
writev
108
1, 0x7ffcedc22bf0, 2
52
SYSCALL
analyzed_bin
writev
108
1, 0x7ffcedc22bf0, 2
98
SYSCALL
analyzed_bin
writev
108
1, 0x7ffcedc22bf0, 2
52
SYSCALL
analyzed_bin
writev
108
1, 0x7ffcedc22bf0, 2
98
SYSCALL
analyzed_bin
writev
108
1, 0x7ffcedc22bf0, 2
52
SYSCALL
analyzed_bin
writev
108
1, 0x7ffcedc22bf0, 2
98
SYSCALL
analyzed_bin
writev
108
1, 0x7ffcedc22bf0, 2
52
SYSCALL
analyzed_bin
writev
108
1, 0x7ffcedc22bf0, 2
98
SYSCALL
analyzed_bin
writev
108
1, 0x7ffcedc22bf0, 2
52
SYSCALL
analyzed_bin
writev
108
1, 0x7ffcedc22bf0, 2
98
SYSCALL
analyzed_bin
writev
108
1, 0x7ffcedc22bf0, 2
52
SYSCALL
analyzed_bin
writev
108
1, 0x7ffcedc22bf0, 2
98
SYSCALL
analyzed_bin
writev
108
1, 0x7ffcedc22bf0, 2
52
SYSCALL
analyzed_bin
writev
108
1, 0x7ffcedc22bf0, 2
98
SYSCALL
analyzed_bin
writev
108
1, 0x7ffcedc22bf0, 2
52
SYSCALL
analyzed_bin
writev
108
1, 0x7ffcedc22bf0, 2
98
SYSCALL
analyzed_bin
writev
108
1, 0x7ffcedc22bf0, 2
52
SYSCALL
analyzed_bin
writev
108
1, 0x7ffcedc22bf0, 2
98
SYSCALL
analyzed_bin
writev
108
1, 0x7ffcedc22bf0, 2
52
SYSCALL
analyzed_bin
writev
108
1, 0x7ffcedc22bf0, 2
98
SYSCALL
analyzed_bin
writev
108
1, 0x7ffcedc22bf0, 2
52
SYSCALL
analyzed_bin
writev
108
1, 0x7ffcedc22bf0, 2
98
SYSCALL
analyzed_bin
writev
108
1, 0x7ffcedc22bf0, 2
52
SYSCALL
analyzed_bin
writev
108
1, 0x7ffcedc22bf0, 2
98
SYSCALL
analyzed_bin
writev
108
1, 0x7ffcedc22bf0, 2
52
SYSCALL
analyzed_bin
writev
108
1, 0x7ffcedc22bf0, 2
98
SYSCALL
analyzed_bin
writev
108
1, 0x7ffcedc22bf0, 2
52
SYSCALL
analyzed_bin
writev
108
1, 0x7ffcedc22bf0, 2
98
SYSCALL
analyzed_bin
writev
108
1, 0x7ffcedc22bf0, 2
52
SYSCALL
analyzed_bin
writev
108
1, 0x7ffcedc22bf0, 2
98
SYSCALL
analyzed_bin
writev
108
1, 0x7ffcedc22bf0, 2
52
SYSCALL
analyzed_bin
writev
108
1, 0x7ffcedc22bf0, 2
98
SYSCALL
analyzed_bin
writev
108
1, 0x7ffcedc22bf0, 2
52
SYSCALL
analyzed_bin
writev
108
1, 0x7ffcedc22bf0, 2
98
SYSCALL
analyzed_bin
writev
108
1, 0x7ffcedc22bf0, 2
52
SYSCALL
analyzed_bin
writev
108
1, 0x7ffcedc22bf0, 2
98
SYSCALL
analyzed_bin
writev
108
1, 0x7ffcedc22bf0, 2
52
SYSCALL
analyzed_bin
writev
108
1, 0x7ffcedc22bf0, 2
98
SYSCALL
analyzed_bin
writev
108
1, 0x7ffcedc22bf0, 2
52
SYSCALL
analyzed_bin
writev
108
1, 0x7ffcedc22bf0, 2
98
SYSCALL
analyzed_bin
writev
108
1, 0x7ffcedc22bf0, 2
52
SYSCALL
analyzed_bin
writev
108
1, 0x7ffcedc22bf0, 2
98
SYSCALL
analyzed_bin
writev
108
1, 0x7ffcedc22bf0, 2
52
SYSCALL
analyzed_bin
writev
108
1, 0x7ffcedc22bf0, 2
98
SYSCALL
analyzed_bin
writev
108
1, 0x7ffcedc22bf0, 2
52
SYSCALL
analyzed_bin
writev
108
1, 0x7ffcedc22bf0, 2
98
SYSCALL
analyzed_bin
writev
108
1, 0x7ffcedc22bf0, 2
52
SYSCALL
analyzed_bin
writev
108
1, 0x7ffcedc22bf0, 2
98
SYSCALL
analyzed_bin
writev
108
1, 0x7ffcedc22bf0, 2
52
SYSCALL
analyzed_bin
writev
108
1, 0x7ffcedc22bf0, 2
98
SYSCALL
analyzed_bin
writev
108
1, 0x7ffcedc22bf0, 2
52
SYSCALL
analyzed_bin
writev
108
1, 0x7ffcedc22bf0, 2
98
SYSCALL
analyzed_bin
writev
108
1, 0x7ffcedc22bf0, 2
52
SYSCALL
analyzed_bin
writev
108
1, 0x7ffcedc22bf0, 2
98
SYSCALL
analyzed_bin
writev
108
1, 0x7ffcedc22bf0, 2
52
SYSCALL
analyzed_bin
writev
108
1, 0x7ffcedc22bf0, 2
98
SYSCALL
analyzed_bin
writev
108
1, 0x7ffcedc22bf0, 2
52
SYSCALL
analyzed_bin
writev
108
1, 0x7ffcedc22bf0, 2
98
SYSCALL
analyzed_bin
writev
108
1, 0x7ffcedc22bf0, 2
52
SYSCALL
analyzed_bin
writev
108
1, 0x7ffcedc22bf0, 2
98
SYSCALL
analyzed_bin
writev
108
1, 0x7ffcedc22bf0, 2
52
SYSCALL
analyzed_bin
writev
108
1, 0x7ffcedc22bf0, 2
98
SYSCALL
analyzed_bin
writev
108
1, 0x7ffcedc22bf0, 2
52
SYSCALL
analyzed_bin
writev
108
1, 0x7ffcedc22bf0, 2
98
SYSCALL
analyzed_bin
writev
108
1, 0x7ffcedc22bf0, 2
52
SYSCALL
analyzed_bin
writev
108
1, 0x7ffcedc22bf0, 2
98
SYSCALL
analyzed_bin
writev
108
1, 0x7ffcedc22bf0, 2
52
SYSCALL
analyzed_bin
writev
108
1, 0x7ffcedc22bf0, 2
98
SYSCALL
analyzed_bin
writev
108
1, 0x7ffcedc22bf0, 2
52
SYSCALL
analyzed_bin
writev
108
1, 0x7ffcedc22bf0, 2
98
SYSCALL
analyzed_bin
writev
108
1, 0x7ffcedc22bf0, 2
52
SYSCALL
analyzed_bin
writev
108
1, 0x7ffcedc22bf0, 2
98
SYSCALL
analyzed_bin
writev
108
1, 0x7ffcedc22bf0, 2
52
SYSCALL
analyzed_bin
writev
108
1, 0x7ffcedc22bf0, 2
98
SYSCALL
analyzed_bin
writev
108
1, 0x7ffcedc22bf0, 2
52
SYSCALL
analyzed_bin
writev
108
1, 0x7ffcedc22bf0, 2
98
SYSCALL
analyzed_bin
writev
108
1, 0x7ffcedc22bf0, 2
52
SYSCALL
analyzed_bin
writev
108
1, 0x7ffcedc22bf0, 2
98
SYSCALL
analyzed_bin
writev
108
1, 0x7ffcedc22bf0, 2
52
SYSCALL
analyzed_bin
writev
108
1, 0x7ffcedc22bf0, 2
98
SYSCALL
analyzed_bin
writev
108
1, 0x7ffcedc22bf0, 2
52
SYSCALL
analyzed_bin
writev
108
1, 0x7ffcedc22bf0, 2
98
SYSCALL
analyzed_bin
writev
108
1, 0x7ffcedc22bf0, 2
52
SYSCALL
analyzed_bin
writev
108
1, 0x7ffcedc22bf0, 2
98
SYSCALL
analyzed_bin
writev
108
1, 0x7ffcedc22bf0, 2
52
SYSCALL
analyzed_bin
writev
108
1, 0x7ffcedc22bf0, 2
98
SYSCALL
analyzed_bin
writev
108
1, 0x7ffcedc22bf0, 2
52
SYSCALL
analyzed_bin
writev
108
1, 0x7ffcedc22bf0, 2
98
SYSCALL
analyzed_bin
writev
108
1, 0x7ffcedc22bf0, 2
52
SYSCALL
analyzed_bin
writev
108
1, 0x7ffcedc22bf0, 2
98
SYSCALL
analyzed_bin
writev
108
1, 0x7ffcedc22bf0, 2
52
SYSCALL
analyzed_bin
writev
108
1, 0x7ffcedc22bf0, 2
98
SYSCALL
analyzed_bin
writev
108
1, 0x7ffcedc22bf0, 2
52
SYSCALL
analyzed_bin
writev
108
1, 0x7ffcedc22bf0, 2
98
SYSCALL
analyzed_bin
writev
108
1, 0x7ffcedc22bf0, 2
52
SYSCALL
analyzed_bin
writev
108
1, 0x7ffcedc22bf0, 2
98
SYSCALL
analyzed_bin
writev
108
1, 0x7ffcedc22bf0, 2
52
SYSCALL
analyzed_bin
writev
108
1, 0x7ffcedc22bf0, 2
98
SYSCALL
analyzed_bin
writev
108
1, 0x7ffcedc22bf0, 2
52
SYSCALL
analyzed_bin
writev
108
1, 0x7ffcedc22bf0, 2
98
SYSCALL
analyzed_bin
writev
108
1, 0x7ffcedc22bf0, 2
52
SYSCALL
analyzed_bin
writev
108
1, 0x7ffcedc22bf0, 2
98
SYSCALL
analyzed_bin
writev
108
1, 0x7ffcedc22bf0, 2
52
SYSCALL
analyzed_bin
writev
108
1, 0x7ffcedc22bf0, 2
98
SYSCALL
analyzed_bin
writev
108
1, 0x7ffcedc22bf0, 2
52
SYSCALL
analyzed_bin
writev
108
1, 0x7ffcedc22bf0, 2
98
SYSCALL
analyzed_bin
writev
108
1, 0x7ffcedc22bf0, 2
52
SYSCALL
analyzed_bin
writev
108
1, 0x7ffcedc22bf0, 2
98
SYSCALL
analyzed_bin
writev
108
1, 0x7ffcedc22bf0, 2
52
SYSCALL
analyzed_bin
writev
108
1, 0x7ffcedc22bf0, 2
98
SYSCALL
analyzed_bin
writev
108
1, 0x7ffcedc22bf0, 2
52
SYSCALL
analyzed_bin
writev
108
1, 0x7ffcedc22bf0, 2
98
SYSCALL
analyzed_bin
writev
108
1, 0x7ffcedc22bf0, 2
52
SYSCALL
analyzed_bin
writev
108
1, 0x7ffcedc22bf0, 2
98
SYSCALL
analyzed_bin
writev
108
1, 0x7ffcedc22bf0, 2
52
SYSCALL
analyzed_bin
writev
108
1, 0x7ffcedc22bf0, 2
98
SYSCALL
analyzed_bin
writev
108
1, 0x7ffcedc22bf0, 2
52
SYSCALL
analyzed_bin
writev
108
1, 0x7ffcedc22bf0, 2
98
SYSCALL
analyzed_bin
writev
108
1, 0x7ffcedc22bf0, 2
52
SYSCALL
analyzed_bin
writev
108
1, 0x7ffcedc22bf0, 2
98
SYSCALL
analyzed_bin
writev
108
1, 0x7ffcedc22bf0, 2
52
SYSCALL
analyzed_bin
writev
108
1, 0x7ffcedc22bf0, 2
98
SYSCALL
analyzed_bin
writev
108
1, 0x7ffcedc22bf0, 2
52
SYSCALL
analyzed_bin
writev
108
1, 0x7ffcedc22bf0, 2
98
SYSCALL
analyzed_bin
writev
108
1, 0x7ffcedc22bf0, 2
52
SYSCALL
analyzed_bin
writev
108
1, 0x7ffcedc22bf0, 2
98
SYSCALL
analyzed_bin
writev
108
1, 0x7ffcedc22bf0, 2
52
SYSCALL
analyzed_bin
writev
108
1, 0x7ffcedc22bf0, 2
98
SYSCALL
analyzed_bin
writev
108
1, 0x7ffcedc22bf0, 2
52
SYSCALL
analyzed_bin
writev
108
1, 0x7ffcedc22bf0, 2
98
SYSCALL
analyzed_bin
writev
108
1, 0x7ffcedc22bf0, 2
52
SYSCALL
analyzed_bin
writev
108
1, 0x7ffcedc22bf0, 2
98
SYSCALL
analyzed_bin
writev
108
1, 0x7ffcedc22bf0, 2
52
SYSCALL
analyzed_bin
writev
108
1, 0x7ffcedc22bf0, 2
98
SYSCALL
analyzed_bin
writev
108
1, 0x7ffcedc22bf0, 2
52
SYSCALL
analyzed_bin
writev
108
1, 0x7ffcedc22bf0, 2
98
SYSCALL
analyzed_bin
writev
108
1, 0x7ffcedc22bf0, 2
52
SYSCALL
analyzed_bin
writev
108
1, 0x7ffcedc22bf0, 2
98
SYSCALL
analyzed_bin
writev
108
1, 0x7ffcedc22bf0, 2
52
SYSCALL
analyzed_bin
writev
108
1, 0x7ffcedc22bf0, 2
98
SYSCALL
analyzed_bin
writev
108
1, 0x7ffcedc22bf0, 2
52
SYSCALL
analyzed_bin
writev
108
1, 0x7ffcedc22bf0, 2
98
SYSCALL
analyzed_bin
writev
108
1, 0x7ffcedc22bf0, 2
52
SYSCALL
analyzed_bin
writev
108
1, 0x7ffcedc22bf0, 2
98
SYSCALL
analyzed_bin
writev
108
1, 0x7ffcedc22bf0, 2
52
SYSCALL
analyzed_bin
writev
108
1, 0x7ffcedc22bf0, 2
98
SYSCALL
analyzed_bin
writev
108
1, 0x7ffcedc22bf0, 2
52
SYSCALL
analyzed_bin
writev
108
1, 0x7ffcedc22bf0, 2
98
SYSCALL
analyzed_bin
writev
108
1, 0x7ffcedc22bf0, 2
52
SYSCALL
analyzed_bin
writev
108
1, 0x7ffcedc22bf0, 2
98
SYSCALL
analyzed_bin
writev
108
1, 0x7ffcedc22bf0, 2
52
SYSCALL
analyzed_bin
writev
108
1, 0x7ffcedc22bf0, 2
98
SYSCALL
analyzed_bin
writev
108
1, 0x7ffcedc22bf0, 2
52
SYSCALL
analyzed_bin
writev
108
1, 0x7ffcedc22bf0, 2
98
SYSCALL
analyzed_bin
writev
108
1, 0x7ffcedc22bf0, 2
52
SYSCALL
analyzed_bin
writev
108
1, 0x7ffcedc22bf0, 2
98
SYSCALL
analyzed_bin
writev
108
1, 0x7ffcedc22bf0, 2
52
SYSCALL
analyzed_bin
writev
108
1, 0x7ffcedc22bf0, 2
98
SYSCALL
analyzed_bin
writev
108
1, 0x7ffcedc22bf0, 2
52
SYSCALL
analyzed_bin
writev
108
1, 0x7ffcedc22bf0, 2
98
SYSCALL
analyzed_bin
writev
108
1, 0x7ffcedc22bf0, 2
52
SYSCALL
analyzed_bin
writev
108
1, 0x7ffcedc22bf0, 2
98
SYSCALL
analyzed_bin
writev
108
1, 0x7ffcedc22bf0, 2
52
SYSCALL
analyzed_bin
writev
108
1, 0x7ffcedc22bf0, 2
98
SYSCALL
analyzed_bin
writev
108
1, 0x7ffcedc22bf0, 2
52
SYSCALL
analyzed_bin
writev
108
1, 0x7ffcedc22bf0, 2
98
SYSCALL
analyzed_bin
writev
108
1, 0x7ffcedc22bf0, 2
52
SYSCALL
analyzed_bin
writev
108
1, 0x7ffcedc22bf0, 2
98
SYSCALL
analyzed_bin
writev
108
1, 0x7ffcedc22bf0, 2
52
SYSCALL
analyzed_bin
writev
108
1, 0x7ffcedc22bf0, 2
98
SYSCALL
analyzed_bin
writev
108
1, 0x7ffcedc22bf0, 2
52
SYSCALL
analyzed_bin
writev
108
1, 0x7ffcedc22bf0, 2
98
SYSCALL
analyzed_bin
writev
108
1, 0x7ffcedc22bf0, 2
52
SYSCALL
analyzed_bin
writev
108
1, 0x7ffcedc22bf0, 2
98
SYSCALL
analyzed_bin
writev
108
1, 0x7ffcedc22bf0, 2
52
SYSCALL
analyzed_bin
writev
108
1, 0x7ffcedc22bf0, 2
98
SYSCALL
analyzed_bin
writev
108
1, 0x7ffcedc22bf0, 2
52
SYSCALL
analyzed_bin
writev
108
1, 0x7ffcedc22bf0, 2
98
SYSCALL
analyzed_bin
writev
108
1, 0x7ffcedc22bf0, 2
52
SYSCALL
analyzed_bin
writev
108
1, 0x7ffcedc22bf0, 2
98
SYSCALL
analyzed_bin
writev
108
1, 0x7ffcedc22bf0, 2
52
SYSCALL
analyzed_bin
writev
108
1, 0x7ffcedc22bf0, 2
98
SYSCALL
analyzed_bin
writev
108
1, 0x7ffcedc22bf0, 2
52
SYSCALL
analyzed_bin
writev
108
1, 0x7ffcedc22bf0, 2
98
SYSCALL
analyzed_bin
writev
108
1, 0x7ffcedc22bf0, 2
52
SYSCALL
analyzed_bin
writev
108
1, 0x7ffcedc22bf0, 2
98
SYSCALL
analyzed_bin
writev
108
1, 0x7ffcedc22bf0, 2
52
SYSCALL
analyzed_bin
writev
108
1, 0x7ffcedc22bf0, 2
98
SYSCALL
analyzed_bin
writev
108
1, 0x7ffcedc22bf0, 2
52
SYSCALL
analyzed_bin
writev
108
1, 0x7ffcedc22bf0, 2
98
SYSCALL
analyzed_bin
writev
108
1, 0x7ffcedc22bf0, 2
52
SYSCALL
analyzed_bin
writev
108
1, 0x7ffcedc22bf0, 2
98
SYSCALL
analyzed_bin
writev
108
1, 0x7ffcedc22bf0, 2
52
SYSCALL
analyzed_bin
writev
108
1, 0x7ffcedc22bf0, 2
98
SYSCALL
analyzed_bin
writev
108
1, 0x7ffcedc22bf0, 2
52
SYSCALL
analyzed_bin
writev
108
1, 0x7ffcedc22bf0, 2
98
SYSCALL
analyzed_bin
writev
108
1, 0x7ffcedc22bf0, 2
52
SYSCALL
analyzed_bin
writev
108
1, 0x7ffcedc22bf0, 2
98
SYSCALL
analyzed_bin
writev
108
1, 0x7ffcedc22bf0, 2
52
SYSCALL
analyzed_bin
writev
108
1, 0x7ffcedc22bf0, 2
98
SYSCALL
analyzed_bin
writev
108
1, 0x7ffcedc22bf0, 2
52
SYSCALL
analyzed_bin
writev
108
1, 0x7ffcedc22bf0, 2
98
SYSCALL
analyzed_bin
writev
108
1, 0x7ffcedc22bf0, 2
52
SYSCALL
analyzed_bin
writev
108
1, 0x7ffcedc22bf0, 2
98
SYSCALL
analyzed_bin
writev
108
1, 0x7ffcedc22bf0, 2
52
SYSCALL
analyzed_bin
writev
108
1, 0x7ffcedc22bf0, 2
98
SYSCALL
analyzed_bin
writev
108
1, 0x7ffcedc22bf0, 2
52
SYSCALL
analyzed_bin
writev
108
1, 0x7ffcedc22bf0, 2
98
SYSCALL
analyzed_bin
writev
108
1, 0x7ffcedc22bf0, 2
52
SYSCALL
analyzed_bin
writev
108
1, 0x7ffcedc22bf0, 2
98
SYSCALL
analyzed_bin
writev
108
1, 0x7ffcedc22bf0, 2
52
SYSCALL
analyzed_bin
writev
108
1, 0x7ffcedc22bf0, 2
98
SYSCALL
analyzed_bin
writev
108
1, 0x7ffcedc22bf0, 2
52
SYSCALL
analyzed_bin
writev
108
1, 0x7ffcedc22bf0, 2
98
SYSCALL
analyzed_bin
writev
108
1, 0x7ffcedc22bf0, 2
52
SYSCALL
analyzed_bin
writev
108
1, 0x7ffcedc22bf0, 2
98
SYSCALL
analyzed_bin
writev
108
1, 0x7ffcedc22bf0, 2
52
SYSCALL
analyzed_bin
writev
108
1, 0x7ffcedc22bf0, 2
98
SYSCALL
analyzed_bin
writev
108
1, 0x7ffcedc22bf0, 2
52
SYSCALL
analyzed_bin
writev
108
1, 0x7ffcedc22bf0, 2
98
SYSCALL
analyzed_bin
writev
108
1, 0x7ffcedc22bf0, 2
52
SYSCALL
analyzed_bin
writev
108
1, 0x7ffcedc22bf0, 2
98
SYSCALL
analyzed_bin
writev
108
1, 0x7ffcedc22bf0, 2
52
SYSCALL
analyzed_bin
writev
108
1, 0x7ffcedc22bf0, 2
98
SYSCALL
analyzed_bin
writev
108
1, 0x7ffcedc22bf0, 2
52
SYSCALL
analyzed_bin
writev
108
1, 0x7ffcedc22bf0, 2
98
SYSCALL
analyzed_bin
writev
108
1, 0x7ffcedc22bf0, 2
52
SYSCALL
analyzed_bin
writev
108
1, 0x7ffcedc22bf0, 2
98
SYSCALL
analyzed_bin
writev
108
1, 0x7ffcedc22bf0, 2
52
SYSCALL
analyzed_bin
writev
108
1, 0x7ffcedc22bf0, 2
98
SYSCALL
analyzed_bin
writev
108
1, 0x7ffcedc22bf0, 2
52
SYSCALL
analyzed_bin
writev
108
1, 0x7ffcedc22bf0, 2
98
SYSCALL
analyzed_bin
writev
108
1, 0x7ffcedc22bf0, 2
52
SYSCALL
analyzed_bin
writev
108
1, 0x7ffcedc22bf0, 2
98
SYSCALL
analyzed_bin
writev
108
1, 0x7ffcedc22bf0, 2
52
SYSCALL
analyzed_bin
writev
108
1, 0x7ffcedc22bf0, 2
98
SYSCALL
analyzed_bin
writev
108
1, 0x7ffcedc22bf0, 2
52
SYSCALL
analyzed_bin
writev
108
1, 0x7ffcedc22bf0, 2
98
SYSCALL
analyzed_bin
writev
108
1, 0x7ffcedc22bf0, 2
52
SYSCALL
analyzed_bin
writev
108
1, 0x7ffcedc22bf0, 2
98
SYSCALL
analyzed_bin
writev
108
1, 0x7ffcedc22bf0, 2
52
SYSCALL
analyzed_bin
writev
108
1, 0x7ffcedc22bf0, 2
98
SYSCALL
analyzed_bin
writev
108
1, 0x7ffcedc22bf0, 2
52
SYSCALL
analyzed_bin
writev
108
1, 0x7ffcedc22bf0, 2
98
SYSCALL
analyzed_bin
writev
108
1, 0x7ffcedc22bf0, 2
52
SYSCALL
analyzed_bin
writev
108
1, 0x7ffcedc22bf0, 2
98
SYSCALL
analyzed_bin
writev
108
1, 0x7ffcedc22bf0, 2
52
SYSCALL
analyzed_bin
writev
108
1, 0x7ffcedc22bf0, 2
98
SYSCALL
analyzed_bin
writev
108
1, 0x7ffcedc22bf0, 2
52
SYSCALL
analyzed_bin
writev
108
1, 0x7ffcedc22bf0, 2
98
SYSCALL
analyzed_bin
writev
108
1, 0x7ffcedc22bf0, 2
52
SYSCALL
analyzed_bin
writev
108
1, 0x7ffcedc22bf0, 2
98
SYSCALL
analyzed_bin
writev
108
1, 0x7ffcedc22bf0, 2
52
SYSCALL
analyzed_bin
writev
108
1, 0x7ffcedc22bf0, 2
98
SYSCALL
analyzed_bin
writev
108
1, 0x7ffcedc22bf0, 2
52
SYSCALL
analyzed_bin
writev
108
1, 0x7ffcedc22bf0, 2
98
SYSCALL
analyzed_bin
writev
108
1, 0x7ffcedc22bf0, 2
52
SYSCALL
analyzed_bin
writev
108
1, 0x7ffcedc22bf0, 2
98
SYSCALL
analyzed_bin
writev
108
1, 0x7ffcedc22bf0, 2
52
SYSCALL
analyzed_bin
writev
108
1, 0x7ffcedc22bf0, 2
98
SYSCALL
analyzed_bin
writev
108
1, 0x7ffcedc22bf0, 2
52
SYSCALL
analyzed_bin
writev
108
1, 0x7ffcedc22bf0, 2
98
SYSCALL
analyzed_bin
writev
108
1, 0x7ffcedc22bf0, 2
52
SYSCALL
analyzed_bin
writev
108
1, 0x7ffcedc22bf0, 2
98
SYSCALL
analyzed_bin
writev
108
1, 0x7ffcedc22bf0, 2
52
SYSCALL
analyzed_bin
writev
108
1, 0x7ffcedc22bf0, 2
98
SYSCALL
analyzed_bin
writev
108
1, 0x7ffcedc22bf0, 2
52
SYSCALL
analyzed_bin
writev
108
1, 0x7ffcedc22bf0, 2
98
SYSCALL
analyzed_bin
writev
108
1, 0x7ffcedc22bf0, 2
52
SYSCALL
analyzed_bin
writev
108
1, 0x7ffcedc22bf0, 2
98
SYSCALL
analyzed_bin
writev
108
1, 0x7ffcedc22bf0, 2
52
SYSCALL
analyzed_bin
writev
108
1, 0x7ffcedc22bf0, 2
98
SYSCALL
analyzed_bin
writev
108
1, 0x7ffcedc22bf0, 2
52
SYSCALL
analyzed_bin
writev
108
1, 0x7ffcedc22bf0, 2
98
SYSCALL
analyzed_bin
writev
108
1, 0x7ffcedc22bf0, 2
52
SYSCALL
analyzed_bin
writev
108
1, 0x7ffcedc22bf0, 2
98
SYSCALL
analyzed_bin
writev
108
1, 0x7ffcedc22bf0, 2
52
SYSCALL
analyzed_bin
writev
108
1, 0x7ffcedc22bf0, 2
98
SYSCALL
analyzed_bin
writev
108
1, 0x7ffcedc22bf0, 2
52
SYSCALL
analyzed_bin
writev
108
1, 0x7ffcedc22bf0, 2
98
SYSCALL
analyzed_bin
writev
108
1, 0x7ffcedc22bf0, 2
52
SYSCALL
analyzed_bin
writev
108
1, 0x7ffcedc22bf0, 2
98
SYSCALL
analyzed_bin
writev
108
1, 0x7ffcedc22bf0, 2
52
SYSCALL
analyzed_bin
writev
108
1, 0x7ffcedc22bf0, 2
98
SYSCALL
analyzed_bin
writev
108
1, 0x7ffcedc22bf0, 2
52
SYSCALL
analyzed_bin
writev
108
1, 0x7ffcedc22bf0, 2
98
SYSCALL
analyzed_bin
writev
108
1, 0x7ffcedc22bf0, 2
52
SYSCALL
analyzed_bin
writev
108
1, 0x7ffcedc22bf0, 2
98
SYSCALL
analyzed_bin
writev
108
1, 0x7ffcedc22bf0, 2
52
SYSCALL
analyzed_bin
writev
108
1, 0x7ffcedc22bf0, 2
98
SYSCALL
analyzed_bin
writev
108
1, 0x7ffcedc22bf0, 2
52
SYSCALL
analyzed_bin
writev
108
1, 0x7ffcedc22bf0, 2
98
SYSCALL
analyzed_bin
writev
108
1, 0x7ffcedc22bf0, 2
52
SYSCALL
analyzed_bin
writev
108
1, 0x7ffcedc22bf0, 2
98
SYSCALL
analyzed_bin
writev
108
1, 0x7ffcedc22bf0, 2
52
SYSCALL
analyzed_bin
writev
108
1, 0x7ffcedc22bf0, 2
98
SYSCALL
analyzed_bin
writev
108
1, 0x7ffcedc22bf0, 2
52
SYSCALL
analyzed_bin
writev
108
1, 0x7ffcedc22bf0, 2
98
SYSCALL
analyzed_bin
writev
108
1, 0x7ffcedc22bf0, 2
52
SYSCALL
analyzed_bin
writev
108
1, 0x7ffcedc22bf0, 2
98
SYSCALL
analyzed_bin
writev
108
1, 0x7ffcedc22bf0, 2
52
SYSCALL
analyzed_bin
writev
108
1, 0x7ffcedc22bf0, 2
98
SYSCALL
analyzed_bin
writev
108
1, 0x7ffcedc22bf0, 2
52
SYSCALL
analyzed_bin
writev
108
1, 0x7ffcedc22bf0, 2
98
SYSCALL
analyzed_bin
writev
108
1, 0x7ffcedc22bf0, 2
52
SYSCALL
analyzed_bin
writev
108
1, 0x7ffcedc22bf0, 2
98
SYSCALL
analyzed_bin
writev
108
1, 0x7ffcedc22bf0, 2
52
SYSCALL
analyzed_bin
writev
108
1, 0x7ffcedc22bf0, 2
98
SYSCALL
analyzed_bin
writev
108
1, 0x7ffcedc22bf0, 2
52
SYSCALL
analyzed_bin
writev
108
1, 0x7ffcedc22bf0, 2
98
SYSCALL
analyzed_bin
writev
108
1, 0x7ffcedc22bf0, 2
52
SYSCALL
analyzed_bin
writev
108
1, 0x7ffcedc22bf0, 2
98
SYSCALL
analyzed_bin
writev
108
1, 0x7ffcedc22bf0, 2
52
SYSCALL
analyzed_bin
writev
108
1, 0x7ffcedc22bf0, 2
98
SYSCALL
analyzed_bin
writev
108
1, 0x7ffcedc22bf0, 2
52
SYSCALL
analyzed_bin
writev
108
1, 0x7ffcedc22bf0, 2
98
SYSCALL
analyzed_bin
writev
108
1, 0x7ffcedc22bf0, 2
52
SYSCALL
analyzed_bin
writev
108
1, 0x7ffcedc22bf0, 2
98
SYSCALL
analyzed_bin
writev
108
1, 0x7ffcedc22bf0, 2
52
SYSCALL
analyzed_bin
writev
108
1, 0x7ffcedc22bf0, 2
98
SYSCALL
analyzed_bin
writev
108
1, 0x7ffcedc22bf0, 2
52
SYSCALL
analyzed_bin
writev
108
1, 0x7ffcedc22bf0, 2
98
SYSCALL
analyzed_bin
writev
108
1, 0x7ffcedc22bf0, 2
52
SYSCALL
analyzed_bin
writev
108
1, 0x7ffcedc22bf0, 2
98
SYSCALL
analyzed_bin
writev
108
1, 0x7ffcedc22bf0, 2
52
SYSCALL
analyzed_bin
writev
108
1, 0x7ffcedc22bf0, 2
98
SYSCALL
analyzed_bin
writev
108
1, 0x7ffcedc22bf0, 2
52
SYSCALL
analyzed_bin
writev
108
1, 0x7ffcedc22bf0, 2
98
SYSCALL
analyzed_bin
writev
108
1, 0x7ffcedc22bf0, 2
52
SYSCALL
analyzed_bin
writev
108
1, 0x7ffcedc22bf0, 2
98
SYSCALL
analyzed_bin
writev
108
1, 0x7ffcedc22bf0, 2
52
SYSCALL
analyzed_bin
writev
108
1, 0x7ffcedc22bf0, 2
98
SYSCALL
analyzed_bin
writev
108
1, 0x7ffcedc22bf0, 2
52
SYSCALL
analyzed_bin
writev
108
1, 0x7ffcedc22bf0, 2
98
SYSCALL
analyzed_bin
writev
108
1, 0x7ffcedc22bf0, 2
52
SYSCALL
analyzed_bin
writev
108
1, 0x7ffcedc22bf0, 2
98
SYSCALL
analyzed_bin
writev
108
1, 0x7ffcedc22bf0, 2
52
SYSCALL
analyzed_bin
writev
108
1, 0x7ffcedc22bf0, 2
98
SYSCALL
analyzed_bin
writev
108
1, 0x7ffcedc22bf0, 2
52
SYSCALL
analyzed_bin
writev
108
1, 0x7ffcedc22bf0, 2
98
SYSCALL
analyzed_bin
writev
108
1, 0x7ffcedc22bf0, 2
52
SYSCALL
analyzed_bin
writev
108
1, 0x7ffcedc22bf0, 2
98
SYSCALL
analyzed_bin
writev
108
1, 0x7ffcedc22bf0, 2
52
SYSCALL
analyzed_bin
writev
108
1, 0x7ffcedc22bf0, 2
98
SYSCALL
analyzed_bin
writev
108
1, 0x7ffcedc22bf0, 2
52
SYSCALL
analyzed_bin
writev
108
1, 0x7ffcedc22bf0, 2
98
SYSCALL
analyzed_bin
writev
108
1, 0x7ffcedc22bf0, 2
52
SYSCALL
analyzed_bin
writev
108
1, 0x7ffcedc22bf0, 2
98
SYSCALL
analyzed_bin
writev
108
1, 0x7ffcedc22bf0, 2
52
SYSCALL
analyzed_bin
writev
108
1, 0x7ffcedc22bf0, 2
98
SYSCALL
analyzed_bin
writev
108
1, 0x7ffcedc22bf0, 2
52
SYSCALL
analyzed_bin
writev
108
1, 0x7ffcedc22bf0, 2
98
SYSCALL
analyzed_bin
writev
108
1, 0x7ffcedc22bf0, 2
52
SYSCALL
analyzed_bin
writev
108
1, 0x7ffcedc22bf0, 2
98
SYSCALL
analyzed_bin
writev
108
1, 0x7ffcedc22bf0, 2
52
SYSCALL
analyzed_bin
writev
108
1, 0x7ffcedc22bf0, 2
98
SYSCALL
analyzed_bin
writev
108
1, 0x7ffcedc22bf0, 2
52
SYSCALL
analyzed_bin
writev
108
1, 0x7ffcedc22bf0, 2
98
SYSCALL
analyzed_bin
writev
108
1, 0x7ffcedc22bf0, 2
52
SYSCALL
analyzed_bin
writev
108
1, 0x7ffcedc22bf0, 2
98
SYSCALL
analyzed_bin
writev
108
1, 0x7ffcedc22bf0, 2
52
SYSCALL
analyzed_bin
writev
108
1, 0x7ffcedc22bf0, 2
98
SYSCALL
analyzed_bin
writev
108
1, 0x7ffcedc22bf0, 2
52
SYSCALL
analyzed_bin
writev
108
1, 0x7ffcedc22bf0, 2
98
SYSCALL
analyzed_bin
writev
108
1, 0x7ffcedc22bf0, 2
52
SYSCALL
analyzed_bin
writev
108
1, 0x7ffcedc22bf0, 2
98
SYSCALL
analyzed_bin
writev
108
1, 0x7ffcedc22bf0, 2
52
SYSCALL
analyzed_bin
writev
108
1, 0x7ffcedc22bf0, 2
98
SYSCALL
analyzed_bin
writev
108
1, 0x7ffcedc22bf0, 2
52
SYSCALL
analyzed_bin
writev
108
1, 0x7ffcedc22bf0, 2
98
SYSCALL
analyzed_bin
writev
108
1, 0x7ffcedc22bf0, 2
52
SYSCALL
analyzed_bin
writev
108
1, 0x7ffcedc22bf0, 2
98
SYSCALL
analyzed_bin
writev
108
1, 0x7ffcedc22bf0, 2
52
SYSCALL
analyzed_bin
writev
108
1, 0x7ffcedc22bf0, 2
98
SYSCALL
analyzed_bin
writev
108
1, 0x7ffcedc22bf0, 2
52
SYSCALL
analyzed_bin
writev
108
1, 0x7ffcedc22bf0, 2
98
SYSCALL
analyzed_bin
writev
108
1, 0x7ffcedc22bf0, 2
52
SYSCALL
analyzed_bin
writev
108
1, 0x7ffcedc22bf0, 2
98
SYSCALL
analyzed_bin
writev
108
1, 0x7ffcedc22bf0, 2
52
SYSCALL
analyzed_bin
writev
108
1, 0x7ffcedc22bf0, 2
98
SYSCALL
analyzed_bin
writev
108
1, 0x7ffcedc22bf0, 2
52
SYSCALL
analyzed_bin
writev
108
1, 0x7ffcedc22bf0, 2
98
SYSCALL
analyzed_bin
writev
108
1, 0x7ffcedc22bf0, 2
52
SYSCALL
analyzed_bin
writev
108
1, 0x7ffcedc22bf0, 2
98
SYSCALL
analyzed_bin
writev
108
1, 0x7ffcedc22bf0, 2
52
SYSCALL
analyzed_bin
writev
108
1, 0x7ffcedc22bf0, 2
98
SYSCALL
analyzed_bin
writev
108
1, 0x7ffcedc22bf0, 2
52
SYSCALL
analyzed_bin
writev
108
1, 0x7ffcedc22bf0, 2
98
SYSCALL
analyzed_bin
writev
108
1, 0x7ffcedc22bf0, 2
52
SYSCALL
analyzed_bin
writev
108
1, 0x7ffcedc22bf0, 2
98
SYSCALL
analyzed_bin
writev
108
1, 0x7ffcedc22bf0, 2
52
SYSCALL
analyzed_bin
writev
108
1, 0x7ffcedc22bf0, 2
98
SYSCALL
analyzed_bin
writev
108
1, 0x7ffcedc22bf0, 2
52
SYSCALL
analyzed_bin
writev
108
1, 0x7ffcedc22bf0, 2
98
SYSCALL
analyzed_bin
writev
108
1, 0x7ffcedc22bf0, 2
52
SYSCALL
analyzed_bin
writev
108
1, 0x7ffcedc22bf0, 2
98
SYSCALL
analyzed_bin
writev
108
1, 0x7ffcedc22bf0, 2
52
SYSCALL
analyzed_bin
writev
108
1, 0x7ffcedc22bf0, 2
98
SYSCALL
analyzed_bin
writev
108
1, 0x7ffcedc22bf0, 2
52
SYSCALL
analyzed_bin
writev
108
1, 0x7ffcedc22bf0, 2
98
SYSCALL
analyzed_bin
writev
108
1, 0x7ffcedc22bf0, 2
52
SYSCALL
analyzed_bin
writev
108
1, 0x7ffcedc22bf0, 2
98
SYSCALL
analyzed_bin
writev
108
1, 0x7ffcedc22bf0, 2
52
SYSCALL
analyzed_bin
writev
108
1, 0x7ffcedc22bf0, 2
98
SYSCALL
analyzed_bin
writev
108
1, 0x7ffcedc22bf0, 2
52
SYSCALL
analyzed_bin
writev
108
1, 0x7ffcedc22bf0, 2
98
SYSCALL
analyzed_bin
writev
108
1, 0x7ffcedc22bf0, 2
52
SYSCALL
analyzed_bin
writev
108
1, 0x7ffcedc22bf0, 2
98
SYSCALL
analyzed_bin
writev
108
1, 0x7ffcedc22bf0, 2
52
SYSCALL
analyzed_bin
writev
108
1, 0x7ffcedc22bf0, 2
98
SYSCALL
analyzed_bin
writev
108
1, 0x7ffcedc22bf0, 2
52
SYSCALL
analyzed_bin
writev
108
1, 0x7ffcedc22bf0, 2
98
SYSCALL
analyzed_bin
writev
108
1, 0x7ffcedc22bf0, 2
52
SYSCALL
analyzed_bin
writev
108
1, 0x7ffcedc22bf0, 2
98
SYSCALL
analyzed_bin
writev
108
1, 0x7ffcedc22bf0, 2
52
SYSCALL
analyzed_bin
writev
108
1, 0x7ffcedc22bf0, 2
98
SYSCALL
analyzed_bin
writev
108
1, 0x7ffcedc22bf0, 2
52
SYSCALL
analyzed_bin
writev
108
1, 0x7ffcedc22bf0, 2
98
SYSCALL
analyzed_bin
writev
108
1, 0x7ffcedc22bf0, 2
52
SYSCALL
analyzed_bin
writev
108
1, 0x7ffcedc22bf0, 2
98
SYSCALL
analyzed_bin
writev
108
1, 0x7ffcedc22bf0, 2
52
SYSCALL
analyzed_bin
writev
108
1, 0x7ffcedc22bf0, 2
98
SYSCALL
analyzed_bin
writev
108
1, 0x7ffcedc22bf0, 2
52
SYSCALL
analyzed_bin
writev
108
1, 0x7ffcedc22bf0, 2
98
SYSCALL
analyzed_bin
writev
108
1, 0x7ffcedc22bf0, 2
52
SYSCALL
analyzed_bin
writev
108
1, 0x7ffcedc22bf0, 2
98
SYSCALL
analyzed_bin
writev
108
1, 0x7ffcedc22bf0, 2
52
SYSCALL
analyzed_bin
writev
108
1, 0x7ffcedc22bf0, 2
98
SYSCALL
analyzed_bin
writev
108
1, 0x7ffcedc22bf0, 2
52
SYSCALL
analyzed_bin
writev
108
1, 0x7ffcedc22bf0, 2
98
SYSCALL
analyzed_bin
writev
108
1, 0x7ffcedc22bf0, 2
52
SYSCALL
analyzed_bin
writev
108
1, 0x7ffcedc22bf0, 2
98
SYSCALL
analyzed_bin
writev
108
1, 0x7ffcedc22bf0, 2
52
SYSCALL
analyzed_bin
writev
108
1, 0x7ffcedc22bf0, 2
98
SYSCALL
analyzed_bin
writev
108
1, 0x7ffcedc22bf0, 2
52
SYSCALL
analyzed_bin
writev
108
1, 0x7ffcedc22bf0, 2
98
SYSCALL
analyzed_bin
writev
108
1, 0x7ffcedc22bf0, 2
52
SYSCALL
analyzed_bin
writev
108
1, 0x7ffcedc22bf0, 2
98
SYSCALL
analyzed_bin
writev
108
1, 0x7ffcedc22bf0, 2
52
SYSCALL
analyzed_bin
writev
108
1, 0x7ffcedc22bf0, 2
98
SYSCALL
analyzed_bin
writev
108
1, 0x7ffcedc22bf0, 2
52
SYSCALL
analyzed_bin
writev
108
1, 0x7ffcedc22bf0, 2
98
SYSCALL
analyzed_bin
writev
108
1, 0x7ffcedc22bf0, 2
52
SYSCALL
analyzed_bin
writev
108
1, 0x7ffcedc22bf0, 2
98
SYSCALL
analyzed_bin
writev
108
1, 0x7ffcedc22bf0, 2
52
SYSCALL
analyzed_bin
writev
108
1, 0x7ffcedc22bf0, 2
98
SYSCALL
analyzed_bin
writev
108
1, 0x7ffcedc22bf0, 2
52
SYSCALL
analyzed_bin
writev
108
1, 0x7ffcedc22bf0, 2
98
SYSCALL
analyzed_bin
writev
108
1, 0x7ffcedc22bf0, 2
52
SYSCALL
analyzed_bin
writev
108
1, 0x7ffcedc22bf0, 2
98
SYSCALL
analyzed_bin
writev
108
1, 0x7ffcedc22bf0, 2
52
SYSCALL
analyzed_bin
writev
108
1, 0x7ffcedc22bf0, 2
98
SYSCALL
analyzed_bin
writev
108
1, 0x7ffcedc22bf0, 2
52
SYSCALL
analyzed_bin
writev
108
1, 0x7ffcedc22bf0, 2
98
SYSCALL
analyzed_bin
writev
108
1, 0x7ffcedc22bf0, 2
52
SYSCALL
analyzed_bin
writev
108
1, 0x7ffcedc22bf0, 2
98
SYSCALL
analyzed_bin
writev
108
1, 0x7ffcedc22bf0, 2
52
SYSCALL
analyzed_bin
writev
108
1, 0x7ffcedc22bf0, 2
98
SYSCALL
analyzed_bin
writev
108
1, 0x7ffcedc22bf0, 2
52
SYSCALL
analyzed_bin
writev
108
1, 0x7ffcedc22bf0, 2
98
SYSCALL
analyzed_bin
writev
108
1, 0x7ffcedc22bf0, 2
52
SYSCALL
analyzed_bin
writev
108
1, 0x7ffcedc22bf0, 2
98
SYSCALL
analyzed_bin
writev
108
1, 0x7ffcedc22bf0, 2
52
SYSCALL
analyzed_bin
writev
108
1, 0x7ffcedc22bf0, 2
98
SYSCALL
analyzed_bin
writev
108
1, 0x7ffcedc22bf0, 2
52
SYSCALL
analyzed_bin
writev
108
1, 0x7ffcedc22bf0, 2
98
SYSCALL
analyzed_bin
writev
108
1, 0x7ffcedc22bf0, 2
52
SYSCALL
analyzed_bin
writev
108
1, 0x7ffcedc22bf0, 2
98
SYSCALL
analyzed_bin
writev
108
1, 0x7ffcedc22bf0, 2
52
SYSCALL
analyzed_bin
writev
108
1, 0x7ffcedc22bf0, 2
98
SYSCALL
analyzed_bin
writev
108
1, 0x7ffcedc22bf0, 2
52
SYSCALL
analyzed_bin
writev
108
1, 0x7ffcedc22bf0, 2
98
SYSCALL
analyzed_bin
writev
108
1, 0x7ffcedc22bf0, 2
52
SYSCALL
analyzed_bin
writev
108
1, 0x7ffcedc22bf0, 2
98
SYSCALL
analyzed_bin
writev
108
1, 0x7ffcedc22bf0, 2
52
SYSCALL
analyzed_bin
writev
108
1, 0x7ffcedc22bf0, 2
98
SYSCALL
analyzed_bin
writev
108
1, 0x7ffcedc22bf0, 2
52
SYSCALL
analyzed_bin
writev
108
1, 0x7ffcedc22bf0, 2
98
SYSCALL
analyzed_bin
writev
108
1, 0x7ffcedc22bf0, 2
52
SYSCALL
analyzed_bin
writev
108
1, 0x7ffcedc22bf0, 2
98
SYSCALL
analyzed_bin
writev
108
1, 0x7ffcedc22bf0, 2
52
SYSCALL
analyzed_bin
writev
108
1, 0x7ffcedc22bf0, 2
98
SYSCALL
analyzed_bin
writev
108
1, 0x7ffcedc22bf0, 2
52
SYSCALL
analyzed_bin
writev
108
1, 0x7ffcedc22bf0, 2
98
SYSCALL
analyzed_bin
writev
108
1, 0x7ffcedc22bf0, 2
52
SYSCALL
analyzed_bin
writev
108
1, 0x7ffcedc22bf0, 2
98
SYSCALL
analyzed_bin
writev
108
1, 0x7ffcedc22bf0, 2
52
SYSCALL
analyzed_bin
writev
108
1, 0x7ffcedc22bf0, 2
98
SYSCALL
analyzed_bin
writev
108
1, 0x7ffcedc22bf0, 2
52
SYSCALL
analyzed_bin
writev
108
1, 0x7ffcedc22bf0, 2
98
SYSCALL
analyzed_bin
writev
108
1, 0x7ffcedc22bf0, 2
52
SYSCALL
analyzed_bin
writev
108
1, 0x7ffcedc22bf0, 2
98
SYSCALL
analyzed_bin
writev
108
1, 0x7ffcedc22bf0, 2
52
SYSCALL
analyzed_bin
writev
108
1, 0x7ffcedc22bf0, 2
98
SYSCALL
analyzed_bin
writev
108
1, 0x7ffcedc22bf0, 2
52
SYSCALL
analyzed_bin
writev
108
1, 0x7ffcedc22bf0, 2
98
SYSCALL
analyzed_bin
writev
108
1, 0x7ffcedc22bf0, 2
52
SYSCALL
analyzed_bin
writev
108
1, 0x7ffcedc22bf0, 2
98
SYSCALL
analyzed_bin
writev
108
1, 0x7ffcedc22bf0, 2
52
SYSCALL
analyzed_bin
writev
108
1, 0x7ffcedc22bf0, 2
98
SYSCALL
analyzed_bin
writev
108
1, 0x7ffcedc22bf0, 2
52
SYSCALL
analyzed_bin
writev
108
1, 0x7ffcedc22bf0, 2
98
SYSCALL
analyzed_bin
writev
108
1, 0x7ffcedc22bf0, 2
52
SYSCALL
analyzed_bin
writev
108
1, 0x7ffcedc22bf0, 2
98
SYSCALL
analyzed_bin
writev
108
1, 0x7ffcedc22bf0, 2
52
SYSCALL
analyzed_bin
writev
108
1, 0x7ffcedc22bf0, 2
98
SYSCALL
analyzed_bin
writev
108
1, 0x7ffcedc22bf0, 2
52
SYSCALL
analyzed_bin
writev
108
1, 0x7ffcedc22bf0, 2
98
SYSCALL
analyzed_bin
writev
108
1, 0x7ffcedc22bf0, 2
52
SYSCALL
analyzed_bin
writev
108
1, 0x7ffcedc22bf0, 2
98
SYSCALL
analyzed_bin
writev
108
1, 0x7ffcedc22bf0, 2
52
SYSCALL
analyzed_bin
writev
108
1, 0x7ffcedc22bf0, 2
98
SYSCALL
analyzed_bin
writev
108
1, 0x7ffcedc22bf0, 2
52
SYSCALL
analyzed_bin
writev
108
1, 0x7ffcedc22bf0, 2
98
SYSCALL
analyzed_bin
writev
108
1, 0x7ffcedc22bf0, 2
52
SYSCALL
analyzed_bin
writev
108
1, 0x7ffcedc22bf0, 2
98
SYSCALL
analyzed_bin
writev
108
1, 0x7ffcedc22bf0, 2
52
SYSCALL
analyzed_bin
writev
108
1, 0x7ffcedc22bf0, 2
98
SYSCALL
analyzed_bin
writev
108
1, 0x7ffcedc22bf0, 2
52
SYSCALL
analyzed_bin
writev
108
1, 0x7ffcedc22bf0, 2
98
SYSCALL
analyzed_bin
writev
108
1, 0x7ffcedc22bf0, 2
52
SYSCALL
analyzed_bin
writev
108
1, 0x7ffcedc22bf0, 2
98
SYSCALL
analyzed_bin
writev
108
1, 0x7ffcedc22bf0, 2
52
SYSCALL
analyzed_bin
writev
108
1, 0x7ffcedc22bf0, 2
98
SYSCALL
analyzed_bin
writev
108
1, 0x7ffcedc22bf0, 2
52
SYSCALL
analyzed_bin
writev
108
1, 0x7ffcedc22bf0, 2
98
SYSCALL
analyzed_bin
writev
108
1, 0x7ffcedc22bf0, 2
52
SYSCALL
analyzed_bin
writev
108
1, 0x7ffcedc22bf0, 2
98
SYSCALL
analyzed_bin
writev
108
1, 0x7ffcedc22bf0, 2
52
SYSCALL
analyzed_bin
writev
108
1, 0x7ffcedc22bf0, 2
98
SYSCALL
analyzed_bin
writev
108
1, 0x7ffcedc22bf0, 2
52
SYSCALL
analyzed_bin
writev
108
1, 0x7ffcedc22bf0, 2
98
SYSCALL
analyzed_bin
writev
108
1, 0x7ffcedc22bf0, 2
52
SYSCALL
analyzed_bin
writev
108
1, 0x7ffcedc22bf0, 2
98
SYSCALL
analyzed_bin
writev
108
1, 0x7ffcedc22bf0, 2
52
SYSCALL
analyzed_bin
writev
108
1, 0x7ffcedc22bf0, 2
98
SYSCALL
analyzed_bin
writev
108
1, 0x7ffcedc22bf0, 2
52
SYSCALL
analyzed_bin
writev
108
1, 0x7ffcedc22bf0, 2
98
SYSCALL
analyzed_bin
writev
108
1, 0x7ffcedc22bf0, 2
52
SYSCALL
analyzed_bin
writev
108
1, 0x7ffcedc22bf0, 2
98
SYSCALL
analyzed_bin
writev
108
1, 0x7ffcedc22bf0, 2
52
SYSCALL
analyzed_bin
writev
108
1, 0x7ffcedc22bf0, 2
98
SYSCALL
analyzed_bin
writev
108
1, 0x7ffcedc22bf0, 2
52
SYSCALL
analyzed_bin
writev
108
1, 0x7ffcedc22bf0, 2
98
SYSCALL
analyzed_bin
writev
108
1, 0x7ffcedc22bf0, 2
52
SYSCALL
analyzed_bin
writev
108
1, 0x7ffcedc22bf0, 2
98
SYSCALL
analyzed_bin
writev
108
1, 0x7ffcedc22bf0, 2
52
SYSCALL
analyzed_bin
writev
108
1, 0x7ffcedc22bf0, 2
98
SYSCALL
analyzed_bin
writev
108
1, 0x7ffcedc22bf0, 2
52
SYSCALL
analyzed_bin
writev
108
1, 0x7ffcedc22bf0, 2
98
SYSCALL
analyzed_bin
writev
108
1, 0x7ffcedc22bf0, 2
52
SYSCALL
analyzed_bin
writev
108
1, 0x7ffcedc22bf0, 2
98
SYSCALL
analyzed_bin
writev
108
1, 0x7ffcedc22bf0, 2
52
SYSCALL
analyzed_bin
writev
108
1, 0x7ffcedc22bf0, 2
98
SYSCALL
analyzed_bin
writev
108
1, 0x7ffcedc22bf0, 2
52
SYSCALL
analyzed_bin
writev
108
1, 0x7ffcedc22bf0, 2
98
SYSCALL
analyzed_bin
writev
108
1, 0x7ffcedc22bf0, 2
52
SYSCALL
analyzed_bin
writev
108
1, 0x7ffcedc22bf0, 2
98
SYSCALL
analyzed_bin
writev
108
1, 0x7ffcedc22bf0, 2
52
SYSCALL
analyzed_bin
writev
108
1, 0x7ffcedc22bf0, 2
98
SYSCALL
analyzed_bin
writev
108
1, 0x7ffcedc22bf0, 2
52
SYSCALL
analyzed_bin
writev
108
1, 0x7ffcedc22bf0, 2
98
SYSCALL
analyzed_bin
writev
108
1, 0x7ffcedc22bf0, 2
52
SYSCALL
analyzed_bin
writev
108
1, 0x7ffcedc22bf0, 2
98
SYSCALL
analyzed_bin
writev
108
1, 0x7ffcedc22bf0, 2
52
SYSCALL
analyzed_bin
writev
108
1, 0x7ffcedc22bf0, 2
98
SYSCALL
analyzed_bin
writev
108
1, 0x7ffcedc22bf0, 2
52
SYSCALL
analyzed_bin
writev
108
1, 0x7ffcedc22bf0, 2
98
SYSCALL
analyzed_bin
writev
108
1, 0x7ffcedc22bf0, 2
52
SYSCALL
analyzed_bin
writev
108
1, 0x7ffcedc22bf0, 2
98
SYSCALL
analyzed_bin
writev
108
1, 0x7ffcedc22bf0, 2
52
SYSCALL
analyzed_bin
writev
108
1, 0x7ffcedc22bf0, 2
98
SYSCALL
analyzed_bin
writev
108
1, 0x7ffcedc22bf0, 2
52
SYSCALL
analyzed_bin
writev
108
1, 0x7ffcedc22bf0, 2
98
SYSCALL
analyzed_bin
writev
108
1, 0x7ffcedc22bf0, 2
52
SYSCALL
analyzed_bin
writev
108
1, 0x7ffcedc22bf0, 2
98
SYSCALL
analyzed_bin
writev
108
1, 0x7ffcedc22bf0, 2
52
SYSCALL
analyzed_bin
writev
108
1, 0x7ffcedc22bf0, 2
98
SYSCALL
analyzed_bin
writev
108
1, 0x7ffcedc22bf0, 2
52
SYSCALL
analyzed_bin
writev
108
1, 0x7ffcedc22bf0, 2
98
SYSCALL
analyzed_bin
writev
108
1, 0x7ffcedc22bf0, 2
52
SYSCALL
analyzed_bin
writev
108
1, 0x7ffcedc22bf0, 2
98
SYSCALL
analyzed_bin
writev
108
1, 0x7ffcedc22bf0, 2
52
SYSCALL
analyzed_bin
writev
108
1, 0x7ffcedc22bf0, 2
98
SYSCALL
analyzed_bin
writev
108
1, 0x7ffcedc22bf0, 2
52
SYSCALL
analyzed_bin
writev
108
1, 0x7ffcedc22bf0, 2
98
SYSCALL
analyzed_bin
writev
108
1, 0x7ffcedc22bf0, 2
52
SYSCALL
analyzed_bin
writev
108
1, 0x7ffcedc22bf0, 2
98
SYSCALL
analyzed_bin
writev
108
1, 0x7ffcedc22bf0, 2
52
SYSCALL
analyzed_bin
writev
108
1, 0x7ffcedc22bf0, 2
98
SYSCALL
analyzed_bin
writev
108
1, 0x7ffcedc22bf0, 2
52
SYSCALL
analyzed_bin
writev
108
1, 0x7ffcedc22bf0, 2
98
SYSCALL
analyzed_bin
writev
108
1, 0x7ffcedc22bf0, 2
52
SYSCALL
analyzed_bin
writev
108
1, 0x7ffcedc22bf0, 2
98
SYSCALL
analyzed_bin
writev
108
1, 0x7ffcedc22bf0, 2
52
SYSCALL
analyzed_bin
writev
108
1, 0x7ffcedc22bf0, 2
98
SYSCALL
analyzed_bin
writev
108
1, 0x7ffcedc22bf0, 2
52
SYSCALL
analyzed_bin
writev
108
1, 0x7ffcedc22bf0, 2
98
SYSCALL
analyzed_bin
writev
108
1, 0x7ffcedc22bf0, 2
52
SYSCALL
analyzed_bin
writev
108
1, 0x7ffcedc22bf0, 2
98
SYSCALL
analyzed_bin
writev
108
1, 0x7ffcedc22bf0, 2
52
SYSCALL
analyzed_bin
writev
108
1, 0x7ffcedc22bf0, 2
98
SYSCALL
analyzed_bin
writev
108
1, 0x7ffcedc22bf0, 2
52
SYSCALL
analyzed_bin
writev
108
1, 0x7ffcedc22bf0, 2
98
SYSCALL
analyzed_bin
writev
108
1, 0x7ffcedc22bf0, 2
52
SYSCALL
analyzed_bin
writev
108
1, 0x7ffcedc22bf0, 2
98
SYSCALL
analyzed_bin
writev
108
1, 0x7ffcedc22bf0, 2
52
SYSCALL
analyzed_bin
writev
108
1, 0x7ffcedc22bf0, 2
98
SYSCALL
analyzed_bin
writev
108
1, 0x7ffcedc22bf0, 2
52
SYSCALL
analyzed_bin
writev
108
1, 0x7ffcedc22bf0, 2
98
SYSCALL
analyzed_bin
writev
108
1, 0x7ffcedc22bf0, 2
52
SYSCALL
analyzed_bin
writev
108
1, 0x7ffcedc22bf0, 2
98
SYSCALL
analyzed_bin
writev
108
1, 0x7ffcedc22bf0, 2
52
SYSCALL
analyzed_bin
writev
108
1, 0x7ffcedc22bf0, 2
98
SYSCALL
analyzed_bin
writev
108
1, 0x7ffcedc22bf0, 2
52
SYSCALL
analyzed_bin
writev
108
1, 0x7ffcedc22bf0, 2
98
SYSCALL
analyzed_bin
writev
108
1, 0x7ffcedc22bf0, 2
52
SYSCALL
analyzed_bin
writev
108
1, 0x7ffcedc22bf0, 2
98
SYSCALL
analyzed_bin
writev
108
1, 0x7ffcedc22bf0, 2
52
SYSCALL
analyzed_bin
writev
108
1, 0x7ffcedc22bf0, 2
98
SYSCALL
analyzed_bin
writev
108
1, 0x7ffcedc22bf0, 2
52
SYSCALL
analyzed_bin
writev
108
1, 0x7ffcedc22bf0, 2
98
SYSCALL
analyzed_bin
writev
108
1, 0x7ffcedc22bf0, 2
52
SYSCALL
analyzed_bin
writev
108
1, 0x7ffcedc22bf0, 2
98
SYSCALL
analyzed_bin
writev
108
1, 0x7ffcedc22bf0, 2
52
SYSCALL
analyzed_bin
writev
108
1, 0x7ffcedc22bf0, 2
98
SYSCALL
analyzed_bin
writev
108
1, 0x7ffcedc22bf0, 2
52
SYSCALL
analyzed_bin
writev
108
1, 0x7ffcedc22bf0, 2
98
SYSCALL
analyzed_bin
writev
108
1, 0x7ffcedc22bf0, 2
52
SYSCALL
analyzed_bin
writev
108
1, 0x7ffcedc22bf0, 2
98
SYSCALL
analyzed_bin
writev
108
1, 0x7ffcedc22bf0, 2
52
SYSCALL
analyzed_bin
writev
108
1, 0x7ffcedc22bf0, 2
98
SYSCALL
analyzed_bin
writev
108
1, 0x7ffcedc22bf0, 2
52
SYSCALL
analyzed_bin
writev
108
1, 0x7ffcedc22bf0, 2
98
SYSCALL
analyzed_bin
writev
108
1, 0x7ffcedc22bf0, 2
52
SYSCALL
analyzed_bin
writev
108
1, 0x7ffcedc22bf0, 2
98
SYSCALL
analyzed_bin
writev
108
1, 0x7ffcedc22bf0, 2
52
SYSCALL
analyzed_bin
writev
108
1, 0x7ffcedc22bf0, 2
98
SYSCALL
analyzed_bin
writev
108
1, 0x7ffcedc22bf0, 2
52
SYSCALL
analyzed_bin
writev
108
1, 0x7ffcedc22bf0, 2
98
SYSCALL
analyzed_bin
writev
108
1, 0x7ffcedc22bf0, 2
52
SYSCALL
analyzed_bin
writev
108
1, 0x7ffcedc22bf0, 2
98
SYSCALL
analyzed_bin
writev
108
1, 0x7ffcedc22bf0, 2
52
SYSCALL
analyzed_bin
writev
108
1, 0x7ffcedc22bf0, 2
98
SYSCALL
analyzed_bin
writev
108
1, 0x7ffcedc22bf0, 2
52
SYSCALL
analyzed_bin
writev
108
1, 0x7ffcedc22bf0, 2
98
SYSCALL
analyzed_bin
writev
108
1, 0x7ffcedc22bf0, 2
52
SYSCALL
analyzed_bin
writev
108
1, 0x7ffcedc22bf0, 2
98
SYSCALL
analyzed_bin
writev
108
1, 0x7ffcedc22bf0, 2
52
SYSCALL
analyzed_bin
writev
108
1, 0x7ffcedc22bf0, 2
98
SYSCALL
analyzed_bin
writev
108
1, 0x7ffcedc22bf0, 2
52
SYSCALL
analyzed_bin
writev
108
1, 0x7ffcedc22bf0, 2
98
SYSCALL
analyzed_bin
writev
108
1, 0x7ffcedc22bf0, 2
52
SYSCALL
analyzed_bin
writev
108
1, 0x7ffcedc22bf0, 2
98
SYSCALL
analyzed_bin
writev
108
1, 0x7ffcedc22bf0, 2
52
SYSCALL
analyzed_bin
writev
108
1, 0x7ffcedc22bf0, 2
98
SYSCALL
analyzed_bin
writev
108
1, 0x7ffcedc22bf0, 2
52
SYSCALL
analyzed_bin
writev
108
1, 0x7ffcedc22bf0, 2
98
SYSCALL
analyzed_bin
writev
108
1, 0x7ffcedc22bf0, 2
52
SYSCALL
analyzed_bin
writev
108
1, 0x7ffcedc22bf0, 2
98
SYSCALL
analyzed_bin
writev
108
1, 0x7ffcedc22bf0, 2
52
SYSCALL
analyzed_bin
writev
108
1, 0x7ffcedc22bf0, 2
98
SYSCALL
analyzed_bin
writev
108
1, 0x7ffcedc22bf0, 2
52
SYSCALL
analyzed_bin
writev
108
1, 0x7ffcedc22bf0, 2
98
SYSCALL
analyzed_bin
writev
108
1, 0x7ffcedc22bf0, 2
52
SYSCALL
analyzed_bin
writev
108
1, 0x7ffcedc22bf0, 2
98
SYSCALL
analyzed_bin
writev
108
1, 0x7ffcedc22bf0, 2
52
SYSCALL
analyzed_bin
writev
108
1, 0x7ffcedc22bf0, 2
98
SYSCALL
analyzed_bin
writev
108
1, 0x7ffcedc22bf0, 2
52
SYSCALL
analyzed_bin
writev
108
1, 0x7ffcedc22bf0, 2
98
SYSCALL
analyzed_bin
writev
108
1, 0x7ffcedc22bf0, 2
52
SYSCALL
analyzed_bin
writev
108
1, 0x7ffcedc22bf0, 2
98
SYSCALL
analyzed_bin
writev
108
1, 0x7ffcedc22bf0, 2
52
SYSCALL
analyzed_bin
writev
108
1, 0x7ffcedc22bf0, 2
98
SYSCALL
analyzed_bin
writev
108
1, 0x7ffcedc22bf0, 2
52
SYSCALL
analyzed_bin
writev
108
1, 0x7ffcedc22bf0, 2
98
SYSCALL
analyzed_bin
writev
108
1, 0x7ffcedc22bf0, 2
52
SYSCALL
analyzed_bin
writev
108
1, 0x7ffcedc22bf0, 2
98
SYSCALL
analyzed_bin
writev
108
1, 0x7ffcedc22bf0, 2
52
SYSCALL
analyzed_bin
writev
108
1, 0x7ffcedc22bf0, 2
98
SYSCALL
analyzed_bin
writev
108
1, 0x7ffcedc22bf0, 2
52
SYSCALL
analyzed_bin
writev
108
1, 0x7ffcedc22bf0, 2
98
SYSCALL
analyzed_bin
writev
108
1, 0x7ffcedc22bf0, 2
52
SYSCALL
analyzed_bin
writev
108
1, 0x7ffcedc22bf0, 2
98
SYSCALL
analyzed_bin
writev
108
1, 0x7ffcedc22bf0, 2
52
SYSCALL
analyzed_bin
writev
108
1, 0x7ffcedc22bf0, 2
98
SYSCALL
analyzed_bin
writev
108
1, 0x7ffcedc22bf0, 2
52
SYSCALL
analyzed_bin
writev
108
1, 0x7ffcedc22bf0, 2
98
SYSCALL
analyzed_bin
writev
108
1, 0x7ffcedc22bf0, 2
52
SYSCALL
analyzed_bin
writev
108
1, 0x7ffcedc22bf0, 2
98
SYSCALL
analyzed_bin
writev
108
1, 0x7ffcedc22bf0, 2
52
SYSCALL
analyzed_bin
writev
108
1, 0x7ffcedc22bf0, 2
98
SYSCALL
analyzed_bin
writev
108
1, 0x7ffcedc22bf0, 2
52
SYSCALL
analyzed_bin
writev
108
1, 0x7ffcedc22bf0, 2
98
SYSCALL
analyzed_bin
writev
108
1, 0x7ffcedc22bf0, 2
52
SYSCALL
analyzed_bin
writev
108
1, 0x7ffcedc22bf0, 2
98
SYSCALL
analyzed_bin
writev
108
1, 0x7ffcedc22bf0, 2
52
SYSCALL
analyzed_bin
writev
108
1, 0x7ffcedc22bf0, 2
98
SYSCALL
analyzed_bin
writev
108
1, 0x7ffcedc22bf0, 2
52
SYSCALL
analyzed_bin
writev
108
1, 0x7ffcedc22bf0, 2
98
SYSCALL
analyzed_bin
writev
108
1, 0x7ffcedc22bf0, 2
52
SYSCALL
analyzed_bin
writev
108
1, 0x7ffcedc22bf0, 2
98
SYSCALL
analyzed_bin
writev
108
1, 0x7ffcedc22bf0, 2
52
SYSCALL
analyzed_bin
writev
108
1, 0x7ffcedc22bf0, 2
98
SYSCALL
analyzed_bin
writev
108
1, 0x7ffcedc22bf0, 2
52
SYSCALL
analyzed_bin
writev
108
1, 0x7ffcedc22bf0, 2
98
SYSCALL
analyzed_bin
writev
108
1, 0x7ffcedc22bf0, 2
52
SYSCALL
analyzed_bin
writev
108
1, 0x7ffcedc22bf0, 2
98
SYSCALL
analyzed_bin
writev
108
1, 0x7ffcedc22bf0, 2
52
SYSCALL
analyzed_bin
writev
108
1, 0x7ffcedc22bf0, 2
98
SYSCALL
analyzed_bin
writev
108
1, 0x7ffcedc22bf0, 2
52
SYSCALL
analyzed_bin
writev
108
1, 0x7ffcedc22bf0, 2
98
SYSCALL
analyzed_bin
writev
108
1, 0x7ffcedc22bf0, 2
52
SYSCALL
analyzed_bin
writev
108
1, 0x7ffcedc22bf0, 2
98
SYSCALL
analyzed_bin
writev
108
1, 0x7ffcedc22bf0, 2
52
SYSCALL
analyzed_bin
writev
108
1, 0x7ffcedc22bf0, 2
98
SYSCALL
analyzed_bin
writev
108
1, 0x7ffcedc22bf0, 2
52
SYSCALL
analyzed_bin
writev
108
1, 0x7ffcedc22bf0, 2
98
SYSCALL
analyzed_bin
writev
108
1, 0x7ffcedc22bf0, 2
52
SYSCALL
analyzed_bin
writev
108
1, 0x7ffcedc22bf0, 2
98
SYSCALL
analyzed_bin
writev
108
1, 0x7ffcedc22bf0, 2
52
SYSCALL
analyzed_bin
writev
108
1, 0x7ffcedc22bf0, 2
98
SYSCALL
analyzed_bin
writev
108
1, 0x7ffcedc22bf0, 2
52
SYSCALL
analyzed_bin
writev
108
1, 0x7ffcedc22bf0, 2
98
SYSCALL
analyzed_bin
writev
108
1, 0x7ffcedc22bf0, 2
52
SYSCALL
analyzed_bin
writev
108
1, 0x7ffcedc22bf0, 2
98
SYSCALL
analyzed_bin
writev
108
1, 0x7ffcedc22bf0, 2
52
SYSCALL
analyzed_bin
writev
108
1, 0x7ffcedc22bf0, 2
98
SYSCALL
analyzed_bin
writev
108
1, 0x7ffcedc22bf0, 2
52
SYSCALL
analyzed_bin
writev
108
1, 0x7ffcedc22bf0, 2
98
SYSCALL
analyzed_bin
writev
108
1, 0x7ffcedc22bf0, 2
52
SYSCALL
analyzed_bin
writev
108
1, 0x7ffcedc22bf0, 2
98
SYSCALL
analyzed_bin
writev
108
1, 0x7ffcedc22bf0, 2
52
SYSCALL
analyzed_bin
writev
108
1, 0x7ffcedc22bf0, 2
98
SYSCALL
analyzed_bin
writev
108
1, 0x7ffcedc22bf0, 2
52
SYSCALL
analyzed_bin
writev
108
1, 0x7ffcedc22bf0, 2
98
SYSCALL
analyzed_bin
writev
108
1, 0x7ffcedc22bf0, 2
52
SYSCALL
analyzed_bin
writev
108
1, 0x7ffcedc22bf0, 2
98
SYSCALL
analyzed_bin
writev
108
1, 0x7ffcedc22bf0, 2
52
SYSCALL
analyzed_bin
writev
108
1, 0x7ffcedc22bf0, 2
98
SYSCALL
analyzed_bin
writev
108
1, 0x7ffcedc22bf0, 2
52
SYSCALL
analyzed_bin
writev
108
1, 0x7ffcedc22bf0, 2
98
SYSCALL
analyzed_bin
writev
108
1, 0x7ffcedc22bf0, 2
52
SYSCALL
analyzed_bin
writev
108
1, 0x7ffcedc22bf0, 2
98
SYSCALL
analyzed_bin
writev
108
1, 0x7ffcedc22bf0, 2
52
SYSCALL
analyzed_bin
writev
108
1, 0x7ffcedc22bf0, 2
98
SYSCALL
analyzed_bin
writev
108
1, 0x7ffcedc22bf0, 2
52
SYSCALL
analyzed_bin
writev
108
1, 0x7ffcedc22bf0, 2
98
SYSCALL
analyzed_bin
writev
108
1, 0x7ffcedc22bf0, 2
52
SYSCALL
analyzed_bin
writev
108
1, 0x7ffcedc22bf0, 2
98
SYSCALL
analyzed_bin
writev
108
1, 0x7ffcedc22bf0, 2
52
SYSCALL
analyzed_bin
writev
108
1, 0x7ffcedc22bf0, 2
98
SYSCALL
analyzed_bin
writev
108
1, 0x7ffcedc22bf0, 2
52
SYSCALL
analyzed_bin
writev
108
1, 0x7ffcedc22bf0, 2
98
SYSCALL
analyzed_bin
writev
108
1, 0x7ffcedc22bf0, 2
52
SYSCALL
analyzed_bin
writev
108
1, 0x7ffcedc22bf0, 2
98
SYSCALL
analyzed_bin
writev
108
1, 0x7ffcedc22bf0, 2
52
SYSCALL
analyzed_bin
writev
108
1, 0x7ffcedc22bf0, 2
98
SYSCALL
analyzed_bin
writev
108
1, 0x7ffcedc22bf0, 2
52
SYSCALL
analyzed_bin
writev
108
1, 0x7ffcedc22bf0, 2
98
SYSCALL
analyzed_bin
writev
108
1, 0x7ffcedc22bf0, 2
52
SYSCALL
analyzed_bin
writev
108
1, 0x7ffcedc22bf0, 2
98
SYSCALL
analyzed_bin
writev
108
1, 0x7ffcedc22bf0, 2
52
SYSCALL
analyzed_bin
writev
108
1, 0x7ffcedc22bf0, 2
98
SYSCALL
analyzed_bin
writev
108
1, 0x7ffcedc22bf0, 2
52
SYSCALL
analyzed_bin
writev
108
1, 0x7ffcedc22bf0, 2
98
SYSCALL
analyzed_bin
writev
108
1, 0x7ffcedc22bf0, 2
52
SYSCALL
analyzed_bin
writev
108
1, 0x7ffcedc22bf0, 2
98
SYSCALL
analyzed_bin
writev
108
1, 0x7ffcedc22bf0, 2
52
SYSCALL
analyzed_bin
writev
108
1, 0x7ffcedc22bf0, 2
98
SYSCALL
analyzed_bin
writev
108
1, 0x7ffcedc22bf0, 2
52
SYSCALL
analyzed_bin
writev
108
1, 0x7ffcedc22bf0, 2
98
SYSCALL
analyzed_bin
writev
108
1, 0x7ffcedc22bf0, 2
52
SYSCALL
analyzed_bin
writev
108
1, 0x7ffcedc22bf0, 2
98
SYSCALL
analyzed_bin
writev
108
1, 0x7ffcedc22bf0, 2
52
SYSCALL
analyzed_bin
writev
108
1, 0x7ffcedc22bf0, 2
98
SYSCALL
analyzed_bin
writev
108
1, 0x7ffcedc22bf0, 2
52
SYSCALL
analyzed_bin
writev
108
1, 0x7ffcedc22bf0, 2
98
SYSCALL
analyzed_bin
writev
108
1, 0x7ffcedc22bf0, 2
52
SYSCALL
analyzed_bin
writev
108
1, 0x7ffcedc22bf0, 2
98
SYSCALL
analyzed_bin
writev
108
1, 0x7ffcedc22bf0, 2
52
SYSCALL
analyzed_bin
writev
108
1, 0x7ffcedc22bf0, 2
98
SYSCALL
analyzed_bin
writev
108
1, 0x7ffcedc22bf0, 2
52
SYSCALL
analyzed_bin
writev
108
1, 0x7ffcedc22bf0, 2
98
SYSCALL
analyzed_bin
writev
108
1, 0x7ffcedc22bf0, 2
52
SYSCALL
analyzed_bin
writev
108
1, 0x7ffcedc22bf0, 2
98
SYSCALL
analyzed_bin
writev
108
1, 0x7ffcedc22bf0, 2
52
SYSCALL
analyzed_bin
writev
108
1, 0x7ffcedc22bf0, 2
98
SYSCALL
analyzed_bin
writev
108
1, 0x7ffcedc22bf0, 2
52
SYSCALL
analyzed_bin
writev
108
1, 0x7ffcedc22bf0, 2
98
SYSCALL
analyzed_bin
writev
108
1, 0x7ffcedc22bf0, 2
52
SYSCALL
analyzed_bin
writev
108
1, 0x7ffcedc22bf0, 2
98
SYSCALL
analyzed_bin
writev
108
1, 0x7ffcedc22bf0, 2
52
SYSCALL
analyzed_bin
writev
108
1, 0x7ffcedc22bf0, 2
98
SYSCALL
analyzed_bin
writev
108
1, 0x7ffcedc22bf0, 2
52
SYSCALL
analyzed_bin
writev
108
1, 0x7ffcedc22bf0, 2
98
SYSCALL
analyzed_bin
writev
108
1, 0x7ffcedc22bf0, 2
52
SYSCALL
analyzed_bin
writev
108
1, 0x7ffcedc22bf0, 2
98
SYSCALL
analyzed_bin
writev
108
1, 0x7ffcedc22bf0, 2
52
SYSCALL
analyzed_bin
writev
108
1, 0x7ffcedc22bf0, 2
98
SYSCALL
analyzed_bin
writev
108
1, 0x7ffcedc22bf0, 2
52
SYSCALL
analyzed_bin
writev
108
1, 0x7ffcedc22bf0, 2
98
SYSCALL
analyzed_bin
writev
108
1, 0x7ffcedc22bf0, 2
52
SYSCALL
analyzed_bin
writev
108
1, 0x7ffcedc22bf0, 2
98
SYSCALL
analyzed_bin
writev
108
1, 0x7ffcedc22bf0, 2
52
SYSCALL
analyzed_bin
writev
108
1, 0x7ffcedc22bf0, 2
98
SYSCALL
analyzed_bin
writev
108
1, 0x7ffcedc22bf0, 2
52
SYSCALL
analyzed_bin
writev
108
1, 0x7ffcedc22bf0, 2
98
SYSCALL
analyzed_bin
writev
108
1, 0x7ffcedc22bf0, 2
52
SYSCALL
analyzed_bin
writev
108
1, 0x7ffcedc22bf0, 2
98
SYSCALL
analyzed_bin
writev
108
1, 0x7ffcedc22bf0, 2
52
SYSCALL
analyzed_bin
writev
108
1, 0x7ffcedc22bf0, 2
98
SYSCALL
analyzed_bin
writev
108
1, 0x7ffcedc22bf0, 2
52
SYSCALL
analyzed_bin
writev
108
1, 0x7ffcedc22bf0, 2
98
SYSCALL
analyzed_bin
writev
108
1, 0x7ffcedc22bf0, 2
52
SYSCALL
analyzed_bin
writev
108
1, 0x7ffcedc22bf0, 2
98
SYSCALL
analyzed_bin
writev
108
1, 0x7ffcedc22bf0, 2
52
SYSCALL
analyzed_bin
writev
108
1, 0x7ffcedc22bf0, 2
98
SYSCALL
analyzed_bin
writev
108
1, 0x7ffcedc22bf0, 2
52
SYSCALL
analyzed_bin
writev
108
1, 0x7ffcedc22bf0, 2
98
SYSCALL
analyzed_bin
writev
108
1, 0x7ffcedc22bf0, 2
52
SYSCALL
analyzed_bin
writev
108
1, 0x7ffcedc22bf0, 2
98
SYSCALL
analyzed_bin
writev
108
1, 0x7ffcedc22bf0, 2
52
SYSCALL
analyzed_bin
writev
108
1, 0x7ffcedc22bf0, 2
98
SYSCALL
analyzed_bin
writev
108
1, 0x7ffcedc22bf0, 2
52
SYSCALL
analyzed_bin
writev
108
1, 0x7ffcedc22bf0, 2
98
SYSCALL
analyzed_bin
writev
108
1, 0x7ffcedc22bf0, 2
52
SYSCALL
analyzed_bin
writev
108
1, 0x7ffcedc22bf0, 2
98
SYSCALL
analyzed_bin
writev
108
1, 0x7ffcedc22bf0, 2
52
SYSCALL
analyzed_bin
writev
108
1, 0x7ffcedc22bf0, 2
98
SYSCALL
analyzed_bin
writev
108
1, 0x7ffcedc22bf0, 2
52
SYSCALL
analyzed_bin
writev
108
1, 0x7ffcedc22bf0, 2
98
SYSCALL
analyzed_bin
writev
108
1, 0x7ffcedc22bf0, 2
52
SYSCALL
analyzed_bin
writev
108
1, 0x7ffcedc22bf0, 2
98
