LISA
PROCESS
108:105
SYSCALL
analyzed_bin
execve
108

0
SYSCALL
analyzed_bin
arch_prctl
108
ARCH_SET_FS, 139648790516088
0
SYSCALL
analyzed_bin
set_tid_address
108
0x7f02848d51b0
108
SYSCALL
analyzed_bin
brk
108
0x0
139648790519808
SYSCALL
analyzed_bin
brk
108
0x7f02848d7000
139648790523904
SYSCALL
analyzed_bin
brk
108
0x7f02848e9000
139648790597632
SYSCALL
analyzed_bin
brk
108
0x7f02848ea000
139648790601728
SYSCALL
analyzed_bin
brk
108
0x7f02848eb000
139648790605824
SYSCALL
analyzed_bin
brk
108
0x7f02848ec000
139648790609920
SYSCALL
analyzed_bin
brk
108
0x7f02848ed000
139648790614016
SYSCALL
analyzed_bin
brk
108
0x7f02848ee000
139648790618112
SYSCALL
analyzed_bin
brk
108
0x7f02848ef000
139648790622208
SYSCALL
analyzed_bin
brk
108
0x7f02848f0000
139648790626304
SYSCALL
analyzed_bin
brk
108
0x7f02848f1000
139648790630400
SYSCALL
analyzed_bin
brk
108
0x7f02848f2000
139648790634496
SYSCALL
analyzed_bin
brk
108
0x7f02848f3000
139648790638592
SYSCALL
analyzed_bin
brk
108
0x7f02848f4000
139648790642688
SYSCALL
analyzed_bin
brk
108
0x7f02848f5000
139648790646784
SYSCALL
analyzed_bin
brk
108
0x7f02848f6000
139648790650880
SYSCALL
analyzed_bin
brk
108
0x7f02848f7000
139648790654976
SYSCALL
analyzed_bin
brk
108
0x7f02848f8000
139648790659072
SYSCALL
analyzed_bin
brk
108
0x7f02848f9000
139648790663168
SYSCALL
analyzed_bin
brk
108
0x7f02848fb000
139648790671360
SYSCALL
analyzed_bin
brk
108
0x7f02848fc000
139648790675456
SYSCALL
analyzed_bin
brk
108
0x7f02848fd000
139648790679552
SYSCALL
analyzed_bin
brk
108
0x7f02848fe000
139648790683648
SYSCALL
analyzed_bin
brk
108
0x7f02848ff000
139648790687744
SYSCALL
analyzed_bin
brk
108
0x7f0284900000
139648790691840
SYSCALL
analyzed_bin
brk
108
0x7f0284901000
139648790695936
SYSCALL
analyzed_bin
brk
108
0x7f0284902000
139648790700032
SYSCALL
analyzed_bin
brk
108
0x7f0284905000
139648790712320
SYSCALL
analyzed_bin
brk
108
0x7f0284906000
139648790716416
SYSCALL
analyzed_bin
brk
108
0x7f0284907000
139648790720512
SYSCALL
analyzed_bin
brk
108
0x7f0284908000
139648790724608
SYSCALL
analyzed_bin
brk
108
0x7f0284909000
139648790728704
SYSCALL
analyzed_bin
brk
108
0x7f028490a000
139648790732800
SYSCALL
analyzed_bin
brk
108
0x7f028490b000
139648790736896
SYSCALL
analyzed_bin
brk
108
0x7f028490c000
139648790740992
SYSCALL
analyzed_bin
brk
108
0x7f028490d000
139648790745088
SYSCALL
analyzed_bin
brk
108
0x7f028490e000
139648790749184
SYSCALL
analyzed_bin
brk
108
0x7f028490f000
139648790753280
SYSCALL
analyzed_bin
brk
108
0x7f0284910000
139648790757376
SYSCALL
analyzed_bin
brk
108
0x7f0284911000
139648790761472
SYSCALL
analyzed_bin
brk
108
0x7f0284912000
139648790765568
SYSCALL
analyzed_bin
brk
108
0x7f0284913000
139648790769664
SYSCALL
analyzed_bin
brk
108
0x7f0284918000
139648790790144
SYSCALL
analyzed_bin
brk
108
0x7f0284919000
139648790794240
SYSCALL
analyzed_bin
brk
108
0x7f028491a000
139648790798336
SYSCALL
analyzed_bin
getuid
108

0
SYSCALL
analyzed_bin
geteuid
108

0
SYSCALL
analyzed_bin
getgid
108

0
SYSCALL
analyzed_bin
getegid
108

0
OPENFILE
"/usr/local/ssl/openssl.cnf"
SYSCALL
analyzed_bin
open
108
"/usr/local/ssl/openssl.cnf", O_RDONLY
-2 (ENOENT)
SYSCALL
analyzed_bin
brk
108
0x7f028491b000
139648790802432
SYSCALL
analyzed_bin
brk
108
0x7f028491c000
139648790806528
SYSCALL
analyzed_bin
brk
108
0x7f028491d000
139648790810624
SYSCALL
analyzed_bin
brk
108
0x7f028491e000
139648790814720
SYSCALL
analyzed_bin
brk
108
0x7f028491f000
139648790818816
SYSCALL
analyzed_bin
brk
108
0x7f0284920000
139648790822912
SYSCALL
analyzed_bin
brk
108
0x7f0284921000
139648790827008
SYSCALL
analyzed_bin
brk
108
0x7f0284922000
139648790831104
SYSCALL
analyzed_bin
brk
108
0x7f0284923000
139648790835200
SYSCALL
analyzed_bin
brk
108
0x7f0284924000
139648790839296
SYSCALL
analyzed_bin
brk
108
0x7f0284925000
139648790843392
SYSCALL
analyzed_bin
brk
108
0x7f0284926000
139648790847488
SYSCALL
analyzed_bin
brk
108
0x7f0284927000
139648790851584
OPENFILE
"config.txt"
SYSCALL
analyzed_bin
open
108
"config.txt", O_RDONLY
-2 (ENOENT)
OPENFILE
"pools.txt"
SYSCALL
analyzed_bin
open
108
"pools.txt", O_RDONLY
-2 (ENOENT)
SYSCALL
analyzed_bin
brk
108
0x7f0284929000
139648790859776
SYSCALL
analyzed_bin
brk
108
0x7f028492b000
139648790867968
SYSCALL
analyzed_bin
writev
108
1, 0x7ffedb98c9b0, 2
32
SYSCALL
analyzed_bin
readv
108
0, 0x7ffedb98c990, 2
0
SYSCALL
analyzed_bin
brk
108
0x7f028492d000
139648790876160
SYSCALL
analyzed_bin
brk
108
0x7f0284931000
139648790892544
SYSCALL
analyzed_bin
brk
108
0x7f0284935000
139648790908928
OPENFILE
"config.txt"
SYSCALL
analyzed_bin
open
108
"config.txt", O_WRONLY|O_CREAT|O_TRUNC, 0666
3
SYSCALL
analyzed_bin
ioctl
108
3, 21523, 0x7ffedb98c808
-25 (ENOTTY)
SYSCALL
analyzed_bin
writev
108
3, 0x7ffedb98c770, 2
6726
SYSCALL
analyzed_bin
close
108
3
0
SYSCALL
analyzed_bin
writev
108
1, 0x7ffedb98caa0, 2
42
SYSCALL
analyzed_bin
writev
108
1, 0x7ffedb98c730, 2
14
SYSCALL
analyzed_bin
writev
108
1, 0x7ffedb98c740, 2
52
SYSCALL
analyzed_bin
writev
108
1, 0x7ffedb98c740, 2
98
SYSCALL
analyzed_bin
writev
108
1, 0x7ffedb98c740, 2
52
SYSCALL
analyzed_bin
writev
108
1, 0x7ffedb98c740, 2
98
SYSCALL
analyzed_bin
writev
108
1, 0x7ffedb98c740, 2
52
SYSCALL
analyzed_bin
writev
108
1, 0x7ffedb98c740, 2
98
SYSCALL
analyzed_bin
writev
108
1, 0x7ffedb98c740, 2
52
SYSCALL
analyzed_bin
writev
108
1, 0x7ffedb98c740, 2
98
SYSCALL
analyzed_bin
writev
108
1, 0x7ffedb98c740, 2
52
SYSCALL
analyzed_bin
writev
108
1, 0x7ffedb98c740, 2
98
SYSCALL
analyzed_bin
writev
108
1, 0x7ffedb98c740, 2
52
SYSCALL
analyzed_bin
writev
108
1, 0x7ffedb98c740, 2
98
SYSCALL
analyzed_bin
writev
108
1, 0x7ffedb98c740, 2
52
SYSCALL
analyzed_bin
writev
108
1, 0x7ffedb98c740, 2
98
SYSCALL
analyzed_bin
writev
108
1, 0x7ffedb98c740, 2
52
SYSCALL
analyzed_bin
writev
108
1, 0x7ffedb98c740, 2
98
SYSCALL
analyzed_bin
writev
108
1, 0x7ffedb98c740, 2
52
SYSCALL
analyzed_bin
writev
108
1, 0x7ffedb98c740, 2
98
SYSCALL
analyzed_bin
writev
108
1, 0x7ffedb98c740, 2
52
SYSCALL
analyzed_bin
writev
108
1, 0x7ffedb98c740, 2
98
SYSCALL
analyzed_bin
writev
108
1, 0x7ffedb98c740, 2
52
SYSCALL
analyzed_bin
writev
108
1, 0x7ffedb98c740, 2
98
SYSCALL
analyzed_bin
writev
108
1, 0x7ffedb98c740, 2
52
SYSCALL
analyzed_bin
writev
108
1, 0x7ffedb98c740, 2
98
SYSCALL
analyzed_bin
writev
108
1, 0x7ffedb98c740, 2
52
SYSCALL
analyzed_bin
writev
108
1, 0x7ffedb98c740, 2
98
SYSCALL
analyzed_bin
writev
108
1, 0x7ffedb98c740, 2
52
SYSCALL
analyzed_bin
writev
108
1, 0x7ffedb98c740, 2
98
SYSCALL
analyzed_bin
writev
108
1, 0x7ffedb98c740, 2
52
SYSCALL
analyzed_bin
writev
108
1, 0x7ffedb98c740, 2
98
SYSCALL
analyzed_bin
writev
108
1, 0x7ffedb98c740, 2
52
SYSCALL
analyzed_bin
writev
108
1, 0x7ffedb98c740, 2
98
SYSCALL
analyzed_bin
writev
108
1, 0x7ffedb98c740, 2
52
SYSCALL
analyzed_bin
writev
108
1, 0x7ffedb98c740, 2
98
SYSCALL
analyzed_bin
writev
108
1, 0x7ffedb98c740, 2
52
SYSCALL
analyzed_bin
writev
108
1, 0x7ffedb98c740, 2
98
SYSCALL
analyzed_bin
writev
108
1, 0x7ffedb98c740, 2
52
SYSCALL
analyzed_bin
writev
108
1, 0x7ffedb98c740, 2
98
SYSCALL
analyzed_bin
writev
108
1, 0x7ffedb98c740, 2
52
SYSCALL
analyzed_bin
writev
108
1, 0x7ffedb98c740, 2
98
SYSCALL
analyzed_bin
writev
108
1, 0x7ffedb98c740, 2
52
SYSCALL
analyzed_bin
writev
108
1, 0x7ffedb98c740, 2
98
SYSCALL
analyzed_bin
writev
108
1, 0x7ffedb98c740, 2
52
SYSCALL
analyzed_bin
writev
108
1, 0x7ffedb98c740, 2
98
SYSCALL
analyzed_bin
writev
108
1, 0x7ffedb98c740, 2
52
SYSCALL
analyzed_bin
writev
108
1, 0x7ffedb98c740, 2
98
SYSCALL
analyzed_bin
writev
108
1, 0x7ffedb98c740, 2
52
SYSCALL
analyzed_bin
writev
108
1, 0x7ffedb98c740, 2
98
SYSCALL
analyzed_bin
writev
108
1, 0x7ffedb98c740, 2
52
SYSCALL
analyzed_bin
writev
108
1, 0x7ffedb98c740, 2
98
SYSCALL
analyzed_bin
writev
108
1, 0x7ffedb98c740, 2
52
SYSCALL
analyzed_bin
writev
108
1, 0x7ffedb98c740, 2
98
SYSCALL
analyzed_bin
writev
108
1, 0x7ffedb98c740, 2
52
SYSCALL
analyzed_bin
writev
108
1, 0x7ffedb98c740, 2
98
SYSCALL
analyzed_bin
writev
108
1, 0x7ffedb98c740, 2
52
SYSCALL
analyzed_bin
writev
108
1, 0x7ffedb98c740, 2
98
SYSCALL
analyzed_bin
writev
108
1, 0x7ffedb98c740, 2
52
SYSCALL
analyzed_bin
writev
108
1, 0x7ffedb98c740, 2
98
SYSCALL
analyzed_bin
writev
108
1, 0x7ffedb98c740, 2
52
SYSCALL
analyzed_bin
writev
108
1, 0x7ffedb98c740, 2
98
SYSCALL
analyzed_bin
writev
108
1, 0x7ffedb98c740, 2
52
SYSCALL
analyzed_bin
writev
108
1, 0x7ffedb98c740, 2
98
SYSCALL
analyzed_bin
writev
108
1, 0x7ffedb98c740, 2
52
SYSCALL
analyzed_bin
writev
108
1, 0x7ffedb98c740, 2
98
SYSCALL
analyzed_bin
writev
108
1, 0x7ffedb98c740, 2
52
SYSCALL
analyzed_bin
writev
108
1, 0x7ffedb98c740, 2
98
SYSCALL
analyzed_bin
writev
108
1, 0x7ffedb98c740, 2
52
SYSCALL
analyzed_bin
writev
108
1, 0x7ffedb98c740, 2
98
SYSCALL
analyzed_bin
writev
108
1, 0x7ffedb98c740, 2
52
SYSCALL
analyzed_bin
writev
108
1, 0x7ffedb98c740, 2
98
SYSCALL
analyzed_bin
writev
108
1, 0x7ffedb98c740, 2
52
SYSCALL
analyzed_bin
writev
108
1, 0x7ffedb98c740, 2
98
SYSCALL
analyzed_bin
writev
108
1, 0x7ffedb98c740, 2
52
SYSCALL
analyzed_bin
writev
108
1, 0x7ffedb98c740, 2
98
SYSCALL
analyzed_bin
writev
108
1, 0x7ffedb98c740, 2
52
SYSCALL
analyzed_bin
writev
108
1, 0x7ffedb98c740, 2
98
SYSCALL
analyzed_bin
writev
108
1, 0x7ffedb98c740, 2
52
SYSCALL
analyzed_bin
writev
108
1, 0x7ffedb98c740, 2
98
SYSCALL
analyzed_bin
writev
108
1, 0x7ffedb98c740, 2
52
SYSCALL
analyzed_bin
writev
108
1, 0x7ffedb98c740, 2
98
SYSCALL
analyzed_bin
writev
108
1, 0x7ffedb98c740, 2
52
SYSCALL
analyzed_bin
writev
108
1, 0x7ffedb98c740, 2
98
SYSCALL
analyzed_bin
writev
108
1, 0x7ffedb98c740, 2
52
SYSCALL
analyzed_bin
writev
108
1, 0x7ffedb98c740, 2
98
SYSCALL
analyzed_bin
writev
108
1, 0x7ffedb98c740, 2
52
SYSCALL
analyzed_bin
writev
108
1, 0x7ffedb98c740, 2
98
SYSCALL
analyzed_bin
writev
108
1, 0x7ffedb98c740, 2
52
SYSCALL
analyzed_bin
writev
108
1, 0x7ffedb98c740, 2
98
SYSCALL
analyzed_bin
writev
108
1, 0x7ffedb98c740, 2
52
SYSCALL
analyzed_bin
writev
108
1, 0x7ffedb98c740, 2
98
SYSCALL
analyzed_bin
writev
108
1, 0x7ffedb98c740, 2
52
SYSCALL
analyzed_bin
writev
108
1, 0x7ffedb98c740, 2
98
SYSCALL
analyzed_bin
writev
108
1, 0x7ffedb98c740, 2
52
SYSCALL
analyzed_bin
writev
108
1, 0x7ffedb98c740, 2
98
SYSCALL
analyzed_bin
writev
108
1, 0x7ffedb98c740, 2
52
SYSCALL
analyzed_bin
writev
108
1, 0x7ffedb98c740, 2
98
SYSCALL
analyzed_bin
writev
108
1, 0x7ffedb98c740, 2
52
SYSCALL
analyzed_bin
writev
108
1, 0x7ffedb98c740, 2
98
SYSCALL
analyzed_bin
writev
108
1, 0x7ffedb98c740, 2
52
SYSCALL
analyzed_bin
writev
108
1, 0x7ffedb98c740, 2
98
SYSCALL
analyzed_bin
writev
108
1, 0x7ffedb98c740, 2
52
SYSCALL
analyzed_bin
writev
108
1, 0x7ffedb98c740, 2
98
SYSCALL
analyzed_bin
writev
108
1, 0x7ffedb98c740, 2
52
SYSCALL
analyzed_bin
writev
108
1, 0x7ffedb98c740, 2
98
SYSCALL
analyzed_bin
writev
108
1, 0x7ffedb98c740, 2
52
SYSCALL
analyzed_bin
writev
108
1, 0x7ffedb98c740, 2
98
SYSCALL
analyzed_bin
writev
108
1, 0x7ffedb98c740, 2
52
SYSCALL
analyzed_bin
writev
108
1, 0x7ffedb98c740, 2
98
SYSCALL
analyzed_bin
writev
108
1, 0x7ffedb98c740, 2
52
SYSCALL
analyzed_bin
writev
108
1, 0x7ffedb98c740, 2
98
SYSCALL
analyzed_bin
writev
108
1, 0x7ffedb98c740, 2
52
SYSCALL
analyzed_bin
writev
108
1, 0x7ffedb98c740, 2
98
SYSCALL
analyzed_bin
writev
108
1, 0x7ffedb98c740, 2
52
SYSCALL
analyzed_bin
writev
108
1, 0x7ffedb98c740, 2
98
SYSCALL
analyzed_bin
writev
108
1, 0x7ffedb98c740, 2
52
SYSCALL
analyzed_bin
writev
108
1, 0x7ffedb98c740, 2
98
SYSCALL
analyzed_bin
writev
108
1, 0x7ffedb98c740, 2
52
SYSCALL
analyzed_bin
writev
108
1, 0x7ffedb98c740, 2
98
SYSCALL
analyzed_bin
writev
108
1, 0x7ffedb98c740, 2
52
SYSCALL
analyzed_bin
writev
108
1, 0x7ffedb98c740, 2
98
SYSCALL
analyzed_bin
writev
108
1, 0x7ffedb98c740, 2
52
SYSCALL
analyzed_bin
writev
108
1, 0x7ffedb98c740, 2
98
SYSCALL
analyzed_bin
writev
108
1, 0x7ffedb98c740, 2
52
SYSCALL
analyzed_bin
writev
108
1, 0x7ffedb98c740, 2
98
SYSCALL
analyzed_bin
writev
108
1, 0x7ffedb98c740, 2
52
SYSCALL
analyzed_bin
writev
108
1, 0x7ffedb98c740, 2
98
SYSCALL
analyzed_bin
writev
108
1, 0x7ffedb98c740, 2
52
SYSCALL
analyzed_bin
writev
108
1, 0x7ffedb98c740, 2
98
SYSCALL
analyzed_bin
writev
108
1, 0x7ffedb98c740, 2
52
SYSCALL
analyzed_bin
writev
108
1, 0x7ffedb98c740, 2
98
SYSCALL
analyzed_bin
writev
108
1, 0x7ffedb98c740, 2
52
SYSCALL
analyzed_bin
writev
108
1, 0x7ffedb98c740, 2
98
SYSCALL
analyzed_bin
writev
108
1, 0x7ffedb98c740, 2
52
SYSCALL
analyzed_bin
writev
108
1, 0x7ffedb98c740, 2
98
SYSCALL
analyzed_bin
writev
108
1, 0x7ffedb98c740, 2
52
SYSCALL
analyzed_bin
writev
108
1, 0x7ffedb98c740, 2
98
SYSCALL
analyzed_bin
writev
108
1, 0x7ffedb98c740, 2
52
SYSCALL
analyzed_bin
writev
108
1, 0x7ffedb98c740, 2
98
SYSCALL
analyzed_bin
writev
108
1, 0x7ffedb98c740, 2
52
SYSCALL
analyzed_bin
writev
108
1, 0x7ffedb98c740, 2
98
SYSCALL
analyzed_bin
writev
108
1, 0x7ffedb98c740, 2
52
SYSCALL
analyzed_bin
writev
108
1, 0x7ffedb98c740, 2
98
SYSCALL
analyzed_bin
writev
108
1, 0x7ffedb98c740, 2
52
SYSCALL
analyzed_bin
writev
108
1, 0x7ffedb98c740, 2
98
SYSCALL
analyzed_bin
writev
108
1, 0x7ffedb98c740, 2
52
SYSCALL
analyzed_bin
writev
108
1, 0x7ffedb98c740, 2
98
SYSCALL
analyzed_bin
writev
108
1, 0x7ffedb98c740, 2
52
SYSCALL
analyzed_bin
writev
108
1, 0x7ffedb98c740, 2
98
SYSCALL
analyzed_bin
writev
108
1, 0x7ffedb98c740, 2
52
SYSCALL
analyzed_bin
writev
108
1, 0x7ffedb98c740, 2
98
SYSCALL
analyzed_bin
writev
108
1, 0x7ffedb98c740, 2
52
SYSCALL
analyzed_bin
writev
108
1, 0x7ffedb98c740, 2
98
SYSCALL
analyzed_bin
writev
108
1, 0x7ffedb98c740, 2
52
SYSCALL
analyzed_bin
writev
108
1, 0x7ffedb98c740, 2
98
SYSCALL
analyzed_bin
writev
108
1, 0x7ffedb98c740, 2
52
SYSCALL
analyzed_bin
writev
108
1, 0x7ffedb98c740, 2
98
SYSCALL
analyzed_bin
writev
108
1, 0x7ffedb98c740, 2
52
SYSCALL
analyzed_bin
writev
108
1, 0x7ffedb98c740, 2
98
SYSCALL
analyzed_bin
writev
108
1, 0x7ffedb98c740, 2
52
SYSCALL
analyzed_bin
writev
108
1, 0x7ffedb98c740, 2
98
SYSCALL
analyzed_bin
writev
108
1, 0x7ffedb98c740, 2
52
SYSCALL
analyzed_bin
writev
108
1, 0x7ffedb98c740, 2
98
SYSCALL
analyzed_bin
writev
108
1, 0x7ffedb98c740, 2
52
SYSCALL
analyzed_bin
writev
108
1, 0x7ffedb98c740, 2
98
SYSCALL
analyzed_bin
writev
108
1, 0x7ffedb98c740, 2
52
SYSCALL
analyzed_bin
writev
108
1, 0x7ffedb98c740, 2
98
SYSCALL
analyzed_bin
writev
108
1, 0x7ffedb98c740, 2
52
SYSCALL
analyzed_bin
writev
108
1, 0x7ffedb98c740, 2
98
SYSCALL
analyzed_bin
writev
108
1, 0x7ffedb98c740, 2
52
SYSCALL
analyzed_bin
writev
108
1, 0x7ffedb98c740, 2
98
SYSCALL
analyzed_bin
writev
108
1, 0x7ffedb98c740, 2
52
SYSCALL
analyzed_bin
writev
108
1, 0x7ffedb98c740, 2
98
SYSCALL
analyzed_bin
writev
108
1, 0x7ffedb98c740, 2
52
SYSCALL
analyzed_bin
writev
108
1, 0x7ffedb98c740, 2
98
SYSCALL
analyzed_bin
writev
108
1, 0x7ffedb98c740, 2
52
SYSCALL
analyzed_bin
writev
108
1, 0x7ffedb98c740, 2
98
SYSCALL
analyzed_bin
writev
108
1, 0x7ffedb98c740, 2
52
SYSCALL
analyzed_bin
writev
108
1, 0x7ffedb98c740, 2
98
SYSCALL
analyzed_bin
writev
108
1, 0x7ffedb98c740, 2
52
SYSCALL
analyzed_bin
writev
108
1, 0x7ffedb98c740, 2
98
SYSCALL
analyzed_bin
writev
108
1, 0x7ffedb98c740, 2
52
SYSCALL
analyzed_bin
writev
108
1, 0x7ffedb98c740, 2
98
SYSCALL
analyzed_bin
writev
108
1, 0x7ffedb98c740, 2
52
SYSCALL
analyzed_bin
writev
108
1, 0x7ffedb98c740, 2
98
SYSCALL
analyzed_bin
writev
108
1, 0x7ffedb98c740, 2
52
SYSCALL
analyzed_bin
writev
108
1, 0x7ffedb98c740, 2
98
SYSCALL
analyzed_bin
writev
108
1, 0x7ffedb98c740, 2
52
SYSCALL
analyzed_bin
writev
108
1, 0x7ffedb98c740, 2
98
SYSCALL
analyzed_bin
writev
108
1, 0x7ffedb98c740, 2
52
SYSCALL
analyzed_bin
writev
108
1, 0x7ffedb98c740, 2
98
SYSCALL
analyzed_bin
writev
108
1, 0x7ffedb98c740, 2
52
SYSCALL
analyzed_bin
writev
108
1, 0x7ffedb98c740, 2
98
SYSCALL
analyzed_bin
writev
108
1, 0x7ffedb98c740, 2
52
SYSCALL
analyzed_bin
writev
108
1, 0x7ffedb98c740, 2
98
SYSCALL
analyzed_bin
writev
108
1, 0x7ffedb98c740, 2
52
SYSCALL
analyzed_bin
writev
108
1, 0x7ffedb98c740, 2
98
SYSCALL
analyzed_bin
writev
108
1, 0x7ffedb98c740, 2
52
SYSCALL
analyzed_bin
writev
108
1, 0x7ffedb98c740, 2
98
SYSCALL
analyzed_bin
writev
108
1, 0x7ffedb98c740, 2
52
SYSCALL
analyzed_bin
writev
108
1, 0x7ffedb98c740, 2
98
SYSCALL
analyzed_bin
writev
108
1, 0x7ffedb98c740, 2
52
SYSCALL
analyzed_bin
writev
108
1, 0x7ffedb98c740, 2
98
SYSCALL
analyzed_bin
writev
108
1, 0x7ffedb98c740, 2
52
SYSCALL
analyzed_bin
writev
108
1, 0x7ffedb98c740, 2
98
SYSCALL
analyzed_bin
writev
108
1, 0x7ffedb98c740, 2
52
SYSCALL
analyzed_bin
writev
108
1, 0x7ffedb98c740, 2
98
SYSCALL
analyzed_bin
writev
108
1, 0x7ffedb98c740, 2
52
SYSCALL
analyzed_bin
writev
108
1, 0x7ffedb98c740, 2
98
SYSCALL
analyzed_bin
writev
108
1, 0x7ffedb98c740, 2
52
SYSCALL
analyzed_bin
writev
108
1, 0x7ffedb98c740, 2
98
SYSCALL
analyzed_bin
writev
108
1, 0x7ffedb98c740, 2
52
SYSCALL
analyzed_bin
writev
108
1, 0x7ffedb98c740, 2
98
SYSCALL
analyzed_bin
writev
108
1, 0x7ffedb98c740, 2
52
SYSCALL
analyzed_bin
writev
108
1, 0x7ffedb98c740, 2
98
SYSCALL
analyzed_bin
writev
108
1, 0x7ffedb98c740, 2
52
SYSCALL
analyzed_bin
writev
108
1, 0x7ffedb98c740, 2
98
SYSCALL
analyzed_bin
writev
108
1, 0x7ffedb98c740, 2
52
SYSCALL
analyzed_bin
writev
108
1, 0x7ffedb98c740, 2
98
SYSCALL
analyzed_bin
writev
108
1, 0x7ffedb98c740, 2
52
SYSCALL
analyzed_bin
writev
108
1, 0x7ffedb98c740, 2
98
SYSCALL
analyzed_bin
writev
108
1, 0x7ffedb98c740, 2
52
SYSCALL
analyzed_bin
writev
108
1, 0x7ffedb98c740, 2
98
SYSCALL
analyzed_bin
writev
108
1, 0x7ffedb98c740, 2
52
SYSCALL
analyzed_bin
writev
108
1, 0x7ffedb98c740, 2
98
SYSCALL
analyzed_bin
writev
108
1, 0x7ffedb98c740, 2
52
SYSCALL
analyzed_bin
writev
108
1, 0x7ffedb98c740, 2
98
SYSCALL
analyzed_bin
writev
108
1, 0x7ffedb98c740, 2
52
SYSCALL
analyzed_bin
writev
108
1, 0x7ffedb98c740, 2
98
SYSCALL
analyzed_bin
writev
108
1, 0x7ffedb98c740, 2
52
SYSCALL
analyzed_bin
writev
108
1, 0x7ffedb98c740, 2
98
SYSCALL
analyzed_bin
writev
108
1, 0x7ffedb98c740, 2
52
SYSCALL
analyzed_bin
writev
108
1, 0x7ffedb98c740, 2
98
SYSCALL
analyzed_bin
writev
108
1, 0x7ffedb98c740, 2
52
SYSCALL
analyzed_bin
writev
108
1, 0x7ffedb98c740, 2
98
SYSCALL
analyzed_bin
writev
108
1, 0x7ffedb98c740, 2
52
SYSCALL
analyzed_bin
writev
108
1, 0x7ffedb98c740, 2
98
SYSCALL
analyzed_bin
writev
108
1, 0x7ffedb98c740, 2
52
SYSCALL
analyzed_bin
writev
108
1, 0x7ffedb98c740, 2
98
SYSCALL
analyzed_bin
writev
108
1, 0x7ffedb98c740, 2
52
SYSCALL
analyzed_bin
writev
108
1, 0x7ffedb98c740, 2
98
SYSCALL
analyzed_bin
writev
108
1, 0x7ffedb98c740, 2
52
SYSCALL
analyzed_bin
writev
108
1, 0x7ffedb98c740, 2
98
SYSCALL
analyzed_bin
writev
108
1, 0x7ffedb98c740, 2
52
SYSCALL
analyzed_bin
writev
108
1, 0x7ffedb98c740, 2
98
SYSCALL
analyzed_bin
writev
108
1, 0x7ffedb98c740, 2
52
SYSCALL
analyzed_bin
writev
108
1, 0x7ffedb98c740, 2
98
SYSCALL
analyzed_bin
writev
108
1, 0x7ffedb98c740, 2
52
SYSCALL
analyzed_bin
writev
108
1, 0x7ffedb98c740, 2
98
SYSCALL
analyzed_bin
writev
108
1, 0x7ffedb98c740, 2
52
SYSCALL
analyzed_bin
writev
108
1, 0x7ffedb98c740, 2
98
SYSCALL
analyzed_bin
writev
108
1, 0x7ffedb98c740, 2
52
SYSCALL
analyzed_bin
writev
108
1, 0x7ffedb98c740, 2
98
SYSCALL
analyzed_bin
writev
108
1, 0x7ffedb98c740, 2
52
SYSCALL
analyzed_bin
writev
108
1, 0x7ffedb98c740, 2
98
SYSCALL
analyzed_bin
writev
108
1, 0x7ffedb98c740, 2
52
SYSCALL
analyzed_bin
writev
108
1, 0x7ffedb98c740, 2
98
SYSCALL
analyzed_bin
writev
108
1, 0x7ffedb98c740, 2
52
SYSCALL
analyzed_bin
writev
108
1, 0x7ffedb98c740, 2
98
SYSCALL
analyzed_bin
writev
108
1, 0x7ffedb98c740, 2
52
SYSCALL
analyzed_bin
writev
108
1, 0x7ffedb98c740, 2
98
SYSCALL
analyzed_bin
writev
108
1, 0x7ffedb98c740, 2
52
SYSCALL
analyzed_bin
writev
108
1, 0x7ffedb98c740, 2
98
SYSCALL
analyzed_bin
writev
108
1, 0x7ffedb98c740, 2
52
SYSCALL
analyzed_bin
writev
108
1, 0x7ffedb98c740, 2
98
SYSCALL
analyzed_bin
writev
108
1, 0x7ffedb98c740, 2
52
SYSCALL
analyzed_bin
writev
108
1, 0x7ffedb98c740, 2
98
SYSCALL
analyzed_bin
writev
108
1, 0x7ffedb98c740, 2
52
SYSCALL
analyzed_bin
writev
108
1, 0x7ffedb98c740, 2
98
SYSCALL
analyzed_bin
writev
108
1, 0x7ffedb98c740, 2
52
SYSCALL
analyzed_bin
writev
108
1, 0x7ffedb98c740, 2
98
SYSCALL
analyzed_bin
writev
108
1, 0x7ffedb98c740, 2
52
SYSCALL
analyzed_bin
writev
108
1, 0x7ffedb98c740, 2
98
SYSCALL
analyzed_bin
writev
108
1, 0x7ffedb98c740, 2
52
SYSCALL
analyzed_bin
writev
108
1, 0x7ffedb98c740, 2
98
SYSCALL
analyzed_bin
writev
108
1, 0x7ffedb98c740, 2
52
SYSCALL
analyzed_bin
writev
108
1, 0x7ffedb98c740, 2
98
SYSCALL
analyzed_bin
writev
108
1, 0x7ffedb98c740, 2
52
SYSCALL
analyzed_bin
writev
108
1, 0x7ffedb98c740, 2
98
SYSCALL
analyzed_bin
writev
108
1, 0x7ffedb98c740, 2
52
SYSCALL
analyzed_bin
writev
108
1, 0x7ffedb98c740, 2
98
SYSCALL
analyzed_bin
writev
108
1, 0x7ffedb98c740, 2
52
SYSCALL
analyzed_bin
writev
108
1, 0x7ffedb98c740, 2
98
SYSCALL
analyzed_bin
writev
108
1, 0x7ffedb98c740, 2
52
SYSCALL
analyzed_bin
writev
108
1, 0x7ffedb98c740, 2
98
SYSCALL
analyzed_bin
writev
108
1, 0x7ffedb98c740, 2
52
SYSCALL
analyzed_bin
writev
108
1, 0x7ffedb98c740, 2
98
SYSCALL
analyzed_bin
writev
108
1, 0x7ffedb98c740, 2
52
SYSCALL
analyzed_bin
writev
108
1, 0x7ffedb98c740, 2
98
SYSCALL
analyzed_bin
writev
108
1, 0x7ffedb98c740, 2
52
SYSCALL
analyzed_bin
writev
108
1, 0x7ffedb98c740, 2
98
SYSCALL
analyzed_bin
writev
108
1, 0x7ffedb98c740, 2
52
SYSCALL
analyzed_bin
writev
108
1, 0x7ffedb98c740, 2
98
SYSCALL
analyzed_bin
writev
108
1, 0x7ffedb98c740, 2
52
SYSCALL
analyzed_bin
writev
108
1, 0x7ffedb98c740, 2
98
SYSCALL
analyzed_bin
writev
108
1, 0x7ffedb98c740, 2
52
SYSCALL
analyzed_bin
writev
108
1, 0x7ffedb98c740, 2
98
SYSCALL
analyzed_bin
writev
108
1, 0x7ffedb98c740, 2
52
SYSCALL
analyzed_bin
writev
108
1, 0x7ffedb98c740, 2
98
SYSCALL
analyzed_bin
writev
108
1, 0x7ffedb98c740, 2
52
SYSCALL
analyzed_bin
writev
108
1, 0x7ffedb98c740, 2
98
SYSCALL
analyzed_bin
writev
108
1, 0x7ffedb98c740, 2
52
SYSCALL
analyzed_bin
writev
108
1, 0x7ffedb98c740, 2
98
SYSCALL
analyzed_bin
writev
108
1, 0x7ffedb98c740, 2
52
SYSCALL
analyzed_bin
writev
108
1, 0x7ffedb98c740, 2
98
SYSCALL
analyzed_bin
writev
108
1, 0x7ffedb98c740, 2
52
SYSCALL
analyzed_bin
writev
108
1, 0x7ffedb98c740, 2
98
SYSCALL
analyzed_bin
writev
108
1, 0x7ffedb98c740, 2
52
SYSCALL
analyzed_bin
writev
108
1, 0x7ffedb98c740, 2
98
SYSCALL
analyzed_bin
writev
108
1, 0x7ffedb98c740, 2
52
SYSCALL
analyzed_bin
writev
108
1, 0x7ffedb98c740, 2
98
SYSCALL
analyzed_bin
writev
108
1, 0x7ffedb98c740, 2
52
SYSCALL
analyzed_bin
writev
108
1, 0x7ffedb98c740, 2
98
SYSCALL
analyzed_bin
writev
108
1, 0x7ffedb98c740, 2
52
SYSCALL
analyzed_bin
writev
108
1, 0x7ffedb98c740, 2
98
SYSCALL
analyzed_bin
writev
108
1, 0x7ffedb98c740, 2
52
SYSCALL
analyzed_bin
writev
108
1, 0x7ffedb98c740, 2
98
SYSCALL
analyzed_bin
writev
108
1, 0x7ffedb98c740, 2
52
SYSCALL
analyzed_bin
writev
108
1, 0x7ffedb98c740, 2
98
SYSCALL
analyzed_bin
writev
108
1, 0x7ffedb98c740, 2
52
SYSCALL
analyzed_bin
writev
108
1, 0x7ffedb98c740, 2
98
SYSCALL
analyzed_bin
writev
108
1, 0x7ffedb98c740, 2
52
SYSCALL
analyzed_bin
writev
108
1, 0x7ffedb98c740, 2
98
SYSCALL
analyzed_bin
writev
108
1, 0x7ffedb98c740, 2
52
SYSCALL
analyzed_bin
writev
108
1, 0x7ffedb98c740, 2
98
SYSCALL
analyzed_bin
writev
108
1, 0x7ffedb98c740, 2
52
SYSCALL
analyzed_bin
writev
108
1, 0x7ffedb98c740, 2
98
SYSCALL
analyzed_bin
writev
108
1, 0x7ffedb98c740, 2
52
SYSCALL
analyzed_bin
writev
108
1, 0x7ffedb98c740, 2
98
SYSCALL
analyzed_bin
writev
108
1, 0x7ffedb98c740, 2
52
SYSCALL
analyzed_bin
writev
108
1, 0x7ffedb98c740, 2
98
SYSCALL
analyzed_bin
writev
108
1, 0x7ffedb98c740, 2
52
SYSCALL
analyzed_bin
writev
108
1, 0x7ffedb98c740, 2
98
SYSCALL
analyzed_bin
writev
108
1, 0x7ffedb98c740, 2
52
SYSCALL
analyzed_bin
writev
108
1, 0x7ffedb98c740, 2
98
SYSCALL
analyzed_bin
writev
108
1, 0x7ffedb98c740, 2
52
SYSCALL
analyzed_bin
writev
108
1, 0x7ffedb98c740, 2
98
SYSCALL
analyzed_bin
writev
108
1, 0x7ffedb98c740, 2
52
SYSCALL
analyzed_bin
writev
108
1, 0x7ffedb98c740, 2
98
SYSCALL
analyzed_bin
writev
108
1, 0x7ffedb98c740, 2
52
SYSCALL
analyzed_bin
writev
108
1, 0x7ffedb98c740, 2
98
SYSCALL
analyzed_bin
writev
108
1, 0x7ffedb98c740, 2
52
SYSCALL
analyzed_bin
writev
108
1, 0x7ffedb98c740, 2
98
SYSCALL
analyzed_bin
writev
108
1, 0x7ffedb98c740, 2
52
SYSCALL
analyzed_bin
writev
108
1, 0x7ffedb98c740, 2
98
SYSCALL
analyzed_bin
writev
108
1, 0x7ffedb98c740, 2
52
SYSCALL
analyzed_bin
writev
108
1, 0x7ffedb98c740, 2
98
SYSCALL
analyzed_bin
writev
108
1, 0x7ffedb98c740, 2
52
SYSCALL
analyzed_bin
writev
108
1, 0x7ffedb98c740, 2
98
SYSCALL
analyzed_bin
writev
108
1, 0x7ffedb98c740, 2
52
SYSCALL
analyzed_bin
writev
108
1, 0x7ffedb98c740, 2
98
SYSCALL
analyzed_bin
writev
108
1, 0x7ffedb98c740, 2
52
SYSCALL
analyzed_bin
writev
108
1, 0x7ffedb98c740, 2
98
SYSCALL
analyzed_bin
writev
108
1, 0x7ffedb98c740, 2
52
SYSCALL
analyzed_bin
writev
108
1, 0x7ffedb98c740, 2
98
SYSCALL
analyzed_bin
writev
108
1, 0x7ffedb98c740, 2
52
SYSCALL
analyzed_bin
writev
108
1, 0x7ffedb98c740, 2
98
SYSCALL
analyzed_bin
writev
108
1, 0x7ffedb98c740, 2
52
SYSCALL
analyzed_bin
writev
108
1, 0x7ffedb98c740, 2
98
SYSCALL
analyzed_bin
writev
108
1, 0x7ffedb98c740, 2
52
SYSCALL
analyzed_bin
writev
108
1, 0x7ffedb98c740, 2
98
SYSCALL
analyzed_bin
writev
108
1, 0x7ffedb98c740, 2
52
SYSCALL
analyzed_bin
writev
108
1, 0x7ffedb98c740, 2
98
SYSCALL
analyzed_bin
writev
108
1, 0x7ffedb98c740, 2
52
SYSCALL
analyzed_bin
writev
108
1, 0x7ffedb98c740, 2
98
SYSCALL
analyzed_bin
writev
108
1, 0x7ffedb98c740, 2
52
SYSCALL
analyzed_bin
writev
108
1, 0x7ffedb98c740, 2
98
SYSCALL
analyzed_bin
writev
108
1, 0x7ffedb98c740, 2
52
SYSCALL
analyzed_bin
writev
108
1, 0x7ffedb98c740, 2
98
SYSCALL
analyzed_bin
writev
108
1, 0x7ffedb98c740, 2
52
SYSCALL
analyzed_bin
writev
108
1, 0x7ffedb98c740, 2
98
SYSCALL
analyzed_bin
writev
108
1, 0x7ffedb98c740, 2
52
SYSCALL
analyzed_bin
writev
108
1, 0x7ffedb98c740, 2
98
SYSCALL
analyzed_bin
writev
108
1, 0x7ffedb98c740, 2
52
SYSCALL
analyzed_bin
writev
108
1, 0x7ffedb98c740, 2
98
SYSCALL
analyzed_bin
writev
108
1, 0x7ffedb98c740, 2
52
SYSCALL
analyzed_bin
writev
108
1, 0x7ffedb98c740, 2
98
SYSCALL
analyzed_bin
writev
108
1, 0x7ffedb98c740, 2
52
SYSCALL
analyzed_bin
writev
108
1, 0x7ffedb98c740, 2
98
SYSCALL
analyzed_bin
writev
108
1, 0x7ffedb98c740, 2
52
SYSCALL
analyzed_bin
writev
108
1, 0x7ffedb98c740, 2
98
SYSCALL
analyzed_bin
writev
108
1, 0x7ffedb98c740, 2
52
SYSCALL
analyzed_bin
writev
108
1, 0x7ffedb98c740, 2
98
SYSCALL
analyzed_bin
writev
108
1, 0x7ffedb98c740, 2
52
SYSCALL
analyzed_bin
writev
108
1, 0x7ffedb98c740, 2
98
SYSCALL
analyzed_bin
writev
108
1, 0x7ffedb98c740, 2
52
SYSCALL
analyzed_bin
writev
108
1, 0x7ffedb98c740, 2
98
SYSCALL
analyzed_bin
writev
108
1, 0x7ffedb98c740, 2
52
SYSCALL
analyzed_bin
writev
108
1, 0x7ffedb98c740, 2
98
SYSCALL
analyzed_bin
writev
108
1, 0x7ffedb98c740, 2
52
SYSCALL
analyzed_bin
writev
108
1, 0x7ffedb98c740, 2
98
SYSCALL
analyzed_bin
writev
108
1, 0x7ffedb98c740, 2
52
SYSCALL
analyzed_bin
writev
108
1, 0x7ffedb98c740, 2
98
SYSCALL
analyzed_bin
writev
108
1, 0x7ffedb98c740, 2
52
SYSCALL
analyzed_bin
writev
108
1, 0x7ffedb98c740, 2
98
SYSCALL
analyzed_bin
writev
108
1, 0x7ffedb98c740, 2
52
SYSCALL
analyzed_bin
writev
108
1, 0x7ffedb98c740, 2
98
SYSCALL
analyzed_bin
writev
108
1, 0x7ffedb98c740, 2
52
SYSCALL
analyzed_bin
writev
108
1, 0x7ffedb98c740, 2
98
SYSCALL
analyzed_bin
writev
108
1, 0x7ffedb98c740, 2
52
SYSCALL
analyzed_bin
writev
108
1, 0x7ffedb98c740, 2
98
SYSCALL
analyzed_bin
writev
108
1, 0x7ffedb98c740, 2
52
SYSCALL
analyzed_bin
writev
108
1, 0x7ffedb98c740, 2
98
SYSCALL
analyzed_bin
writev
108
1, 0x7ffedb98c740, 2
52
SYSCALL
analyzed_bin
writev
108
1, 0x7ffedb98c740, 2
98
SYSCALL
analyzed_bin
writev
108
1, 0x7ffedb98c740, 2
52
SYSCALL
analyzed_bin
writev
108
1, 0x7ffedb98c740, 2
98
SYSCALL
analyzed_bin
writev
108
1, 0x7ffedb98c740, 2
52
SYSCALL
analyzed_bin
writev
108
1, 0x7ffedb98c740, 2
98
SYSCALL
analyzed_bin
writev
108
1, 0x7ffedb98c740, 2
52
SYSCALL
analyzed_bin
writev
108
1, 0x7ffedb98c740, 2
98
SYSCALL
analyzed_bin
writev
108
1, 0x7ffedb98c740, 2
52
SYSCALL
analyzed_bin
writev
108
1, 0x7ffedb98c740, 2
98
SYSCALL
analyzed_bin
writev
108
1, 0x7ffedb98c740, 2
52
SYSCALL
analyzed_bin
writev
108
1, 0x7ffedb98c740, 2
98
SYSCALL
analyzed_bin
writev
108
1, 0x7ffedb98c740, 2
52
SYSCALL
analyzed_bin
writev
108
1, 0x7ffedb98c740, 2
98
SYSCALL
analyzed_bin
writev
108
1, 0x7ffedb98c740, 2
52
SYSCALL
analyzed_bin
writev
108
1, 0x7ffedb98c740, 2
98
SYSCALL
analyzed_bin
writev
108
1, 0x7ffedb98c740, 2
52
SYSCALL
analyzed_bin
writev
108
1, 0x7ffedb98c740, 2
98
SYSCALL
analyzed_bin
writev
108
1, 0x7ffedb98c740, 2
52
SYSCALL
analyzed_bin
writev
108
1, 0x7ffedb98c740, 2
98
SYSCALL
analyzed_bin
writev
108
1, 0x7ffedb98c740, 2
52
SYSCALL
analyzed_bin
writev
108
1, 0x7ffedb98c740, 2
98
SYSCALL
analyzed_bin
writev
108
1, 0x7ffedb98c740, 2
52
SYSCALL
analyzed_bin
writev
108
1, 0x7ffedb98c740, 2
98
SYSCALL
analyzed_bin
writev
108
1, 0x7ffedb98c740, 2
52
SYSCALL
analyzed_bin
writev
108
1, 0x7ffedb98c740, 2
98
SYSCALL
analyzed_bin
writev
108
1, 0x7ffedb98c740, 2
52
SYSCALL
analyzed_bin
writev
108
1, 0x7ffedb98c740, 2
98
SYSCALL
analyzed_bin
writev
108
1, 0x7ffedb98c740, 2
52
SYSCALL
analyzed_bin
writev
108
1, 0x7ffedb98c740, 2
98
SYSCALL
analyzed_bin
writev
108
1, 0x7ffedb98c740, 2
52
SYSCALL
analyzed_bin
writev
108
1, 0x7ffedb98c740, 2
98
SYSCALL
analyzed_bin
writev
108
1, 0x7ffedb98c740, 2
52
SYSCALL
analyzed_bin
writev
108
1, 0x7ffedb98c740, 2
98
SYSCALL
analyzed_bin
writev
108
1, 0x7ffedb98c740, 2
52
SYSCALL
analyzed_bin
writev
108
1, 0x7ffedb98c740, 2
98
SYSCALL
analyzed_bin
writev
108
1, 0x7ffedb98c740, 2
52
SYSCALL
analyzed_bin
writev
108
1, 0x7ffedb98c740, 2
98
SYSCALL
analyzed_bin
writev
108
1, 0x7ffedb98c740, 2
52
SYSCALL
analyzed_bin
writev
108
1, 0x7ffedb98c740, 2
98
SYSCALL
analyzed_bin
writev
108
1, 0x7ffedb98c740, 2
52
SYSCALL
analyzed_bin
writev
108
1, 0x7ffedb98c740, 2
98
SYSCALL
analyzed_bin
writev
108
1, 0x7ffedb98c740, 2
52
SYSCALL
analyzed_bin
writev
108
1, 0x7ffedb98c740, 2
98
SYSCALL
analyzed_bin
writev
108
1, 0x7ffedb98c740, 2
52
SYSCALL
analyzed_bin
writev
108
1, 0x7ffedb98c740, 2
98
SYSCALL
analyzed_bin
writev
108
1, 0x7ffedb98c740, 2
52
SYSCALL
analyzed_bin
writev
108
1, 0x7ffedb98c740, 2
98
SYSCALL
analyzed_bin
writev
108
1, 0x7ffedb98c740, 2
52
SYSCALL
analyzed_bin
writev
108
1, 0x7ffedb98c740, 2
98
SYSCALL
analyzed_bin
writev
108
1, 0x7ffedb98c740, 2
52
SYSCALL
analyzed_bin
writev
108
1, 0x7ffedb98c740, 2
98
SYSCALL
analyzed_bin
writev
108
1, 0x7ffedb98c740, 2
52
SYSCALL
analyzed_bin
writev
108
1, 0x7ffedb98c740, 2
98
SYSCALL
analyzed_bin
writev
108
1, 0x7ffedb98c740, 2
52
SYSCALL
analyzed_bin
writev
108
1, 0x7ffedb98c740, 2
98
SYSCALL
analyzed_bin
writev
108
1, 0x7ffedb98c740, 2
52
SYSCALL
analyzed_bin
writev
108
1, 0x7ffedb98c740, 2
98
SYSCALL
analyzed_bin
writev
108
1, 0x7ffedb98c740, 2
52
SYSCALL
analyzed_bin
writev
108
1, 0x7ffedb98c740, 2
98
SYSCALL
analyzed_bin
writev
108
1, 0x7ffedb98c740, 2
52
SYSCALL
analyzed_bin
writev
108
1, 0x7ffedb98c740, 2
98
SYSCALL
analyzed_bin
writev
108
1, 0x7ffedb98c740, 2
52
SYSCALL
analyzed_bin
writev
108
1, 0x7ffedb98c740, 2
98
SYSCALL
analyzed_bin
writev
108
1, 0x7ffedb98c740, 2
52
SYSCALL
analyzed_bin
writev
108
1, 0x7ffedb98c740, 2
98
SYSCALL
analyzed_bin
writev
108
1, 0x7ffedb98c740, 2
52
SYSCALL
analyzed_bin
writev
108
1, 0x7ffedb98c740, 2
98
SYSCALL
analyzed_bin
writev
108
1, 0x7ffedb98c740, 2
52
SYSCALL
analyzed_bin
writev
108
1, 0x7ffedb98c740, 2
98
SYSCALL
analyzed_bin
writev
108
1, 0x7ffedb98c740, 2
52
SYSCALL
analyzed_bin
writev
108
1, 0x7ffedb98c740, 2
98
SYSCALL
analyzed_bin
writev
108
1, 0x7ffedb98c740, 2
52
SYSCALL
analyzed_bin
writev
108
1, 0x7ffedb98c740, 2
98
SYSCALL
analyzed_bin
writev
108
1, 0x7ffedb98c740, 2
52
SYSCALL
analyzed_bin
writev
108
1, 0x7ffedb98c740, 2
98
SYSCALL
analyzed_bin
writev
108
1, 0x7ffedb98c740, 2
52
SYSCALL
analyzed_bin
writev
108
1, 0x7ffedb98c740, 2
98
SYSCALL
analyzed_bin
writev
108
1, 0x7ffedb98c740, 2
52
SYSCALL
analyzed_bin
writev
108
1, 0x7ffedb98c740, 2
98
SYSCALL
analyzed_bin
writev
108
1, 0x7ffedb98c740, 2
52
SYSCALL
analyzed_bin
writev
108
1, 0x7ffedb98c740, 2
98
SYSCALL
analyzed_bin
writev
108
1, 0x7ffedb98c740, 2
52
SYSCALL
analyzed_bin
writev
108
1, 0x7ffedb98c740, 2
98
SYSCALL
analyzed_bin
writev
108
1, 0x7ffedb98c740, 2
52
SYSCALL
analyzed_bin
writev
108
1, 0x7ffedb98c740, 2
98
SYSCALL
analyzed_bin
writev
108
1, 0x7ffedb98c740, 2
52
SYSCALL
analyzed_bin
writev
108
1, 0x7ffedb98c740, 2
98
SYSCALL
analyzed_bin
writev
108
1, 0x7ffedb98c740, 2
52
SYSCALL
analyzed_bin
writev
108
1, 0x7ffedb98c740, 2
98
SYSCALL
analyzed_bin
writev
108
1, 0x7ffedb98c740, 2
52
SYSCALL
analyzed_bin
writev
108
1, 0x7ffedb98c740, 2
98
SYSCALL
analyzed_bin
writev
108
1, 0x7ffedb98c740, 2
52
SYSCALL
analyzed_bin
writev
108
1, 0x7ffedb98c740, 2
98
SYSCALL
analyzed_bin
writev
108
1, 0x7ffedb98c740, 2
52
SYSCALL
analyzed_bin
writev
108
1, 0x7ffedb98c740, 2
98
SYSCALL
analyzed_bin
writev
108
1, 0x7ffedb98c740, 2
52
SYSCALL
analyzed_bin
writev
108
1, 0x7ffedb98c740, 2
98
SYSCALL
analyzed_bin
writev
108
1, 0x7ffedb98c740, 2
52
SYSCALL
analyzed_bin
writev
108
1, 0x7ffedb98c740, 2
98
SYSCALL
analyzed_bin
writev
108
1, 0x7ffedb98c740, 2
52
SYSCALL
analyzed_bin
writev
108
1, 0x7ffedb98c740, 2
98
SYSCALL
analyzed_bin
writev
108
1, 0x7ffedb98c740, 2
52
SYSCALL
analyzed_bin
writev
108
1, 0x7ffedb98c740, 2
98
SYSCALL
analyzed_bin
writev
108
1, 0x7ffedb98c740, 2
52
SYSCALL
analyzed_bin
writev
108
1, 0x7ffedb98c740, 2
98
SYSCALL
analyzed_bin
writev
108
1, 0x7ffedb98c740, 2
52
SYSCALL
analyzed_bin
writev
108
1, 0x7ffedb98c740, 2
98
SYSCALL
analyzed_bin
writev
108
1, 0x7ffedb98c740, 2
52
SYSCALL
analyzed_bin
writev
108
1, 0x7ffedb98c740, 2
98
SYSCALL
analyzed_bin
writev
108
1, 0x7ffedb98c740, 2
52
SYSCALL
analyzed_bin
writev
108
1, 0x7ffedb98c740, 2
98
SYSCALL
analyzed_bin
writev
108
1, 0x7ffedb98c740, 2
52
SYSCALL
analyzed_bin
writev
108
1, 0x7ffedb98c740, 2
98
SYSCALL
analyzed_bin
writev
108
1, 0x7ffedb98c740, 2
52
SYSCALL
analyzed_bin
writev
108
1, 0x7ffedb98c740, 2
98
SYSCALL
analyzed_bin
writev
108
1, 0x7ffedb98c740, 2
52
SYSCALL
analyzed_bin
writev
108
1, 0x7ffedb98c740, 2
98
SYSCALL
analyzed_bin
writev
108
1, 0x7ffedb98c740, 2
52
SYSCALL
analyzed_bin
writev
108
1, 0x7ffedb98c740, 2
98
SYSCALL
analyzed_bin
writev
108
1, 0x7ffedb98c740, 2
52
SYSCALL
analyzed_bin
writev
108
1, 0x7ffedb98c740, 2
98
SYSCALL
analyzed_bin
writev
108
1, 0x7ffedb98c740, 2
52
SYSCALL
analyzed_bin
writev
108
1, 0x7ffedb98c740, 2
98
SYSCALL
analyzed_bin
writev
108
1, 0x7ffedb98c740, 2
52
SYSCALL
analyzed_bin
writev
108
1, 0x7ffedb98c740, 2
98
SYSCALL
analyzed_bin
writev
108
1, 0x7ffedb98c740, 2
52
SYSCALL
analyzed_bin
writev
108
1, 0x7ffedb98c740, 2
98
SYSCALL
analyzed_bin
writev
108
1, 0x7ffedb98c740, 2
52
SYSCALL
analyzed_bin
writev
108
1, 0x7ffedb98c740, 2
98
SYSCALL
analyzed_bin
writev
108
1, 0x7ffedb98c740, 2
52
SYSCALL
analyzed_bin
writev
108
1, 0x7ffedb98c740, 2
98
SYSCALL
analyzed_bin
writev
108
1, 0x7ffedb98c740, 2
52
SYSCALL
analyzed_bin
writev
108
1, 0x7ffedb98c740, 2
98
SYSCALL
analyzed_bin
writev
108
1, 0x7ffedb98c740, 2
52
SYSCALL
analyzed_bin
writev
108
1, 0x7ffedb98c740, 2
98
SYSCALL
analyzed_bin
writev
108
1, 0x7ffedb98c740, 2
52
SYSCALL
analyzed_bin
writev
108
1, 0x7ffedb98c740, 2
98
SYSCALL
analyzed_bin
writev
108
1, 0x7ffedb98c740, 2
52
SYSCALL
analyzed_bin
writev
108
1, 0x7ffedb98c740, 2
98
SYSCALL
analyzed_bin
writev
108
1, 0x7ffedb98c740, 2
52
SYSCALL
analyzed_bin
writev
108
1, 0x7ffedb98c740, 2
98
SYSCALL
analyzed_bin
writev
108
1, 0x7ffedb98c740, 2
52
SYSCALL
analyzed_bin
writev
108
1, 0x7ffedb98c740, 2
98
SYSCALL
analyzed_bin
writev
108
1, 0x7ffedb98c740, 2
52
SYSCALL
analyzed_bin
writev
108
1, 0x7ffedb98c740, 2
98
SYSCALL
analyzed_bin
writev
108
1, 0x7ffedb98c740, 2
52
SYSCALL
analyzed_bin
writev
108
1, 0x7ffedb98c740, 2
98
SYSCALL
analyzed_bin
writev
108
1, 0x7ffedb98c740, 2
52
SYSCALL
analyzed_bin
writev
108
1, 0x7ffedb98c740, 2
98
SYSCALL
analyzed_bin
writev
108
1, 0x7ffedb98c740, 2
52
SYSCALL
analyzed_bin
writev
108
1, 0x7ffedb98c740, 2
98
SYSCALL
analyzed_bin
writev
108
1, 0x7ffedb98c740, 2
52
SYSCALL
analyzed_bin
writev
108
1, 0x7ffedb98c740, 2
98
SYSCALL
analyzed_bin
writev
108
1, 0x7ffedb98c740, 2
52
SYSCALL
analyzed_bin
writev
108
1, 0x7ffedb98c740, 2
98
SYSCALL
analyzed_bin
writev
108
1, 0x7ffedb98c740, 2
52
SYSCALL
analyzed_bin
writev
108
1, 0x7ffedb98c740, 2
98
SYSCALL
analyzed_bin
writev
108
1, 0x7ffedb98c740, 2
52
SYSCALL
analyzed_bin
writev
108
1, 0x7ffedb98c740, 2
98
SYSCALL
analyzed_bin
writev
108
1, 0x7ffedb98c740, 2
52
SYSCALL
analyzed_bin
writev
108
1, 0x7ffedb98c740, 2
98
SYSCALL
analyzed_bin
writev
108
1, 0x7ffedb98c740, 2
52
SYSCALL
analyzed_bin
writev
108
1, 0x7ffedb98c740, 2
98
SYSCALL
analyzed_bin
writev
108
1, 0x7ffedb98c740, 2
52
SYSCALL
analyzed_bin
writev
108
1, 0x7ffedb98c740, 2
98
SYSCALL
analyzed_bin
writev
108
1, 0x7ffedb98c740, 2
52
SYSCALL
analyzed_bin
writev
108
1, 0x7ffedb98c740, 2
98
SYSCALL
analyzed_bin
writev
108
1, 0x7ffedb98c740, 2
52
SYSCALL
analyzed_bin
writev
108
1, 0x7ffedb98c740, 2
98
SYSCALL
analyzed_bin
writev
108
1, 0x7ffedb98c740, 2
52
SYSCALL
analyzed_bin
writev
108
1, 0x7ffedb98c740, 2
98
SYSCALL
analyzed_bin
writev
108
1, 0x7ffedb98c740, 2
52
SYSCALL
analyzed_bin
writev
108
1, 0x7ffedb98c740, 2
98
SYSCALL
analyzed_bin
writev
108
1, 0x7ffedb98c740, 2
52
SYSCALL
analyzed_bin
writev
108
1, 0x7ffedb98c740, 2
98
SYSCALL
analyzed_bin
writev
108
1, 0x7ffedb98c740, 2
52
SYSCALL
analyzed_bin
writev
108
1, 0x7ffedb98c740, 2
98
SYSCALL
analyzed_bin
writev
108
1, 0x7ffedb98c740, 2
52
SYSCALL
analyzed_bin
writev
108
1, 0x7ffedb98c740, 2
98
SYSCALL
analyzed_bin
writev
108
1, 0x7ffedb98c740, 2
52
SYSCALL
analyzed_bin
writev
108
1, 0x7ffedb98c740, 2
98
SYSCALL
analyzed_bin
writev
108
1, 0x7ffedb98c740, 2
52
SYSCALL
analyzed_bin
writev
108
1, 0x7ffedb98c740, 2
98
SYSCALL
analyzed_bin
writev
108
1, 0x7ffedb98c740, 2
52
SYSCALL
analyzed_bin
writev
108
1, 0x7ffedb98c740, 2
98
SYSCALL
analyzed_bin
writev
108
1, 0x7ffedb98c740, 2
52
SYSCALL
analyzed_bin
writev
108
1, 0x7ffedb98c740, 2
98
SYSCALL
analyzed_bin
writev
108
1, 0x7ffedb98c740, 2
52
SYSCALL
analyzed_bin
writev
108
1, 0x7ffedb98c740, 2
98
SYSCALL
analyzed_bin
writev
108
1, 0x7ffedb98c740, 2
52
SYSCALL
analyzed_bin
writev
108
1, 0x7ffedb98c740, 2
98
SYSCALL
analyzed_bin
writev
108
1, 0x7ffedb98c740, 2
52
SYSCALL
analyzed_bin
writev
108
1, 0x7ffedb98c740, 2
98
SYSCALL
analyzed_bin
writev
108
1, 0x7ffedb98c740, 2
52
SYSCALL
analyzed_bin
writev
108
1, 0x7ffedb98c740, 2
98
SYSCALL
analyzed_bin
writev
108
1, 0x7ffedb98c740, 2
52
SYSCALL
analyzed_bin
writev
108
1, 0x7ffedb98c740, 2
98
SYSCALL
analyzed_bin
writev
108
1, 0x7ffedb98c740, 2
52
SYSCALL
analyzed_bin
writev
108
1, 0x7ffedb98c740, 2
98
SYSCALL
analyzed_bin
writev
108
1, 0x7ffedb98c740, 2
52
SYSCALL
analyzed_bin
writev
108
1, 0x7ffedb98c740, 2
98
SYSCALL
analyzed_bin
writev
108
1, 0x7ffedb98c740, 2
52
SYSCALL
analyzed_bin
writev
108
1, 0x7ffedb98c740, 2
98
SYSCALL
analyzed_bin
writev
108
1, 0x7ffedb98c740, 2
52
SYSCALL
analyzed_bin
writev
108
1, 0x7ffedb98c740, 2
98
SYSCALL
analyzed_bin
writev
108
1, 0x7ffedb98c740, 2
52
SYSCALL
analyzed_bin
writev
108
1, 0x7ffedb98c740, 2
98
SYSCALL
analyzed_bin
writev
108
1, 0x7ffedb98c740, 2
52
SYSCALL
analyzed_bin
writev
108
1, 0x7ffedb98c740, 2
98
SYSCALL
analyzed_bin
writev
108
1, 0x7ffedb98c740, 2
52
SYSCALL
analyzed_bin
writev
108
1, 0x7ffedb98c740, 2
98
SYSCALL
analyzed_bin
writev
108
1, 0x7ffedb98c740, 2
52
SYSCALL
analyzed_bin
writev
108
1, 0x7ffedb98c740, 2
98
SYSCALL
analyzed_bin
writev
108
1, 0x7ffedb98c740, 2
52
SYSCALL
analyzed_bin
writev
108
1, 0x7ffedb98c740, 2
98
SYSCALL
analyzed_bin
writev
108
1, 0x7ffedb98c740, 2
52
SYSCALL
analyzed_bin
writev
108
1, 0x7ffedb98c740, 2
98
SYSCALL
analyzed_bin
writev
108
1, 0x7ffedb98c740, 2
52
SYSCALL
analyzed_bin
writev
108
1, 0x7ffedb98c740, 2
98
SYSCALL
analyzed_bin
writev
108
1, 0x7ffedb98c740, 2
52
SYSCALL
analyzed_bin
writev
108
1, 0x7ffedb98c740, 2
98
SYSCALL
analyzed_bin
writev
108
1, 0x7ffedb98c740, 2
52
SYSCALL
analyzed_bin
writev
108
1, 0x7ffedb98c740, 2
98
SYSCALL
analyzed_bin
writev
108
1, 0x7ffedb98c740, 2
52
SYSCALL
analyzed_bin
writev
108
1, 0x7ffedb98c740, 2
98
SYSCALL
analyzed_bin
writev
108
1, 0x7ffedb98c740, 2
52
SYSCALL
analyzed_bin
writev
108
1, 0x7ffedb98c740, 2
98
SYSCALL
analyzed_bin
writev
108
1, 0x7ffedb98c740, 2
52
SYSCALL
analyzed_bin
writev
108
1, 0x7ffedb98c740, 2
98
SYSCALL
analyzed_bin
writev
108
1, 0x7ffedb98c740, 2
52
SYSCALL
analyzed_bin
writev
108
1, 0x7ffedb98c740, 2
98
SYSCALL
analyzed_bin
writev
108
1, 0x7ffedb98c740, 2
52
SYSCALL
analyzed_bin
writev
108
1, 0x7ffedb98c740, 2
98
SYSCALL
analyzed_bin
writev
108
1, 0x7ffedb98c740, 2
52
SYSCALL
analyzed_bin
writev
108
1, 0x7ffedb98c740, 2
98
SYSCALL
analyzed_bin
writev
108
1, 0x7ffedb98c740, 2
52
SYSCALL
analyzed_bin
writev
108
1, 0x7ffedb98c740, 2
98
SYSCALL
analyzed_bin
writev
108
1, 0x7ffedb98c740, 2
52
SYSCALL
analyzed_bin
writev
108
1, 0x7ffedb98c740, 2
98
SYSCALL
analyzed_bin
writev
108
1, 0x7ffedb98c740, 2
52
SYSCALL
analyzed_bin
writev
108
1, 0x7ffedb98c740, 2
98
SYSCALL
analyzed_bin
writev
108
1, 0x7ffedb98c740, 2
52
SYSCALL
analyzed_bin
writev
108
1, 0x7ffedb98c740, 2
98
SYSCALL
analyzed_bin
writev
108
1, 0x7ffedb98c740, 2
52
SYSCALL
analyzed_bin
writev
108
1, 0x7ffedb98c740, 2
98
SYSCALL
analyzed_bin
writev
108
1, 0x7ffedb98c740, 2
52
SYSCALL
analyzed_bin
writev
108
1, 0x7ffedb98c740, 2
98
SYSCALL
analyzed_bin
writev
108
1, 0x7ffedb98c740, 2
52
SYSCALL
analyzed_bin
writev
108
1, 0x7ffedb98c740, 2
98
SYSCALL
analyzed_bin
writev
108
1, 0x7ffedb98c740, 2
52
SYSCALL
analyzed_bin
writev
108
1, 0x7ffedb98c740, 2
98
SYSCALL
analyzed_bin
writev
108
1, 0x7ffedb98c740, 2
52
SYSCALL
analyzed_bin
writev
108
1, 0x7ffedb98c740, 2
98
SYSCALL
analyzed_bin
writev
108
1, 0x7ffedb98c740, 2
52
SYSCALL
analyzed_bin
writev
108
1, 0x7ffedb98c740, 2
98
SYSCALL
analyzed_bin
writev
108
1, 0x7ffedb98c740, 2
52
SYSCALL
analyzed_bin
writev
108
1, 0x7ffedb98c740, 2
98
SYSCALL
analyzed_bin
writev
108
1, 0x7ffedb98c740, 2
52
SYSCALL
analyzed_bin
writev
108
1, 0x7ffedb98c740, 2
98
SYSCALL
analyzed_bin
writev
108
1, 0x7ffedb98c740, 2
52
SYSCALL
analyzed_bin
writev
108
1, 0x7ffedb98c740, 2
98
SYSCALL
analyzed_bin
writev
108
1, 0x7ffedb98c740, 2
52
SYSCALL
analyzed_bin
writev
108
1, 0x7ffedb98c740, 2
98
SYSCALL
analyzed_bin
writev
108
1, 0x7ffedb98c740, 2
52
SYSCALL
analyzed_bin
writev
108
1, 0x7ffedb98c740, 2
98
SYSCALL
analyzed_bin
writev
108
1, 0x7ffedb98c740, 2
52
SYSCALL
analyzed_bin
writev
108
1, 0x7ffedb98c740, 2
98
SYSCALL
analyzed_bin
writev
108
1, 0x7ffedb98c740, 2
52
SYSCALL
analyzed_bin
writev
108
1, 0x7ffedb98c740, 2
98
SYSCALL
analyzed_bin
writev
108
1, 0x7ffedb98c740, 2
52
SYSCALL
analyzed_bin
writev
108
1, 0x7ffedb98c740, 2
98
SYSCALL
analyzed_bin
writev
108
1, 0x7ffedb98c740, 2
52
SYSCALL
analyzed_bin
writev
108
1, 0x7ffedb98c740, 2
98
SYSCALL
analyzed_bin
writev
108
1, 0x7ffedb98c740, 2
52
SYSCALL
analyzed_bin
writev
108
1, 0x7ffedb98c740, 2
98
SYSCALL
analyzed_bin
writev
108
1, 0x7ffedb98c740, 2
52
SYSCALL
analyzed_bin
writev
108
1, 0x7ffedb98c740, 2
98
SYSCALL
analyzed_bin
writev
108
1, 0x7ffedb98c740, 2
52
SYSCALL
analyzed_bin
writev
108
1, 0x7ffedb98c740, 2
98
SYSCALL
analyzed_bin
writev
108
1, 0x7ffedb98c740, 2
52
SYSCALL
analyzed_bin
writev
108
1, 0x7ffedb98c740, 2
98
SYSCALL
analyzed_bin
writev
108
1, 0x7ffedb98c740, 2
52
SYSCALL
analyzed_bin
writev
108
1, 0x7ffedb98c740, 2
98
SYSCALL
analyzed_bin
writev
108
1, 0x7ffedb98c740, 2
52
SYSCALL
analyzed_bin
writev
108
1, 0x7ffedb98c740, 2
98
SYSCALL
analyzed_bin
writev
108
1, 0x7ffedb98c740, 2
52
SYSCALL
analyzed_bin
writev
108
1, 0x7ffedb98c740, 2
98
SYSCALL
analyzed_bin
writev
108
1, 0x7ffedb98c740, 2
52
SYSCALL
analyzed_bin
writev
108
1, 0x7ffedb98c740, 2
98
SYSCALL
analyzed_bin
writev
108
1, 0x7ffedb98c740, 2
52
SYSCALL
analyzed_bin
writev
108
1, 0x7ffedb98c740, 2
98
SYSCALL
analyzed_bin
writev
108
1, 0x7ffedb98c740, 2
52
SYSCALL
analyzed_bin
writev
108
1, 0x7ffedb98c740, 2
98
SYSCALL
analyzed_bin
writev
108
1, 0x7ffedb98c740, 2
52
SYSCALL
analyzed_bin
writev
108
1, 0x7ffedb98c740, 2
98
SYSCALL
analyzed_bin
writev
108
1, 0x7ffedb98c740, 2
52
SYSCALL
analyzed_bin
writev
108
1, 0x7ffedb98c740, 2
98
SYSCALL
analyzed_bin
writev
108
1, 0x7ffedb98c740, 2
52
SYSCALL
analyzed_bin
writev
108
1, 0x7ffedb98c740, 2
98
SYSCALL
analyzed_bin
writev
108
1, 0x7ffedb98c740, 2
52
SYSCALL
analyzed_bin
writev
108
1, 0x7ffedb98c740, 2
98
SYSCALL
analyzed_bin
writev
108
1, 0x7ffedb98c740, 2
52
SYSCALL
analyzed_bin
writev
108
1, 0x7ffedb98c740, 2
98
SYSCALL
analyzed_bin
writev
108
1, 0x7ffedb98c740, 2
52
SYSCALL
analyzed_bin
writev
108
1, 0x7ffedb98c740, 2
98
SYSCALL
analyzed_bin
writev
108
1, 0x7ffedb98c740, 2
52
SYSCALL
analyzed_bin
writev
108
1, 0x7ffedb98c740, 2
98
SYSCALL
analyzed_bin
writev
108
1, 0x7ffedb98c740, 2
52
SYSCALL
analyzed_bin
writev
108
1, 0x7ffedb98c740, 2
98
SYSCALL
analyzed_bin
writev
108
1, 0x7ffedb98c740, 2
52
SYSCALL
analyzed_bin
writev
108
1, 0x7ffedb98c740, 2
98
SYSCALL
analyzed_bin
writev
108
1, 0x7ffedb98c740, 2
52
SYSCALL
analyzed_bin
writev
108
1, 0x7ffedb98c740, 2
98
SYSCALL
analyzed_bin
writev
108
1, 0x7ffedb98c740, 2
52
SYSCALL
analyzed_bin
writev
108
1, 0x7ffedb98c740, 2
98
SYSCALL
analyzed_bin
writev
108
1, 0x7ffedb98c740, 2
52
SYSCALL
analyzed_bin
writev
108
1, 0x7ffedb98c740, 2
98
SYSCALL
analyzed_bin
writev
108
1, 0x7ffedb98c740, 2
52
SYSCALL
analyzed_bin
writev
108
1, 0x7ffedb98c740, 2
98
SYSCALL
analyzed_bin
writev
108
1, 0x7ffedb98c740, 2
52
SYSCALL
analyzed_bin
writev
108
1, 0x7ffedb98c740, 2
98
SYSCALL
analyzed_bin
writev
108
1, 0x7ffedb98c740, 2
52
SYSCALL
analyzed_bin
writev
108
1, 0x7ffedb98c740, 2
98
SYSCALL
analyzed_bin
writev
108
1, 0x7ffedb98c740, 2
52
SYSCALL
analyzed_bin
writev
108
1, 0x7ffedb98c740, 2
98
SYSCALL
analyzed_bin
writev
108
1, 0x7ffedb98c740, 2
52
SYSCALL
analyzed_bin
writev
108
1, 0x7ffedb98c740, 2
98
SYSCALL
analyzed_bin
writev
108
1, 0x7ffedb98c740, 2
52
SYSCALL
analyzed_bin
writev
108
1, 0x7ffedb98c740, 2
98
SYSCALL
analyzed_bin
writev
108
1, 0x7ffedb98c740, 2
52
SYSCALL
analyzed_bin
writev
108
1, 0x7ffedb98c740, 2
98
SYSCALL
analyzed_bin
writev
108
1, 0x7ffedb98c740, 2
52
SYSCALL
analyzed_bin
writev
108
1, 0x7ffedb98c740, 2
98
SYSCALL
analyzed_bin
writev
108
1, 0x7ffedb98c740, 2
52
SYSCALL
analyzed_bin
writev
108
1, 0x7ffedb98c740, 2
98
SYSCALL
analyzed_bin
writev
108
1, 0x7ffedb98c740, 2
52
SYSCALL
analyzed_bin
writev
108
1, 0x7ffedb98c740, 2
98
SYSCALL
analyzed_bin
writev
108
1, 0x7ffedb98c740, 2
52
SYSCALL
analyzed_bin
writev
108
1, 0x7ffedb98c740, 2
98
SYSCALL
analyzed_bin
writev
108
1, 0x7ffedb98c740, 2
52
SYSCALL
analyzed_bin
writev
108
1, 0x7ffedb98c740, 2
98
SYSCALL
analyzed_bin
writev
108
1, 0x7ffedb98c740, 2
52
SYSCALL
analyzed_bin
writev
108
1, 0x7ffedb98c740, 2
98
SYSCALL
analyzed_bin
writev
108
1, 0x7ffedb98c740, 2
52
SYSCALL
analyzed_bin
writev
108
1, 0x7ffedb98c740, 2
98
SYSCALL
analyzed_bin
writev
108
1, 0x7ffedb98c740, 2
52
SYSCALL
analyzed_bin
writev
108
1, 0x7ffedb98c740, 2
98
SYSCALL
analyzed_bin
writev
108
1, 0x7ffedb98c740, 2
52
SYSCALL
analyzed_bin
writev
108
1, 0x7ffedb98c740, 2
98
SYSCALL
analyzed_bin
writev
108
1, 0x7ffedb98c740, 2
52
SYSCALL
analyzed_bin
writev
108
1, 0x7ffedb98c740, 2
98
SYSCALL
analyzed_bin
writev
108
1, 0x7ffedb98c740, 2
52
SYSCALL
analyzed_bin
writev
108
1, 0x7ffedb98c740, 2
98
SYSCALL
analyzed_bin
writev
108
1, 0x7ffedb98c740, 2
52
SYSCALL
analyzed_bin
writev
108
1, 0x7ffedb98c740, 2
98
SYSCALL
analyzed_bin
writev
108
1, 0x7ffedb98c740, 2
52
SYSCALL
analyzed_bin
writev
108
1, 0x7ffedb98c740, 2
98
SYSCALL
analyzed_bin
writev
108
1, 0x7ffedb98c740, 2
52
SYSCALL
analyzed_bin
writev
108
1, 0x7ffedb98c740, 2
98
SYSCALL
analyzed_bin
writev
108
1, 0x7ffedb98c740, 2
52
SYSCALL
analyzed_bin
writev
108
1, 0x7ffedb98c740, 2
98
SYSCALL
analyzed_bin
writev
108
1, 0x7ffedb98c740, 2
52
SYSCALL
analyzed_bin
writev
108
1, 0x7ffedb98c740, 2
98
SYSCALL
analyzed_bin
writev
108
1, 0x7ffedb98c740, 2
52
SYSCALL
analyzed_bin
writev
108
1, 0x7ffedb98c740, 2
98
SYSCALL
analyzed_bin
writev
108
1, 0x7ffedb98c740, 2
52
SYSCALL
analyzed_bin
writev
108
1, 0x7ffedb98c740, 2
98
SYSCALL
analyzed_bin
writev
108
1, 0x7ffedb98c740, 2
52
SYSCALL
analyzed_bin
writev
108
1, 0x7ffedb98c740, 2
98
SYSCALL
analyzed_bin
writev
108
1, 0x7ffedb98c740, 2
52
SYSCALL
analyzed_bin
writev
108
1, 0x7ffedb98c740, 2
98
SYSCALL
analyzed_bin
writev
108
1, 0x7ffedb98c740, 2
52
SYSCALL
analyzed_bin
writev
108
1, 0x7ffedb98c740, 2
98
SYSCALL
analyzed_bin
writev
108
1, 0x7ffedb98c740, 2
52
SYSCALL
analyzed_bin
writev
108
1, 0x7ffedb98c740, 2
98
SYSCALL
analyzed_bin
writev
108
1, 0x7ffedb98c740, 2
52
SYSCALL
analyzed_bin
writev
108
1, 0x7ffedb98c740, 2
98
SYSCALL
analyzed_bin
writev
108
1, 0x7ffedb98c740, 2
52
SYSCALL
analyzed_bin
writev
108
1, 0x7ffedb98c740, 2
98
SYSCALL
analyzed_bin
writev
108
1, 0x7ffedb98c740, 2
52
SYSCALL
analyzed_bin
writev
108
1, 0x7ffedb98c740, 2
98
SYSCALL
analyzed_bin
writev
108
1, 0x7ffedb98c740, 2
52
SYSCALL
analyzed_bin
writev
108
1, 0x7ffedb98c740, 2
98
SYSCALL
analyzed_bin
writev
108
1, 0x7ffedb98c740, 2
52
SYSCALL
analyzed_bin
writev
108
1, 0x7ffedb98c740, 2
98
SYSCALL
analyzed_bin
writev
108
1, 0x7ffedb98c740, 2
52
SYSCALL
analyzed_bin
writev
108
1, 0x7ffedb98c740, 2
98
SYSCALL
analyzed_bin
writev
108
1, 0x7ffedb98c740, 2
52
SYSCALL
analyzed_bin
writev
108
1, 0x7ffedb98c740, 2
98
SYSCALL
analyzed_bin
writev
108
1, 0x7ffedb98c740, 2
52
SYSCALL
analyzed_bin
writev
108
1, 0x7ffedb98c740, 2
98
SYSCALL
analyzed_bin
writev
108
1, 0x7ffedb98c740, 2
52
SYSCALL
analyzed_bin
writev
108
1, 0x7ffedb98c740, 2
98
SYSCALL
analyzed_bin
writev
108
1, 0x7ffedb98c740, 2
52
SYSCALL
analyzed_bin
writev
108
1, 0x7ffedb98c740, 2
98
SYSCALL
analyzed_bin
writev
108
1, 0x7ffedb98c740, 2
52
SYSCALL
analyzed_bin
writev
108
1, 0x7ffedb98c740, 2
98
SYSCALL
analyzed_bin
writev
108
1, 0x7ffedb98c740, 2
52
SYSCALL
analyzed_bin
writev
108
1, 0x7ffedb98c740, 2
98
SYSCALL
analyzed_bin
writev
108
1, 0x7ffedb98c740, 2
52
SYSCALL
analyzed_bin
writev
108
1, 0x7ffedb98c740, 2
98
SYSCALL
analyzed_bin
writev
108
1, 0x7ffedb98c740, 2
52
SYSCALL
analyzed_bin
writev
108
1, 0x7ffedb98c740, 2
98
SYSCALL
analyzed_bin
writev
108
1, 0x7ffedb98c740, 2
52
SYSCALL
analyzed_bin
writev
108
1, 0x7ffedb98c740, 2
98
SYSCALL
analyzed_bin
writev
108
1, 0x7ffedb98c740, 2
52
SYSCALL
analyzed_bin
writev
108
1, 0x7ffedb98c740, 2
98
SYSCALL
analyzed_bin
writev
108
1, 0x7ffedb98c740, 2
52
SYSCALL
analyzed_bin
writev
108
1, 0x7ffedb98c740, 2
98
SYSCALL
analyzed_bin
writev
108
1, 0x7ffedb98c740, 2
52
SYSCALL
analyzed_bin
writev
108
1, 0x7ffedb98c740, 2
98
SYSCALL
analyzed_bin
writev
108
1, 0x7ffedb98c740, 2
52
SYSCALL
analyzed_bin
writev
108
1, 0x7ffedb98c740, 2
98
SYSCALL
analyzed_bin
writev
108
1, 0x7ffedb98c740, 2
52
SYSCALL
analyzed_bin
writev
108
1, 0x7ffedb98c740, 2
98
SYSCALL
analyzed_bin
writev
108
1, 0x7ffedb98c740, 2
52
SYSCALL
analyzed_bin
writev
108
1, 0x7ffedb98c740, 2
98
SYSCALL
analyzed_bin
writev
108
1, 0x7ffedb98c740, 2
52
SYSCALL
analyzed_bin
writev
108
1, 0x7ffedb98c740, 2
98
SYSCALL
analyzed_bin
writev
108
1, 0x7ffedb98c740, 2
52
SYSCALL
analyzed_bin
writev
108
1, 0x7ffedb98c740, 2
98
SYSCALL
analyzed_bin
writev
108
1, 0x7ffedb98c740, 2
52
SYSCALL
analyzed_bin
writev
108
1, 0x7ffedb98c740, 2
98
SYSCALL
analyzed_bin
writev
108
1, 0x7ffedb98c740, 2
52
SYSCALL
analyzed_bin
writev
108
1, 0x7ffedb98c740, 2
98
SYSCALL
analyzed_bin
writev
108
1, 0x7ffedb98c740, 2
52
SYSCALL
analyzed_bin
writev
108
1, 0x7ffedb98c740, 2
98
SYSCALL
analyzed_bin
writev
108
1, 0x7ffedb98c740, 2
52
SYSCALL
analyzed_bin
writev
108
1, 0x7ffedb98c740, 2
98
SYSCALL
analyzed_bin
writev
108
1, 0x7ffedb98c740, 2
52
SYSCALL
analyzed_bin
writev
108
1, 0x7ffedb98c740, 2
98
SYSCALL
analyzed_bin
writev
108
1, 0x7ffedb98c740, 2
52
SYSCALL
analyzed_bin
writev
108
1, 0x7ffedb98c740, 2
98
SYSCALL
analyzed_bin
writev
108
1, 0x7ffedb98c740, 2
52
SYSCALL
analyzed_bin
writev
108
1, 0x7ffedb98c740, 2
98
SYSCALL
analyzed_bin
writev
108
1, 0x7ffedb98c740, 2
52
SYSCALL
analyzed_bin
writev
108
1, 0x7ffedb98c740, 2
98
SYSCALL
analyzed_bin
writev
108
1, 0x7ffedb98c740, 2
52
SYSCALL
analyzed_bin
writev
108
1, 0x7ffedb98c740, 2
98
SYSCALL
analyzed_bin
writev
108
1, 0x7ffedb98c740, 2
52
SYSCALL
analyzed_bin
writev
108
1, 0x7ffedb98c740, 2
98
SYSCALL
analyzed_bin
writev
108
1, 0x7ffedb98c740, 2
52
SYSCALL
analyzed_bin
writev
108
1, 0x7ffedb98c740, 2
98
SYSCALL
analyzed_bin
writev
108
1, 0x7ffedb98c740, 2
52
SYSCALL
analyzed_bin
writev
108
1, 0x7ffedb98c740, 2
98
SYSCALL
analyzed_bin
writev
108
1, 0x7ffedb98c740, 2
52
SYSCALL
analyzed_bin
writev
108
1, 0x7ffedb98c740, 2
98
SYSCALL
analyzed_bin
writev
108
1, 0x7ffedb98c740, 2
52
SYSCALL
analyzed_bin
writev
108
1, 0x7ffedb98c740, 2
98
SYSCALL
analyzed_bin
writev
108
1, 0x7ffedb98c740, 2
52
SYSCALL
analyzed_bin
writev
108
1, 0x7ffedb98c740, 2
98
SYSCALL
analyzed_bin
writev
108
1, 0x7ffedb98c740, 2
52
SYSCALL
analyzed_bin
writev
108
1, 0x7ffedb98c740, 2
98
SYSCALL
analyzed_bin
writev
108
1, 0x7ffedb98c740, 2
52
SYSCALL
analyzed_bin
writev
108
1, 0x7ffedb98c740, 2
98
SYSCALL
analyzed_bin
writev
108
1, 0x7ffedb98c740, 2
52
SYSCALL
analyzed_bin
writev
108
1, 0x7ffedb98c740, 2
98
SYSCALL
analyzed_bin
writev
108
1, 0x7ffedb98c740, 2
52
SYSCALL
analyzed_bin
writev
108
1, 0x7ffedb98c740, 2
98
SYSCALL
analyzed_bin
writev
108
1, 0x7ffedb98c740, 2
52
SYSCALL
analyzed_bin
writev
108
1, 0x7ffedb98c740, 2
98
SYSCALL
analyzed_bin
writev
108
1, 0x7ffedb98c740, 2
52
SYSCALL
analyzed_bin
writev
108
1, 0x7ffedb98c740, 2
98
SYSCALL
analyzed_bin
writev
108
1, 0x7ffedb98c740, 2
52
SYSCALL
analyzed_bin
writev
108
1, 0x7ffedb98c740, 2
98
SYSCALL
analyzed_bin
writev
108
1, 0x7ffedb98c740, 2
52
SYSCALL
analyzed_bin
writev
108
1, 0x7ffedb98c740, 2
98
SYSCALL
analyzed_bin
writev
108
1, 0x7ffedb98c740, 2
52
SYSCALL
analyzed_bin
writev
108
1, 0x7ffedb98c740, 2
98
SYSCALL
analyzed_bin
writev
108
1, 0x7ffedb98c740, 2
52
SYSCALL
analyzed_bin
writev
108
1, 0x7ffedb98c740, 2
98
SYSCALL
analyzed_bin
writev
108
1, 0x7ffedb98c740, 2
52
SYSCALL
analyzed_bin
writev
108
1, 0x7ffedb98c740, 2
98
SYSCALL
analyzed_bin
writev
108
1, 0x7ffedb98c740, 2
52
SYSCALL
analyzed_bin
writev
108
1, 0x7ffedb98c740, 2
98
SYSCALL
analyzed_bin
writev
108
1, 0x7ffedb98c740, 2
52
SYSCALL
analyzed_bin
writev
108
1, 0x7ffedb98c740, 2
98
SYSCALL
analyzed_bin
writev
108
1, 0x7ffedb98c740, 2
52
SYSCALL
analyzed_bin
writev
108
1, 0x7ffedb98c740, 2
98
SYSCALL
analyzed_bin
writev
108
1, 0x7ffedb98c740, 2
52
SYSCALL
analyzed_bin
writev
108
1, 0x7ffedb98c740, 2
98
SYSCALL
analyzed_bin
writev
108
1, 0x7ffedb98c740, 2
52
SYSCALL
analyzed_bin
writev
108
1, 0x7ffedb98c740, 2
98
SYSCALL
analyzed_bin
writev
108
1, 0x7ffedb98c740, 2
52
SYSCALL
analyzed_bin
writev
108
1, 0x7ffedb98c740, 2
98
SYSCALL
analyzed_bin
writev
108
1, 0x7ffedb98c740, 2
52
SYSCALL
analyzed_bin
writev
108
1, 0x7ffedb98c740, 2
98
SYSCALL
analyzed_bin
writev
108
1, 0x7ffedb98c740, 2
52
SYSCALL
analyzed_bin
writev
108
1, 0x7ffedb98c740, 2
98
SYSCALL
analyzed_bin
writev
108
1, 0x7ffedb98c740, 2
52
SYSCALL
analyzed_bin
writev
108
1, 0x7ffedb98c740, 2
98
SYSCALL
analyzed_bin
writev
108
1, 0x7ffedb98c740, 2
52
SYSCALL
analyzed_bin
writev
108
1, 0x7ffedb98c740, 2
98
SYSCALL
analyzed_bin
writev
108
1, 0x7ffedb98c740, 2
52
SYSCALL
analyzed_bin
writev
108
1, 0x7ffedb98c740, 2
98
SYSCALL
analyzed_bin
writev
108
1, 0x7ffedb98c740, 2
52
SYSCALL
analyzed_bin
writev
108
1, 0x7ffedb98c740, 2
98
SYSCALL
analyzed_bin
writev
108
1, 0x7ffedb98c740, 2
52
SYSCALL
analyzed_bin
writev
108
1, 0x7ffedb98c740, 2
98
SYSCALL
analyzed_bin
writev
108
1, 0x7ffedb98c740, 2
52
SYSCALL
analyzed_bin
writev
108
1, 0x7ffedb98c740, 2
98
SYSCALL
analyzed_bin
writev
108
1, 0x7ffedb98c740, 2
52
SYSCALL
analyzed_bin
writev
108
1, 0x7ffedb98c740, 2
98
SYSCALL
analyzed_bin
writev
108
1, 0x7ffedb98c740, 2
52
SYSCALL
analyzed_bin
writev
108
1, 0x7ffedb98c740, 2
98
SYSCALL
analyzed_bin
writev
108
1, 0x7ffedb98c740, 2
52
SYSCALL
analyzed_bin
writev
108
1, 0x7ffedb98c740, 2
98
SYSCALL
analyzed_bin
writev
108
1, 0x7ffedb98c740, 2
52
SYSCALL
analyzed_bin
writev
108
1, 0x7ffedb98c740, 2
98
SYSCALL
analyzed_bin
writev
108
1, 0x7ffedb98c740, 2
52
SYSCALL
analyzed_bin
writev
108
1, 0x7ffedb98c740, 2
98
SYSCALL
analyzed_bin
writev
108
1, 0x7ffedb98c740, 2
52
SYSCALL
analyzed_bin
writev
108
1, 0x7ffedb98c740, 2
98
SYSCALL
analyzed_bin
writev
108
1, 0x7ffedb98c740, 2
52
SYSCALL
analyzed_bin
writev
108
1, 0x7ffedb98c740, 2
98
SYSCALL
analyzed_bin
writev
108
1, 0x7ffedb98c740, 2
52
SYSCALL
analyzed_bin
writev
108
1, 0x7ffedb98c740, 2
98
SYSCALL
analyzed_bin
writev
108
1, 0x7ffedb98c740, 2
52
SYSCALL
analyzed_bin
writev
108
1, 0x7ffedb98c740, 2
98
SYSCALL
analyzed_bin
writev
108
1, 0x7ffedb98c740, 2
52
SYSCALL
analyzed_bin
writev
108
1, 0x7ffedb98c740, 2
98
SYSCALL
analyzed_bin
writev
108
1, 0x7ffedb98c740, 2
52
SYSCALL
analyzed_bin
writev
108
1, 0x7ffedb98c740, 2
98
SYSCALL
analyzed_bin
writev
108
1, 0x7ffedb98c740, 2
52
SYSCALL
analyzed_bin
writev
108
1, 0x7ffedb98c740, 2
98
SYSCALL
analyzed_bin
writev
108
1, 0x7ffedb98c740, 2
52
SYSCALL
analyzed_bin
writev
108
1, 0x7ffedb98c740, 2
98
SYSCALL
analyzed_bin
writev
108
1, 0x7ffedb98c740, 2
52
SYSCALL
analyzed_bin
writev
108
1, 0x7ffedb98c740, 2
98
SYSCALL
analyzed_bin
writev
108
1, 0x7ffedb98c740, 2
52
SYSCALL
analyzed_bin
writev
108
1, 0x7ffedb98c740, 2
98
SYSCALL
analyzed_bin
writev
108
1, 0x7ffedb98c740, 2
52
SYSCALL
analyzed_bin
writev
108
1, 0x7ffedb98c740, 2
98
SYSCALL
analyzed_bin
writev
108
1, 0x7ffedb98c740, 2
52
SYSCALL
analyzed_bin
writev
108
1, 0x7ffedb98c740, 2
98
SYSCALL
analyzed_bin
writev
108
1, 0x7ffedb98c740, 2
52
SYSCALL
analyzed_bin
writev
108
1, 0x7ffedb98c740, 2
98
SYSCALL
analyzed_bin
writev
108
1, 0x7ffedb98c740, 2
52
SYSCALL
analyzed_bin
writev
108
1, 0x7ffedb98c740, 2
98
SYSCALL
analyzed_bin
writev
108
1, 0x7ffedb98c740, 2
52
SYSCALL
analyzed_bin
writev
108
1, 0x7ffedb98c740, 2
98
SYSCALL
analyzed_bin
writev
108
1, 0x7ffedb98c740, 2
52
SYSCALL
analyzed_bin
writev
108
1, 0x7ffedb98c740, 2
98
SYSCALL
analyzed_bin
writev
108
1, 0x7ffedb98c740, 2
52
SYSCALL
analyzed_bin
writev
108
1, 0x7ffedb98c740, 2
98
SYSCALL
analyzed_bin
writev
108
1, 0x7ffedb98c740, 2
52
SYSCALL
analyzed_bin
writev
108
1, 0x7ffedb98c740, 2
98
SYSCALL
analyzed_bin
writev
108
1, 0x7ffedb98c740, 2
52
SYSCALL
analyzed_bin
writev
108
1, 0x7ffedb98c740, 2
98
SYSCALL
analyzed_bin
writev
108
1, 0x7ffedb98c740, 2
52
SYSCALL
analyzed_bin
writev
108
1, 0x7ffedb98c740, 2
98
SYSCALL
analyzed_bin
writev
108
1, 0x7ffedb98c740, 2
52
SYSCALL
analyzed_bin
writev
108
1, 0x7ffedb98c740, 2
98
SYSCALL
analyzed_bin
writev
108
1, 0x7ffedb98c740, 2
52
SYSCALL
analyzed_bin
writev
108
1, 0x7ffedb98c740, 2
98
SYSCALL
analyzed_bin
writev
108
1, 0x7ffedb98c740, 2
52
SYSCALL
analyzed_bin
writev
108
1, 0x7ffedb98c740, 2
98
SYSCALL
analyzed_bin
writev
108
1, 0x7ffedb98c740, 2
52
SYSCALL
analyzed_bin
writev
108
1, 0x7ffedb98c740, 2
98
SYSCALL
analyzed_bin
writev
108
1, 0x7ffedb98c740, 2
52
SYSCALL
analyzed_bin
writev
108
1, 0x7ffedb98c740, 2
98
SYSCALL
analyzed_bin
writev
108
1, 0x7ffedb98c740, 2
52
SYSCALL
analyzed_bin
writev
108
1, 0x7ffedb98c740, 2
98
SYSCALL
analyzed_bin
writev
108
1, 0x7ffedb98c740, 2
52
SYSCALL
analyzed_bin
writev
108
1, 0x7ffedb98c740, 2
98
SYSCALL
analyzed_bin
writev
108
1, 0x7ffedb98c740, 2
52
SYSCALL
analyzed_bin
writev
108
1, 0x7ffedb98c740, 2
98
SYSCALL
analyzed_bin
writev
108
1, 0x7ffedb98c740, 2
52
SYSCALL
analyzed_bin
writev
108
1, 0x7ffedb98c740, 2
98
SYSCALL
analyzed_bin
writev
108
1, 0x7ffedb98c740, 2
52
SYSCALL
analyzed_bin
writev
108
1, 0x7ffedb98c740, 2
98
SYSCALL
analyzed_bin
writev
108
1, 0x7ffedb98c740, 2
52
SYSCALL
analyzed_bin
writev
108
1, 0x7ffedb98c740, 2
98
SYSCALL
analyzed_bin
writev
108
1, 0x7ffedb98c740, 2
52
SYSCALL
analyzed_bin
writev
108
1, 0x7ffedb98c740, 2
98
SYSCALL
analyzed_bin
writev
108
1, 0x7ffedb98c740, 2
52
SYSCALL
analyzed_bin
writev
108
1, 0x7ffedb98c740, 2
98
SYSCALL
analyzed_bin
writev
108
1, 0x7ffedb98c740, 2
52
SYSCALL
analyzed_bin
writev
108
1, 0x7ffedb98c740, 2
98
SYSCALL
analyzed_bin
writev
108
1, 0x7ffedb98c740, 2
52
SYSCALL
analyzed_bin
writev
108
1, 0x7ffedb98c740, 2
98
SYSCALL
analyzed_bin
writev
108
1, 0x7ffedb98c740, 2
52
SYSCALL
analyzed_bin
writev
108
1, 0x7ffedb98c740, 2
98
SYSCALL
analyzed_bin
writev
108
1, 0x7ffedb98c740, 2
52
SYSCALL
analyzed_bin
writev
108
1, 0x7ffedb98c740, 2
98
SYSCALL
analyzed_bin
writev
108
1, 0x7ffedb98c740, 2
52
SYSCALL
analyzed_bin
writev
108
1, 0x7ffedb98c740, 2
98
SYSCALL
analyzed_bin
writev
108
1, 0x7ffedb98c740, 2
52
SYSCALL
analyzed_bin
writev
108
1, 0x7ffedb98c740, 2
98
SYSCALL
analyzed_bin
writev
108
1, 0x7ffedb98c740, 2
52
SYSCALL
analyzed_bin
writev
108
1, 0x7ffedb98c740, 2
98
SYSCALL
analyzed_bin
writev
108
1, 0x7ffedb98c740, 2
52
SYSCALL
analyzed_bin
writev
108
1, 0x7ffedb98c740, 2
98
SYSCALL
analyzed_bin
writev
108
1, 0x7ffedb98c740, 2
52
SYSCALL
analyzed_bin
writev
108
1, 0x7ffedb98c740, 2
98
SYSCALL
analyzed_bin
writev
108
1, 0x7ffedb98c740, 2
52
SYSCALL
analyzed_bin
writev
108
1, 0x7ffedb98c740, 2
98
SYSCALL
analyzed_bin
writev
108
1, 0x7ffedb98c740, 2
52
SYSCALL
analyzed_bin
writev
108
1, 0x7ffedb98c740, 2
98
SYSCALL
analyzed_bin
writev
108
1, 0x7ffedb98c740, 2
52
SYSCALL
analyzed_bin
writev
108
1, 0x7ffedb98c740, 2
98
SYSCALL
analyzed_bin
writev
108
1, 0x7ffedb98c740, 2
52
SYSCALL
analyzed_bin
writev
108
1, 0x7ffedb98c740, 2
98
SYSCALL
analyzed_bin
writev
108
1, 0x7ffedb98c740, 2
52
SYSCALL
analyzed_bin
writev
108
1, 0x7ffedb98c740, 2
98
SYSCALL
analyzed_bin
writev
108
1, 0x7ffedb98c740, 2
52
SYSCALL
analyzed_bin
writev
108
1, 0x7ffedb98c740, 2
98
SYSCALL
analyzed_bin
writev
108
1, 0x7ffedb98c740, 2
52
SYSCALL
analyzed_bin
writev
108
1, 0x7ffedb98c740, 2
98
SYSCALL
analyzed_bin
writev
108
1, 0x7ffedb98c740, 2
52
SYSCALL
analyzed_bin
writev
108
1, 0x7ffedb98c740, 2
98
SYSCALL
analyzed_bin
writev
108
1, 0x7ffedb98c740, 2
52
SYSCALL
analyzed_bin
writev
108
1, 0x7ffedb98c740, 2
98
SYSCALL
analyzed_bin
writev
108
1, 0x7ffedb98c740, 2
52
SYSCALL
analyzed_bin
writev
108
1, 0x7ffedb98c740, 2
98
SYSCALL
analyzed_bin
writev
108
1, 0x7ffedb98c740, 2
52
SYSCALL
analyzed_bin
writev
108
1, 0x7ffedb98c740, 2
98
SYSCALL
analyzed_bin
writev
108
1, 0x7ffedb98c740, 2
52
SYSCALL
analyzed_bin
writev
108
1, 0x7ffedb98c740, 2
98
SYSCALL
analyzed_bin
writev
108
1, 0x7ffedb98c740, 2
52
SYSCALL
analyzed_bin
writev
108
1, 0x7ffedb98c740, 2
98
SYSCALL
analyzed_bin
writev
108
1, 0x7ffedb98c740, 2
52
SYSCALL
analyzed_bin
writev
108
1, 0x7ffedb98c740, 2
98
SYSCALL
analyzed_bin
writev
108
1, 0x7ffedb98c740, 2
52
SYSCALL
analyzed_bin
writev
108
1, 0x7ffedb98c740, 2
98
SYSCALL
analyzed_bin
writev
108
1, 0x7ffedb98c740, 2
52
SYSCALL
analyzed_bin
writev
108
1, 0x7ffedb98c740, 2
98
SYSCALL
analyzed_bin
writev
108
1, 0x7ffedb98c740, 2
52
SYSCALL
analyzed_bin
writev
108
1, 0x7ffedb98c740, 2
98
SYSCALL
analyzed_bin
writev
108
1, 0x7ffedb98c740, 2
52
SYSCALL
analyzed_bin
writev
108
1, 0x7ffedb98c740, 2
98
SYSCALL
analyzed_bin
writev
108
1, 0x7ffedb98c740, 2
52
SYSCALL
analyzed_bin
writev
108
1, 0x7ffedb98c740, 2
98
SYSCALL
analyzed_bin
writev
108
1, 0x7ffedb98c740, 2
52
SYSCALL
analyzed_bin
writev
108
1, 0x7ffedb98c740, 2
98
SYSCALL
analyzed_bin
writev
108
1, 0x7ffedb98c740, 2
52
SYSCALL
analyzed_bin
writev
108
1, 0x7ffedb98c740, 2
98
SYSCALL
analyzed_bin
writev
108
1, 0x7ffedb98c740, 2
52
SYSCALL
analyzed_bin
writev
108
1, 0x7ffedb98c740, 2
98
SYSCALL
analyzed_bin
writev
108
1, 0x7ffedb98c740, 2
52
SYSCALL
analyzed_bin
writev
108
1, 0x7ffedb98c740, 2
98
SYSCALL
analyzed_bin
writev
108
1, 0x7ffedb98c740, 2
52
SYSCALL
analyzed_bin
writev
108
1, 0x7ffedb98c740, 2
98
SYSCALL
analyzed_bin
writev
108
1, 0x7ffedb98c740, 2
52
SYSCALL
analyzed_bin
writev
108
1, 0x7ffedb98c740, 2
98
SYSCALL
analyzed_bin
writev
108
1, 0x7ffedb98c740, 2
52
SYSCALL
analyzed_bin
writev
108
1, 0x7ffedb98c740, 2
98
SYSCALL
analyzed_bin
writev
108
1, 0x7ffedb98c740, 2
52
SYSCALL
analyzed_bin
writev
108
1, 0x7ffedb98c740, 2
98
SYSCALL
analyzed_bin
writev
108
1, 0x7ffedb98c740, 2
52
SYSCALL
analyzed_bin
writev
108
1, 0x7ffedb98c740, 2
98
SYSCALL
analyzed_bin
writev
108
1, 0x7ffedb98c740, 2
52
SYSCALL
analyzed_bin
writev
108
1, 0x7ffedb98c740, 2
98
SYSCALL
analyzed_bin
writev
108
1, 0x7ffedb98c740, 2
52
SYSCALL
analyzed_bin
writev
108
1, 0x7ffedb98c740, 2
98
SYSCALL
analyzed_bin
writev
108
1, 0x7ffedb98c740, 2
52
SYSCALL
analyzed_bin
writev
108
1, 0x7ffedb98c740, 2
98
SYSCALL
analyzed_bin
writev
108
1, 0x7ffedb98c740, 2
52
SYSCALL
analyzed_bin
writev
108
1, 0x7ffedb98c740, 2
98
SYSCALL
analyzed_bin
writev
108
1, 0x7ffedb98c740, 2
52
SYSCALL
analyzed_bin
writev
108
1, 0x7ffedb98c740, 2
98
SYSCALL
analyzed_bin
writev
108
1, 0x7ffedb98c740, 2
52
SYSCALL
analyzed_bin
writev
108
1, 0x7ffedb98c740, 2
98
SYSCALL
analyzed_bin
writev
108
1, 0x7ffedb98c740, 2
52
SYSCALL
analyzed_bin
writev
108
1, 0x7ffedb98c740, 2
98
SYSCALL
analyzed_bin
writev
108
1, 0x7ffedb98c740, 2
52
SYSCALL
analyzed_bin
writev
108
1, 0x7ffedb98c740, 2
98
SYSCALL
analyzed_bin
writev
108
1, 0x7ffedb98c740, 2
52
SYSCALL
analyzed_bin
writev
108
1, 0x7ffedb98c740, 2
98
SYSCALL
analyzed_bin
writev
108
1, 0x7ffedb98c740, 2
52
SYSCALL
analyzed_bin
writev
108
1, 0x7ffedb98c740, 2
98
SYSCALL
analyzed_bin
writev
108
1, 0x7ffedb98c740, 2
52
SYSCALL
analyzed_bin
writev
108
1, 0x7ffedb98c740, 2
98
SYSCALL
analyzed_bin
writev
108
1, 0x7ffedb98c740, 2
52
SYSCALL
analyzed_bin
writev
108
1, 0x7ffedb98c740, 2
98
SYSCALL
analyzed_bin
writev
108
1, 0x7ffedb98c740, 2
52
SYSCALL
analyzed_bin
writev
108
1, 0x7ffedb98c740, 2
98
SYSCALL
analyzed_bin
writev
108
1, 0x7ffedb98c740, 2
52
SYSCALL
analyzed_bin
writev
108
1, 0x7ffedb98c740, 2
98
SYSCALL
analyzed_bin
writev
108
1, 0x7ffedb98c740, 2
52
SYSCALL
analyzed_bin
writev
108
1, 0x7ffedb98c740, 2
98
SYSCALL
analyzed_bin
writev
108
1, 0x7ffedb98c740, 2
52
SYSCALL
analyzed_bin
writev
108
1, 0x7ffedb98c740, 2
98
SYSCALL
analyzed_bin
writev
108
1, 0x7ffedb98c740, 2
52
SYSCALL
analyzed_bin
writev
108
1, 0x7ffedb98c740, 2
98
SYSCALL
analyzed_bin
writev
108
1, 0x7ffedb98c740, 2
52
SYSCALL
analyzed_bin
writev
108
1, 0x7ffedb98c740, 2
98
SYSCALL
analyzed_bin
writev
108
1, 0x7ffedb98c740, 2
52
SYSCALL
analyzed_bin
writev
108
1, 0x7ffedb98c740, 2
98
SYSCALL
analyzed_bin
writev
108
1, 0x7ffedb98c740, 2
52
SYSCALL
analyzed_bin
writev
108
1, 0x7ffedb98c740, 2
98
SYSCALL
analyzed_bin
writev
108
1, 0x7ffedb98c740, 2
52
SYSCALL
analyzed_bin
writev
108
1, 0x7ffedb98c740, 2
98
SYSCALL
analyzed_bin
writev
108
1, 0x7ffedb98c740, 2
52
SYSCALL
analyzed_bin
writev
108
1, 0x7ffedb98c740, 2
98
SYSCALL
analyzed_bin
writev
108
1, 0x7ffedb98c740, 2
52
SYSCALL
analyzed_bin
writev
108
1, 0x7ffedb98c740, 2
98
SYSCALL
analyzed_bin
writev
108
1, 0x7ffedb98c740, 2
52
SYSCALL
analyzed_bin
writev
108
1, 0x7ffedb98c740, 2
98
SYSCALL
analyzed_bin
writev
108
1, 0x7ffedb98c740, 2
52
SYSCALL
analyzed_bin
writev
108
1, 0x7ffedb98c740, 2
98
SYSCALL
analyzed_bin
writev
108
1, 0x7ffedb98c740, 2
52
SYSCALL
analyzed_bin
writev
108
1, 0x7ffedb98c740, 2
98
SYSCALL
analyzed_bin
writev
108
1, 0x7ffedb98c740, 2
52
SYSCALL
analyzed_bin
writev
108
1, 0x7ffedb98c740, 2
98
SYSCALL
analyzed_bin
writev
108
1, 0x7ffedb98c740, 2
52
SYSCALL
analyzed_bin
writev
108
1, 0x7ffedb98c740, 2
98
SYSCALL
analyzed_bin
writev
108
1, 0x7ffedb98c740, 2
52
SYSCALL
analyzed_bin
writev
108
1, 0x7ffedb98c740, 2
98
SYSCALL
analyzed_bin
writev
108
1, 0x7ffedb98c740, 2
52
SYSCALL
analyzed_bin
writev
108
1, 0x7ffedb98c740, 2
98
SYSCALL
analyzed_bin
writev
108
1, 0x7ffedb98c740, 2
52
SYSCALL
analyzed_bin
writev
108
1, 0x7ffedb98c740, 2
98
SYSCALL
analyzed_bin
writev
108
1, 0x7ffedb98c740, 2
52
SYSCALL
analyzed_bin
writev
108
1, 0x7ffedb98c740, 2
98
SYSCALL
analyzed_bin
writev
108
1, 0x7ffedb98c740, 2
52
SYSCALL
analyzed_bin
writev
108
1, 0x7ffedb98c740, 2
98
SYSCALL
analyzed_bin
writev
108
1, 0x7ffedb98c740, 2
52
SYSCALL
analyzed_bin
writev
108
1, 0x7ffedb98c740, 2
98
SYSCALL
analyzed_bin
writev
108
1, 0x7ffedb98c740, 2
52
SYSCALL
analyzed_bin
writev
108
1, 0x7ffedb98c740, 2
98
SYSCALL
analyzed_bin
writev
108
1, 0x7ffedb98c740, 2
52
SYSCALL
analyzed_bin
writev
108
1, 0x7ffedb98c740, 2
98
SYSCALL
analyzed_bin
writev
108
1, 0x7ffedb98c740, 2
52
SYSCALL
analyzed_bin
writev
108
1, 0x7ffedb98c740, 2
98
SYSCALL
analyzed_bin
writev
108
1, 0x7ffedb98c740, 2
52
SYSCALL
analyzed_bin
writev
108
1, 0x7ffedb98c740, 2
98
SYSCALL
analyzed_bin
writev
108
1, 0x7ffedb98c740, 2
52
SYSCALL
analyzed_bin
writev
108
1, 0x7ffedb98c740, 2
98
SYSCALL
analyzed_bin
writev
108
1, 0x7ffedb98c740, 2
52
SYSCALL
analyzed_bin
writev
108
1, 0x7ffedb98c740, 2
98
SYSCALL
analyzed_bin
writev
108
1, 0x7ffedb98c740, 2
52
SYSCALL
analyzed_bin
writev
108
1, 0x7ffedb98c740, 2
98
SYSCALL
analyzed_bin
writev
108
1, 0x7ffedb98c740, 2
52
SYSCALL
analyzed_bin
writev
108
1, 0x7ffedb98c740, 2
98
SYSCALL
analyzed_bin
writev
108
1, 0x7ffedb98c740, 2
52
SYSCALL
analyzed_bin
writev
108
1, 0x7ffedb98c740, 2
98
SYSCALL
analyzed_bin
writev
108
1, 0x7ffedb98c740, 2
52
SYSCALL
analyzed_bin
writev
108
1, 0x7ffedb98c740, 2
98
SYSCALL
analyzed_bin
writev
108
1, 0x7ffedb98c740, 2
52
SYSCALL
analyzed_bin
writev
108
1, 0x7ffedb98c740, 2
98
SYSCALL
analyzed_bin
writev
108
1, 0x7ffedb98c740, 2
52
SYSCALL
analyzed_bin
writev
108
1, 0x7ffedb98c740, 2
98
SYSCALL
analyzed_bin
writev
108
1, 0x7ffedb98c740, 2
52
SYSCALL
analyzed_bin
writev
108
1, 0x7ffedb98c740, 2
98
SYSCALL
analyzed_bin
writev
108
1, 0x7ffedb98c740, 2
52
SYSCALL
analyzed_bin
writev
108
1, 0x7ffedb98c740, 2
98
SYSCALL
analyzed_bin
writev
108
1, 0x7ffedb98c740, 2
52
SYSCALL
analyzed_bin
writev
108
1, 0x7ffedb98c740, 2
98
