LISA
PROCESS
108:105
SYSCALL
analyzed_bin
execve
108

0
SYSCALL
analyzed_bin
brk
108
0x0
94715683639296
SYSCALL
analyzed_bin
access
108
"/etc/ld.so.preload", R_OK
-2 (ENOENT)
OPENFILE
"/usr/local/lib/tls/x86_64/x86_64/libpthread.so.0"
SYSCALL
analyzed_bin
openat
108
AT_FDCWD, "/usr/local/lib/tls/x86_64/x86_64/libpthread.so.0", O_RDONLY|O_CLOEXEC
-2 (ENOENT)
SYSCALL
analyzed_bin
stat
108
"/usr/local/lib/tls/x86_64/x86_64", 0x7ffc7da0d8e0
-2 (ENOENT)
OPENFILE
"/usr/local/lib/tls/x86_64/libpthread.so.0"
SYSCALL
analyzed_bin
openat
108
AT_FDCWD, "/usr/local/lib/tls/x86_64/libpthread.so.0", O_RDONLY|O_CLOEXEC
-2 (ENOENT)
SYSCALL
analyzed_bin
stat
108
"/usr/local/lib/tls/x86_64", 0x7ffc7da0d8e0
-2 (ENOENT)
OPENFILE
"/usr/local/lib/tls/x86_64/libpthread.so.0"
SYSCALL
analyzed_bin
openat
108
AT_FDCWD, "/usr/local/lib/tls/x86_64/libpthread.so.0", O_RDONLY|O_CLOEXEC
-2 (ENOENT)
SYSCALL
analyzed_bin
stat
108
"/usr/local/lib/tls/x86_64", 0x7ffc7da0d8e0
-2 (ENOENT)
OPENFILE
"/usr/local/lib/tls/libpthread.so.0"
SYSCALL
analyzed_bin
openat
108
AT_FDCWD, "/usr/local/lib/tls/libpthread.so.0", O_RDONLY|O_CLOEXEC
-2 (ENOENT)
SYSCALL
analyzed_bin
stat
108
"/usr/local/lib/tls", 0x7ffc7da0d8e0
-2 (ENOENT)
OPENFILE
"/usr/local/lib/x86_64/x86_64/libpthread.so.0"
SYSCALL
analyzed_bin
openat
108
AT_FDCWD, "/usr/local/lib/x86_64/x86_64/libpthread.so.0", O_RDONLY|O_CLOEXEC
-2 (ENOENT)
SYSCALL
analyzed_bin
stat
108
"/usr/local/lib/x86_64/x86_64", 0x7ffc7da0d8e0
-2 (ENOENT)
OPENFILE
"/usr/local/lib/x86_64/libpthread.so.0"
SYSCALL
analyzed_bin
openat
108
AT_FDCWD, "/usr/local/lib/x86_64/libpthread.so.0", O_RDONLY|O_CLOEXEC
-2 (ENOENT)
SYSCALL
analyzed_bin
stat
108
"/usr/local/lib/x86_64", 0x7ffc7da0d8e0
-2 (ENOENT)
OPENFILE
"/usr/local/lib/x86_64/libpthread.so.0"
SYSCALL
analyzed_bin
openat
108
AT_FDCWD, "/usr/local/lib/x86_64/libpthread.so.0", O_RDONLY|O_CLOEXEC
-2 (ENOENT)
SYSCALL
analyzed_bin
stat
108
"/usr/local/lib/x86_64", 0x7ffc7da0d8e0
-2 (ENOENT)
OPENFILE
"/usr/local/lib/libpthread.so.0"
SYSCALL
analyzed_bin
openat
108
AT_FDCWD, "/usr/local/lib/libpthread.so.0", O_RDONLY|O_CLOEXEC
-2 (ENOENT)
SYSCALL
analyzed_bin
stat
108
"/usr/local/lib", 0x7ffc7da0d8e0
-2 (ENOENT)
OPENFILE
"/etc/ld.so.cache"
SYSCALL
analyzed_bin
openat
108
AT_FDCWD, "/etc/ld.so.cache", O_RDONLY|O_CLOEXEC
-2 (ENOENT)
OPENFILE
"/lib64/tls/x86_64/x86_64/libpthread.so.0"
SYSCALL
analyzed_bin
openat
108
AT_FDCWD, "/lib64/tls/x86_64/x86_64/libpthread.so.0", O_RDONLY|O_CLOEXEC
-2 (ENOENT)
SYSCALL
analyzed_bin
stat
108
"/lib64/tls/x86_64/x86_64", 0x7ffc7da0d8e0
-2 (ENOENT)
OPENFILE
"/lib64/tls/x86_64/libpthread.so.0"
SYSCALL
analyzed_bin
openat
108
AT_FDCWD, "/lib64/tls/x86_64/libpthread.so.0", O_RDONLY|O_CLOEXEC
-2 (ENOENT)
SYSCALL
analyzed_bin
stat
108
"/lib64/tls/x86_64", 0x7ffc7da0d8e0
-2 (ENOENT)
OPENFILE
"/lib64/tls/x86_64/libpthread.so.0"
SYSCALL
analyzed_bin
openat
108
AT_FDCWD, "/lib64/tls/x86_64/libpthread.so.0", O_RDONLY|O_CLOEXEC
-2 (ENOENT)
SYSCALL
analyzed_bin
stat
108
"/lib64/tls/x86_64", 0x7ffc7da0d8e0
-2 (ENOENT)
OPENFILE
"/lib64/tls/libpthread.so.0"
SYSCALL
analyzed_bin
openat
108
AT_FDCWD, "/lib64/tls/libpthread.so.0", O_RDONLY|O_CLOEXEC
-2 (ENOENT)
SYSCALL
analyzed_bin
stat
108
"/lib64/tls", 0x7ffc7da0d8e0
-2 (ENOENT)
OPENFILE
"/lib64/x86_64/x86_64/libpthread.so.0"
SYSCALL
analyzed_bin
openat
108
AT_FDCWD, "/lib64/x86_64/x86_64/libpthread.so.0", O_RDONLY|O_CLOEXEC
-2 (ENOENT)
SYSCALL
analyzed_bin
stat
108
"/lib64/x86_64/x86_64", 0x7ffc7da0d8e0
-2 (ENOENT)
OPENFILE
"/lib64/x86_64/libpthread.so.0"
SYSCALL
analyzed_bin
openat
108
AT_FDCWD, "/lib64/x86_64/libpthread.so.0", O_RDONLY|O_CLOEXEC
-2 (ENOENT)
SYSCALL
analyzed_bin
stat
108
"/lib64/x86_64", 0x7ffc7da0d8e0
-2 (ENOENT)
OPENFILE
"/lib64/x86_64/libpthread.so.0"
SYSCALL
analyzed_bin
openat
108
AT_FDCWD, "/lib64/x86_64/libpthread.so.0", O_RDONLY|O_CLOEXEC
-2 (ENOENT)
SYSCALL
analyzed_bin
stat
108
"/lib64/x86_64", 0x7ffc7da0d8e0
-2 (ENOENT)
OPENFILE
"/lib64/libpthread.so.0"
SYSCALL
analyzed_bin
openat
108
AT_FDCWD, "/lib64/libpthread.so.0", O_RDONLY|O_CLOEXEC
3
SYSCALL
analyzed_bin
read
108
3, 0x7ffc7da0da48, 832
832
SYSCALL
analyzed_bin
fstat
108
3, 0x7ffc7da0d8e0
0
SYSCALL
analyzed_bin
mmap2
108
0x0, 8192, PROT_READ|PROT_WRITE, MAP_PRIVATE|MAP_ANONYMOUS, -1, 0
0x7fd30307b000
SYSCALL
analyzed_bin
mmap2
108
0x0, 2221216, PROT_READ|PROT_EXEC, MAP_PRIVATE|MAP_DENYWRITE, 3, 0
0x7fd302c38000
SYSCALL
analyzed_bin
mprotect
108
0x7fd302c52000, 2093056, PROT_NONE
0
SYSCALL
analyzed_bin
mmap2
108
0x7fd302e51000, 8192, PROT_READ|PROT_WRITE, MAP_PRIVATE|MAP_FIXED|MAP_DENYWRITE, 3, 102400
0x7fd302e51000
SYSCALL
analyzed_bin
mmap2
108
0x7fd302e53000, 13472, PROT_READ|PROT_WRITE, MAP_PRIVATE|MAP_FIXED|MAP_ANONYMOUS, -1, 0
0x7fd302e53000
SYSCALL
analyzed_bin
close
108
3
0
OPENFILE
"/lib64/libQt5Widgets.so.5"
SYSCALL
analyzed_bin
openat
108
AT_FDCWD, "/lib64/libQt5Widgets.so.5", O_RDONLY|O_CLOEXEC
-2 (ENOENT)
OPENFILE
"/usr/lib64/tls/x86_64/x86_64/libQt5Widgets.so.5"
SYSCALL
analyzed_bin
openat
108
AT_FDCWD, "/usr/lib64/tls/x86_64/x86_64/libQt5Widgets.so.5", O_RDONLY|O_CLOEXEC
-2 (ENOENT)
SYSCALL
analyzed_bin
stat
108
"/usr/lib64/tls/x86_64/x86_64", 0x7ffc7da0d8b0
-2 (ENOENT)
OPENFILE
"/usr/lib64/tls/x86_64/libQt5Widgets.so.5"
SYSCALL
analyzed_bin
openat
108
AT_FDCWD, "/usr/lib64/tls/x86_64/libQt5Widgets.so.5", O_RDONLY|O_CLOEXEC
-2 (ENOENT)
SYSCALL
analyzed_bin
stat
108
"/usr/lib64/tls/x86_64", 0x7ffc7da0d8b0
-2 (ENOENT)
OPENFILE
"/usr/lib64/tls/x86_64/libQt5Widgets.so.5"
SYSCALL
analyzed_bin
openat
108
AT_FDCWD, "/usr/lib64/tls/x86_64/libQt5Widgets.so.5", O_RDONLY|O_CLOEXEC
-2 (ENOENT)
SYSCALL
analyzed_bin
stat
108
"/usr/lib64/tls/x86_64", 0x7ffc7da0d8b0
-2 (ENOENT)
OPENFILE
"/usr/lib64/tls/libQt5Widgets.so.5"
SYSCALL
analyzed_bin
openat
108
AT_FDCWD, "/usr/lib64/tls/libQt5Widgets.so.5", O_RDONLY|O_CLOEXEC
-2 (ENOENT)
SYSCALL
analyzed_bin
stat
108
"/usr/lib64/tls", 0x7ffc7da0d8b0
-2 (ENOENT)
OPENFILE
"/usr/lib64/x86_64/x86_64/libQt5Widgets.so.5"
SYSCALL
analyzed_bin
openat
108
AT_FDCWD, "/usr/lib64/x86_64/x86_64/libQt5Widgets.so.5", O_RDONLY|O_CLOEXEC
-2 (ENOENT)
SYSCALL
analyzed_bin
stat
108
"/usr/lib64/x86_64/x86_64", 0x7ffc7da0d8b0
-2 (ENOENT)
OPENFILE
"/usr/lib64/x86_64/libQt5Widgets.so.5"
SYSCALL
analyzed_bin
openat
108
AT_FDCWD, "/usr/lib64/x86_64/libQt5Widgets.so.5", O_RDONLY|O_CLOEXEC
-2 (ENOENT)
SYSCALL
analyzed_bin
stat
108
"/usr/lib64/x86_64", 0x7ffc7da0d8b0
-2 (ENOENT)
OPENFILE
"/usr/lib64/x86_64/libQt5Widgets.so.5"
SYSCALL
analyzed_bin
openat
108
AT_FDCWD, "/usr/lib64/x86_64/libQt5Widgets.so.5", O_RDONLY|O_CLOEXEC
-2 (ENOENT)
SYSCALL
analyzed_bin
stat
108
"/usr/lib64/x86_64", 0x7ffc7da0d8b0
-2 (ENOENT)
OPENFILE
"/usr/lib64/libQt5Widgets.so.5"
SYSCALL
analyzed_bin
openat
108
AT_FDCWD, "/usr/lib64/libQt5Widgets.so.5", O_RDONLY|O_CLOEXEC
-2 (ENOENT)
SYSCALL
analyzed_bin
stat
108
"/usr/lib64", 0x7ffc7da0d8b0
0
SYSCALL
analyzed_bin
writev
108
2, 0x7ffc7da0d560, 10
136
SYSCALL
analyzed_bin
exit_group
108
127

