LISA
PROCESS
108:105
SYSCALL
analyzed_bin
execve
108

0
SYSCALL
analyzed_bin
brk
108
0x0
94121095065600
SYSCALL
analyzed_bin
access
108
"/etc/ld.so.preload", R_OK
-2 (ENOENT)
OPENFILE
"/etc/ld.so.cache"
SYSCALL
analyzed_bin
openat
108
AT_FDCWD, "/etc/ld.so.cache", O_RDONLY|O_CLOEXEC
-2 (ENOENT)
OPENFILE
"/lib64/tls/x86_64/x86_64/libpthread.so.0"
SYSCALL
analyzed_bin
openat
108
AT_FDCWD, "/lib64/tls/x86_64/x86_64/libpthread.so.0", O_RDONLY|O_CLOEXEC
-2 (ENOENT)
SYSCALL
analyzed_bin
stat
108
"/lib64/tls/x86_64/x86_64", 0x7ffd73611170
-2 (ENOENT)
OPENFILE
"/lib64/tls/x86_64/libpthread.so.0"
SYSCALL
analyzed_bin
openat
108
AT_FDCWD, "/lib64/tls/x86_64/libpthread.so.0", O_RDONLY|O_CLOEXEC
-2 (ENOENT)
SYSCALL
analyzed_bin
stat
108
"/lib64/tls/x86_64", 0x7ffd73611170
-2 (ENOENT)
OPENFILE
"/lib64/tls/x86_64/libpthread.so.0"
SYSCALL
analyzed_bin
openat
108
AT_FDCWD, "/lib64/tls/x86_64/libpthread.so.0", O_RDONLY|O_CLOEXEC
-2 (ENOENT)
SYSCALL
analyzed_bin
stat
108
"/lib64/tls/x86_64", 0x7ffd73611170
-2 (ENOENT)
OPENFILE
"/lib64/tls/libpthread.so.0"
SYSCALL
analyzed_bin
openat
108
AT_FDCWD, "/lib64/tls/libpthread.so.0", O_RDONLY|O_CLOEXEC
-2 (ENOENT)
SYSCALL
analyzed_bin
stat
108
"/lib64/tls", 0x7ffd73611170
-2 (ENOENT)
OPENFILE
"/lib64/x86_64/x86_64/libpthread.so.0"
SYSCALL
analyzed_bin
openat
108
AT_FDCWD, "/lib64/x86_64/x86_64/libpthread.so.0", O_RDONLY|O_CLOEXEC
-2 (ENOENT)
SYSCALL
analyzed_bin
stat
108
"/lib64/x86_64/x86_64", 0x7ffd73611170
-2 (ENOENT)
OPENFILE
"/lib64/x86_64/libpthread.so.0"
SYSCALL
analyzed_bin
openat
108
AT_FDCWD, "/lib64/x86_64/libpthread.so.0", O_RDONLY|O_CLOEXEC
-2 (ENOENT)
SYSCALL
analyzed_bin
stat
108
"/lib64/x86_64", 0x7ffd73611170
-2 (ENOENT)
OPENFILE
"/lib64/x86_64/libpthread.so.0"
SYSCALL
analyzed_bin
openat
108
AT_FDCWD, "/lib64/x86_64/libpthread.so.0", O_RDONLY|O_CLOEXEC
-2 (ENOENT)
SYSCALL
analyzed_bin
stat
108
"/lib64/x86_64", 0x7ffd73611170
-2 (ENOENT)
OPENFILE
"/lib64/libpthread.so.0"
SYSCALL
analyzed_bin
openat
108
AT_FDCWD, "/lib64/libpthread.so.0", O_RDONLY|O_CLOEXEC
3
SYSCALL
analyzed_bin
read
108
3, 0x7ffd736112d8, 832
832
SYSCALL
analyzed_bin
fstat
108
3, 0x7ffd73611170
0
SYSCALL
analyzed_bin
mmap2
108
0x0, 8192, PROT_READ|PROT_WRITE, MAP_PRIVATE|MAP_ANONYMOUS, -1, 0
0x7f7676a2c000
SYSCALL
analyzed_bin
mmap2
108
0x0, 2221216, PROT_READ|PROT_EXEC, MAP_PRIVATE|MAP_DENYWRITE, 3, 0
0x7f76765e9000
SYSCALL
analyzed_bin
mprotect
108
0x7f7676603000, 2093056, PROT_NONE
0
SYSCALL
analyzed_bin
mmap2
108
0x7f7676802000, 8192, PROT_READ|PROT_WRITE, MAP_PRIVATE|MAP_FIXED|MAP_DENYWRITE, 3, 102400
0x7f7676802000
SYSCALL
analyzed_bin
mmap2
108
0x7f7676804000, 13472, PROT_READ|PROT_WRITE, MAP_PRIVATE|MAP_FIXED|MAP_ANONYMOUS, -1, 0
0x7f7676804000
SYSCALL
analyzed_bin
close
108
3
0
OPENFILE
"/lib64/librt.so.1"
SYSCALL
analyzed_bin
openat
108
AT_FDCWD, "/lib64/librt.so.1", O_RDONLY|O_CLOEXEC
3
SYSCALL
analyzed_bin
read
108
3, 0x7ffd736112a8, 832
832
SYSCALL
analyzed_bin
fstat
108
3, 0x7ffd73611140
0
SYSCALL
analyzed_bin
mmap2
108
0x0, 2128864, PROT_READ|PROT_EXEC, MAP_PRIVATE|MAP_DENYWRITE, 3, 0
0x7f76763e1000
SYSCALL
analyzed_bin
mprotect
108
0x7f76763e8000, 2093056, PROT_NONE
0
SYSCALL
analyzed_bin
mmap2
108
0x7f76765e7000, 8192, PROT_READ|PROT_WRITE, MAP_PRIVATE|MAP_FIXED|MAP_DENYWRITE, 3, 24576
0x7f76765e7000
SYSCALL
analyzed_bin
close
108
3
0
OPENFILE
"/lib64/libm.so.6"
SYSCALL
analyzed_bin
openat
108
AT_FDCWD, "/lib64/libm.so.6", O_RDONLY|O_CLOEXEC
3
SYSCALL
analyzed_bin
read
108
3, 0x7ffd73611278, 832
832
SYSCALL
analyzed_bin
fstat
108
3, 0x7ffd73611110
0
SYSCALL
analyzed_bin
mmap2
108
0x0, 3653968, PROT_READ|PROT_EXEC, MAP_PRIVATE|MAP_DENYWRITE, 3, 0
0x7f7676064000
SYSCALL
analyzed_bin
mprotect
108
0x7f76761e0000, 2093056, PROT_NONE
0
SYSCALL
analyzed_bin
mmap2
108
0x7f76763df000, 8192, PROT_READ|PROT_WRITE, MAP_PRIVATE|MAP_FIXED|MAP_DENYWRITE, 3, 1552384
0x7f76763df000
SYSCALL
analyzed_bin
close
108
3
0
OPENFILE
"/lib64/libgcc_s.so.1"
SYSCALL
analyzed_bin
openat
108
AT_FDCWD, "/lib64/libgcc_s.so.1", O_RDONLY|O_CLOEXEC
3
SYSCALL
analyzed_bin
read
108
3, 0x7ffd73611248, 832
832
SYSCALL
analyzed_bin
fstat
108
3, 0x7ffd736110e0
0
SYSCALL
analyzed_bin
mmap2
108
0x0, 2188296, PROT_READ|PROT_EXEC, MAP_PRIVATE|MAP_DENYWRITE, 3, 0
0x7f7675e4d000
SYSCALL
analyzed_bin
mprotect
108
0x7f7675e63000, 2093056, PROT_NONE
0
SYSCALL
analyzed_bin
mmap2
108
0x7f7676062000, 8192, PROT_READ|PROT_WRITE, MAP_PRIVATE|MAP_FIXED|MAP_DENYWRITE, 3, 86016
0x7f7676062000
SYSCALL
analyzed_bin
close
108
3
0
OPENFILE
"/lib64/libc.so.6"
SYSCALL
analyzed_bin
openat
108
AT_FDCWD, "/lib64/libc.so.6", O_RDONLY|O_CLOEXEC
3
SYSCALL
analyzed_bin
read
108
3, 0x7ffd73611218, 832
832
SYSCALL
analyzed_bin
fstat
108
3, 0x7ffd736110b0
0
SYSCALL
analyzed_bin
mmap2
108
0x0, 3885056, PROT_READ|PROT_EXEC, MAP_PRIVATE|MAP_DENYWRITE, 3, 0
0x7f7675a98000
SYSCALL
analyzed_bin
mprotect
108
0x7f7675c44000, 2093056, PROT_NONE
0
SYSCALL
analyzed_bin
mmap2
108
0x7f7675e43000, 24576, PROT_READ|PROT_WRITE, MAP_PRIVATE|MAP_FIXED|MAP_DENYWRITE, 3, 1748992
0x7f7675e43000
SYSCALL
analyzed_bin
mmap2
108
0x7f7675e49000, 14336, PROT_READ|PROT_WRITE, MAP_PRIVATE|MAP_FIXED|MAP_ANONYMOUS, -1, 0
0x7f7675e49000
SYSCALL
analyzed_bin
close
108
3
0
SYSCALL
analyzed_bin
mmap2
108
0x0, 8192, PROT_READ|PROT_WRITE, MAP_PRIVATE|MAP_ANONYMOUS, -1, 0
0x7f7676a2a000
SYSCALL
analyzed_bin
arch_prctl
108
ARCH_SET_FS, 140146773242368
0
SYSCALL
analyzed_bin
mprotect
108
0x7f7675e43000, 16384, PROT_READ
0
SYSCALL
analyzed_bin
mprotect
108
0x7f7676062000, 4096, PROT_READ
0
SYSCALL
analyzed_bin
mprotect
108
0x7f76763df000, 4096, PROT_READ
0
SYSCALL
analyzed_bin
mprotect
108
0x7f7676802000, 4096, PROT_READ
0
SYSCALL
analyzed_bin
mprotect
108
0x7f76765e7000, 4096, PROT_READ
0
SYSCALL
analyzed_bin
mprotect
108
0x559a466c9000, 126976, PROT_READ
0
SYSCALL
analyzed_bin
mprotect
108
0x7f7676a2e000, 4096, PROT_READ
0
SYSCALL
analyzed_bin
set_tid_address
108
0x7f7676a2b4d0
108
SYSCALL
analyzed_bin
set_robust_list
108
0x7f7676a2b4e0, 24
0
SYSCALL
analyzed_bin
rt_sigaction
108
0x20, {0x7f76765ef2e0, SA_SIGINFO|SA_RESTORER, 0x7f76765fafe0, [EMPTY]}, 0x0, 8
0
SYSCALL
analyzed_bin
rt_sigaction
108
0x21, {0x7f76765ef380, SA_RESTART|SA_SIGINFO|SA_RESTORER, 0x7f76765fafe0, [EMPTY]}, 0x0, 8
0
SYSCALL
analyzed_bin
rt_sigprocmask
108
SIG_UNBLOCK, [EMPTY], 0x0, 8
0
SYSCALL
analyzed_bin
prlimit64
108
0, RLIMIT_STACK, NULL, 0x7ffd73611e90
0
SYSCALL
analyzed_bin
futex
108
0x559a466fb8e4, FUTEX_WAKE_PRIVATE, 2147483647
0
SYSCALL
analyzed_bin
futex
108
0x559a466fb8f0, FUTEX_WAKE_PRIVATE, 2147483647
0
SYSCALL
analyzed_bin
brk
108
0x0
94121095065600
SYSCALL
analyzed_bin
brk
108
0x559a46720000
94121095200768
SYSCALL
analyzed_bin
futex
108
0x559a466f2144, FUTEX_WAKE_PRIVATE, 2147483647
0
SYSCALL
analyzed_bin
prlimit64
108
0, RLIMIT_MEMLOCK, NULL, 0x7ffd736118c0
0
SYSCALL
analyzed_bin
mmap2
108
0x0, 65536, PROT_READ|PROT_WRITE, MAP_PRIVATE|MAP_ANONYMOUS, -1, 0
0x7f7676a1a000
SYSCALL
analyzed_bin
mlock
108
0x7f7676a1a000, 65536
0
SYSCALL
analyzed_bin
madvise
108
0x7f7676a1a000, 65536, MADV_DONTDUMP
0
SYSCALL
analyzed_bin
getrandom
108
" ", 32, 0x0
-512
