LISA
PROCESS
108:105
SYSCALL
analyzed_bin
execve
108

0
SYSCALL
analyzed_bin
arch_prctl
108
ARCH_SET_FS, 139660989051256
0
SYSCALL
analyzed_bin
set_tid_address
108
0x7f055ba431b0
108
SYSCALL
analyzed_bin
brk
108
0x0
139660989054976
SYSCALL
analyzed_bin
brk
108
0x7f055ba45000
139660989059072
SYSCALL
analyzed_bin
brk
108
0x7f055ba57000
139660989132800
SYSCALL
analyzed_bin
brk
108
0x7f055ba58000
139660989136896
SYSCALL
analyzed_bin
brk
108
0x7f055ba59000
139660989140992
SYSCALL
analyzed_bin
brk
108
0x7f055ba5a000
139660989145088
SYSCALL
analyzed_bin
brk
108
0x7f055ba5b000
139660989149184
SYSCALL
analyzed_bin
brk
108
0x7f055ba5c000
139660989153280
SYSCALL
analyzed_bin
brk
108
0x7f055ba5d000
139660989157376
SYSCALL
analyzed_bin
brk
108
0x7f055ba5e000
139660989161472
SYSCALL
analyzed_bin
brk
108
0x7f055ba5f000
139660989165568
SYSCALL
analyzed_bin
brk
108
0x7f055ba60000
139660989169664
SYSCALL
analyzed_bin
brk
108
0x7f055ba61000
139660989173760
SYSCALL
analyzed_bin
brk
108
0x7f055ba62000
139660989177856
SYSCALL
analyzed_bin
brk
108
0x7f055ba63000
139660989181952
SYSCALL
analyzed_bin
brk
108
0x7f055ba64000
139660989186048
SYSCALL
analyzed_bin
brk
108
0x7f055ba65000
139660989190144
SYSCALL
analyzed_bin
brk
108
0x7f055ba66000
139660989194240
SYSCALL
analyzed_bin
brk
108
0x7f055ba67000
139660989198336
SYSCALL
analyzed_bin
brk
108
0x7f055ba69000
139660989206528
SYSCALL
analyzed_bin
brk
108
0x7f055ba6a000
139660989210624
SYSCALL
analyzed_bin
brk
108
0x7f055ba6b000
139660989214720
SYSCALL
analyzed_bin
brk
108
0x7f055ba6c000
139660989218816
SYSCALL
analyzed_bin
brk
108
0x7f055ba6d000
139660989222912
SYSCALL
analyzed_bin
brk
108
0x7f055ba6e000
139660989227008
SYSCALL
analyzed_bin
brk
108
0x7f055ba6f000
139660989231104
SYSCALL
analyzed_bin
brk
108
0x7f055ba70000
139660989235200
SYSCALL
analyzed_bin
brk
108
0x7f055ba73000
139660989247488
SYSCALL
analyzed_bin
brk
108
0x7f055ba74000
139660989251584
SYSCALL
analyzed_bin
brk
108
0x7f055ba75000
139660989255680
SYSCALL
analyzed_bin
brk
108
0x7f055ba76000
139660989259776
SYSCALL
analyzed_bin
brk
108
0x7f055ba77000
139660989263872
SYSCALL
analyzed_bin
brk
108
0x7f055ba78000
139660989267968
SYSCALL
analyzed_bin
brk
108
0x7f055ba79000
139660989272064
SYSCALL
analyzed_bin
brk
108
0x7f055ba7a000
139660989276160
SYSCALL
analyzed_bin
brk
108
0x7f055ba7b000
139660989280256
SYSCALL
analyzed_bin
brk
108
0x7f055ba7c000
139660989284352
SYSCALL
analyzed_bin
brk
108
0x7f055ba7d000
139660989288448
SYSCALL
analyzed_bin
brk
108
0x7f055ba7e000
139660989292544
SYSCALL
analyzed_bin
brk
108
0x7f055ba7f000
139660989296640
SYSCALL
analyzed_bin
brk
108
0x7f055ba80000
139660989300736
SYSCALL
analyzed_bin
brk
108
0x7f055ba81000
139660989304832
SYSCALL
analyzed_bin
brk
108
0x7f055ba86000
139660989325312
SYSCALL
analyzed_bin
brk
108
0x7f055ba87000
139660989329408
SYSCALL
analyzed_bin
brk
108
0x7f055ba88000
139660989333504
SYSCALL
analyzed_bin
getuid
108

0
SYSCALL
analyzed_bin
geteuid
108

0
SYSCALL
analyzed_bin
getgid
108

0
SYSCALL
analyzed_bin
getegid
108

0
OPENFILE
"/usr/local/ssl/openssl.cnf"
SYSCALL
analyzed_bin
open
108
"/usr/local/ssl/openssl.cnf", O_RDONLY
-2 (ENOENT)
SYSCALL
analyzed_bin
brk
108
0x7f055ba89000
139660989337600
SYSCALL
analyzed_bin
brk
108
0x7f055ba8a000
139660989341696
SYSCALL
analyzed_bin
brk
108
0x7f055ba8b000
139660989345792
SYSCALL
analyzed_bin
brk
108
0x7f055ba8c000
139660989349888
SYSCALL
analyzed_bin
brk
108
0x7f055ba8d000
139660989353984
SYSCALL
analyzed_bin
brk
108
0x7f055ba8e000
139660989358080
SYSCALL
analyzed_bin
brk
108
0x7f055ba8f000
139660989362176
SYSCALL
analyzed_bin
brk
108
0x7f055ba90000
139660989366272
SYSCALL
analyzed_bin
brk
108
0x7f055ba91000
139660989370368
SYSCALL
analyzed_bin
brk
108
0x7f055ba92000
139660989374464
SYSCALL
analyzed_bin
brk
108
0x7f055ba93000
139660989378560
SYSCALL
analyzed_bin
brk
108
0x7f055ba94000
139660989382656
SYSCALL
analyzed_bin
brk
108
0x7f055ba95000
139660989386752
OPENFILE
"config.txt"
SYSCALL
analyzed_bin
open
108
"config.txt", O_RDONLY
-2 (ENOENT)
OPENFILE
"pools.txt"
SYSCALL
analyzed_bin
open
108
"pools.txt", O_RDONLY
-2 (ENOENT)
SYSCALL
analyzed_bin
brk
108
0x7f055ba97000
139660989394944
SYSCALL
analyzed_bin
brk
108
0x7f055ba99000
139660989403136
SYSCALL
analyzed_bin
writev
108
1, 0x7ffc0c565d70, 2
32
SYSCALL
analyzed_bin
readv
108
0, 0x7ffc0c565d50, 2
0
SYSCALL
analyzed_bin
brk
108
0x7f055ba9b000
139660989411328
SYSCALL
analyzed_bin
brk
108
0x7f055ba9f000
139660989427712
SYSCALL
analyzed_bin
brk
108
0x7f055baa3000
139660989444096
OPENFILE
"config.txt"
SYSCALL
analyzed_bin
open
108
"config.txt", O_WRONLY|O_CREAT|O_TRUNC, 0666
3
SYSCALL
analyzed_bin
ioctl
108
3, 21523, 0x7ffc0c565bc8
-25 (ENOTTY)
SYSCALL
analyzed_bin
writev
108
3, 0x7ffc0c565b30, 2
6726
SYSCALL
analyzed_bin
close
108
3
0
SYSCALL
analyzed_bin
writev
108
1, 0x7ffc0c565e60, 2
42
SYSCALL
analyzed_bin
writev
108
1, 0x7ffc0c565af0, 2
14
SYSCALL
analyzed_bin
writev
108
1, 0x7ffc0c565b00, 2
52
SYSCALL
analyzed_bin
writev
108
1, 0x7ffc0c565b00, 2
98
SYSCALL
analyzed_bin
writev
108
1, 0x7ffc0c565b00, 2
52
SYSCALL
analyzed_bin
writev
108
1, 0x7ffc0c565b00, 2
98
SYSCALL
analyzed_bin
writev
108
1, 0x7ffc0c565b00, 2
52
SYSCALL
analyzed_bin
writev
108
1, 0x7ffc0c565b00, 2
98
SYSCALL
analyzed_bin
writev
108
1, 0x7ffc0c565b00, 2
52
SYSCALL
analyzed_bin
writev
108
1, 0x7ffc0c565b00, 2
98
SYSCALL
analyzed_bin
writev
108
1, 0x7ffc0c565b00, 2
52
SYSCALL
analyzed_bin
writev
108
1, 0x7ffc0c565b00, 2
98
SYSCALL
analyzed_bin
writev
108
1, 0x7ffc0c565b00, 2
52
SYSCALL
analyzed_bin
writev
108
1, 0x7ffc0c565b00, 2
98
SYSCALL
analyzed_bin
writev
108
1, 0x7ffc0c565b00, 2
52
SYSCALL
analyzed_bin
writev
108
1, 0x7ffc0c565b00, 2
98
SYSCALL
analyzed_bin
writev
108
1, 0x7ffc0c565b00, 2
52
SYSCALL
analyzed_bin
writev
108
1, 0x7ffc0c565b00, 2
98
SYSCALL
analyzed_bin
writev
108
1, 0x7ffc0c565b00, 2
52
SYSCALL
analyzed_bin
writev
108
1, 0x7ffc0c565b00, 2
98
SYSCALL
analyzed_bin
writev
108
1, 0x7ffc0c565b00, 2
52
SYSCALL
analyzed_bin
writev
108
1, 0x7ffc0c565b00, 2
98
SYSCALL
analyzed_bin
writev
108
1, 0x7ffc0c565b00, 2
52
SYSCALL
analyzed_bin
writev
108
1, 0x7ffc0c565b00, 2
98
SYSCALL
analyzed_bin
writev
108
1, 0x7ffc0c565b00, 2
52
SYSCALL
analyzed_bin
writev
108
1, 0x7ffc0c565b00, 2
98
SYSCALL
analyzed_bin
writev
108
1, 0x7ffc0c565b00, 2
52
SYSCALL
analyzed_bin
writev
108
1, 0x7ffc0c565b00, 2
98
SYSCALL
analyzed_bin
writev
108
1, 0x7ffc0c565b00, 2
52
SYSCALL
analyzed_bin
writev
108
1, 0x7ffc0c565b00, 2
98
SYSCALL
analyzed_bin
writev
108
1, 0x7ffc0c565b00, 2
52
SYSCALL
analyzed_bin
writev
108
1, 0x7ffc0c565b00, 2
98
SYSCALL
analyzed_bin
writev
108
1, 0x7ffc0c565b00, 2
52
SYSCALL
analyzed_bin
writev
108
1, 0x7ffc0c565b00, 2
98
SYSCALL
analyzed_bin
writev
108
1, 0x7ffc0c565b00, 2
52
SYSCALL
analyzed_bin
writev
108
1, 0x7ffc0c565b00, 2
98
SYSCALL
analyzed_bin
writev
108
1, 0x7ffc0c565b00, 2
52
SYSCALL
analyzed_bin
writev
108
1, 0x7ffc0c565b00, 2
98
SYSCALL
analyzed_bin
writev
108
1, 0x7ffc0c565b00, 2
52
SYSCALL
analyzed_bin
writev
108
1, 0x7ffc0c565b00, 2
98
SYSCALL
analyzed_bin
writev
108
1, 0x7ffc0c565b00, 2
52
SYSCALL
analyzed_bin
writev
108
1, 0x7ffc0c565b00, 2
98
SYSCALL
analyzed_bin
writev
108
1, 0x7ffc0c565b00, 2
52
SYSCALL
analyzed_bin
writev
108
1, 0x7ffc0c565b00, 2
98
SYSCALL
analyzed_bin
writev
108
1, 0x7ffc0c565b00, 2
52
SYSCALL
analyzed_bin
writev
108
1, 0x7ffc0c565b00, 2
98
SYSCALL
analyzed_bin
writev
108
1, 0x7ffc0c565b00, 2
52
SYSCALL
analyzed_bin
writev
108
1, 0x7ffc0c565b00, 2
98
SYSCALL
analyzed_bin
writev
108
1, 0x7ffc0c565b00, 2
52
SYSCALL
analyzed_bin
writev
108
1, 0x7ffc0c565b00, 2
98
SYSCALL
analyzed_bin
writev
108
1, 0x7ffc0c565b00, 2
52
SYSCALL
analyzed_bin
writev
108
1, 0x7ffc0c565b00, 2
98
SYSCALL
analyzed_bin
writev
108
1, 0x7ffc0c565b00, 2
52
SYSCALL
analyzed_bin
writev
108
1, 0x7ffc0c565b00, 2
98
SYSCALL
analyzed_bin
writev
108
1, 0x7ffc0c565b00, 2
52
SYSCALL
analyzed_bin
writev
108
1, 0x7ffc0c565b00, 2
98
SYSCALL
analyzed_bin
writev
108
1, 0x7ffc0c565b00, 2
52
SYSCALL
analyzed_bin
writev
108
1, 0x7ffc0c565b00, 2
98
SYSCALL
analyzed_bin
writev
108
1, 0x7ffc0c565b00, 2
52
SYSCALL
analyzed_bin
writev
108
1, 0x7ffc0c565b00, 2
98
SYSCALL
analyzed_bin
writev
108
1, 0x7ffc0c565b00, 2
52
SYSCALL
analyzed_bin
writev
108
1, 0x7ffc0c565b00, 2
98
SYSCALL
analyzed_bin
writev
108
1, 0x7ffc0c565b00, 2
52
SYSCALL
analyzed_bin
writev
108
1, 0x7ffc0c565b00, 2
98
SYSCALL
analyzed_bin
writev
108
1, 0x7ffc0c565b00, 2
52
SYSCALL
analyzed_bin
writev
108
1, 0x7ffc0c565b00, 2
98
SYSCALL
analyzed_bin
writev
108
1, 0x7ffc0c565b00, 2
52
SYSCALL
analyzed_bin
writev
108
1, 0x7ffc0c565b00, 2
98
SYSCALL
analyzed_bin
writev
108
1, 0x7ffc0c565b00, 2
52
SYSCALL
analyzed_bin
writev
108
1, 0x7ffc0c565b00, 2
98
SYSCALL
analyzed_bin
writev
108
1, 0x7ffc0c565b00, 2
52
SYSCALL
analyzed_bin
writev
108
1, 0x7ffc0c565b00, 2
98
SYSCALL
analyzed_bin
writev
108
1, 0x7ffc0c565b00, 2
52
SYSCALL
analyzed_bin
writev
108
1, 0x7ffc0c565b00, 2
98
SYSCALL
analyzed_bin
writev
108
1, 0x7ffc0c565b00, 2
52
SYSCALL
analyzed_bin
writev
108
1, 0x7ffc0c565b00, 2
98
SYSCALL
analyzed_bin
writev
108
1, 0x7ffc0c565b00, 2
52
SYSCALL
analyzed_bin
writev
108
1, 0x7ffc0c565b00, 2
98
SYSCALL
analyzed_bin
writev
108
1, 0x7ffc0c565b00, 2
52
SYSCALL
analyzed_bin
writev
108
1, 0x7ffc0c565b00, 2
98
SYSCALL
analyzed_bin
writev
108
1, 0x7ffc0c565b00, 2
52
SYSCALL
analyzed_bin
writev
108
1, 0x7ffc0c565b00, 2
98
SYSCALL
analyzed_bin
writev
108
1, 0x7ffc0c565b00, 2
52
SYSCALL
analyzed_bin
writev
108
1, 0x7ffc0c565b00, 2
98
SYSCALL
analyzed_bin
writev
108
1, 0x7ffc0c565b00, 2
52
SYSCALL
analyzed_bin
writev
108
1, 0x7ffc0c565b00, 2
98
SYSCALL
analyzed_bin
writev
108
1, 0x7ffc0c565b00, 2
52
SYSCALL
analyzed_bin
writev
108
1, 0x7ffc0c565b00, 2
98
SYSCALL
analyzed_bin
writev
108
1, 0x7ffc0c565b00, 2
52
SYSCALL
analyzed_bin
writev
108
1, 0x7ffc0c565b00, 2
98
SYSCALL
analyzed_bin
writev
108
1, 0x7ffc0c565b00, 2
52
SYSCALL
analyzed_bin
writev
108
1, 0x7ffc0c565b00, 2
98
SYSCALL
analyzed_bin
writev
108
1, 0x7ffc0c565b00, 2
52
SYSCALL
analyzed_bin
writev
108
1, 0x7ffc0c565b00, 2
98
SYSCALL
analyzed_bin
writev
108
1, 0x7ffc0c565b00, 2
52
SYSCALL
analyzed_bin
writev
108
1, 0x7ffc0c565b00, 2
98
SYSCALL
analyzed_bin
writev
108
1, 0x7ffc0c565b00, 2
52
SYSCALL
analyzed_bin
writev
108
1, 0x7ffc0c565b00, 2
98
SYSCALL
analyzed_bin
writev
108
1, 0x7ffc0c565b00, 2
52
SYSCALL
analyzed_bin
writev
108
1, 0x7ffc0c565b00, 2
98
SYSCALL
analyzed_bin
writev
108
1, 0x7ffc0c565b00, 2
52
SYSCALL
analyzed_bin
writev
108
1, 0x7ffc0c565b00, 2
98
SYSCALL
analyzed_bin
writev
108
1, 0x7ffc0c565b00, 2
52
SYSCALL
analyzed_bin
writev
108
1, 0x7ffc0c565b00, 2
98
SYSCALL
analyzed_bin
writev
108
1, 0x7ffc0c565b00, 2
52
SYSCALL
analyzed_bin
writev
108
1, 0x7ffc0c565b00, 2
98
SYSCALL
analyzed_bin
writev
108
1, 0x7ffc0c565b00, 2
52
SYSCALL
analyzed_bin
writev
108
1, 0x7ffc0c565b00, 2
98
SYSCALL
analyzed_bin
writev
108
1, 0x7ffc0c565b00, 2
52
SYSCALL
analyzed_bin
writev
108
1, 0x7ffc0c565b00, 2
98
SYSCALL
analyzed_bin
writev
108
1, 0x7ffc0c565b00, 2
52
SYSCALL
analyzed_bin
writev
108
1, 0x7ffc0c565b00, 2
98
SYSCALL
analyzed_bin
writev
108
1, 0x7ffc0c565b00, 2
52
SYSCALL
analyzed_bin
writev
108
1, 0x7ffc0c565b00, 2
98
SYSCALL
analyzed_bin
writev
108
1, 0x7ffc0c565b00, 2
52
SYSCALL
analyzed_bin
writev
108
1, 0x7ffc0c565b00, 2
98
SYSCALL
analyzed_bin
writev
108
1, 0x7ffc0c565b00, 2
52
SYSCALL
analyzed_bin
writev
108
1, 0x7ffc0c565b00, 2
98
SYSCALL
analyzed_bin
writev
108
1, 0x7ffc0c565b00, 2
52
SYSCALL
analyzed_bin
writev
108
1, 0x7ffc0c565b00, 2
98
SYSCALL
analyzed_bin
writev
108
1, 0x7ffc0c565b00, 2
52
SYSCALL
analyzed_bin
writev
108
1, 0x7ffc0c565b00, 2
98
SYSCALL
analyzed_bin
writev
108
1, 0x7ffc0c565b00, 2
52
SYSCALL
analyzed_bin
writev
108
1, 0x7ffc0c565b00, 2
98
SYSCALL
analyzed_bin
writev
108
1, 0x7ffc0c565b00, 2
52
SYSCALL
analyzed_bin
writev
108
1, 0x7ffc0c565b00, 2
98
SYSCALL
analyzed_bin
writev
108
1, 0x7ffc0c565b00, 2
52
SYSCALL
analyzed_bin
writev
108
1, 0x7ffc0c565b00, 2
98
SYSCALL
analyzed_bin
writev
108
1, 0x7ffc0c565b00, 2
52
SYSCALL
analyzed_bin
writev
108
1, 0x7ffc0c565b00, 2
98
SYSCALL
analyzed_bin
writev
108
1, 0x7ffc0c565b00, 2
52
SYSCALL
analyzed_bin
writev
108
1, 0x7ffc0c565b00, 2
98
SYSCALL
analyzed_bin
writev
108
1, 0x7ffc0c565b00, 2
52
SYSCALL
analyzed_bin
writev
108
1, 0x7ffc0c565b00, 2
98
SYSCALL
analyzed_bin
writev
108
1, 0x7ffc0c565b00, 2
52
SYSCALL
analyzed_bin
writev
108
1, 0x7ffc0c565b00, 2
98
SYSCALL
analyzed_bin
writev
108
1, 0x7ffc0c565b00, 2
52
SYSCALL
analyzed_bin
writev
108
1, 0x7ffc0c565b00, 2
98
SYSCALL
analyzed_bin
writev
108
1, 0x7ffc0c565b00, 2
52
SYSCALL
analyzed_bin
writev
108
1, 0x7ffc0c565b00, 2
98
SYSCALL
analyzed_bin
writev
108
1, 0x7ffc0c565b00, 2
52
SYSCALL
analyzed_bin
writev
108
1, 0x7ffc0c565b00, 2
98
SYSCALL
analyzed_bin
writev
108
1, 0x7ffc0c565b00, 2
52
SYSCALL
analyzed_bin
writev
108
1, 0x7ffc0c565b00, 2
98
SYSCALL
analyzed_bin
writev
108
1, 0x7ffc0c565b00, 2
52
SYSCALL
analyzed_bin
writev
108
1, 0x7ffc0c565b00, 2
98
SYSCALL
analyzed_bin
writev
108
1, 0x7ffc0c565b00, 2
52
SYSCALL
analyzed_bin
writev
108
1, 0x7ffc0c565b00, 2
98
SYSCALL
analyzed_bin
writev
108
1, 0x7ffc0c565b00, 2
52
SYSCALL
analyzed_bin
writev
108
1, 0x7ffc0c565b00, 2
98
SYSCALL
analyzed_bin
writev
108
1, 0x7ffc0c565b00, 2
52
SYSCALL
analyzed_bin
writev
108
1, 0x7ffc0c565b00, 2
98
SYSCALL
analyzed_bin
writev
108
1, 0x7ffc0c565b00, 2
52
SYSCALL
analyzed_bin
writev
108
1, 0x7ffc0c565b00, 2
98
SYSCALL
analyzed_bin
writev
108
1, 0x7ffc0c565b00, 2
52
SYSCALL
analyzed_bin
writev
108
1, 0x7ffc0c565b00, 2
98
SYSCALL
analyzed_bin
writev
108
1, 0x7ffc0c565b00, 2
52
SYSCALL
analyzed_bin
writev
108
1, 0x7ffc0c565b00, 2
98
SYSCALL
analyzed_bin
writev
108
1, 0x7ffc0c565b00, 2
52
SYSCALL
analyzed_bin
writev
108
1, 0x7ffc0c565b00, 2
98
SYSCALL
analyzed_bin
writev
108
1, 0x7ffc0c565b00, 2
52
SYSCALL
analyzed_bin
writev
108
1, 0x7ffc0c565b00, 2
98
SYSCALL
analyzed_bin
writev
108
1, 0x7ffc0c565b00, 2
52
SYSCALL
analyzed_bin
writev
108
1, 0x7ffc0c565b00, 2
98
SYSCALL
analyzed_bin
writev
108
1, 0x7ffc0c565b00, 2
52
SYSCALL
analyzed_bin
writev
108
1, 0x7ffc0c565b00, 2
98
SYSCALL
analyzed_bin
writev
108
1, 0x7ffc0c565b00, 2
52
SYSCALL
analyzed_bin
writev
108
1, 0x7ffc0c565b00, 2
98
SYSCALL
analyzed_bin
writev
108
1, 0x7ffc0c565b00, 2
52
SYSCALL
analyzed_bin
writev
108
1, 0x7ffc0c565b00, 2
98
SYSCALL
analyzed_bin
writev
108
1, 0x7ffc0c565b00, 2
52
SYSCALL
analyzed_bin
writev
108
1, 0x7ffc0c565b00, 2
98
SYSCALL
analyzed_bin
writev
108
1, 0x7ffc0c565b00, 2
52
SYSCALL
analyzed_bin
writev
108
1, 0x7ffc0c565b00, 2
98
SYSCALL
analyzed_bin
writev
108
1, 0x7ffc0c565b00, 2
52
SYSCALL
analyzed_bin
writev
108
1, 0x7ffc0c565b00, 2
98
SYSCALL
analyzed_bin
writev
108
1, 0x7ffc0c565b00, 2
52
SYSCALL
analyzed_bin
writev
108
1, 0x7ffc0c565b00, 2
98
SYSCALL
analyzed_bin
writev
108
1, 0x7ffc0c565b00, 2
52
SYSCALL
analyzed_bin
writev
108
1, 0x7ffc0c565b00, 2
98
SYSCALL
analyzed_bin
writev
108
1, 0x7ffc0c565b00, 2
52
SYSCALL
analyzed_bin
writev
108
1, 0x7ffc0c565b00, 2
98
SYSCALL
analyzed_bin
writev
108
1, 0x7ffc0c565b00, 2
52
SYSCALL
analyzed_bin
writev
108
1, 0x7ffc0c565b00, 2
98
SYSCALL
analyzed_bin
writev
108
1, 0x7ffc0c565b00, 2
52
SYSCALL
analyzed_bin
writev
108
1, 0x7ffc0c565b00, 2
98
SYSCALL
analyzed_bin
writev
108
1, 0x7ffc0c565b00, 2
52
SYSCALL
analyzed_bin
writev
108
1, 0x7ffc0c565b00, 2
98
SYSCALL
analyzed_bin
writev
108
1, 0x7ffc0c565b00, 2
52
SYSCALL
analyzed_bin
writev
108
1, 0x7ffc0c565b00, 2
98
SYSCALL
analyzed_bin
writev
108
1, 0x7ffc0c565b00, 2
52
SYSCALL
analyzed_bin
writev
108
1, 0x7ffc0c565b00, 2
98
SYSCALL
analyzed_bin
writev
108
1, 0x7ffc0c565b00, 2
52
SYSCALL
analyzed_bin
writev
108
1, 0x7ffc0c565b00, 2
98
SYSCALL
analyzed_bin
writev
108
1, 0x7ffc0c565b00, 2
52
SYSCALL
analyzed_bin
writev
108
1, 0x7ffc0c565b00, 2
98
SYSCALL
analyzed_bin
writev
108
1, 0x7ffc0c565b00, 2
52
SYSCALL
analyzed_bin
writev
108
1, 0x7ffc0c565b00, 2
98
SYSCALL
analyzed_bin
writev
108
1, 0x7ffc0c565b00, 2
52
SYSCALL
analyzed_bin
writev
108
1, 0x7ffc0c565b00, 2
98
SYSCALL
analyzed_bin
writev
108
1, 0x7ffc0c565b00, 2
52
SYSCALL
analyzed_bin
writev
108
1, 0x7ffc0c565b00, 2
98
SYSCALL
analyzed_bin
writev
108
1, 0x7ffc0c565b00, 2
52
SYSCALL
analyzed_bin
writev
108
1, 0x7ffc0c565b00, 2
98
SYSCALL
analyzed_bin
writev
108
1, 0x7ffc0c565b00, 2
52
SYSCALL
analyzed_bin
writev
108
1, 0x7ffc0c565b00, 2
98
SYSCALL
analyzed_bin
writev
108
1, 0x7ffc0c565b00, 2
52
SYSCALL
analyzed_bin
writev
108
1, 0x7ffc0c565b00, 2
98
SYSCALL
analyzed_bin
writev
108
1, 0x7ffc0c565b00, 2
52
SYSCALL
analyzed_bin
writev
108
1, 0x7ffc0c565b00, 2
98
SYSCALL
analyzed_bin
writev
108
1, 0x7ffc0c565b00, 2
52
SYSCALL
analyzed_bin
writev
108
1, 0x7ffc0c565b00, 2
98
SYSCALL
analyzed_bin
writev
108
1, 0x7ffc0c565b00, 2
52
SYSCALL
analyzed_bin
writev
108
1, 0x7ffc0c565b00, 2
98
SYSCALL
analyzed_bin
writev
108
1, 0x7ffc0c565b00, 2
52
SYSCALL
analyzed_bin
writev
108
1, 0x7ffc0c565b00, 2
98
SYSCALL
analyzed_bin
writev
108
1, 0x7ffc0c565b00, 2
52
SYSCALL
analyzed_bin
writev
108
1, 0x7ffc0c565b00, 2
98
SYSCALL
analyzed_bin
writev
108
1, 0x7ffc0c565b00, 2
52
SYSCALL
analyzed_bin
writev
108
1, 0x7ffc0c565b00, 2
98
SYSCALL
analyzed_bin
writev
108
1, 0x7ffc0c565b00, 2
52
SYSCALL
analyzed_bin
writev
108
1, 0x7ffc0c565b00, 2
98
SYSCALL
analyzed_bin
writev
108
1, 0x7ffc0c565b00, 2
52
SYSCALL
analyzed_bin
writev
108
1, 0x7ffc0c565b00, 2
98
SYSCALL
analyzed_bin
writev
108
1, 0x7ffc0c565b00, 2
52
SYSCALL
analyzed_bin
writev
108
1, 0x7ffc0c565b00, 2
98
SYSCALL
analyzed_bin
writev
108
1, 0x7ffc0c565b00, 2
52
SYSCALL
analyzed_bin
writev
108
1, 0x7ffc0c565b00, 2
98
SYSCALL
analyzed_bin
writev
108
1, 0x7ffc0c565b00, 2
52
SYSCALL
analyzed_bin
writev
108
1, 0x7ffc0c565b00, 2
98
SYSCALL
analyzed_bin
writev
108
1, 0x7ffc0c565b00, 2
52
SYSCALL
analyzed_bin
writev
108
1, 0x7ffc0c565b00, 2
98
SYSCALL
analyzed_bin
writev
108
1, 0x7ffc0c565b00, 2
52
SYSCALL
analyzed_bin
writev
108
1, 0x7ffc0c565b00, 2
98
SYSCALL
analyzed_bin
writev
108
1, 0x7ffc0c565b00, 2
52
SYSCALL
analyzed_bin
writev
108
1, 0x7ffc0c565b00, 2
98
SYSCALL
analyzed_bin
writev
108
1, 0x7ffc0c565b00, 2
52
SYSCALL
analyzed_bin
writev
108
1, 0x7ffc0c565b00, 2
98
SYSCALL
analyzed_bin
writev
108
1, 0x7ffc0c565b00, 2
52
SYSCALL
analyzed_bin
writev
108
1, 0x7ffc0c565b00, 2
98
SYSCALL
analyzed_bin
writev
108
1, 0x7ffc0c565b00, 2
52
SYSCALL
analyzed_bin
writev
108
1, 0x7ffc0c565b00, 2
98
SYSCALL
analyzed_bin
writev
108
1, 0x7ffc0c565b00, 2
52
SYSCALL
analyzed_bin
writev
108
1, 0x7ffc0c565b00, 2
98
SYSCALL
analyzed_bin
writev
108
1, 0x7ffc0c565b00, 2
52
SYSCALL
analyzed_bin
writev
108
1, 0x7ffc0c565b00, 2
98
SYSCALL
analyzed_bin
writev
108
1, 0x7ffc0c565b00, 2
52
SYSCALL
analyzed_bin
writev
108
1, 0x7ffc0c565b00, 2
98
SYSCALL
analyzed_bin
writev
108
1, 0x7ffc0c565b00, 2
52
SYSCALL
analyzed_bin
writev
108
1, 0x7ffc0c565b00, 2
98
SYSCALL
analyzed_bin
writev
108
1, 0x7ffc0c565b00, 2
52
SYSCALL
analyzed_bin
writev
108
1, 0x7ffc0c565b00, 2
98
SYSCALL
analyzed_bin
writev
108
1, 0x7ffc0c565b00, 2
52
SYSCALL
analyzed_bin
writev
108
1, 0x7ffc0c565b00, 2
98
SYSCALL
analyzed_bin
writev
108
1, 0x7ffc0c565b00, 2
52
SYSCALL
analyzed_bin
writev
108
1, 0x7ffc0c565b00, 2
98
SYSCALL
analyzed_bin
writev
108
1, 0x7ffc0c565b00, 2
52
SYSCALL
analyzed_bin
writev
108
1, 0x7ffc0c565b00, 2
98
SYSCALL
analyzed_bin
writev
108
1, 0x7ffc0c565b00, 2
52
SYSCALL
analyzed_bin
writev
108
1, 0x7ffc0c565b00, 2
98
SYSCALL
analyzed_bin
writev
108
1, 0x7ffc0c565b00, 2
52
SYSCALL
analyzed_bin
writev
108
1, 0x7ffc0c565b00, 2
98
SYSCALL
analyzed_bin
writev
108
1, 0x7ffc0c565b00, 2
52
SYSCALL
analyzed_bin
writev
108
1, 0x7ffc0c565b00, 2
98
SYSCALL
analyzed_bin
writev
108
1, 0x7ffc0c565b00, 2
52
SYSCALL
analyzed_bin
writev
108
1, 0x7ffc0c565b00, 2
98
SYSCALL
analyzed_bin
writev
108
1, 0x7ffc0c565b00, 2
52
SYSCALL
analyzed_bin
writev
108
1, 0x7ffc0c565b00, 2
98
SYSCALL
analyzed_bin
writev
108
1, 0x7ffc0c565b00, 2
52
SYSCALL
analyzed_bin
writev
108
1, 0x7ffc0c565b00, 2
98
SYSCALL
analyzed_bin
writev
108
1, 0x7ffc0c565b00, 2
52
SYSCALL
analyzed_bin
writev
108
1, 0x7ffc0c565b00, 2
98
SYSCALL
analyzed_bin
writev
108
1, 0x7ffc0c565b00, 2
52
SYSCALL
analyzed_bin
writev
108
1, 0x7ffc0c565b00, 2
98
SYSCALL
analyzed_bin
writev
108
1, 0x7ffc0c565b00, 2
52
SYSCALL
analyzed_bin
writev
108
1, 0x7ffc0c565b00, 2
98
SYSCALL
analyzed_bin
writev
108
1, 0x7ffc0c565b00, 2
52
SYSCALL
analyzed_bin
writev
108
1, 0x7ffc0c565b00, 2
98
SYSCALL
analyzed_bin
writev
108
1, 0x7ffc0c565b00, 2
52
SYSCALL
analyzed_bin
writev
108
1, 0x7ffc0c565b00, 2
98
SYSCALL
analyzed_bin
writev
108
1, 0x7ffc0c565b00, 2
52
SYSCALL
analyzed_bin
writev
108
1, 0x7ffc0c565b00, 2
98
SYSCALL
analyzed_bin
writev
108
1, 0x7ffc0c565b00, 2
52
SYSCALL
analyzed_bin
writev
108
1, 0x7ffc0c565b00, 2
98
SYSCALL
analyzed_bin
writev
108
1, 0x7ffc0c565b00, 2
52
SYSCALL
analyzed_bin
writev
108
1, 0x7ffc0c565b00, 2
98
SYSCALL
analyzed_bin
writev
108
1, 0x7ffc0c565b00, 2
52
SYSCALL
analyzed_bin
writev
108
1, 0x7ffc0c565b00, 2
98
SYSCALL
analyzed_bin
writev
108
1, 0x7ffc0c565b00, 2
52
SYSCALL
analyzed_bin
writev
108
1, 0x7ffc0c565b00, 2
98
SYSCALL
analyzed_bin
writev
108
1, 0x7ffc0c565b00, 2
52
SYSCALL
analyzed_bin
writev
108
1, 0x7ffc0c565b00, 2
98
SYSCALL
analyzed_bin
writev
108
1, 0x7ffc0c565b00, 2
52
SYSCALL
analyzed_bin
writev
108
1, 0x7ffc0c565b00, 2
98
SYSCALL
analyzed_bin
writev
108
1, 0x7ffc0c565b00, 2
52
SYSCALL
analyzed_bin
writev
108
1, 0x7ffc0c565b00, 2
98
SYSCALL
analyzed_bin
writev
108
1, 0x7ffc0c565b00, 2
52
SYSCALL
analyzed_bin
writev
108
1, 0x7ffc0c565b00, 2
98
SYSCALL
analyzed_bin
writev
108
1, 0x7ffc0c565b00, 2
52
SYSCALL
analyzed_bin
writev
108
1, 0x7ffc0c565b00, 2
98
SYSCALL
analyzed_bin
writev
108
1, 0x7ffc0c565b00, 2
52
SYSCALL
analyzed_bin
writev
108
1, 0x7ffc0c565b00, 2
98
SYSCALL
analyzed_bin
writev
108
1, 0x7ffc0c565b00, 2
52
SYSCALL
analyzed_bin
writev
108
1, 0x7ffc0c565b00, 2
98
SYSCALL
analyzed_bin
writev
108
1, 0x7ffc0c565b00, 2
52
SYSCALL
analyzed_bin
writev
108
1, 0x7ffc0c565b00, 2
98
SYSCALL
analyzed_bin
writev
108
1, 0x7ffc0c565b00, 2
52
SYSCALL
analyzed_bin
writev
108
1, 0x7ffc0c565b00, 2
98
SYSCALL
analyzed_bin
writev
108
1, 0x7ffc0c565b00, 2
52
SYSCALL
analyzed_bin
writev
108
1, 0x7ffc0c565b00, 2
98
SYSCALL
analyzed_bin
writev
108
1, 0x7ffc0c565b00, 2
52
SYSCALL
analyzed_bin
writev
108
1, 0x7ffc0c565b00, 2
98
SYSCALL
analyzed_bin
writev
108
1, 0x7ffc0c565b00, 2
52
SYSCALL
analyzed_bin
writev
108
1, 0x7ffc0c565b00, 2
98
SYSCALL
analyzed_bin
writev
108
1, 0x7ffc0c565b00, 2
52
SYSCALL
analyzed_bin
writev
108
1, 0x7ffc0c565b00, 2
98
SYSCALL
analyzed_bin
writev
108
1, 0x7ffc0c565b00, 2
52
SYSCALL
analyzed_bin
writev
108
1, 0x7ffc0c565b00, 2
98
SYSCALL
analyzed_bin
writev
108
1, 0x7ffc0c565b00, 2
52
SYSCALL
analyzed_bin
writev
108
1, 0x7ffc0c565b00, 2
98
SYSCALL
analyzed_bin
writev
108
1, 0x7ffc0c565b00, 2
52
SYSCALL
analyzed_bin
writev
108
1, 0x7ffc0c565b00, 2
98
SYSCALL
analyzed_bin
writev
108
1, 0x7ffc0c565b00, 2
52
SYSCALL
analyzed_bin
writev
108
1, 0x7ffc0c565b00, 2
98
SYSCALL
analyzed_bin
writev
108
1, 0x7ffc0c565b00, 2
52
SYSCALL
analyzed_bin
writev
108
1, 0x7ffc0c565b00, 2
98
SYSCALL
analyzed_bin
writev
108
1, 0x7ffc0c565b00, 2
52
SYSCALL
analyzed_bin
writev
108
1, 0x7ffc0c565b00, 2
98
SYSCALL
analyzed_bin
writev
108
1, 0x7ffc0c565b00, 2
52
SYSCALL
analyzed_bin
writev
108
1, 0x7ffc0c565b00, 2
98
SYSCALL
analyzed_bin
writev
108
1, 0x7ffc0c565b00, 2
52
SYSCALL
analyzed_bin
writev
108
1, 0x7ffc0c565b00, 2
98
SYSCALL
analyzed_bin
writev
108
1, 0x7ffc0c565b00, 2
52
SYSCALL
analyzed_bin
writev
108
1, 0x7ffc0c565b00, 2
98
SYSCALL
analyzed_bin
writev
108
1, 0x7ffc0c565b00, 2
52
SYSCALL
analyzed_bin
writev
108
1, 0x7ffc0c565b00, 2
98
SYSCALL
analyzed_bin
writev
108
1, 0x7ffc0c565b00, 2
52
SYSCALL
analyzed_bin
writev
108
1, 0x7ffc0c565b00, 2
98
SYSCALL
analyzed_bin
writev
108
1, 0x7ffc0c565b00, 2
52
SYSCALL
analyzed_bin
writev
108
1, 0x7ffc0c565b00, 2
98
SYSCALL
analyzed_bin
writev
108
1, 0x7ffc0c565b00, 2
52
SYSCALL
analyzed_bin
writev
108
1, 0x7ffc0c565b00, 2
98
SYSCALL
analyzed_bin
writev
108
1, 0x7ffc0c565b00, 2
52
SYSCALL
analyzed_bin
writev
108
1, 0x7ffc0c565b00, 2
98
SYSCALL
analyzed_bin
writev
108
1, 0x7ffc0c565b00, 2
52
SYSCALL
analyzed_bin
writev
108
1, 0x7ffc0c565b00, 2
98
SYSCALL
analyzed_bin
writev
108
1, 0x7ffc0c565b00, 2
52
SYSCALL
analyzed_bin
writev
108
1, 0x7ffc0c565b00, 2
98
SYSCALL
analyzed_bin
writev
108
1, 0x7ffc0c565b00, 2
52
SYSCALL
analyzed_bin
writev
108
1, 0x7ffc0c565b00, 2
98
SYSCALL
analyzed_bin
writev
108
1, 0x7ffc0c565b00, 2
52
SYSCALL
analyzed_bin
writev
108
1, 0x7ffc0c565b00, 2
98
SYSCALL
analyzed_bin
writev
108
1, 0x7ffc0c565b00, 2
52
SYSCALL
analyzed_bin
writev
108
1, 0x7ffc0c565b00, 2
98
SYSCALL
analyzed_bin
writev
108
1, 0x7ffc0c565b00, 2
52
SYSCALL
analyzed_bin
writev
108
1, 0x7ffc0c565b00, 2
98
SYSCALL
analyzed_bin
writev
108
1, 0x7ffc0c565b00, 2
52
SYSCALL
analyzed_bin
writev
108
1, 0x7ffc0c565b00, 2
98
SYSCALL
analyzed_bin
writev
108
1, 0x7ffc0c565b00, 2
52
SYSCALL
analyzed_bin
writev
108
1, 0x7ffc0c565b00, 2
98
SYSCALL
analyzed_bin
writev
108
1, 0x7ffc0c565b00, 2
52
SYSCALL
analyzed_bin
writev
108
1, 0x7ffc0c565b00, 2
98
SYSCALL
analyzed_bin
writev
108
1, 0x7ffc0c565b00, 2
52
SYSCALL
analyzed_bin
writev
108
1, 0x7ffc0c565b00, 2
98
SYSCALL
analyzed_bin
writev
108
1, 0x7ffc0c565b00, 2
52
SYSCALL
analyzed_bin
writev
108
1, 0x7ffc0c565b00, 2
98
SYSCALL
analyzed_bin
writev
108
1, 0x7ffc0c565b00, 2
52
SYSCALL
analyzed_bin
writev
108
1, 0x7ffc0c565b00, 2
98
SYSCALL
analyzed_bin
writev
108
1, 0x7ffc0c565b00, 2
52
SYSCALL
analyzed_bin
writev
108
1, 0x7ffc0c565b00, 2
98
SYSCALL
analyzed_bin
writev
108
1, 0x7ffc0c565b00, 2
52
SYSCALL
analyzed_bin
writev
108
1, 0x7ffc0c565b00, 2
98
SYSCALL
analyzed_bin
writev
108
1, 0x7ffc0c565b00, 2
52
SYSCALL
analyzed_bin
writev
108
1, 0x7ffc0c565b00, 2
98
SYSCALL
analyzed_bin
writev
108
1, 0x7ffc0c565b00, 2
52
SYSCALL
analyzed_bin
writev
108
1, 0x7ffc0c565b00, 2
98
SYSCALL
analyzed_bin
writev
108
1, 0x7ffc0c565b00, 2
52
SYSCALL
analyzed_bin
writev
108
1, 0x7ffc0c565b00, 2
98
SYSCALL
analyzed_bin
writev
108
1, 0x7ffc0c565b00, 2
52
SYSCALL
analyzed_bin
writev
108
1, 0x7ffc0c565b00, 2
98
SYSCALL
analyzed_bin
writev
108
1, 0x7ffc0c565b00, 2
52
SYSCALL
analyzed_bin
writev
108
1, 0x7ffc0c565b00, 2
98
SYSCALL
analyzed_bin
writev
108
1, 0x7ffc0c565b00, 2
52
SYSCALL
analyzed_bin
writev
108
1, 0x7ffc0c565b00, 2
98
SYSCALL
analyzed_bin
writev
108
1, 0x7ffc0c565b00, 2
52
SYSCALL
analyzed_bin
writev
108
1, 0x7ffc0c565b00, 2
98
SYSCALL
analyzed_bin
writev
108
1, 0x7ffc0c565b00, 2
52
SYSCALL
analyzed_bin
writev
108
1, 0x7ffc0c565b00, 2
98
SYSCALL
analyzed_bin
writev
108
1, 0x7ffc0c565b00, 2
52
SYSCALL
analyzed_bin
writev
108
1, 0x7ffc0c565b00, 2
98
SYSCALL
analyzed_bin
writev
108
1, 0x7ffc0c565b00, 2
52
SYSCALL
analyzed_bin
writev
108
1, 0x7ffc0c565b00, 2
98
SYSCALL
analyzed_bin
writev
108
1, 0x7ffc0c565b00, 2
52
SYSCALL
analyzed_bin
writev
108
1, 0x7ffc0c565b00, 2
98
SYSCALL
analyzed_bin
writev
108
1, 0x7ffc0c565b00, 2
52
SYSCALL
analyzed_bin
writev
108
1, 0x7ffc0c565b00, 2
98
SYSCALL
analyzed_bin
writev
108
1, 0x7ffc0c565b00, 2
52
SYSCALL
analyzed_bin
writev
108
1, 0x7ffc0c565b00, 2
98
SYSCALL
analyzed_bin
writev
108
1, 0x7ffc0c565b00, 2
52
SYSCALL
analyzed_bin
writev
108
1, 0x7ffc0c565b00, 2
98
SYSCALL
analyzed_bin
writev
108
1, 0x7ffc0c565b00, 2
52
SYSCALL
analyzed_bin
writev
108
1, 0x7ffc0c565b00, 2
98
SYSCALL
analyzed_bin
writev
108
1, 0x7ffc0c565b00, 2
52
SYSCALL
analyzed_bin
writev
108
1, 0x7ffc0c565b00, 2
98
SYSCALL
analyzed_bin
writev
108
1, 0x7ffc0c565b00, 2
52
SYSCALL
analyzed_bin
writev
108
1, 0x7ffc0c565b00, 2
98
SYSCALL
analyzed_bin
writev
108
1, 0x7ffc0c565b00, 2
52
SYSCALL
analyzed_bin
writev
108
1, 0x7ffc0c565b00, 2
98
SYSCALL
analyzed_bin
writev
108
1, 0x7ffc0c565b00, 2
52
SYSCALL
analyzed_bin
writev
108
1, 0x7ffc0c565b00, 2
98
SYSCALL
analyzed_bin
writev
108
1, 0x7ffc0c565b00, 2
52
SYSCALL
analyzed_bin
writev
108
1, 0x7ffc0c565b00, 2
98
SYSCALL
analyzed_bin
writev
108
1, 0x7ffc0c565b00, 2
52
SYSCALL
analyzed_bin
writev
108
1, 0x7ffc0c565b00, 2
98
SYSCALL
analyzed_bin
writev
108
1, 0x7ffc0c565b00, 2
52
SYSCALL
analyzed_bin
writev
108
1, 0x7ffc0c565b00, 2
98
SYSCALL
analyzed_bin
writev
108
1, 0x7ffc0c565b00, 2
52
SYSCALL
analyzed_bin
writev
108
1, 0x7ffc0c565b00, 2
98
SYSCALL
analyzed_bin
writev
108
1, 0x7ffc0c565b00, 2
52
SYSCALL
analyzed_bin
writev
108
1, 0x7ffc0c565b00, 2
98
SYSCALL
analyzed_bin
writev
108
1, 0x7ffc0c565b00, 2
52
SYSCALL
analyzed_bin
writev
108
1, 0x7ffc0c565b00, 2
98
SYSCALL
analyzed_bin
writev
108
1, 0x7ffc0c565b00, 2
52
SYSCALL
analyzed_bin
writev
108
1, 0x7ffc0c565b00, 2
98
SYSCALL
analyzed_bin
writev
108
1, 0x7ffc0c565b00, 2
52
SYSCALL
analyzed_bin
writev
108
1, 0x7ffc0c565b00, 2
98
SYSCALL
analyzed_bin
writev
108
1, 0x7ffc0c565b00, 2
52
SYSCALL
analyzed_bin
writev
108
1, 0x7ffc0c565b00, 2
98
SYSCALL
analyzed_bin
writev
108
1, 0x7ffc0c565b00, 2
52
SYSCALL
analyzed_bin
writev
108
1, 0x7ffc0c565b00, 2
98
SYSCALL
analyzed_bin
writev
108
1, 0x7ffc0c565b00, 2
52
SYSCALL
analyzed_bin
writev
108
1, 0x7ffc0c565b00, 2
98
SYSCALL
analyzed_bin
writev
108
1, 0x7ffc0c565b00, 2
52
SYSCALL
analyzed_bin
writev
108
1, 0x7ffc0c565b00, 2
98
SYSCALL
analyzed_bin
writev
108
1, 0x7ffc0c565b00, 2
52
SYSCALL
analyzed_bin
writev
108
1, 0x7ffc0c565b00, 2
98
SYSCALL
analyzed_bin
writev
108
1, 0x7ffc0c565b00, 2
52
SYSCALL
analyzed_bin
writev
108
1, 0x7ffc0c565b00, 2
98
SYSCALL
analyzed_bin
writev
108
1, 0x7ffc0c565b00, 2
52
SYSCALL
analyzed_bin
writev
108
1, 0x7ffc0c565b00, 2
98
SYSCALL
analyzed_bin
writev
108
1, 0x7ffc0c565b00, 2
52
SYSCALL
analyzed_bin
writev
108
1, 0x7ffc0c565b00, 2
98
SYSCALL
analyzed_bin
writev
108
1, 0x7ffc0c565b00, 2
52
SYSCALL
analyzed_bin
writev
108
1, 0x7ffc0c565b00, 2
98
SYSCALL
analyzed_bin
writev
108
1, 0x7ffc0c565b00, 2
52
SYSCALL
analyzed_bin
writev
108
1, 0x7ffc0c565b00, 2
98
SYSCALL
analyzed_bin
writev
108
1, 0x7ffc0c565b00, 2
52
SYSCALL
analyzed_bin
writev
108
1, 0x7ffc0c565b00, 2
98
SYSCALL
analyzed_bin
writev
108
1, 0x7ffc0c565b00, 2
52
SYSCALL
analyzed_bin
writev
108
1, 0x7ffc0c565b00, 2
98
SYSCALL
analyzed_bin
writev
108
1, 0x7ffc0c565b00, 2
52
SYSCALL
analyzed_bin
writev
108
1, 0x7ffc0c565b00, 2
98
SYSCALL
analyzed_bin
writev
108
1, 0x7ffc0c565b00, 2
52
SYSCALL
analyzed_bin
writev
108
1, 0x7ffc0c565b00, 2
98
SYSCALL
analyzed_bin
writev
108
1, 0x7ffc0c565b00, 2
52
SYSCALL
analyzed_bin
writev
108
1, 0x7ffc0c565b00, 2
98
SYSCALL
analyzed_bin
writev
108
1, 0x7ffc0c565b00, 2
52
SYSCALL
analyzed_bin
writev
108
1, 0x7ffc0c565b00, 2
98
SYSCALL
analyzed_bin
writev
108
1, 0x7ffc0c565b00, 2
52
SYSCALL
analyzed_bin
writev
108
1, 0x7ffc0c565b00, 2
98
SYSCALL
analyzed_bin
writev
108
1, 0x7ffc0c565b00, 2
52
SYSCALL
analyzed_bin
writev
108
1, 0x7ffc0c565b00, 2
98
SYSCALL
analyzed_bin
writev
108
1, 0x7ffc0c565b00, 2
52
SYSCALL
analyzed_bin
writev
108
1, 0x7ffc0c565b00, 2
98
SYSCALL
analyzed_bin
writev
108
1, 0x7ffc0c565b00, 2
52
SYSCALL
analyzed_bin
writev
108
1, 0x7ffc0c565b00, 2
98
SYSCALL
analyzed_bin
writev
108
1, 0x7ffc0c565b00, 2
52
SYSCALL
analyzed_bin
writev
108
1, 0x7ffc0c565b00, 2
98
SYSCALL
analyzed_bin
writev
108
1, 0x7ffc0c565b00, 2
52
SYSCALL
analyzed_bin
writev
108
1, 0x7ffc0c565b00, 2
98
SYSCALL
analyzed_bin
writev
108
1, 0x7ffc0c565b00, 2
52
SYSCALL
analyzed_bin
writev
108
1, 0x7ffc0c565b00, 2
98
SYSCALL
analyzed_bin
writev
108
1, 0x7ffc0c565b00, 2
52
SYSCALL
analyzed_bin
writev
108
1, 0x7ffc0c565b00, 2
98
SYSCALL
analyzed_bin
writev
108
1, 0x7ffc0c565b00, 2
52
SYSCALL
analyzed_bin
writev
108
1, 0x7ffc0c565b00, 2
98
SYSCALL
analyzed_bin
writev
108
1, 0x7ffc0c565b00, 2
52
SYSCALL
analyzed_bin
writev
108
1, 0x7ffc0c565b00, 2
98
SYSCALL
analyzed_bin
writev
108
1, 0x7ffc0c565b00, 2
52
SYSCALL
analyzed_bin
writev
108
1, 0x7ffc0c565b00, 2
98
SYSCALL
analyzed_bin
writev
108
1, 0x7ffc0c565b00, 2
52
SYSCALL
analyzed_bin
writev
108
1, 0x7ffc0c565b00, 2
98
SYSCALL
analyzed_bin
writev
108
1, 0x7ffc0c565b00, 2
52
SYSCALL
analyzed_bin
writev
108
1, 0x7ffc0c565b00, 2
98
SYSCALL
analyzed_bin
writev
108
1, 0x7ffc0c565b00, 2
52
SYSCALL
analyzed_bin
writev
108
1, 0x7ffc0c565b00, 2
98
SYSCALL
analyzed_bin
writev
108
1, 0x7ffc0c565b00, 2
52
SYSCALL
analyzed_bin
writev
108
1, 0x7ffc0c565b00, 2
98
SYSCALL
analyzed_bin
writev
108
1, 0x7ffc0c565b00, 2
52
SYSCALL
analyzed_bin
writev
108
1, 0x7ffc0c565b00, 2
98
SYSCALL
analyzed_bin
writev
108
1, 0x7ffc0c565b00, 2
52
SYSCALL
analyzed_bin
writev
108
1, 0x7ffc0c565b00, 2
98
SYSCALL
analyzed_bin
writev
108
1, 0x7ffc0c565b00, 2
52
SYSCALL
analyzed_bin
writev
108
1, 0x7ffc0c565b00, 2
98
SYSCALL
analyzed_bin
writev
108
1, 0x7ffc0c565b00, 2
52
SYSCALL
analyzed_bin
writev
108
1, 0x7ffc0c565b00, 2
98
SYSCALL
analyzed_bin
writev
108
1, 0x7ffc0c565b00, 2
52
SYSCALL
analyzed_bin
writev
108
1, 0x7ffc0c565b00, 2
98
SYSCALL
analyzed_bin
writev
108
1, 0x7ffc0c565b00, 2
52
SYSCALL
analyzed_bin
writev
108
1, 0x7ffc0c565b00, 2
98
SYSCALL
analyzed_bin
writev
108
1, 0x7ffc0c565b00, 2
52
SYSCALL
analyzed_bin
writev
108
1, 0x7ffc0c565b00, 2
98
SYSCALL
analyzed_bin
writev
108
1, 0x7ffc0c565b00, 2
52
SYSCALL
analyzed_bin
writev
108
1, 0x7ffc0c565b00, 2
98
SYSCALL
analyzed_bin
writev
108
1, 0x7ffc0c565b00, 2
52
SYSCALL
analyzed_bin
writev
108
1, 0x7ffc0c565b00, 2
98
SYSCALL
analyzed_bin
writev
108
1, 0x7ffc0c565b00, 2
52
SYSCALL
analyzed_bin
writev
108
1, 0x7ffc0c565b00, 2
98
SYSCALL
analyzed_bin
writev
108
1, 0x7ffc0c565b00, 2
52
SYSCALL
analyzed_bin
writev
108
1, 0x7ffc0c565b00, 2
98
SYSCALL
analyzed_bin
writev
108
1, 0x7ffc0c565b00, 2
52
SYSCALL
analyzed_bin
writev
108
1, 0x7ffc0c565b00, 2
98
SYSCALL
analyzed_bin
writev
108
1, 0x7ffc0c565b00, 2
52
SYSCALL
analyzed_bin
writev
108
1, 0x7ffc0c565b00, 2
98
SYSCALL
analyzed_bin
writev
108
1, 0x7ffc0c565b00, 2
52
SYSCALL
analyzed_bin
writev
108
1, 0x7ffc0c565b00, 2
98
SYSCALL
analyzed_bin
writev
108
1, 0x7ffc0c565b00, 2
52
SYSCALL
analyzed_bin
writev
108
1, 0x7ffc0c565b00, 2
98
SYSCALL
analyzed_bin
writev
108
1, 0x7ffc0c565b00, 2
52
SYSCALL
analyzed_bin
writev
108
1, 0x7ffc0c565b00, 2
98
SYSCALL
analyzed_bin
writev
108
1, 0x7ffc0c565b00, 2
52
SYSCALL
analyzed_bin
writev
108
1, 0x7ffc0c565b00, 2
98
SYSCALL
analyzed_bin
writev
108
1, 0x7ffc0c565b00, 2
52
SYSCALL
analyzed_bin
writev
108
1, 0x7ffc0c565b00, 2
98
SYSCALL
analyzed_bin
writev
108
1, 0x7ffc0c565b00, 2
52
SYSCALL
analyzed_bin
writev
108
1, 0x7ffc0c565b00, 2
98
SYSCALL
analyzed_bin
writev
108
1, 0x7ffc0c565b00, 2
52
SYSCALL
analyzed_bin
writev
108
1, 0x7ffc0c565b00, 2
98
SYSCALL
analyzed_bin
writev
108
1, 0x7ffc0c565b00, 2
52
SYSCALL
analyzed_bin
writev
108
1, 0x7ffc0c565b00, 2
98
SYSCALL
analyzed_bin
writev
108
1, 0x7ffc0c565b00, 2
52
SYSCALL
analyzed_bin
writev
108
1, 0x7ffc0c565b00, 2
98
SYSCALL
analyzed_bin
writev
108
1, 0x7ffc0c565b00, 2
52
SYSCALL
analyzed_bin
writev
108
1, 0x7ffc0c565b00, 2
98
SYSCALL
analyzed_bin
writev
108
1, 0x7ffc0c565b00, 2
52
SYSCALL
analyzed_bin
writev
108
1, 0x7ffc0c565b00, 2
98
SYSCALL
analyzed_bin
writev
108
1, 0x7ffc0c565b00, 2
52
SYSCALL
analyzed_bin
writev
108
1, 0x7ffc0c565b00, 2
98
SYSCALL
analyzed_bin
writev
108
1, 0x7ffc0c565b00, 2
52
SYSCALL
analyzed_bin
writev
108
1, 0x7ffc0c565b00, 2
98
SYSCALL
analyzed_bin
writev
108
1, 0x7ffc0c565b00, 2
52
SYSCALL
analyzed_bin
writev
108
1, 0x7ffc0c565b00, 2
98
SYSCALL
analyzed_bin
writev
108
1, 0x7ffc0c565b00, 2
52
SYSCALL
analyzed_bin
writev
108
1, 0x7ffc0c565b00, 2
98
SYSCALL
analyzed_bin
writev
108
1, 0x7ffc0c565b00, 2
52
SYSCALL
analyzed_bin
writev
108
1, 0x7ffc0c565b00, 2
98
SYSCALL
analyzed_bin
writev
108
1, 0x7ffc0c565b00, 2
52
SYSCALL
analyzed_bin
writev
108
1, 0x7ffc0c565b00, 2
98
SYSCALL
analyzed_bin
writev
108
1, 0x7ffc0c565b00, 2
52
SYSCALL
analyzed_bin
writev
108
1, 0x7ffc0c565b00, 2
98
SYSCALL
analyzed_bin
writev
108
1, 0x7ffc0c565b00, 2
52
SYSCALL
analyzed_bin
writev
108
1, 0x7ffc0c565b00, 2
98
SYSCALL
analyzed_bin
writev
108
1, 0x7ffc0c565b00, 2
52
SYSCALL
analyzed_bin
writev
108
1, 0x7ffc0c565b00, 2
98
SYSCALL
analyzed_bin
writev
108
1, 0x7ffc0c565b00, 2
52
SYSCALL
analyzed_bin
writev
108
1, 0x7ffc0c565b00, 2
98
SYSCALL
analyzed_bin
writev
108
1, 0x7ffc0c565b00, 2
52
SYSCALL
analyzed_bin
writev
108
1, 0x7ffc0c565b00, 2
98
SYSCALL
analyzed_bin
writev
108
1, 0x7ffc0c565b00, 2
52
SYSCALL
analyzed_bin
writev
108
1, 0x7ffc0c565b00, 2
98
SYSCALL
analyzed_bin
writev
108
1, 0x7ffc0c565b00, 2
52
SYSCALL
analyzed_bin
writev
108
1, 0x7ffc0c565b00, 2
98
SYSCALL
analyzed_bin
writev
108
1, 0x7ffc0c565b00, 2
52
SYSCALL
analyzed_bin
writev
108
1, 0x7ffc0c565b00, 2
98
SYSCALL
analyzed_bin
writev
108
1, 0x7ffc0c565b00, 2
52
SYSCALL
analyzed_bin
writev
108
1, 0x7ffc0c565b00, 2
98
SYSCALL
analyzed_bin
writev
108
1, 0x7ffc0c565b00, 2
52
SYSCALL
analyzed_bin
writev
108
1, 0x7ffc0c565b00, 2
98
SYSCALL
analyzed_bin
writev
108
1, 0x7ffc0c565b00, 2
52
SYSCALL
analyzed_bin
writev
108
1, 0x7ffc0c565b00, 2
98
SYSCALL
analyzed_bin
writev
108
1, 0x7ffc0c565b00, 2
52
SYSCALL
analyzed_bin
writev
108
1, 0x7ffc0c565b00, 2
98
SYSCALL
analyzed_bin
writev
108
1, 0x7ffc0c565b00, 2
52
SYSCALL
analyzed_bin
writev
108
1, 0x7ffc0c565b00, 2
98
SYSCALL
analyzed_bin
writev
108
1, 0x7ffc0c565b00, 2
52
SYSCALL
analyzed_bin
writev
108
1, 0x7ffc0c565b00, 2
98
SYSCALL
analyzed_bin
writev
108
1, 0x7ffc0c565b00, 2
52
SYSCALL
analyzed_bin
writev
108
1, 0x7ffc0c565b00, 2
98
SYSCALL
analyzed_bin
writev
108
1, 0x7ffc0c565b00, 2
52
SYSCALL
analyzed_bin
writev
108
1, 0x7ffc0c565b00, 2
98
SYSCALL
analyzed_bin
writev
108
1, 0x7ffc0c565b00, 2
52
SYSCALL
analyzed_bin
writev
108
1, 0x7ffc0c565b00, 2
98
SYSCALL
analyzed_bin
writev
108
1, 0x7ffc0c565b00, 2
52
SYSCALL
analyzed_bin
writev
108
1, 0x7ffc0c565b00, 2
98
SYSCALL
analyzed_bin
writev
108
1, 0x7ffc0c565b00, 2
52
SYSCALL
analyzed_bin
writev
108
1, 0x7ffc0c565b00, 2
98
SYSCALL
analyzed_bin
writev
108
1, 0x7ffc0c565b00, 2
52
SYSCALL
analyzed_bin
writev
108
1, 0x7ffc0c565b00, 2
98
SYSCALL
analyzed_bin
writev
108
1, 0x7ffc0c565b00, 2
52
SYSCALL
analyzed_bin
writev
108
1, 0x7ffc0c565b00, 2
98
SYSCALL
analyzed_bin
writev
108
1, 0x7ffc0c565b00, 2
52
SYSCALL
analyzed_bin
writev
108
1, 0x7ffc0c565b00, 2
98
SYSCALL
analyzed_bin
writev
108
1, 0x7ffc0c565b00, 2
52
SYSCALL
analyzed_bin
writev
108
1, 0x7ffc0c565b00, 2
98
SYSCALL
analyzed_bin
writev
108
1, 0x7ffc0c565b00, 2
52
SYSCALL
analyzed_bin
writev
108
1, 0x7ffc0c565b00, 2
98
SYSCALL
analyzed_bin
writev
108
1, 0x7ffc0c565b00, 2
52
SYSCALL
analyzed_bin
writev
108
1, 0x7ffc0c565b00, 2
98
SYSCALL
analyzed_bin
writev
108
1, 0x7ffc0c565b00, 2
52
SYSCALL
analyzed_bin
writev
108
1, 0x7ffc0c565b00, 2
98
SYSCALL
analyzed_bin
writev
108
1, 0x7ffc0c565b00, 2
52
SYSCALL
analyzed_bin
writev
108
1, 0x7ffc0c565b00, 2
98
SYSCALL
analyzed_bin
writev
108
1, 0x7ffc0c565b00, 2
52
SYSCALL
analyzed_bin
writev
108
1, 0x7ffc0c565b00, 2
98
SYSCALL
analyzed_bin
writev
108
1, 0x7ffc0c565b00, 2
52
SYSCALL
analyzed_bin
writev
108
1, 0x7ffc0c565b00, 2
98
SYSCALL
analyzed_bin
writev
108
1, 0x7ffc0c565b00, 2
52
SYSCALL
analyzed_bin
writev
108
1, 0x7ffc0c565b00, 2
98
SYSCALL
analyzed_bin
writev
108
1, 0x7ffc0c565b00, 2
52
SYSCALL
analyzed_bin
writev
108
1, 0x7ffc0c565b00, 2
98
SYSCALL
analyzed_bin
writev
108
1, 0x7ffc0c565b00, 2
52
SYSCALL
analyzed_bin
writev
108
1, 0x7ffc0c565b00, 2
98
SYSCALL
analyzed_bin
writev
108
1, 0x7ffc0c565b00, 2
52
SYSCALL
analyzed_bin
writev
108
1, 0x7ffc0c565b00, 2
98
SYSCALL
analyzed_bin
writev
108
1, 0x7ffc0c565b00, 2
52
SYSCALL
analyzed_bin
writev
108
1, 0x7ffc0c565b00, 2
98
SYSCALL
analyzed_bin
writev
108
1, 0x7ffc0c565b00, 2
52
SYSCALL
analyzed_bin
writev
108
1, 0x7ffc0c565b00, 2
98
SYSCALL
analyzed_bin
writev
108
1, 0x7ffc0c565b00, 2
52
SYSCALL
analyzed_bin
writev
108
1, 0x7ffc0c565b00, 2
98
SYSCALL
analyzed_bin
writev
108
1, 0x7ffc0c565b00, 2
52
SYSCALL
analyzed_bin
writev
108
1, 0x7ffc0c565b00, 2
98
SYSCALL
analyzed_bin
writev
108
1, 0x7ffc0c565b00, 2
52
SYSCALL
analyzed_bin
writev
108
1, 0x7ffc0c565b00, 2
98
SYSCALL
analyzed_bin
writev
108
1, 0x7ffc0c565b00, 2
52
SYSCALL
analyzed_bin
writev
108
1, 0x7ffc0c565b00, 2
98
SYSCALL
analyzed_bin
writev
108
1, 0x7ffc0c565b00, 2
52
SYSCALL
analyzed_bin
writev
108
1, 0x7ffc0c565b00, 2
98
SYSCALL
analyzed_bin
writev
108
1, 0x7ffc0c565b00, 2
52
SYSCALL
analyzed_bin
writev
108
1, 0x7ffc0c565b00, 2
98
SYSCALL
analyzed_bin
writev
108
1, 0x7ffc0c565b00, 2
52
SYSCALL
analyzed_bin
writev
108
1, 0x7ffc0c565b00, 2
98
SYSCALL
analyzed_bin
writev
108
1, 0x7ffc0c565b00, 2
52
SYSCALL
analyzed_bin
writev
108
1, 0x7ffc0c565b00, 2
98
SYSCALL
analyzed_bin
writev
108
1, 0x7ffc0c565b00, 2
52
SYSCALL
analyzed_bin
writev
108
1, 0x7ffc0c565b00, 2
98
SYSCALL
analyzed_bin
writev
108
1, 0x7ffc0c565b00, 2
52
SYSCALL
analyzed_bin
writev
108
1, 0x7ffc0c565b00, 2
98
SYSCALL
analyzed_bin
writev
108
1, 0x7ffc0c565b00, 2
52
SYSCALL
analyzed_bin
writev
108
1, 0x7ffc0c565b00, 2
98
SYSCALL
analyzed_bin
writev
108
1, 0x7ffc0c565b00, 2
52
SYSCALL
analyzed_bin
writev
108
1, 0x7ffc0c565b00, 2
98
SYSCALL
analyzed_bin
writev
108
1, 0x7ffc0c565b00, 2
52
SYSCALL
analyzed_bin
writev
108
1, 0x7ffc0c565b00, 2
98
SYSCALL
analyzed_bin
writev
108
1, 0x7ffc0c565b00, 2
52
SYSCALL
analyzed_bin
writev
108
1, 0x7ffc0c565b00, 2
98
SYSCALL
analyzed_bin
writev
108
1, 0x7ffc0c565b00, 2
52
SYSCALL
analyzed_bin
writev
108
1, 0x7ffc0c565b00, 2
98
SYSCALL
analyzed_bin
writev
108
1, 0x7ffc0c565b00, 2
52
SYSCALL
analyzed_bin
writev
108
1, 0x7ffc0c565b00, 2
98
SYSCALL
analyzed_bin
writev
108
1, 0x7ffc0c565b00, 2
52
SYSCALL
analyzed_bin
writev
108
1, 0x7ffc0c565b00, 2
98
SYSCALL
analyzed_bin
writev
108
1, 0x7ffc0c565b00, 2
52
SYSCALL
analyzed_bin
writev
108
1, 0x7ffc0c565b00, 2
98
SYSCALL
analyzed_bin
writev
108
1, 0x7ffc0c565b00, 2
52
SYSCALL
analyzed_bin
writev
108
1, 0x7ffc0c565b00, 2
98
SYSCALL
analyzed_bin
writev
108
1, 0x7ffc0c565b00, 2
52
SYSCALL
analyzed_bin
writev
108
1, 0x7ffc0c565b00, 2
98
SYSCALL
analyzed_bin
writev
108
1, 0x7ffc0c565b00, 2
52
SYSCALL
analyzed_bin
writev
108
1, 0x7ffc0c565b00, 2
98
SYSCALL
analyzed_bin
writev
108
1, 0x7ffc0c565b00, 2
52
SYSCALL
analyzed_bin
writev
108
1, 0x7ffc0c565b00, 2
98
SYSCALL
analyzed_bin
writev
108
1, 0x7ffc0c565b00, 2
52
SYSCALL
analyzed_bin
writev
108
1, 0x7ffc0c565b00, 2
98
SYSCALL
analyzed_bin
writev
108
1, 0x7ffc0c565b00, 2
52
SYSCALL
analyzed_bin
writev
108
1, 0x7ffc0c565b00, 2
98
SYSCALL
analyzed_bin
writev
108
1, 0x7ffc0c565b00, 2
52
SYSCALL
analyzed_bin
writev
108
1, 0x7ffc0c565b00, 2
98
SYSCALL
analyzed_bin
writev
108
1, 0x7ffc0c565b00, 2
52
SYSCALL
analyzed_bin
writev
108
1, 0x7ffc0c565b00, 2
98
SYSCALL
analyzed_bin
writev
108
1, 0x7ffc0c565b00, 2
52
SYSCALL
analyzed_bin
writev
108
1, 0x7ffc0c565b00, 2
98
SYSCALL
analyzed_bin
writev
108
1, 0x7ffc0c565b00, 2
52
SYSCALL
analyzed_bin
writev
108
1, 0x7ffc0c565b00, 2
98
SYSCALL
analyzed_bin
writev
108
1, 0x7ffc0c565b00, 2
52
SYSCALL
analyzed_bin
writev
108
1, 0x7ffc0c565b00, 2
98
SYSCALL
analyzed_bin
writev
108
1, 0x7ffc0c565b00, 2
52
SYSCALL
analyzed_bin
writev
108
1, 0x7ffc0c565b00, 2
98
SYSCALL
analyzed_bin
writev
108
1, 0x7ffc0c565b00, 2
52
SYSCALL
analyzed_bin
writev
108
1, 0x7ffc0c565b00, 2
98
SYSCALL
analyzed_bin
writev
108
1, 0x7ffc0c565b00, 2
52
SYSCALL
analyzed_bin
writev
108
1, 0x7ffc0c565b00, 2
98
SYSCALL
analyzed_bin
writev
108
1, 0x7ffc0c565b00, 2
52
SYSCALL
analyzed_bin
writev
108
1, 0x7ffc0c565b00, 2
98
SYSCALL
analyzed_bin
writev
108
1, 0x7ffc0c565b00, 2
52
SYSCALL
analyzed_bin
writev
108
1, 0x7ffc0c565b00, 2
98
SYSCALL
analyzed_bin
writev
108
1, 0x7ffc0c565b00, 2
52
SYSCALL
analyzed_bin
writev
108
1, 0x7ffc0c565b00, 2
98
SYSCALL
analyzed_bin
writev
108
1, 0x7ffc0c565b00, 2
52
SYSCALL
analyzed_bin
writev
108
1, 0x7ffc0c565b00, 2
98
SYSCALL
analyzed_bin
writev
108
1, 0x7ffc0c565b00, 2
52
SYSCALL
analyzed_bin
writev
108
1, 0x7ffc0c565b00, 2
98
SYSCALL
analyzed_bin
writev
108
1, 0x7ffc0c565b00, 2
52
SYSCALL
analyzed_bin
writev
108
1, 0x7ffc0c565b00, 2
98
SYSCALL
analyzed_bin
writev
108
1, 0x7ffc0c565b00, 2
52
SYSCALL
analyzed_bin
writev
108
1, 0x7ffc0c565b00, 2
98
SYSCALL
analyzed_bin
writev
108
1, 0x7ffc0c565b00, 2
52
SYSCALL
analyzed_bin
writev
108
1, 0x7ffc0c565b00, 2
98
SYSCALL
analyzed_bin
writev
108
1, 0x7ffc0c565b00, 2
52
SYSCALL
analyzed_bin
writev
108
1, 0x7ffc0c565b00, 2
98
SYSCALL
analyzed_bin
writev
108
1, 0x7ffc0c565b00, 2
52
SYSCALL
analyzed_bin
writev
108
1, 0x7ffc0c565b00, 2
98
SYSCALL
analyzed_bin
writev
108
1, 0x7ffc0c565b00, 2
52
SYSCALL
analyzed_bin
writev
108
1, 0x7ffc0c565b00, 2
98
SYSCALL
analyzed_bin
writev
108
1, 0x7ffc0c565b00, 2
52
SYSCALL
analyzed_bin
writev
108
1, 0x7ffc0c565b00, 2
98
SYSCALL
analyzed_bin
writev
108
1, 0x7ffc0c565b00, 2
52
SYSCALL
analyzed_bin
writev
108
1, 0x7ffc0c565b00, 2
98
SYSCALL
analyzed_bin
writev
108
1, 0x7ffc0c565b00, 2
52
SYSCALL
analyzed_bin
writev
108
1, 0x7ffc0c565b00, 2
98
SYSCALL
analyzed_bin
writev
108
1, 0x7ffc0c565b00, 2
52
SYSCALL
analyzed_bin
writev
108
1, 0x7ffc0c565b00, 2
98
SYSCALL
analyzed_bin
writev
108
1, 0x7ffc0c565b00, 2
52
SYSCALL
analyzed_bin
writev
108
1, 0x7ffc0c565b00, 2
98
SYSCALL
analyzed_bin
writev
108
1, 0x7ffc0c565b00, 2
52
SYSCALL
analyzed_bin
writev
108
1, 0x7ffc0c565b00, 2
98
SYSCALL
analyzed_bin
writev
108
1, 0x7ffc0c565b00, 2
52
SYSCALL
analyzed_bin
writev
108
1, 0x7ffc0c565b00, 2
98
SYSCALL
analyzed_bin
writev
108
1, 0x7ffc0c565b00, 2
52
SYSCALL
analyzed_bin
writev
108
1, 0x7ffc0c565b00, 2
98
SYSCALL
analyzed_bin
writev
108
1, 0x7ffc0c565b00, 2
52
SYSCALL
analyzed_bin
writev
108
1, 0x7ffc0c565b00, 2
98
SYSCALL
analyzed_bin
writev
108
1, 0x7ffc0c565b00, 2
52
SYSCALL
analyzed_bin
writev
108
1, 0x7ffc0c565b00, 2
98
SYSCALL
analyzed_bin
writev
108
1, 0x7ffc0c565b00, 2
52
SYSCALL
analyzed_bin
writev
108
1, 0x7ffc0c565b00, 2
98
SYSCALL
analyzed_bin
writev
108
1, 0x7ffc0c565b00, 2
52
SYSCALL
analyzed_bin
writev
108
1, 0x7ffc0c565b00, 2
98
SYSCALL
analyzed_bin
writev
108
1, 0x7ffc0c565b00, 2
52
SYSCALL
analyzed_bin
writev
108
1, 0x7ffc0c565b00, 2
98
SYSCALL
analyzed_bin
writev
108
1, 0x7ffc0c565b00, 2
52
SYSCALL
analyzed_bin
writev
108
1, 0x7ffc0c565b00, 2
98
SYSCALL
analyzed_bin
writev
108
1, 0x7ffc0c565b00, 2
52
SYSCALL
analyzed_bin
writev
108
1, 0x7ffc0c565b00, 2
98
SYSCALL
analyzed_bin
writev
108
1, 0x7ffc0c565b00, 2
52
SYSCALL
analyzed_bin
writev
108
1, 0x7ffc0c565b00, 2
98
SYSCALL
analyzed_bin
writev
108
1, 0x7ffc0c565b00, 2
52
SYSCALL
analyzed_bin
writev
108
1, 0x7ffc0c565b00, 2
98
SYSCALL
analyzed_bin
writev
108
1, 0x7ffc0c565b00, 2
52
SYSCALL
analyzed_bin
writev
108
1, 0x7ffc0c565b00, 2
98
SYSCALL
analyzed_bin
writev
108
1, 0x7ffc0c565b00, 2
52
SYSCALL
analyzed_bin
writev
108
1, 0x7ffc0c565b00, 2
98
SYSCALL
analyzed_bin
writev
108
1, 0x7ffc0c565b00, 2
52
SYSCALL
analyzed_bin
writev
108
1, 0x7ffc0c565b00, 2
98
SYSCALL
analyzed_bin
writev
108
1, 0x7ffc0c565b00, 2
52
SYSCALL
analyzed_bin
writev
108
1, 0x7ffc0c565b00, 2
98
SYSCALL
analyzed_bin
writev
108
1, 0x7ffc0c565b00, 2
52
SYSCALL
analyzed_bin
writev
108
1, 0x7ffc0c565b00, 2
98
SYSCALL
analyzed_bin
writev
108
1, 0x7ffc0c565b00, 2
52
SYSCALL
analyzed_bin
writev
108
1, 0x7ffc0c565b00, 2
98
SYSCALL
analyzed_bin
writev
108
1, 0x7ffc0c565b00, 2
52
SYSCALL
analyzed_bin
writev
108
1, 0x7ffc0c565b00, 2
98
SYSCALL
analyzed_bin
writev
108
1, 0x7ffc0c565b00, 2
52
SYSCALL
analyzed_bin
writev
108
1, 0x7ffc0c565b00, 2
98
SYSCALL
analyzed_bin
writev
108
1, 0x7ffc0c565b00, 2
52
SYSCALL
analyzed_bin
writev
108
1, 0x7ffc0c565b00, 2
98
SYSCALL
analyzed_bin
writev
108
1, 0x7ffc0c565b00, 2
52
SYSCALL
analyzed_bin
writev
108
1, 0x7ffc0c565b00, 2
98
SYSCALL
analyzed_bin
writev
108
1, 0x7ffc0c565b00, 2
52
SYSCALL
analyzed_bin
writev
108
1, 0x7ffc0c565b00, 2
98
SYSCALL
analyzed_bin
writev
108
1, 0x7ffc0c565b00, 2
52
SYSCALL
analyzed_bin
writev
108
1, 0x7ffc0c565b00, 2
98
SYSCALL
analyzed_bin
writev
108
1, 0x7ffc0c565b00, 2
52
SYSCALL
analyzed_bin
writev
108
1, 0x7ffc0c565b00, 2
98
SYSCALL
analyzed_bin
writev
108
1, 0x7ffc0c565b00, 2
52
SYSCALL
analyzed_bin
writev
108
1, 0x7ffc0c565b00, 2
98
SYSCALL
analyzed_bin
writev
108
1, 0x7ffc0c565b00, 2
52
SYSCALL
analyzed_bin
writev
108
1, 0x7ffc0c565b00, 2
98
SYSCALL
analyzed_bin
writev
108
1, 0x7ffc0c565b00, 2
52
SYSCALL
analyzed_bin
writev
108
1, 0x7ffc0c565b00, 2
98
SYSCALL
analyzed_bin
writev
108
1, 0x7ffc0c565b00, 2
52
SYSCALL
analyzed_bin
writev
108
1, 0x7ffc0c565b00, 2
98
SYSCALL
analyzed_bin
writev
108
1, 0x7ffc0c565b00, 2
52
SYSCALL
analyzed_bin
writev
108
1, 0x7ffc0c565b00, 2
98
SYSCALL
analyzed_bin
writev
108
1, 0x7ffc0c565b00, 2
52
SYSCALL
analyzed_bin
writev
108
1, 0x7ffc0c565b00, 2
98
SYSCALL
analyzed_bin
writev
108
1, 0x7ffc0c565b00, 2
52
SYSCALL
analyzed_bin
writev
108
1, 0x7ffc0c565b00, 2
98
SYSCALL
analyzed_bin
writev
108
1, 0x7ffc0c565b00, 2
52
SYSCALL
analyzed_bin
writev
108
1, 0x7ffc0c565b00, 2
98
SYSCALL
analyzed_bin
writev
108
1, 0x7ffc0c565b00, 2
52
SYSCALL
analyzed_bin
writev
108
1, 0x7ffc0c565b00, 2
98
SYSCALL
analyzed_bin
writev
108
1, 0x7ffc0c565b00, 2
52
SYSCALL
analyzed_bin
writev
108
1, 0x7ffc0c565b00, 2
98
SYSCALL
analyzed_bin
writev
108
1, 0x7ffc0c565b00, 2
52
SYSCALL
analyzed_bin
writev
108
1, 0x7ffc0c565b00, 2
98
SYSCALL
analyzed_bin
writev
108
1, 0x7ffc0c565b00, 2
52
SYSCALL
analyzed_bin
writev
108
1, 0x7ffc0c565b00, 2
98
SYSCALL
analyzed_bin
writev
108
1, 0x7ffc0c565b00, 2
52
SYSCALL
analyzed_bin
writev
108
1, 0x7ffc0c565b00, 2
98
SYSCALL
analyzed_bin
writev
108
1, 0x7ffc0c565b00, 2
52
SYSCALL
analyzed_bin
writev
108
1, 0x7ffc0c565b00, 2
98
SYSCALL
analyzed_bin
writev
108
1, 0x7ffc0c565b00, 2
52
SYSCALL
analyzed_bin
writev
108
1, 0x7ffc0c565b00, 2
98
SYSCALL
analyzed_bin
writev
108
1, 0x7ffc0c565b00, 2
52
SYSCALL
analyzed_bin
writev
108
1, 0x7ffc0c565b00, 2
98
SYSCALL
analyzed_bin
writev
108
1, 0x7ffc0c565b00, 2
52
SYSCALL
analyzed_bin
writev
108
1, 0x7ffc0c565b00, 2
98
SYSCALL
analyzed_bin
writev
108
1, 0x7ffc0c565b00, 2
52
SYSCALL
analyzed_bin
writev
108
1, 0x7ffc0c565b00, 2
98
SYSCALL
analyzed_bin
writev
108
1, 0x7ffc0c565b00, 2
52
SYSCALL
analyzed_bin
writev
108
1, 0x7ffc0c565b00, 2
98
SYSCALL
analyzed_bin
writev
108
1, 0x7ffc0c565b00, 2
52
SYSCALL
analyzed_bin
writev
108
1, 0x7ffc0c565b00, 2
98
SYSCALL
analyzed_bin
writev
108
1, 0x7ffc0c565b00, 2
52
SYSCALL
analyzed_bin
writev
108
1, 0x7ffc0c565b00, 2
98
SYSCALL
analyzed_bin
writev
108
1, 0x7ffc0c565b00, 2
52
SYSCALL
analyzed_bin
writev
108
1, 0x7ffc0c565b00, 2
98
SYSCALL
analyzed_bin
writev
108
1, 0x7ffc0c565b00, 2
52
SYSCALL
analyzed_bin
writev
108
1, 0x7ffc0c565b00, 2
98
SYSCALL
analyzed_bin
writev
108
1, 0x7ffc0c565b00, 2
52
SYSCALL
analyzed_bin
writev
108
1, 0x7ffc0c565b00, 2
98
SYSCALL
analyzed_bin
writev
108
1, 0x7ffc0c565b00, 2
52
SYSCALL
analyzed_bin
writev
108
1, 0x7ffc0c565b00, 2
98
SYSCALL
analyzed_bin
writev
108
1, 0x7ffc0c565b00, 2
52
SYSCALL
analyzed_bin
writev
108
1, 0x7ffc0c565b00, 2
98
SYSCALL
analyzed_bin
writev
108
1, 0x7ffc0c565b00, 2
52
SYSCALL
analyzed_bin
writev
108
1, 0x7ffc0c565b00, 2
98
SYSCALL
analyzed_bin
writev
108
1, 0x7ffc0c565b00, 2
52
SYSCALL
analyzed_bin
writev
108
1, 0x7ffc0c565b00, 2
98
SYSCALL
analyzed_bin
writev
108
1, 0x7ffc0c565b00, 2
52
SYSCALL
analyzed_bin
writev
108
1, 0x7ffc0c565b00, 2
98
SYSCALL
analyzed_bin
writev
108
1, 0x7ffc0c565b00, 2
52
SYSCALL
analyzed_bin
writev
108
1, 0x7ffc0c565b00, 2
98
SYSCALL
analyzed_bin
writev
108
1, 0x7ffc0c565b00, 2
52
SYSCALL
analyzed_bin
writev
108
1, 0x7ffc0c565b00, 2
98
SYSCALL
analyzed_bin
writev
108
1, 0x7ffc0c565b00, 2
52
SYSCALL
analyzed_bin
writev
108
1, 0x7ffc0c565b00, 2
98
SYSCALL
analyzed_bin
writev
108
1, 0x7ffc0c565b00, 2
52
SYSCALL
analyzed_bin
writev
108
1, 0x7ffc0c565b00, 2
98
SYSCALL
analyzed_bin
writev
108
1, 0x7ffc0c565b00, 2
52
SYSCALL
analyzed_bin
writev
108
1, 0x7ffc0c565b00, 2
98
SYSCALL
analyzed_bin
writev
108
1, 0x7ffc0c565b00, 2
52
SYSCALL
analyzed_bin
writev
108
1, 0x7ffc0c565b00, 2
98
SYSCALL
analyzed_bin
writev
108
1, 0x7ffc0c565b00, 2
52
SYSCALL
analyzed_bin
writev
108
1, 0x7ffc0c565b00, 2
98
SYSCALL
analyzed_bin
writev
108
1, 0x7ffc0c565b00, 2
52
SYSCALL
analyzed_bin
writev
108
1, 0x7ffc0c565b00, 2
98
SYSCALL
analyzed_bin
writev
108
1, 0x7ffc0c565b00, 2
52
SYSCALL
analyzed_bin
writev
108
1, 0x7ffc0c565b00, 2
98
SYSCALL
analyzed_bin
writev
108
1, 0x7ffc0c565b00, 2
52
SYSCALL
analyzed_bin
writev
108
1, 0x7ffc0c565b00, 2
98
SYSCALL
analyzed_bin
writev
108
1, 0x7ffc0c565b00, 2
52
SYSCALL
analyzed_bin
writev
108
1, 0x7ffc0c565b00, 2
98
SYSCALL
analyzed_bin
writev
108
1, 0x7ffc0c565b00, 2
52
SYSCALL
analyzed_bin
writev
108
1, 0x7ffc0c565b00, 2
98
SYSCALL
analyzed_bin
writev
108
1, 0x7ffc0c565b00, 2
52
SYSCALL
analyzed_bin
writev
108
1, 0x7ffc0c565b00, 2
98
SYSCALL
analyzed_bin
writev
108
1, 0x7ffc0c565b00, 2
52
SYSCALL
analyzed_bin
writev
108
1, 0x7ffc0c565b00, 2
98
SYSCALL
analyzed_bin
writev
108
1, 0x7ffc0c565b00, 2
52
SYSCALL
analyzed_bin
writev
108
1, 0x7ffc0c565b00, 2
98
SYSCALL
analyzed_bin
writev
108
1, 0x7ffc0c565b00, 2
52
SYSCALL
analyzed_bin
writev
108
1, 0x7ffc0c565b00, 2
98
SYSCALL
analyzed_bin
writev
108
1, 0x7ffc0c565b00, 2
52
SYSCALL
analyzed_bin
writev
108
1, 0x7ffc0c565b00, 2
98
SYSCALL
analyzed_bin
writev
108
1, 0x7ffc0c565b00, 2
52
SYSCALL
analyzed_bin
writev
108
1, 0x7ffc0c565b00, 2
98
SYSCALL
analyzed_bin
writev
108
1, 0x7ffc0c565b00, 2
52
SYSCALL
analyzed_bin
writev
108
1, 0x7ffc0c565b00, 2
98
SYSCALL
analyzed_bin
writev
108
1, 0x7ffc0c565b00, 2
52
SYSCALL
analyzed_bin
writev
108
1, 0x7ffc0c565b00, 2
98
SYSCALL
analyzed_bin
writev
108
1, 0x7ffc0c565b00, 2
52
SYSCALL
analyzed_bin
writev
108
1, 0x7ffc0c565b00, 2
98
SYSCALL
analyzed_bin
writev
108
1, 0x7ffc0c565b00, 2
52
SYSCALL
analyzed_bin
writev
108
1, 0x7ffc0c565b00, 2
98
SYSCALL
analyzed_bin
writev
108
1, 0x7ffc0c565b00, 2
52
SYSCALL
analyzed_bin
writev
108
1, 0x7ffc0c565b00, 2
98
SYSCALL
analyzed_bin
writev
108
1, 0x7ffc0c565b00, 2
52
SYSCALL
analyzed_bin
writev
108
1, 0x7ffc0c565b00, 2
98
SYSCALL
analyzed_bin
writev
108
1, 0x7ffc0c565b00, 2
52
SYSCALL
analyzed_bin
writev
108
1, 0x7ffc0c565b00, 2
98
SYSCALL
analyzed_bin
writev
108
1, 0x7ffc0c565b00, 2
52
SYSCALL
analyzed_bin
writev
108
1, 0x7ffc0c565b00, 2
98
SYSCALL
analyzed_bin
writev
108
1, 0x7ffc0c565b00, 2
52
SYSCALL
analyzed_bin
writev
108
1, 0x7ffc0c565b00, 2
98
SYSCALL
analyzed_bin
writev
108
1, 0x7ffc0c565b00, 2
52
SYSCALL
analyzed_bin
writev
108
1, 0x7ffc0c565b00, 2
98
SYSCALL
analyzed_bin
writev
108
1, 0x7ffc0c565b00, 2
52
SYSCALL
analyzed_bin
writev
108
1, 0x7ffc0c565b00, 2
98
SYSCALL
analyzed_bin
writev
108
1, 0x7ffc0c565b00, 2
52
SYSCALL
analyzed_bin
writev
108
1, 0x7ffc0c565b00, 2
98
SYSCALL
analyzed_bin
writev
108
1, 0x7ffc0c565b00, 2
52
SYSCALL
analyzed_bin
writev
108
1, 0x7ffc0c565b00, 2
98
SYSCALL
analyzed_bin
writev
108
1, 0x7ffc0c565b00, 2
52
SYSCALL
analyzed_bin
writev
108
1, 0x7ffc0c565b00, 2
98
SYSCALL
analyzed_bin
writev
108
1, 0x7ffc0c565b00, 2
52
SYSCALL
analyzed_bin
writev
108
1, 0x7ffc0c565b00, 2
98
SYSCALL
analyzed_bin
writev
108
1, 0x7ffc0c565b00, 2
52
SYSCALL
analyzed_bin
writev
108
1, 0x7ffc0c565b00, 2
98
SYSCALL
analyzed_bin
writev
108
1, 0x7ffc0c565b00, 2
52
SYSCALL
analyzed_bin
writev
108
1, 0x7ffc0c565b00, 2
98
SYSCALL
analyzed_bin
writev
108
1, 0x7ffc0c565b00, 2
52
SYSCALL
analyzed_bin
writev
108
1, 0x7ffc0c565b00, 2
98
SYSCALL
analyzed_bin
writev
108
1, 0x7ffc0c565b00, 2
52
SYSCALL
analyzed_bin
writev
108
1, 0x7ffc0c565b00, 2
98
SYSCALL
analyzed_bin
writev
108
1, 0x7ffc0c565b00, 2
52
SYSCALL
analyzed_bin
writev
108
1, 0x7ffc0c565b00, 2
98
SYSCALL
analyzed_bin
writev
108
1, 0x7ffc0c565b00, 2
52
SYSCALL
analyzed_bin
writev
108
1, 0x7ffc0c565b00, 2
98
SYSCALL
analyzed_bin
writev
108
1, 0x7ffc0c565b00, 2
52
SYSCALL
analyzed_bin
writev
108
1, 0x7ffc0c565b00, 2
98
SYSCALL
analyzed_bin
writev
108
1, 0x7ffc0c565b00, 2
52
SYSCALL
analyzed_bin
writev
108
1, 0x7ffc0c565b00, 2
98
SYSCALL
analyzed_bin
writev
108
1, 0x7ffc0c565b00, 2
52
SYSCALL
analyzed_bin
writev
108
1, 0x7ffc0c565b00, 2
98
SYSCALL
analyzed_bin
writev
108
1, 0x7ffc0c565b00, 2
52
SYSCALL
analyzed_bin
writev
108
1, 0x7ffc0c565b00, 2
98
SYSCALL
analyzed_bin
writev
108
1, 0x7ffc0c565b00, 2
52
SYSCALL
analyzed_bin
writev
108
1, 0x7ffc0c565b00, 2
98
SYSCALL
analyzed_bin
writev
108
1, 0x7ffc0c565b00, 2
52
SYSCALL
analyzed_bin
writev
108
1, 0x7ffc0c565b00, 2
98
SYSCALL
analyzed_bin
writev
108
1, 0x7ffc0c565b00, 2
52
SYSCALL
analyzed_bin
writev
108
1, 0x7ffc0c565b00, 2
98
SYSCALL
analyzed_bin
writev
108
1, 0x7ffc0c565b00, 2
52
SYSCALL
analyzed_bin
writev
108
1, 0x7ffc0c565b00, 2
98
SYSCALL
analyzed_bin
writev
108
1, 0x7ffc0c565b00, 2
52
SYSCALL
analyzed_bin
writev
108
1, 0x7ffc0c565b00, 2
98
SYSCALL
analyzed_bin
writev
108
1, 0x7ffc0c565b00, 2
52
SYSCALL
analyzed_bin
writev
108
1, 0x7ffc0c565b00, 2
98
SYSCALL
analyzed_bin
writev
108
1, 0x7ffc0c565b00, 2
52
SYSCALL
analyzed_bin
writev
108
1, 0x7ffc0c565b00, 2
98
SYSCALL
analyzed_bin
writev
108
1, 0x7ffc0c565b00, 2
52
SYSCALL
analyzed_bin
writev
108
1, 0x7ffc0c565b00, 2
98
SYSCALL
analyzed_bin
writev
108
1, 0x7ffc0c565b00, 2
52
SYSCALL
analyzed_bin
writev
108
1, 0x7ffc0c565b00, 2
98
SYSCALL
analyzed_bin
writev
108
1, 0x7ffc0c565b00, 2
52
SYSCALL
analyzed_bin
writev
108
1, 0x7ffc0c565b00, 2
98
SYSCALL
analyzed_bin
writev
108
1, 0x7ffc0c565b00, 2
52
SYSCALL
analyzed_bin
writev
108
1, 0x7ffc0c565b00, 2
98
SYSCALL
analyzed_bin
writev
108
1, 0x7ffc0c565b00, 2
52
SYSCALL
analyzed_bin
writev
108
1, 0x7ffc0c565b00, 2
98
SYSCALL
analyzed_bin
writev
108
1, 0x7ffc0c565b00, 2
52
SYSCALL
analyzed_bin
writev
108
1, 0x7ffc0c565b00, 2
98
SYSCALL
analyzed_bin
writev
108
1, 0x7ffc0c565b00, 2
52
SYSCALL
analyzed_bin
writev
108
1, 0x7ffc0c565b00, 2
98
SYSCALL
analyzed_bin
writev
108
1, 0x7ffc0c565b00, 2
52
SYSCALL
analyzed_bin
writev
108
1, 0x7ffc0c565b00, 2
98
SYSCALL
analyzed_bin
writev
108
1, 0x7ffc0c565b00, 2
52
SYSCALL
analyzed_bin
writev
108
1, 0x7ffc0c565b00, 2
98
SYSCALL
analyzed_bin
writev
108
1, 0x7ffc0c565b00, 2
52
SYSCALL
analyzed_bin
writev
108
1, 0x7ffc0c565b00, 2
98
SYSCALL
analyzed_bin
writev
108
1, 0x7ffc0c565b00, 2
52
SYSCALL
analyzed_bin
writev
108
1, 0x7ffc0c565b00, 2
98
SYSCALL
analyzed_bin
writev
108
1, 0x7ffc0c565b00, 2
52
SYSCALL
analyzed_bin
writev
108
1, 0x7ffc0c565b00, 2
98
SYSCALL
analyzed_bin
writev
108
1, 0x7ffc0c565b00, 2
52
SYSCALL
analyzed_bin
writev
108
1, 0x7ffc0c565b00, 2
98
SYSCALL
analyzed_bin
writev
108
1, 0x7ffc0c565b00, 2
52
SYSCALL
analyzed_bin
writev
108
1, 0x7ffc0c565b00, 2
98
SYSCALL
analyzed_bin
writev
108
1, 0x7ffc0c565b00, 2
52
SYSCALL
analyzed_bin
writev
108
1, 0x7ffc0c565b00, 2
98
SYSCALL
analyzed_bin
writev
108
1, 0x7ffc0c565b00, 2
52
SYSCALL
analyzed_bin
writev
108
1, 0x7ffc0c565b00, 2
98
SYSCALL
analyzed_bin
writev
108
1, 0x7ffc0c565b00, 2
52
SYSCALL
analyzed_bin
writev
108
1, 0x7ffc0c565b00, 2
98
SYSCALL
analyzed_bin
writev
108
1, 0x7ffc0c565b00, 2
52
SYSCALL
analyzed_bin
writev
108
1, 0x7ffc0c565b00, 2
98
SYSCALL
analyzed_bin
writev
108
1, 0x7ffc0c565b00, 2
52
SYSCALL
analyzed_bin
writev
108
1, 0x7ffc0c565b00, 2
98
SYSCALL
analyzed_bin
writev
108
1, 0x7ffc0c565b00, 2
52
SYSCALL
analyzed_bin
writev
108
1, 0x7ffc0c565b00, 2
98
SYSCALL
analyzed_bin
writev
108
1, 0x7ffc0c565b00, 2
52
SYSCALL
analyzed_bin
writev
108
1, 0x7ffc0c565b00, 2
98
SYSCALL
analyzed_bin
writev
108
1, 0x7ffc0c565b00, 2
52
SYSCALL
analyzed_bin
writev
108
1, 0x7ffc0c565b00, 2
98
SYSCALL
analyzed_bin
writev
108
1, 0x7ffc0c565b00, 2
52
SYSCALL
analyzed_bin
writev
108
1, 0x7ffc0c565b00, 2
98
SYSCALL
analyzed_bin
writev
108
1, 0x7ffc0c565b00, 2
52
SYSCALL
analyzed_bin
writev
108
1, 0x7ffc0c565b00, 2
98
SYSCALL
analyzed_bin
writev
108
1, 0x7ffc0c565b00, 2
52
SYSCALL
analyzed_bin
writev
108
1, 0x7ffc0c565b00, 2
98
SYSCALL
analyzed_bin
writev
108
1, 0x7ffc0c565b00, 2
52
SYSCALL
analyzed_bin
writev
108
1, 0x7ffc0c565b00, 2
98
SYSCALL
analyzed_bin
writev
108
1, 0x7ffc0c565b00, 2
52
SYSCALL
analyzed_bin
writev
108
1, 0x7ffc0c565b00, 2
98
SYSCALL
analyzed_bin
writev
108
1, 0x7ffc0c565b00, 2
52
SYSCALL
analyzed_bin
writev
108
1, 0x7ffc0c565b00, 2
98
SYSCALL
analyzed_bin
writev
108
1, 0x7ffc0c565b00, 2
52
SYSCALL
analyzed_bin
writev
108
1, 0x7ffc0c565b00, 2
98
SYSCALL
analyzed_bin
writev
108
1, 0x7ffc0c565b00, 2
52
SYSCALL
analyzed_bin
writev
108
1, 0x7ffc0c565b00, 2
98
SYSCALL
analyzed_bin
writev
108
1, 0x7ffc0c565b00, 2
52
SYSCALL
analyzed_bin
writev
108
1, 0x7ffc0c565b00, 2
98
SYSCALL
analyzed_bin
writev
108
1, 0x7ffc0c565b00, 2
52
SYSCALL
analyzed_bin
writev
108
1, 0x7ffc0c565b00, 2
98
SYSCALL
analyzed_bin
writev
108
1, 0x7ffc0c565b00, 2
52
SYSCALL
analyzed_bin
writev
108
1, 0x7ffc0c565b00, 2
98
SYSCALL
analyzed_bin
writev
108
1, 0x7ffc0c565b00, 2
52
SYSCALL
analyzed_bin
writev
108
1, 0x7ffc0c565b00, 2
98
SYSCALL
analyzed_bin
writev
108
1, 0x7ffc0c565b00, 2
52
SYSCALL
analyzed_bin
writev
108
1, 0x7ffc0c565b00, 2
98
SYSCALL
analyzed_bin
writev
108
1, 0x7ffc0c565b00, 2
52
SYSCALL
analyzed_bin
writev
108
1, 0x7ffc0c565b00, 2
98
SYSCALL
analyzed_bin
writev
108
1, 0x7ffc0c565b00, 2
52
SYSCALL
analyzed_bin
writev
108
1, 0x7ffc0c565b00, 2
98
SYSCALL
analyzed_bin
writev
108
1, 0x7ffc0c565b00, 2
52
SYSCALL
analyzed_bin
writev
108
1, 0x7ffc0c565b00, 2
98
SYSCALL
analyzed_bin
writev
108
1, 0x7ffc0c565b00, 2
52
SYSCALL
analyzed_bin
writev
108
1, 0x7ffc0c565b00, 2
98
SYSCALL
analyzed_bin
writev
108
1, 0x7ffc0c565b00, 2
52
SYSCALL
analyzed_bin
writev
108
1, 0x7ffc0c565b00, 2
98
SYSCALL
analyzed_bin
writev
108
1, 0x7ffc0c565b00, 2
52
SYSCALL
analyzed_bin
writev
108
1, 0x7ffc0c565b00, 2
98
SYSCALL
analyzed_bin
writev
108
1, 0x7ffc0c565b00, 2
52
SYSCALL
analyzed_bin
writev
108
1, 0x7ffc0c565b00, 2
98
SYSCALL
analyzed_bin
writev
108
1, 0x7ffc0c565b00, 2
52
SYSCALL
analyzed_bin
writev
108
1, 0x7ffc0c565b00, 2
98
SYSCALL
analyzed_bin
writev
108
1, 0x7ffc0c565b00, 2
52
SYSCALL
analyzed_bin
writev
108
1, 0x7ffc0c565b00, 2
98
SYSCALL
analyzed_bin
writev
108
1, 0x7ffc0c565b00, 2
52
SYSCALL
analyzed_bin
writev
108
1, 0x7ffc0c565b00, 2
98
SYSCALL
analyzed_bin
writev
108
1, 0x7ffc0c565b00, 2
52
SYSCALL
analyzed_bin
writev
108
1, 0x7ffc0c565b00, 2
98
SYSCALL
analyzed_bin
writev
108
1, 0x7ffc0c565b00, 2
52
SYSCALL
analyzed_bin
writev
108
1, 0x7ffc0c565b00, 2
98
SYSCALL
analyzed_bin
writev
108
1, 0x7ffc0c565b00, 2
52
SYSCALL
analyzed_bin
writev
108
1, 0x7ffc0c565b00, 2
98
SYSCALL
analyzed_bin
writev
108
1, 0x7ffc0c565b00, 2
52
SYSCALL
analyzed_bin
writev
108
1, 0x7ffc0c565b00, 2
98
SYSCALL
analyzed_bin
writev
108
1, 0x7ffc0c565b00, 2
52
SYSCALL
analyzed_bin
writev
108
1, 0x7ffc0c565b00, 2
98
SYSCALL
analyzed_bin
writev
108
1, 0x7ffc0c565b00, 2
52
SYSCALL
analyzed_bin
writev
108
1, 0x7ffc0c565b00, 2
98
SYSCALL
analyzed_bin
writev
108
1, 0x7ffc0c565b00, 2
52
SYSCALL
analyzed_bin
writev
108
1, 0x7ffc0c565b00, 2
98
SYSCALL
analyzed_bin
writev
108
1, 0x7ffc0c565b00, 2
52
SYSCALL
analyzed_bin
writev
108
1, 0x7ffc0c565b00, 2
98
SYSCALL
analyzed_bin
writev
108
1, 0x7ffc0c565b00, 2
52
SYSCALL
analyzed_bin
writev
108
1, 0x7ffc0c565b00, 2
98
SYSCALL
analyzed_bin
writev
108
1, 0x7ffc0c565b00, 2
52
SYSCALL
analyzed_bin
writev
108
1, 0x7ffc0c565b00, 2
98
SYSCALL
analyzed_bin
writev
108
1, 0x7ffc0c565b00, 2
52
SYSCALL
analyzed_bin
writev
108
1, 0x7ffc0c565b00, 2
98
SYSCALL
analyzed_bin
writev
108
1, 0x7ffc0c565b00, 2
52
SYSCALL
analyzed_bin
writev
108
1, 0x7ffc0c565b00, 2
98
SYSCALL
analyzed_bin
writev
108
1, 0x7ffc0c565b00, 2
52
SYSCALL
analyzed_bin
writev
108
1, 0x7ffc0c565b00, 2
98
SYSCALL
analyzed_bin
writev
108
1, 0x7ffc0c565b00, 2
52
SYSCALL
analyzed_bin
writev
108
1, 0x7ffc0c565b00, 2
98
SYSCALL
analyzed_bin
writev
108
1, 0x7ffc0c565b00, 2
52
SYSCALL
analyzed_bin
writev
108
1, 0x7ffc0c565b00, 2
98
SYSCALL
analyzed_bin
writev
108
1, 0x7ffc0c565b00, 2
52
SYSCALL
analyzed_bin
writev
108
1, 0x7ffc0c565b00, 2
98
SYSCALL
analyzed_bin
writev
108
1, 0x7ffc0c565b00, 2
52
SYSCALL
analyzed_bin
writev
108
1, 0x7ffc0c565b00, 2
98
SYSCALL
analyzed_bin
writev
108
1, 0x7ffc0c565b00, 2
52
SYSCALL
analyzed_bin
writev
108
1, 0x7ffc0c565b00, 2
98
SYSCALL
analyzed_bin
writev
108
1, 0x7ffc0c565b00, 2
52
SYSCALL
analyzed_bin
writev
108
1, 0x7ffc0c565b00, 2
98
SYSCALL
analyzed_bin
writev
108
1, 0x7ffc0c565b00, 2
52
SYSCALL
analyzed_bin
writev
108
1, 0x7ffc0c565b00, 2
98
SYSCALL
analyzed_bin
writev
108
1, 0x7ffc0c565b00, 2
52
SYSCALL
analyzed_bin
writev
108
1, 0x7ffc0c565b00, 2
98
SYSCALL
analyzed_bin
writev
108
1, 0x7ffc0c565b00, 2
52
SYSCALL
analyzed_bin
writev
108
1, 0x7ffc0c565b00, 2
98
SYSCALL
analyzed_bin
writev
108
1, 0x7ffc0c565b00, 2
52
SYSCALL
analyzed_bin
writev
108
1, 0x7ffc0c565b00, 2
98
SYSCALL
analyzed_bin
writev
108
1, 0x7ffc0c565b00, 2
52
SYSCALL
analyzed_bin
writev
108
1, 0x7ffc0c565b00, 2
98
SYSCALL
analyzed_bin
writev
108
1, 0x7ffc0c565b00, 2
52
SYSCALL
analyzed_bin
writev
108
1, 0x7ffc0c565b00, 2
98
SYSCALL
analyzed_bin
writev
108
1, 0x7ffc0c565b00, 2
52
SYSCALL
analyzed_bin
writev
108
1, 0x7ffc0c565b00, 2
98
SYSCALL
analyzed_bin
writev
108
1, 0x7ffc0c565b00, 2
52
SYSCALL
analyzed_bin
writev
108
1, 0x7ffc0c565b00, 2
98
SYSCALL
analyzed_bin
writev
108
1, 0x7ffc0c565b00, 2
52
SYSCALL
analyzed_bin
writev
108
1, 0x7ffc0c565b00, 2
98
SYSCALL
analyzed_bin
writev
108
1, 0x7ffc0c565b00, 2
52
SYSCALL
analyzed_bin
writev
108
1, 0x7ffc0c565b00, 2
98
SYSCALL
analyzed_bin
writev
108
1, 0x7ffc0c565b00, 2
52
SYSCALL
analyzed_bin
writev
108
1, 0x7ffc0c565b00, 2
98
SYSCALL
analyzed_bin
writev
108
1, 0x7ffc0c565b00, 2
52
SYSCALL
analyzed_bin
writev
108
1, 0x7ffc0c565b00, 2
98
SYSCALL
analyzed_bin
writev
108
1, 0x7ffc0c565b00, 2
52
SYSCALL
analyzed_bin
writev
108
1, 0x7ffc0c565b00, 2
98
SYSCALL
analyzed_bin
writev
108
1, 0x7ffc0c565b00, 2
52
SYSCALL
analyzed_bin
writev
108
1, 0x7ffc0c565b00, 2
98
SYSCALL
analyzed_bin
writev
108
1, 0x7ffc0c565b00, 2
52
SYSCALL
analyzed_bin
writev
108
1, 0x7ffc0c565b00, 2
98
SYSCALL
analyzed_bin
writev
108
1, 0x7ffc0c565b00, 2
52
SYSCALL
analyzed_bin
writev
108
1, 0x7ffc0c565b00, 2
98
SYSCALL
analyzed_bin
writev
108
1, 0x7ffc0c565b00, 2
52
SYSCALL
analyzed_bin
writev
108
1, 0x7ffc0c565b00, 2
98
SYSCALL
analyzed_bin
writev
108
1, 0x7ffc0c565b00, 2
52
SYSCALL
analyzed_bin
writev
108
1, 0x7ffc0c565b00, 2
98
SYSCALL
analyzed_bin
writev
108
1, 0x7ffc0c565b00, 2
52
SYSCALL
analyzed_bin
writev
108
1, 0x7ffc0c565b00, 2
98
SYSCALL
analyzed_bin
writev
108
1, 0x7ffc0c565b00, 2
52
SYSCALL
analyzed_bin
writev
108
1, 0x7ffc0c565b00, 2
98
SYSCALL
analyzed_bin
writev
108
1, 0x7ffc0c565b00, 2
52
SYSCALL
analyzed_bin
writev
108
1, 0x7ffc0c565b00, 2
98
SYSCALL
analyzed_bin
writev
108
1, 0x7ffc0c565b00, 2
52
SYSCALL
analyzed_bin
writev
108
1, 0x7ffc0c565b00, 2
98
SYSCALL
analyzed_bin
writev
108
1, 0x7ffc0c565b00, 2
52
SYSCALL
analyzed_bin
writev
108
1, 0x7ffc0c565b00, 2
98
SYSCALL
analyzed_bin
writev
108
1, 0x7ffc0c565b00, 2
52
SYSCALL
analyzed_bin
writev
108
1, 0x7ffc0c565b00, 2
98
SYSCALL
analyzed_bin
writev
108
1, 0x7ffc0c565b00, 2
52
SYSCALL
analyzed_bin
writev
108
1, 0x7ffc0c565b00, 2
98
SYSCALL
analyzed_bin
writev
108
1, 0x7ffc0c565b00, 2
52
SYSCALL
analyzed_bin
writev
108
1, 0x7ffc0c565b00, 2
98
SYSCALL
analyzed_bin
writev
108
1, 0x7ffc0c565b00, 2
52
SYSCALL
analyzed_bin
writev
108
1, 0x7ffc0c565b00, 2
98
SYSCALL
analyzed_bin
writev
108
1, 0x7ffc0c565b00, 2
52
SYSCALL
analyzed_bin
writev
108
1, 0x7ffc0c565b00, 2
98
SYSCALL
analyzed_bin
writev
108
1, 0x7ffc0c565b00, 2
52
SYSCALL
analyzed_bin
writev
108
1, 0x7ffc0c565b00, 2
98
SYSCALL
analyzed_bin
writev
108
1, 0x7ffc0c565b00, 2
52
SYSCALL
analyzed_bin
writev
108
1, 0x7ffc0c565b00, 2
98
SYSCALL
analyzed_bin
writev
108
1, 0x7ffc0c565b00, 2
52
SYSCALL
analyzed_bin
writev
108
1, 0x7ffc0c565b00, 2
98
SYSCALL
analyzed_bin
writev
108
1, 0x7ffc0c565b00, 2
52
SYSCALL
analyzed_bin
writev
108
1, 0x7ffc0c565b00, 2
98
SYSCALL
analyzed_bin
writev
108
1, 0x7ffc0c565b00, 2
52
SYSCALL
analyzed_bin
writev
108
1, 0x7ffc0c565b00, 2
98
SYSCALL
analyzed_bin
writev
108
1, 0x7ffc0c565b00, 2
52
SYSCALL
analyzed_bin
writev
108
1, 0x7ffc0c565b00, 2
98
SYSCALL
analyzed_bin
writev
108
1, 0x7ffc0c565b00, 2
52
SYSCALL
analyzed_bin
writev
108
1, 0x7ffc0c565b00, 2
98
SYSCALL
analyzed_bin
writev
108
1, 0x7ffc0c565b00, 2
52
SYSCALL
analyzed_bin
writev
108
1, 0x7ffc0c565b00, 2
98
SYSCALL
analyzed_bin
writev
108
1, 0x7ffc0c565b00, 2
52
SYSCALL
analyzed_bin
writev
108
1, 0x7ffc0c565b00, 2
98
SYSCALL
analyzed_bin
writev
108
1, 0x7ffc0c565b00, 2
52
SYSCALL
analyzed_bin
writev
108
1, 0x7ffc0c565b00, 2
98
SYSCALL
analyzed_bin
writev
108
1, 0x7ffc0c565b00, 2
52
SYSCALL
analyzed_bin
writev
108
1, 0x7ffc0c565b00, 2
98
SYSCALL
analyzed_bin
writev
108
1, 0x7ffc0c565b00, 2
52
SYSCALL
analyzed_bin
writev
108
1, 0x7ffc0c565b00, 2
98
SYSCALL
analyzed_bin
writev
108
1, 0x7ffc0c565b00, 2
52
SYSCALL
analyzed_bin
writev
108
1, 0x7ffc0c565b00, 2
98
SYSCALL
analyzed_bin
writev
108
1, 0x7ffc0c565b00, 2
52
SYSCALL
analyzed_bin
writev
108
1, 0x7ffc0c565b00, 2
98
SYSCALL
analyzed_bin
writev
108
1, 0x7ffc0c565b00, 2
52
SYSCALL
analyzed_bin
writev
108
1, 0x7ffc0c565b00, 2
98
SYSCALL
analyzed_bin
writev
108
1, 0x7ffc0c565b00, 2
52
SYSCALL
analyzed_bin
writev
108
1, 0x7ffc0c565b00, 2
98
SYSCALL
analyzed_bin
writev
108
1, 0x7ffc0c565b00, 2
52
SYSCALL
analyzed_bin
writev
108
1, 0x7ffc0c565b00, 2
98
SYSCALL
analyzed_bin
writev
108
1, 0x7ffc0c565b00, 2
52
SYSCALL
analyzed_bin
writev
108
1, 0x7ffc0c565b00, 2
98
SYSCALL
analyzed_bin
writev
108
1, 0x7ffc0c565b00, 2
52
SYSCALL
analyzed_bin
writev
108
1, 0x7ffc0c565b00, 2
98
SYSCALL
analyzed_bin
writev
108
1, 0x7ffc0c565b00, 2
52
SYSCALL
analyzed_bin
writev
108
1, 0x7ffc0c565b00, 2
98
SYSCALL
analyzed_bin
writev
108
1, 0x7ffc0c565b00, 2
52
SYSCALL
analyzed_bin
writev
108
1, 0x7ffc0c565b00, 2
98
SYSCALL
analyzed_bin
writev
108
1, 0x7ffc0c565b00, 2
52
SYSCALL
analyzed_bin
writev
108
1, 0x7ffc0c565b00, 2
98
SYSCALL
analyzed_bin
writev
108
1, 0x7ffc0c565b00, 2
52
SYSCALL
analyzed_bin
writev
108
1, 0x7ffc0c565b00, 2
98
SYSCALL
analyzed_bin
writev
108
1, 0x7ffc0c565b00, 2
52
SYSCALL
analyzed_bin
writev
108
1, 0x7ffc0c565b00, 2
98
SYSCALL
analyzed_bin
writev
108
1, 0x7ffc0c565b00, 2
52
SYSCALL
analyzed_bin
writev
108
1, 0x7ffc0c565b00, 2
98
SYSCALL
analyzed_bin
writev
108
1, 0x7ffc0c565b00, 2
52
SYSCALL
analyzed_bin
writev
108
1, 0x7ffc0c565b00, 2
98
SYSCALL
analyzed_bin
writev
108
1, 0x7ffc0c565b00, 2
52
SYSCALL
analyzed_bin
writev
108
1, 0x7ffc0c565b00, 2
98
SYSCALL
analyzed_bin
writev
108
1, 0x7ffc0c565b00, 2
52
SYSCALL
analyzed_bin
writev
108
1, 0x7ffc0c565b00, 2
98
SYSCALL
analyzed_bin
writev
108
1, 0x7ffc0c565b00, 2
52
SYSCALL
analyzed_bin
writev
108
1, 0x7ffc0c565b00, 2
98
SYSCALL
analyzed_bin
writev
108
1, 0x7ffc0c565b00, 2
52
SYSCALL
analyzed_bin
writev
108
1, 0x7ffc0c565b00, 2
98
SYSCALL
analyzed_bin
writev
108
1, 0x7ffc0c565b00, 2
52
SYSCALL
analyzed_bin
writev
108
1, 0x7ffc0c565b00, 2
98
SYSCALL
analyzed_bin
writev
108
1, 0x7ffc0c565b00, 2
52
SYSCALL
analyzed_bin
writev
108
1, 0x7ffc0c565b00, 2
98
SYSCALL
analyzed_bin
writev
108
1, 0x7ffc0c565b00, 2
52
SYSCALL
analyzed_bin
writev
108
1, 0x7ffc0c565b00, 2
98
SYSCALL
analyzed_bin
writev
108
1, 0x7ffc0c565b00, 2
52
SYSCALL
analyzed_bin
writev
108
1, 0x7ffc0c565b00, 2
98
SYSCALL
analyzed_bin
writev
108
1, 0x7ffc0c565b00, 2
52
SYSCALL
analyzed_bin
writev
108
1, 0x7ffc0c565b00, 2
98
SYSCALL
analyzed_bin
writev
108
1, 0x7ffc0c565b00, 2
52
