LISA
PROCESS
108:105
SYSCALL
analyzed_bin
execve
108

0
SYSCALL
analyzed_bin
arch_prctl
108
ARCH_SET_FS, 140021961339256
0
SYSCALL
analyzed_bin
set_tid_address
108
0x7f59674431b0
108
SYSCALL
analyzed_bin
brk
108
0x0
140021961342976
SYSCALL
analyzed_bin
brk
108
0x7f5967445000
140021961347072
SYSCALL
analyzed_bin
brk
108
0x7f5967457000
140021961420800
SYSCALL
analyzed_bin
brk
108
0x7f5967458000
140021961424896
SYSCALL
analyzed_bin
brk
108
0x7f5967459000
140021961428992
SYSCALL
analyzed_bin
brk
108
0x7f596745a000
140021961433088
SYSCALL
analyzed_bin
brk
108
0x7f596745b000
140021961437184
SYSCALL
analyzed_bin
brk
108
0x7f596745c000
140021961441280
SYSCALL
analyzed_bin
brk
108
0x7f596745d000
140021961445376
SYSCALL
analyzed_bin
brk
108
0x7f596745e000
140021961449472
SYSCALL
analyzed_bin
brk
108
0x7f596745f000
140021961453568
SYSCALL
analyzed_bin
brk
108
0x7f5967460000
140021961457664
SYSCALL
analyzed_bin
brk
108
0x7f5967461000
140021961461760
SYSCALL
analyzed_bin
brk
108
0x7f5967462000
140021961465856
SYSCALL
analyzed_bin
brk
108
0x7f5967463000
140021961469952
SYSCALL
analyzed_bin
brk
108
0x7f5967464000
140021961474048
SYSCALL
analyzed_bin
brk
108
0x7f5967465000
140021961478144
SYSCALL
analyzed_bin
brk
108
0x7f5967466000
140021961482240
SYSCALL
analyzed_bin
brk
108
0x7f5967467000
140021961486336
SYSCALL
analyzed_bin
brk
108
0x7f5967469000
140021961494528
SYSCALL
analyzed_bin
brk
108
0x7f596746a000
140021961498624
SYSCALL
analyzed_bin
brk
108
0x7f596746b000
140021961502720
SYSCALL
analyzed_bin
brk
108
0x7f596746c000
140021961506816
SYSCALL
analyzed_bin
brk
108
0x7f596746d000
140021961510912
SYSCALL
analyzed_bin
brk
108
0x7f596746e000
140021961515008
SYSCALL
analyzed_bin
brk
108
0x7f596746f000
140021961519104
SYSCALL
analyzed_bin
brk
108
0x7f5967470000
140021961523200
SYSCALL
analyzed_bin
brk
108
0x7f5967473000
140021961535488
SYSCALL
analyzed_bin
brk
108
0x7f5967474000
140021961539584
SYSCALL
analyzed_bin
brk
108
0x7f5967475000
140021961543680
SYSCALL
analyzed_bin
brk
108
0x7f5967476000
140021961547776
SYSCALL
analyzed_bin
brk
108
0x7f5967477000
140021961551872
SYSCALL
analyzed_bin
brk
108
0x7f5967478000
140021961555968
SYSCALL
analyzed_bin
brk
108
0x7f5967479000
140021961560064
SYSCALL
analyzed_bin
brk
108
0x7f596747a000
140021961564160
SYSCALL
analyzed_bin
brk
108
0x7f596747b000
140021961568256
SYSCALL
analyzed_bin
brk
108
0x7f596747c000
140021961572352
SYSCALL
analyzed_bin
brk
108
0x7f596747d000
140021961576448
SYSCALL
analyzed_bin
brk
108
0x7f596747e000
140021961580544
SYSCALL
analyzed_bin
brk
108
0x7f596747f000
140021961584640
SYSCALL
analyzed_bin
brk
108
0x7f5967480000
140021961588736
SYSCALL
analyzed_bin
brk
108
0x7f5967481000
140021961592832
SYSCALL
analyzed_bin
brk
108
0x7f5967486000
140021961613312
SYSCALL
analyzed_bin
brk
108
0x7f5967487000
140021961617408
SYSCALL
analyzed_bin
brk
108
0x7f5967488000
140021961621504
SYSCALL
analyzed_bin
getuid
108

0
SYSCALL
analyzed_bin
geteuid
108

0
SYSCALL
analyzed_bin
getgid
108

0
SYSCALL
analyzed_bin
getegid
108

0
OPENFILE
"/usr/local/ssl/openssl.cnf"
SYSCALL
analyzed_bin
open
108
"/usr/local/ssl/openssl.cnf", O_RDONLY
-2 (ENOENT)
SYSCALL
analyzed_bin
brk
108
0x7f5967489000
140021961625600
SYSCALL
analyzed_bin
brk
108
0x7f596748a000
140021961629696
SYSCALL
analyzed_bin
brk
108
0x7f596748b000
140021961633792
SYSCALL
analyzed_bin
brk
108
0x7f596748c000
140021961637888
SYSCALL
analyzed_bin
brk
108
0x7f596748d000
140021961641984
SYSCALL
analyzed_bin
brk
108
0x7f596748e000
140021961646080
SYSCALL
analyzed_bin
brk
108
0x7f596748f000
140021961650176
SYSCALL
analyzed_bin
brk
108
0x7f5967490000
140021961654272
SYSCALL
analyzed_bin
brk
108
0x7f5967491000
140021961658368
SYSCALL
analyzed_bin
brk
108
0x7f5967492000
140021961662464
SYSCALL
analyzed_bin
brk
108
0x7f5967493000
140021961666560
SYSCALL
analyzed_bin
brk
108
0x7f5967494000
140021961670656
SYSCALL
analyzed_bin
brk
108
0x7f5967495000
140021961674752
OPENFILE
"config.txt"
SYSCALL
analyzed_bin
open
108
"config.txt", O_RDONLY
-2 (ENOENT)
OPENFILE
"pools.txt"
SYSCALL
analyzed_bin
open
108
"pools.txt", O_RDONLY
-2 (ENOENT)
SYSCALL
analyzed_bin
brk
108
0x7f5967497000
140021961682944
SYSCALL
analyzed_bin
brk
108
0x7f5967499000
140021961691136
SYSCALL
analyzed_bin
writev
108
1, 0x7ffe7a893090, 2
32
SYSCALL
analyzed_bin
readv
108
0, 0x7ffe7a893070, 2
0
SYSCALL
analyzed_bin
brk
108
0x7f596749b000
140021961699328
SYSCALL
analyzed_bin
brk
108
0x7f596749f000
140021961715712
SYSCALL
analyzed_bin
brk
108
0x7f59674a3000
140021961732096
OPENFILE
"config.txt"
SYSCALL
analyzed_bin
open
108
"config.txt", O_WRONLY|O_CREAT|O_TRUNC, 0666
3
SYSCALL
analyzed_bin
ioctl
108
3, 21523, 0x7ffe7a892ee8
-25 (ENOTTY)
SYSCALL
analyzed_bin
writev
108
3, 0x7ffe7a892e50, 2
6726
SYSCALL
analyzed_bin
close
108
3
0
SYSCALL
analyzed_bin
writev
108
1, 0x7ffe7a893180, 2
42
SYSCALL
analyzed_bin
writev
108
1, 0x7ffe7a892e10, 2
14
SYSCALL
analyzed_bin
writev
108
1, 0x7ffe7a892e20, 2
52
SYSCALL
analyzed_bin
writev
108
1, 0x7ffe7a892e20, 2
98
SYSCALL
analyzed_bin
writev
108
1, 0x7ffe7a892e20, 2
52
SYSCALL
analyzed_bin
writev
108
1, 0x7ffe7a892e20, 2
98
SYSCALL
analyzed_bin
writev
108
1, 0x7ffe7a892e20, 2
52
SYSCALL
analyzed_bin
writev
108
1, 0x7ffe7a892e20, 2
98
SYSCALL
analyzed_bin
writev
108
1, 0x7ffe7a892e20, 2
52
SYSCALL
analyzed_bin
writev
108
1, 0x7ffe7a892e20, 2
98
SYSCALL
analyzed_bin
writev
108
1, 0x7ffe7a892e20, 2
52
SYSCALL
analyzed_bin
writev
108
1, 0x7ffe7a892e20, 2
98
SYSCALL
analyzed_bin
writev
108
1, 0x7ffe7a892e20, 2
52
SYSCALL
analyzed_bin
writev
108
1, 0x7ffe7a892e20, 2
98
SYSCALL
analyzed_bin
writev
108
1, 0x7ffe7a892e20, 2
52
SYSCALL
analyzed_bin
writev
108
1, 0x7ffe7a892e20, 2
98
SYSCALL
analyzed_bin
writev
108
1, 0x7ffe7a892e20, 2
52
SYSCALL
analyzed_bin
writev
108
1, 0x7ffe7a892e20, 2
98
SYSCALL
analyzed_bin
writev
108
1, 0x7ffe7a892e20, 2
52
SYSCALL
analyzed_bin
writev
108
1, 0x7ffe7a892e20, 2
98
SYSCALL
analyzed_bin
writev
108
1, 0x7ffe7a892e20, 2
52
SYSCALL
analyzed_bin
writev
108
1, 0x7ffe7a892e20, 2
98
SYSCALL
analyzed_bin
writev
108
1, 0x7ffe7a892e20, 2
52
SYSCALL
analyzed_bin
writev
108
1, 0x7ffe7a892e20, 2
98
SYSCALL
analyzed_bin
writev
108
1, 0x7ffe7a892e20, 2
52
SYSCALL
analyzed_bin
writev
108
1, 0x7ffe7a892e20, 2
98
SYSCALL
analyzed_bin
writev
108
1, 0x7ffe7a892e20, 2
52
SYSCALL
analyzed_bin
writev
108
1, 0x7ffe7a892e20, 2
98
SYSCALL
analyzed_bin
writev
108
1, 0x7ffe7a892e20, 2
52
SYSCALL
analyzed_bin
writev
108
1, 0x7ffe7a892e20, 2
98
SYSCALL
analyzed_bin
writev
108
1, 0x7ffe7a892e20, 2
52
SYSCALL
analyzed_bin
writev
108
1, 0x7ffe7a892e20, 2
98
SYSCALL
analyzed_bin
writev
108
1, 0x7ffe7a892e20, 2
52
SYSCALL
analyzed_bin
writev
108
1, 0x7ffe7a892e20, 2
98
SYSCALL
analyzed_bin
writev
108
1, 0x7ffe7a892e20, 2
52
SYSCALL
analyzed_bin
writev
108
1, 0x7ffe7a892e20, 2
98
SYSCALL
analyzed_bin
writev
108
1, 0x7ffe7a892e20, 2
52
SYSCALL
analyzed_bin
writev
108
1, 0x7ffe7a892e20, 2
98
SYSCALL
analyzed_bin
writev
108
1, 0x7ffe7a892e20, 2
52
SYSCALL
analyzed_bin
writev
108
1, 0x7ffe7a892e20, 2
98
SYSCALL
analyzed_bin
writev
108
1, 0x7ffe7a892e20, 2
52
SYSCALL
analyzed_bin
writev
108
1, 0x7ffe7a892e20, 2
98
SYSCALL
analyzed_bin
writev
108
1, 0x7ffe7a892e20, 2
52
SYSCALL
analyzed_bin
writev
108
1, 0x7ffe7a892e20, 2
98
SYSCALL
analyzed_bin
writev
108
1, 0x7ffe7a892e20, 2
52
SYSCALL
analyzed_bin
writev
108
1, 0x7ffe7a892e20, 2
98
SYSCALL
analyzed_bin
writev
108
1, 0x7ffe7a892e20, 2
52
SYSCALL
analyzed_bin
writev
108
1, 0x7ffe7a892e20, 2
98
SYSCALL
analyzed_bin
writev
108
1, 0x7ffe7a892e20, 2
52
SYSCALL
analyzed_bin
writev
108
1, 0x7ffe7a892e20, 2
98
SYSCALL
analyzed_bin
writev
108
1, 0x7ffe7a892e20, 2
52
SYSCALL
analyzed_bin
writev
108
1, 0x7ffe7a892e20, 2
98
SYSCALL
analyzed_bin
writev
108
1, 0x7ffe7a892e20, 2
52
SYSCALL
analyzed_bin
writev
108
1, 0x7ffe7a892e20, 2
98
SYSCALL
analyzed_bin
writev
108
1, 0x7ffe7a892e20, 2
52
SYSCALL
analyzed_bin
writev
108
1, 0x7ffe7a892e20, 2
98
SYSCALL
analyzed_bin
writev
108
1, 0x7ffe7a892e20, 2
52
SYSCALL
analyzed_bin
writev
108
1, 0x7ffe7a892e20, 2
98
SYSCALL
analyzed_bin
writev
108
1, 0x7ffe7a892e20, 2
52
SYSCALL
analyzed_bin
writev
108
1, 0x7ffe7a892e20, 2
98
SYSCALL
analyzed_bin
writev
108
1, 0x7ffe7a892e20, 2
52
SYSCALL
analyzed_bin
writev
108
1, 0x7ffe7a892e20, 2
98
SYSCALL
analyzed_bin
writev
108
1, 0x7ffe7a892e20, 2
52
SYSCALL
analyzed_bin
writev
108
1, 0x7ffe7a892e20, 2
98
SYSCALL
analyzed_bin
writev
108
1, 0x7ffe7a892e20, 2
52
SYSCALL
analyzed_bin
writev
108
1, 0x7ffe7a892e20, 2
98
SYSCALL
analyzed_bin
writev
108
1, 0x7ffe7a892e20, 2
52
SYSCALL
analyzed_bin
writev
108
1, 0x7ffe7a892e20, 2
98
SYSCALL
analyzed_bin
writev
108
1, 0x7ffe7a892e20, 2
52
SYSCALL
analyzed_bin
writev
108
1, 0x7ffe7a892e20, 2
98
SYSCALL
analyzed_bin
writev
108
1, 0x7ffe7a892e20, 2
52
SYSCALL
analyzed_bin
writev
108
1, 0x7ffe7a892e20, 2
98
SYSCALL
analyzed_bin
writev
108
1, 0x7ffe7a892e20, 2
52
SYSCALL
analyzed_bin
writev
108
1, 0x7ffe7a892e20, 2
98
SYSCALL
analyzed_bin
writev
108
1, 0x7ffe7a892e20, 2
52
SYSCALL
analyzed_bin
writev
108
1, 0x7ffe7a892e20, 2
98
SYSCALL
analyzed_bin
writev
108
1, 0x7ffe7a892e20, 2
52
SYSCALL
analyzed_bin
writev
108
1, 0x7ffe7a892e20, 2
98
SYSCALL
analyzed_bin
writev
108
1, 0x7ffe7a892e20, 2
52
SYSCALL
analyzed_bin
writev
108
1, 0x7ffe7a892e20, 2
98
SYSCALL
analyzed_bin
writev
108
1, 0x7ffe7a892e20, 2
52
SYSCALL
analyzed_bin
writev
108
1, 0x7ffe7a892e20, 2
98
SYSCALL
analyzed_bin
writev
108
1, 0x7ffe7a892e20, 2
52
SYSCALL
analyzed_bin
writev
108
1, 0x7ffe7a892e20, 2
98
SYSCALL
analyzed_bin
writev
108
1, 0x7ffe7a892e20, 2
52
SYSCALL
analyzed_bin
writev
108
1, 0x7ffe7a892e20, 2
98
SYSCALL
analyzed_bin
writev
108
1, 0x7ffe7a892e20, 2
52
SYSCALL
analyzed_bin
writev
108
1, 0x7ffe7a892e20, 2
98
SYSCALL
analyzed_bin
writev
108
1, 0x7ffe7a892e20, 2
52
SYSCALL
analyzed_bin
writev
108
1, 0x7ffe7a892e20, 2
98
SYSCALL
analyzed_bin
writev
108
1, 0x7ffe7a892e20, 2
52
SYSCALL
analyzed_bin
writev
108
1, 0x7ffe7a892e20, 2
98
SYSCALL
analyzed_bin
writev
108
1, 0x7ffe7a892e20, 2
52
SYSCALL
analyzed_bin
writev
108
1, 0x7ffe7a892e20, 2
98
SYSCALL
analyzed_bin
writev
108
1, 0x7ffe7a892e20, 2
52
SYSCALL
analyzed_bin
writev
108
1, 0x7ffe7a892e20, 2
98
SYSCALL
analyzed_bin
writev
108
1, 0x7ffe7a892e20, 2
52
SYSCALL
analyzed_bin
writev
108
1, 0x7ffe7a892e20, 2
98
SYSCALL
analyzed_bin
writev
108
1, 0x7ffe7a892e20, 2
52
SYSCALL
analyzed_bin
writev
108
1, 0x7ffe7a892e20, 2
98
SYSCALL
analyzed_bin
writev
108
1, 0x7ffe7a892e20, 2
52
SYSCALL
analyzed_bin
writev
108
1, 0x7ffe7a892e20, 2
98
SYSCALL
analyzed_bin
writev
108
1, 0x7ffe7a892e20, 2
52
SYSCALL
analyzed_bin
writev
108
1, 0x7ffe7a892e20, 2
98
SYSCALL
analyzed_bin
writev
108
1, 0x7ffe7a892e20, 2
52
SYSCALL
analyzed_bin
writev
108
1, 0x7ffe7a892e20, 2
98
SYSCALL
analyzed_bin
writev
108
1, 0x7ffe7a892e20, 2
52
SYSCALL
analyzed_bin
writev
108
1, 0x7ffe7a892e20, 2
98
SYSCALL
analyzed_bin
writev
108
1, 0x7ffe7a892e20, 2
52
SYSCALL
analyzed_bin
writev
108
1, 0x7ffe7a892e20, 2
98
SYSCALL
analyzed_bin
writev
108
1, 0x7ffe7a892e20, 2
52
SYSCALL
analyzed_bin
writev
108
1, 0x7ffe7a892e20, 2
98
SYSCALL
analyzed_bin
writev
108
1, 0x7ffe7a892e20, 2
52
SYSCALL
analyzed_bin
writev
108
1, 0x7ffe7a892e20, 2
98
SYSCALL
analyzed_bin
writev
108
1, 0x7ffe7a892e20, 2
52
SYSCALL
analyzed_bin
writev
108
1, 0x7ffe7a892e20, 2
98
SYSCALL
analyzed_bin
writev
108
1, 0x7ffe7a892e20, 2
52
SYSCALL
analyzed_bin
writev
108
1, 0x7ffe7a892e20, 2
98
SYSCALL
analyzed_bin
writev
108
1, 0x7ffe7a892e20, 2
52
SYSCALL
analyzed_bin
writev
108
1, 0x7ffe7a892e20, 2
98
SYSCALL
analyzed_bin
writev
108
1, 0x7ffe7a892e20, 2
52
SYSCALL
analyzed_bin
writev
108
1, 0x7ffe7a892e20, 2
98
SYSCALL
analyzed_bin
writev
108
1, 0x7ffe7a892e20, 2
52
SYSCALL
analyzed_bin
writev
108
1, 0x7ffe7a892e20, 2
98
SYSCALL
analyzed_bin
writev
108
1, 0x7ffe7a892e20, 2
52
SYSCALL
analyzed_bin
writev
108
1, 0x7ffe7a892e20, 2
98
SYSCALL
analyzed_bin
writev
108
1, 0x7ffe7a892e20, 2
52
SYSCALL
analyzed_bin
writev
108
1, 0x7ffe7a892e20, 2
98
SYSCALL
analyzed_bin
writev
108
1, 0x7ffe7a892e20, 2
52
SYSCALL
analyzed_bin
writev
108
1, 0x7ffe7a892e20, 2
98
SYSCALL
analyzed_bin
writev
108
1, 0x7ffe7a892e20, 2
52
SYSCALL
analyzed_bin
writev
108
1, 0x7ffe7a892e20, 2
98
SYSCALL
analyzed_bin
writev
108
1, 0x7ffe7a892e20, 2
52
SYSCALL
analyzed_bin
writev
108
1, 0x7ffe7a892e20, 2
98
SYSCALL
analyzed_bin
writev
108
1, 0x7ffe7a892e20, 2
52
SYSCALL
analyzed_bin
writev
108
1, 0x7ffe7a892e20, 2
98
SYSCALL
analyzed_bin
writev
108
1, 0x7ffe7a892e20, 2
52
SYSCALL
analyzed_bin
writev
108
1, 0x7ffe7a892e20, 2
98
SYSCALL
analyzed_bin
writev
108
1, 0x7ffe7a892e20, 2
52
SYSCALL
analyzed_bin
writev
108
1, 0x7ffe7a892e20, 2
98
SYSCALL
analyzed_bin
writev
108
1, 0x7ffe7a892e20, 2
52
SYSCALL
analyzed_bin
writev
108
1, 0x7ffe7a892e20, 2
98
SYSCALL
analyzed_bin
writev
108
1, 0x7ffe7a892e20, 2
52
SYSCALL
analyzed_bin
writev
108
1, 0x7ffe7a892e20, 2
98
SYSCALL
analyzed_bin
writev
108
1, 0x7ffe7a892e20, 2
52
SYSCALL
analyzed_bin
writev
108
1, 0x7ffe7a892e20, 2
98
SYSCALL
analyzed_bin
writev
108
1, 0x7ffe7a892e20, 2
52
SYSCALL
analyzed_bin
writev
108
1, 0x7ffe7a892e20, 2
98
SYSCALL
analyzed_bin
writev
108
1, 0x7ffe7a892e20, 2
52
SYSCALL
analyzed_bin
writev
108
1, 0x7ffe7a892e20, 2
98
SYSCALL
analyzed_bin
writev
108
1, 0x7ffe7a892e20, 2
52
SYSCALL
analyzed_bin
writev
108
1, 0x7ffe7a892e20, 2
98
SYSCALL
analyzed_bin
writev
108
1, 0x7ffe7a892e20, 2
52
SYSCALL
analyzed_bin
writev
108
1, 0x7ffe7a892e20, 2
98
SYSCALL
analyzed_bin
writev
108
1, 0x7ffe7a892e20, 2
52
SYSCALL
analyzed_bin
writev
108
1, 0x7ffe7a892e20, 2
98
SYSCALL
analyzed_bin
writev
108
1, 0x7ffe7a892e20, 2
52
SYSCALL
analyzed_bin
writev
108
1, 0x7ffe7a892e20, 2
98
SYSCALL
analyzed_bin
writev
108
1, 0x7ffe7a892e20, 2
52
SYSCALL
analyzed_bin
writev
108
1, 0x7ffe7a892e20, 2
98
SYSCALL
analyzed_bin
writev
108
1, 0x7ffe7a892e20, 2
52
SYSCALL
analyzed_bin
writev
108
1, 0x7ffe7a892e20, 2
98
SYSCALL
analyzed_bin
writev
108
1, 0x7ffe7a892e20, 2
52
SYSCALL
analyzed_bin
writev
108
1, 0x7ffe7a892e20, 2
98
SYSCALL
analyzed_bin
writev
108
1, 0x7ffe7a892e20, 2
52
SYSCALL
analyzed_bin
writev
108
1, 0x7ffe7a892e20, 2
98
SYSCALL
analyzed_bin
writev
108
1, 0x7ffe7a892e20, 2
52
SYSCALL
analyzed_bin
writev
108
1, 0x7ffe7a892e20, 2
98
SYSCALL
analyzed_bin
writev
108
1, 0x7ffe7a892e20, 2
52
SYSCALL
analyzed_bin
writev
108
1, 0x7ffe7a892e20, 2
98
SYSCALL
analyzed_bin
writev
108
1, 0x7ffe7a892e20, 2
52
SYSCALL
analyzed_bin
writev
108
1, 0x7ffe7a892e20, 2
98
SYSCALL
analyzed_bin
writev
108
1, 0x7ffe7a892e20, 2
52
SYSCALL
analyzed_bin
writev
108
1, 0x7ffe7a892e20, 2
98
SYSCALL
analyzed_bin
writev
108
1, 0x7ffe7a892e20, 2
52
SYSCALL
analyzed_bin
writev
108
1, 0x7ffe7a892e20, 2
98
SYSCALL
analyzed_bin
writev
108
1, 0x7ffe7a892e20, 2
52
SYSCALL
analyzed_bin
writev
108
1, 0x7ffe7a892e20, 2
98
SYSCALL
analyzed_bin
writev
108
1, 0x7ffe7a892e20, 2
52
SYSCALL
analyzed_bin
writev
108
1, 0x7ffe7a892e20, 2
98
SYSCALL
analyzed_bin
writev
108
1, 0x7ffe7a892e20, 2
52
SYSCALL
analyzed_bin
writev
108
1, 0x7ffe7a892e20, 2
98
SYSCALL
analyzed_bin
writev
108
1, 0x7ffe7a892e20, 2
52
SYSCALL
analyzed_bin
writev
108
1, 0x7ffe7a892e20, 2
98
SYSCALL
analyzed_bin
writev
108
1, 0x7ffe7a892e20, 2
52
SYSCALL
analyzed_bin
writev
108
1, 0x7ffe7a892e20, 2
98
SYSCALL
analyzed_bin
writev
108
1, 0x7ffe7a892e20, 2
52
SYSCALL
analyzed_bin
writev
108
1, 0x7ffe7a892e20, 2
98
SYSCALL
analyzed_bin
writev
108
1, 0x7ffe7a892e20, 2
52
SYSCALL
analyzed_bin
writev
108
1, 0x7ffe7a892e20, 2
98
SYSCALL
analyzed_bin
writev
108
1, 0x7ffe7a892e20, 2
52
SYSCALL
analyzed_bin
writev
108
1, 0x7ffe7a892e20, 2
98
SYSCALL
analyzed_bin
writev
108
1, 0x7ffe7a892e20, 2
52
SYSCALL
analyzed_bin
writev
108
1, 0x7ffe7a892e20, 2
98
SYSCALL
analyzed_bin
writev
108
1, 0x7ffe7a892e20, 2
52
SYSCALL
analyzed_bin
writev
108
1, 0x7ffe7a892e20, 2
98
SYSCALL
analyzed_bin
writev
108
1, 0x7ffe7a892e20, 2
52
SYSCALL
analyzed_bin
writev
108
1, 0x7ffe7a892e20, 2
98
SYSCALL
analyzed_bin
writev
108
1, 0x7ffe7a892e20, 2
52
SYSCALL
analyzed_bin
writev
108
1, 0x7ffe7a892e20, 2
98
SYSCALL
analyzed_bin
writev
108
1, 0x7ffe7a892e20, 2
52
SYSCALL
analyzed_bin
writev
108
1, 0x7ffe7a892e20, 2
98
SYSCALL
analyzed_bin
writev
108
1, 0x7ffe7a892e20, 2
52
SYSCALL
analyzed_bin
writev
108
1, 0x7ffe7a892e20, 2
98
SYSCALL
analyzed_bin
writev
108
1, 0x7ffe7a892e20, 2
52
SYSCALL
analyzed_bin
writev
108
1, 0x7ffe7a892e20, 2
98
SYSCALL
analyzed_bin
writev
108
1, 0x7ffe7a892e20, 2
52
SYSCALL
analyzed_bin
writev
108
1, 0x7ffe7a892e20, 2
98
SYSCALL
analyzed_bin
writev
108
1, 0x7ffe7a892e20, 2
52
SYSCALL
analyzed_bin
writev
108
1, 0x7ffe7a892e20, 2
98
SYSCALL
analyzed_bin
writev
108
1, 0x7ffe7a892e20, 2
52
SYSCALL
analyzed_bin
writev
108
1, 0x7ffe7a892e20, 2
98
SYSCALL
analyzed_bin
writev
108
1, 0x7ffe7a892e20, 2
52
SYSCALL
analyzed_bin
writev
108
1, 0x7ffe7a892e20, 2
98
SYSCALL
analyzed_bin
writev
108
1, 0x7ffe7a892e20, 2
52
SYSCALL
analyzed_bin
writev
108
1, 0x7ffe7a892e20, 2
98
SYSCALL
analyzed_bin
writev
108
1, 0x7ffe7a892e20, 2
52
SYSCALL
analyzed_bin
writev
108
1, 0x7ffe7a892e20, 2
98
SYSCALL
analyzed_bin
writev
108
1, 0x7ffe7a892e20, 2
52
SYSCALL
analyzed_bin
writev
108
1, 0x7ffe7a892e20, 2
98
SYSCALL
analyzed_bin
writev
108
1, 0x7ffe7a892e20, 2
52
SYSCALL
analyzed_bin
writev
108
1, 0x7ffe7a892e20, 2
98
SYSCALL
analyzed_bin
writev
108
1, 0x7ffe7a892e20, 2
52
SYSCALL
analyzed_bin
writev
108
1, 0x7ffe7a892e20, 2
98
SYSCALL
analyzed_bin
writev
108
1, 0x7ffe7a892e20, 2
52
SYSCALL
analyzed_bin
writev
108
1, 0x7ffe7a892e20, 2
98
SYSCALL
analyzed_bin
writev
108
1, 0x7ffe7a892e20, 2
52
SYSCALL
analyzed_bin
writev
108
1, 0x7ffe7a892e20, 2
98
SYSCALL
analyzed_bin
writev
108
1, 0x7ffe7a892e20, 2
52
SYSCALL
analyzed_bin
writev
108
1, 0x7ffe7a892e20, 2
98
SYSCALL
analyzed_bin
writev
108
1, 0x7ffe7a892e20, 2
52
SYSCALL
analyzed_bin
writev
108
1, 0x7ffe7a892e20, 2
98
SYSCALL
analyzed_bin
writev
108
1, 0x7ffe7a892e20, 2
52
SYSCALL
analyzed_bin
writev
108
1, 0x7ffe7a892e20, 2
98
SYSCALL
analyzed_bin
writev
108
1, 0x7ffe7a892e20, 2
52
SYSCALL
analyzed_bin
writev
108
1, 0x7ffe7a892e20, 2
98
SYSCALL
analyzed_bin
writev
108
1, 0x7ffe7a892e20, 2
52
SYSCALL
analyzed_bin
writev
108
1, 0x7ffe7a892e20, 2
98
SYSCALL
analyzed_bin
writev
108
1, 0x7ffe7a892e20, 2
52
SYSCALL
analyzed_bin
writev
108
1, 0x7ffe7a892e20, 2
98
SYSCALL
analyzed_bin
writev
108
1, 0x7ffe7a892e20, 2
52
SYSCALL
analyzed_bin
writev
108
1, 0x7ffe7a892e20, 2
98
SYSCALL
analyzed_bin
writev
108
1, 0x7ffe7a892e20, 2
52
SYSCALL
analyzed_bin
writev
108
1, 0x7ffe7a892e20, 2
98
SYSCALL
analyzed_bin
writev
108
1, 0x7ffe7a892e20, 2
52
SYSCALL
analyzed_bin
writev
108
1, 0x7ffe7a892e20, 2
98
SYSCALL
analyzed_bin
writev
108
1, 0x7ffe7a892e20, 2
52
SYSCALL
analyzed_bin
writev
108
1, 0x7ffe7a892e20, 2
98
SYSCALL
analyzed_bin
writev
108
1, 0x7ffe7a892e20, 2
52
SYSCALL
analyzed_bin
writev
108
1, 0x7ffe7a892e20, 2
98
SYSCALL
analyzed_bin
writev
108
1, 0x7ffe7a892e20, 2
52
SYSCALL
analyzed_bin
writev
108
1, 0x7ffe7a892e20, 2
98
SYSCALL
analyzed_bin
writev
108
1, 0x7ffe7a892e20, 2
52
SYSCALL
analyzed_bin
writev
108
1, 0x7ffe7a892e20, 2
98
SYSCALL
analyzed_bin
writev
108
1, 0x7ffe7a892e20, 2
52
SYSCALL
analyzed_bin
writev
108
1, 0x7ffe7a892e20, 2
98
SYSCALL
analyzed_bin
writev
108
1, 0x7ffe7a892e20, 2
52
SYSCALL
analyzed_bin
writev
108
1, 0x7ffe7a892e20, 2
98
SYSCALL
analyzed_bin
writev
108
1, 0x7ffe7a892e20, 2
52
SYSCALL
analyzed_bin
writev
108
1, 0x7ffe7a892e20, 2
98
SYSCALL
analyzed_bin
writev
108
1, 0x7ffe7a892e20, 2
52
SYSCALL
analyzed_bin
writev
108
1, 0x7ffe7a892e20, 2
98
SYSCALL
analyzed_bin
writev
108
1, 0x7ffe7a892e20, 2
52
SYSCALL
analyzed_bin
writev
108
1, 0x7ffe7a892e20, 2
98
SYSCALL
analyzed_bin
writev
108
1, 0x7ffe7a892e20, 2
52
SYSCALL
analyzed_bin
writev
108
1, 0x7ffe7a892e20, 2
98
SYSCALL
analyzed_bin
writev
108
1, 0x7ffe7a892e20, 2
52
SYSCALL
analyzed_bin
writev
108
1, 0x7ffe7a892e20, 2
98
SYSCALL
analyzed_bin
writev
108
1, 0x7ffe7a892e20, 2
52
SYSCALL
analyzed_bin
writev
108
1, 0x7ffe7a892e20, 2
98
SYSCALL
analyzed_bin
writev
108
1, 0x7ffe7a892e20, 2
52
SYSCALL
analyzed_bin
writev
108
1, 0x7ffe7a892e20, 2
98
SYSCALL
analyzed_bin
writev
108
1, 0x7ffe7a892e20, 2
52
SYSCALL
analyzed_bin
writev
108
1, 0x7ffe7a892e20, 2
98
SYSCALL
analyzed_bin
writev
108
1, 0x7ffe7a892e20, 2
52
SYSCALL
analyzed_bin
writev
108
1, 0x7ffe7a892e20, 2
98
SYSCALL
analyzed_bin
writev
108
1, 0x7ffe7a892e20, 2
52
SYSCALL
analyzed_bin
writev
108
1, 0x7ffe7a892e20, 2
98
SYSCALL
analyzed_bin
writev
108
1, 0x7ffe7a892e20, 2
52
SYSCALL
analyzed_bin
writev
108
1, 0x7ffe7a892e20, 2
98
SYSCALL
analyzed_bin
writev
108
1, 0x7ffe7a892e20, 2
52
SYSCALL
analyzed_bin
writev
108
1, 0x7ffe7a892e20, 2
98
SYSCALL
analyzed_bin
writev
108
1, 0x7ffe7a892e20, 2
52
SYSCALL
analyzed_bin
writev
108
1, 0x7ffe7a892e20, 2
98
SYSCALL
analyzed_bin
writev
108
1, 0x7ffe7a892e20, 2
52
SYSCALL
analyzed_bin
writev
108
1, 0x7ffe7a892e20, 2
98
SYSCALL
analyzed_bin
writev
108
1, 0x7ffe7a892e20, 2
52
SYSCALL
analyzed_bin
writev
108
1, 0x7ffe7a892e20, 2
98
SYSCALL
analyzed_bin
writev
108
1, 0x7ffe7a892e20, 2
52
SYSCALL
analyzed_bin
writev
108
1, 0x7ffe7a892e20, 2
98
SYSCALL
analyzed_bin
writev
108
1, 0x7ffe7a892e20, 2
52
SYSCALL
analyzed_bin
writev
108
1, 0x7ffe7a892e20, 2
98
SYSCALL
analyzed_bin
writev
108
1, 0x7ffe7a892e20, 2
52
SYSCALL
analyzed_bin
writev
108
1, 0x7ffe7a892e20, 2
98
SYSCALL
analyzed_bin
writev
108
1, 0x7ffe7a892e20, 2
52
SYSCALL
analyzed_bin
writev
108
1, 0x7ffe7a892e20, 2
98
SYSCALL
analyzed_bin
writev
108
1, 0x7ffe7a892e20, 2
52
SYSCALL
analyzed_bin
writev
108
1, 0x7ffe7a892e20, 2
98
SYSCALL
analyzed_bin
writev
108
1, 0x7ffe7a892e20, 2
52
SYSCALL
analyzed_bin
writev
108
1, 0x7ffe7a892e20, 2
98
SYSCALL
analyzed_bin
writev
108
1, 0x7ffe7a892e20, 2
52
SYSCALL
analyzed_bin
writev
108
1, 0x7ffe7a892e20, 2
98
SYSCALL
analyzed_bin
writev
108
1, 0x7ffe7a892e20, 2
52
SYSCALL
analyzed_bin
writev
108
1, 0x7ffe7a892e20, 2
98
SYSCALL
analyzed_bin
writev
108
1, 0x7ffe7a892e20, 2
52
SYSCALL
analyzed_bin
writev
108
1, 0x7ffe7a892e20, 2
98
SYSCALL
analyzed_bin
writev
108
1, 0x7ffe7a892e20, 2
52
SYSCALL
analyzed_bin
writev
108
1, 0x7ffe7a892e20, 2
98
SYSCALL
analyzed_bin
writev
108
1, 0x7ffe7a892e20, 2
52
SYSCALL
analyzed_bin
writev
108
1, 0x7ffe7a892e20, 2
98
SYSCALL
analyzed_bin
writev
108
1, 0x7ffe7a892e20, 2
52
SYSCALL
analyzed_bin
writev
108
1, 0x7ffe7a892e20, 2
98
SYSCALL
analyzed_bin
writev
108
1, 0x7ffe7a892e20, 2
52
SYSCALL
analyzed_bin
writev
108
1, 0x7ffe7a892e20, 2
98
SYSCALL
analyzed_bin
writev
108
1, 0x7ffe7a892e20, 2
52
SYSCALL
analyzed_bin
writev
108
1, 0x7ffe7a892e20, 2
98
SYSCALL
analyzed_bin
writev
108
1, 0x7ffe7a892e20, 2
52
SYSCALL
analyzed_bin
writev
108
1, 0x7ffe7a892e20, 2
98
SYSCALL
analyzed_bin
writev
108
1, 0x7ffe7a892e20, 2
52
SYSCALL
analyzed_bin
writev
108
1, 0x7ffe7a892e20, 2
98
SYSCALL
analyzed_bin
writev
108
1, 0x7ffe7a892e20, 2
52
SYSCALL
analyzed_bin
writev
108
1, 0x7ffe7a892e20, 2
98
SYSCALL
analyzed_bin
writev
108
1, 0x7ffe7a892e20, 2
52
SYSCALL
analyzed_bin
writev
108
1, 0x7ffe7a892e20, 2
98
SYSCALL
analyzed_bin
writev
108
1, 0x7ffe7a892e20, 2
52
SYSCALL
analyzed_bin
writev
108
1, 0x7ffe7a892e20, 2
98
SYSCALL
analyzed_bin
writev
108
1, 0x7ffe7a892e20, 2
52
SYSCALL
analyzed_bin
writev
108
1, 0x7ffe7a892e20, 2
98
SYSCALL
analyzed_bin
writev
108
1, 0x7ffe7a892e20, 2
52
SYSCALL
analyzed_bin
writev
108
1, 0x7ffe7a892e20, 2
98
SYSCALL
analyzed_bin
writev
108
1, 0x7ffe7a892e20, 2
52
SYSCALL
analyzed_bin
writev
108
1, 0x7ffe7a892e20, 2
98
SYSCALL
analyzed_bin
writev
108
1, 0x7ffe7a892e20, 2
52
SYSCALL
analyzed_bin
writev
108
1, 0x7ffe7a892e20, 2
98
SYSCALL
analyzed_bin
writev
108
1, 0x7ffe7a892e20, 2
52
SYSCALL
analyzed_bin
writev
108
1, 0x7ffe7a892e20, 2
98
SYSCALL
analyzed_bin
writev
108
1, 0x7ffe7a892e20, 2
52
SYSCALL
analyzed_bin
writev
108
1, 0x7ffe7a892e20, 2
98
SYSCALL
analyzed_bin
writev
108
1, 0x7ffe7a892e20, 2
52
SYSCALL
analyzed_bin
writev
108
1, 0x7ffe7a892e20, 2
98
SYSCALL
analyzed_bin
writev
108
1, 0x7ffe7a892e20, 2
52
SYSCALL
analyzed_bin
writev
108
1, 0x7ffe7a892e20, 2
98
SYSCALL
analyzed_bin
writev
108
1, 0x7ffe7a892e20, 2
52
SYSCALL
analyzed_bin
writev
108
1, 0x7ffe7a892e20, 2
98
SYSCALL
analyzed_bin
writev
108
1, 0x7ffe7a892e20, 2
52
SYSCALL
analyzed_bin
writev
108
1, 0x7ffe7a892e20, 2
98
SYSCALL
analyzed_bin
writev
108
1, 0x7ffe7a892e20, 2
52
SYSCALL
analyzed_bin
writev
108
1, 0x7ffe7a892e20, 2
98
SYSCALL
analyzed_bin
writev
108
1, 0x7ffe7a892e20, 2
52
SYSCALL
analyzed_bin
writev
108
1, 0x7ffe7a892e20, 2
98
SYSCALL
analyzed_bin
writev
108
1, 0x7ffe7a892e20, 2
52
SYSCALL
analyzed_bin
writev
108
1, 0x7ffe7a892e20, 2
98
SYSCALL
analyzed_bin
writev
108
1, 0x7ffe7a892e20, 2
52
SYSCALL
analyzed_bin
writev
108
1, 0x7ffe7a892e20, 2
98
SYSCALL
analyzed_bin
writev
108
1, 0x7ffe7a892e20, 2
52
SYSCALL
analyzed_bin
writev
108
1, 0x7ffe7a892e20, 2
98
SYSCALL
analyzed_bin
writev
108
1, 0x7ffe7a892e20, 2
52
SYSCALL
analyzed_bin
writev
108
1, 0x7ffe7a892e20, 2
98
SYSCALL
analyzed_bin
writev
108
1, 0x7ffe7a892e20, 2
52
SYSCALL
analyzed_bin
writev
108
1, 0x7ffe7a892e20, 2
98
SYSCALL
analyzed_bin
writev
108
1, 0x7ffe7a892e20, 2
52
SYSCALL
analyzed_bin
writev
108
1, 0x7ffe7a892e20, 2
98
SYSCALL
analyzed_bin
writev
108
1, 0x7ffe7a892e20, 2
52
SYSCALL
analyzed_bin
writev
108
1, 0x7ffe7a892e20, 2
98
SYSCALL
analyzed_bin
writev
108
1, 0x7ffe7a892e20, 2
52
SYSCALL
analyzed_bin
writev
108
1, 0x7ffe7a892e20, 2
98
SYSCALL
analyzed_bin
writev
108
1, 0x7ffe7a892e20, 2
52
SYSCALL
analyzed_bin
writev
108
1, 0x7ffe7a892e20, 2
98
SYSCALL
analyzed_bin
writev
108
1, 0x7ffe7a892e20, 2
52
SYSCALL
analyzed_bin
writev
108
1, 0x7ffe7a892e20, 2
98
SYSCALL
analyzed_bin
writev
108
1, 0x7ffe7a892e20, 2
52
SYSCALL
analyzed_bin
writev
108
1, 0x7ffe7a892e20, 2
98
SYSCALL
analyzed_bin
writev
108
1, 0x7ffe7a892e20, 2
52
SYSCALL
analyzed_bin
writev
108
1, 0x7ffe7a892e20, 2
98
SYSCALL
analyzed_bin
writev
108
1, 0x7ffe7a892e20, 2
52
SYSCALL
analyzed_bin
writev
108
1, 0x7ffe7a892e20, 2
98
SYSCALL
analyzed_bin
writev
108
1, 0x7ffe7a892e20, 2
52
SYSCALL
analyzed_bin
writev
108
1, 0x7ffe7a892e20, 2
98
SYSCALL
analyzed_bin
writev
108
1, 0x7ffe7a892e20, 2
52
SYSCALL
analyzed_bin
writev
108
1, 0x7ffe7a892e20, 2
98
SYSCALL
analyzed_bin
writev
108
1, 0x7ffe7a892e20, 2
52
SYSCALL
analyzed_bin
writev
108
1, 0x7ffe7a892e20, 2
98
SYSCALL
analyzed_bin
writev
108
1, 0x7ffe7a892e20, 2
52
SYSCALL
analyzed_bin
writev
108
1, 0x7ffe7a892e20, 2
98
SYSCALL
analyzed_bin
writev
108
1, 0x7ffe7a892e20, 2
52
SYSCALL
analyzed_bin
writev
108
1, 0x7ffe7a892e20, 2
98
SYSCALL
analyzed_bin
writev
108
1, 0x7ffe7a892e20, 2
52
SYSCALL
analyzed_bin
writev
108
1, 0x7ffe7a892e20, 2
98
SYSCALL
analyzed_bin
writev
108
1, 0x7ffe7a892e20, 2
52
SYSCALL
analyzed_bin
writev
108
1, 0x7ffe7a892e20, 2
98
SYSCALL
analyzed_bin
writev
108
1, 0x7ffe7a892e20, 2
52
SYSCALL
analyzed_bin
writev
108
1, 0x7ffe7a892e20, 2
98
SYSCALL
analyzed_bin
writev
108
1, 0x7ffe7a892e20, 2
52
SYSCALL
analyzed_bin
writev
108
1, 0x7ffe7a892e20, 2
98
SYSCALL
analyzed_bin
writev
108
1, 0x7ffe7a892e20, 2
52
SYSCALL
analyzed_bin
writev
108
1, 0x7ffe7a892e20, 2
98
SYSCALL
analyzed_bin
writev
108
1, 0x7ffe7a892e20, 2
52
SYSCALL
analyzed_bin
writev
108
1, 0x7ffe7a892e20, 2
98
SYSCALL
analyzed_bin
writev
108
1, 0x7ffe7a892e20, 2
52
SYSCALL
analyzed_bin
writev
108
1, 0x7ffe7a892e20, 2
98
SYSCALL
analyzed_bin
writev
108
1, 0x7ffe7a892e20, 2
52
SYSCALL
analyzed_bin
writev
108
1, 0x7ffe7a892e20, 2
98
SYSCALL
analyzed_bin
writev
108
1, 0x7ffe7a892e20, 2
52
SYSCALL
analyzed_bin
writev
108
1, 0x7ffe7a892e20, 2
98
SYSCALL
analyzed_bin
writev
108
1, 0x7ffe7a892e20, 2
52
SYSCALL
analyzed_bin
writev
108
1, 0x7ffe7a892e20, 2
98
SYSCALL
analyzed_bin
writev
108
1, 0x7ffe7a892e20, 2
52
SYSCALL
analyzed_bin
writev
108
1, 0x7ffe7a892e20, 2
98
SYSCALL
analyzed_bin
writev
108
1, 0x7ffe7a892e20, 2
52
SYSCALL
analyzed_bin
writev
108
1, 0x7ffe7a892e20, 2
98
SYSCALL
analyzed_bin
writev
108
1, 0x7ffe7a892e20, 2
52
SYSCALL
analyzed_bin
writev
108
1, 0x7ffe7a892e20, 2
98
SYSCALL
analyzed_bin
writev
108
1, 0x7ffe7a892e20, 2
52
SYSCALL
analyzed_bin
writev
108
1, 0x7ffe7a892e20, 2
98
SYSCALL
analyzed_bin
writev
108
1, 0x7ffe7a892e20, 2
52
SYSCALL
analyzed_bin
writev
108
1, 0x7ffe7a892e20, 2
98
SYSCALL
analyzed_bin
writev
108
1, 0x7ffe7a892e20, 2
52
SYSCALL
analyzed_bin
writev
108
1, 0x7ffe7a892e20, 2
98
SYSCALL
analyzed_bin
writev
108
1, 0x7ffe7a892e20, 2
52
SYSCALL
analyzed_bin
writev
108
1, 0x7ffe7a892e20, 2
98
SYSCALL
analyzed_bin
writev
108
1, 0x7ffe7a892e20, 2
52
SYSCALL
analyzed_bin
writev
108
1, 0x7ffe7a892e20, 2
98
SYSCALL
analyzed_bin
writev
108
1, 0x7ffe7a892e20, 2
52
SYSCALL
analyzed_bin
writev
108
1, 0x7ffe7a892e20, 2
98
SYSCALL
analyzed_bin
writev
108
1, 0x7ffe7a892e20, 2
52
SYSCALL
analyzed_bin
writev
108
1, 0x7ffe7a892e20, 2
98
SYSCALL
analyzed_bin
writev
108
1, 0x7ffe7a892e20, 2
52
SYSCALL
analyzed_bin
writev
108
1, 0x7ffe7a892e20, 2
98
SYSCALL
analyzed_bin
writev
108
1, 0x7ffe7a892e20, 2
52
SYSCALL
analyzed_bin
writev
108
1, 0x7ffe7a892e20, 2
98
SYSCALL
analyzed_bin
writev
108
1, 0x7ffe7a892e20, 2
52
SYSCALL
analyzed_bin
writev
108
1, 0x7ffe7a892e20, 2
98
SYSCALL
analyzed_bin
writev
108
1, 0x7ffe7a892e20, 2
52
SYSCALL
analyzed_bin
writev
108
1, 0x7ffe7a892e20, 2
98
SYSCALL
analyzed_bin
writev
108
1, 0x7ffe7a892e20, 2
52
SYSCALL
analyzed_bin
writev
108
1, 0x7ffe7a892e20, 2
98
SYSCALL
analyzed_bin
writev
108
1, 0x7ffe7a892e20, 2
52
SYSCALL
analyzed_bin
writev
108
1, 0x7ffe7a892e20, 2
98
SYSCALL
analyzed_bin
writev
108
1, 0x7ffe7a892e20, 2
52
SYSCALL
analyzed_bin
writev
108
1, 0x7ffe7a892e20, 2
98
SYSCALL
analyzed_bin
writev
108
1, 0x7ffe7a892e20, 2
52
SYSCALL
analyzed_bin
writev
108
1, 0x7ffe7a892e20, 2
98
SYSCALL
analyzed_bin
writev
108
1, 0x7ffe7a892e20, 2
52
SYSCALL
analyzed_bin
writev
108
1, 0x7ffe7a892e20, 2
98
SYSCALL
analyzed_bin
writev
108
1, 0x7ffe7a892e20, 2
52
SYSCALL
analyzed_bin
writev
108
1, 0x7ffe7a892e20, 2
98
SYSCALL
analyzed_bin
writev
108
1, 0x7ffe7a892e20, 2
52
SYSCALL
analyzed_bin
writev
108
1, 0x7ffe7a892e20, 2
98
SYSCALL
analyzed_bin
writev
108
1, 0x7ffe7a892e20, 2
52
SYSCALL
analyzed_bin
writev
108
1, 0x7ffe7a892e20, 2
98
SYSCALL
analyzed_bin
writev
108
1, 0x7ffe7a892e20, 2
52
SYSCALL
analyzed_bin
writev
108
1, 0x7ffe7a892e20, 2
98
SYSCALL
analyzed_bin
writev
108
1, 0x7ffe7a892e20, 2
52
SYSCALL
analyzed_bin
writev
108
1, 0x7ffe7a892e20, 2
98
SYSCALL
analyzed_bin
writev
108
1, 0x7ffe7a892e20, 2
52
SYSCALL
analyzed_bin
writev
108
1, 0x7ffe7a892e20, 2
98
SYSCALL
analyzed_bin
writev
108
1, 0x7ffe7a892e20, 2
52
SYSCALL
analyzed_bin
writev
108
1, 0x7ffe7a892e20, 2
98
SYSCALL
analyzed_bin
writev
108
1, 0x7ffe7a892e20, 2
52
SYSCALL
analyzed_bin
writev
108
1, 0x7ffe7a892e20, 2
98
SYSCALL
analyzed_bin
writev
108
1, 0x7ffe7a892e20, 2
52
SYSCALL
analyzed_bin
writev
108
1, 0x7ffe7a892e20, 2
98
SYSCALL
analyzed_bin
writev
108
1, 0x7ffe7a892e20, 2
52
SYSCALL
analyzed_bin
writev
108
1, 0x7ffe7a892e20, 2
98
SYSCALL
analyzed_bin
writev
108
1, 0x7ffe7a892e20, 2
52
SYSCALL
analyzed_bin
writev
108
1, 0x7ffe7a892e20, 2
98
SYSCALL
analyzed_bin
writev
108
1, 0x7ffe7a892e20, 2
52
SYSCALL
analyzed_bin
writev
108
1, 0x7ffe7a892e20, 2
98
SYSCALL
analyzed_bin
writev
108
1, 0x7ffe7a892e20, 2
52
SYSCALL
analyzed_bin
writev
108
1, 0x7ffe7a892e20, 2
98
SYSCALL
analyzed_bin
writev
108
1, 0x7ffe7a892e20, 2
52
SYSCALL
analyzed_bin
writev
108
1, 0x7ffe7a892e20, 2
98
SYSCALL
analyzed_bin
writev
108
1, 0x7ffe7a892e20, 2
52
SYSCALL
analyzed_bin
writev
108
1, 0x7ffe7a892e20, 2
98
SYSCALL
analyzed_bin
writev
108
1, 0x7ffe7a892e20, 2
52
SYSCALL
analyzed_bin
writev
108
1, 0x7ffe7a892e20, 2
98
SYSCALL
analyzed_bin
writev
108
1, 0x7ffe7a892e20, 2
52
SYSCALL
analyzed_bin
writev
108
1, 0x7ffe7a892e20, 2
98
SYSCALL
analyzed_bin
writev
108
1, 0x7ffe7a892e20, 2
52
SYSCALL
analyzed_bin
writev
108
1, 0x7ffe7a892e20, 2
98
SYSCALL
analyzed_bin
writev
108
1, 0x7ffe7a892e20, 2
52
SYSCALL
analyzed_bin
writev
108
1, 0x7ffe7a892e20, 2
98
SYSCALL
analyzed_bin
writev
108
1, 0x7ffe7a892e20, 2
52
SYSCALL
analyzed_bin
writev
108
1, 0x7ffe7a892e20, 2
98
SYSCALL
analyzed_bin
writev
108
1, 0x7ffe7a892e20, 2
52
SYSCALL
analyzed_bin
writev
108
1, 0x7ffe7a892e20, 2
98
SYSCALL
analyzed_bin
writev
108
1, 0x7ffe7a892e20, 2
52
SYSCALL
analyzed_bin
writev
108
1, 0x7ffe7a892e20, 2
98
SYSCALL
analyzed_bin
writev
108
1, 0x7ffe7a892e20, 2
52
SYSCALL
analyzed_bin
writev
108
1, 0x7ffe7a892e20, 2
98
SYSCALL
analyzed_bin
writev
108
1, 0x7ffe7a892e20, 2
52
SYSCALL
analyzed_bin
writev
108
1, 0x7ffe7a892e20, 2
98
SYSCALL
analyzed_bin
writev
108
1, 0x7ffe7a892e20, 2
52
SYSCALL
analyzed_bin
writev
108
1, 0x7ffe7a892e20, 2
98
SYSCALL
analyzed_bin
writev
108
1, 0x7ffe7a892e20, 2
52
SYSCALL
analyzed_bin
writev
108
1, 0x7ffe7a892e20, 2
98
SYSCALL
analyzed_bin
writev
108
1, 0x7ffe7a892e20, 2
52
SYSCALL
analyzed_bin
writev
108
1, 0x7ffe7a892e20, 2
98
SYSCALL
analyzed_bin
writev
108
1, 0x7ffe7a892e20, 2
52
SYSCALL
analyzed_bin
writev
108
1, 0x7ffe7a892e20, 2
98
SYSCALL
analyzed_bin
writev
108
1, 0x7ffe7a892e20, 2
52
SYSCALL
analyzed_bin
writev
108
1, 0x7ffe7a892e20, 2
98
SYSCALL
analyzed_bin
writev
108
1, 0x7ffe7a892e20, 2
52
SYSCALL
analyzed_bin
writev
108
1, 0x7ffe7a892e20, 2
98
SYSCALL
analyzed_bin
writev
108
1, 0x7ffe7a892e20, 2
52
SYSCALL
analyzed_bin
writev
108
1, 0x7ffe7a892e20, 2
98
SYSCALL
analyzed_bin
writev
108
1, 0x7ffe7a892e20, 2
52
SYSCALL
analyzed_bin
writev
108
1, 0x7ffe7a892e20, 2
98
SYSCALL
analyzed_bin
writev
108
1, 0x7ffe7a892e20, 2
52
SYSCALL
analyzed_bin
writev
108
1, 0x7ffe7a892e20, 2
98
SYSCALL
analyzed_bin
writev
108
1, 0x7ffe7a892e20, 2
52
SYSCALL
analyzed_bin
writev
108
1, 0x7ffe7a892e20, 2
98
SYSCALL
analyzed_bin
writev
108
1, 0x7ffe7a892e20, 2
52
SYSCALL
analyzed_bin
writev
108
1, 0x7ffe7a892e20, 2
98
SYSCALL
analyzed_bin
writev
108
1, 0x7ffe7a892e20, 2
52
SYSCALL
analyzed_bin
writev
108
1, 0x7ffe7a892e20, 2
98
SYSCALL
analyzed_bin
writev
108
1, 0x7ffe7a892e20, 2
52
SYSCALL
analyzed_bin
writev
108
1, 0x7ffe7a892e20, 2
98
SYSCALL
analyzed_bin
writev
108
1, 0x7ffe7a892e20, 2
52
SYSCALL
analyzed_bin
writev
108
1, 0x7ffe7a892e20, 2
98
SYSCALL
analyzed_bin
writev
108
1, 0x7ffe7a892e20, 2
52
SYSCALL
analyzed_bin
writev
108
1, 0x7ffe7a892e20, 2
98
SYSCALL
analyzed_bin
writev
108
1, 0x7ffe7a892e20, 2
52
SYSCALL
analyzed_bin
writev
108
1, 0x7ffe7a892e20, 2
98
SYSCALL
analyzed_bin
writev
108
1, 0x7ffe7a892e20, 2
52
SYSCALL
analyzed_bin
writev
108
1, 0x7ffe7a892e20, 2
98
SYSCALL
analyzed_bin
writev
108
1, 0x7ffe7a892e20, 2
52
SYSCALL
analyzed_bin
writev
108
1, 0x7ffe7a892e20, 2
98
SYSCALL
analyzed_bin
writev
108
1, 0x7ffe7a892e20, 2
52
SYSCALL
analyzed_bin
writev
108
1, 0x7ffe7a892e20, 2
98
SYSCALL
analyzed_bin
writev
108
1, 0x7ffe7a892e20, 2
52
SYSCALL
analyzed_bin
writev
108
1, 0x7ffe7a892e20, 2
98
SYSCALL
analyzed_bin
writev
108
1, 0x7ffe7a892e20, 2
52
SYSCALL
analyzed_bin
writev
108
1, 0x7ffe7a892e20, 2
98
SYSCALL
analyzed_bin
writev
108
1, 0x7ffe7a892e20, 2
52
SYSCALL
analyzed_bin
writev
108
1, 0x7ffe7a892e20, 2
98
SYSCALL
analyzed_bin
writev
108
1, 0x7ffe7a892e20, 2
52
SYSCALL
analyzed_bin
writev
108
1, 0x7ffe7a892e20, 2
98
SYSCALL
analyzed_bin
writev
108
1, 0x7ffe7a892e20, 2
52
SYSCALL
analyzed_bin
writev
108
1, 0x7ffe7a892e20, 2
98
SYSCALL
analyzed_bin
writev
108
1, 0x7ffe7a892e20, 2
52
SYSCALL
analyzed_bin
writev
108
1, 0x7ffe7a892e20, 2
98
SYSCALL
analyzed_bin
writev
108
1, 0x7ffe7a892e20, 2
52
SYSCALL
analyzed_bin
writev
108
1, 0x7ffe7a892e20, 2
98
SYSCALL
analyzed_bin
writev
108
1, 0x7ffe7a892e20, 2
52
SYSCALL
analyzed_bin
writev
108
1, 0x7ffe7a892e20, 2
98
SYSCALL
analyzed_bin
writev
108
1, 0x7ffe7a892e20, 2
52
SYSCALL
analyzed_bin
writev
108
1, 0x7ffe7a892e20, 2
98
SYSCALL
analyzed_bin
writev
108
1, 0x7ffe7a892e20, 2
52
SYSCALL
analyzed_bin
writev
108
1, 0x7ffe7a892e20, 2
98
SYSCALL
analyzed_bin
writev
108
1, 0x7ffe7a892e20, 2
52
SYSCALL
analyzed_bin
writev
108
1, 0x7ffe7a892e20, 2
98
SYSCALL
analyzed_bin
writev
108
1, 0x7ffe7a892e20, 2
52
SYSCALL
analyzed_bin
writev
108
1, 0x7ffe7a892e20, 2
98
SYSCALL
analyzed_bin
writev
108
1, 0x7ffe7a892e20, 2
52
SYSCALL
analyzed_bin
writev
108
1, 0x7ffe7a892e20, 2
98
SYSCALL
analyzed_bin
writev
108
1, 0x7ffe7a892e20, 2
52
SYSCALL
analyzed_bin
writev
108
1, 0x7ffe7a892e20, 2
98
SYSCALL
analyzed_bin
writev
108
1, 0x7ffe7a892e20, 2
52
SYSCALL
analyzed_bin
writev
108
1, 0x7ffe7a892e20, 2
98
SYSCALL
analyzed_bin
writev
108
1, 0x7ffe7a892e20, 2
52
SYSCALL
analyzed_bin
writev
108
1, 0x7ffe7a892e20, 2
98
SYSCALL
analyzed_bin
writev
108
1, 0x7ffe7a892e20, 2
52
SYSCALL
analyzed_bin
writev
108
1, 0x7ffe7a892e20, 2
98
SYSCALL
analyzed_bin
writev
108
1, 0x7ffe7a892e20, 2
52
SYSCALL
analyzed_bin
writev
108
1, 0x7ffe7a892e20, 2
98
SYSCALL
analyzed_bin
writev
108
1, 0x7ffe7a892e20, 2
52
SYSCALL
analyzed_bin
writev
108
1, 0x7ffe7a892e20, 2
98
SYSCALL
analyzed_bin
writev
108
1, 0x7ffe7a892e20, 2
52
SYSCALL
analyzed_bin
writev
108
1, 0x7ffe7a892e20, 2
98
SYSCALL
analyzed_bin
writev
108
1, 0x7ffe7a892e20, 2
52
SYSCALL
analyzed_bin
writev
108
1, 0x7ffe7a892e20, 2
98
SYSCALL
analyzed_bin
writev
108
1, 0x7ffe7a892e20, 2
52
SYSCALL
analyzed_bin
writev
108
1, 0x7ffe7a892e20, 2
98
SYSCALL
analyzed_bin
writev
108
1, 0x7ffe7a892e20, 2
52
SYSCALL
analyzed_bin
writev
108
1, 0x7ffe7a892e20, 2
98
SYSCALL
analyzed_bin
writev
108
1, 0x7ffe7a892e20, 2
52
SYSCALL
analyzed_bin
writev
108
1, 0x7ffe7a892e20, 2
98
SYSCALL
analyzed_bin
writev
108
1, 0x7ffe7a892e20, 2
52
SYSCALL
analyzed_bin
writev
108
1, 0x7ffe7a892e20, 2
98
SYSCALL
analyzed_bin
writev
108
1, 0x7ffe7a892e20, 2
52
SYSCALL
analyzed_bin
writev
108
1, 0x7ffe7a892e20, 2
98
SYSCALL
analyzed_bin
writev
108
1, 0x7ffe7a892e20, 2
52
SYSCALL
analyzed_bin
writev
108
1, 0x7ffe7a892e20, 2
98
SYSCALL
analyzed_bin
writev
108
1, 0x7ffe7a892e20, 2
52
SYSCALL
analyzed_bin
writev
108
1, 0x7ffe7a892e20, 2
98
SYSCALL
analyzed_bin
writev
108
1, 0x7ffe7a892e20, 2
52
SYSCALL
analyzed_bin
writev
108
1, 0x7ffe7a892e20, 2
98
SYSCALL
analyzed_bin
writev
108
1, 0x7ffe7a892e20, 2
52
SYSCALL
analyzed_bin
writev
108
1, 0x7ffe7a892e20, 2
98
SYSCALL
analyzed_bin
writev
108
1, 0x7ffe7a892e20, 2
52
SYSCALL
analyzed_bin
writev
108
1, 0x7ffe7a892e20, 2
98
SYSCALL
analyzed_bin
writev
108
1, 0x7ffe7a892e20, 2
52
SYSCALL
analyzed_bin
writev
108
1, 0x7ffe7a892e20, 2
98
SYSCALL
analyzed_bin
writev
108
1, 0x7ffe7a892e20, 2
52
SYSCALL
analyzed_bin
writev
108
1, 0x7ffe7a892e20, 2
98
SYSCALL
analyzed_bin
writev
108
1, 0x7ffe7a892e20, 2
52
SYSCALL
analyzed_bin
writev
108
1, 0x7ffe7a892e20, 2
98
SYSCALL
analyzed_bin
writev
108
1, 0x7ffe7a892e20, 2
52
SYSCALL
analyzed_bin
writev
108
1, 0x7ffe7a892e20, 2
98
SYSCALL
analyzed_bin
writev
108
1, 0x7ffe7a892e20, 2
52
SYSCALL
analyzed_bin
writev
108
1, 0x7ffe7a892e20, 2
98
SYSCALL
analyzed_bin
writev
108
1, 0x7ffe7a892e20, 2
52
SYSCALL
analyzed_bin
writev
108
1, 0x7ffe7a892e20, 2
98
SYSCALL
analyzed_bin
writev
108
1, 0x7ffe7a892e20, 2
52
SYSCALL
analyzed_bin
writev
108
1, 0x7ffe7a892e20, 2
98
SYSCALL
analyzed_bin
writev
108
1, 0x7ffe7a892e20, 2
52
SYSCALL
analyzed_bin
writev
108
1, 0x7ffe7a892e20, 2
98
SYSCALL
analyzed_bin
writev
108
1, 0x7ffe7a892e20, 2
52
SYSCALL
analyzed_bin
writev
108
1, 0x7ffe7a892e20, 2
98
SYSCALL
analyzed_bin
writev
108
1, 0x7ffe7a892e20, 2
52
SYSCALL
analyzed_bin
writev
108
1, 0x7ffe7a892e20, 2
98
SYSCALL
analyzed_bin
writev
108
1, 0x7ffe7a892e20, 2
52
SYSCALL
analyzed_bin
writev
108
1, 0x7ffe7a892e20, 2
98
SYSCALL
analyzed_bin
writev
108
1, 0x7ffe7a892e20, 2
52
SYSCALL
analyzed_bin
writev
108
1, 0x7ffe7a892e20, 2
98
SYSCALL
analyzed_bin
writev
108
1, 0x7ffe7a892e20, 2
52
SYSCALL
analyzed_bin
writev
108
1, 0x7ffe7a892e20, 2
98
SYSCALL
analyzed_bin
writev
108
1, 0x7ffe7a892e20, 2
52
SYSCALL
analyzed_bin
writev
108
1, 0x7ffe7a892e20, 2
98
SYSCALL
analyzed_bin
writev
108
1, 0x7ffe7a892e20, 2
52
SYSCALL
analyzed_bin
writev
108
1, 0x7ffe7a892e20, 2
98
SYSCALL
analyzed_bin
writev
108
1, 0x7ffe7a892e20, 2
52
SYSCALL
analyzed_bin
writev
108
1, 0x7ffe7a892e20, 2
98
SYSCALL
analyzed_bin
writev
108
1, 0x7ffe7a892e20, 2
52
SYSCALL
analyzed_bin
writev
108
1, 0x7ffe7a892e20, 2
98
SYSCALL
analyzed_bin
writev
108
1, 0x7ffe7a892e20, 2
52
SYSCALL
analyzed_bin
writev
108
1, 0x7ffe7a892e20, 2
98
SYSCALL
analyzed_bin
writev
108
1, 0x7ffe7a892e20, 2
52
SYSCALL
analyzed_bin
writev
108
1, 0x7ffe7a892e20, 2
98
SYSCALL
analyzed_bin
writev
108
1, 0x7ffe7a892e20, 2
52
SYSCALL
analyzed_bin
writev
108
1, 0x7ffe7a892e20, 2
98
SYSCALL
analyzed_bin
writev
108
1, 0x7ffe7a892e20, 2
52
SYSCALL
analyzed_bin
writev
108
1, 0x7ffe7a892e20, 2
98
SYSCALL
analyzed_bin
writev
108
1, 0x7ffe7a892e20, 2
52
SYSCALL
analyzed_bin
writev
108
1, 0x7ffe7a892e20, 2
98
SYSCALL
analyzed_bin
writev
108
1, 0x7ffe7a892e20, 2
52
SYSCALL
analyzed_bin
writev
108
1, 0x7ffe7a892e20, 2
98
SYSCALL
analyzed_bin
writev
108
1, 0x7ffe7a892e20, 2
52
SYSCALL
analyzed_bin
writev
108
1, 0x7ffe7a892e20, 2
98
SYSCALL
analyzed_bin
writev
108
1, 0x7ffe7a892e20, 2
52
SYSCALL
analyzed_bin
writev
108
1, 0x7ffe7a892e20, 2
98
SYSCALL
analyzed_bin
writev
108
1, 0x7ffe7a892e20, 2
52
SYSCALL
analyzed_bin
writev
108
1, 0x7ffe7a892e20, 2
98
SYSCALL
analyzed_bin
writev
108
1, 0x7ffe7a892e20, 2
52
SYSCALL
analyzed_bin
writev
108
1, 0x7ffe7a892e20, 2
98
SYSCALL
analyzed_bin
writev
108
1, 0x7ffe7a892e20, 2
52
SYSCALL
analyzed_bin
writev
108
1, 0x7ffe7a892e20, 2
98
SYSCALL
analyzed_bin
writev
108
1, 0x7ffe7a892e20, 2
52
SYSCALL
analyzed_bin
writev
108
1, 0x7ffe7a892e20, 2
98
SYSCALL
analyzed_bin
writev
108
1, 0x7ffe7a892e20, 2
52
SYSCALL
analyzed_bin
writev
108
1, 0x7ffe7a892e20, 2
98
SYSCALL
analyzed_bin
writev
108
1, 0x7ffe7a892e20, 2
52
SYSCALL
analyzed_bin
writev
108
1, 0x7ffe7a892e20, 2
98
SYSCALL
analyzed_bin
writev
108
1, 0x7ffe7a892e20, 2
52
SYSCALL
analyzed_bin
writev
108
1, 0x7ffe7a892e20, 2
98
SYSCALL
analyzed_bin
writev
108
1, 0x7ffe7a892e20, 2
52
SYSCALL
analyzed_bin
writev
108
1, 0x7ffe7a892e20, 2
98
SYSCALL
analyzed_bin
writev
108
1, 0x7ffe7a892e20, 2
52
SYSCALL
analyzed_bin
writev
108
1, 0x7ffe7a892e20, 2
98
SYSCALL
analyzed_bin
writev
108
1, 0x7ffe7a892e20, 2
52
SYSCALL
analyzed_bin
writev
108
1, 0x7ffe7a892e20, 2
98
SYSCALL
analyzed_bin
writev
108
1, 0x7ffe7a892e20, 2
52
SYSCALL
analyzed_bin
writev
108
1, 0x7ffe7a892e20, 2
98
SYSCALL
analyzed_bin
writev
108
1, 0x7ffe7a892e20, 2
52
SYSCALL
analyzed_bin
writev
108
1, 0x7ffe7a892e20, 2
98
SYSCALL
analyzed_bin
writev
108
1, 0x7ffe7a892e20, 2
52
SYSCALL
analyzed_bin
writev
108
1, 0x7ffe7a892e20, 2
98
SYSCALL
analyzed_bin
writev
108
1, 0x7ffe7a892e20, 2
52
SYSCALL
analyzed_bin
writev
108
1, 0x7ffe7a892e20, 2
98
SYSCALL
analyzed_bin
writev
108
1, 0x7ffe7a892e20, 2
52
SYSCALL
analyzed_bin
writev
108
1, 0x7ffe7a892e20, 2
98
SYSCALL
analyzed_bin
writev
108
1, 0x7ffe7a892e20, 2
52
SYSCALL
analyzed_bin
writev
108
1, 0x7ffe7a892e20, 2
98
SYSCALL
analyzed_bin
writev
108
1, 0x7ffe7a892e20, 2
52
SYSCALL
analyzed_bin
writev
108
1, 0x7ffe7a892e20, 2
98
SYSCALL
analyzed_bin
writev
108
1, 0x7ffe7a892e20, 2
52
SYSCALL
analyzed_bin
writev
108
1, 0x7ffe7a892e20, 2
98
SYSCALL
analyzed_bin
writev
108
1, 0x7ffe7a892e20, 2
52
SYSCALL
analyzed_bin
writev
108
1, 0x7ffe7a892e20, 2
98
SYSCALL
analyzed_bin
writev
108
1, 0x7ffe7a892e20, 2
52
SYSCALL
analyzed_bin
writev
108
1, 0x7ffe7a892e20, 2
98
SYSCALL
analyzed_bin
writev
108
1, 0x7ffe7a892e20, 2
52
SYSCALL
analyzed_bin
writev
108
1, 0x7ffe7a892e20, 2
98
SYSCALL
analyzed_bin
writev
108
1, 0x7ffe7a892e20, 2
52
SYSCALL
analyzed_bin
writev
108
1, 0x7ffe7a892e20, 2
98
SYSCALL
analyzed_bin
writev
108
1, 0x7ffe7a892e20, 2
52
SYSCALL
analyzed_bin
writev
108
1, 0x7ffe7a892e20, 2
98
SYSCALL
analyzed_bin
writev
108
1, 0x7ffe7a892e20, 2
52
SYSCALL
analyzed_bin
writev
108
1, 0x7ffe7a892e20, 2
98
SYSCALL
analyzed_bin
writev
108
1, 0x7ffe7a892e20, 2
52
SYSCALL
analyzed_bin
writev
108
1, 0x7ffe7a892e20, 2
98
SYSCALL
analyzed_bin
writev
108
1, 0x7ffe7a892e20, 2
52
SYSCALL
analyzed_bin
writev
108
1, 0x7ffe7a892e20, 2
98
SYSCALL
analyzed_bin
writev
108
1, 0x7ffe7a892e20, 2
52
SYSCALL
analyzed_bin
writev
108
1, 0x7ffe7a892e20, 2
98
SYSCALL
analyzed_bin
writev
108
1, 0x7ffe7a892e20, 2
52
SYSCALL
analyzed_bin
writev
108
1, 0x7ffe7a892e20, 2
98
SYSCALL
analyzed_bin
writev
108
1, 0x7ffe7a892e20, 2
52
SYSCALL
analyzed_bin
writev
108
1, 0x7ffe7a892e20, 2
98
SYSCALL
analyzed_bin
writev
108
1, 0x7ffe7a892e20, 2
52
SYSCALL
analyzed_bin
writev
108
1, 0x7ffe7a892e20, 2
98
SYSCALL
analyzed_bin
writev
108
1, 0x7ffe7a892e20, 2
52
SYSCALL
analyzed_bin
writev
108
1, 0x7ffe7a892e20, 2
98
SYSCALL
analyzed_bin
writev
108
1, 0x7ffe7a892e20, 2
52
SYSCALL
analyzed_bin
writev
108
1, 0x7ffe7a892e20, 2
98
SYSCALL
analyzed_bin
writev
108
1, 0x7ffe7a892e20, 2
52
SYSCALL
analyzed_bin
writev
108
1, 0x7ffe7a892e20, 2
98
SYSCALL
analyzed_bin
writev
108
1, 0x7ffe7a892e20, 2
52
SYSCALL
analyzed_bin
writev
108
1, 0x7ffe7a892e20, 2
98
SYSCALL
analyzed_bin
writev
108
1, 0x7ffe7a892e20, 2
52
SYSCALL
analyzed_bin
writev
108
1, 0x7ffe7a892e20, 2
98
SYSCALL
analyzed_bin
writev
108
1, 0x7ffe7a892e20, 2
52
SYSCALL
analyzed_bin
writev
108
1, 0x7ffe7a892e20, 2
98
SYSCALL
analyzed_bin
writev
108
1, 0x7ffe7a892e20, 2
52
SYSCALL
analyzed_bin
writev
108
1, 0x7ffe7a892e20, 2
98
SYSCALL
analyzed_bin
writev
108
1, 0x7ffe7a892e20, 2
52
SYSCALL
analyzed_bin
writev
108
1, 0x7ffe7a892e20, 2
98
SYSCALL
analyzed_bin
writev
108
1, 0x7ffe7a892e20, 2
52
SYSCALL
analyzed_bin
writev
108
1, 0x7ffe7a892e20, 2
98
SYSCALL
analyzed_bin
writev
108
1, 0x7ffe7a892e20, 2
52
SYSCALL
analyzed_bin
writev
108
1, 0x7ffe7a892e20, 2
98
SYSCALL
analyzed_bin
writev
108
1, 0x7ffe7a892e20, 2
52
SYSCALL
analyzed_bin
writev
108
1, 0x7ffe7a892e20, 2
98
SYSCALL
analyzed_bin
writev
108
1, 0x7ffe7a892e20, 2
52
SYSCALL
analyzed_bin
writev
108
1, 0x7ffe7a892e20, 2
98
SYSCALL
analyzed_bin
writev
108
1, 0x7ffe7a892e20, 2
52
SYSCALL
analyzed_bin
writev
108
1, 0x7ffe7a892e20, 2
98
SYSCALL
analyzed_bin
writev
108
1, 0x7ffe7a892e20, 2
52
SYSCALL
analyzed_bin
writev
108
1, 0x7ffe7a892e20, 2
98
SYSCALL
analyzed_bin
writev
108
1, 0x7ffe7a892e20, 2
52
SYSCALL
analyzed_bin
writev
108
1, 0x7ffe7a892e20, 2
98
SYSCALL
analyzed_bin
writev
108
1, 0x7ffe7a892e20, 2
52
SYSCALL
analyzed_bin
writev
108
1, 0x7ffe7a892e20, 2
98
SYSCALL
analyzed_bin
writev
108
1, 0x7ffe7a892e20, 2
52
SYSCALL
analyzed_bin
writev
108
1, 0x7ffe7a892e20, 2
98
SYSCALL
analyzed_bin
writev
108
1, 0x7ffe7a892e20, 2
52
SYSCALL
analyzed_bin
writev
108
1, 0x7ffe7a892e20, 2
98
SYSCALL
analyzed_bin
writev
108
1, 0x7ffe7a892e20, 2
52
SYSCALL
analyzed_bin
writev
108
1, 0x7ffe7a892e20, 2
98
SYSCALL
analyzed_bin
writev
108
1, 0x7ffe7a892e20, 2
52
SYSCALL
analyzed_bin
writev
108
1, 0x7ffe7a892e20, 2
98
SYSCALL
analyzed_bin
writev
108
1, 0x7ffe7a892e20, 2
52
SYSCALL
analyzed_bin
writev
108
1, 0x7ffe7a892e20, 2
98
SYSCALL
analyzed_bin
writev
108
1, 0x7ffe7a892e20, 2
52
SYSCALL
analyzed_bin
writev
108
1, 0x7ffe7a892e20, 2
98
SYSCALL
analyzed_bin
writev
108
1, 0x7ffe7a892e20, 2
52
SYSCALL
analyzed_bin
writev
108
1, 0x7ffe7a892e20, 2
98
SYSCALL
analyzed_bin
writev
108
1, 0x7ffe7a892e20, 2
52
SYSCALL
analyzed_bin
writev
108
1, 0x7ffe7a892e20, 2
98
SYSCALL
analyzed_bin
writev
108
1, 0x7ffe7a892e20, 2
52
SYSCALL
analyzed_bin
writev
108
1, 0x7ffe7a892e20, 2
98
SYSCALL
analyzed_bin
writev
108
1, 0x7ffe7a892e20, 2
52
SYSCALL
analyzed_bin
writev
108
1, 0x7ffe7a892e20, 2
98
SYSCALL
analyzed_bin
writev
108
1, 0x7ffe7a892e20, 2
52
SYSCALL
analyzed_bin
writev
108
1, 0x7ffe7a892e20, 2
98
SYSCALL
analyzed_bin
writev
108
1, 0x7ffe7a892e20, 2
52
SYSCALL
analyzed_bin
writev
108
1, 0x7ffe7a892e20, 2
98
SYSCALL
analyzed_bin
writev
108
1, 0x7ffe7a892e20, 2
52
SYSCALL
analyzed_bin
writev
108
1, 0x7ffe7a892e20, 2
98
SYSCALL
analyzed_bin
writev
108
1, 0x7ffe7a892e20, 2
52
SYSCALL
analyzed_bin
writev
108
1, 0x7ffe7a892e20, 2
98
SYSCALL
analyzed_bin
writev
108
1, 0x7ffe7a892e20, 2
52
SYSCALL
analyzed_bin
writev
108
1, 0x7ffe7a892e20, 2
98
SYSCALL
analyzed_bin
writev
108
1, 0x7ffe7a892e20, 2
52
SYSCALL
analyzed_bin
writev
108
1, 0x7ffe7a892e20, 2
98
SYSCALL
analyzed_bin
writev
108
1, 0x7ffe7a892e20, 2
52
SYSCALL
analyzed_bin
writev
108
1, 0x7ffe7a892e20, 2
98
SYSCALL
analyzed_bin
writev
108
1, 0x7ffe7a892e20, 2
52
SYSCALL
analyzed_bin
writev
108
1, 0x7ffe7a892e20, 2
98
SYSCALL
analyzed_bin
writev
108
1, 0x7ffe7a892e20, 2
52
SYSCALL
analyzed_bin
writev
108
1, 0x7ffe7a892e20, 2
98
SYSCALL
analyzed_bin
writev
108
1, 0x7ffe7a892e20, 2
52
SYSCALL
analyzed_bin
writev
108
1, 0x7ffe7a892e20, 2
98
SYSCALL
analyzed_bin
writev
108
1, 0x7ffe7a892e20, 2
52
SYSCALL
analyzed_bin
writev
108
1, 0x7ffe7a892e20, 2
98
SYSCALL
analyzed_bin
writev
108
1, 0x7ffe7a892e20, 2
52
SYSCALL
analyzed_bin
writev
108
1, 0x7ffe7a892e20, 2
98
SYSCALL
analyzed_bin
writev
108
1, 0x7ffe7a892e20, 2
52
SYSCALL
analyzed_bin
writev
108
1, 0x7ffe7a892e20, 2
98
SYSCALL
analyzed_bin
writev
108
1, 0x7ffe7a892e20, 2
52
SYSCALL
analyzed_bin
writev
108
1, 0x7ffe7a892e20, 2
98
SYSCALL
analyzed_bin
writev
108
1, 0x7ffe7a892e20, 2
52
SYSCALL
analyzed_bin
writev
108
1, 0x7ffe7a892e20, 2
98
SYSCALL
analyzed_bin
writev
108
1, 0x7ffe7a892e20, 2
52
SYSCALL
analyzed_bin
writev
108
1, 0x7ffe7a892e20, 2
98
SYSCALL
analyzed_bin
writev
108
1, 0x7ffe7a892e20, 2
52
SYSCALL
analyzed_bin
writev
108
1, 0x7ffe7a892e20, 2
98
SYSCALL
analyzed_bin
writev
108
1, 0x7ffe7a892e20, 2
52
SYSCALL
analyzed_bin
writev
108
1, 0x7ffe7a892e20, 2
98
SYSCALL
analyzed_bin
writev
108
1, 0x7ffe7a892e20, 2
52
SYSCALL
analyzed_bin
writev
108
1, 0x7ffe7a892e20, 2
98
SYSCALL
analyzed_bin
writev
108
1, 0x7ffe7a892e20, 2
52
SYSCALL
analyzed_bin
writev
108
1, 0x7ffe7a892e20, 2
98
SYSCALL
analyzed_bin
writev
108
1, 0x7ffe7a892e20, 2
52
SYSCALL
analyzed_bin
writev
108
1, 0x7ffe7a892e20, 2
98
SYSCALL
analyzed_bin
writev
108
1, 0x7ffe7a892e20, 2
52
SYSCALL
analyzed_bin
writev
108
1, 0x7ffe7a892e20, 2
98
SYSCALL
analyzed_bin
writev
108
1, 0x7ffe7a892e20, 2
52
SYSCALL
analyzed_bin
writev
108
1, 0x7ffe7a892e20, 2
98
SYSCALL
analyzed_bin
writev
108
1, 0x7ffe7a892e20, 2
52
SYSCALL
analyzed_bin
writev
108
1, 0x7ffe7a892e20, 2
98
SYSCALL
analyzed_bin
writev
108
1, 0x7ffe7a892e20, 2
52
SYSCALL
analyzed_bin
writev
108
1, 0x7ffe7a892e20, 2
98
SYSCALL
analyzed_bin
writev
108
1, 0x7ffe7a892e20, 2
52
SYSCALL
analyzed_bin
writev
108
1, 0x7ffe7a892e20, 2
98
SYSCALL
analyzed_bin
writev
108
1, 0x7ffe7a892e20, 2
52
SYSCALL
analyzed_bin
writev
108
1, 0x7ffe7a892e20, 2
98
SYSCALL
analyzed_bin
writev
108
1, 0x7ffe7a892e20, 2
52
SYSCALL
analyzed_bin
writev
108
1, 0x7ffe7a892e20, 2
98
SYSCALL
analyzed_bin
writev
108
1, 0x7ffe7a892e20, 2
52
SYSCALL
analyzed_bin
writev
108
1, 0x7ffe7a892e20, 2
98
SYSCALL
analyzed_bin
writev
108
1, 0x7ffe7a892e20, 2
52
SYSCALL
analyzed_bin
writev
108
1, 0x7ffe7a892e20, 2
98
SYSCALL
analyzed_bin
writev
108
1, 0x7ffe7a892e20, 2
52
SYSCALL
analyzed_bin
writev
108
1, 0x7ffe7a892e20, 2
98
SYSCALL
analyzed_bin
writev
108
1, 0x7ffe7a892e20, 2
52
SYSCALL
analyzed_bin
writev
108
1, 0x7ffe7a892e20, 2
98
SYSCALL
analyzed_bin
writev
108
1, 0x7ffe7a892e20, 2
52
SYSCALL
analyzed_bin
writev
108
1, 0x7ffe7a892e20, 2
98
SYSCALL
analyzed_bin
writev
108
1, 0x7ffe7a892e20, 2
52
SYSCALL
analyzed_bin
writev
108
1, 0x7ffe7a892e20, 2
98
SYSCALL
analyzed_bin
writev
108
1, 0x7ffe7a892e20, 2
52
SYSCALL
analyzed_bin
writev
108
1, 0x7ffe7a892e20, 2
98
SYSCALL
analyzed_bin
writev
108
1, 0x7ffe7a892e20, 2
52
SYSCALL
analyzed_bin
writev
108
1, 0x7ffe7a892e20, 2
98
SYSCALL
analyzed_bin
writev
108
1, 0x7ffe7a892e20, 2
52
SYSCALL
analyzed_bin
writev
108
1, 0x7ffe7a892e20, 2
98
SYSCALL
analyzed_bin
writev
108
1, 0x7ffe7a892e20, 2
52
SYSCALL
analyzed_bin
writev
108
1, 0x7ffe7a892e20, 2
98
SYSCALL
analyzed_bin
writev
108
1, 0x7ffe7a892e20, 2
52
SYSCALL
analyzed_bin
writev
108
1, 0x7ffe7a892e20, 2
98
SYSCALL
analyzed_bin
writev
108
1, 0x7ffe7a892e20, 2
52
SYSCALL
analyzed_bin
writev
108
1, 0x7ffe7a892e20, 2
98
SYSCALL
analyzed_bin
writev
108
1, 0x7ffe7a892e20, 2
52
SYSCALL
analyzed_bin
writev
108
1, 0x7ffe7a892e20, 2
98
SYSCALL
analyzed_bin
writev
108
1, 0x7ffe7a892e20, 2
52
SYSCALL
analyzed_bin
writev
108
1, 0x7ffe7a892e20, 2
98
SYSCALL
analyzed_bin
writev
108
1, 0x7ffe7a892e20, 2
52
SYSCALL
analyzed_bin
writev
108
1, 0x7ffe7a892e20, 2
98
SYSCALL
analyzed_bin
writev
108
1, 0x7ffe7a892e20, 2
52
SYSCALL
analyzed_bin
writev
108
1, 0x7ffe7a892e20, 2
98
SYSCALL
analyzed_bin
writev
108
1, 0x7ffe7a892e20, 2
52
SYSCALL
analyzed_bin
writev
108
1, 0x7ffe7a892e20, 2
98
SYSCALL
analyzed_bin
writev
108
1, 0x7ffe7a892e20, 2
52
SYSCALL
analyzed_bin
writev
108
1, 0x7ffe7a892e20, 2
98
SYSCALL
analyzed_bin
writev
108
1, 0x7ffe7a892e20, 2
52
SYSCALL
analyzed_bin
writev
108
1, 0x7ffe7a892e20, 2
98
SYSCALL
analyzed_bin
writev
108
1, 0x7ffe7a892e20, 2
52
SYSCALL
analyzed_bin
writev
108
1, 0x7ffe7a892e20, 2
98
SYSCALL
analyzed_bin
writev
108
1, 0x7ffe7a892e20, 2
52
SYSCALL
analyzed_bin
writev
108
1, 0x7ffe7a892e20, 2
98
SYSCALL
analyzed_bin
writev
108
1, 0x7ffe7a892e20, 2
52
SYSCALL
analyzed_bin
writev
108
1, 0x7ffe7a892e20, 2
98
SYSCALL
analyzed_bin
writev
108
1, 0x7ffe7a892e20, 2
52
SYSCALL
analyzed_bin
writev
108
1, 0x7ffe7a892e20, 2
98
SYSCALL
analyzed_bin
writev
108
1, 0x7ffe7a892e20, 2
52
SYSCALL
analyzed_bin
writev
108
1, 0x7ffe7a892e20, 2
98
SYSCALL
analyzed_bin
writev
108
1, 0x7ffe7a892e20, 2
52
SYSCALL
analyzed_bin
writev
108
1, 0x7ffe7a892e20, 2
98
SYSCALL
analyzed_bin
writev
108
1, 0x7ffe7a892e20, 2
52
SYSCALL
analyzed_bin
writev
108
1, 0x7ffe7a892e20, 2
98
SYSCALL
analyzed_bin
writev
108
1, 0x7ffe7a892e20, 2
52
SYSCALL
analyzed_bin
writev
108
1, 0x7ffe7a892e20, 2
98
SYSCALL
analyzed_bin
writev
108
1, 0x7ffe7a892e20, 2
52
SYSCALL
analyzed_bin
writev
108
1, 0x7ffe7a892e20, 2
98
SYSCALL
analyzed_bin
writev
108
1, 0x7ffe7a892e20, 2
52
SYSCALL
analyzed_bin
writev
108
1, 0x7ffe7a892e20, 2
98
SYSCALL
analyzed_bin
writev
108
1, 0x7ffe7a892e20, 2
52
SYSCALL
analyzed_bin
writev
108
1, 0x7ffe7a892e20, 2
98
SYSCALL
analyzed_bin
writev
108
1, 0x7ffe7a892e20, 2
52
SYSCALL
analyzed_bin
writev
108
1, 0x7ffe7a892e20, 2
98
SYSCALL
analyzed_bin
writev
108
1, 0x7ffe7a892e20, 2
52
SYSCALL
analyzed_bin
writev
108
1, 0x7ffe7a892e20, 2
98
SYSCALL
analyzed_bin
writev
108
1, 0x7ffe7a892e20, 2
52
SYSCALL
analyzed_bin
writev
108
1, 0x7ffe7a892e20, 2
98
SYSCALL
analyzed_bin
writev
108
1, 0x7ffe7a892e20, 2
52
SYSCALL
analyzed_bin
writev
108
1, 0x7ffe7a892e20, 2
98
SYSCALL
analyzed_bin
writev
108
1, 0x7ffe7a892e20, 2
52
SYSCALL
analyzed_bin
writev
108
1, 0x7ffe7a892e20, 2
98
SYSCALL
analyzed_bin
writev
108
1, 0x7ffe7a892e20, 2
52
SYSCALL
analyzed_bin
writev
108
1, 0x7ffe7a892e20, 2
98
SYSCALL
analyzed_bin
writev
108
1, 0x7ffe7a892e20, 2
52
SYSCALL
analyzed_bin
writev
108
1, 0x7ffe7a892e20, 2
98
SYSCALL
analyzed_bin
writev
108
1, 0x7ffe7a892e20, 2
52
SYSCALL
analyzed_bin
writev
108
1, 0x7ffe7a892e20, 2
98
SYSCALL
analyzed_bin
writev
108
1, 0x7ffe7a892e20, 2
52
SYSCALL
analyzed_bin
writev
108
1, 0x7ffe7a892e20, 2
98
SYSCALL
analyzed_bin
writev
108
1, 0x7ffe7a892e20, 2
52
SYSCALL
analyzed_bin
writev
108
1, 0x7ffe7a892e20, 2
98
SYSCALL
analyzed_bin
writev
108
1, 0x7ffe7a892e20, 2
52
SYSCALL
analyzed_bin
writev
108
1, 0x7ffe7a892e20, 2
98
SYSCALL
analyzed_bin
writev
108
1, 0x7ffe7a892e20, 2
52
SYSCALL
analyzed_bin
writev
108
1, 0x7ffe7a892e20, 2
98
SYSCALL
analyzed_bin
writev
108
1, 0x7ffe7a892e20, 2
52
SYSCALL
analyzed_bin
writev
108
1, 0x7ffe7a892e20, 2
98
SYSCALL
analyzed_bin
writev
108
1, 0x7ffe7a892e20, 2
52
SYSCALL
analyzed_bin
writev
108
1, 0x7ffe7a892e20, 2
98
SYSCALL
analyzed_bin
writev
108
1, 0x7ffe7a892e20, 2
52
SYSCALL
analyzed_bin
writev
108
1, 0x7ffe7a892e20, 2
98
SYSCALL
analyzed_bin
writev
108
1, 0x7ffe7a892e20, 2
52
SYSCALL
analyzed_bin
writev
108
1, 0x7ffe7a892e20, 2
98
SYSCALL
analyzed_bin
writev
108
1, 0x7ffe7a892e20, 2
52
SYSCALL
analyzed_bin
writev
108
1, 0x7ffe7a892e20, 2
98
SYSCALL
analyzed_bin
writev
108
1, 0x7ffe7a892e20, 2
52
SYSCALL
analyzed_bin
writev
108
1, 0x7ffe7a892e20, 2
98
SYSCALL
analyzed_bin
writev
108
1, 0x7ffe7a892e20, 2
52
SYSCALL
analyzed_bin
writev
108
1, 0x7ffe7a892e20, 2
98
SYSCALL
analyzed_bin
writev
108
1, 0x7ffe7a892e20, 2
52
SYSCALL
analyzed_bin
writev
108
1, 0x7ffe7a892e20, 2
98
SYSCALL
analyzed_bin
writev
108
1, 0x7ffe7a892e20, 2
52
SYSCALL
analyzed_bin
writev
108
1, 0x7ffe7a892e20, 2
98
SYSCALL
analyzed_bin
writev
108
1, 0x7ffe7a892e20, 2
52
SYSCALL
analyzed_bin
writev
108
1, 0x7ffe7a892e20, 2
98
SYSCALL
analyzed_bin
writev
108
1, 0x7ffe7a892e20, 2
52
SYSCALL
analyzed_bin
writev
108
1, 0x7ffe7a892e20, 2
98
SYSCALL
analyzed_bin
writev
108
1, 0x7ffe7a892e20, 2
52
SYSCALL
analyzed_bin
writev
108
1, 0x7ffe7a892e20, 2
98
SYSCALL
analyzed_bin
writev
108
1, 0x7ffe7a892e20, 2
52
SYSCALL
analyzed_bin
writev
108
1, 0x7ffe7a892e20, 2
98
SYSCALL
analyzed_bin
writev
108
1, 0x7ffe7a892e20, 2
52
SYSCALL
analyzed_bin
writev
108
1, 0x7ffe7a892e20, 2
98
SYSCALL
analyzed_bin
writev
108
1, 0x7ffe7a892e20, 2
52
SYSCALL
analyzed_bin
writev
108
1, 0x7ffe7a892e20, 2
98
SYSCALL
analyzed_bin
writev
108
1, 0x7ffe7a892e20, 2
52
SYSCALL
analyzed_bin
writev
108
1, 0x7ffe7a892e20, 2
98
SYSCALL
analyzed_bin
writev
108
1, 0x7ffe7a892e20, 2
52
SYSCALL
analyzed_bin
writev
108
1, 0x7ffe7a892e20, 2
98
SYSCALL
analyzed_bin
writev
108
1, 0x7ffe7a892e20, 2
52
SYSCALL
analyzed_bin
writev
108
1, 0x7ffe7a892e20, 2
98
SYSCALL
analyzed_bin
writev
108
1, 0x7ffe7a892e20, 2
52
SYSCALL
analyzed_bin
writev
108
1, 0x7ffe7a892e20, 2
98
SYSCALL
analyzed_bin
writev
108
1, 0x7ffe7a892e20, 2
52
SYSCALL
analyzed_bin
writev
108
1, 0x7ffe7a892e20, 2
98
SYSCALL
analyzed_bin
writev
108
1, 0x7ffe7a892e20, 2
52
SYSCALL
analyzed_bin
writev
108
1, 0x7ffe7a892e20, 2
98
SYSCALL
analyzed_bin
writev
108
1, 0x7ffe7a892e20, 2
52
SYSCALL
analyzed_bin
writev
108
1, 0x7ffe7a892e20, 2
98
SYSCALL
analyzed_bin
writev
108
1, 0x7ffe7a892e20, 2
52
SYSCALL
analyzed_bin
writev
108
1, 0x7ffe7a892e20, 2
98
SYSCALL
analyzed_bin
writev
108
1, 0x7ffe7a892e20, 2
52
SYSCALL
analyzed_bin
writev
108
1, 0x7ffe7a892e20, 2
98
SYSCALL
analyzed_bin
writev
108
1, 0x7ffe7a892e20, 2
52
SYSCALL
analyzed_bin
writev
108
1, 0x7ffe7a892e20, 2
98
SYSCALL
analyzed_bin
writev
108
1, 0x7ffe7a892e20, 2
52
SYSCALL
analyzed_bin
writev
108
1, 0x7ffe7a892e20, 2
98
SYSCALL
analyzed_bin
writev
108
1, 0x7ffe7a892e20, 2
52
SYSCALL
analyzed_bin
writev
108
1, 0x7ffe7a892e20, 2
98
SYSCALL
analyzed_bin
writev
108
1, 0x7ffe7a892e20, 2
52
SYSCALL
analyzed_bin
writev
108
1, 0x7ffe7a892e20, 2
98
SYSCALL
analyzed_bin
writev
108
1, 0x7ffe7a892e20, 2
52
SYSCALL
analyzed_bin
writev
108
1, 0x7ffe7a892e20, 2
98
SYSCALL
analyzed_bin
writev
108
1, 0x7ffe7a892e20, 2
52
SYSCALL
analyzed_bin
writev
108
1, 0x7ffe7a892e20, 2
98
SYSCALL
analyzed_bin
writev
108
1, 0x7ffe7a892e20, 2
52
SYSCALL
analyzed_bin
writev
108
1, 0x7ffe7a892e20, 2
98
SYSCALL
analyzed_bin
writev
108
1, 0x7ffe7a892e20, 2
52
SYSCALL
analyzed_bin
writev
108
1, 0x7ffe7a892e20, 2
98
SYSCALL
analyzed_bin
writev
108
1, 0x7ffe7a892e20, 2
52
SYSCALL
analyzed_bin
writev
108
1, 0x7ffe7a892e20, 2
98
SYSCALL
analyzed_bin
writev
108
1, 0x7ffe7a892e20, 2
52
SYSCALL
analyzed_bin
writev
108
1, 0x7ffe7a892e20, 2
98
SYSCALL
analyzed_bin
writev
108
1, 0x7ffe7a892e20, 2
52
SYSCALL
analyzed_bin
writev
108
1, 0x7ffe7a892e20, 2
98
SYSCALL
analyzed_bin
writev
108
1, 0x7ffe7a892e20, 2
52
SYSCALL
analyzed_bin
writev
108
1, 0x7ffe7a892e20, 2
98
SYSCALL
analyzed_bin
writev
108
1, 0x7ffe7a892e20, 2
52
SYSCALL
analyzed_bin
writev
108
1, 0x7ffe7a892e20, 2
98
SYSCALL
analyzed_bin
writev
108
1, 0x7ffe7a892e20, 2
52
SYSCALL
analyzed_bin
writev
108
1, 0x7ffe7a892e20, 2
98
SYSCALL
analyzed_bin
writev
108
1, 0x7ffe7a892e20, 2
52
SYSCALL
analyzed_bin
writev
108
1, 0x7ffe7a892e20, 2
98
SYSCALL
analyzed_bin
writev
108
1, 0x7ffe7a892e20, 2
52
SYSCALL
analyzed_bin
writev
108
1, 0x7ffe7a892e20, 2
98
SYSCALL
analyzed_bin
writev
108
1, 0x7ffe7a892e20, 2
52
SYSCALL
analyzed_bin
writev
108
1, 0x7ffe7a892e20, 2
98
SYSCALL
analyzed_bin
writev
108
1, 0x7ffe7a892e20, 2
52
SYSCALL
analyzed_bin
writev
108
1, 0x7ffe7a892e20, 2
98
SYSCALL
analyzed_bin
writev
108
1, 0x7ffe7a892e20, 2
52
SYSCALL
analyzed_bin
writev
108
1, 0x7ffe7a892e20, 2
98
SYSCALL
analyzed_bin
writev
108
1, 0x7ffe7a892e20, 2
52
SYSCALL
analyzed_bin
writev
108
1, 0x7ffe7a892e20, 2
98
SYSCALL
analyzed_bin
writev
108
1, 0x7ffe7a892e20, 2
52
SYSCALL
analyzed_bin
writev
108
1, 0x7ffe7a892e20, 2
98
SYSCALL
analyzed_bin
writev
108
1, 0x7ffe7a892e20, 2
52
SYSCALL
analyzed_bin
writev
108
1, 0x7ffe7a892e20, 2
98
SYSCALL
analyzed_bin
writev
108
1, 0x7ffe7a892e20, 2
52
SYSCALL
analyzed_bin
writev
108
1, 0x7ffe7a892e20, 2
98
SYSCALL
analyzed_bin
writev
108
1, 0x7ffe7a892e20, 2
52
SYSCALL
analyzed_bin
writev
108
1, 0x7ffe7a892e20, 2
98
SYSCALL
analyzed_bin
writev
108
1, 0x7ffe7a892e20, 2
52
SYSCALL
analyzed_bin
writev
108
1, 0x7ffe7a892e20, 2
98
SYSCALL
analyzed_bin
writev
108
1, 0x7ffe7a892e20, 2
52
SYSCALL
analyzed_bin
writev
108
1, 0x7ffe7a892e20, 2
98
SYSCALL
analyzed_bin
writev
108
1, 0x7ffe7a892e20, 2
52
SYSCALL
analyzed_bin
writev
108
1, 0x7ffe7a892e20, 2
98
SYSCALL
analyzed_bin
writev
108
1, 0x7ffe7a892e20, 2
52
SYSCALL
analyzed_bin
writev
108
1, 0x7ffe7a892e20, 2
98
SYSCALL
analyzed_bin
writev
108
1, 0x7ffe7a892e20, 2
52
SYSCALL
analyzed_bin
writev
108
1, 0x7ffe7a892e20, 2
98
SYSCALL
analyzed_bin
writev
108
1, 0x7ffe7a892e20, 2
52
SYSCALL
analyzed_bin
writev
108
1, 0x7ffe7a892e20, 2
98
SYSCALL
analyzed_bin
writev
108
1, 0x7ffe7a892e20, 2
52
SYSCALL
analyzed_bin
writev
108
1, 0x7ffe7a892e20, 2
98
SYSCALL
analyzed_bin
writev
108
1, 0x7ffe7a892e20, 2
52
SYSCALL
analyzed_bin
writev
108
1, 0x7ffe7a892e20, 2
98
SYSCALL
analyzed_bin
writev
108
1, 0x7ffe7a892e20, 2
52
SYSCALL
analyzed_bin
writev
108
1, 0x7ffe7a892e20, 2
98
SYSCALL
analyzed_bin
writev
108
1, 0x7ffe7a892e20, 2
52
SYSCALL
analyzed_bin
writev
108
1, 0x7ffe7a892e20, 2
98
SYSCALL
analyzed_bin
writev
108
1, 0x7ffe7a892e20, 2
52
SYSCALL
analyzed_bin
writev
108
1, 0x7ffe7a892e20, 2
98
SYSCALL
analyzed_bin
writev
108
1, 0x7ffe7a892e20, 2
52
SYSCALL
analyzed_bin
writev
108
1, 0x7ffe7a892e20, 2
98
SYSCALL
analyzed_bin
writev
108
1, 0x7ffe7a892e20, 2
52
SYSCALL
analyzed_bin
writev
108
1, 0x7ffe7a892e20, 2
98
SYSCALL
analyzed_bin
writev
108
1, 0x7ffe7a892e20, 2
52
SYSCALL
analyzed_bin
writev
108
1, 0x7ffe7a892e20, 2
98
SYSCALL
analyzed_bin
writev
108
1, 0x7ffe7a892e20, 2
52
SYSCALL
analyzed_bin
writev
108
1, 0x7ffe7a892e20, 2
98
SYSCALL
analyzed_bin
writev
108
1, 0x7ffe7a892e20, 2
52
SYSCALL
analyzed_bin
writev
108
1, 0x7ffe7a892e20, 2
98
SYSCALL
analyzed_bin
writev
108
1, 0x7ffe7a892e20, 2
52
SYSCALL
analyzed_bin
writev
108
1, 0x7ffe7a892e20, 2
98
SYSCALL
analyzed_bin
writev
108
1, 0x7ffe7a892e20, 2
52
SYSCALL
analyzed_bin
writev
108
1, 0x7ffe7a892e20, 2
98
SYSCALL
analyzed_bin
writev
108
1, 0x7ffe7a892e20, 2
52
SYSCALL
analyzed_bin
writev
108
1, 0x7ffe7a892e20, 2
98
SYSCALL
analyzed_bin
writev
108
1, 0x7ffe7a892e20, 2
52
SYSCALL
analyzed_bin
writev
108
1, 0x7ffe7a892e20, 2
98
SYSCALL
analyzed_bin
writev
108
1, 0x7ffe7a892e20, 2
52
SYSCALL
analyzed_bin
writev
108
1, 0x7ffe7a892e20, 2
98
SYSCALL
analyzed_bin
writev
108
1, 0x7ffe7a892e20, 2
52
SYSCALL
analyzed_bin
writev
108
1, 0x7ffe7a892e20, 2
98
SYSCALL
analyzed_bin
writev
108
1, 0x7ffe7a892e20, 2
52
SYSCALL
analyzed_bin
writev
108
1, 0x7ffe7a892e20, 2
98
SYSCALL
analyzed_bin
writev
108
1, 0x7ffe7a892e20, 2
52
SYSCALL
analyzed_bin
writev
108
1, 0x7ffe7a892e20, 2
98
SYSCALL
analyzed_bin
writev
108
1, 0x7ffe7a892e20, 2
52
SYSCALL
analyzed_bin
writev
108
1, 0x7ffe7a892e20, 2
98
SYSCALL
analyzed_bin
writev
108
1, 0x7ffe7a892e20, 2
52
SYSCALL
analyzed_bin
writev
108
1, 0x7ffe7a892e20, 2
98
SYSCALL
analyzed_bin
writev
108
1, 0x7ffe7a892e20, 2
52
SYSCALL
analyzed_bin
writev
108
1, 0x7ffe7a892e20, 2
98
SYSCALL
analyzed_bin
writev
108
1, 0x7ffe7a892e20, 2
52
SYSCALL
analyzed_bin
writev
108
1, 0x7ffe7a892e20, 2
98
SYSCALL
analyzed_bin
writev
108
1, 0x7ffe7a892e20, 2
52
SYSCALL
analyzed_bin
writev
108
1, 0x7ffe7a892e20, 2
98
SYSCALL
analyzed_bin
writev
108
1, 0x7ffe7a892e20, 2
52
SYSCALL
analyzed_bin
writev
108
1, 0x7ffe7a892e20, 2
98
SYSCALL
analyzed_bin
writev
108
1, 0x7ffe7a892e20, 2
52
SYSCALL
analyzed_bin
writev
108
1, 0x7ffe7a892e20, 2
98
SYSCALL
analyzed_bin
writev
108
1, 0x7ffe7a892e20, 2
52
SYSCALL
analyzed_bin
writev
108
1, 0x7ffe7a892e20, 2
98
SYSCALL
analyzed_bin
writev
108
1, 0x7ffe7a892e20, 2
52
SYSCALL
analyzed_bin
writev
108
1, 0x7ffe7a892e20, 2
98
SYSCALL
analyzed_bin
writev
108
1, 0x7ffe7a892e20, 2
52
SYSCALL
analyzed_bin
writev
108
1, 0x7ffe7a892e20, 2
98
SYSCALL
analyzed_bin
writev
108
1, 0x7ffe7a892e20, 2
52
SYSCALL
analyzed_bin
writev
108
1, 0x7ffe7a892e20, 2
98
SYSCALL
analyzed_bin
writev
108
1, 0x7ffe7a892e20, 2
52
SYSCALL
analyzed_bin
writev
108
1, 0x7ffe7a892e20, 2
98
SYSCALL
analyzed_bin
writev
108
1, 0x7ffe7a892e20, 2
52
SYSCALL
analyzed_bin
writev
108
1, 0x7ffe7a892e20, 2
98
SYSCALL
analyzed_bin
writev
108
1, 0x7ffe7a892e20, 2
52
SYSCALL
analyzed_bin
writev
108
1, 0x7ffe7a892e20, 2
98
SYSCALL
analyzed_bin
writev
108
1, 0x7ffe7a892e20, 2
52
SYSCALL
analyzed_bin
writev
108
1, 0x7ffe7a892e20, 2
98
SYSCALL
analyzed_bin
writev
108
1, 0x7ffe7a892e20, 2
52
SYSCALL
analyzed_bin
writev
108
1, 0x7ffe7a892e20, 2
98
SYSCALL
analyzed_bin
writev
108
1, 0x7ffe7a892e20, 2
52
SYSCALL
analyzed_bin
writev
108
1, 0x7ffe7a892e20, 2
98
SYSCALL
analyzed_bin
writev
108
1, 0x7ffe7a892e20, 2
52
SYSCALL
analyzed_bin
writev
108
1, 0x7ffe7a892e20, 2
98
SYSCALL
analyzed_bin
writev
108
1, 0x7ffe7a892e20, 2
52
SYSCALL
analyzed_bin
writev
108
1, 0x7ffe7a892e20, 2
98
SYSCALL
analyzed_bin
writev
108
1, 0x7ffe7a892e20, 2
52
SYSCALL
analyzed_bin
writev
108
1, 0x7ffe7a892e20, 2
98
SYSCALL
analyzed_bin
writev
108
1, 0x7ffe7a892e20, 2
52
SYSCALL
analyzed_bin
writev
108
1, 0x7ffe7a892e20, 2
98
SYSCALL
analyzed_bin
writev
108
1, 0x7ffe7a892e20, 2
52
SYSCALL
analyzed_bin
writev
108
1, 0x7ffe7a892e20, 2
98
SYSCALL
analyzed_bin
writev
108
1, 0x7ffe7a892e20, 2
52
SYSCALL
analyzed_bin
writev
108
1, 0x7ffe7a892e20, 2
98
SYSCALL
analyzed_bin
writev
108
1, 0x7ffe7a892e20, 2
52
SYSCALL
analyzed_bin
writev
108
1, 0x7ffe7a892e20, 2
98
SYSCALL
analyzed_bin
writev
108
1, 0x7ffe7a892e20, 2
52
SYSCALL
analyzed_bin
writev
108
1, 0x7ffe7a892e20, 2
98
SYSCALL
analyzed_bin
writev
108
1, 0x7ffe7a892e20, 2
52
SYSCALL
analyzed_bin
writev
108
1, 0x7ffe7a892e20, 2
98
SYSCALL
analyzed_bin
writev
108
1, 0x7ffe7a892e20, 2
52
SYSCALL
analyzed_bin
writev
108
1, 0x7ffe7a892e20, 2
98
SYSCALL
analyzed_bin
writev
108
1, 0x7ffe7a892e20, 2
52
SYSCALL
analyzed_bin
writev
108
1, 0x7ffe7a892e20, 2
98
SYSCALL
analyzed_bin
writev
108
1, 0x7ffe7a892e20, 2
52
SYSCALL
analyzed_bin
writev
108
1, 0x7ffe7a892e20, 2
98
SYSCALL
analyzed_bin
writev
108
1, 0x7ffe7a892e20, 2
52
SYSCALL
analyzed_bin
writev
108
1, 0x7ffe7a892e20, 2
98
SYSCALL
analyzed_bin
writev
108
1, 0x7ffe7a892e20, 2
52
SYSCALL
analyzed_bin
writev
108
1, 0x7ffe7a892e20, 2
98
SYSCALL
analyzed_bin
writev
108
1, 0x7ffe7a892e20, 2
52
SYSCALL
analyzed_bin
writev
108
1, 0x7ffe7a892e20, 2
98
SYSCALL
analyzed_bin
writev
108
1, 0x7ffe7a892e20, 2
52
SYSCALL
analyzed_bin
writev
108
1, 0x7ffe7a892e20, 2
98
SYSCALL
analyzed_bin
writev
108
1, 0x7ffe7a892e20, 2
52
SYSCALL
analyzed_bin
writev
108
1, 0x7ffe7a892e20, 2
98
SYSCALL
analyzed_bin
writev
108
1, 0x7ffe7a892e20, 2
52
SYSCALL
analyzed_bin
writev
108
1, 0x7ffe7a892e20, 2
98
SYSCALL
analyzed_bin
writev
108
1, 0x7ffe7a892e20, 2
52
SYSCALL
analyzed_bin
writev
108
1, 0x7ffe7a892e20, 2
98
SYSCALL
analyzed_bin
writev
108
1, 0x7ffe7a892e20, 2
52
SYSCALL
analyzed_bin
writev
108
1, 0x7ffe7a892e20, 2
98
SYSCALL
analyzed_bin
writev
108
1, 0x7ffe7a892e20, 2
52
SYSCALL
analyzed_bin
writev
108
1, 0x7ffe7a892e20, 2
98
SYSCALL
analyzed_bin
writev
108
1, 0x7ffe7a892e20, 2
52
SYSCALL
analyzed_bin
writev
108
1, 0x7ffe7a892e20, 2
98
SYSCALL
analyzed_bin
writev
108
1, 0x7ffe7a892e20, 2
52
SYSCALL
analyzed_bin
writev
108
1, 0x7ffe7a892e20, 2
98
SYSCALL
analyzed_bin
writev
108
1, 0x7ffe7a892e20, 2
52
SYSCALL
analyzed_bin
writev
108
1, 0x7ffe7a892e20, 2
98
SYSCALL
analyzed_bin
writev
108
1, 0x7ffe7a892e20, 2
52
SYSCALL
analyzed_bin
writev
108
1, 0x7ffe7a892e20, 2
98
SYSCALL
analyzed_bin
writev
108
1, 0x7ffe7a892e20, 2
52
SYSCALL
analyzed_bin
writev
108
1, 0x7ffe7a892e20, 2
98
SYSCALL
analyzed_bin
writev
108
1, 0x7ffe7a892e20, 2
52
SYSCALL
analyzed_bin
writev
108
1, 0x7ffe7a892e20, 2
98
SYSCALL
analyzed_bin
writev
108
1, 0x7ffe7a892e20, 2
52
SYSCALL
analyzed_bin
writev
108
1, 0x7ffe7a892e20, 2
98
SYSCALL
analyzed_bin
writev
108
1, 0x7ffe7a892e20, 2
52
SYSCALL
analyzed_bin
writev
108
1, 0x7ffe7a892e20, 2
98
SYSCALL
analyzed_bin
writev
108
1, 0x7ffe7a892e20, 2
52
SYSCALL
analyzed_bin
writev
108
1, 0x7ffe7a892e20, 2
98
SYSCALL
analyzed_bin
writev
108
1, 0x7ffe7a892e20, 2
52
SYSCALL
analyzed_bin
writev
108
1, 0x7ffe7a892e20, 2
98
SYSCALL
analyzed_bin
writev
108
1, 0x7ffe7a892e20, 2
52
SYSCALL
analyzed_bin
writev
108
1, 0x7ffe7a892e20, 2
98
SYSCALL
analyzed_bin
writev
108
1, 0x7ffe7a892e20, 2
52
SYSCALL
analyzed_bin
writev
108
1, 0x7ffe7a892e20, 2
98
SYSCALL
analyzed_bin
writev
108
1, 0x7ffe7a892e20, 2
52
SYSCALL
analyzed_bin
writev
108
1, 0x7ffe7a892e20, 2
98
SYSCALL
analyzed_bin
writev
108
1, 0x7ffe7a892e20, 2
52
SYSCALL
analyzed_bin
writev
108
1, 0x7ffe7a892e20, 2
98
SYSCALL
analyzed_bin
writev
108
1, 0x7ffe7a892e20, 2
52
SYSCALL
analyzed_bin
writev
108
1, 0x7ffe7a892e20, 2
98
SYSCALL
analyzed_bin
writev
108
1, 0x7ffe7a892e20, 2
52
SYSCALL
analyzed_bin
writev
108
1, 0x7ffe7a892e20, 2
98
SYSCALL
analyzed_bin
writev
108
1, 0x7ffe7a892e20, 2
52
SYSCALL
analyzed_bin
writev
108
1, 0x7ffe7a892e20, 2
98
SYSCALL
analyzed_bin
writev
108
1, 0x7ffe7a892e20, 2
52
SYSCALL
analyzed_bin
writev
108
1, 0x7ffe7a892e20, 2
98
SYSCALL
analyzed_bin
writev
108
1, 0x7ffe7a892e20, 2
52
SYSCALL
analyzed_bin
writev
108
1, 0x7ffe7a892e20, 2
98
SYSCALL
analyzed_bin
writev
108
1, 0x7ffe7a892e20, 2
52
SYSCALL
analyzed_bin
writev
108
1, 0x7ffe7a892e20, 2
98
SYSCALL
analyzed_bin
writev
108
1, 0x7ffe7a892e20, 2
52
SYSCALL
analyzed_bin
writev
108
1, 0x7ffe7a892e20, 2
98
SYSCALL
analyzed_bin
writev
108
1, 0x7ffe7a892e20, 2
52
SYSCALL
analyzed_bin
writev
108
1, 0x7ffe7a892e20, 2
98
SYSCALL
analyzed_bin
writev
108
1, 0x7ffe7a892e20, 2
52
SYSCALL
analyzed_bin
writev
108
1, 0x7ffe7a892e20, 2
98
SYSCALL
analyzed_bin
writev
108
1, 0x7ffe7a892e20, 2
52
SYSCALL
analyzed_bin
writev
108
1, 0x7ffe7a892e20, 2
98
SYSCALL
analyzed_bin
writev
108
1, 0x7ffe7a892e20, 2
52
SYSCALL
analyzed_bin
writev
108
1, 0x7ffe7a892e20, 2
98
SYSCALL
analyzed_bin
writev
108
1, 0x7ffe7a892e20, 2
52
SYSCALL
analyzed_bin
writev
108
1, 0x7ffe7a892e20, 2
98
SYSCALL
analyzed_bin
writev
108
1, 0x7ffe7a892e20, 2
52
SYSCALL
analyzed_bin
writev
108
1, 0x7ffe7a892e20, 2
98
SYSCALL
analyzed_bin
writev
108
1, 0x7ffe7a892e20, 2
52
SYSCALL
analyzed_bin
writev
108
1, 0x7ffe7a892e20, 2
98
SYSCALL
analyzed_bin
writev
108
1, 0x7ffe7a892e20, 2
52
SYSCALL
analyzed_bin
writev
108
1, 0x7ffe7a892e20, 2
98
SYSCALL
analyzed_bin
writev
108
1, 0x7ffe7a892e20, 2
52
SYSCALL
analyzed_bin
writev
108
1, 0x7ffe7a892e20, 2
98
SYSCALL
analyzed_bin
writev
108
1, 0x7ffe7a892e20, 2
52
SYSCALL
analyzed_bin
writev
108
1, 0x7ffe7a892e20, 2
98
SYSCALL
analyzed_bin
writev
108
1, 0x7ffe7a892e20, 2
52
SYSCALL
analyzed_bin
writev
108
1, 0x7ffe7a892e20, 2
98
SYSCALL
analyzed_bin
writev
108
1, 0x7ffe7a892e20, 2
52
SYSCALL
analyzed_bin
writev
108
1, 0x7ffe7a892e20, 2
98
SYSCALL
analyzed_bin
writev
108
1, 0x7ffe7a892e20, 2
52
SYSCALL
analyzed_bin
writev
108
1, 0x7ffe7a892e20, 2
98
SYSCALL
analyzed_bin
writev
108
1, 0x7ffe7a892e20, 2
52
SYSCALL
analyzed_bin
writev
108
1, 0x7ffe7a892e20, 2
98
SYSCALL
analyzed_bin
writev
108
1, 0x7ffe7a892e20, 2
52
