LISA
PROCESS
108:105
SYSCALL
analyzed_bin
execve
108

0
SYSCALL
analyzed_bin
brk
108
0x0
94673994346496
SYSCALL
analyzed_bin
access
108
"/etc/ld.so.preload", R_OK
-2 (ENOENT)
OPENFILE
"/etc/ld.so.cache"
SYSCALL
analyzed_bin
openat
108
AT_FDCWD, "/etc/ld.so.cache", O_RDONLY|O_CLOEXEC
-2 (ENOENT)
OPENFILE
"/lib64/tls/x86_64/x86_64/libpthread.so.0"
SYSCALL
analyzed_bin
openat
108
AT_FDCWD, "/lib64/tls/x86_64/x86_64/libpthread.so.0", O_RDONLY|O_CLOEXEC
-2 (ENOENT)
SYSCALL
analyzed_bin
stat
108
"/lib64/tls/x86_64/x86_64", 0x7fff2bb73830
-2 (ENOENT)
OPENFILE
"/lib64/tls/x86_64/libpthread.so.0"
SYSCALL
analyzed_bin
openat
108
AT_FDCWD, "/lib64/tls/x86_64/libpthread.so.0", O_RDONLY|O_CLOEXEC
-2 (ENOENT)
SYSCALL
analyzed_bin
stat
108
"/lib64/tls/x86_64", 0x7fff2bb73830
-2 (ENOENT)
OPENFILE
"/lib64/tls/x86_64/libpthread.so.0"
SYSCALL
analyzed_bin
openat
108
AT_FDCWD, "/lib64/tls/x86_64/libpthread.so.0", O_RDONLY|O_CLOEXEC
-2 (ENOENT)
SYSCALL
analyzed_bin
stat
108
"/lib64/tls/x86_64", 0x7fff2bb73830
-2 (ENOENT)
OPENFILE
"/lib64/tls/libpthread.so.0"
SYSCALL
analyzed_bin
openat
108
AT_FDCWD, "/lib64/tls/libpthread.so.0", O_RDONLY|O_CLOEXEC
-2 (ENOENT)
SYSCALL
analyzed_bin
stat
108
"/lib64/tls", 0x7fff2bb73830
-2 (ENOENT)
OPENFILE
"/lib64/x86_64/x86_64/libpthread.so.0"
SYSCALL
analyzed_bin
openat
108
AT_FDCWD, "/lib64/x86_64/x86_64/libpthread.so.0", O_RDONLY|O_CLOEXEC
-2 (ENOENT)
SYSCALL
analyzed_bin
stat
108
"/lib64/x86_64/x86_64", 0x7fff2bb73830
-2 (ENOENT)
OPENFILE
"/lib64/x86_64/libpthread.so.0"
SYSCALL
analyzed_bin
openat
108
AT_FDCWD, "/lib64/x86_64/libpthread.so.0", O_RDONLY|O_CLOEXEC
-2 (ENOENT)
SYSCALL
analyzed_bin
stat
108
"/lib64/x86_64", 0x7fff2bb73830
-2 (ENOENT)
OPENFILE
"/lib64/x86_64/libpthread.so.0"
SYSCALL
analyzed_bin
openat
108
AT_FDCWD, "/lib64/x86_64/libpthread.so.0", O_RDONLY|O_CLOEXEC
-2 (ENOENT)
SYSCALL
analyzed_bin
stat
108
"/lib64/x86_64", 0x7fff2bb73830
-2 (ENOENT)
OPENFILE
"/lib64/libpthread.so.0"
SYSCALL
analyzed_bin
openat
108
AT_FDCWD, "/lib64/libpthread.so.0", O_RDONLY|O_CLOEXEC
3
SYSCALL
analyzed_bin
read
108
3, 0x7fff2bb73998, 832
832
SYSCALL
analyzed_bin
fstat
108
3, 0x7fff2bb73830
0
SYSCALL
analyzed_bin
mmap2
108
0x0, 8192, PROT_READ|PROT_WRITE, MAP_PRIVATE|MAP_ANONYMOUS, -1, 0
0x7f1d3a7eb000
SYSCALL
analyzed_bin
mmap2
108
0x0, 2221216, PROT_READ|PROT_EXEC, MAP_PRIVATE|MAP_DENYWRITE, 3, 0
0x7f1d3a3a8000
SYSCALL
analyzed_bin
mprotect
108
0x7f1d3a3c2000, 2093056, PROT_NONE
0
SYSCALL
analyzed_bin
mmap2
108
0x7f1d3a5c1000, 8192, PROT_READ|PROT_WRITE, MAP_PRIVATE|MAP_FIXED|MAP_DENYWRITE, 3, 102400
0x7f1d3a5c1000
SYSCALL
analyzed_bin
mmap2
108
0x7f1d3a5c3000, 13472, PROT_READ|PROT_WRITE, MAP_PRIVATE|MAP_FIXED|MAP_ANONYMOUS, -1, 0
0x7f1d3a5c3000
SYSCALL
analyzed_bin
close
108
3
0
OPENFILE
"/lib64/librt.so.1"
SYSCALL
analyzed_bin
openat
108
AT_FDCWD, "/lib64/librt.so.1", O_RDONLY|O_CLOEXEC
3
SYSCALL
analyzed_bin
read
108
3, 0x7fff2bb73968, 832
832
SYSCALL
analyzed_bin
fstat
108
3, 0x7fff2bb73800
0
SYSCALL
analyzed_bin
mmap2
108
0x0, 2128864, PROT_READ|PROT_EXEC, MAP_PRIVATE|MAP_DENYWRITE, 3, 0
0x7f1d3a1a0000
SYSCALL
analyzed_bin
mprotect
108
0x7f1d3a1a7000, 2093056, PROT_NONE
0
SYSCALL
analyzed_bin
mmap2
108
0x7f1d3a3a6000, 8192, PROT_READ|PROT_WRITE, MAP_PRIVATE|MAP_FIXED|MAP_DENYWRITE, 3, 24576
0x7f1d3a3a6000
SYSCALL
analyzed_bin
close
108
3
0
OPENFILE
"/lib64/libdl.so.2"
SYSCALL
analyzed_bin
openat
108
AT_FDCWD, "/lib64/libdl.so.2", O_RDONLY|O_CLOEXEC
3
SYSCALL
analyzed_bin
read
108
3, 0x7fff2bb73938, 832
832
SYSCALL
analyzed_bin
fstat
108
3, 0x7fff2bb737d0
0
SYSCALL
analyzed_bin
mmap2
108
0x0, 2109680, PROT_READ|PROT_EXEC, MAP_PRIVATE|MAP_DENYWRITE, 3, 0
0x7f1d39f9c000
SYSCALL
analyzed_bin
mprotect
108
0x7f1d39f9f000, 2093056, PROT_NONE
0
SYSCALL
analyzed_bin
mmap2
108
0x7f1d3a19e000, 8192, PROT_READ|PROT_WRITE, MAP_PRIVATE|MAP_FIXED|MAP_DENYWRITE, 3, 8192
0x7f1d3a19e000
SYSCALL
analyzed_bin
close
108
3
0
OPENFILE
"/lib64/libm.so.6"
SYSCALL
analyzed_bin
openat
108
AT_FDCWD, "/lib64/libm.so.6", O_RDONLY|O_CLOEXEC
3
SYSCALL
analyzed_bin
read
108
3, 0x7fff2bb73908, 832
832
SYSCALL
analyzed_bin
fstat
108
3, 0x7fff2bb737a0
0
SYSCALL
analyzed_bin
mmap2
108
0x0, 3653968, PROT_READ|PROT_EXEC, MAP_PRIVATE|MAP_DENYWRITE, 3, 0
0x7f1d39c1f000
SYSCALL
analyzed_bin
mprotect
108
0x7f1d39d9b000, 2093056, PROT_NONE
0
SYSCALL
analyzed_bin
mmap2
108
0x7f1d39f9a000, 8192, PROT_READ|PROT_WRITE, MAP_PRIVATE|MAP_FIXED|MAP_DENYWRITE, 3, 1552384
0x7f1d39f9a000
SYSCALL
analyzed_bin
close
108
3
0
OPENFILE
"/lib64/libc.so.6"
SYSCALL
analyzed_bin
openat
108
AT_FDCWD, "/lib64/libc.so.6", O_RDONLY|O_CLOEXEC
3
SYSCALL
analyzed_bin
read
108
3, 0x7fff2bb738d8, 832
832
SYSCALL
analyzed_bin
fstat
108
3, 0x7fff2bb73770
0
SYSCALL
analyzed_bin
mmap2
108
0x0, 3885056, PROT_READ|PROT_EXEC, MAP_PRIVATE|MAP_DENYWRITE, 3, 0
0x7f1d3986a000
SYSCALL
analyzed_bin
mprotect
108
0x7f1d39a16000, 2093056, PROT_NONE
0
SYSCALL
analyzed_bin
mmap2
108
0x7f1d39c15000, 24576, PROT_READ|PROT_WRITE, MAP_PRIVATE|MAP_FIXED|MAP_DENYWRITE, 3, 1748992
0x7f1d39c15000
SYSCALL
analyzed_bin
mmap2
108
0x7f1d39c1b000, 14336, PROT_READ|PROT_WRITE, MAP_PRIVATE|MAP_FIXED|MAP_ANONYMOUS, -1, 0
0x7f1d39c1b000
SYSCALL
analyzed_bin
close
108
3
0
SYSCALL
analyzed_bin
mmap2
108
0x0, 8192, PROT_READ|PROT_WRITE, MAP_PRIVATE|MAP_ANONYMOUS, -1, 0
0x7f1d3a7e9000
SYSCALL
analyzed_bin
arch_prctl
108
ARCH_SET_FS, 139763512156544
0
SYSCALL
analyzed_bin
mprotect
108
0x7f1d39c15000, 16384, PROT_READ
0
SYSCALL
analyzed_bin
mprotect
108
0x7f1d39f9a000, 4096, PROT_READ
0
SYSCALL
analyzed_bin
mprotect
108
0x7f1d3a19e000, 4096, PROT_READ
0
SYSCALL
analyzed_bin
mprotect
108
0x7f1d3a5c1000, 4096, PROT_READ
0
SYSCALL
analyzed_bin
mprotect
108
0x7f1d3a3a6000, 4096, PROT_READ
0
SYSCALL
analyzed_bin
mprotect
108
0x561b01c00000, 53248, PROT_READ
0
SYSCALL
analyzed_bin
mprotect
108
0x7f1d3a7ed000, 4096, PROT_READ
0
SYSCALL
analyzed_bin
set_tid_address
108
0x7f1d3a7ea450
108
SYSCALL
analyzed_bin
set_robust_list
108
0x7f1d3a7ea460, 24
0
SYSCALL
analyzed_bin
rt_sigaction
108
0x20, {0x7f1d3a3ae2e0, SA_SIGINFO|SA_RESTORER, 0x7f1d3a3b9fe0, [EMPTY]}, 0x0, 8
0
SYSCALL
analyzed_bin
rt_sigaction
108
0x21, {0x7f1d3a3ae380, SA_RESTART|SA_SIGINFO|SA_RESTORER, 0x7f1d3a3b9fe0, [EMPTY]}, 0x0, 8
0
SYSCALL
analyzed_bin
rt_sigprocmask
108
SIG_UNBLOCK, [EMPTY], 0x0, 8
0
SYSCALL
analyzed_bin
prlimit64
108
0, RLIMIT_STACK, NULL, 0x7fff2bb74550
0
SYSCALL
analyzed_bin
brk
108
0x0
94673994346496
SYSCALL
analyzed_bin
brk
108
0x561b01cf8000
94673994481664
OPENFILE
"/dev/urandom"
SYSCALL
analyzed_bin
openat
108
AT_FDCWD, "/dev/urandom", O_RDONLY
3
SYSCALL
analyzed_bin
read
108
3, 0x7fff2bb74514, 4
4
SYSCALL
analyzed_bin
mmap2
108
0x0, 81920, PROT_READ|PROT_WRITE|PROT_EXEC, MAP_PRIVATE|MAP_ANONYMOUS, -1, 0
0x7f1d3a7d5000
SYSCALL
analyzed_bin
mprotect
108
0x7f1d3a7d5000, 81920, PROT_READ|PROT_EXEC
0
SYSCALL
analyzed_bin
futex
108
0x561b01cd4ecc, FUTEX_WAKE_PRIVATE, 2147483647
0
SYSCALL
analyzed_bin
futex
108
0x561b01cd4ed8, FUTEX_WAKE_PRIVATE, 2147483647
0
SYSCALL
analyzed_bin
readlink
108
"/proc/self/exe", 0x561b01c47800, 519
18
OPENFILE
"/root/config.json"
SYSCALL
analyzed_bin
openat
108
AT_FDCWD, "/root/config.json", O_RDONLY
-2 (ENOENT)
OPENFILE
"/etc/localtime"
SYSCALL
analyzed_bin
openat
108
AT_FDCWD, "/etc/localtime", O_RDONLY|O_CLOEXEC
4
SYSCALL
analyzed_bin
fstat
108
4, 0x7fff2bb740e0
0
SYSCALL
analyzed_bin
fstat
108
4, 0x7fff2bb73f20
0
SYSCALL
analyzed_bin
read
108
4, 0x561b01cee1a0, 1024
127
SYSCALL
analyzed_bin
lseek
108
4, -71, SEEK_CUR
56
SYSCALL
analyzed_bin
read
108
4, 0x561b01cee1a0, 1024
71
SYSCALL
analyzed_bin
close
108
4
0
SYSCALL
analyzed_bin
fstat
108
1, 0x7fff2bb740b0
0
SYSCALL
analyzed_bin
write
108
1, "[2022-07-14 08:51:58.488] unable to open \"/r"..., 62
62
SYSCALL
analyzed_bin
write
108
1, "[2022-07-14 08:51:58.498] no valid configurat"..., 85
85
SYSCALL
analyzed_bin
close
108
3
0
SYSCALL
analyzed_bin
exit_group
108
2

