LISA
PROCESS
108:105
SYSCALL
analyzed_bin
execve
108

0
SYSCALL
analyzed_bin
arch_prctl
108
ARCH_SET_FS, 139781724676472
0
SYSCALL
analyzed_bin
set_tid_address
108
0x7f21780ba1b0
108
SYSCALL
analyzed_bin
brk
108
0x0
139781724680192
SYSCALL
analyzed_bin
brk
108
0x7f21780bc000
139781724684288
SYSCALL
analyzed_bin
brk
108
0x7f21780ce000
139781724758016
SYSCALL
analyzed_bin
brk
108
0x7f21780cf000
139781724762112
SYSCALL
analyzed_bin
brk
108
0x7f21780d0000
139781724766208
SYSCALL
analyzed_bin
brk
108
0x7f21780d1000
139781724770304
SYSCALL
analyzed_bin
brk
108
0x7f21780d2000
139781724774400
SYSCALL
analyzed_bin
brk
108
0x7f21780d3000
139781724778496
SYSCALL
analyzed_bin
brk
108
0x7f21780d4000
139781724782592
SYSCALL
analyzed_bin
brk
108
0x7f21780d5000
139781724786688
SYSCALL
analyzed_bin
brk
108
0x7f21780d6000
139781724790784
SYSCALL
analyzed_bin
brk
108
0x7f21780d7000
139781724794880
SYSCALL
analyzed_bin
brk
108
0x7f21780d8000
139781724798976
SYSCALL
analyzed_bin
brk
108
0x7f21780d9000
139781724803072
SYSCALL
analyzed_bin
brk
108
0x7f21780da000
139781724807168
SYSCALL
analyzed_bin
brk
108
0x7f21780db000
139781724811264
SYSCALL
analyzed_bin
brk
108
0x7f21780dc000
139781724815360
SYSCALL
analyzed_bin
brk
108
0x7f21780dd000
139781724819456
SYSCALL
analyzed_bin
brk
108
0x7f21780de000
139781724823552
SYSCALL
analyzed_bin
brk
108
0x7f21780e0000
139781724831744
SYSCALL
analyzed_bin
brk
108
0x7f21780e1000
139781724835840
SYSCALL
analyzed_bin
brk
108
0x7f21780e2000
139781724839936
SYSCALL
analyzed_bin
brk
108
0x7f21780e3000
139781724844032
SYSCALL
analyzed_bin
brk
108
0x7f21780e4000
139781724848128
SYSCALL
analyzed_bin
brk
108
0x7f21780e5000
139781724852224
SYSCALL
analyzed_bin
brk
108
0x7f21780e6000
139781724856320
SYSCALL
analyzed_bin
brk
108
0x7f21780e7000
139781724860416
SYSCALL
analyzed_bin
brk
108
0x7f21780ea000
139781724872704
SYSCALL
analyzed_bin
brk
108
0x7f21780eb000
139781724876800
SYSCALL
analyzed_bin
brk
108
0x7f21780ec000
139781724880896
SYSCALL
analyzed_bin
brk
108
0x7f21780ed000
139781724884992
SYSCALL
analyzed_bin
brk
108
0x7f21780ee000
139781724889088
SYSCALL
analyzed_bin
brk
108
0x7f21780ef000
139781724893184
SYSCALL
analyzed_bin
brk
108
0x7f21780f0000
139781724897280
SYSCALL
analyzed_bin
brk
108
0x7f21780f1000
139781724901376
SYSCALL
analyzed_bin
brk
108
0x7f21780f2000
139781724905472
SYSCALL
analyzed_bin
brk
108
0x7f21780f3000
139781724909568
SYSCALL
analyzed_bin
brk
108
0x7f21780f4000
139781724913664
SYSCALL
analyzed_bin
brk
108
0x7f21780f5000
139781724917760
SYSCALL
analyzed_bin
brk
108
0x7f21780f6000
139781724921856
SYSCALL
analyzed_bin
brk
108
0x7f21780f7000
139781724925952
SYSCALL
analyzed_bin
brk
108
0x7f21780f8000
139781724930048
SYSCALL
analyzed_bin
brk
108
0x7f21780fd000
139781724950528
SYSCALL
analyzed_bin
brk
108
0x7f21780fe000
139781724954624
SYSCALL
analyzed_bin
brk
108
0x7f21780ff000
139781724958720
SYSCALL
analyzed_bin
getuid
108

0
SYSCALL
analyzed_bin
geteuid
108

0
SYSCALL
analyzed_bin
getgid
108

0
SYSCALL
analyzed_bin
getegid
108

0
OPENFILE
"/usr/local/ssl/openssl.cnf"
SYSCALL
analyzed_bin
open
108
"/usr/local/ssl/openssl.cnf", O_RDONLY
-2 (ENOENT)
SYSCALL
analyzed_bin
brk
108
0x7f2178100000
139781724962816
SYSCALL
analyzed_bin
brk
108
0x7f2178101000
139781724966912
SYSCALL
analyzed_bin
brk
108
0x7f2178102000
139781724971008
SYSCALL
analyzed_bin
brk
108
0x7f2178103000
139781724975104
SYSCALL
analyzed_bin
brk
108
0x7f2178104000
139781724979200
SYSCALL
analyzed_bin
brk
108
0x7f2178105000
139781724983296
SYSCALL
analyzed_bin
brk
108
0x7f2178106000
139781724987392
SYSCALL
analyzed_bin
brk
108
0x7f2178107000
139781724991488
SYSCALL
analyzed_bin
brk
108
0x7f2178108000
139781724995584
SYSCALL
analyzed_bin
brk
108
0x7f2178109000
139781724999680
SYSCALL
analyzed_bin
brk
108
0x7f217810a000
139781725003776
SYSCALL
analyzed_bin
brk
108
0x7f217810b000
139781725007872
SYSCALL
analyzed_bin
brk
108
0x7f217810c000
139781725011968
OPENFILE
"config.txt"
SYSCALL
analyzed_bin
open
108
"config.txt", O_RDONLY
-2 (ENOENT)
OPENFILE
"pools.txt"
SYSCALL
analyzed_bin
open
108
"pools.txt", O_RDONLY
-2 (ENOENT)
SYSCALL
analyzed_bin
brk
108
0x7f217810e000
139781725020160
SYSCALL
analyzed_bin
brk
108
0x7f2178110000
139781725028352
SYSCALL
analyzed_bin
writev
108
1, 0x7ffe8d24a6e0, 2
32
SYSCALL
analyzed_bin
readv
108
0, 0x7ffe8d24a6c0, 2
0
SYSCALL
analyzed_bin
brk
108
0x7f2178112000
139781725036544
SYSCALL
analyzed_bin
brk
108
0x7f2178116000
139781725052928
SYSCALL
analyzed_bin
brk
108
0x7f217811a000
139781725069312
OPENFILE
"config.txt"
SYSCALL
analyzed_bin
open
108
"config.txt", O_WRONLY|O_CREAT|O_TRUNC, 0666
3
SYSCALL
analyzed_bin
ioctl
108
3, 21523, 0x7ffe8d24a538
-25 (ENOTTY)
SYSCALL
analyzed_bin
writev
108
3, 0x7ffe8d24a4a0, 2
6726
SYSCALL
analyzed_bin
close
108
3
0
SYSCALL
analyzed_bin
writev
108
1, 0x7ffe8d24a7d0, 2
42
SYSCALL
analyzed_bin
writev
108
1, 0x7ffe8d24a460, 2
14
SYSCALL
analyzed_bin
writev
108
1, 0x7ffe8d24a470, 2
52
SYSCALL
analyzed_bin
writev
108
1, 0x7ffe8d24a470, 2
98
SYSCALL
analyzed_bin
writev
108
1, 0x7ffe8d24a470, 2
52
SYSCALL
analyzed_bin
writev
108
1, 0x7ffe8d24a470, 2
98
SYSCALL
analyzed_bin
writev
108
1, 0x7ffe8d24a470, 2
52
SYSCALL
analyzed_bin
writev
108
1, 0x7ffe8d24a470, 2
98
SYSCALL
analyzed_bin
writev
108
1, 0x7ffe8d24a470, 2
52
SYSCALL
analyzed_bin
writev
108
1, 0x7ffe8d24a470, 2
98
SYSCALL
analyzed_bin
writev
108
1, 0x7ffe8d24a470, 2
52
SYSCALL
analyzed_bin
writev
108
1, 0x7ffe8d24a470, 2
98
SYSCALL
analyzed_bin
writev
108
1, 0x7ffe8d24a470, 2
52
SYSCALL
analyzed_bin
writev
108
1, 0x7ffe8d24a470, 2
98
SYSCALL
analyzed_bin
writev
108
1, 0x7ffe8d24a470, 2
52
SYSCALL
analyzed_bin
writev
108
1, 0x7ffe8d24a470, 2
98
SYSCALL
analyzed_bin
writev
108
1, 0x7ffe8d24a470, 2
52
SYSCALL
analyzed_bin
writev
108
1, 0x7ffe8d24a470, 2
98
SYSCALL
analyzed_bin
writev
108
1, 0x7ffe8d24a470, 2
52
SYSCALL
analyzed_bin
writev
108
1, 0x7ffe8d24a470, 2
98
SYSCALL
analyzed_bin
writev
108
1, 0x7ffe8d24a470, 2
52
SYSCALL
analyzed_bin
writev
108
1, 0x7ffe8d24a470, 2
98
SYSCALL
analyzed_bin
writev
108
1, 0x7ffe8d24a470, 2
52
SYSCALL
analyzed_bin
writev
108
1, 0x7ffe8d24a470, 2
98
SYSCALL
analyzed_bin
writev
108
1, 0x7ffe8d24a470, 2
52
SYSCALL
analyzed_bin
writev
108
1, 0x7ffe8d24a470, 2
98
SYSCALL
analyzed_bin
writev
108
1, 0x7ffe8d24a470, 2
52
SYSCALL
analyzed_bin
writev
108
1, 0x7ffe8d24a470, 2
98
SYSCALL
analyzed_bin
writev
108
1, 0x7ffe8d24a470, 2
52
SYSCALL
analyzed_bin
writev
108
1, 0x7ffe8d24a470, 2
98
SYSCALL
analyzed_bin
writev
108
1, 0x7ffe8d24a470, 2
52
SYSCALL
analyzed_bin
writev
108
1, 0x7ffe8d24a470, 2
98
SYSCALL
analyzed_bin
writev
108
1, 0x7ffe8d24a470, 2
52
SYSCALL
analyzed_bin
writev
108
1, 0x7ffe8d24a470, 2
98
SYSCALL
analyzed_bin
writev
108
1, 0x7ffe8d24a470, 2
52
SYSCALL
analyzed_bin
writev
108
1, 0x7ffe8d24a470, 2
98
SYSCALL
analyzed_bin
writev
108
1, 0x7ffe8d24a470, 2
52
SYSCALL
analyzed_bin
writev
108
1, 0x7ffe8d24a470, 2
98
SYSCALL
analyzed_bin
writev
108
1, 0x7ffe8d24a470, 2
52
SYSCALL
analyzed_bin
writev
108
1, 0x7ffe8d24a470, 2
98
SYSCALL
analyzed_bin
writev
108
1, 0x7ffe8d24a470, 2
52
SYSCALL
analyzed_bin
writev
108
1, 0x7ffe8d24a470, 2
98
SYSCALL
analyzed_bin
writev
108
1, 0x7ffe8d24a470, 2
52
SYSCALL
analyzed_bin
writev
108
1, 0x7ffe8d24a470, 2
98
SYSCALL
analyzed_bin
writev
108
1, 0x7ffe8d24a470, 2
52
SYSCALL
analyzed_bin
writev
108
1, 0x7ffe8d24a470, 2
98
SYSCALL
analyzed_bin
writev
108
1, 0x7ffe8d24a470, 2
52
SYSCALL
analyzed_bin
writev
108
1, 0x7ffe8d24a470, 2
98
SYSCALL
analyzed_bin
writev
108
1, 0x7ffe8d24a470, 2
52
SYSCALL
analyzed_bin
writev
108
1, 0x7ffe8d24a470, 2
98
SYSCALL
analyzed_bin
writev
108
1, 0x7ffe8d24a470, 2
52
SYSCALL
analyzed_bin
writev
108
1, 0x7ffe8d24a470, 2
98
SYSCALL
analyzed_bin
writev
108
1, 0x7ffe8d24a470, 2
52
SYSCALL
analyzed_bin
writev
108
1, 0x7ffe8d24a470, 2
98
SYSCALL
analyzed_bin
writev
108
1, 0x7ffe8d24a470, 2
52
SYSCALL
analyzed_bin
writev
108
1, 0x7ffe8d24a470, 2
98
SYSCALL
analyzed_bin
writev
108
1, 0x7ffe8d24a470, 2
52
SYSCALL
analyzed_bin
writev
108
1, 0x7ffe8d24a470, 2
98
SYSCALL
analyzed_bin
writev
108
1, 0x7ffe8d24a470, 2
52
SYSCALL
analyzed_bin
writev
108
1, 0x7ffe8d24a470, 2
98
SYSCALL
analyzed_bin
writev
108
1, 0x7ffe8d24a470, 2
52
SYSCALL
analyzed_bin
writev
108
1, 0x7ffe8d24a470, 2
98
SYSCALL
analyzed_bin
writev
108
1, 0x7ffe8d24a470, 2
52
SYSCALL
analyzed_bin
writev
108
1, 0x7ffe8d24a470, 2
98
SYSCALL
analyzed_bin
writev
108
1, 0x7ffe8d24a470, 2
52
SYSCALL
analyzed_bin
writev
108
1, 0x7ffe8d24a470, 2
98
SYSCALL
analyzed_bin
writev
108
1, 0x7ffe8d24a470, 2
52
SYSCALL
analyzed_bin
writev
108
1, 0x7ffe8d24a470, 2
98
SYSCALL
analyzed_bin
writev
108
1, 0x7ffe8d24a470, 2
52
SYSCALL
analyzed_bin
writev
108
1, 0x7ffe8d24a470, 2
98
SYSCALL
analyzed_bin
writev
108
1, 0x7ffe8d24a470, 2
52
SYSCALL
analyzed_bin
writev
108
1, 0x7ffe8d24a470, 2
98
SYSCALL
analyzed_bin
writev
108
1, 0x7ffe8d24a470, 2
52
SYSCALL
analyzed_bin
writev
108
1, 0x7ffe8d24a470, 2
98
SYSCALL
analyzed_bin
writev
108
1, 0x7ffe8d24a470, 2
52
SYSCALL
analyzed_bin
writev
108
1, 0x7ffe8d24a470, 2
98
SYSCALL
analyzed_bin
writev
108
1, 0x7ffe8d24a470, 2
52
SYSCALL
analyzed_bin
writev
108
1, 0x7ffe8d24a470, 2
98
SYSCALL
analyzed_bin
writev
108
1, 0x7ffe8d24a470, 2
52
SYSCALL
analyzed_bin
writev
108
1, 0x7ffe8d24a470, 2
98
SYSCALL
analyzed_bin
writev
108
1, 0x7ffe8d24a470, 2
52
SYSCALL
analyzed_bin
writev
108
1, 0x7ffe8d24a470, 2
98
SYSCALL
analyzed_bin
writev
108
1, 0x7ffe8d24a470, 2
52
SYSCALL
analyzed_bin
writev
108
1, 0x7ffe8d24a470, 2
98
SYSCALL
analyzed_bin
writev
108
1, 0x7ffe8d24a470, 2
52
SYSCALL
analyzed_bin
writev
108
1, 0x7ffe8d24a470, 2
98
SYSCALL
analyzed_bin
writev
108
1, 0x7ffe8d24a470, 2
52
SYSCALL
analyzed_bin
writev
108
1, 0x7ffe8d24a470, 2
98
SYSCALL
analyzed_bin
writev
108
1, 0x7ffe8d24a470, 2
52
SYSCALL
analyzed_bin
writev
108
1, 0x7ffe8d24a470, 2
98
SYSCALL
analyzed_bin
writev
108
1, 0x7ffe8d24a470, 2
52
SYSCALL
analyzed_bin
writev
108
1, 0x7ffe8d24a470, 2
98
SYSCALL
analyzed_bin
writev
108
1, 0x7ffe8d24a470, 2
52
SYSCALL
analyzed_bin
writev
108
1, 0x7ffe8d24a470, 2
98
SYSCALL
analyzed_bin
writev
108
1, 0x7ffe8d24a470, 2
52
SYSCALL
analyzed_bin
writev
108
1, 0x7ffe8d24a470, 2
98
SYSCALL
analyzed_bin
writev
108
1, 0x7ffe8d24a470, 2
52
SYSCALL
analyzed_bin
writev
108
1, 0x7ffe8d24a470, 2
98
SYSCALL
analyzed_bin
writev
108
1, 0x7ffe8d24a470, 2
52
SYSCALL
analyzed_bin
writev
108
1, 0x7ffe8d24a470, 2
98
SYSCALL
analyzed_bin
writev
108
1, 0x7ffe8d24a470, 2
52
SYSCALL
analyzed_bin
writev
108
1, 0x7ffe8d24a470, 2
98
SYSCALL
analyzed_bin
writev
108
1, 0x7ffe8d24a470, 2
52
SYSCALL
analyzed_bin
writev
108
1, 0x7ffe8d24a470, 2
98
SYSCALL
analyzed_bin
writev
108
1, 0x7ffe8d24a470, 2
52
SYSCALL
analyzed_bin
writev
108
1, 0x7ffe8d24a470, 2
98
SYSCALL
analyzed_bin
writev
108
1, 0x7ffe8d24a470, 2
52
SYSCALL
analyzed_bin
writev
108
1, 0x7ffe8d24a470, 2
98
SYSCALL
analyzed_bin
writev
108
1, 0x7ffe8d24a470, 2
52
SYSCALL
analyzed_bin
writev
108
1, 0x7ffe8d24a470, 2
98
SYSCALL
analyzed_bin
writev
108
1, 0x7ffe8d24a470, 2
52
SYSCALL
analyzed_bin
writev
108
1, 0x7ffe8d24a470, 2
98
SYSCALL
analyzed_bin
writev
108
1, 0x7ffe8d24a470, 2
52
SYSCALL
analyzed_bin
writev
108
1, 0x7ffe8d24a470, 2
98
SYSCALL
analyzed_bin
writev
108
1, 0x7ffe8d24a470, 2
52
SYSCALL
analyzed_bin
writev
108
1, 0x7ffe8d24a470, 2
98
SYSCALL
analyzed_bin
writev
108
1, 0x7ffe8d24a470, 2
52
SYSCALL
analyzed_bin
writev
108
1, 0x7ffe8d24a470, 2
98
SYSCALL
analyzed_bin
writev
108
1, 0x7ffe8d24a470, 2
52
SYSCALL
analyzed_bin
writev
108
1, 0x7ffe8d24a470, 2
98
SYSCALL
analyzed_bin
writev
108
1, 0x7ffe8d24a470, 2
52
SYSCALL
analyzed_bin
writev
108
1, 0x7ffe8d24a470, 2
98
SYSCALL
analyzed_bin
writev
108
1, 0x7ffe8d24a470, 2
52
SYSCALL
analyzed_bin
writev
108
1, 0x7ffe8d24a470, 2
98
SYSCALL
analyzed_bin
writev
108
1, 0x7ffe8d24a470, 2
52
SYSCALL
analyzed_bin
writev
108
1, 0x7ffe8d24a470, 2
98
SYSCALL
analyzed_bin
writev
108
1, 0x7ffe8d24a470, 2
52
SYSCALL
analyzed_bin
writev
108
1, 0x7ffe8d24a470, 2
98
SYSCALL
analyzed_bin
writev
108
1, 0x7ffe8d24a470, 2
52
SYSCALL
analyzed_bin
writev
108
1, 0x7ffe8d24a470, 2
98
SYSCALL
analyzed_bin
writev
108
1, 0x7ffe8d24a470, 2
52
SYSCALL
analyzed_bin
writev
108
1, 0x7ffe8d24a470, 2
98
SYSCALL
analyzed_bin
writev
108
1, 0x7ffe8d24a470, 2
52
SYSCALL
analyzed_bin
writev
108
1, 0x7ffe8d24a470, 2
98
SYSCALL
analyzed_bin
writev
108
1, 0x7ffe8d24a470, 2
52
SYSCALL
analyzed_bin
writev
108
1, 0x7ffe8d24a470, 2
98
SYSCALL
analyzed_bin
writev
108
1, 0x7ffe8d24a470, 2
52
SYSCALL
analyzed_bin
writev
108
1, 0x7ffe8d24a470, 2
98
SYSCALL
analyzed_bin
writev
108
1, 0x7ffe8d24a470, 2
52
SYSCALL
analyzed_bin
writev
108
1, 0x7ffe8d24a470, 2
98
SYSCALL
analyzed_bin
writev
108
1, 0x7ffe8d24a470, 2
52
SYSCALL
analyzed_bin
writev
108
1, 0x7ffe8d24a470, 2
98
SYSCALL
analyzed_bin
writev
108
1, 0x7ffe8d24a470, 2
52
SYSCALL
analyzed_bin
writev
108
1, 0x7ffe8d24a470, 2
98
SYSCALL
analyzed_bin
writev
108
1, 0x7ffe8d24a470, 2
52
SYSCALL
analyzed_bin
writev
108
1, 0x7ffe8d24a470, 2
98
SYSCALL
analyzed_bin
writev
108
1, 0x7ffe8d24a470, 2
52
SYSCALL
analyzed_bin
writev
108
1, 0x7ffe8d24a470, 2
98
SYSCALL
analyzed_bin
writev
108
1, 0x7ffe8d24a470, 2
52
SYSCALL
analyzed_bin
writev
108
1, 0x7ffe8d24a470, 2
98
SYSCALL
analyzed_bin
writev
108
1, 0x7ffe8d24a470, 2
52
SYSCALL
analyzed_bin
writev
108
1, 0x7ffe8d24a470, 2
98
SYSCALL
analyzed_bin
writev
108
1, 0x7ffe8d24a470, 2
52
SYSCALL
analyzed_bin
writev
108
1, 0x7ffe8d24a470, 2
98
SYSCALL
analyzed_bin
writev
108
1, 0x7ffe8d24a470, 2
52
SYSCALL
analyzed_bin
writev
108
1, 0x7ffe8d24a470, 2
98
SYSCALL
analyzed_bin
writev
108
1, 0x7ffe8d24a470, 2
52
SYSCALL
analyzed_bin
writev
108
1, 0x7ffe8d24a470, 2
98
SYSCALL
analyzed_bin
writev
108
1, 0x7ffe8d24a470, 2
52
SYSCALL
analyzed_bin
writev
108
1, 0x7ffe8d24a470, 2
98
SYSCALL
analyzed_bin
writev
108
1, 0x7ffe8d24a470, 2
52
SYSCALL
analyzed_bin
writev
108
1, 0x7ffe8d24a470, 2
98
SYSCALL
analyzed_bin
writev
108
1, 0x7ffe8d24a470, 2
52
SYSCALL
analyzed_bin
writev
108
1, 0x7ffe8d24a470, 2
98
SYSCALL
analyzed_bin
writev
108
1, 0x7ffe8d24a470, 2
52
SYSCALL
analyzed_bin
writev
108
1, 0x7ffe8d24a470, 2
98
SYSCALL
analyzed_bin
writev
108
1, 0x7ffe8d24a470, 2
52
SYSCALL
analyzed_bin
writev
108
1, 0x7ffe8d24a470, 2
98
SYSCALL
analyzed_bin
writev
108
1, 0x7ffe8d24a470, 2
52
SYSCALL
analyzed_bin
writev
108
1, 0x7ffe8d24a470, 2
98
SYSCALL
analyzed_bin
writev
108
1, 0x7ffe8d24a470, 2
52
SYSCALL
analyzed_bin
writev
108
1, 0x7ffe8d24a470, 2
98
SYSCALL
analyzed_bin
writev
108
1, 0x7ffe8d24a470, 2
52
SYSCALL
analyzed_bin
writev
108
1, 0x7ffe8d24a470, 2
98
SYSCALL
analyzed_bin
writev
108
1, 0x7ffe8d24a470, 2
52
SYSCALL
analyzed_bin
writev
108
1, 0x7ffe8d24a470, 2
98
SYSCALL
analyzed_bin
writev
108
1, 0x7ffe8d24a470, 2
52
SYSCALL
analyzed_bin
writev
108
1, 0x7ffe8d24a470, 2
98
SYSCALL
analyzed_bin
writev
108
1, 0x7ffe8d24a470, 2
52
SYSCALL
analyzed_bin
writev
108
1, 0x7ffe8d24a470, 2
98
SYSCALL
analyzed_bin
writev
108
1, 0x7ffe8d24a470, 2
52
SYSCALL
analyzed_bin
writev
108
1, 0x7ffe8d24a470, 2
98
SYSCALL
analyzed_bin
writev
108
1, 0x7ffe8d24a470, 2
52
SYSCALL
analyzed_bin
writev
108
1, 0x7ffe8d24a470, 2
98
SYSCALL
analyzed_bin
writev
108
1, 0x7ffe8d24a470, 2
52
SYSCALL
analyzed_bin
writev
108
1, 0x7ffe8d24a470, 2
98
SYSCALL
analyzed_bin
writev
108
1, 0x7ffe8d24a470, 2
52
SYSCALL
analyzed_bin
writev
108
1, 0x7ffe8d24a470, 2
98
SYSCALL
analyzed_bin
writev
108
1, 0x7ffe8d24a470, 2
52
SYSCALL
analyzed_bin
writev
108
1, 0x7ffe8d24a470, 2
98
SYSCALL
analyzed_bin
writev
108
1, 0x7ffe8d24a470, 2
52
SYSCALL
analyzed_bin
writev
108
1, 0x7ffe8d24a470, 2
98
SYSCALL
analyzed_bin
writev
108
1, 0x7ffe8d24a470, 2
52
SYSCALL
analyzed_bin
writev
108
1, 0x7ffe8d24a470, 2
98
SYSCALL
analyzed_bin
writev
108
1, 0x7ffe8d24a470, 2
52
SYSCALL
analyzed_bin
writev
108
1, 0x7ffe8d24a470, 2
98
SYSCALL
analyzed_bin
writev
108
1, 0x7ffe8d24a470, 2
52
SYSCALL
analyzed_bin
writev
108
1, 0x7ffe8d24a470, 2
98
SYSCALL
analyzed_bin
writev
108
1, 0x7ffe8d24a470, 2
52
SYSCALL
analyzed_bin
writev
108
1, 0x7ffe8d24a470, 2
98
SYSCALL
analyzed_bin
writev
108
1, 0x7ffe8d24a470, 2
52
SYSCALL
analyzed_bin
writev
108
1, 0x7ffe8d24a470, 2
98
SYSCALL
analyzed_bin
writev
108
1, 0x7ffe8d24a470, 2
52
SYSCALL
analyzed_bin
writev
108
1, 0x7ffe8d24a470, 2
98
SYSCALL
analyzed_bin
writev
108
1, 0x7ffe8d24a470, 2
52
SYSCALL
analyzed_bin
writev
108
1, 0x7ffe8d24a470, 2
98
SYSCALL
analyzed_bin
writev
108
1, 0x7ffe8d24a470, 2
52
SYSCALL
analyzed_bin
writev
108
1, 0x7ffe8d24a470, 2
98
SYSCALL
analyzed_bin
writev
108
1, 0x7ffe8d24a470, 2
52
SYSCALL
analyzed_bin
writev
108
1, 0x7ffe8d24a470, 2
98
SYSCALL
analyzed_bin
writev
108
1, 0x7ffe8d24a470, 2
52
SYSCALL
analyzed_bin
writev
108
1, 0x7ffe8d24a470, 2
98
SYSCALL
analyzed_bin
writev
108
1, 0x7ffe8d24a470, 2
52
SYSCALL
analyzed_bin
writev
108
1, 0x7ffe8d24a470, 2
98
SYSCALL
analyzed_bin
writev
108
1, 0x7ffe8d24a470, 2
52
SYSCALL
analyzed_bin
writev
108
1, 0x7ffe8d24a470, 2
98
SYSCALL
analyzed_bin
writev
108
1, 0x7ffe8d24a470, 2
52
SYSCALL
analyzed_bin
writev
108
1, 0x7ffe8d24a470, 2
98
SYSCALL
analyzed_bin
writev
108
1, 0x7ffe8d24a470, 2
52
SYSCALL
analyzed_bin
writev
108
1, 0x7ffe8d24a470, 2
98
SYSCALL
analyzed_bin
writev
108
1, 0x7ffe8d24a470, 2
52
SYSCALL
analyzed_bin
writev
108
1, 0x7ffe8d24a470, 2
98
SYSCALL
analyzed_bin
writev
108
1, 0x7ffe8d24a470, 2
52
SYSCALL
analyzed_bin
writev
108
1, 0x7ffe8d24a470, 2
98
SYSCALL
analyzed_bin
writev
108
1, 0x7ffe8d24a470, 2
52
SYSCALL
analyzed_bin
writev
108
1, 0x7ffe8d24a470, 2
98
SYSCALL
analyzed_bin
writev
108
1, 0x7ffe8d24a470, 2
52
SYSCALL
analyzed_bin
writev
108
1, 0x7ffe8d24a470, 2
98
SYSCALL
analyzed_bin
writev
108
1, 0x7ffe8d24a470, 2
52
SYSCALL
analyzed_bin
writev
108
1, 0x7ffe8d24a470, 2
98
SYSCALL
analyzed_bin
writev
108
1, 0x7ffe8d24a470, 2
52
SYSCALL
analyzed_bin
writev
108
1, 0x7ffe8d24a470, 2
98
SYSCALL
analyzed_bin
writev
108
1, 0x7ffe8d24a470, 2
52
SYSCALL
analyzed_bin
writev
108
1, 0x7ffe8d24a470, 2
98
SYSCALL
analyzed_bin
writev
108
1, 0x7ffe8d24a470, 2
52
SYSCALL
analyzed_bin
writev
108
1, 0x7ffe8d24a470, 2
98
SYSCALL
analyzed_bin
writev
108
1, 0x7ffe8d24a470, 2
52
SYSCALL
analyzed_bin
writev
108
1, 0x7ffe8d24a470, 2
98
SYSCALL
analyzed_bin
writev
108
1, 0x7ffe8d24a470, 2
52
SYSCALL
analyzed_bin
writev
108
1, 0x7ffe8d24a470, 2
98
SYSCALL
analyzed_bin
writev
108
1, 0x7ffe8d24a470, 2
52
SYSCALL
analyzed_bin
writev
108
1, 0x7ffe8d24a470, 2
98
SYSCALL
analyzed_bin
writev
108
1, 0x7ffe8d24a470, 2
52
SYSCALL
analyzed_bin
writev
108
1, 0x7ffe8d24a470, 2
98
SYSCALL
analyzed_bin
writev
108
1, 0x7ffe8d24a470, 2
52
SYSCALL
analyzed_bin
writev
108
1, 0x7ffe8d24a470, 2
98
SYSCALL
analyzed_bin
writev
108
1, 0x7ffe8d24a470, 2
52
SYSCALL
analyzed_bin
writev
108
1, 0x7ffe8d24a470, 2
98
SYSCALL
analyzed_bin
writev
108
1, 0x7ffe8d24a470, 2
52
SYSCALL
analyzed_bin
writev
108
1, 0x7ffe8d24a470, 2
98
SYSCALL
analyzed_bin
writev
108
1, 0x7ffe8d24a470, 2
52
SYSCALL
analyzed_bin
writev
108
1, 0x7ffe8d24a470, 2
98
SYSCALL
analyzed_bin
writev
108
1, 0x7ffe8d24a470, 2
52
SYSCALL
analyzed_bin
writev
108
1, 0x7ffe8d24a470, 2
98
SYSCALL
analyzed_bin
writev
108
1, 0x7ffe8d24a470, 2
52
SYSCALL
analyzed_bin
writev
108
1, 0x7ffe8d24a470, 2
98
SYSCALL
analyzed_bin
writev
108
1, 0x7ffe8d24a470, 2
52
SYSCALL
analyzed_bin
writev
108
1, 0x7ffe8d24a470, 2
98
SYSCALL
analyzed_bin
writev
108
1, 0x7ffe8d24a470, 2
52
SYSCALL
analyzed_bin
writev
108
1, 0x7ffe8d24a470, 2
98
SYSCALL
analyzed_bin
writev
108
1, 0x7ffe8d24a470, 2
52
SYSCALL
analyzed_bin
writev
108
1, 0x7ffe8d24a470, 2
98
SYSCALL
analyzed_bin
writev
108
1, 0x7ffe8d24a470, 2
52
SYSCALL
analyzed_bin
writev
108
1, 0x7ffe8d24a470, 2
98
SYSCALL
analyzed_bin
writev
108
1, 0x7ffe8d24a470, 2
52
SYSCALL
analyzed_bin
writev
108
1, 0x7ffe8d24a470, 2
98
SYSCALL
analyzed_bin
writev
108
1, 0x7ffe8d24a470, 2
52
SYSCALL
analyzed_bin
writev
108
1, 0x7ffe8d24a470, 2
98
SYSCALL
analyzed_bin
writev
108
1, 0x7ffe8d24a470, 2
52
SYSCALL
analyzed_bin
writev
108
1, 0x7ffe8d24a470, 2
98
SYSCALL
analyzed_bin
writev
108
1, 0x7ffe8d24a470, 2
52
SYSCALL
analyzed_bin
writev
108
1, 0x7ffe8d24a470, 2
98
SYSCALL
analyzed_bin
writev
108
1, 0x7ffe8d24a470, 2
52
SYSCALL
analyzed_bin
writev
108
1, 0x7ffe8d24a470, 2
98
SYSCALL
analyzed_bin
writev
108
1, 0x7ffe8d24a470, 2
52
SYSCALL
analyzed_bin
writev
108
1, 0x7ffe8d24a470, 2
98
SYSCALL
analyzed_bin
writev
108
1, 0x7ffe8d24a470, 2
52
SYSCALL
analyzed_bin
writev
108
1, 0x7ffe8d24a470, 2
98
SYSCALL
analyzed_bin
writev
108
1, 0x7ffe8d24a470, 2
52
SYSCALL
analyzed_bin
writev
108
1, 0x7ffe8d24a470, 2
98
SYSCALL
analyzed_bin
writev
108
1, 0x7ffe8d24a470, 2
52
SYSCALL
analyzed_bin
writev
108
1, 0x7ffe8d24a470, 2
98
SYSCALL
analyzed_bin
writev
108
1, 0x7ffe8d24a470, 2
52
SYSCALL
analyzed_bin
writev
108
1, 0x7ffe8d24a470, 2
98
SYSCALL
analyzed_bin
writev
108
1, 0x7ffe8d24a470, 2
52
SYSCALL
analyzed_bin
writev
108
1, 0x7ffe8d24a470, 2
98
SYSCALL
analyzed_bin
writev
108
1, 0x7ffe8d24a470, 2
52
SYSCALL
analyzed_bin
writev
108
1, 0x7ffe8d24a470, 2
98
SYSCALL
analyzed_bin
writev
108
1, 0x7ffe8d24a470, 2
52
SYSCALL
analyzed_bin
writev
108
1, 0x7ffe8d24a470, 2
98
SYSCALL
analyzed_bin
writev
108
1, 0x7ffe8d24a470, 2
52
SYSCALL
analyzed_bin
writev
108
1, 0x7ffe8d24a470, 2
98
SYSCALL
analyzed_bin
writev
108
1, 0x7ffe8d24a470, 2
52
SYSCALL
analyzed_bin
writev
108
1, 0x7ffe8d24a470, 2
98
SYSCALL
analyzed_bin
writev
108
1, 0x7ffe8d24a470, 2
52
SYSCALL
analyzed_bin
writev
108
1, 0x7ffe8d24a470, 2
98
SYSCALL
analyzed_bin
writev
108
1, 0x7ffe8d24a470, 2
52
SYSCALL
analyzed_bin
writev
108
1, 0x7ffe8d24a470, 2
98
SYSCALL
analyzed_bin
writev
108
1, 0x7ffe8d24a470, 2
52
SYSCALL
analyzed_bin
writev
108
1, 0x7ffe8d24a470, 2
98
SYSCALL
analyzed_bin
writev
108
1, 0x7ffe8d24a470, 2
52
SYSCALL
analyzed_bin
writev
108
1, 0x7ffe8d24a470, 2
98
SYSCALL
analyzed_bin
writev
108
1, 0x7ffe8d24a470, 2
52
SYSCALL
analyzed_bin
writev
108
1, 0x7ffe8d24a470, 2
98
SYSCALL
analyzed_bin
writev
108
1, 0x7ffe8d24a470, 2
52
SYSCALL
analyzed_bin
writev
108
1, 0x7ffe8d24a470, 2
98
SYSCALL
analyzed_bin
writev
108
1, 0x7ffe8d24a470, 2
52
SYSCALL
analyzed_bin
writev
108
1, 0x7ffe8d24a470, 2
98
SYSCALL
analyzed_bin
writev
108
1, 0x7ffe8d24a470, 2
52
SYSCALL
analyzed_bin
writev
108
1, 0x7ffe8d24a470, 2
98
SYSCALL
analyzed_bin
writev
108
1, 0x7ffe8d24a470, 2
52
SYSCALL
analyzed_bin
writev
108
1, 0x7ffe8d24a470, 2
98
SYSCALL
analyzed_bin
writev
108
1, 0x7ffe8d24a470, 2
52
SYSCALL
analyzed_bin
writev
108
1, 0x7ffe8d24a470, 2
98
SYSCALL
analyzed_bin
writev
108
1, 0x7ffe8d24a470, 2
52
SYSCALL
analyzed_bin
writev
108
1, 0x7ffe8d24a470, 2
98
SYSCALL
analyzed_bin
writev
108
1, 0x7ffe8d24a470, 2
52
SYSCALL
analyzed_bin
writev
108
1, 0x7ffe8d24a470, 2
98
SYSCALL
analyzed_bin
writev
108
1, 0x7ffe8d24a470, 2
52
SYSCALL
analyzed_bin
writev
108
1, 0x7ffe8d24a470, 2
98
SYSCALL
analyzed_bin
writev
108
1, 0x7ffe8d24a470, 2
52
SYSCALL
analyzed_bin
writev
108
1, 0x7ffe8d24a470, 2
98
SYSCALL
analyzed_bin
writev
108
1, 0x7ffe8d24a470, 2
52
SYSCALL
analyzed_bin
writev
108
1, 0x7ffe8d24a470, 2
98
SYSCALL
analyzed_bin
writev
108
1, 0x7ffe8d24a470, 2
52
SYSCALL
analyzed_bin
writev
108
1, 0x7ffe8d24a470, 2
98
SYSCALL
analyzed_bin
writev
108
1, 0x7ffe8d24a470, 2
52
SYSCALL
analyzed_bin
writev
108
1, 0x7ffe8d24a470, 2
98
SYSCALL
analyzed_bin
writev
108
1, 0x7ffe8d24a470, 2
52
SYSCALL
analyzed_bin
writev
108
1, 0x7ffe8d24a470, 2
98
SYSCALL
analyzed_bin
writev
108
1, 0x7ffe8d24a470, 2
52
SYSCALL
analyzed_bin
writev
108
1, 0x7ffe8d24a470, 2
98
SYSCALL
analyzed_bin
writev
108
1, 0x7ffe8d24a470, 2
52
SYSCALL
analyzed_bin
writev
108
1, 0x7ffe8d24a470, 2
98
SYSCALL
analyzed_bin
writev
108
1, 0x7ffe8d24a470, 2
52
SYSCALL
analyzed_bin
writev
108
1, 0x7ffe8d24a470, 2
98
SYSCALL
analyzed_bin
writev
108
1, 0x7ffe8d24a470, 2
52
SYSCALL
analyzed_bin
writev
108
1, 0x7ffe8d24a470, 2
98
SYSCALL
analyzed_bin
writev
108
1, 0x7ffe8d24a470, 2
52
SYSCALL
analyzed_bin
writev
108
1, 0x7ffe8d24a470, 2
98
SYSCALL
analyzed_bin
writev
108
1, 0x7ffe8d24a470, 2
52
SYSCALL
analyzed_bin
writev
108
1, 0x7ffe8d24a470, 2
98
SYSCALL
analyzed_bin
writev
108
1, 0x7ffe8d24a470, 2
52
SYSCALL
analyzed_bin
writev
108
1, 0x7ffe8d24a470, 2
98
SYSCALL
analyzed_bin
writev
108
1, 0x7ffe8d24a470, 2
52
SYSCALL
analyzed_bin
writev
108
1, 0x7ffe8d24a470, 2
98
SYSCALL
analyzed_bin
writev
108
1, 0x7ffe8d24a470, 2
52
SYSCALL
analyzed_bin
writev
108
1, 0x7ffe8d24a470, 2
98
SYSCALL
analyzed_bin
writev
108
1, 0x7ffe8d24a470, 2
52
SYSCALL
analyzed_bin
writev
108
1, 0x7ffe8d24a470, 2
98
SYSCALL
analyzed_bin
writev
108
1, 0x7ffe8d24a470, 2
52
SYSCALL
analyzed_bin
writev
108
1, 0x7ffe8d24a470, 2
98
SYSCALL
analyzed_bin
writev
108
1, 0x7ffe8d24a470, 2
52
SYSCALL
analyzed_bin
writev
108
1, 0x7ffe8d24a470, 2
98
SYSCALL
analyzed_bin
writev
108
1, 0x7ffe8d24a470, 2
52
SYSCALL
analyzed_bin
writev
108
1, 0x7ffe8d24a470, 2
98
SYSCALL
analyzed_bin
writev
108
1, 0x7ffe8d24a470, 2
52
SYSCALL
analyzed_bin
writev
108
1, 0x7ffe8d24a470, 2
98
SYSCALL
analyzed_bin
writev
108
1, 0x7ffe8d24a470, 2
52
SYSCALL
analyzed_bin
writev
108
1, 0x7ffe8d24a470, 2
98
SYSCALL
analyzed_bin
writev
108
1, 0x7ffe8d24a470, 2
52
SYSCALL
analyzed_bin
writev
108
1, 0x7ffe8d24a470, 2
98
SYSCALL
analyzed_bin
writev
108
1, 0x7ffe8d24a470, 2
52
SYSCALL
analyzed_bin
writev
108
1, 0x7ffe8d24a470, 2
98
SYSCALL
analyzed_bin
writev
108
1, 0x7ffe8d24a470, 2
52
SYSCALL
analyzed_bin
writev
108
1, 0x7ffe8d24a470, 2
98
SYSCALL
analyzed_bin
writev
108
1, 0x7ffe8d24a470, 2
52
SYSCALL
analyzed_bin
writev
108
1, 0x7ffe8d24a470, 2
98
SYSCALL
analyzed_bin
writev
108
1, 0x7ffe8d24a470, 2
52
SYSCALL
analyzed_bin
writev
108
1, 0x7ffe8d24a470, 2
98
SYSCALL
analyzed_bin
writev
108
1, 0x7ffe8d24a470, 2
52
SYSCALL
analyzed_bin
writev
108
1, 0x7ffe8d24a470, 2
98
SYSCALL
analyzed_bin
writev
108
1, 0x7ffe8d24a470, 2
52
SYSCALL
analyzed_bin
writev
108
1, 0x7ffe8d24a470, 2
98
SYSCALL
analyzed_bin
writev
108
1, 0x7ffe8d24a470, 2
52
SYSCALL
analyzed_bin
writev
108
1, 0x7ffe8d24a470, 2
98
SYSCALL
analyzed_bin
writev
108
1, 0x7ffe8d24a470, 2
52
SYSCALL
analyzed_bin
writev
108
1, 0x7ffe8d24a470, 2
98
SYSCALL
analyzed_bin
writev
108
1, 0x7ffe8d24a470, 2
52
SYSCALL
analyzed_bin
writev
108
1, 0x7ffe8d24a470, 2
98
SYSCALL
analyzed_bin
writev
108
1, 0x7ffe8d24a470, 2
52
SYSCALL
analyzed_bin
writev
108
1, 0x7ffe8d24a470, 2
98
SYSCALL
analyzed_bin
writev
108
1, 0x7ffe8d24a470, 2
52
SYSCALL
analyzed_bin
writev
108
1, 0x7ffe8d24a470, 2
98
SYSCALL
analyzed_bin
writev
108
1, 0x7ffe8d24a470, 2
52
SYSCALL
analyzed_bin
writev
108
1, 0x7ffe8d24a470, 2
98
SYSCALL
analyzed_bin
writev
108
1, 0x7ffe8d24a470, 2
52
SYSCALL
analyzed_bin
writev
108
1, 0x7ffe8d24a470, 2
98
SYSCALL
analyzed_bin
writev
108
1, 0x7ffe8d24a470, 2
52
SYSCALL
analyzed_bin
writev
108
1, 0x7ffe8d24a470, 2
98
SYSCALL
analyzed_bin
writev
108
1, 0x7ffe8d24a470, 2
52
SYSCALL
analyzed_bin
writev
108
1, 0x7ffe8d24a470, 2
98
SYSCALL
analyzed_bin
writev
108
1, 0x7ffe8d24a470, 2
52
SYSCALL
analyzed_bin
writev
108
1, 0x7ffe8d24a470, 2
98
SYSCALL
analyzed_bin
writev
108
1, 0x7ffe8d24a470, 2
52
SYSCALL
analyzed_bin
writev
108
1, 0x7ffe8d24a470, 2
98
SYSCALL
analyzed_bin
writev
108
1, 0x7ffe8d24a470, 2
52
SYSCALL
analyzed_bin
writev
108
1, 0x7ffe8d24a470, 2
98
SYSCALL
analyzed_bin
writev
108
1, 0x7ffe8d24a470, 2
52
SYSCALL
analyzed_bin
writev
108
1, 0x7ffe8d24a470, 2
98
SYSCALL
analyzed_bin
writev
108
1, 0x7ffe8d24a470, 2
52
SYSCALL
analyzed_bin
writev
108
1, 0x7ffe8d24a470, 2
98
SYSCALL
analyzed_bin
writev
108
1, 0x7ffe8d24a470, 2
52
SYSCALL
analyzed_bin
writev
108
1, 0x7ffe8d24a470, 2
98
SYSCALL
analyzed_bin
writev
108
1, 0x7ffe8d24a470, 2
52
SYSCALL
analyzed_bin
writev
108
1, 0x7ffe8d24a470, 2
98
SYSCALL
analyzed_bin
writev
108
1, 0x7ffe8d24a470, 2
52
SYSCALL
analyzed_bin
writev
108
1, 0x7ffe8d24a470, 2
98
SYSCALL
analyzed_bin
writev
108
1, 0x7ffe8d24a470, 2
52
SYSCALL
analyzed_bin
writev
108
1, 0x7ffe8d24a470, 2
98
SYSCALL
analyzed_bin
writev
108
1, 0x7ffe8d24a470, 2
52
SYSCALL
analyzed_bin
writev
108
1, 0x7ffe8d24a470, 2
98
SYSCALL
analyzed_bin
writev
108
1, 0x7ffe8d24a470, 2
52
SYSCALL
analyzed_bin
writev
108
1, 0x7ffe8d24a470, 2
98
SYSCALL
analyzed_bin
writev
108
1, 0x7ffe8d24a470, 2
52
SYSCALL
analyzed_bin
writev
108
1, 0x7ffe8d24a470, 2
98
SYSCALL
analyzed_bin
writev
108
1, 0x7ffe8d24a470, 2
52
SYSCALL
analyzed_bin
writev
108
1, 0x7ffe8d24a470, 2
98
SYSCALL
analyzed_bin
writev
108
1, 0x7ffe8d24a470, 2
52
SYSCALL
analyzed_bin
writev
108
1, 0x7ffe8d24a470, 2
98
SYSCALL
analyzed_bin
writev
108
1, 0x7ffe8d24a470, 2
52
SYSCALL
analyzed_bin
writev
108
1, 0x7ffe8d24a470, 2
98
SYSCALL
analyzed_bin
writev
108
1, 0x7ffe8d24a470, 2
52
SYSCALL
analyzed_bin
writev
108
1, 0x7ffe8d24a470, 2
98
SYSCALL
analyzed_bin
writev
108
1, 0x7ffe8d24a470, 2
52
SYSCALL
analyzed_bin
writev
108
1, 0x7ffe8d24a470, 2
98
SYSCALL
analyzed_bin
writev
108
1, 0x7ffe8d24a470, 2
52
SYSCALL
analyzed_bin
writev
108
1, 0x7ffe8d24a470, 2
98
SYSCALL
analyzed_bin
writev
108
1, 0x7ffe8d24a470, 2
52
SYSCALL
analyzed_bin
writev
108
1, 0x7ffe8d24a470, 2
98
SYSCALL
analyzed_bin
writev
108
1, 0x7ffe8d24a470, 2
52
SYSCALL
analyzed_bin
writev
108
1, 0x7ffe8d24a470, 2
98
SYSCALL
analyzed_bin
writev
108
1, 0x7ffe8d24a470, 2
52
SYSCALL
analyzed_bin
writev
108
1, 0x7ffe8d24a470, 2
98
SYSCALL
analyzed_bin
writev
108
1, 0x7ffe8d24a470, 2
52
SYSCALL
analyzed_bin
writev
108
1, 0x7ffe8d24a470, 2
98
SYSCALL
analyzed_bin
writev
108
1, 0x7ffe8d24a470, 2
52
SYSCALL
analyzed_bin
writev
108
1, 0x7ffe8d24a470, 2
98
SYSCALL
analyzed_bin
writev
108
1, 0x7ffe8d24a470, 2
52
SYSCALL
analyzed_bin
writev
108
1, 0x7ffe8d24a470, 2
98
SYSCALL
analyzed_bin
writev
108
1, 0x7ffe8d24a470, 2
52
SYSCALL
analyzed_bin
writev
108
1, 0x7ffe8d24a470, 2
98
SYSCALL
analyzed_bin
writev
108
1, 0x7ffe8d24a470, 2
52
SYSCALL
analyzed_bin
writev
108
1, 0x7ffe8d24a470, 2
98
SYSCALL
analyzed_bin
writev
108
1, 0x7ffe8d24a470, 2
52
SYSCALL
analyzed_bin
writev
108
1, 0x7ffe8d24a470, 2
98
SYSCALL
analyzed_bin
writev
108
1, 0x7ffe8d24a470, 2
52
SYSCALL
analyzed_bin
writev
108
1, 0x7ffe8d24a470, 2
98
SYSCALL
analyzed_bin
writev
108
1, 0x7ffe8d24a470, 2
52
SYSCALL
analyzed_bin
writev
108
1, 0x7ffe8d24a470, 2
98
SYSCALL
analyzed_bin
writev
108
1, 0x7ffe8d24a470, 2
52
SYSCALL
analyzed_bin
writev
108
1, 0x7ffe8d24a470, 2
98
SYSCALL
analyzed_bin
writev
108
1, 0x7ffe8d24a470, 2
52
SYSCALL
analyzed_bin
writev
108
1, 0x7ffe8d24a470, 2
98
SYSCALL
analyzed_bin
writev
108
1, 0x7ffe8d24a470, 2
52
SYSCALL
analyzed_bin
writev
108
1, 0x7ffe8d24a470, 2
98
SYSCALL
analyzed_bin
writev
108
1, 0x7ffe8d24a470, 2
52
SYSCALL
analyzed_bin
writev
108
1, 0x7ffe8d24a470, 2
98
SYSCALL
analyzed_bin
writev
108
1, 0x7ffe8d24a470, 2
52
SYSCALL
analyzed_bin
writev
108
1, 0x7ffe8d24a470, 2
98
SYSCALL
analyzed_bin
writev
108
1, 0x7ffe8d24a470, 2
52
SYSCALL
analyzed_bin
writev
108
1, 0x7ffe8d24a470, 2
98
SYSCALL
analyzed_bin
writev
108
1, 0x7ffe8d24a470, 2
52
SYSCALL
analyzed_bin
writev
108
1, 0x7ffe8d24a470, 2
98
SYSCALL
analyzed_bin
writev
108
1, 0x7ffe8d24a470, 2
52
SYSCALL
analyzed_bin
writev
108
1, 0x7ffe8d24a470, 2
98
SYSCALL
analyzed_bin
writev
108
1, 0x7ffe8d24a470, 2
52
SYSCALL
analyzed_bin
writev
108
1, 0x7ffe8d24a470, 2
98
SYSCALL
analyzed_bin
writev
108
1, 0x7ffe8d24a470, 2
52
SYSCALL
analyzed_bin
writev
108
1, 0x7ffe8d24a470, 2
98
SYSCALL
analyzed_bin
writev
108
1, 0x7ffe8d24a470, 2
52
SYSCALL
analyzed_bin
writev
108
1, 0x7ffe8d24a470, 2
98
SYSCALL
analyzed_bin
writev
108
1, 0x7ffe8d24a470, 2
52
SYSCALL
analyzed_bin
writev
108
1, 0x7ffe8d24a470, 2
98
SYSCALL
analyzed_bin
writev
108
1, 0x7ffe8d24a470, 2
52
SYSCALL
analyzed_bin
writev
108
1, 0x7ffe8d24a470, 2
98
SYSCALL
analyzed_bin
writev
108
1, 0x7ffe8d24a470, 2
52
SYSCALL
analyzed_bin
writev
108
1, 0x7ffe8d24a470, 2
98
SYSCALL
analyzed_bin
writev
108
1, 0x7ffe8d24a470, 2
52
SYSCALL
analyzed_bin
writev
108
1, 0x7ffe8d24a470, 2
98
SYSCALL
analyzed_bin
writev
108
1, 0x7ffe8d24a470, 2
52
SYSCALL
analyzed_bin
writev
108
1, 0x7ffe8d24a470, 2
98
SYSCALL
analyzed_bin
writev
108
1, 0x7ffe8d24a470, 2
52
SYSCALL
analyzed_bin
writev
108
1, 0x7ffe8d24a470, 2
98
SYSCALL
analyzed_bin
writev
108
1, 0x7ffe8d24a470, 2
52
SYSCALL
analyzed_bin
writev
108
1, 0x7ffe8d24a470, 2
98
SYSCALL
analyzed_bin
writev
108
1, 0x7ffe8d24a470, 2
52
SYSCALL
analyzed_bin
writev
108
1, 0x7ffe8d24a470, 2
98
SYSCALL
analyzed_bin
writev
108
1, 0x7ffe8d24a470, 2
52
SYSCALL
analyzed_bin
writev
108
1, 0x7ffe8d24a470, 2
98
SYSCALL
analyzed_bin
writev
108
1, 0x7ffe8d24a470, 2
52
SYSCALL
analyzed_bin
writev
108
1, 0x7ffe8d24a470, 2
98
SYSCALL
analyzed_bin
writev
108
1, 0x7ffe8d24a470, 2
52
SYSCALL
analyzed_bin
writev
108
1, 0x7ffe8d24a470, 2
98
SYSCALL
analyzed_bin
writev
108
1, 0x7ffe8d24a470, 2
52
SYSCALL
analyzed_bin
writev
108
1, 0x7ffe8d24a470, 2
98
SYSCALL
analyzed_bin
writev
108
1, 0x7ffe8d24a470, 2
52
SYSCALL
analyzed_bin
writev
108
1, 0x7ffe8d24a470, 2
98
SYSCALL
analyzed_bin
writev
108
1, 0x7ffe8d24a470, 2
52
SYSCALL
analyzed_bin
writev
108
1, 0x7ffe8d24a470, 2
98
SYSCALL
analyzed_bin
writev
108
1, 0x7ffe8d24a470, 2
52
SYSCALL
analyzed_bin
writev
108
1, 0x7ffe8d24a470, 2
98
SYSCALL
analyzed_bin
writev
108
1, 0x7ffe8d24a470, 2
52
SYSCALL
analyzed_bin
writev
108
1, 0x7ffe8d24a470, 2
98
SYSCALL
analyzed_bin
writev
108
1, 0x7ffe8d24a470, 2
52
SYSCALL
analyzed_bin
writev
108
1, 0x7ffe8d24a470, 2
98
SYSCALL
analyzed_bin
writev
108
1, 0x7ffe8d24a470, 2
52
SYSCALL
analyzed_bin
writev
108
1, 0x7ffe8d24a470, 2
98
SYSCALL
analyzed_bin
writev
108
1, 0x7ffe8d24a470, 2
52
SYSCALL
analyzed_bin
writev
108
1, 0x7ffe8d24a470, 2
98
SYSCALL
analyzed_bin
writev
108
1, 0x7ffe8d24a470, 2
52
SYSCALL
analyzed_bin
writev
108
1, 0x7ffe8d24a470, 2
98
SYSCALL
analyzed_bin
writev
108
1, 0x7ffe8d24a470, 2
52
SYSCALL
analyzed_bin
writev
108
1, 0x7ffe8d24a470, 2
98
SYSCALL
analyzed_bin
writev
108
1, 0x7ffe8d24a470, 2
52
SYSCALL
analyzed_bin
writev
108
1, 0x7ffe8d24a470, 2
98
SYSCALL
analyzed_bin
writev
108
1, 0x7ffe8d24a470, 2
52
SYSCALL
analyzed_bin
writev
108
1, 0x7ffe8d24a470, 2
98
SYSCALL
analyzed_bin
writev
108
1, 0x7ffe8d24a470, 2
52
SYSCALL
analyzed_bin
writev
108
1, 0x7ffe8d24a470, 2
98
SYSCALL
analyzed_bin
writev
108
1, 0x7ffe8d24a470, 2
52
SYSCALL
analyzed_bin
writev
108
1, 0x7ffe8d24a470, 2
98
SYSCALL
analyzed_bin
writev
108
1, 0x7ffe8d24a470, 2
52
SYSCALL
analyzed_bin
writev
108
1, 0x7ffe8d24a470, 2
98
SYSCALL
analyzed_bin
writev
108
1, 0x7ffe8d24a470, 2
52
SYSCALL
analyzed_bin
writev
108
1, 0x7ffe8d24a470, 2
98
SYSCALL
analyzed_bin
writev
108
1, 0x7ffe8d24a470, 2
52
SYSCALL
analyzed_bin
writev
108
1, 0x7ffe8d24a470, 2
98
SYSCALL
analyzed_bin
writev
108
1, 0x7ffe8d24a470, 2
52
SYSCALL
analyzed_bin
writev
108
1, 0x7ffe8d24a470, 2
98
SYSCALL
analyzed_bin
writev
108
1, 0x7ffe8d24a470, 2
52
SYSCALL
analyzed_bin
writev
108
1, 0x7ffe8d24a470, 2
98
SYSCALL
analyzed_bin
writev
108
1, 0x7ffe8d24a470, 2
52
SYSCALL
analyzed_bin
writev
108
1, 0x7ffe8d24a470, 2
98
SYSCALL
analyzed_bin
writev
108
1, 0x7ffe8d24a470, 2
52
SYSCALL
analyzed_bin
writev
108
1, 0x7ffe8d24a470, 2
98
SYSCALL
analyzed_bin
writev
108
1, 0x7ffe8d24a470, 2
52
SYSCALL
analyzed_bin
writev
108
1, 0x7ffe8d24a470, 2
98
SYSCALL
analyzed_bin
writev
108
1, 0x7ffe8d24a470, 2
52
SYSCALL
analyzed_bin
writev
108
1, 0x7ffe8d24a470, 2
98
SYSCALL
analyzed_bin
writev
108
1, 0x7ffe8d24a470, 2
52
SYSCALL
analyzed_bin
writev
108
1, 0x7ffe8d24a470, 2
98
SYSCALL
analyzed_bin
writev
108
1, 0x7ffe8d24a470, 2
52
SYSCALL
analyzed_bin
writev
108
1, 0x7ffe8d24a470, 2
98
SYSCALL
analyzed_bin
writev
108
1, 0x7ffe8d24a470, 2
52
SYSCALL
analyzed_bin
writev
108
1, 0x7ffe8d24a470, 2
98
SYSCALL
analyzed_bin
writev
108
1, 0x7ffe8d24a470, 2
52
SYSCALL
analyzed_bin
writev
108
1, 0x7ffe8d24a470, 2
98
SYSCALL
analyzed_bin
writev
108
1, 0x7ffe8d24a470, 2
52
SYSCALL
analyzed_bin
writev
108
1, 0x7ffe8d24a470, 2
98
SYSCALL
analyzed_bin
writev
108
1, 0x7ffe8d24a470, 2
52
SYSCALL
analyzed_bin
writev
108
1, 0x7ffe8d24a470, 2
98
SYSCALL
analyzed_bin
writev
108
1, 0x7ffe8d24a470, 2
52
SYSCALL
analyzed_bin
writev
108
1, 0x7ffe8d24a470, 2
98
SYSCALL
analyzed_bin
writev
108
1, 0x7ffe8d24a470, 2
52
SYSCALL
analyzed_bin
writev
108
1, 0x7ffe8d24a470, 2
98
SYSCALL
analyzed_bin
writev
108
1, 0x7ffe8d24a470, 2
52
SYSCALL
analyzed_bin
writev
108
1, 0x7ffe8d24a470, 2
98
SYSCALL
analyzed_bin
writev
108
1, 0x7ffe8d24a470, 2
52
SYSCALL
analyzed_bin
writev
108
1, 0x7ffe8d24a470, 2
98
SYSCALL
analyzed_bin
writev
108
1, 0x7ffe8d24a470, 2
52
SYSCALL
analyzed_bin
writev
108
1, 0x7ffe8d24a470, 2
98
SYSCALL
analyzed_bin
writev
108
1, 0x7ffe8d24a470, 2
52
SYSCALL
analyzed_bin
writev
108
1, 0x7ffe8d24a470, 2
98
SYSCALL
analyzed_bin
writev
108
1, 0x7ffe8d24a470, 2
52
SYSCALL
analyzed_bin
writev
108
1, 0x7ffe8d24a470, 2
98
SYSCALL
analyzed_bin
writev
108
1, 0x7ffe8d24a470, 2
52
SYSCALL
analyzed_bin
writev
108
1, 0x7ffe8d24a470, 2
98
SYSCALL
analyzed_bin
writev
108
1, 0x7ffe8d24a470, 2
52
SYSCALL
analyzed_bin
writev
108
1, 0x7ffe8d24a470, 2
98
SYSCALL
analyzed_bin
writev
108
1, 0x7ffe8d24a470, 2
52
SYSCALL
analyzed_bin
writev
108
1, 0x7ffe8d24a470, 2
98
SYSCALL
analyzed_bin
writev
108
1, 0x7ffe8d24a470, 2
52
SYSCALL
analyzed_bin
writev
108
1, 0x7ffe8d24a470, 2
98
SYSCALL
analyzed_bin
writev
108
1, 0x7ffe8d24a470, 2
52
SYSCALL
analyzed_bin
writev
108
1, 0x7ffe8d24a470, 2
98
SYSCALL
analyzed_bin
writev
108
1, 0x7ffe8d24a470, 2
52
SYSCALL
analyzed_bin
writev
108
1, 0x7ffe8d24a470, 2
98
SYSCALL
analyzed_bin
writev
108
1, 0x7ffe8d24a470, 2
52
SYSCALL
analyzed_bin
writev
108
1, 0x7ffe8d24a470, 2
98
SYSCALL
analyzed_bin
writev
108
1, 0x7ffe8d24a470, 2
52
SYSCALL
analyzed_bin
writev
108
1, 0x7ffe8d24a470, 2
98
SYSCALL
analyzed_bin
writev
108
1, 0x7ffe8d24a470, 2
52
SYSCALL
analyzed_bin
writev
108
1, 0x7ffe8d24a470, 2
98
SYSCALL
analyzed_bin
writev
108
1, 0x7ffe8d24a470, 2
52
SYSCALL
analyzed_bin
writev
108
1, 0x7ffe8d24a470, 2
98
SYSCALL
analyzed_bin
writev
108
1, 0x7ffe8d24a470, 2
52
SYSCALL
analyzed_bin
writev
108
1, 0x7ffe8d24a470, 2
98
SYSCALL
analyzed_bin
writev
108
1, 0x7ffe8d24a470, 2
52
SYSCALL
analyzed_bin
writev
108
1, 0x7ffe8d24a470, 2
98
SYSCALL
analyzed_bin
writev
108
1, 0x7ffe8d24a470, 2
52
SYSCALL
analyzed_bin
writev
108
1, 0x7ffe8d24a470, 2
98
SYSCALL
analyzed_bin
writev
108
1, 0x7ffe8d24a470, 2
52
SYSCALL
analyzed_bin
writev
108
1, 0x7ffe8d24a470, 2
98
SYSCALL
analyzed_bin
writev
108
1, 0x7ffe8d24a470, 2
52
SYSCALL
analyzed_bin
writev
108
1, 0x7ffe8d24a470, 2
98
SYSCALL
analyzed_bin
writev
108
1, 0x7ffe8d24a470, 2
52
SYSCALL
analyzed_bin
writev
108
1, 0x7ffe8d24a470, 2
98
SYSCALL
analyzed_bin
writev
108
1, 0x7ffe8d24a470, 2
52
SYSCALL
analyzed_bin
writev
108
1, 0x7ffe8d24a470, 2
98
SYSCALL
analyzed_bin
writev
108
1, 0x7ffe8d24a470, 2
52
SYSCALL
analyzed_bin
writev
108
1, 0x7ffe8d24a470, 2
98
SYSCALL
analyzed_bin
writev
108
1, 0x7ffe8d24a470, 2
52
SYSCALL
analyzed_bin
writev
108
1, 0x7ffe8d24a470, 2
98
SYSCALL
analyzed_bin
writev
108
1, 0x7ffe8d24a470, 2
52
SYSCALL
analyzed_bin
writev
108
1, 0x7ffe8d24a470, 2
98
SYSCALL
analyzed_bin
writev
108
1, 0x7ffe8d24a470, 2
52
SYSCALL
analyzed_bin
writev
108
1, 0x7ffe8d24a470, 2
98
SYSCALL
analyzed_bin
writev
108
1, 0x7ffe8d24a470, 2
52
SYSCALL
analyzed_bin
writev
108
1, 0x7ffe8d24a470, 2
98
SYSCALL
analyzed_bin
writev
108
1, 0x7ffe8d24a470, 2
52
SYSCALL
analyzed_bin
writev
108
1, 0x7ffe8d24a470, 2
98
SYSCALL
analyzed_bin
writev
108
1, 0x7ffe8d24a470, 2
52
SYSCALL
analyzed_bin
writev
108
1, 0x7ffe8d24a470, 2
98
SYSCALL
analyzed_bin
writev
108
1, 0x7ffe8d24a470, 2
52
SYSCALL
analyzed_bin
writev
108
1, 0x7ffe8d24a470, 2
98
SYSCALL
analyzed_bin
writev
108
1, 0x7ffe8d24a470, 2
52
SYSCALL
analyzed_bin
writev
108
1, 0x7ffe8d24a470, 2
98
SYSCALL
analyzed_bin
writev
108
1, 0x7ffe8d24a470, 2
52
SYSCALL
analyzed_bin
writev
108
1, 0x7ffe8d24a470, 2
98
SYSCALL
analyzed_bin
writev
108
1, 0x7ffe8d24a470, 2
52
SYSCALL
analyzed_bin
writev
108
1, 0x7ffe8d24a470, 2
98
SYSCALL
analyzed_bin
writev
108
1, 0x7ffe8d24a470, 2
52
SYSCALL
analyzed_bin
writev
108
1, 0x7ffe8d24a470, 2
98
SYSCALL
analyzed_bin
writev
108
1, 0x7ffe8d24a470, 2
52
SYSCALL
analyzed_bin
writev
108
1, 0x7ffe8d24a470, 2
98
SYSCALL
analyzed_bin
writev
108
1, 0x7ffe8d24a470, 2
52
SYSCALL
analyzed_bin
writev
108
1, 0x7ffe8d24a470, 2
98
SYSCALL
analyzed_bin
writev
108
1, 0x7ffe8d24a470, 2
52
SYSCALL
analyzed_bin
writev
108
1, 0x7ffe8d24a470, 2
98
SYSCALL
analyzed_bin
writev
108
1, 0x7ffe8d24a470, 2
52
SYSCALL
analyzed_bin
writev
108
1, 0x7ffe8d24a470, 2
98
SYSCALL
analyzed_bin
writev
108
1, 0x7ffe8d24a470, 2
52
SYSCALL
analyzed_bin
writev
108
1, 0x7ffe8d24a470, 2
98
SYSCALL
analyzed_bin
writev
108
1, 0x7ffe8d24a470, 2
52
SYSCALL
analyzed_bin
writev
108
1, 0x7ffe8d24a470, 2
98
SYSCALL
analyzed_bin
writev
108
1, 0x7ffe8d24a470, 2
52
SYSCALL
analyzed_bin
writev
108
1, 0x7ffe8d24a470, 2
98
SYSCALL
analyzed_bin
writev
108
1, 0x7ffe8d24a470, 2
52
SYSCALL
analyzed_bin
writev
108
1, 0x7ffe8d24a470, 2
98
SYSCALL
analyzed_bin
writev
108
1, 0x7ffe8d24a470, 2
52
SYSCALL
analyzed_bin
writev
108
1, 0x7ffe8d24a470, 2
98
SYSCALL
analyzed_bin
writev
108
1, 0x7ffe8d24a470, 2
52
SYSCALL
analyzed_bin
writev
108
1, 0x7ffe8d24a470, 2
98
SYSCALL
analyzed_bin
writev
108
1, 0x7ffe8d24a470, 2
52
SYSCALL
analyzed_bin
writev
108
1, 0x7ffe8d24a470, 2
98
SYSCALL
analyzed_bin
writev
108
1, 0x7ffe8d24a470, 2
52
SYSCALL
analyzed_bin
writev
108
1, 0x7ffe8d24a470, 2
98
SYSCALL
analyzed_bin
writev
108
1, 0x7ffe8d24a470, 2
52
SYSCALL
analyzed_bin
writev
108
1, 0x7ffe8d24a470, 2
98
SYSCALL
analyzed_bin
writev
108
1, 0x7ffe8d24a470, 2
52
SYSCALL
analyzed_bin
writev
108
1, 0x7ffe8d24a470, 2
98
SYSCALL
analyzed_bin
writev
108
1, 0x7ffe8d24a470, 2
52
SYSCALL
analyzed_bin
writev
108
1, 0x7ffe8d24a470, 2
98
SYSCALL
analyzed_bin
writev
108
1, 0x7ffe8d24a470, 2
52
SYSCALL
analyzed_bin
writev
108
1, 0x7ffe8d24a470, 2
98
SYSCALL
analyzed_bin
writev
108
1, 0x7ffe8d24a470, 2
52
SYSCALL
analyzed_bin
writev
108
1, 0x7ffe8d24a470, 2
98
SYSCALL
analyzed_bin
writev
108
1, 0x7ffe8d24a470, 2
52
SYSCALL
analyzed_bin
writev
108
1, 0x7ffe8d24a470, 2
98
SYSCALL
analyzed_bin
writev
108
1, 0x7ffe8d24a470, 2
52
SYSCALL
analyzed_bin
writev
108
1, 0x7ffe8d24a470, 2
98
SYSCALL
analyzed_bin
writev
108
1, 0x7ffe8d24a470, 2
52
SYSCALL
analyzed_bin
writev
108
1, 0x7ffe8d24a470, 2
98
SYSCALL
analyzed_bin
writev
108
1, 0x7ffe8d24a470, 2
52
SYSCALL
analyzed_bin
writev
108
1, 0x7ffe8d24a470, 2
98
SYSCALL
analyzed_bin
writev
108
1, 0x7ffe8d24a470, 2
52
SYSCALL
analyzed_bin
writev
108
1, 0x7ffe8d24a470, 2
98
SYSCALL
analyzed_bin
writev
108
1, 0x7ffe8d24a470, 2
52
SYSCALL
analyzed_bin
writev
108
1, 0x7ffe8d24a470, 2
98
SYSCALL
analyzed_bin
writev
108
1, 0x7ffe8d24a470, 2
52
SYSCALL
analyzed_bin
writev
108
1, 0x7ffe8d24a470, 2
98
SYSCALL
analyzed_bin
writev
108
1, 0x7ffe8d24a470, 2
52
SYSCALL
analyzed_bin
writev
108
1, 0x7ffe8d24a470, 2
98
SYSCALL
analyzed_bin
writev
108
1, 0x7ffe8d24a470, 2
52
SYSCALL
analyzed_bin
writev
108
1, 0x7ffe8d24a470, 2
98
SYSCALL
analyzed_bin
writev
108
1, 0x7ffe8d24a470, 2
52
SYSCALL
analyzed_bin
writev
108
1, 0x7ffe8d24a470, 2
98
SYSCALL
analyzed_bin
writev
108
1, 0x7ffe8d24a470, 2
52
SYSCALL
analyzed_bin
writev
108
1, 0x7ffe8d24a470, 2
98
SYSCALL
analyzed_bin
writev
108
1, 0x7ffe8d24a470, 2
52
SYSCALL
analyzed_bin
writev
108
1, 0x7ffe8d24a470, 2
98
SYSCALL
analyzed_bin
writev
108
1, 0x7ffe8d24a470, 2
52
SYSCALL
analyzed_bin
writev
108
1, 0x7ffe8d24a470, 2
98
SYSCALL
analyzed_bin
writev
108
1, 0x7ffe8d24a470, 2
52
SYSCALL
analyzed_bin
writev
108
1, 0x7ffe8d24a470, 2
98
SYSCALL
analyzed_bin
writev
108
1, 0x7ffe8d24a470, 2
52
SYSCALL
analyzed_bin
writev
108
1, 0x7ffe8d24a470, 2
98
SYSCALL
analyzed_bin
writev
108
1, 0x7ffe8d24a470, 2
52
SYSCALL
analyzed_bin
writev
108
1, 0x7ffe8d24a470, 2
98
SYSCALL
analyzed_bin
writev
108
1, 0x7ffe8d24a470, 2
52
SYSCALL
analyzed_bin
writev
108
1, 0x7ffe8d24a470, 2
98
SYSCALL
analyzed_bin
writev
108
1, 0x7ffe8d24a470, 2
52
SYSCALL
analyzed_bin
writev
108
1, 0x7ffe8d24a470, 2
98
SYSCALL
analyzed_bin
writev
108
1, 0x7ffe8d24a470, 2
52
SYSCALL
analyzed_bin
writev
108
1, 0x7ffe8d24a470, 2
98
SYSCALL
analyzed_bin
writev
108
1, 0x7ffe8d24a470, 2
52
SYSCALL
analyzed_bin
writev
108
1, 0x7ffe8d24a470, 2
98
SYSCALL
analyzed_bin
writev
108
1, 0x7ffe8d24a470, 2
52
SYSCALL
analyzed_bin
writev
108
1, 0x7ffe8d24a470, 2
98
SYSCALL
analyzed_bin
writev
108
1, 0x7ffe8d24a470, 2
52
SYSCALL
analyzed_bin
writev
108
1, 0x7ffe8d24a470, 2
98
SYSCALL
analyzed_bin
writev
108
1, 0x7ffe8d24a470, 2
52
SYSCALL
analyzed_bin
writev
108
1, 0x7ffe8d24a470, 2
98
SYSCALL
analyzed_bin
writev
108
1, 0x7ffe8d24a470, 2
52
SYSCALL
analyzed_bin
writev
108
1, 0x7ffe8d24a470, 2
98
SYSCALL
analyzed_bin
writev
108
1, 0x7ffe8d24a470, 2
52
SYSCALL
analyzed_bin
writev
108
1, 0x7ffe8d24a470, 2
98
SYSCALL
analyzed_bin
writev
108
1, 0x7ffe8d24a470, 2
52
SYSCALL
analyzed_bin
writev
108
1, 0x7ffe8d24a470, 2
98
SYSCALL
analyzed_bin
writev
108
1, 0x7ffe8d24a470, 2
52
SYSCALL
analyzed_bin
writev
108
1, 0x7ffe8d24a470, 2
98
SYSCALL
analyzed_bin
writev
108
1, 0x7ffe8d24a470, 2
52
SYSCALL
analyzed_bin
writev
108
1, 0x7ffe8d24a470, 2
98
SYSCALL
analyzed_bin
writev
108
1, 0x7ffe8d24a470, 2
52
SYSCALL
analyzed_bin
writev
108
1, 0x7ffe8d24a470, 2
98
SYSCALL
analyzed_bin
writev
108
1, 0x7ffe8d24a470, 2
52
SYSCALL
analyzed_bin
writev
108
1, 0x7ffe8d24a470, 2
98
SYSCALL
analyzed_bin
writev
108
1, 0x7ffe8d24a470, 2
52
SYSCALL
analyzed_bin
writev
108
1, 0x7ffe8d24a470, 2
98
SYSCALL
analyzed_bin
writev
108
1, 0x7ffe8d24a470, 2
52
SYSCALL
analyzed_bin
writev
108
1, 0x7ffe8d24a470, 2
98
SYSCALL
analyzed_bin
writev
108
1, 0x7ffe8d24a470, 2
52
SYSCALL
analyzed_bin
writev
108
1, 0x7ffe8d24a470, 2
98
SYSCALL
analyzed_bin
writev
108
1, 0x7ffe8d24a470, 2
52
SYSCALL
analyzed_bin
writev
108
1, 0x7ffe8d24a470, 2
98
SYSCALL
analyzed_bin
writev
108
1, 0x7ffe8d24a470, 2
52
SYSCALL
analyzed_bin
writev
108
1, 0x7ffe8d24a470, 2
98
SYSCALL
analyzed_bin
writev
108
1, 0x7ffe8d24a470, 2
52
SYSCALL
analyzed_bin
writev
108
1, 0x7ffe8d24a470, 2
98
SYSCALL
analyzed_bin
writev
108
1, 0x7ffe8d24a470, 2
52
SYSCALL
analyzed_bin
writev
108
1, 0x7ffe8d24a470, 2
98
SYSCALL
analyzed_bin
writev
108
1, 0x7ffe8d24a470, 2
52
SYSCALL
analyzed_bin
writev
108
1, 0x7ffe8d24a470, 2
98
SYSCALL
analyzed_bin
writev
108
1, 0x7ffe8d24a470, 2
52
SYSCALL
analyzed_bin
writev
108
1, 0x7ffe8d24a470, 2
98
SYSCALL
analyzed_bin
writev
108
1, 0x7ffe8d24a470, 2
52
SYSCALL
analyzed_bin
writev
108
1, 0x7ffe8d24a470, 2
98
SYSCALL
analyzed_bin
writev
108
1, 0x7ffe8d24a470, 2
52
SYSCALL
analyzed_bin
writev
108
1, 0x7ffe8d24a470, 2
98
SYSCALL
analyzed_bin
writev
108
1, 0x7ffe8d24a470, 2
52
SYSCALL
analyzed_bin
writev
108
1, 0x7ffe8d24a470, 2
98
SYSCALL
analyzed_bin
writev
108
1, 0x7ffe8d24a470, 2
52
SYSCALL
analyzed_bin
writev
108
1, 0x7ffe8d24a470, 2
98
SYSCALL
analyzed_bin
writev
108
1, 0x7ffe8d24a470, 2
52
SYSCALL
analyzed_bin
writev
108
1, 0x7ffe8d24a470, 2
98
SYSCALL
analyzed_bin
writev
108
1, 0x7ffe8d24a470, 2
52
SYSCALL
analyzed_bin
writev
108
1, 0x7ffe8d24a470, 2
98
SYSCALL
analyzed_bin
writev
108
1, 0x7ffe8d24a470, 2
52
SYSCALL
analyzed_bin
writev
108
1, 0x7ffe8d24a470, 2
98
SYSCALL
analyzed_bin
writev
108
1, 0x7ffe8d24a470, 2
52
SYSCALL
analyzed_bin
writev
108
1, 0x7ffe8d24a470, 2
98
SYSCALL
analyzed_bin
writev
108
1, 0x7ffe8d24a470, 2
52
SYSCALL
analyzed_bin
writev
108
1, 0x7ffe8d24a470, 2
98
SYSCALL
analyzed_bin
writev
108
1, 0x7ffe8d24a470, 2
52
SYSCALL
analyzed_bin
writev
108
1, 0x7ffe8d24a470, 2
98
SYSCALL
analyzed_bin
writev
108
1, 0x7ffe8d24a470, 2
52
SYSCALL
analyzed_bin
writev
108
1, 0x7ffe8d24a470, 2
98
SYSCALL
analyzed_bin
writev
108
1, 0x7ffe8d24a470, 2
52
SYSCALL
analyzed_bin
writev
108
1, 0x7ffe8d24a470, 2
98
SYSCALL
analyzed_bin
writev
108
1, 0x7ffe8d24a470, 2
52
SYSCALL
analyzed_bin
writev
108
1, 0x7ffe8d24a470, 2
98
SYSCALL
analyzed_bin
writev
108
1, 0x7ffe8d24a470, 2
52
SYSCALL
analyzed_bin
writev
108
1, 0x7ffe8d24a470, 2
98
SYSCALL
analyzed_bin
writev
108
1, 0x7ffe8d24a470, 2
52
SYSCALL
analyzed_bin
writev
108
1, 0x7ffe8d24a470, 2
98
SYSCALL
analyzed_bin
writev
108
1, 0x7ffe8d24a470, 2
52
SYSCALL
analyzed_bin
writev
108
1, 0x7ffe8d24a470, 2
98
SYSCALL
analyzed_bin
writev
108
1, 0x7ffe8d24a470, 2
52
SYSCALL
analyzed_bin
writev
108
1, 0x7ffe8d24a470, 2
98
SYSCALL
analyzed_bin
writev
108
1, 0x7ffe8d24a470, 2
52
SYSCALL
analyzed_bin
writev
108
1, 0x7ffe8d24a470, 2
98
SYSCALL
analyzed_bin
writev
108
1, 0x7ffe8d24a470, 2
52
SYSCALL
analyzed_bin
writev
108
1, 0x7ffe8d24a470, 2
98
SYSCALL
analyzed_bin
writev
108
1, 0x7ffe8d24a470, 2
52
SYSCALL
analyzed_bin
writev
108
1, 0x7ffe8d24a470, 2
98
SYSCALL
analyzed_bin
writev
108
1, 0x7ffe8d24a470, 2
52
SYSCALL
analyzed_bin
writev
108
1, 0x7ffe8d24a470, 2
98
SYSCALL
analyzed_bin
writev
108
1, 0x7ffe8d24a470, 2
52
SYSCALL
analyzed_bin
writev
108
1, 0x7ffe8d24a470, 2
98
SYSCALL
analyzed_bin
writev
108
1, 0x7ffe8d24a470, 2
52
SYSCALL
analyzed_bin
writev
108
1, 0x7ffe8d24a470, 2
98
SYSCALL
analyzed_bin
writev
108
1, 0x7ffe8d24a470, 2
52
SYSCALL
analyzed_bin
writev
108
1, 0x7ffe8d24a470, 2
98
SYSCALL
analyzed_bin
writev
108
1, 0x7ffe8d24a470, 2
52
SYSCALL
analyzed_bin
writev
108
1, 0x7ffe8d24a470, 2
98
SYSCALL
analyzed_bin
writev
108
1, 0x7ffe8d24a470, 2
52
SYSCALL
analyzed_bin
writev
108
1, 0x7ffe8d24a470, 2
98
SYSCALL
analyzed_bin
writev
108
1, 0x7ffe8d24a470, 2
52
SYSCALL
analyzed_bin
writev
108
1, 0x7ffe8d24a470, 2
98
SYSCALL
analyzed_bin
writev
108
1, 0x7ffe8d24a470, 2
52
SYSCALL
analyzed_bin
writev
108
1, 0x7ffe8d24a470, 2
98
SYSCALL
analyzed_bin
writev
108
1, 0x7ffe8d24a470, 2
52
SYSCALL
analyzed_bin
writev
108
1, 0x7ffe8d24a470, 2
98
SYSCALL
analyzed_bin
writev
108
1, 0x7ffe8d24a470, 2
52
SYSCALL
analyzed_bin
writev
108
1, 0x7ffe8d24a470, 2
98
SYSCALL
analyzed_bin
writev
108
1, 0x7ffe8d24a470, 2
52
SYSCALL
analyzed_bin
writev
108
1, 0x7ffe8d24a470, 2
98
SYSCALL
analyzed_bin
writev
108
1, 0x7ffe8d24a470, 2
52
SYSCALL
analyzed_bin
writev
108
1, 0x7ffe8d24a470, 2
98
SYSCALL
analyzed_bin
writev
108
1, 0x7ffe8d24a470, 2
52
SYSCALL
analyzed_bin
writev
108
1, 0x7ffe8d24a470, 2
98
SYSCALL
analyzed_bin
writev
108
1, 0x7ffe8d24a470, 2
52
SYSCALL
analyzed_bin
writev
108
1, 0x7ffe8d24a470, 2
98
SYSCALL
analyzed_bin
writev
108
1, 0x7ffe8d24a470, 2
52
SYSCALL
analyzed_bin
writev
108
1, 0x7ffe8d24a470, 2
98
SYSCALL
analyzed_bin
writev
108
1, 0x7ffe8d24a470, 2
52
SYSCALL
analyzed_bin
writev
108
1, 0x7ffe8d24a470, 2
98
SYSCALL
analyzed_bin
writev
108
1, 0x7ffe8d24a470, 2
52
SYSCALL
analyzed_bin
writev
108
1, 0x7ffe8d24a470, 2
98
SYSCALL
analyzed_bin
writev
108
1, 0x7ffe8d24a470, 2
52
SYSCALL
analyzed_bin
writev
108
1, 0x7ffe8d24a470, 2
98
SYSCALL
analyzed_bin
writev
108
1, 0x7ffe8d24a470, 2
52
SYSCALL
analyzed_bin
writev
108
1, 0x7ffe8d24a470, 2
98
SYSCALL
analyzed_bin
writev
108
1, 0x7ffe8d24a470, 2
52
SYSCALL
analyzed_bin
writev
108
1, 0x7ffe8d24a470, 2
98
SYSCALL
analyzed_bin
writev
108
1, 0x7ffe8d24a470, 2
52
SYSCALL
analyzed_bin
writev
108
1, 0x7ffe8d24a470, 2
98
SYSCALL
analyzed_bin
writev
108
1, 0x7ffe8d24a470, 2
52
SYSCALL
analyzed_bin
writev
108
1, 0x7ffe8d24a470, 2
98
SYSCALL
analyzed_bin
writev
108
1, 0x7ffe8d24a470, 2
52
SYSCALL
analyzed_bin
writev
108
1, 0x7ffe8d24a470, 2
98
SYSCALL
analyzed_bin
writev
108
1, 0x7ffe8d24a470, 2
52
SYSCALL
analyzed_bin
writev
108
1, 0x7ffe8d24a470, 2
98
SYSCALL
analyzed_bin
writev
108
1, 0x7ffe8d24a470, 2
52
SYSCALL
analyzed_bin
writev
108
1, 0x7ffe8d24a470, 2
98
SYSCALL
analyzed_bin
writev
108
1, 0x7ffe8d24a470, 2
52
SYSCALL
analyzed_bin
writev
108
1, 0x7ffe8d24a470, 2
98
SYSCALL
analyzed_bin
writev
108
1, 0x7ffe8d24a470, 2
52
SYSCALL
analyzed_bin
writev
108
1, 0x7ffe8d24a470, 2
98
SYSCALL
analyzed_bin
writev
108
1, 0x7ffe8d24a470, 2
52
SYSCALL
analyzed_bin
writev
108
1, 0x7ffe8d24a470, 2
98
SYSCALL
analyzed_bin
writev
108
1, 0x7ffe8d24a470, 2
52
SYSCALL
analyzed_bin
writev
108
1, 0x7ffe8d24a470, 2
98
SYSCALL
analyzed_bin
writev
108
1, 0x7ffe8d24a470, 2
52
SYSCALL
analyzed_bin
writev
108
1, 0x7ffe8d24a470, 2
98
SYSCALL
analyzed_bin
writev
108
1, 0x7ffe8d24a470, 2
52
SYSCALL
analyzed_bin
writev
108
1, 0x7ffe8d24a470, 2
98
SYSCALL
analyzed_bin
writev
108
1, 0x7ffe8d24a470, 2
52
SYSCALL
analyzed_bin
writev
108
1, 0x7ffe8d24a470, 2
98
SYSCALL
analyzed_bin
writev
108
1, 0x7ffe8d24a470, 2
52
SYSCALL
analyzed_bin
writev
108
1, 0x7ffe8d24a470, 2
98
SYSCALL
analyzed_bin
writev
108
1, 0x7ffe8d24a470, 2
52
SYSCALL
analyzed_bin
writev
108
1, 0x7ffe8d24a470, 2
98
SYSCALL
analyzed_bin
writev
108
1, 0x7ffe8d24a470, 2
52
SYSCALL
analyzed_bin
writev
108
1, 0x7ffe8d24a470, 2
98
SYSCALL
analyzed_bin
writev
108
1, 0x7ffe8d24a470, 2
52
SYSCALL
analyzed_bin
writev
108
1, 0x7ffe8d24a470, 2
98
SYSCALL
analyzed_bin
writev
108
1, 0x7ffe8d24a470, 2
52
SYSCALL
analyzed_bin
writev
108
1, 0x7ffe8d24a470, 2
98
SYSCALL
analyzed_bin
writev
108
1, 0x7ffe8d24a470, 2
52
SYSCALL
analyzed_bin
writev
108
1, 0x7ffe8d24a470, 2
98
SYSCALL
analyzed_bin
writev
108
1, 0x7ffe8d24a470, 2
52
SYSCALL
analyzed_bin
writev
108
1, 0x7ffe8d24a470, 2
98
SYSCALL
analyzed_bin
writev
108
1, 0x7ffe8d24a470, 2
52
SYSCALL
analyzed_bin
writev
108
1, 0x7ffe8d24a470, 2
98
SYSCALL
analyzed_bin
writev
108
1, 0x7ffe8d24a470, 2
52
SYSCALL
analyzed_bin
writev
108
1, 0x7ffe8d24a470, 2
98
SYSCALL
analyzed_bin
writev
108
1, 0x7ffe8d24a470, 2
52
SYSCALL
analyzed_bin
writev
108
1, 0x7ffe8d24a470, 2
98
SYSCALL
analyzed_bin
writev
108
1, 0x7ffe8d24a470, 2
52
SYSCALL
analyzed_bin
writev
108
1, 0x7ffe8d24a470, 2
98
SYSCALL
analyzed_bin
writev
108
1, 0x7ffe8d24a470, 2
52
SYSCALL
analyzed_bin
writev
108
1, 0x7ffe8d24a470, 2
98
SYSCALL
analyzed_bin
writev
108
1, 0x7ffe8d24a470, 2
52
SYSCALL
analyzed_bin
writev
108
1, 0x7ffe8d24a470, 2
98
SYSCALL
analyzed_bin
writev
108
1, 0x7ffe8d24a470, 2
52
SYSCALL
analyzed_bin
writev
108
1, 0x7ffe8d24a470, 2
98
SYSCALL
analyzed_bin
writev
108
1, 0x7ffe8d24a470, 2
52
SYSCALL
analyzed_bin
writev
108
1, 0x7ffe8d24a470, 2
98
SYSCALL
analyzed_bin
writev
108
1, 0x7ffe8d24a470, 2
52
SYSCALL
analyzed_bin
writev
108
1, 0x7ffe8d24a470, 2
98
SYSCALL
analyzed_bin
writev
108
1, 0x7ffe8d24a470, 2
52
SYSCALL
analyzed_bin
writev
108
1, 0x7ffe8d24a470, 2
98
SYSCALL
analyzed_bin
writev
108
1, 0x7ffe8d24a470, 2
52
SYSCALL
analyzed_bin
writev
108
1, 0x7ffe8d24a470, 2
98
SYSCALL
analyzed_bin
writev
108
1, 0x7ffe8d24a470, 2
52
SYSCALL
analyzed_bin
writev
108
1, 0x7ffe8d24a470, 2
98
SYSCALL
analyzed_bin
writev
108
1, 0x7ffe8d24a470, 2
52
SYSCALL
analyzed_bin
writev
108
1, 0x7ffe8d24a470, 2
98
SYSCALL
analyzed_bin
writev
108
1, 0x7ffe8d24a470, 2
52
SYSCALL
analyzed_bin
writev
108
1, 0x7ffe8d24a470, 2
98
SYSCALL
analyzed_bin
writev
108
1, 0x7ffe8d24a470, 2
52
SYSCALL
analyzed_bin
writev
108
1, 0x7ffe8d24a470, 2
98
SYSCALL
analyzed_bin
writev
108
1, 0x7ffe8d24a470, 2
52
SYSCALL
analyzed_bin
writev
108
1, 0x7ffe8d24a470, 2
98
SYSCALL
analyzed_bin
writev
108
1, 0x7ffe8d24a470, 2
52
SYSCALL
analyzed_bin
writev
108
1, 0x7ffe8d24a470, 2
98
SYSCALL
analyzed_bin
writev
108
1, 0x7ffe8d24a470, 2
52
SYSCALL
analyzed_bin
writev
108
1, 0x7ffe8d24a470, 2
98
SYSCALL
analyzed_bin
writev
108
1, 0x7ffe8d24a470, 2
52
SYSCALL
analyzed_bin
writev
108
1, 0x7ffe8d24a470, 2
98
SYSCALL
analyzed_bin
writev
108
1, 0x7ffe8d24a470, 2
52
SYSCALL
analyzed_bin
writev
108
1, 0x7ffe8d24a470, 2
98
SYSCALL
analyzed_bin
writev
108
1, 0x7ffe8d24a470, 2
52
SYSCALL
analyzed_bin
writev
108
1, 0x7ffe8d24a470, 2
98
SYSCALL
analyzed_bin
writev
108
1, 0x7ffe8d24a470, 2
52
SYSCALL
analyzed_bin
writev
108
1, 0x7ffe8d24a470, 2
98
SYSCALL
analyzed_bin
writev
108
1, 0x7ffe8d24a470, 2
52
SYSCALL
analyzed_bin
writev
108
1, 0x7ffe8d24a470, 2
98
SYSCALL
analyzed_bin
writev
108
1, 0x7ffe8d24a470, 2
52
SYSCALL
analyzed_bin
writev
108
1, 0x7ffe8d24a470, 2
98
SYSCALL
analyzed_bin
writev
108
1, 0x7ffe8d24a470, 2
52
SYSCALL
analyzed_bin
writev
108
1, 0x7ffe8d24a470, 2
98
SYSCALL
analyzed_bin
writev
108
1, 0x7ffe8d24a470, 2
52
SYSCALL
analyzed_bin
writev
108
1, 0x7ffe8d24a470, 2
98
SYSCALL
analyzed_bin
writev
108
1, 0x7ffe8d24a470, 2
52
SYSCALL
analyzed_bin
writev
108
1, 0x7ffe8d24a470, 2
98
SYSCALL
analyzed_bin
writev
108
1, 0x7ffe8d24a470, 2
52
SYSCALL
analyzed_bin
writev
108
1, 0x7ffe8d24a470, 2
98
SYSCALL
analyzed_bin
writev
108
1, 0x7ffe8d24a470, 2
52
SYSCALL
analyzed_bin
writev
108
1, 0x7ffe8d24a470, 2
98
SYSCALL
analyzed_bin
writev
108
1, 0x7ffe8d24a470, 2
52
SYSCALL
analyzed_bin
writev
108
1, 0x7ffe8d24a470, 2
98
SYSCALL
analyzed_bin
writev
108
1, 0x7ffe8d24a470, 2
52
SYSCALL
analyzed_bin
writev
108
1, 0x7ffe8d24a470, 2
98
SYSCALL
analyzed_bin
writev
108
1, 0x7ffe8d24a470, 2
52
SYSCALL
analyzed_bin
writev
108
1, 0x7ffe8d24a470, 2
98
SYSCALL
analyzed_bin
writev
108
1, 0x7ffe8d24a470, 2
52
SYSCALL
analyzed_bin
writev
108
1, 0x7ffe8d24a470, 2
98
SYSCALL
analyzed_bin
writev
108
1, 0x7ffe8d24a470, 2
52
SYSCALL
analyzed_bin
writev
108
1, 0x7ffe8d24a470, 2
98
SYSCALL
analyzed_bin
writev
108
1, 0x7ffe8d24a470, 2
52
SYSCALL
analyzed_bin
writev
108
1, 0x7ffe8d24a470, 2
98
SYSCALL
analyzed_bin
writev
108
1, 0x7ffe8d24a470, 2
52
SYSCALL
analyzed_bin
writev
108
1, 0x7ffe8d24a470, 2
98
SYSCALL
analyzed_bin
writev
108
1, 0x7ffe8d24a470, 2
52
SYSCALL
analyzed_bin
writev
108
1, 0x7ffe8d24a470, 2
98
SYSCALL
analyzed_bin
writev
108
1, 0x7ffe8d24a470, 2
52
SYSCALL
analyzed_bin
writev
108
1, 0x7ffe8d24a470, 2
98
SYSCALL
analyzed_bin
writev
108
1, 0x7ffe8d24a470, 2
52
SYSCALL
analyzed_bin
writev
108
1, 0x7ffe8d24a470, 2
98
SYSCALL
analyzed_bin
writev
108
1, 0x7ffe8d24a470, 2
52
SYSCALL
analyzed_bin
writev
108
1, 0x7ffe8d24a470, 2
98
SYSCALL
analyzed_bin
writev
108
1, 0x7ffe8d24a470, 2
52
SYSCALL
analyzed_bin
writev
108
1, 0x7ffe8d24a470, 2
98
SYSCALL
analyzed_bin
writev
108
1, 0x7ffe8d24a470, 2
52
SYSCALL
analyzed_bin
writev
108
1, 0x7ffe8d24a470, 2
98
SYSCALL
analyzed_bin
writev
108
1, 0x7ffe8d24a470, 2
52
SYSCALL
analyzed_bin
writev
108
1, 0x7ffe8d24a470, 2
98
SYSCALL
analyzed_bin
writev
108
1, 0x7ffe8d24a470, 2
52
SYSCALL
analyzed_bin
writev
108
1, 0x7ffe8d24a470, 2
98
SYSCALL
analyzed_bin
writev
108
1, 0x7ffe8d24a470, 2
52
SYSCALL
analyzed_bin
writev
108
1, 0x7ffe8d24a470, 2
98
SYSCALL
analyzed_bin
writev
108
1, 0x7ffe8d24a470, 2
52
SYSCALL
analyzed_bin
writev
108
1, 0x7ffe8d24a470, 2
98
SYSCALL
analyzed_bin
writev
108
1, 0x7ffe8d24a470, 2
52
SYSCALL
analyzed_bin
writev
108
1, 0x7ffe8d24a470, 2
98
SYSCALL
analyzed_bin
writev
108
1, 0x7ffe8d24a470, 2
52
SYSCALL
analyzed_bin
writev
108
1, 0x7ffe8d24a470, 2
98
SYSCALL
analyzed_bin
writev
108
1, 0x7ffe8d24a470, 2
52
SYSCALL
analyzed_bin
writev
108
1, 0x7ffe8d24a470, 2
98
SYSCALL
analyzed_bin
writev
108
1, 0x7ffe8d24a470, 2
52
SYSCALL
analyzed_bin
writev
108
1, 0x7ffe8d24a470, 2
98
SYSCALL
analyzed_bin
writev
108
1, 0x7ffe8d24a470, 2
52
SYSCALL
analyzed_bin
writev
108
1, 0x7ffe8d24a470, 2
98
SYSCALL
analyzed_bin
writev
108
1, 0x7ffe8d24a470, 2
52
SYSCALL
analyzed_bin
writev
108
1, 0x7ffe8d24a470, 2
98
SYSCALL
analyzed_bin
writev
108
1, 0x7ffe8d24a470, 2
52
SYSCALL
analyzed_bin
writev
108
1, 0x7ffe8d24a470, 2
98
SYSCALL
analyzed_bin
writev
108
1, 0x7ffe8d24a470, 2
52
SYSCALL
analyzed_bin
writev
108
1, 0x7ffe8d24a470, 2
98
SYSCALL
analyzed_bin
writev
108
1, 0x7ffe8d24a470, 2
52
SYSCALL
analyzed_bin
writev
108
1, 0x7ffe8d24a470, 2
98
SYSCALL
analyzed_bin
writev
108
1, 0x7ffe8d24a470, 2
52
SYSCALL
analyzed_bin
writev
108
1, 0x7ffe8d24a470, 2
98
SYSCALL
analyzed_bin
writev
108
1, 0x7ffe8d24a470, 2
52
SYSCALL
analyzed_bin
writev
108
1, 0x7ffe8d24a470, 2
98
SYSCALL
analyzed_bin
writev
108
1, 0x7ffe8d24a470, 2
52
SYSCALL
analyzed_bin
writev
108
1, 0x7ffe8d24a470, 2
98
SYSCALL
analyzed_bin
writev
108
1, 0x7ffe8d24a470, 2
52
SYSCALL
analyzed_bin
writev
108
1, 0x7ffe8d24a470, 2
98
SYSCALL
analyzed_bin
writev
108
1, 0x7ffe8d24a470, 2
52
SYSCALL
analyzed_bin
writev
108
1, 0x7ffe8d24a470, 2
98
SYSCALL
analyzed_bin
writev
108
1, 0x7ffe8d24a470, 2
52
SYSCALL
analyzed_bin
writev
108
1, 0x7ffe8d24a470, 2
98
SYSCALL
analyzed_bin
writev
108
1, 0x7ffe8d24a470, 2
52
SYSCALL
analyzed_bin
writev
108
1, 0x7ffe8d24a470, 2
98
SYSCALL
analyzed_bin
writev
108
1, 0x7ffe8d24a470, 2
52
SYSCALL
analyzed_bin
writev
108
1, 0x7ffe8d24a470, 2
98
SYSCALL
analyzed_bin
writev
108
1, 0x7ffe8d24a470, 2
52
SYSCALL
analyzed_bin
writev
108
1, 0x7ffe8d24a470, 2
98
SYSCALL
analyzed_bin
writev
108
1, 0x7ffe8d24a470, 2
52
SYSCALL
analyzed_bin
writev
108
1, 0x7ffe8d24a470, 2
98
SYSCALL
analyzed_bin
writev
108
1, 0x7ffe8d24a470, 2
52
SYSCALL
analyzed_bin
writev
108
1, 0x7ffe8d24a470, 2
98
SYSCALL
analyzed_bin
writev
108
1, 0x7ffe8d24a470, 2
52
SYSCALL
analyzed_bin
writev
108
1, 0x7ffe8d24a470, 2
98
SYSCALL
analyzed_bin
writev
108
1, 0x7ffe8d24a470, 2
52
SYSCALL
analyzed_bin
writev
108
1, 0x7ffe8d24a470, 2
98
SYSCALL
analyzed_bin
writev
108
1, 0x7ffe8d24a470, 2
52
SYSCALL
analyzed_bin
writev
108
1, 0x7ffe8d24a470, 2
98
SYSCALL
analyzed_bin
writev
108
1, 0x7ffe8d24a470, 2
52
SYSCALL
analyzed_bin
writev
108
1, 0x7ffe8d24a470, 2
98
SYSCALL
analyzed_bin
writev
108
1, 0x7ffe8d24a470, 2
52
SYSCALL
analyzed_bin
writev
108
1, 0x7ffe8d24a470, 2
98
SYSCALL
analyzed_bin
writev
108
1, 0x7ffe8d24a470, 2
52
SYSCALL
analyzed_bin
writev
108
1, 0x7ffe8d24a470, 2
98
SYSCALL
analyzed_bin
writev
108
1, 0x7ffe8d24a470, 2
52
SYSCALL
analyzed_bin
writev
108
1, 0x7ffe8d24a470, 2
98
SYSCALL
analyzed_bin
writev
108
1, 0x7ffe8d24a470, 2
52
SYSCALL
analyzed_bin
writev
108
1, 0x7ffe8d24a470, 2
98
SYSCALL
analyzed_bin
writev
108
1, 0x7ffe8d24a470, 2
52
SYSCALL
analyzed_bin
writev
108
1, 0x7ffe8d24a470, 2
98
SYSCALL
analyzed_bin
writev
108
1, 0x7ffe8d24a470, 2
52
SYSCALL
analyzed_bin
writev
108
1, 0x7ffe8d24a470, 2
98
SYSCALL
analyzed_bin
writev
108
1, 0x7ffe8d24a470, 2
52
SYSCALL
analyzed_bin
writev
108
1, 0x7ffe8d24a470, 2
98
SYSCALL
analyzed_bin
writev
108
1, 0x7ffe8d24a470, 2
52
SYSCALL
analyzed_bin
writev
108
1, 0x7ffe8d24a470, 2
98
SYSCALL
analyzed_bin
writev
108
1, 0x7ffe8d24a470, 2
52
SYSCALL
analyzed_bin
writev
108
1, 0x7ffe8d24a470, 2
98
SYSCALL
analyzed_bin
writev
108
1, 0x7ffe8d24a470, 2
52
SYSCALL
analyzed_bin
writev
108
1, 0x7ffe8d24a470, 2
98
SYSCALL
analyzed_bin
writev
108
1, 0x7ffe8d24a470, 2
52
SYSCALL
analyzed_bin
writev
108
1, 0x7ffe8d24a470, 2
98
SYSCALL
analyzed_bin
writev
108
1, 0x7ffe8d24a470, 2
52
SYSCALL
analyzed_bin
writev
108
1, 0x7ffe8d24a470, 2
98
SYSCALL
analyzed_bin
writev
108
1, 0x7ffe8d24a470, 2
52
SYSCALL
analyzed_bin
writev
108
1, 0x7ffe8d24a470, 2
98
SYSCALL
analyzed_bin
writev
108
1, 0x7ffe8d24a470, 2
52
SYSCALL
analyzed_bin
writev
108
1, 0x7ffe8d24a470, 2
98
SYSCALL
analyzed_bin
writev
108
1, 0x7ffe8d24a470, 2
52
SYSCALL
analyzed_bin
writev
108
1, 0x7ffe8d24a470, 2
98
SYSCALL
analyzed_bin
writev
108
1, 0x7ffe8d24a470, 2
52
SYSCALL
analyzed_bin
writev
108
1, 0x7ffe8d24a470, 2
98
SYSCALL
analyzed_bin
writev
108
1, 0x7ffe8d24a470, 2
52
SYSCALL
analyzed_bin
writev
108
1, 0x7ffe8d24a470, 2
98
SYSCALL
analyzed_bin
writev
108
1, 0x7ffe8d24a470, 2
52
SYSCALL
analyzed_bin
writev
108
1, 0x7ffe8d24a470, 2
98
SYSCALL
analyzed_bin
writev
108
1, 0x7ffe8d24a470, 2
52
SYSCALL
analyzed_bin
writev
108
1, 0x7ffe8d24a470, 2
98
SYSCALL
analyzed_bin
writev
108
1, 0x7ffe8d24a470, 2
52
SYSCALL
analyzed_bin
writev
108
1, 0x7ffe8d24a470, 2
98
SYSCALL
analyzed_bin
writev
108
1, 0x7ffe8d24a470, 2
52
SYSCALL
analyzed_bin
writev
108
1, 0x7ffe8d24a470, 2
98
SYSCALL
analyzed_bin
writev
108
1, 0x7ffe8d24a470, 2
52
SYSCALL
analyzed_bin
writev
108
1, 0x7ffe8d24a470, 2
98
SYSCALL
analyzed_bin
writev
108
1, 0x7ffe8d24a470, 2
52
SYSCALL
analyzed_bin
writev
108
1, 0x7ffe8d24a470, 2
98
SYSCALL
analyzed_bin
writev
108
1, 0x7ffe8d24a470, 2
52
SYSCALL
analyzed_bin
writev
108
1, 0x7ffe8d24a470, 2
98
SYSCALL
analyzed_bin
writev
108
1, 0x7ffe8d24a470, 2
52
SYSCALL
analyzed_bin
writev
108
1, 0x7ffe8d24a470, 2
98
SYSCALL
analyzed_bin
writev
108
1, 0x7ffe8d24a470, 2
52
SYSCALL
analyzed_bin
writev
108
1, 0x7ffe8d24a470, 2
98
SYSCALL
analyzed_bin
writev
108
1, 0x7ffe8d24a470, 2
52
SYSCALL
analyzed_bin
writev
108
1, 0x7ffe8d24a470, 2
98
SYSCALL
analyzed_bin
writev
108
1, 0x7ffe8d24a470, 2
52
SYSCALL
analyzed_bin
writev
108
1, 0x7ffe8d24a470, 2
98
SYSCALL
analyzed_bin
writev
108
1, 0x7ffe8d24a470, 2
52
SYSCALL
analyzed_bin
writev
108
1, 0x7ffe8d24a470, 2
98
SYSCALL
analyzed_bin
writev
108
1, 0x7ffe8d24a470, 2
52
SYSCALL
analyzed_bin
writev
108
1, 0x7ffe8d24a470, 2
98
SYSCALL
analyzed_bin
writev
108
1, 0x7ffe8d24a470, 2
52
SYSCALL
analyzed_bin
writev
108
1, 0x7ffe8d24a470, 2
98
SYSCALL
analyzed_bin
writev
108
1, 0x7ffe8d24a470, 2
52
SYSCALL
analyzed_bin
writev
108
1, 0x7ffe8d24a470, 2
98
SYSCALL
analyzed_bin
writev
108
1, 0x7ffe8d24a470, 2
52
SYSCALL
analyzed_bin
writev
108
1, 0x7ffe8d24a470, 2
98
SYSCALL
analyzed_bin
writev
108
1, 0x7ffe8d24a470, 2
52
SYSCALL
analyzed_bin
writev
108
1, 0x7ffe8d24a470, 2
98
SYSCALL
analyzed_bin
writev
108
1, 0x7ffe8d24a470, 2
52
SYSCALL
analyzed_bin
writev
108
1, 0x7ffe8d24a470, 2
98
SYSCALL
analyzed_bin
writev
108
1, 0x7ffe8d24a470, 2
52
SYSCALL
analyzed_bin
writev
108
1, 0x7ffe8d24a470, 2
98
SYSCALL
analyzed_bin
writev
108
1, 0x7ffe8d24a470, 2
52
SYSCALL
analyzed_bin
writev
108
1, 0x7ffe8d24a470, 2
98
SYSCALL
analyzed_bin
writev
108
1, 0x7ffe8d24a470, 2
52
SYSCALL
analyzed_bin
writev
108
1, 0x7ffe8d24a470, 2
98
SYSCALL
analyzed_bin
writev
108
1, 0x7ffe8d24a470, 2
52
SYSCALL
analyzed_bin
writev
108
1, 0x7ffe8d24a470, 2
98
SYSCALL
analyzed_bin
writev
108
1, 0x7ffe8d24a470, 2
52
SYSCALL
analyzed_bin
writev
108
1, 0x7ffe8d24a470, 2
98
SYSCALL
analyzed_bin
writev
108
1, 0x7ffe8d24a470, 2
52
SYSCALL
analyzed_bin
writev
108
1, 0x7ffe8d24a470, 2
98
SYSCALL
analyzed_bin
writev
108
1, 0x7ffe8d24a470, 2
52
SYSCALL
analyzed_bin
writev
108
1, 0x7ffe8d24a470, 2
98
SYSCALL
analyzed_bin
writev
108
1, 0x7ffe8d24a470, 2
52
SYSCALL
analyzed_bin
writev
108
1, 0x7ffe8d24a470, 2
98
SYSCALL
analyzed_bin
writev
108
1, 0x7ffe8d24a470, 2
52
SYSCALL
analyzed_bin
writev
108
1, 0x7ffe8d24a470, 2
98
SYSCALL
analyzed_bin
writev
108
1, 0x7ffe8d24a470, 2
52
SYSCALL
analyzed_bin
writev
108
1, 0x7ffe8d24a470, 2
98
SYSCALL
analyzed_bin
writev
108
1, 0x7ffe8d24a470, 2
52
SYSCALL
analyzed_bin
writev
108
1, 0x7ffe8d24a470, 2
98
SYSCALL
analyzed_bin
writev
108
1, 0x7ffe8d24a470, 2
52
SYSCALL
analyzed_bin
writev
108
1, 0x7ffe8d24a470, 2
98
SYSCALL
analyzed_bin
writev
108
1, 0x7ffe8d24a470, 2
52
SYSCALL
analyzed_bin
writev
108
1, 0x7ffe8d24a470, 2
98
SYSCALL
analyzed_bin
writev
108
1, 0x7ffe8d24a470, 2
52
SYSCALL
analyzed_bin
writev
108
1, 0x7ffe8d24a470, 2
98
SYSCALL
analyzed_bin
writev
108
1, 0x7ffe8d24a470, 2
52
SYSCALL
analyzed_bin
writev
108
1, 0x7ffe8d24a470, 2
98
SYSCALL
analyzed_bin
writev
108
1, 0x7ffe8d24a470, 2
52
SYSCALL
analyzed_bin
writev
108
1, 0x7ffe8d24a470, 2
98
SYSCALL
analyzed_bin
writev
108
1, 0x7ffe8d24a470, 2
52
SYSCALL
analyzed_bin
writev
108
1, 0x7ffe8d24a470, 2
98
SYSCALL
analyzed_bin
writev
108
1, 0x7ffe8d24a470, 2
52
SYSCALL
analyzed_bin
writev
108
1, 0x7ffe8d24a470, 2
98
SYSCALL
analyzed_bin
writev
108
1, 0x7ffe8d24a470, 2
52
SYSCALL
analyzed_bin
writev
108
1, 0x7ffe8d24a470, 2
98
SYSCALL
analyzed_bin
writev
108
1, 0x7ffe8d24a470, 2
52
SYSCALL
analyzed_bin
writev
108
1, 0x7ffe8d24a470, 2
98
SYSCALL
analyzed_bin
writev
108
1, 0x7ffe8d24a470, 2
52
SYSCALL
analyzed_bin
writev
108
1, 0x7ffe8d24a470, 2
98
SYSCALL
analyzed_bin
writev
108
1, 0x7ffe8d24a470, 2
52
SYSCALL
analyzed_bin
writev
108
1, 0x7ffe8d24a470, 2
98
SYSCALL
analyzed_bin
writev
108
1, 0x7ffe8d24a470, 2
52
SYSCALL
analyzed_bin
writev
108
1, 0x7ffe8d24a470, 2
98
SYSCALL
analyzed_bin
writev
108
1, 0x7ffe8d24a470, 2
52
SYSCALL
analyzed_bin
writev
108
1, 0x7ffe8d24a470, 2
98
SYSCALL
analyzed_bin
writev
108
1, 0x7ffe8d24a470, 2
52
SYSCALL
analyzed_bin
writev
108
1, 0x7ffe8d24a470, 2
98
SYSCALL
analyzed_bin
writev
108
1, 0x7ffe8d24a470, 2
52
SYSCALL
analyzed_bin
writev
108
1, 0x7ffe8d24a470, 2
98
SYSCALL
analyzed_bin
writev
108
1, 0x7ffe8d24a470, 2
52
SYSCALL
analyzed_bin
writev
108
1, 0x7ffe8d24a470, 2
98
SYSCALL
analyzed_bin
writev
108
1, 0x7ffe8d24a470, 2
52
SYSCALL
analyzed_bin
writev
108
1, 0x7ffe8d24a470, 2
98
SYSCALL
analyzed_bin
writev
108
1, 0x7ffe8d24a470, 2
52
SYSCALL
analyzed_bin
writev
108
1, 0x7ffe8d24a470, 2
98
SYSCALL
analyzed_bin
writev
108
1, 0x7ffe8d24a470, 2
52
SYSCALL
analyzed_bin
writev
108
1, 0x7ffe8d24a470, 2
98
SYSCALL
analyzed_bin
writev
108
1, 0x7ffe8d24a470, 2
52
SYSCALL
analyzed_bin
writev
108
1, 0x7ffe8d24a470, 2
98
SYSCALL
analyzed_bin
writev
108
1, 0x7ffe8d24a470, 2
52
SYSCALL
analyzed_bin
writev
108
1, 0x7ffe8d24a470, 2
98
SYSCALL
analyzed_bin
writev
108
1, 0x7ffe8d24a470, 2
52
SYSCALL
analyzed_bin
writev
108
1, 0x7ffe8d24a470, 2
98
SYSCALL
analyzed_bin
writev
108
1, 0x7ffe8d24a470, 2
52
SYSCALL
analyzed_bin
writev
108
1, 0x7ffe8d24a470, 2
98
SYSCALL
analyzed_bin
writev
108
1, 0x7ffe8d24a470, 2
52
SYSCALL
analyzed_bin
writev
108
1, 0x7ffe8d24a470, 2
98
SYSCALL
analyzed_bin
writev
108
1, 0x7ffe8d24a470, 2
52
SYSCALL
analyzed_bin
writev
108
1, 0x7ffe8d24a470, 2
98
SYSCALL
analyzed_bin
writev
108
1, 0x7ffe8d24a470, 2
52
SYSCALL
analyzed_bin
writev
108
1, 0x7ffe8d24a470, 2
98
SYSCALL
analyzed_bin
writev
108
1, 0x7ffe8d24a470, 2
52
SYSCALL
analyzed_bin
writev
108
1, 0x7ffe8d24a470, 2
98
SYSCALL
analyzed_bin
writev
108
1, 0x7ffe8d24a470, 2
52
SYSCALL
analyzed_bin
writev
108
1, 0x7ffe8d24a470, 2
98
SYSCALL
analyzed_bin
writev
108
1, 0x7ffe8d24a470, 2
52
SYSCALL
analyzed_bin
writev
108
1, 0x7ffe8d24a470, 2
98
SYSCALL
analyzed_bin
writev
108
1, 0x7ffe8d24a470, 2
52
SYSCALL
analyzed_bin
writev
108
1, 0x7ffe8d24a470, 2
98
SYSCALL
analyzed_bin
writev
108
1, 0x7ffe8d24a470, 2
52
SYSCALL
analyzed_bin
writev
108
1, 0x7ffe8d24a470, 2
98
SYSCALL
analyzed_bin
writev
108
1, 0x7ffe8d24a470, 2
52
SYSCALL
analyzed_bin
writev
108
1, 0x7ffe8d24a470, 2
98
SYSCALL
analyzed_bin
writev
108
1, 0x7ffe8d24a470, 2
52
SYSCALL
analyzed_bin
writev
108
1, 0x7ffe8d24a470, 2
98
SYSCALL
analyzed_bin
writev
108
1, 0x7ffe8d24a470, 2
52
SYSCALL
analyzed_bin
writev
108
1, 0x7ffe8d24a470, 2
98
SYSCALL
analyzed_bin
writev
108
1, 0x7ffe8d24a470, 2
52
SYSCALL
analyzed_bin
writev
108
1, 0x7ffe8d24a470, 2
98
SYSCALL
analyzed_bin
writev
108
1, 0x7ffe8d24a470, 2
52
SYSCALL
analyzed_bin
writev
108
1, 0x7ffe8d24a470, 2
98
SYSCALL
analyzed_bin
writev
108
1, 0x7ffe8d24a470, 2
52
SYSCALL
analyzed_bin
writev
108
1, 0x7ffe8d24a470, 2
98
SYSCALL
analyzed_bin
writev
108
1, 0x7ffe8d24a470, 2
52
SYSCALL
analyzed_bin
writev
108
1, 0x7ffe8d24a470, 2
98
SYSCALL
analyzed_bin
writev
108
1, 0x7ffe8d24a470, 2
52
SYSCALL
analyzed_bin
writev
108
1, 0x7ffe8d24a470, 2
98
