LISA
PROCESS
108:105
SYSCALL
analyzed_bin
execve
108

0
SYSCALL
analyzed_bin
brk
108
0x0
94293129383936
SYSCALL
analyzed_bin
access
108
"/etc/ld.so.preload", R_OK
-2 (ENOENT)
OPENFILE
"/etc/ld.so.cache"
SYSCALL
analyzed_bin
openat
108
AT_FDCWD, "/etc/ld.so.cache", O_RDONLY|O_CLOEXEC
-2 (ENOENT)
OPENFILE
"/lib64/tls/x86_64/x86_64/libm.so.6"
SYSCALL
analyzed_bin
openat
108
AT_FDCWD, "/lib64/tls/x86_64/x86_64/libm.so.6", O_RDONLY|O_CLOEXEC
-2 (ENOENT)
SYSCALL
analyzed_bin
stat
108
"/lib64/tls/x86_64/x86_64", 0x7fffa32753b0
-2 (ENOENT)
OPENFILE
"/lib64/tls/x86_64/libm.so.6"
SYSCALL
analyzed_bin
openat
108
AT_FDCWD, "/lib64/tls/x86_64/libm.so.6", O_RDONLY|O_CLOEXEC
-2 (ENOENT)
SYSCALL
analyzed_bin
stat
108
"/lib64/tls/x86_64", 0x7fffa32753b0
-2 (ENOENT)
OPENFILE
"/lib64/tls/x86_64/libm.so.6"
SYSCALL
analyzed_bin
openat
108
AT_FDCWD, "/lib64/tls/x86_64/libm.so.6", O_RDONLY|O_CLOEXEC
-2 (ENOENT)
SYSCALL
analyzed_bin
stat
108
"/lib64/tls/x86_64", 0x7fffa32753b0
-2 (ENOENT)
OPENFILE
"/lib64/tls/libm.so.6"
SYSCALL
analyzed_bin
openat
108
AT_FDCWD, "/lib64/tls/libm.so.6", O_RDONLY|O_CLOEXEC
-2 (ENOENT)
SYSCALL
analyzed_bin
stat
108
"/lib64/tls", 0x7fffa32753b0
-2 (ENOENT)
OPENFILE
"/lib64/x86_64/x86_64/libm.so.6"
SYSCALL
analyzed_bin
openat
108
AT_FDCWD, "/lib64/x86_64/x86_64/libm.so.6", O_RDONLY|O_CLOEXEC
-2 (ENOENT)
SYSCALL
analyzed_bin
stat
108
"/lib64/x86_64/x86_64", 0x7fffa32753b0
-2 (ENOENT)
OPENFILE
"/lib64/x86_64/libm.so.6"
SYSCALL
analyzed_bin
openat
108
AT_FDCWD, "/lib64/x86_64/libm.so.6", O_RDONLY|O_CLOEXEC
-2 (ENOENT)
SYSCALL
analyzed_bin
stat
108
"/lib64/x86_64", 0x7fffa32753b0
-2 (ENOENT)
OPENFILE
"/lib64/x86_64/libm.so.6"
SYSCALL
analyzed_bin
openat
108
AT_FDCWD, "/lib64/x86_64/libm.so.6", O_RDONLY|O_CLOEXEC
-2 (ENOENT)
SYSCALL
analyzed_bin
stat
108
"/lib64/x86_64", 0x7fffa32753b0
-2 (ENOENT)
OPENFILE
"/lib64/libm.so.6"
SYSCALL
analyzed_bin
openat
108
AT_FDCWD, "/lib64/libm.so.6", O_RDONLY|O_CLOEXEC
3
SYSCALL
analyzed_bin
read
108
3, 0x7fffa3275518, 832
832
SYSCALL
analyzed_bin
fstat
108
3, 0x7fffa32753b0
0
SYSCALL
analyzed_bin
mmap2
108
0x0, 8192, PROT_READ|PROT_WRITE, MAP_PRIVATE|MAP_ANONYMOUS, -1, 0
0x7f46be558000
SYSCALL
analyzed_bin
mmap2
108
0x0, 3653968, PROT_READ|PROT_EXEC, MAP_PRIVATE|MAP_DENYWRITE, 3, 0
0x7f46bdfb7000
SYSCALL
analyzed_bin
mprotect
108
0x7f46be133000, 2093056, PROT_NONE
0
SYSCALL
analyzed_bin
mmap2
108
0x7f46be332000, 8192, PROT_READ|PROT_WRITE, MAP_PRIVATE|MAP_FIXED|MAP_DENYWRITE, 3, 1552384
0x7f46be332000
SYSCALL
analyzed_bin
close
108
3
0
OPENFILE
"/lib64/libpthread.so.0"
SYSCALL
analyzed_bin
openat
108
AT_FDCWD, "/lib64/libpthread.so.0", O_RDONLY|O_CLOEXEC
3
SYSCALL
analyzed_bin
read
108
3, 0x7fffa32754e8, 832
832
SYSCALL
analyzed_bin
fstat
108
3, 0x7fffa3275380
0
SYSCALL
analyzed_bin
mmap2
108
0x0, 2221216, PROT_READ|PROT_EXEC, MAP_PRIVATE|MAP_DENYWRITE, 3, 0
0x7f46bdd98000
SYSCALL
analyzed_bin
mprotect
108
0x7f46bddb2000, 2093056, PROT_NONE
0
SYSCALL
analyzed_bin
mmap2
108
0x7f46bdfb1000, 8192, PROT_READ|PROT_WRITE, MAP_PRIVATE|MAP_FIXED|MAP_DENYWRITE, 3, 102400
0x7f46bdfb1000
SYSCALL
analyzed_bin
mmap2
108
0x7f46bdfb3000, 13472, PROT_READ|PROT_WRITE, MAP_PRIVATE|MAP_FIXED|MAP_ANONYMOUS, -1, 0
0x7f46bdfb3000
SYSCALL
analyzed_bin
close
108
3
0
OPENFILE
"/lib64/libc.so.6"
SYSCALL
analyzed_bin
openat
108
AT_FDCWD, "/lib64/libc.so.6", O_RDONLY|O_CLOEXEC
3
SYSCALL
analyzed_bin
read
108
3, 0x7fffa32754b8, 832
832
SYSCALL
analyzed_bin
fstat
108
3, 0x7fffa3275350
0
SYSCALL
analyzed_bin
mmap2
108
0x0, 3885056, PROT_READ|PROT_EXEC, MAP_PRIVATE|MAP_DENYWRITE, 3, 0
0x7f46bd9e3000
SYSCALL
analyzed_bin
mprotect
108
0x7f46bdb8f000, 2093056, PROT_NONE
0
SYSCALL
analyzed_bin
mmap2
108
0x7f46bdd8e000, 24576, PROT_READ|PROT_WRITE, MAP_PRIVATE|MAP_FIXED|MAP_DENYWRITE, 3, 1748992
0x7f46bdd8e000
SYSCALL
analyzed_bin
mmap2
108
0x7f46bdd94000, 14336, PROT_READ|PROT_WRITE, MAP_PRIVATE|MAP_FIXED|MAP_ANONYMOUS, -1, 0
0x7f46bdd94000
SYSCALL
analyzed_bin
close
108
3
0
SYSCALL
analyzed_bin
mmap2
108
0x0, 12288, PROT_READ|PROT_WRITE, MAP_PRIVATE|MAP_ANONYMOUS, -1, 0
0x7f46be555000
SYSCALL
analyzed_bin
arch_prctl
108
ARCH_SET_FS, 139941817702272
0
SYSCALL
analyzed_bin
mprotect
108
0x7f46bdd8e000, 16384, PROT_READ
0
SYSCALL
analyzed_bin
mprotect
108
0x7f46bdfb1000, 4096, PROT_READ
0
SYSCALL
analyzed_bin
mprotect
108
0x7f46be332000, 4096, PROT_READ
0
SYSCALL
analyzed_bin
mprotect
108
0x55c2546f4000, 294912, PROT_READ
0
SYSCALL
analyzed_bin
mprotect
108
0x7f46be55a000, 4096, PROT_READ
0
SYSCALL
analyzed_bin
set_tid_address
108
0x7f46be555a50
108
SYSCALL
analyzed_bin
set_robust_list
108
0x7f46be555a60, 24
0
SYSCALL
analyzed_bin
rt_sigaction
108
0x20, {0x7f46bdd9e2e0, SA_SIGINFO|SA_RESTORER, 0x7f46bdda9fe0, [EMPTY]}, 0x0, 8
0
SYSCALL
analyzed_bin
rt_sigaction
108
0x21, {0x7f46bdd9e380, SA_RESTART|SA_SIGINFO|SA_RESTORER, 0x7f46bdda9fe0, [EMPTY]}, 0x0, 8
0
SYSCALL
analyzed_bin
rt_sigprocmask
108
SIG_UNBLOCK, [EMPTY], 0x0, 8
0
SYSCALL
analyzed_bin
prlimit64
108
0, RLIMIT_STACK, NULL, 0x7fffa32760d0
0
OPENFILE
0x55c2543824d7
SYSCALL
analyzed_bin
openat
108
AT_FDCWD, 0x55c2543824d7, O_RDONLY|O_NOCTTY|O_CLOEXEC
3
SYSCALL
analyzed_bin
read
108
3, 0x55c2547abb40, 32
32
SYSCALL
analyzed_bin
close
108
3
0
SYSCALL
analyzed_bin
futex
108
0x55c2547b1584, FUTEX_WAKE_PRIVATE, 2147483647
0
SYSCALL
analyzed_bin
futex
108
0x55c2547b1590, FUTEX_WAKE_PRIVATE, 2147483647
0
SYSCALL
analyzed_bin
brk
108
0x0
94293129383936
SYSCALL
analyzed_bin
brk
108
0x55c2547d6000
94293129519104
OPENFILE
0x7f46bdb60110
SYSCALL
analyzed_bin
openat
108
AT_FDCWD, 0x7f46bdb60110, O_RDONLY|O_CLOEXEC
3
SYSCALL
analyzed_bin
read
108
3, 0x7fffa3273fa0, 8192
2
SYSCALL
analyzed_bin
close
108
3
0
SYSCALL
analyzed_bin
mmap2
108
0x0, 204800, PROT_READ|PROT_WRITE, MAP_PRIVATE|MAP_ANONYMOUS, -1, 0
0x7f46be523000
SYSCALL
analyzed_bin
brk
108
0x55c2547f7000
94293129654272
SYSCALL
analyzed_bin
mmap2
108
0x0, 155648, PROT_READ|PROT_WRITE, MAP_PRIVATE|MAP_ANONYMOUS, -1, 0
0x7f46be4fd000
SYSCALL
analyzed_bin
brk
108
0x55c25481e000
94293129814016
SYSCALL
analyzed_bin
mlock
108
0x55c2547ab000, 4096
0
OPENFILE
"/etc/localtime"
SYSCALL
analyzed_bin
openat
108
AT_FDCWD, "/etc/localtime", O_RDONLY|O_CLOEXEC
3
SYSCALL
analyzed_bin
fstat
108
3, 0x7fffa3274930
0
SYSCALL
analyzed_bin
fstat
108
3, 0x7fffa3274770
0
SYSCALL
analyzed_bin
read
108
3, 0x55c25481af20, 1024
127
SYSCALL
analyzed_bin
lseek
108
3, -71, SEEK_CUR
56
SYSCALL
analyzed_bin
read
108
3, 0x55c25481af20, 1024
71
SYSCALL
analyzed_bin
close
108
3
0
SYSCALL
analyzed_bin
futex
108
0x55c2547aede0, FUTEX_WAKE_PRIVATE, 2147483647
0
SYSCALL
analyzed_bin
futex
108
0x55c2547aedd4, FUTEX_WAKE_PRIVATE, 2147483647
0
SYSCALL
analyzed_bin
futex
108
0x55c2547aedcc, FUTEX_WAKE_PRIVATE, 2147483647
0
SYSCALL
analyzed_bin
futex
108
0x55c2547aee78, FUTEX_WAKE_PRIVATE, 2147483647
0
SYSCALL
analyzed_bin
brk
108
0x55c25483f000
94293129949184
SYSCALL
analyzed_bin
futex
108
0x55c2547aedb8, FUTEX_WAKE_PRIVATE, 2147483647
0
SYSCALL
analyzed_bin
futex
108
0x55c2547aedb0, FUTEX_WAKE_PRIVATE, 2147483647
0
SYSCALL
analyzed_bin
futex
108
0x55c2547ac2d4, FUTEX_WAKE_PRIVATE, 2147483647
0
SYSCALL
analyzed_bin
futex
108
0x55c2547aec84, FUTEX_WAKE_PRIVATE, 2147483647
0
SYSCALL
analyzed_bin
futex
108
0x55c2547aec5c, FUTEX_WAKE_PRIVATE, 2147483647
0
SYSCALL
analyzed_bin
futex
108
0x55c2547aec50, FUTEX_WAKE_PRIVATE, 2147483647
0
SYSCALL
analyzed_bin
futex
108
0x55c2547aedc4, FUTEX_WAKE_PRIVATE, 2147483647
0
SYSCALL
analyzed_bin
futex
108
0x55c2547aed80, FUTEX_WAKE_PRIVATE, 2147483647
0
SYSCALL
analyzed_bin
futex
108
0x55c2547aed78, FUTEX_WAKE_PRIVATE, 2147483647
0
OPENFILE
"/home/ubuntu/build/monero/contrib/depends/x86_64-linux-gnu/etc/openssl/openssl.cnf"
SYSCALL
analyzed_bin
openat
108
AT_FDCWD, "/home/ubuntu/build/monero/contrib/depends/x86_64-linux-gnu/etc/openssl/openssl.cnf", O_RDONLY
-2 (ENOENT)
SYSCALL
analyzed_bin
futex
108
0x55c2547aeda8, FUTEX_WAKE_PRIVATE, 2147483647
0
SYSCALL
analyzed_bin
futex
108
0x55c2547ac120, FUTEX_WAKE_PRIVATE, 2147483647
0
SYSCALL
analyzed_bin
sysinfo
108
{uptime=140735930652480, loads=[94293120835712, 94293129347392, 94293125031168], totalram=140735930652200, freeram=139941805921906, sharedram=94293128928320, bufferram=94293128928400, totalswap=0, freeswap=0, procs=48}
0
SYSCALL
analyzed_bin
futex
108
0x55c2547ac208, FUTEX_WAKE_PRIVATE, 2147483647
0
SYSCALL
analyzed_bin
getpid
108

108
SYSCALL
analyzed_bin
mmap2
108
0x0, 266240, PROT_READ|PROT_WRITE, MAP_PRIVATE|MAP_ANONYMOUS, -1, 0
0x7f46be4bc000
SYSCALL
analyzed_bin
socketpair
108
PF_LOCAL, SOCK_STREAM, 0, 0x7fffa32757f0
0
SYSCALL
analyzed_bin
fcntl
108
3, F_GETFL, 0x0
2
SYSCALL
analyzed_bin
fcntl
108
3, F_SETFL, 0x802
0
SYSCALL
analyzed_bin
fcntl
108
4, F_GETFL, 0x1
2
SYSCALL
analyzed_bin
fcntl
108
4, F_SETFL, 0x802
0
SYSCALL
analyzed_bin
socketpair
108
PF_LOCAL, SOCK_STREAM, 0, 0x7fffa32757f0
0
SYSCALL
analyzed_bin
fcntl
108
5, F_GETFL, 0x0
2
SYSCALL
analyzed_bin
fcntl
108
5, F_SETFL, 0x802
0
SYSCALL
analyzed_bin
fcntl
108
6, F_GETFL, 0x1
2
SYSCALL
analyzed_bin
fcntl
108
6, F_SETFL, 0x802
0
SYSCALL
analyzed_bin
brk
108
0x55c254865000
94293130104832
SYSCALL
analyzed_bin
brk
108
0x55c254886000
94293130240000
SYSCALL
analyzed_bin
brk
108
0x55c2548a8000
94293130379264
SYSCALL
analyzed_bin
brk
108
0x55c2548c9000
94293130514432
SYSCALL
analyzed_bin
brk
108
0x55c2548ea000
94293130649600
SYSCALL
analyzed_bin
brk
108
0x55c25490b000
94293130784768
SYSCALL
analyzed_bin
brk
108
0x55c25492c000
94293130919936
SYSCALL
analyzed_bin
brk
108
0x55c254953000
94293131079680
SYSCALL
analyzed_bin
close
108
3
0
SYSCALL
analyzed_bin
close
108
4
0
SYSCALL
analyzed_bin
close
108
5
0
SYSCALL
analyzed_bin
close
108
6
0
SYSCALL
analyzed_bin
munmap
108
0x7f46be4bc000, 266240
0
SYSCALL
analyzed_bin
stat
108
"/root/", 0x7fffa3275180
0
OPENFILE
"/root/analyzed_bin.log"
SYSCALL
analyzed_bin
openat
108
AT_FDCWD, "/root/analyzed_bin.log", O_WRONLY|O_CREAT|O_APPEND, 0666
3
SYSCALL
analyzed_bin
lseek
108
3, 0, SEEK_END
0
SYSCALL
analyzed_bin
stat
108
"/root/", 0x7fffa3275180
0
SYSCALL
analyzed_bin
stat
108
"/root/", 0x7fffa3275180
0
SYSCALL
analyzed_bin
stat
108
"/root/", 0x7fffa3275180
0
SYSCALL
analyzed_bin
stat
108
"/root/", 0x7fffa3275180
0
SYSCALL
analyzed_bin
stat
108
"/root/", 0x7fffa3275180
0
SYSCALL
analyzed_bin
stat
108
"/root/", 0x7fffa3275180
0
SYSCALL
analyzed_bin
lseek
108
3, 0, SEEK_CUR
0
SYSCALL
analyzed_bin
lseek
108
3, 0, SEEK_CUR
0
SYSCALL
analyzed_bin
lseek
108
3, 0, SEEK_CUR
0
SYSCALL
analyzed_bin
lseek
108
3, 0, SEEK_CUR
0
SYSCALL
analyzed_bin
lseek
108
3, 0, SEEK_CUR
0
SYSCALL
analyzed_bin
lseek
108
3, 0, SEEK_CUR
0
SYSCALL
analyzed_bin
lseek
108
3, 0, SEEK_CUR
0
SYSCALL
analyzed_bin
stat
108
"/root/", 0x7fffa3275180
0
SYSCALL
analyzed_bin
stat
108
"/root/", 0x7fffa3275180
0
SYSCALL
analyzed_bin
stat
108
"/root/", 0x7fffa3275180
0
SYSCALL
analyzed_bin
stat
108
"/root/", 0x7fffa3275180
0
SYSCALL
analyzed_bin
stat
108
"/root/", 0x7fffa3275180
0
SYSCALL
analyzed_bin
stat
108
"/root/", 0x7fffa3275180
0
SYSCALL
analyzed_bin
stat
108
"/root/", 0x7fffa3275180
0
SYSCALL
analyzed_bin
lseek
108
3, 0, SEEK_CUR
0
SYSCALL
analyzed_bin
lseek
108
3, 0, SEEK_CUR
0
SYSCALL
analyzed_bin
lseek
108
3, 0, SEEK_CUR
0
SYSCALL
analyzed_bin
lseek
108
3, 0, SEEK_CUR
0
SYSCALL
analyzed_bin
lseek
108
3, 0, SEEK_CUR
0
SYSCALL
analyzed_bin
lseek
108
3, 0, SEEK_CUR
0
SYSCALL
analyzed_bin
lseek
108
3, 0, SEEK_CUR
0
SYSCALL
analyzed_bin
lseek
108
3, 0, SEEK_CUR
0
SYSCALL
analyzed_bin
write
108
3, "2022-07-14 08:42:22.592\t    7f46be555780\tIN"..., 311
311
SYSCALL
analyzed_bin
lseek
108
3, 0, SEEK_CUR
311
SYSCALL
analyzed_bin
lseek
108
3, 0, SEEK_CUR
311
SYSCALL
analyzed_bin
write
108
3, "2022-07-14 08:42:22.595\t    7f46be555780\tIN"..., 323
323
SYSCALL
analyzed_bin
lseek
108
3, 0, SEEK_CUR
634
SYSCALL
analyzed_bin
stat
108
"/root/", 0x7fffa3275080
0
SYSCALL
analyzed_bin
stat
108
"/root/", 0x7fffa3275080
0
SYSCALL
analyzed_bin
stat
108
"/root/", 0x7fffa3275080
0
SYSCALL
analyzed_bin
stat
108
"/root/", 0x7fffa3275080
0
SYSCALL
analyzed_bin
stat
108
"/root/", 0x7fffa3275080
0
SYSCALL
analyzed_bin
stat
108
"/root/", 0x7fffa3275080
0
SYSCALL
analyzed_bin
stat
108
"/root/", 0x7fffa3275080
0
SYSCALL
analyzed_bin
lseek
108
3, 0, SEEK_CUR
634
SYSCALL
analyzed_bin
lseek
108
3, 0, SEEK_CUR
634
SYSCALL
analyzed_bin
lseek
108
3, 0, SEEK_CUR
634
SYSCALL
analyzed_bin
lseek
108
3, 0, SEEK_CUR
634
SYSCALL
analyzed_bin
lseek
108
3, 0, SEEK_CUR
634
SYSCALL
analyzed_bin
lseek
108
3, 0, SEEK_CUR
634
SYSCALL
analyzed_bin
lseek
108
3, 0, SEEK_CUR
634
SYSCALL
analyzed_bin
lseek
108
3, 0, SEEK_CUR
634
SYSCALL
analyzed_bin
write
108
3, "2022-07-14 08:42:22.600\t    7f46be555780\tWA"..., 118
118
SYSCALL
analyzed_bin
lseek
108
3, 0, SEEK_CUR
752
SYSCALL
analyzed_bin
fstat
108
1, 0x7fffa3275100
0
SYSCALL
analyzed_bin
write
108
1, "2022-07-14 08:42:22.600\tW Starting...\n", 38
38
SYSCALL
analyzed_bin
lseek
108
3, 0, SEEK_CUR
752
SYSCALL
analyzed_bin
write
108
3, "2022-07-14 08:42:22.602\t    7f46be555780\tWA"..., 152
152
SYSCALL
analyzed_bin
lseek
108
3, 0, SEEK_CUR
904
SYSCALL
analyzed_bin
write
108
1, "2022-07-14 08:42:22.602\tW Initializing sourc"..., 72
72
SYSCALL
analyzed_bin
mmap2
108
0x0, 1601536, PROT_READ|PROT_WRITE, MAP_PRIVATE|MAP_ANONYMOUS, -1, 0
0x7f46be376000
SYSCALL
analyzed_bin
lseek
108
3, 0, SEEK_CUR
904
SYSCALL
analyzed_bin
write
108
3, "2022-07-14 08:42:22.609\t    7f46be555780\tWA"..., 121
121
SYSCALL
analyzed_bin
lseek
108
3, 0, SEEK_CUR
1025
SYSCALL
analyzed_bin
write
108
1, "2022-07-14 08:42:22.609\tW database: LMDB\n", 41
41
SYSCALL
analyzed_bin
lseek
108
3, 0, SEEK_CUR
1025
SYSCALL
analyzed_bin
write
108
3, "2022-07-14 08:42:22.611\t    7f46be555780\tWA"..., 142
142
SYSCALL
analyzed_bin
lseek
108
3, 0, SEEK_CUR
1167
SYSCALL
analyzed_bin
write
108
1, "2022-07-14 08:42:22.611\tW Loading blockchain"..., 62
62
SYSCALL
analyzed_bin
stat
108
"", 0x7fffa3275570
-2 (ENOENT)
SYSCALL
analyzed_bin
futex
108
0x55c2547b4270, FUTEX_WAKE_PRIVATE, 2147483647
0
SYSCALL
analyzed_bin
lseek
108
3, 0, SEEK_CUR
1167
SYSCALL
analyzed_bin
write
108
3, "2022-07-14 08:42:22.622\t    7f46be555780\tWA"..., 186
186
SYSCALL
analyzed_bin
lseek
108
3, 0, SEEK_CUR
1353
SYSCALL
analyzed_bin
write
108
1, "2022-07-14 08:42:22.622\tW Error opening data"..., 106
106
SYSCALL
analyzed_bin
munmap
108
0x7f46be376000, 1601536
0
SYSCALL
analyzed_bin
munlock
108
0x55c2547ab000, 4096
0
SYSCALL
analyzed_bin
munmap
108
0x7f46be4fd000, 155648
0
SYSCALL
analyzed_bin
munmap
108
0x7f46be523000, 204800
0
SYSCALL
analyzed_bin
exit_group
108
1

