LISA
PROCESS
108:105
SYSCALL
analyzed_bin
execve
108

0
SYSCALL
analyzed_bin
arch_prctl
108
ARCH_SET_FS, 139883929518456
0
SYSCALL
analyzed_bin
set_tid_address
108
0x7f3943edc1b0
108
SYSCALL
analyzed_bin
brk
108
0x0
139883929522176
SYSCALL
analyzed_bin
brk
108
0x7f3943ede000
139883929526272
SYSCALL
analyzed_bin
brk
108
0x7f3943ef0000
139883929600000
SYSCALL
analyzed_bin
brk
108
0x7f3943ef1000
139883929604096
SYSCALL
analyzed_bin
brk
108
0x7f3943ef2000
139883929608192
SYSCALL
analyzed_bin
brk
108
0x7f3943ef3000
139883929612288
SYSCALL
analyzed_bin
brk
108
0x7f3943ef4000
139883929616384
SYSCALL
analyzed_bin
brk
108
0x7f3943ef5000
139883929620480
SYSCALL
analyzed_bin
brk
108
0x7f3943ef6000
139883929624576
SYSCALL
analyzed_bin
brk
108
0x7f3943ef7000
139883929628672
SYSCALL
analyzed_bin
brk
108
0x7f3943ef8000
139883929632768
SYSCALL
analyzed_bin
brk
108
0x7f3943ef9000
139883929636864
SYSCALL
analyzed_bin
brk
108
0x7f3943efa000
139883929640960
SYSCALL
analyzed_bin
brk
108
0x7f3943efb000
139883929645056
SYSCALL
analyzed_bin
brk
108
0x7f3943efc000
139883929649152
SYSCALL
analyzed_bin
brk
108
0x7f3943efd000
139883929653248
SYSCALL
analyzed_bin
brk
108
0x7f3943efe000
139883929657344
SYSCALL
analyzed_bin
brk
108
0x7f3943eff000
139883929661440
SYSCALL
analyzed_bin
brk
108
0x7f3943f00000
139883929665536
SYSCALL
analyzed_bin
brk
108
0x7f3943f02000
139883929673728
SYSCALL
analyzed_bin
brk
108
0x7f3943f03000
139883929677824
SYSCALL
analyzed_bin
brk
108
0x7f3943f04000
139883929681920
SYSCALL
analyzed_bin
brk
108
0x7f3943f05000
139883929686016
SYSCALL
analyzed_bin
brk
108
0x7f3943f06000
139883929690112
SYSCALL
analyzed_bin
brk
108
0x7f3943f07000
139883929694208
SYSCALL
analyzed_bin
brk
108
0x7f3943f08000
139883929698304
SYSCALL
analyzed_bin
brk
108
0x7f3943f09000
139883929702400
SYSCALL
analyzed_bin
brk
108
0x7f3943f0c000
139883929714688
SYSCALL
analyzed_bin
brk
108
0x7f3943f0d000
139883929718784
SYSCALL
analyzed_bin
brk
108
0x7f3943f0e000
139883929722880
SYSCALL
analyzed_bin
brk
108
0x7f3943f0f000
139883929726976
SYSCALL
analyzed_bin
brk
108
0x7f3943f10000
139883929731072
SYSCALL
analyzed_bin
brk
108
0x7f3943f11000
139883929735168
SYSCALL
analyzed_bin
brk
108
0x7f3943f12000
139883929739264
SYSCALL
analyzed_bin
brk
108
0x7f3943f13000
139883929743360
SYSCALL
analyzed_bin
brk
108
0x7f3943f14000
139883929747456
SYSCALL
analyzed_bin
brk
108
0x7f3943f15000
139883929751552
SYSCALL
analyzed_bin
brk
108
0x7f3943f16000
139883929755648
SYSCALL
analyzed_bin
brk
108
0x7f3943f17000
139883929759744
SYSCALL
analyzed_bin
brk
108
0x7f3943f18000
139883929763840
SYSCALL
analyzed_bin
brk
108
0x7f3943f19000
139883929767936
SYSCALL
analyzed_bin
brk
108
0x7f3943f1a000
139883929772032
SYSCALL
analyzed_bin
brk
108
0x7f3943f1f000
139883929792512
SYSCALL
analyzed_bin
brk
108
0x7f3943f20000
139883929796608
SYSCALL
analyzed_bin
brk
108
0x7f3943f21000
139883929800704
SYSCALL
analyzed_bin
getuid
108

0
SYSCALL
analyzed_bin
geteuid
108

0
SYSCALL
analyzed_bin
getgid
108

0
SYSCALL
analyzed_bin
getegid
108

0
OPENFILE
"/usr/local/ssl/openssl.cnf"
SYSCALL
analyzed_bin
open
108
"/usr/local/ssl/openssl.cnf", O_RDONLY
-2 (ENOENT)
SYSCALL
analyzed_bin
brk
108
0x7f3943f22000
139883929804800
SYSCALL
analyzed_bin
brk
108
0x7f3943f23000
139883929808896
SYSCALL
analyzed_bin
brk
108
0x7f3943f24000
139883929812992
SYSCALL
analyzed_bin
brk
108
0x7f3943f25000
139883929817088
SYSCALL
analyzed_bin
brk
108
0x7f3943f26000
139883929821184
SYSCALL
analyzed_bin
brk
108
0x7f3943f27000
139883929825280
SYSCALL
analyzed_bin
brk
108
0x7f3943f28000
139883929829376
SYSCALL
analyzed_bin
brk
108
0x7f3943f29000
139883929833472
SYSCALL
analyzed_bin
brk
108
0x7f3943f2a000
139883929837568
SYSCALL
analyzed_bin
brk
108
0x7f3943f2b000
139883929841664
SYSCALL
analyzed_bin
brk
108
0x7f3943f2c000
139883929845760
SYSCALL
analyzed_bin
brk
108
0x7f3943f2d000
139883929849856
SYSCALL
analyzed_bin
brk
108
0x7f3943f2e000
139883929853952
OPENFILE
"config.txt"
SYSCALL
analyzed_bin
open
108
"config.txt", O_RDONLY
-2 (ENOENT)
OPENFILE
"pools.txt"
SYSCALL
analyzed_bin
open
108
"pools.txt", O_RDONLY
-2 (ENOENT)
SYSCALL
analyzed_bin
brk
108
0x7f3943f30000
139883929862144
SYSCALL
analyzed_bin
brk
108
0x7f3943f32000
139883929870336
SYSCALL
analyzed_bin
writev
108
1, 0x7fff0e579f40, 2
32
SYSCALL
analyzed_bin
readv
108
0, 0x7fff0e579f20, 2
0
SYSCALL
analyzed_bin
brk
108
0x7f3943f34000
139883929878528
SYSCALL
analyzed_bin
brk
108
0x7f3943f38000
139883929894912
SYSCALL
analyzed_bin
brk
108
0x7f3943f3c000
139883929911296
OPENFILE
"config.txt"
SYSCALL
analyzed_bin
open
108
"config.txt", O_WRONLY|O_CREAT|O_TRUNC, 0666
3
SYSCALL
analyzed_bin
ioctl
108
3, 21523, 0x7fff0e579d98
-25 (ENOTTY)
SYSCALL
analyzed_bin
writev
108
3, 0x7fff0e579d00, 2
6726
SYSCALL
analyzed_bin
close
108
3
0
SYSCALL
analyzed_bin
writev
108
1, 0x7fff0e57a030, 2
42
SYSCALL
analyzed_bin
writev
108
1, 0x7fff0e579cc0, 2
14
SYSCALL
analyzed_bin
writev
108
1, 0x7fff0e579cd0, 2
52
SYSCALL
analyzed_bin
writev
108
1, 0x7fff0e579cd0, 2
98
SYSCALL
analyzed_bin
writev
108
1, 0x7fff0e579cd0, 2
52
SYSCALL
analyzed_bin
writev
108
1, 0x7fff0e579cd0, 2
98
SYSCALL
analyzed_bin
writev
108
1, 0x7fff0e579cd0, 2
52
SYSCALL
analyzed_bin
writev
108
1, 0x7fff0e579cd0, 2
98
SYSCALL
analyzed_bin
writev
108
1, 0x7fff0e579cd0, 2
52
SYSCALL
analyzed_bin
writev
108
1, 0x7fff0e579cd0, 2
98
SYSCALL
analyzed_bin
writev
108
1, 0x7fff0e579cd0, 2
52
SYSCALL
analyzed_bin
writev
108
1, 0x7fff0e579cd0, 2
98
SYSCALL
analyzed_bin
writev
108
1, 0x7fff0e579cd0, 2
52
SYSCALL
analyzed_bin
writev
108
1, 0x7fff0e579cd0, 2
98
SYSCALL
analyzed_bin
writev
108
1, 0x7fff0e579cd0, 2
52
SYSCALL
analyzed_bin
writev
108
1, 0x7fff0e579cd0, 2
98
SYSCALL
analyzed_bin
writev
108
1, 0x7fff0e579cd0, 2
52
SYSCALL
analyzed_bin
writev
108
1, 0x7fff0e579cd0, 2
98
SYSCALL
analyzed_bin
writev
108
1, 0x7fff0e579cd0, 2
52
SYSCALL
analyzed_bin
writev
108
1, 0x7fff0e579cd0, 2
98
SYSCALL
analyzed_bin
writev
108
1, 0x7fff0e579cd0, 2
52
SYSCALL
analyzed_bin
writev
108
1, 0x7fff0e579cd0, 2
98
SYSCALL
analyzed_bin
writev
108
1, 0x7fff0e579cd0, 2
52
SYSCALL
analyzed_bin
writev
108
1, 0x7fff0e579cd0, 2
98
SYSCALL
analyzed_bin
writev
108
1, 0x7fff0e579cd0, 2
52
SYSCALL
analyzed_bin
writev
108
1, 0x7fff0e579cd0, 2
98
SYSCALL
analyzed_bin
writev
108
1, 0x7fff0e579cd0, 2
52
SYSCALL
analyzed_bin
writev
108
1, 0x7fff0e579cd0, 2
98
SYSCALL
analyzed_bin
writev
108
1, 0x7fff0e579cd0, 2
52
SYSCALL
analyzed_bin
writev
108
1, 0x7fff0e579cd0, 2
98
SYSCALL
analyzed_bin
writev
108
1, 0x7fff0e579cd0, 2
52
SYSCALL
analyzed_bin
writev
108
1, 0x7fff0e579cd0, 2
98
SYSCALL
analyzed_bin
writev
108
1, 0x7fff0e579cd0, 2
52
SYSCALL
analyzed_bin
writev
108
1, 0x7fff0e579cd0, 2
98
SYSCALL
analyzed_bin
writev
108
1, 0x7fff0e579cd0, 2
52
SYSCALL
analyzed_bin
writev
108
1, 0x7fff0e579cd0, 2
98
SYSCALL
analyzed_bin
writev
108
1, 0x7fff0e579cd0, 2
52
SYSCALL
analyzed_bin
writev
108
1, 0x7fff0e579cd0, 2
98
SYSCALL
analyzed_bin
writev
108
1, 0x7fff0e579cd0, 2
52
SYSCALL
analyzed_bin
writev
108
1, 0x7fff0e579cd0, 2
98
SYSCALL
analyzed_bin
writev
108
1, 0x7fff0e579cd0, 2
52
SYSCALL
analyzed_bin
writev
108
1, 0x7fff0e579cd0, 2
98
SYSCALL
analyzed_bin
writev
108
1, 0x7fff0e579cd0, 2
52
SYSCALL
analyzed_bin
writev
108
1, 0x7fff0e579cd0, 2
98
SYSCALL
analyzed_bin
writev
108
1, 0x7fff0e579cd0, 2
52
SYSCALL
analyzed_bin
writev
108
1, 0x7fff0e579cd0, 2
98
SYSCALL
analyzed_bin
writev
108
1, 0x7fff0e579cd0, 2
52
SYSCALL
analyzed_bin
writev
108
1, 0x7fff0e579cd0, 2
98
SYSCALL
analyzed_bin
writev
108
1, 0x7fff0e579cd0, 2
52
SYSCALL
analyzed_bin
writev
108
1, 0x7fff0e579cd0, 2
98
SYSCALL
analyzed_bin
writev
108
1, 0x7fff0e579cd0, 2
52
SYSCALL
analyzed_bin
writev
108
1, 0x7fff0e579cd0, 2
98
SYSCALL
analyzed_bin
writev
108
1, 0x7fff0e579cd0, 2
52
SYSCALL
analyzed_bin
writev
108
1, 0x7fff0e579cd0, 2
98
SYSCALL
analyzed_bin
writev
108
1, 0x7fff0e579cd0, 2
52
SYSCALL
analyzed_bin
writev
108
1, 0x7fff0e579cd0, 2
98
SYSCALL
analyzed_bin
writev
108
1, 0x7fff0e579cd0, 2
52
SYSCALL
analyzed_bin
writev
108
1, 0x7fff0e579cd0, 2
98
SYSCALL
analyzed_bin
writev
108
1, 0x7fff0e579cd0, 2
52
SYSCALL
analyzed_bin
writev
108
1, 0x7fff0e579cd0, 2
98
SYSCALL
analyzed_bin
writev
108
1, 0x7fff0e579cd0, 2
52
SYSCALL
analyzed_bin
writev
108
1, 0x7fff0e579cd0, 2
98
SYSCALL
analyzed_bin
writev
108
1, 0x7fff0e579cd0, 2
52
SYSCALL
analyzed_bin
writev
108
1, 0x7fff0e579cd0, 2
98
SYSCALL
analyzed_bin
writev
108
1, 0x7fff0e579cd0, 2
52
SYSCALL
analyzed_bin
writev
108
1, 0x7fff0e579cd0, 2
98
SYSCALL
analyzed_bin
writev
108
1, 0x7fff0e579cd0, 2
52
SYSCALL
analyzed_bin
writev
108
1, 0x7fff0e579cd0, 2
98
SYSCALL
analyzed_bin
writev
108
1, 0x7fff0e579cd0, 2
52
SYSCALL
analyzed_bin
writev
108
1, 0x7fff0e579cd0, 2
98
SYSCALL
analyzed_bin
writev
108
1, 0x7fff0e579cd0, 2
52
SYSCALL
analyzed_bin
writev
108
1, 0x7fff0e579cd0, 2
98
SYSCALL
analyzed_bin
writev
108
1, 0x7fff0e579cd0, 2
52
SYSCALL
analyzed_bin
writev
108
1, 0x7fff0e579cd0, 2
98
SYSCALL
analyzed_bin
writev
108
1, 0x7fff0e579cd0, 2
52
SYSCALL
analyzed_bin
writev
108
1, 0x7fff0e579cd0, 2
98
SYSCALL
analyzed_bin
writev
108
1, 0x7fff0e579cd0, 2
52
SYSCALL
analyzed_bin
writev
108
1, 0x7fff0e579cd0, 2
98
SYSCALL
analyzed_bin
writev
108
1, 0x7fff0e579cd0, 2
52
SYSCALL
analyzed_bin
writev
108
1, 0x7fff0e579cd0, 2
98
SYSCALL
analyzed_bin
writev
108
1, 0x7fff0e579cd0, 2
52
SYSCALL
analyzed_bin
writev
108
1, 0x7fff0e579cd0, 2
98
SYSCALL
analyzed_bin
writev
108
1, 0x7fff0e579cd0, 2
52
SYSCALL
analyzed_bin
writev
108
1, 0x7fff0e579cd0, 2
98
SYSCALL
analyzed_bin
writev
108
1, 0x7fff0e579cd0, 2
52
SYSCALL
analyzed_bin
writev
108
1, 0x7fff0e579cd0, 2
98
SYSCALL
analyzed_bin
writev
108
1, 0x7fff0e579cd0, 2
52
SYSCALL
analyzed_bin
writev
108
1, 0x7fff0e579cd0, 2
98
SYSCALL
analyzed_bin
writev
108
1, 0x7fff0e579cd0, 2
52
SYSCALL
analyzed_bin
writev
108
1, 0x7fff0e579cd0, 2
98
SYSCALL
analyzed_bin
writev
108
1, 0x7fff0e579cd0, 2
52
SYSCALL
analyzed_bin
writev
108
1, 0x7fff0e579cd0, 2
98
SYSCALL
analyzed_bin
writev
108
1, 0x7fff0e579cd0, 2
52
SYSCALL
analyzed_bin
writev
108
1, 0x7fff0e579cd0, 2
98
SYSCALL
analyzed_bin
writev
108
1, 0x7fff0e579cd0, 2
52
SYSCALL
analyzed_bin
writev
108
1, 0x7fff0e579cd0, 2
98
SYSCALL
analyzed_bin
writev
108
1, 0x7fff0e579cd0, 2
52
SYSCALL
analyzed_bin
writev
108
1, 0x7fff0e579cd0, 2
98
SYSCALL
analyzed_bin
writev
108
1, 0x7fff0e579cd0, 2
52
SYSCALL
analyzed_bin
writev
108
1, 0x7fff0e579cd0, 2
98
SYSCALL
analyzed_bin
writev
108
1, 0x7fff0e579cd0, 2
52
SYSCALL
analyzed_bin
writev
108
1, 0x7fff0e579cd0, 2
98
SYSCALL
analyzed_bin
writev
108
1, 0x7fff0e579cd0, 2
52
SYSCALL
analyzed_bin
writev
108
1, 0x7fff0e579cd0, 2
98
SYSCALL
analyzed_bin
writev
108
1, 0x7fff0e579cd0, 2
52
SYSCALL
analyzed_bin
writev
108
1, 0x7fff0e579cd0, 2
98
SYSCALL
analyzed_bin
writev
108
1, 0x7fff0e579cd0, 2
52
SYSCALL
analyzed_bin
writev
108
1, 0x7fff0e579cd0, 2
98
SYSCALL
analyzed_bin
writev
108
1, 0x7fff0e579cd0, 2
52
SYSCALL
analyzed_bin
writev
108
1, 0x7fff0e579cd0, 2
98
SYSCALL
analyzed_bin
writev
108
1, 0x7fff0e579cd0, 2
52
SYSCALL
analyzed_bin
writev
108
1, 0x7fff0e579cd0, 2
98
SYSCALL
analyzed_bin
writev
108
1, 0x7fff0e579cd0, 2
52
SYSCALL
analyzed_bin
writev
108
1, 0x7fff0e579cd0, 2
98
SYSCALL
analyzed_bin
writev
108
1, 0x7fff0e579cd0, 2
52
SYSCALL
analyzed_bin
writev
108
1, 0x7fff0e579cd0, 2
98
SYSCALL
analyzed_bin
writev
108
1, 0x7fff0e579cd0, 2
52
SYSCALL
analyzed_bin
writev
108
1, 0x7fff0e579cd0, 2
98
SYSCALL
analyzed_bin
writev
108
1, 0x7fff0e579cd0, 2
52
SYSCALL
analyzed_bin
writev
108
1, 0x7fff0e579cd0, 2
98
SYSCALL
analyzed_bin
writev
108
1, 0x7fff0e579cd0, 2
52
SYSCALL
analyzed_bin
writev
108
1, 0x7fff0e579cd0, 2
98
SYSCALL
analyzed_bin
writev
108
1, 0x7fff0e579cd0, 2
52
SYSCALL
analyzed_bin
writev
108
1, 0x7fff0e579cd0, 2
98
SYSCALL
analyzed_bin
writev
108
1, 0x7fff0e579cd0, 2
52
SYSCALL
analyzed_bin
writev
108
1, 0x7fff0e579cd0, 2
98
SYSCALL
analyzed_bin
writev
108
1, 0x7fff0e579cd0, 2
52
SYSCALL
analyzed_bin
writev
108
1, 0x7fff0e579cd0, 2
98
SYSCALL
analyzed_bin
writev
108
1, 0x7fff0e579cd0, 2
52
SYSCALL
analyzed_bin
writev
108
1, 0x7fff0e579cd0, 2
98
SYSCALL
analyzed_bin
writev
108
1, 0x7fff0e579cd0, 2
52
SYSCALL
analyzed_bin
writev
108
1, 0x7fff0e579cd0, 2
98
SYSCALL
analyzed_bin
writev
108
1, 0x7fff0e579cd0, 2
52
SYSCALL
analyzed_bin
writev
108
1, 0x7fff0e579cd0, 2
98
SYSCALL
analyzed_bin
writev
108
1, 0x7fff0e579cd0, 2
52
SYSCALL
analyzed_bin
writev
108
1, 0x7fff0e579cd0, 2
98
SYSCALL
analyzed_bin
writev
108
1, 0x7fff0e579cd0, 2
52
SYSCALL
analyzed_bin
writev
108
1, 0x7fff0e579cd0, 2
98
SYSCALL
analyzed_bin
writev
108
1, 0x7fff0e579cd0, 2
52
SYSCALL
analyzed_bin
writev
108
1, 0x7fff0e579cd0, 2
98
SYSCALL
analyzed_bin
writev
108
1, 0x7fff0e579cd0, 2
52
SYSCALL
analyzed_bin
writev
108
1, 0x7fff0e579cd0, 2
98
SYSCALL
analyzed_bin
writev
108
1, 0x7fff0e579cd0, 2
52
SYSCALL
analyzed_bin
writev
108
1, 0x7fff0e579cd0, 2
98
SYSCALL
analyzed_bin
writev
108
1, 0x7fff0e579cd0, 2
52
SYSCALL
analyzed_bin
writev
108
1, 0x7fff0e579cd0, 2
98
SYSCALL
analyzed_bin
writev
108
1, 0x7fff0e579cd0, 2
52
SYSCALL
analyzed_bin
writev
108
1, 0x7fff0e579cd0, 2
98
SYSCALL
analyzed_bin
writev
108
1, 0x7fff0e579cd0, 2
52
SYSCALL
analyzed_bin
writev
108
1, 0x7fff0e579cd0, 2
98
SYSCALL
analyzed_bin
writev
108
1, 0x7fff0e579cd0, 2
52
SYSCALL
analyzed_bin
writev
108
1, 0x7fff0e579cd0, 2
98
SYSCALL
analyzed_bin
writev
108
1, 0x7fff0e579cd0, 2
52
SYSCALL
analyzed_bin
writev
108
1, 0x7fff0e579cd0, 2
98
SYSCALL
analyzed_bin
writev
108
1, 0x7fff0e579cd0, 2
52
SYSCALL
analyzed_bin
writev
108
1, 0x7fff0e579cd0, 2
98
SYSCALL
analyzed_bin
writev
108
1, 0x7fff0e579cd0, 2
52
SYSCALL
analyzed_bin
writev
108
1, 0x7fff0e579cd0, 2
98
SYSCALL
analyzed_bin
writev
108
1, 0x7fff0e579cd0, 2
52
SYSCALL
analyzed_bin
writev
108
1, 0x7fff0e579cd0, 2
98
SYSCALL
analyzed_bin
writev
108
1, 0x7fff0e579cd0, 2
52
SYSCALL
analyzed_bin
writev
108
1, 0x7fff0e579cd0, 2
98
SYSCALL
analyzed_bin
writev
108
1, 0x7fff0e579cd0, 2
52
SYSCALL
analyzed_bin
writev
108
1, 0x7fff0e579cd0, 2
98
SYSCALL
analyzed_bin
writev
108
1, 0x7fff0e579cd0, 2
52
SYSCALL
analyzed_bin
writev
108
1, 0x7fff0e579cd0, 2
98
SYSCALL
analyzed_bin
writev
108
1, 0x7fff0e579cd0, 2
52
SYSCALL
analyzed_bin
writev
108
1, 0x7fff0e579cd0, 2
98
SYSCALL
analyzed_bin
writev
108
1, 0x7fff0e579cd0, 2
52
SYSCALL
analyzed_bin
writev
108
1, 0x7fff0e579cd0, 2
98
SYSCALL
analyzed_bin
writev
108
1, 0x7fff0e579cd0, 2
52
SYSCALL
analyzed_bin
writev
108
1, 0x7fff0e579cd0, 2
98
SYSCALL
analyzed_bin
writev
108
1, 0x7fff0e579cd0, 2
52
SYSCALL
analyzed_bin
writev
108
1, 0x7fff0e579cd0, 2
98
SYSCALL
analyzed_bin
writev
108
1, 0x7fff0e579cd0, 2
52
SYSCALL
analyzed_bin
writev
108
1, 0x7fff0e579cd0, 2
98
SYSCALL
analyzed_bin
writev
108
1, 0x7fff0e579cd0, 2
52
SYSCALL
analyzed_bin
writev
108
1, 0x7fff0e579cd0, 2
98
SYSCALL
analyzed_bin
writev
108
1, 0x7fff0e579cd0, 2
52
SYSCALL
analyzed_bin
writev
108
1, 0x7fff0e579cd0, 2
98
SYSCALL
analyzed_bin
writev
108
1, 0x7fff0e579cd0, 2
52
SYSCALL
analyzed_bin
writev
108
1, 0x7fff0e579cd0, 2
98
SYSCALL
analyzed_bin
writev
108
1, 0x7fff0e579cd0, 2
52
SYSCALL
analyzed_bin
writev
108
1, 0x7fff0e579cd0, 2
98
SYSCALL
analyzed_bin
writev
108
1, 0x7fff0e579cd0, 2
52
SYSCALL
analyzed_bin
writev
108
1, 0x7fff0e579cd0, 2
98
SYSCALL
analyzed_bin
writev
108
1, 0x7fff0e579cd0, 2
52
SYSCALL
analyzed_bin
writev
108
1, 0x7fff0e579cd0, 2
98
SYSCALL
analyzed_bin
writev
108
1, 0x7fff0e579cd0, 2
52
SYSCALL
analyzed_bin
writev
108
1, 0x7fff0e579cd0, 2
98
SYSCALL
analyzed_bin
writev
108
1, 0x7fff0e579cd0, 2
52
SYSCALL
analyzed_bin
writev
108
1, 0x7fff0e579cd0, 2
98
SYSCALL
analyzed_bin
writev
108
1, 0x7fff0e579cd0, 2
52
SYSCALL
analyzed_bin
writev
108
1, 0x7fff0e579cd0, 2
98
SYSCALL
analyzed_bin
writev
108
1, 0x7fff0e579cd0, 2
52
SYSCALL
analyzed_bin
writev
108
1, 0x7fff0e579cd0, 2
98
SYSCALL
analyzed_bin
writev
108
1, 0x7fff0e579cd0, 2
52
SYSCALL
analyzed_bin
writev
108
1, 0x7fff0e579cd0, 2
98
SYSCALL
analyzed_bin
writev
108
1, 0x7fff0e579cd0, 2
52
SYSCALL
analyzed_bin
writev
108
1, 0x7fff0e579cd0, 2
98
SYSCALL
analyzed_bin
writev
108
1, 0x7fff0e579cd0, 2
52
SYSCALL
analyzed_bin
writev
108
1, 0x7fff0e579cd0, 2
98
SYSCALL
analyzed_bin
writev
108
1, 0x7fff0e579cd0, 2
52
SYSCALL
analyzed_bin
writev
108
1, 0x7fff0e579cd0, 2
98
SYSCALL
analyzed_bin
writev
108
1, 0x7fff0e579cd0, 2
52
SYSCALL
analyzed_bin
writev
108
1, 0x7fff0e579cd0, 2
98
SYSCALL
analyzed_bin
writev
108
1, 0x7fff0e579cd0, 2
52
SYSCALL
analyzed_bin
writev
108
1, 0x7fff0e579cd0, 2
98
SYSCALL
analyzed_bin
writev
108
1, 0x7fff0e579cd0, 2
52
SYSCALL
analyzed_bin
writev
108
1, 0x7fff0e579cd0, 2
98
SYSCALL
analyzed_bin
writev
108
1, 0x7fff0e579cd0, 2
52
SYSCALL
analyzed_bin
writev
108
1, 0x7fff0e579cd0, 2
98
SYSCALL
analyzed_bin
writev
108
1, 0x7fff0e579cd0, 2
52
SYSCALL
analyzed_bin
writev
108
1, 0x7fff0e579cd0, 2
98
SYSCALL
analyzed_bin
writev
108
1, 0x7fff0e579cd0, 2
52
SYSCALL
analyzed_bin
writev
108
1, 0x7fff0e579cd0, 2
98
SYSCALL
analyzed_bin
writev
108
1, 0x7fff0e579cd0, 2
52
SYSCALL
analyzed_bin
writev
108
1, 0x7fff0e579cd0, 2
98
SYSCALL
analyzed_bin
writev
108
1, 0x7fff0e579cd0, 2
52
SYSCALL
analyzed_bin
writev
108
1, 0x7fff0e579cd0, 2
98
SYSCALL
analyzed_bin
writev
108
1, 0x7fff0e579cd0, 2
52
SYSCALL
analyzed_bin
writev
108
1, 0x7fff0e579cd0, 2
98
SYSCALL
analyzed_bin
writev
108
1, 0x7fff0e579cd0, 2
52
SYSCALL
analyzed_bin
writev
108
1, 0x7fff0e579cd0, 2
98
SYSCALL
analyzed_bin
writev
108
1, 0x7fff0e579cd0, 2
52
SYSCALL
analyzed_bin
writev
108
1, 0x7fff0e579cd0, 2
98
SYSCALL
analyzed_bin
writev
108
1, 0x7fff0e579cd0, 2
52
SYSCALL
analyzed_bin
writev
108
1, 0x7fff0e579cd0, 2
98
SYSCALL
analyzed_bin
writev
108
1, 0x7fff0e579cd0, 2
52
SYSCALL
analyzed_bin
writev
108
1, 0x7fff0e579cd0, 2
98
SYSCALL
analyzed_bin
writev
108
1, 0x7fff0e579cd0, 2
52
SYSCALL
analyzed_bin
writev
108
1, 0x7fff0e579cd0, 2
98
SYSCALL
analyzed_bin
writev
108
1, 0x7fff0e579cd0, 2
52
SYSCALL
analyzed_bin
writev
108
1, 0x7fff0e579cd0, 2
98
SYSCALL
analyzed_bin
writev
108
1, 0x7fff0e579cd0, 2
52
SYSCALL
analyzed_bin
writev
108
1, 0x7fff0e579cd0, 2
98
SYSCALL
analyzed_bin
writev
108
1, 0x7fff0e579cd0, 2
52
SYSCALL
analyzed_bin
writev
108
1, 0x7fff0e579cd0, 2
98
SYSCALL
analyzed_bin
writev
108
1, 0x7fff0e579cd0, 2
52
SYSCALL
analyzed_bin
writev
108
1, 0x7fff0e579cd0, 2
98
SYSCALL
analyzed_bin
writev
108
1, 0x7fff0e579cd0, 2
52
SYSCALL
analyzed_bin
writev
108
1, 0x7fff0e579cd0, 2
98
SYSCALL
analyzed_bin
writev
108
1, 0x7fff0e579cd0, 2
52
SYSCALL
analyzed_bin
writev
108
1, 0x7fff0e579cd0, 2
98
SYSCALL
analyzed_bin
writev
108
1, 0x7fff0e579cd0, 2
52
SYSCALL
analyzed_bin
writev
108
1, 0x7fff0e579cd0, 2
98
SYSCALL
analyzed_bin
writev
108
1, 0x7fff0e579cd0, 2
52
SYSCALL
analyzed_bin
writev
108
1, 0x7fff0e579cd0, 2
98
SYSCALL
analyzed_bin
writev
108
1, 0x7fff0e579cd0, 2
52
SYSCALL
analyzed_bin
writev
108
1, 0x7fff0e579cd0, 2
98
SYSCALL
analyzed_bin
writev
108
1, 0x7fff0e579cd0, 2
52
SYSCALL
analyzed_bin
writev
108
1, 0x7fff0e579cd0, 2
98
SYSCALL
analyzed_bin
writev
108
1, 0x7fff0e579cd0, 2
52
SYSCALL
analyzed_bin
writev
108
1, 0x7fff0e579cd0, 2
98
SYSCALL
analyzed_bin
writev
108
1, 0x7fff0e579cd0, 2
52
SYSCALL
analyzed_bin
writev
108
1, 0x7fff0e579cd0, 2
98
SYSCALL
analyzed_bin
writev
108
1, 0x7fff0e579cd0, 2
52
SYSCALL
analyzed_bin
writev
108
1, 0x7fff0e579cd0, 2
98
SYSCALL
analyzed_bin
writev
108
1, 0x7fff0e579cd0, 2
52
SYSCALL
analyzed_bin
writev
108
1, 0x7fff0e579cd0, 2
98
SYSCALL
analyzed_bin
writev
108
1, 0x7fff0e579cd0, 2
52
SYSCALL
analyzed_bin
writev
108
1, 0x7fff0e579cd0, 2
98
SYSCALL
analyzed_bin
writev
108
1, 0x7fff0e579cd0, 2
52
SYSCALL
analyzed_bin
writev
108
1, 0x7fff0e579cd0, 2
98
SYSCALL
analyzed_bin
writev
108
1, 0x7fff0e579cd0, 2
52
SYSCALL
analyzed_bin
writev
108
1, 0x7fff0e579cd0, 2
98
SYSCALL
analyzed_bin
writev
108
1, 0x7fff0e579cd0, 2
52
SYSCALL
analyzed_bin
writev
108
1, 0x7fff0e579cd0, 2
98
SYSCALL
analyzed_bin
writev
108
1, 0x7fff0e579cd0, 2
52
SYSCALL
analyzed_bin
writev
108
1, 0x7fff0e579cd0, 2
98
SYSCALL
analyzed_bin
writev
108
1, 0x7fff0e579cd0, 2
52
SYSCALL
analyzed_bin
writev
108
1, 0x7fff0e579cd0, 2
98
SYSCALL
analyzed_bin
writev
108
1, 0x7fff0e579cd0, 2
52
SYSCALL
analyzed_bin
writev
108
1, 0x7fff0e579cd0, 2
98
SYSCALL
analyzed_bin
writev
108
1, 0x7fff0e579cd0, 2
52
SYSCALL
analyzed_bin
writev
108
1, 0x7fff0e579cd0, 2
98
SYSCALL
analyzed_bin
writev
108
1, 0x7fff0e579cd0, 2
52
SYSCALL
analyzed_bin
writev
108
1, 0x7fff0e579cd0, 2
98
SYSCALL
analyzed_bin
writev
108
1, 0x7fff0e579cd0, 2
52
SYSCALL
analyzed_bin
writev
108
1, 0x7fff0e579cd0, 2
98
SYSCALL
analyzed_bin
writev
108
1, 0x7fff0e579cd0, 2
52
SYSCALL
analyzed_bin
writev
108
1, 0x7fff0e579cd0, 2
98
SYSCALL
analyzed_bin
writev
108
1, 0x7fff0e579cd0, 2
52
SYSCALL
analyzed_bin
writev
108
1, 0x7fff0e579cd0, 2
98
SYSCALL
analyzed_bin
writev
108
1, 0x7fff0e579cd0, 2
52
SYSCALL
analyzed_bin
writev
108
1, 0x7fff0e579cd0, 2
98
SYSCALL
analyzed_bin
writev
108
1, 0x7fff0e579cd0, 2
52
SYSCALL
analyzed_bin
writev
108
1, 0x7fff0e579cd0, 2
98
SYSCALL
analyzed_bin
writev
108
1, 0x7fff0e579cd0, 2
52
SYSCALL
analyzed_bin
writev
108
1, 0x7fff0e579cd0, 2
98
SYSCALL
analyzed_bin
writev
108
1, 0x7fff0e579cd0, 2
52
SYSCALL
analyzed_bin
writev
108
1, 0x7fff0e579cd0, 2
98
SYSCALL
analyzed_bin
writev
108
1, 0x7fff0e579cd0, 2
52
SYSCALL
analyzed_bin
writev
108
1, 0x7fff0e579cd0, 2
98
SYSCALL
analyzed_bin
writev
108
1, 0x7fff0e579cd0, 2
52
SYSCALL
analyzed_bin
writev
108
1, 0x7fff0e579cd0, 2
98
SYSCALL
analyzed_bin
writev
108
1, 0x7fff0e579cd0, 2
52
SYSCALL
analyzed_bin
writev
108
1, 0x7fff0e579cd0, 2
98
SYSCALL
analyzed_bin
writev
108
1, 0x7fff0e579cd0, 2
52
SYSCALL
analyzed_bin
writev
108
1, 0x7fff0e579cd0, 2
98
SYSCALL
analyzed_bin
writev
108
1, 0x7fff0e579cd0, 2
52
SYSCALL
analyzed_bin
writev
108
1, 0x7fff0e579cd0, 2
98
SYSCALL
analyzed_bin
writev
108
1, 0x7fff0e579cd0, 2
52
SYSCALL
analyzed_bin
writev
108
1, 0x7fff0e579cd0, 2
98
SYSCALL
analyzed_bin
writev
108
1, 0x7fff0e579cd0, 2
52
SYSCALL
analyzed_bin
writev
108
1, 0x7fff0e579cd0, 2
98
SYSCALL
analyzed_bin
writev
108
1, 0x7fff0e579cd0, 2
52
SYSCALL
analyzed_bin
writev
108
1, 0x7fff0e579cd0, 2
98
SYSCALL
analyzed_bin
writev
108
1, 0x7fff0e579cd0, 2
52
SYSCALL
analyzed_bin
writev
108
1, 0x7fff0e579cd0, 2
98
SYSCALL
analyzed_bin
writev
108
1, 0x7fff0e579cd0, 2
52
SYSCALL
analyzed_bin
writev
108
1, 0x7fff0e579cd0, 2
98
SYSCALL
analyzed_bin
writev
108
1, 0x7fff0e579cd0, 2
52
SYSCALL
analyzed_bin
writev
108
1, 0x7fff0e579cd0, 2
98
SYSCALL
analyzed_bin
writev
108
1, 0x7fff0e579cd0, 2
52
SYSCALL
analyzed_bin
writev
108
1, 0x7fff0e579cd0, 2
98
SYSCALL
analyzed_bin
writev
108
1, 0x7fff0e579cd0, 2
52
SYSCALL
analyzed_bin
writev
108
1, 0x7fff0e579cd0, 2
98
SYSCALL
analyzed_bin
writev
108
1, 0x7fff0e579cd0, 2
52
SYSCALL
analyzed_bin
writev
108
1, 0x7fff0e579cd0, 2
98
SYSCALL
analyzed_bin
writev
108
1, 0x7fff0e579cd0, 2
52
SYSCALL
analyzed_bin
writev
108
1, 0x7fff0e579cd0, 2
98
SYSCALL
analyzed_bin
writev
108
1, 0x7fff0e579cd0, 2
52
SYSCALL
analyzed_bin
writev
108
1, 0x7fff0e579cd0, 2
98
SYSCALL
analyzed_bin
writev
108
1, 0x7fff0e579cd0, 2
52
SYSCALL
analyzed_bin
writev
108
1, 0x7fff0e579cd0, 2
98
SYSCALL
analyzed_bin
writev
108
1, 0x7fff0e579cd0, 2
52
SYSCALL
analyzed_bin
writev
108
1, 0x7fff0e579cd0, 2
98
SYSCALL
analyzed_bin
writev
108
1, 0x7fff0e579cd0, 2
52
SYSCALL
analyzed_bin
writev
108
1, 0x7fff0e579cd0, 2
98
SYSCALL
analyzed_bin
writev
108
1, 0x7fff0e579cd0, 2
52
SYSCALL
analyzed_bin
writev
108
1, 0x7fff0e579cd0, 2
98
SYSCALL
analyzed_bin
writev
108
1, 0x7fff0e579cd0, 2
52
SYSCALL
analyzed_bin
writev
108
1, 0x7fff0e579cd0, 2
98
SYSCALL
analyzed_bin
writev
108
1, 0x7fff0e579cd0, 2
52
SYSCALL
analyzed_bin
writev
108
1, 0x7fff0e579cd0, 2
98
SYSCALL
analyzed_bin
writev
108
1, 0x7fff0e579cd0, 2
52
SYSCALL
analyzed_bin
writev
108
1, 0x7fff0e579cd0, 2
98
SYSCALL
analyzed_bin
writev
108
1, 0x7fff0e579cd0, 2
52
SYSCALL
analyzed_bin
writev
108
1, 0x7fff0e579cd0, 2
98
SYSCALL
analyzed_bin
writev
108
1, 0x7fff0e579cd0, 2
52
SYSCALL
analyzed_bin
writev
108
1, 0x7fff0e579cd0, 2
98
SYSCALL
analyzed_bin
writev
108
1, 0x7fff0e579cd0, 2
52
SYSCALL
analyzed_bin
writev
108
1, 0x7fff0e579cd0, 2
98
SYSCALL
analyzed_bin
writev
108
1, 0x7fff0e579cd0, 2
52
SYSCALL
analyzed_bin
writev
108
1, 0x7fff0e579cd0, 2
98
SYSCALL
analyzed_bin
writev
108
1, 0x7fff0e579cd0, 2
52
SYSCALL
analyzed_bin
writev
108
1, 0x7fff0e579cd0, 2
98
SYSCALL
analyzed_bin
writev
108
1, 0x7fff0e579cd0, 2
52
SYSCALL
analyzed_bin
writev
108
1, 0x7fff0e579cd0, 2
98
SYSCALL
analyzed_bin
writev
108
1, 0x7fff0e579cd0, 2
52
SYSCALL
analyzed_bin
writev
108
1, 0x7fff0e579cd0, 2
98
SYSCALL
analyzed_bin
writev
108
1, 0x7fff0e579cd0, 2
52
SYSCALL
analyzed_bin
writev
108
1, 0x7fff0e579cd0, 2
98
SYSCALL
analyzed_bin
writev
108
1, 0x7fff0e579cd0, 2
52
SYSCALL
analyzed_bin
writev
108
1, 0x7fff0e579cd0, 2
98
SYSCALL
analyzed_bin
writev
108
1, 0x7fff0e579cd0, 2
52
SYSCALL
analyzed_bin
writev
108
1, 0x7fff0e579cd0, 2
98
SYSCALL
analyzed_bin
writev
108
1, 0x7fff0e579cd0, 2
52
SYSCALL
analyzed_bin
writev
108
1, 0x7fff0e579cd0, 2
98
SYSCALL
analyzed_bin
writev
108
1, 0x7fff0e579cd0, 2
52
SYSCALL
analyzed_bin
writev
108
1, 0x7fff0e579cd0, 2
98
SYSCALL
analyzed_bin
writev
108
1, 0x7fff0e579cd0, 2
52
SYSCALL
analyzed_bin
writev
108
1, 0x7fff0e579cd0, 2
98
SYSCALL
analyzed_bin
writev
108
1, 0x7fff0e579cd0, 2
52
SYSCALL
analyzed_bin
writev
108
1, 0x7fff0e579cd0, 2
98
SYSCALL
analyzed_bin
writev
108
1, 0x7fff0e579cd0, 2
52
SYSCALL
analyzed_bin
writev
108
1, 0x7fff0e579cd0, 2
98
SYSCALL
analyzed_bin
writev
108
1, 0x7fff0e579cd0, 2
52
SYSCALL
analyzed_bin
writev
108
1, 0x7fff0e579cd0, 2
98
SYSCALL
analyzed_bin
writev
108
1, 0x7fff0e579cd0, 2
52
SYSCALL
analyzed_bin
writev
108
1, 0x7fff0e579cd0, 2
98
SYSCALL
analyzed_bin
writev
108
1, 0x7fff0e579cd0, 2
52
SYSCALL
analyzed_bin
writev
108
1, 0x7fff0e579cd0, 2
98
SYSCALL
analyzed_bin
writev
108
1, 0x7fff0e579cd0, 2
52
SYSCALL
analyzed_bin
writev
108
1, 0x7fff0e579cd0, 2
98
SYSCALL
analyzed_bin
writev
108
1, 0x7fff0e579cd0, 2
52
SYSCALL
analyzed_bin
writev
108
1, 0x7fff0e579cd0, 2
98
SYSCALL
analyzed_bin
writev
108
1, 0x7fff0e579cd0, 2
52
SYSCALL
analyzed_bin
writev
108
1, 0x7fff0e579cd0, 2
98
SYSCALL
analyzed_bin
writev
108
1, 0x7fff0e579cd0, 2
52
SYSCALL
analyzed_bin
writev
108
1, 0x7fff0e579cd0, 2
98
SYSCALL
analyzed_bin
writev
108
1, 0x7fff0e579cd0, 2
52
SYSCALL
analyzed_bin
writev
108
1, 0x7fff0e579cd0, 2
98
SYSCALL
analyzed_bin
writev
108
1, 0x7fff0e579cd0, 2
52
SYSCALL
analyzed_bin
writev
108
1, 0x7fff0e579cd0, 2
98
SYSCALL
analyzed_bin
writev
108
1, 0x7fff0e579cd0, 2
52
SYSCALL
analyzed_bin
writev
108
1, 0x7fff0e579cd0, 2
98
SYSCALL
analyzed_bin
writev
108
1, 0x7fff0e579cd0, 2
52
SYSCALL
analyzed_bin
writev
108
1, 0x7fff0e579cd0, 2
98
SYSCALL
analyzed_bin
writev
108
1, 0x7fff0e579cd0, 2
52
SYSCALL
analyzed_bin
writev
108
1, 0x7fff0e579cd0, 2
98
SYSCALL
analyzed_bin
writev
108
1, 0x7fff0e579cd0, 2
52
SYSCALL
analyzed_bin
writev
108
1, 0x7fff0e579cd0, 2
98
SYSCALL
analyzed_bin
writev
108
1, 0x7fff0e579cd0, 2
52
SYSCALL
analyzed_bin
writev
108
1, 0x7fff0e579cd0, 2
98
SYSCALL
analyzed_bin
writev
108
1, 0x7fff0e579cd0, 2
52
SYSCALL
analyzed_bin
writev
108
1, 0x7fff0e579cd0, 2
98
SYSCALL
analyzed_bin
writev
108
1, 0x7fff0e579cd0, 2
52
SYSCALL
analyzed_bin
writev
108
1, 0x7fff0e579cd0, 2
98
SYSCALL
analyzed_bin
writev
108
1, 0x7fff0e579cd0, 2
52
SYSCALL
analyzed_bin
writev
108
1, 0x7fff0e579cd0, 2
98
SYSCALL
analyzed_bin
writev
108
1, 0x7fff0e579cd0, 2
52
SYSCALL
analyzed_bin
writev
108
1, 0x7fff0e579cd0, 2
98
SYSCALL
analyzed_bin
writev
108
1, 0x7fff0e579cd0, 2
52
SYSCALL
analyzed_bin
writev
108
1, 0x7fff0e579cd0, 2
98
SYSCALL
analyzed_bin
writev
108
1, 0x7fff0e579cd0, 2
52
SYSCALL
analyzed_bin
writev
108
1, 0x7fff0e579cd0, 2
98
SYSCALL
analyzed_bin
writev
108
1, 0x7fff0e579cd0, 2
52
SYSCALL
analyzed_bin
writev
108
1, 0x7fff0e579cd0, 2
98
SYSCALL
analyzed_bin
writev
108
1, 0x7fff0e579cd0, 2
52
SYSCALL
analyzed_bin
writev
108
1, 0x7fff0e579cd0, 2
98
SYSCALL
analyzed_bin
writev
108
1, 0x7fff0e579cd0, 2
52
SYSCALL
analyzed_bin
writev
108
1, 0x7fff0e579cd0, 2
98
SYSCALL
analyzed_bin
writev
108
1, 0x7fff0e579cd0, 2
52
SYSCALL
analyzed_bin
writev
108
1, 0x7fff0e579cd0, 2
98
SYSCALL
analyzed_bin
writev
108
1, 0x7fff0e579cd0, 2
52
SYSCALL
analyzed_bin
writev
108
1, 0x7fff0e579cd0, 2
98
SYSCALL
analyzed_bin
writev
108
1, 0x7fff0e579cd0, 2
52
SYSCALL
analyzed_bin
writev
108
1, 0x7fff0e579cd0, 2
98
SYSCALL
analyzed_bin
writev
108
1, 0x7fff0e579cd0, 2
52
SYSCALL
analyzed_bin
writev
108
1, 0x7fff0e579cd0, 2
98
SYSCALL
analyzed_bin
writev
108
1, 0x7fff0e579cd0, 2
52
SYSCALL
analyzed_bin
writev
108
1, 0x7fff0e579cd0, 2
98
SYSCALL
analyzed_bin
writev
108
1, 0x7fff0e579cd0, 2
52
SYSCALL
analyzed_bin
writev
108
1, 0x7fff0e579cd0, 2
98
SYSCALL
analyzed_bin
writev
108
1, 0x7fff0e579cd0, 2
52
SYSCALL
analyzed_bin
writev
108
1, 0x7fff0e579cd0, 2
98
SYSCALL
analyzed_bin
writev
108
1, 0x7fff0e579cd0, 2
52
SYSCALL
analyzed_bin
writev
108
1, 0x7fff0e579cd0, 2
98
SYSCALL
analyzed_bin
writev
108
1, 0x7fff0e579cd0, 2
52
SYSCALL
analyzed_bin
writev
108
1, 0x7fff0e579cd0, 2
98
SYSCALL
analyzed_bin
writev
108
1, 0x7fff0e579cd0, 2
52
SYSCALL
analyzed_bin
writev
108
1, 0x7fff0e579cd0, 2
98
SYSCALL
analyzed_bin
writev
108
1, 0x7fff0e579cd0, 2
52
SYSCALL
analyzed_bin
writev
108
1, 0x7fff0e579cd0, 2
98
SYSCALL
analyzed_bin
writev
108
1, 0x7fff0e579cd0, 2
52
SYSCALL
analyzed_bin
writev
108
1, 0x7fff0e579cd0, 2
98
SYSCALL
analyzed_bin
writev
108
1, 0x7fff0e579cd0, 2
52
SYSCALL
analyzed_bin
writev
108
1, 0x7fff0e579cd0, 2
98
SYSCALL
analyzed_bin
writev
108
1, 0x7fff0e579cd0, 2
52
SYSCALL
analyzed_bin
writev
108
1, 0x7fff0e579cd0, 2
98
SYSCALL
analyzed_bin
writev
108
1, 0x7fff0e579cd0, 2
52
SYSCALL
analyzed_bin
writev
108
1, 0x7fff0e579cd0, 2
98
SYSCALL
analyzed_bin
writev
108
1, 0x7fff0e579cd0, 2
52
SYSCALL
analyzed_bin
writev
108
1, 0x7fff0e579cd0, 2
98
SYSCALL
analyzed_bin
writev
108
1, 0x7fff0e579cd0, 2
52
SYSCALL
analyzed_bin
writev
108
1, 0x7fff0e579cd0, 2
98
SYSCALL
analyzed_bin
writev
108
1, 0x7fff0e579cd0, 2
52
SYSCALL
analyzed_bin
writev
108
1, 0x7fff0e579cd0, 2
98
SYSCALL
analyzed_bin
writev
108
1, 0x7fff0e579cd0, 2
52
SYSCALL
analyzed_bin
writev
108
1, 0x7fff0e579cd0, 2
98
SYSCALL
analyzed_bin
writev
108
1, 0x7fff0e579cd0, 2
52
SYSCALL
analyzed_bin
writev
108
1, 0x7fff0e579cd0, 2
98
SYSCALL
analyzed_bin
writev
108
1, 0x7fff0e579cd0, 2
52
SYSCALL
analyzed_bin
writev
108
1, 0x7fff0e579cd0, 2
98
SYSCALL
analyzed_bin
writev
108
1, 0x7fff0e579cd0, 2
52
SYSCALL
analyzed_bin
writev
108
1, 0x7fff0e579cd0, 2
98
SYSCALL
analyzed_bin
writev
108
1, 0x7fff0e579cd0, 2
52
SYSCALL
analyzed_bin
writev
108
1, 0x7fff0e579cd0, 2
98
SYSCALL
analyzed_bin
writev
108
1, 0x7fff0e579cd0, 2
52
SYSCALL
analyzed_bin
writev
108
1, 0x7fff0e579cd0, 2
98
SYSCALL
analyzed_bin
writev
108
1, 0x7fff0e579cd0, 2
52
SYSCALL
analyzed_bin
writev
108
1, 0x7fff0e579cd0, 2
98
SYSCALL
analyzed_bin
writev
108
1, 0x7fff0e579cd0, 2
52
SYSCALL
analyzed_bin
writev
108
1, 0x7fff0e579cd0, 2
98
SYSCALL
analyzed_bin
writev
108
1, 0x7fff0e579cd0, 2
52
SYSCALL
analyzed_bin
writev
108
1, 0x7fff0e579cd0, 2
98
SYSCALL
analyzed_bin
writev
108
1, 0x7fff0e579cd0, 2
52
SYSCALL
analyzed_bin
writev
108
1, 0x7fff0e579cd0, 2
98
SYSCALL
analyzed_bin
writev
108
1, 0x7fff0e579cd0, 2
52
SYSCALL
analyzed_bin
writev
108
1, 0x7fff0e579cd0, 2
98
SYSCALL
analyzed_bin
writev
108
1, 0x7fff0e579cd0, 2
52
SYSCALL
analyzed_bin
writev
108
1, 0x7fff0e579cd0, 2
98
SYSCALL
analyzed_bin
writev
108
1, 0x7fff0e579cd0, 2
52
SYSCALL
analyzed_bin
writev
108
1, 0x7fff0e579cd0, 2
98
SYSCALL
analyzed_bin
writev
108
1, 0x7fff0e579cd0, 2
52
SYSCALL
analyzed_bin
writev
108
1, 0x7fff0e579cd0, 2
98
SYSCALL
analyzed_bin
writev
108
1, 0x7fff0e579cd0, 2
52
SYSCALL
analyzed_bin
writev
108
1, 0x7fff0e579cd0, 2
98
SYSCALL
analyzed_bin
writev
108
1, 0x7fff0e579cd0, 2
52
SYSCALL
analyzed_bin
writev
108
1, 0x7fff0e579cd0, 2
98
SYSCALL
analyzed_bin
writev
108
1, 0x7fff0e579cd0, 2
52
SYSCALL
analyzed_bin
writev
108
1, 0x7fff0e579cd0, 2
98
SYSCALL
analyzed_bin
writev
108
1, 0x7fff0e579cd0, 2
52
SYSCALL
analyzed_bin
writev
108
1, 0x7fff0e579cd0, 2
98
SYSCALL
analyzed_bin
writev
108
1, 0x7fff0e579cd0, 2
52
SYSCALL
analyzed_bin
writev
108
1, 0x7fff0e579cd0, 2
98
SYSCALL
analyzed_bin
writev
108
1, 0x7fff0e579cd0, 2
52
SYSCALL
analyzed_bin
writev
108
1, 0x7fff0e579cd0, 2
98
SYSCALL
analyzed_bin
writev
108
1, 0x7fff0e579cd0, 2
52
SYSCALL
analyzed_bin
writev
108
1, 0x7fff0e579cd0, 2
98
SYSCALL
analyzed_bin
writev
108
1, 0x7fff0e579cd0, 2
52
SYSCALL
analyzed_bin
writev
108
1, 0x7fff0e579cd0, 2
98
SYSCALL
analyzed_bin
writev
108
1, 0x7fff0e579cd0, 2
52
SYSCALL
analyzed_bin
writev
108
1, 0x7fff0e579cd0, 2
98
SYSCALL
analyzed_bin
writev
108
1, 0x7fff0e579cd0, 2
52
SYSCALL
analyzed_bin
writev
108
1, 0x7fff0e579cd0, 2
98
SYSCALL
analyzed_bin
writev
108
1, 0x7fff0e579cd0, 2
52
SYSCALL
analyzed_bin
writev
108
1, 0x7fff0e579cd0, 2
98
SYSCALL
analyzed_bin
writev
108
1, 0x7fff0e579cd0, 2
52
SYSCALL
analyzed_bin
writev
108
1, 0x7fff0e579cd0, 2
98
SYSCALL
analyzed_bin
writev
108
1, 0x7fff0e579cd0, 2
52
SYSCALL
analyzed_bin
writev
108
1, 0x7fff0e579cd0, 2
98
SYSCALL
analyzed_bin
writev
108
1, 0x7fff0e579cd0, 2
52
SYSCALL
analyzed_bin
writev
108
1, 0x7fff0e579cd0, 2
98
SYSCALL
analyzed_bin
writev
108
1, 0x7fff0e579cd0, 2
52
SYSCALL
analyzed_bin
writev
108
1, 0x7fff0e579cd0, 2
98
SYSCALL
analyzed_bin
writev
108
1, 0x7fff0e579cd0, 2
52
SYSCALL
analyzed_bin
writev
108
1, 0x7fff0e579cd0, 2
98
SYSCALL
analyzed_bin
writev
108
1, 0x7fff0e579cd0, 2
52
SYSCALL
analyzed_bin
writev
108
1, 0x7fff0e579cd0, 2
98
SYSCALL
analyzed_bin
writev
108
1, 0x7fff0e579cd0, 2
52
SYSCALL
analyzed_bin
writev
108
1, 0x7fff0e579cd0, 2
98
SYSCALL
analyzed_bin
writev
108
1, 0x7fff0e579cd0, 2
52
SYSCALL
analyzed_bin
writev
108
1, 0x7fff0e579cd0, 2
98
SYSCALL
analyzed_bin
writev
108
1, 0x7fff0e579cd0, 2
52
SYSCALL
analyzed_bin
writev
108
1, 0x7fff0e579cd0, 2
98
SYSCALL
analyzed_bin
writev
108
1, 0x7fff0e579cd0, 2
52
SYSCALL
analyzed_bin
writev
108
1, 0x7fff0e579cd0, 2
98
SYSCALL
analyzed_bin
writev
108
1, 0x7fff0e579cd0, 2
52
SYSCALL
analyzed_bin
writev
108
1, 0x7fff0e579cd0, 2
98
SYSCALL
analyzed_bin
writev
108
1, 0x7fff0e579cd0, 2
52
SYSCALL
analyzed_bin
writev
108
1, 0x7fff0e579cd0, 2
98
SYSCALL
analyzed_bin
writev
108
1, 0x7fff0e579cd0, 2
52
SYSCALL
analyzed_bin
writev
108
1, 0x7fff0e579cd0, 2
98
SYSCALL
analyzed_bin
writev
108
1, 0x7fff0e579cd0, 2
52
SYSCALL
analyzed_bin
writev
108
1, 0x7fff0e579cd0, 2
98
SYSCALL
analyzed_bin
writev
108
1, 0x7fff0e579cd0, 2
52
SYSCALL
analyzed_bin
writev
108
1, 0x7fff0e579cd0, 2
98
SYSCALL
analyzed_bin
writev
108
1, 0x7fff0e579cd0, 2
52
SYSCALL
analyzed_bin
writev
108
1, 0x7fff0e579cd0, 2
98
SYSCALL
analyzed_bin
writev
108
1, 0x7fff0e579cd0, 2
52
SYSCALL
analyzed_bin
writev
108
1, 0x7fff0e579cd0, 2
98
SYSCALL
analyzed_bin
writev
108
1, 0x7fff0e579cd0, 2
52
SYSCALL
analyzed_bin
writev
108
1, 0x7fff0e579cd0, 2
98
SYSCALL
analyzed_bin
writev
108
1, 0x7fff0e579cd0, 2
52
SYSCALL
analyzed_bin
writev
108
1, 0x7fff0e579cd0, 2
98
SYSCALL
analyzed_bin
writev
108
1, 0x7fff0e579cd0, 2
52
SYSCALL
analyzed_bin
writev
108
1, 0x7fff0e579cd0, 2
98
SYSCALL
analyzed_bin
writev
108
1, 0x7fff0e579cd0, 2
52
SYSCALL
analyzed_bin
writev
108
1, 0x7fff0e579cd0, 2
98
SYSCALL
analyzed_bin
writev
108
1, 0x7fff0e579cd0, 2
52
SYSCALL
analyzed_bin
writev
108
1, 0x7fff0e579cd0, 2
98
SYSCALL
analyzed_bin
writev
108
1, 0x7fff0e579cd0, 2
52
SYSCALL
analyzed_bin
writev
108
1, 0x7fff0e579cd0, 2
98
SYSCALL
analyzed_bin
writev
108
1, 0x7fff0e579cd0, 2
52
SYSCALL
analyzed_bin
writev
108
1, 0x7fff0e579cd0, 2
98
SYSCALL
analyzed_bin
writev
108
1, 0x7fff0e579cd0, 2
52
SYSCALL
analyzed_bin
writev
108
1, 0x7fff0e579cd0, 2
98
SYSCALL
analyzed_bin
writev
108
1, 0x7fff0e579cd0, 2
52
SYSCALL
analyzed_bin
writev
108
1, 0x7fff0e579cd0, 2
98
SYSCALL
analyzed_bin
writev
108
1, 0x7fff0e579cd0, 2
52
SYSCALL
analyzed_bin
writev
108
1, 0x7fff0e579cd0, 2
98
SYSCALL
analyzed_bin
writev
108
1, 0x7fff0e579cd0, 2
52
SYSCALL
analyzed_bin
writev
108
1, 0x7fff0e579cd0, 2
98
SYSCALL
analyzed_bin
writev
108
1, 0x7fff0e579cd0, 2
52
SYSCALL
analyzed_bin
writev
108
1, 0x7fff0e579cd0, 2
98
SYSCALL
analyzed_bin
writev
108
1, 0x7fff0e579cd0, 2
52
SYSCALL
analyzed_bin
writev
108
1, 0x7fff0e579cd0, 2
98
SYSCALL
analyzed_bin
writev
108
1, 0x7fff0e579cd0, 2
52
SYSCALL
analyzed_bin
writev
108
1, 0x7fff0e579cd0, 2
98
SYSCALL
analyzed_bin
writev
108
1, 0x7fff0e579cd0, 2
52
SYSCALL
analyzed_bin
writev
108
1, 0x7fff0e579cd0, 2
98
SYSCALL
analyzed_bin
writev
108
1, 0x7fff0e579cd0, 2
52
SYSCALL
analyzed_bin
writev
108
1, 0x7fff0e579cd0, 2
98
SYSCALL
analyzed_bin
writev
108
1, 0x7fff0e579cd0, 2
52
SYSCALL
analyzed_bin
writev
108
1, 0x7fff0e579cd0, 2
98
SYSCALL
analyzed_bin
writev
108
1, 0x7fff0e579cd0, 2
52
SYSCALL
analyzed_bin
writev
108
1, 0x7fff0e579cd0, 2
98
SYSCALL
analyzed_bin
writev
108
1, 0x7fff0e579cd0, 2
52
SYSCALL
analyzed_bin
writev
108
1, 0x7fff0e579cd0, 2
98
SYSCALL
analyzed_bin
writev
108
1, 0x7fff0e579cd0, 2
52
SYSCALL
analyzed_bin
writev
108
1, 0x7fff0e579cd0, 2
98
SYSCALL
analyzed_bin
writev
108
1, 0x7fff0e579cd0, 2
52
SYSCALL
analyzed_bin
writev
108
1, 0x7fff0e579cd0, 2
98
SYSCALL
analyzed_bin
writev
108
1, 0x7fff0e579cd0, 2
52
SYSCALL
analyzed_bin
writev
108
1, 0x7fff0e579cd0, 2
98
SYSCALL
analyzed_bin
writev
108
1, 0x7fff0e579cd0, 2
52
SYSCALL
analyzed_bin
writev
108
1, 0x7fff0e579cd0, 2
98
SYSCALL
analyzed_bin
writev
108
1, 0x7fff0e579cd0, 2
52
SYSCALL
analyzed_bin
writev
108
1, 0x7fff0e579cd0, 2
98
SYSCALL
analyzed_bin
writev
108
1, 0x7fff0e579cd0, 2
52
SYSCALL
analyzed_bin
writev
108
1, 0x7fff0e579cd0, 2
98
SYSCALL
analyzed_bin
writev
108
1, 0x7fff0e579cd0, 2
52
SYSCALL
analyzed_bin
writev
108
1, 0x7fff0e579cd0, 2
98
SYSCALL
analyzed_bin
writev
108
1, 0x7fff0e579cd0, 2
52
SYSCALL
analyzed_bin
writev
108
1, 0x7fff0e579cd0, 2
98
SYSCALL
analyzed_bin
writev
108
1, 0x7fff0e579cd0, 2
52
SYSCALL
analyzed_bin
writev
108
1, 0x7fff0e579cd0, 2
98
SYSCALL
analyzed_bin
writev
108
1, 0x7fff0e579cd0, 2
52
SYSCALL
analyzed_bin
writev
108
1, 0x7fff0e579cd0, 2
98
SYSCALL
analyzed_bin
writev
108
1, 0x7fff0e579cd0, 2
52
SYSCALL
analyzed_bin
writev
108
1, 0x7fff0e579cd0, 2
98
SYSCALL
analyzed_bin
writev
108
1, 0x7fff0e579cd0, 2
52
SYSCALL
analyzed_bin
writev
108
1, 0x7fff0e579cd0, 2
98
SYSCALL
analyzed_bin
writev
108
1, 0x7fff0e579cd0, 2
52
SYSCALL
analyzed_bin
writev
108
1, 0x7fff0e579cd0, 2
98
SYSCALL
analyzed_bin
writev
108
1, 0x7fff0e579cd0, 2
52
SYSCALL
analyzed_bin
writev
108
1, 0x7fff0e579cd0, 2
98
SYSCALL
analyzed_bin
writev
108
1, 0x7fff0e579cd0, 2
52
SYSCALL
analyzed_bin
writev
108
1, 0x7fff0e579cd0, 2
98
SYSCALL
analyzed_bin
writev
108
1, 0x7fff0e579cd0, 2
52
SYSCALL
analyzed_bin
writev
108
1, 0x7fff0e579cd0, 2
98
SYSCALL
analyzed_bin
writev
108
1, 0x7fff0e579cd0, 2
52
SYSCALL
analyzed_bin
writev
108
1, 0x7fff0e579cd0, 2
98
SYSCALL
analyzed_bin
writev
108
1, 0x7fff0e579cd0, 2
52
SYSCALL
analyzed_bin
writev
108
1, 0x7fff0e579cd0, 2
98
SYSCALL
analyzed_bin
writev
108
1, 0x7fff0e579cd0, 2
52
SYSCALL
analyzed_bin
writev
108
1, 0x7fff0e579cd0, 2
98
SYSCALL
analyzed_bin
writev
108
1, 0x7fff0e579cd0, 2
52
SYSCALL
analyzed_bin
writev
108
1, 0x7fff0e579cd0, 2
98
SYSCALL
analyzed_bin
writev
108
1, 0x7fff0e579cd0, 2
52
SYSCALL
analyzed_bin
writev
108
1, 0x7fff0e579cd0, 2
98
SYSCALL
analyzed_bin
writev
108
1, 0x7fff0e579cd0, 2
52
SYSCALL
analyzed_bin
writev
108
1, 0x7fff0e579cd0, 2
98
SYSCALL
analyzed_bin
writev
108
1, 0x7fff0e579cd0, 2
52
SYSCALL
analyzed_bin
writev
108
1, 0x7fff0e579cd0, 2
98
SYSCALL
analyzed_bin
writev
108
1, 0x7fff0e579cd0, 2
52
SYSCALL
analyzed_bin
writev
108
1, 0x7fff0e579cd0, 2
98
SYSCALL
analyzed_bin
writev
108
1, 0x7fff0e579cd0, 2
52
SYSCALL
analyzed_bin
writev
108
1, 0x7fff0e579cd0, 2
98
SYSCALL
analyzed_bin
writev
108
1, 0x7fff0e579cd0, 2
52
SYSCALL
analyzed_bin
writev
108
1, 0x7fff0e579cd0, 2
98
SYSCALL
analyzed_bin
writev
108
1, 0x7fff0e579cd0, 2
52
SYSCALL
analyzed_bin
writev
108
1, 0x7fff0e579cd0, 2
98
SYSCALL
analyzed_bin
writev
108
1, 0x7fff0e579cd0, 2
52
SYSCALL
analyzed_bin
writev
108
1, 0x7fff0e579cd0, 2
98
SYSCALL
analyzed_bin
writev
108
1, 0x7fff0e579cd0, 2
52
SYSCALL
analyzed_bin
writev
108
1, 0x7fff0e579cd0, 2
98
SYSCALL
analyzed_bin
writev
108
1, 0x7fff0e579cd0, 2
52
SYSCALL
analyzed_bin
writev
108
1, 0x7fff0e579cd0, 2
98
SYSCALL
analyzed_bin
writev
108
1, 0x7fff0e579cd0, 2
52
SYSCALL
analyzed_bin
writev
108
1, 0x7fff0e579cd0, 2
98
SYSCALL
analyzed_bin
writev
108
1, 0x7fff0e579cd0, 2
52
SYSCALL
analyzed_bin
writev
108
1, 0x7fff0e579cd0, 2
98
SYSCALL
analyzed_bin
writev
108
1, 0x7fff0e579cd0, 2
52
SYSCALL
analyzed_bin
writev
108
1, 0x7fff0e579cd0, 2
98
SYSCALL
analyzed_bin
writev
108
1, 0x7fff0e579cd0, 2
52
SYSCALL
analyzed_bin
writev
108
1, 0x7fff0e579cd0, 2
98
SYSCALL
analyzed_bin
writev
108
1, 0x7fff0e579cd0, 2
52
SYSCALL
analyzed_bin
writev
108
1, 0x7fff0e579cd0, 2
98
SYSCALL
analyzed_bin
writev
108
1, 0x7fff0e579cd0, 2
52
SYSCALL
analyzed_bin
writev
108
1, 0x7fff0e579cd0, 2
98
SYSCALL
analyzed_bin
writev
108
1, 0x7fff0e579cd0, 2
52
SYSCALL
analyzed_bin
writev
108
1, 0x7fff0e579cd0, 2
98
SYSCALL
analyzed_bin
writev
108
1, 0x7fff0e579cd0, 2
52
SYSCALL
analyzed_bin
writev
108
1, 0x7fff0e579cd0, 2
98
SYSCALL
analyzed_bin
writev
108
1, 0x7fff0e579cd0, 2
52
SYSCALL
analyzed_bin
writev
108
1, 0x7fff0e579cd0, 2
98
SYSCALL
analyzed_bin
writev
108
1, 0x7fff0e579cd0, 2
52
SYSCALL
analyzed_bin
writev
108
1, 0x7fff0e579cd0, 2
98
SYSCALL
analyzed_bin
writev
108
1, 0x7fff0e579cd0, 2
52
SYSCALL
analyzed_bin
writev
108
1, 0x7fff0e579cd0, 2
98
SYSCALL
analyzed_bin
writev
108
1, 0x7fff0e579cd0, 2
52
SYSCALL
analyzed_bin
writev
108
1, 0x7fff0e579cd0, 2
98
SYSCALL
analyzed_bin
writev
108
1, 0x7fff0e579cd0, 2
52
SYSCALL
analyzed_bin
writev
108
1, 0x7fff0e579cd0, 2
98
SYSCALL
analyzed_bin
writev
108
1, 0x7fff0e579cd0, 2
52
SYSCALL
analyzed_bin
writev
108
1, 0x7fff0e579cd0, 2
98
SYSCALL
analyzed_bin
writev
108
1, 0x7fff0e579cd0, 2
52
SYSCALL
analyzed_bin
writev
108
1, 0x7fff0e579cd0, 2
98
SYSCALL
analyzed_bin
writev
108
1, 0x7fff0e579cd0, 2
52
SYSCALL
analyzed_bin
writev
108
1, 0x7fff0e579cd0, 2
98
SYSCALL
analyzed_bin
writev
108
1, 0x7fff0e579cd0, 2
52
SYSCALL
analyzed_bin
writev
108
1, 0x7fff0e579cd0, 2
98
SYSCALL
analyzed_bin
writev
108
1, 0x7fff0e579cd0, 2
52
SYSCALL
analyzed_bin
writev
108
1, 0x7fff0e579cd0, 2
98
SYSCALL
analyzed_bin
writev
108
1, 0x7fff0e579cd0, 2
52
SYSCALL
analyzed_bin
writev
108
1, 0x7fff0e579cd0, 2
98
SYSCALL
analyzed_bin
writev
108
1, 0x7fff0e579cd0, 2
52
SYSCALL
analyzed_bin
writev
108
1, 0x7fff0e579cd0, 2
98
SYSCALL
analyzed_bin
writev
108
1, 0x7fff0e579cd0, 2
52
SYSCALL
analyzed_bin
writev
108
1, 0x7fff0e579cd0, 2
98
SYSCALL
analyzed_bin
writev
108
1, 0x7fff0e579cd0, 2
52
SYSCALL
analyzed_bin
writev
108
1, 0x7fff0e579cd0, 2
98
SYSCALL
analyzed_bin
writev
108
1, 0x7fff0e579cd0, 2
52
SYSCALL
analyzed_bin
writev
108
1, 0x7fff0e579cd0, 2
98
SYSCALL
analyzed_bin
writev
108
1, 0x7fff0e579cd0, 2
52
SYSCALL
analyzed_bin
writev
108
1, 0x7fff0e579cd0, 2
98
SYSCALL
analyzed_bin
writev
108
1, 0x7fff0e579cd0, 2
52
SYSCALL
analyzed_bin
writev
108
1, 0x7fff0e579cd0, 2
98
SYSCALL
analyzed_bin
writev
108
1, 0x7fff0e579cd0, 2
52
SYSCALL
analyzed_bin
writev
108
1, 0x7fff0e579cd0, 2
98
SYSCALL
analyzed_bin
writev
108
1, 0x7fff0e579cd0, 2
52
SYSCALL
analyzed_bin
writev
108
1, 0x7fff0e579cd0, 2
98
SYSCALL
analyzed_bin
writev
108
1, 0x7fff0e579cd0, 2
52
SYSCALL
analyzed_bin
writev
108
1, 0x7fff0e579cd0, 2
98
SYSCALL
analyzed_bin
writev
108
1, 0x7fff0e579cd0, 2
52
SYSCALL
analyzed_bin
writev
108
1, 0x7fff0e579cd0, 2
98
SYSCALL
analyzed_bin
writev
108
1, 0x7fff0e579cd0, 2
52
SYSCALL
analyzed_bin
writev
108
1, 0x7fff0e579cd0, 2
98
SYSCALL
analyzed_bin
writev
108
1, 0x7fff0e579cd0, 2
52
SYSCALL
analyzed_bin
writev
108
1, 0x7fff0e579cd0, 2
98
SYSCALL
analyzed_bin
writev
108
1, 0x7fff0e579cd0, 2
52
SYSCALL
analyzed_bin
writev
108
1, 0x7fff0e579cd0, 2
98
SYSCALL
analyzed_bin
writev
108
1, 0x7fff0e579cd0, 2
52
SYSCALL
analyzed_bin
writev
108
1, 0x7fff0e579cd0, 2
98
SYSCALL
analyzed_bin
writev
108
1, 0x7fff0e579cd0, 2
52
SYSCALL
analyzed_bin
writev
108
1, 0x7fff0e579cd0, 2
98
SYSCALL
analyzed_bin
writev
108
1, 0x7fff0e579cd0, 2
52
SYSCALL
analyzed_bin
writev
108
1, 0x7fff0e579cd0, 2
98
SYSCALL
analyzed_bin
writev
108
1, 0x7fff0e579cd0, 2
52
SYSCALL
analyzed_bin
writev
108
1, 0x7fff0e579cd0, 2
98
SYSCALL
analyzed_bin
writev
108
1, 0x7fff0e579cd0, 2
52
SYSCALL
analyzed_bin
writev
108
1, 0x7fff0e579cd0, 2
98
SYSCALL
analyzed_bin
writev
108
1, 0x7fff0e579cd0, 2
52
SYSCALL
analyzed_bin
writev
108
1, 0x7fff0e579cd0, 2
98
SYSCALL
analyzed_bin
writev
108
1, 0x7fff0e579cd0, 2
52
SYSCALL
analyzed_bin
writev
108
1, 0x7fff0e579cd0, 2
98
SYSCALL
analyzed_bin
writev
108
1, 0x7fff0e579cd0, 2
52
SYSCALL
analyzed_bin
writev
108
1, 0x7fff0e579cd0, 2
98
SYSCALL
analyzed_bin
writev
108
1, 0x7fff0e579cd0, 2
52
SYSCALL
analyzed_bin
writev
108
1, 0x7fff0e579cd0, 2
98
SYSCALL
analyzed_bin
writev
108
1, 0x7fff0e579cd0, 2
52
SYSCALL
analyzed_bin
writev
108
1, 0x7fff0e579cd0, 2
98
SYSCALL
analyzed_bin
writev
108
1, 0x7fff0e579cd0, 2
52
SYSCALL
analyzed_bin
writev
108
1, 0x7fff0e579cd0, 2
98
SYSCALL
analyzed_bin
writev
108
1, 0x7fff0e579cd0, 2
52
SYSCALL
analyzed_bin
writev
108
1, 0x7fff0e579cd0, 2
98
SYSCALL
analyzed_bin
writev
108
1, 0x7fff0e579cd0, 2
52
SYSCALL
analyzed_bin
writev
108
1, 0x7fff0e579cd0, 2
98
SYSCALL
analyzed_bin
writev
108
1, 0x7fff0e579cd0, 2
52
SYSCALL
analyzed_bin
writev
108
1, 0x7fff0e579cd0, 2
98
SYSCALL
analyzed_bin
writev
108
1, 0x7fff0e579cd0, 2
52
SYSCALL
analyzed_bin
writev
108
1, 0x7fff0e579cd0, 2
98
SYSCALL
analyzed_bin
writev
108
1, 0x7fff0e579cd0, 2
52
SYSCALL
analyzed_bin
writev
108
1, 0x7fff0e579cd0, 2
98
SYSCALL
analyzed_bin
writev
108
1, 0x7fff0e579cd0, 2
52
SYSCALL
analyzed_bin
writev
108
1, 0x7fff0e579cd0, 2
98
SYSCALL
analyzed_bin
writev
108
1, 0x7fff0e579cd0, 2
52
SYSCALL
analyzed_bin
writev
108
1, 0x7fff0e579cd0, 2
98
SYSCALL
analyzed_bin
writev
108
1, 0x7fff0e579cd0, 2
52
SYSCALL
analyzed_bin
writev
108
1, 0x7fff0e579cd0, 2
98
SYSCALL
analyzed_bin
writev
108
1, 0x7fff0e579cd0, 2
52
SYSCALL
analyzed_bin
writev
108
1, 0x7fff0e579cd0, 2
98
SYSCALL
analyzed_bin
writev
108
1, 0x7fff0e579cd0, 2
52
SYSCALL
analyzed_bin
writev
108
1, 0x7fff0e579cd0, 2
98
SYSCALL
analyzed_bin
writev
108
1, 0x7fff0e579cd0, 2
52
SYSCALL
analyzed_bin
writev
108
1, 0x7fff0e579cd0, 2
98
SYSCALL
analyzed_bin
writev
108
1, 0x7fff0e579cd0, 2
52
SYSCALL
analyzed_bin
writev
108
1, 0x7fff0e579cd0, 2
98
SYSCALL
analyzed_bin
writev
108
1, 0x7fff0e579cd0, 2
52
SYSCALL
analyzed_bin
writev
108
1, 0x7fff0e579cd0, 2
98
SYSCALL
analyzed_bin
writev
108
1, 0x7fff0e579cd0, 2
52
SYSCALL
analyzed_bin
writev
108
1, 0x7fff0e579cd0, 2
98
SYSCALL
analyzed_bin
writev
108
1, 0x7fff0e579cd0, 2
52
SYSCALL
analyzed_bin
writev
108
1, 0x7fff0e579cd0, 2
98
SYSCALL
analyzed_bin
writev
108
1, 0x7fff0e579cd0, 2
52
SYSCALL
analyzed_bin
writev
108
1, 0x7fff0e579cd0, 2
98
SYSCALL
analyzed_bin
writev
108
1, 0x7fff0e579cd0, 2
52
SYSCALL
analyzed_bin
writev
108
1, 0x7fff0e579cd0, 2
98
SYSCALL
analyzed_bin
writev
108
1, 0x7fff0e579cd0, 2
52
SYSCALL
analyzed_bin
writev
108
1, 0x7fff0e579cd0, 2
98
SYSCALL
analyzed_bin
writev
108
1, 0x7fff0e579cd0, 2
52
SYSCALL
analyzed_bin
writev
108
1, 0x7fff0e579cd0, 2
98
SYSCALL
analyzed_bin
writev
108
1, 0x7fff0e579cd0, 2
52
SYSCALL
analyzed_bin
writev
108
1, 0x7fff0e579cd0, 2
98
SYSCALL
analyzed_bin
writev
108
1, 0x7fff0e579cd0, 2
52
SYSCALL
analyzed_bin
writev
108
1, 0x7fff0e579cd0, 2
98
SYSCALL
analyzed_bin
writev
108
1, 0x7fff0e579cd0, 2
52
SYSCALL
analyzed_bin
writev
108
1, 0x7fff0e579cd0, 2
98
SYSCALL
analyzed_bin
writev
108
1, 0x7fff0e579cd0, 2
52
SYSCALL
analyzed_bin
writev
108
1, 0x7fff0e579cd0, 2
98
SYSCALL
analyzed_bin
writev
108
1, 0x7fff0e579cd0, 2
52
SYSCALL
analyzed_bin
writev
108
1, 0x7fff0e579cd0, 2
98
SYSCALL
analyzed_bin
writev
108
1, 0x7fff0e579cd0, 2
52
SYSCALL
analyzed_bin
writev
108
1, 0x7fff0e579cd0, 2
98
SYSCALL
analyzed_bin
writev
108
1, 0x7fff0e579cd0, 2
52
SYSCALL
analyzed_bin
writev
108
1, 0x7fff0e579cd0, 2
98
SYSCALL
analyzed_bin
writev
108
1, 0x7fff0e579cd0, 2
52
SYSCALL
analyzed_bin
writev
108
1, 0x7fff0e579cd0, 2
98
SYSCALL
analyzed_bin
writev
108
1, 0x7fff0e579cd0, 2
52
SYSCALL
analyzed_bin
writev
108
1, 0x7fff0e579cd0, 2
98
SYSCALL
analyzed_bin
writev
108
1, 0x7fff0e579cd0, 2
52
SYSCALL
analyzed_bin
writev
108
1, 0x7fff0e579cd0, 2
98
SYSCALL
analyzed_bin
writev
108
1, 0x7fff0e579cd0, 2
52
SYSCALL
analyzed_bin
writev
108
1, 0x7fff0e579cd0, 2
98
SYSCALL
analyzed_bin
writev
108
1, 0x7fff0e579cd0, 2
52
SYSCALL
analyzed_bin
writev
108
1, 0x7fff0e579cd0, 2
98
SYSCALL
analyzed_bin
writev
108
1, 0x7fff0e579cd0, 2
52
SYSCALL
analyzed_bin
writev
108
1, 0x7fff0e579cd0, 2
98
SYSCALL
analyzed_bin
writev
108
1, 0x7fff0e579cd0, 2
52
SYSCALL
analyzed_bin
writev
108
1, 0x7fff0e579cd0, 2
98
SYSCALL
analyzed_bin
writev
108
1, 0x7fff0e579cd0, 2
52
SYSCALL
analyzed_bin
writev
108
1, 0x7fff0e579cd0, 2
98
SYSCALL
analyzed_bin
writev
108
1, 0x7fff0e579cd0, 2
52
SYSCALL
analyzed_bin
writev
108
1, 0x7fff0e579cd0, 2
98
SYSCALL
analyzed_bin
writev
108
1, 0x7fff0e579cd0, 2
52
SYSCALL
analyzed_bin
writev
108
1, 0x7fff0e579cd0, 2
98
SYSCALL
analyzed_bin
writev
108
1, 0x7fff0e579cd0, 2
52
SYSCALL
analyzed_bin
writev
108
1, 0x7fff0e579cd0, 2
98
SYSCALL
analyzed_bin
writev
108
1, 0x7fff0e579cd0, 2
52
SYSCALL
analyzed_bin
writev
108
1, 0x7fff0e579cd0, 2
98
SYSCALL
analyzed_bin
writev
108
1, 0x7fff0e579cd0, 2
52
SYSCALL
analyzed_bin
writev
108
1, 0x7fff0e579cd0, 2
98
SYSCALL
analyzed_bin
writev
108
1, 0x7fff0e579cd0, 2
52
SYSCALL
analyzed_bin
writev
108
1, 0x7fff0e579cd0, 2
98
SYSCALL
analyzed_bin
writev
108
1, 0x7fff0e579cd0, 2
52
SYSCALL
analyzed_bin
writev
108
1, 0x7fff0e579cd0, 2
98
SYSCALL
analyzed_bin
writev
108
1, 0x7fff0e579cd0, 2
52
SYSCALL
analyzed_bin
writev
108
1, 0x7fff0e579cd0, 2
98
SYSCALL
analyzed_bin
writev
108
1, 0x7fff0e579cd0, 2
52
SYSCALL
analyzed_bin
writev
108
1, 0x7fff0e579cd0, 2
98
SYSCALL
analyzed_bin
writev
108
1, 0x7fff0e579cd0, 2
52
SYSCALL
analyzed_bin
writev
108
1, 0x7fff0e579cd0, 2
98
SYSCALL
analyzed_bin
writev
108
1, 0x7fff0e579cd0, 2
52
SYSCALL
analyzed_bin
writev
108
1, 0x7fff0e579cd0, 2
98
SYSCALL
analyzed_bin
writev
108
1, 0x7fff0e579cd0, 2
52
SYSCALL
analyzed_bin
writev
108
1, 0x7fff0e579cd0, 2
98
SYSCALL
analyzed_bin
writev
108
1, 0x7fff0e579cd0, 2
52
SYSCALL
analyzed_bin
writev
108
1, 0x7fff0e579cd0, 2
98
SYSCALL
analyzed_bin
writev
108
1, 0x7fff0e579cd0, 2
52
SYSCALL
analyzed_bin
writev
108
1, 0x7fff0e579cd0, 2
98
SYSCALL
analyzed_bin
writev
108
1, 0x7fff0e579cd0, 2
52
SYSCALL
analyzed_bin
writev
108
1, 0x7fff0e579cd0, 2
98
SYSCALL
analyzed_bin
writev
108
1, 0x7fff0e579cd0, 2
52
SYSCALL
analyzed_bin
writev
108
1, 0x7fff0e579cd0, 2
98
SYSCALL
analyzed_bin
writev
108
1, 0x7fff0e579cd0, 2
52
SYSCALL
analyzed_bin
writev
108
1, 0x7fff0e579cd0, 2
98
SYSCALL
analyzed_bin
writev
108
1, 0x7fff0e579cd0, 2
52
SYSCALL
analyzed_bin
writev
108
1, 0x7fff0e579cd0, 2
98
SYSCALL
analyzed_bin
writev
108
1, 0x7fff0e579cd0, 2
52
SYSCALL
analyzed_bin
writev
108
1, 0x7fff0e579cd0, 2
98
SYSCALL
analyzed_bin
writev
108
1, 0x7fff0e579cd0, 2
52
SYSCALL
analyzed_bin
writev
108
1, 0x7fff0e579cd0, 2
98
SYSCALL
analyzed_bin
writev
108
1, 0x7fff0e579cd0, 2
52
SYSCALL
analyzed_bin
writev
108
1, 0x7fff0e579cd0, 2
98
SYSCALL
analyzed_bin
writev
108
1, 0x7fff0e579cd0, 2
52
SYSCALL
analyzed_bin
writev
108
1, 0x7fff0e579cd0, 2
98
SYSCALL
analyzed_bin
writev
108
1, 0x7fff0e579cd0, 2
52
SYSCALL
analyzed_bin
writev
108
1, 0x7fff0e579cd0, 2
98
SYSCALL
analyzed_bin
writev
108
1, 0x7fff0e579cd0, 2
52
SYSCALL
analyzed_bin
writev
108
1, 0x7fff0e579cd0, 2
98
SYSCALL
analyzed_bin
writev
108
1, 0x7fff0e579cd0, 2
52
SYSCALL
analyzed_bin
writev
108
1, 0x7fff0e579cd0, 2
98
SYSCALL
analyzed_bin
writev
108
1, 0x7fff0e579cd0, 2
52
SYSCALL
analyzed_bin
writev
108
1, 0x7fff0e579cd0, 2
98
SYSCALL
analyzed_bin
writev
108
1, 0x7fff0e579cd0, 2
52
SYSCALL
analyzed_bin
writev
108
1, 0x7fff0e579cd0, 2
98
SYSCALL
analyzed_bin
writev
108
1, 0x7fff0e579cd0, 2
52
SYSCALL
analyzed_bin
writev
108
1, 0x7fff0e579cd0, 2
98
SYSCALL
analyzed_bin
writev
108
1, 0x7fff0e579cd0, 2
52
SYSCALL
analyzed_bin
writev
108
1, 0x7fff0e579cd0, 2
98
SYSCALL
analyzed_bin
writev
108
1, 0x7fff0e579cd0, 2
52
SYSCALL
analyzed_bin
writev
108
1, 0x7fff0e579cd0, 2
98
SYSCALL
analyzed_bin
writev
108
1, 0x7fff0e579cd0, 2
52
SYSCALL
analyzed_bin
writev
108
1, 0x7fff0e579cd0, 2
98
SYSCALL
analyzed_bin
writev
108
1, 0x7fff0e579cd0, 2
52
SYSCALL
analyzed_bin
writev
108
1, 0x7fff0e579cd0, 2
98
SYSCALL
analyzed_bin
writev
108
1, 0x7fff0e579cd0, 2
52
SYSCALL
analyzed_bin
writev
108
1, 0x7fff0e579cd0, 2
98
SYSCALL
analyzed_bin
writev
108
1, 0x7fff0e579cd0, 2
52
SYSCALL
analyzed_bin
writev
108
1, 0x7fff0e579cd0, 2
98
SYSCALL
analyzed_bin
writev
108
1, 0x7fff0e579cd0, 2
52
SYSCALL
analyzed_bin
writev
108
1, 0x7fff0e579cd0, 2
98
SYSCALL
analyzed_bin
writev
108
1, 0x7fff0e579cd0, 2
52
SYSCALL
analyzed_bin
writev
108
1, 0x7fff0e579cd0, 2
98
SYSCALL
analyzed_bin
writev
108
1, 0x7fff0e579cd0, 2
52
SYSCALL
analyzed_bin
writev
108
1, 0x7fff0e579cd0, 2
98
SYSCALL
analyzed_bin
writev
108
1, 0x7fff0e579cd0, 2
52
SYSCALL
analyzed_bin
writev
108
1, 0x7fff0e579cd0, 2
98
SYSCALL
analyzed_bin
writev
108
1, 0x7fff0e579cd0, 2
52
SYSCALL
analyzed_bin
writev
108
1, 0x7fff0e579cd0, 2
98
SYSCALL
analyzed_bin
writev
108
1, 0x7fff0e579cd0, 2
52
SYSCALL
analyzed_bin
writev
108
1, 0x7fff0e579cd0, 2
98
SYSCALL
analyzed_bin
writev
108
1, 0x7fff0e579cd0, 2
52
SYSCALL
analyzed_bin
writev
108
1, 0x7fff0e579cd0, 2
98
SYSCALL
analyzed_bin
writev
108
1, 0x7fff0e579cd0, 2
52
SYSCALL
analyzed_bin
writev
108
1, 0x7fff0e579cd0, 2
98
SYSCALL
analyzed_bin
writev
108
1, 0x7fff0e579cd0, 2
52
SYSCALL
analyzed_bin
writev
108
1, 0x7fff0e579cd0, 2
98
SYSCALL
analyzed_bin
writev
108
1, 0x7fff0e579cd0, 2
52
SYSCALL
analyzed_bin
writev
108
1, 0x7fff0e579cd0, 2
98
SYSCALL
analyzed_bin
writev
108
1, 0x7fff0e579cd0, 2
52
SYSCALL
analyzed_bin
writev
108
1, 0x7fff0e579cd0, 2
98
SYSCALL
analyzed_bin
writev
108
1, 0x7fff0e579cd0, 2
52
SYSCALL
analyzed_bin
writev
108
1, 0x7fff0e579cd0, 2
98
SYSCALL
analyzed_bin
writev
108
1, 0x7fff0e579cd0, 2
52
SYSCALL
analyzed_bin
writev
108
1, 0x7fff0e579cd0, 2
98
SYSCALL
analyzed_bin
writev
108
1, 0x7fff0e579cd0, 2
52
SYSCALL
analyzed_bin
writev
108
1, 0x7fff0e579cd0, 2
98
SYSCALL
analyzed_bin
writev
108
1, 0x7fff0e579cd0, 2
52
SYSCALL
analyzed_bin
writev
108
1, 0x7fff0e579cd0, 2
98
SYSCALL
analyzed_bin
writev
108
1, 0x7fff0e579cd0, 2
52
SYSCALL
analyzed_bin
writev
108
1, 0x7fff0e579cd0, 2
98
SYSCALL
analyzed_bin
writev
108
1, 0x7fff0e579cd0, 2
52
SYSCALL
analyzed_bin
writev
108
1, 0x7fff0e579cd0, 2
98
SYSCALL
analyzed_bin
writev
108
1, 0x7fff0e579cd0, 2
52
SYSCALL
analyzed_bin
writev
108
1, 0x7fff0e579cd0, 2
98
SYSCALL
analyzed_bin
writev
108
1, 0x7fff0e579cd0, 2
52
SYSCALL
analyzed_bin
writev
108
1, 0x7fff0e579cd0, 2
98
SYSCALL
analyzed_bin
writev
108
1, 0x7fff0e579cd0, 2
52
SYSCALL
analyzed_bin
writev
108
1, 0x7fff0e579cd0, 2
98
SYSCALL
analyzed_bin
writev
108
1, 0x7fff0e579cd0, 2
52
SYSCALL
analyzed_bin
writev
108
1, 0x7fff0e579cd0, 2
98
SYSCALL
analyzed_bin
writev
108
1, 0x7fff0e579cd0, 2
52
SYSCALL
analyzed_bin
writev
108
1, 0x7fff0e579cd0, 2
98
SYSCALL
analyzed_bin
writev
108
1, 0x7fff0e579cd0, 2
52
SYSCALL
analyzed_bin
writev
108
1, 0x7fff0e579cd0, 2
98
SYSCALL
analyzed_bin
writev
108
1, 0x7fff0e579cd0, 2
52
SYSCALL
analyzed_bin
writev
108
1, 0x7fff0e579cd0, 2
98
SYSCALL
analyzed_bin
writev
108
1, 0x7fff0e579cd0, 2
52
SYSCALL
analyzed_bin
writev
108
1, 0x7fff0e579cd0, 2
98
SYSCALL
analyzed_bin
writev
108
1, 0x7fff0e579cd0, 2
52
SYSCALL
analyzed_bin
writev
108
1, 0x7fff0e579cd0, 2
98
SYSCALL
analyzed_bin
writev
108
1, 0x7fff0e579cd0, 2
52
SYSCALL
analyzed_bin
writev
108
1, 0x7fff0e579cd0, 2
98
SYSCALL
analyzed_bin
writev
108
1, 0x7fff0e579cd0, 2
52
SYSCALL
analyzed_bin
writev
108
1, 0x7fff0e579cd0, 2
98
SYSCALL
analyzed_bin
writev
108
1, 0x7fff0e579cd0, 2
52
SYSCALL
analyzed_bin
writev
108
1, 0x7fff0e579cd0, 2
98
SYSCALL
analyzed_bin
writev
108
1, 0x7fff0e579cd0, 2
52
SYSCALL
analyzed_bin
writev
108
1, 0x7fff0e579cd0, 2
98
SYSCALL
analyzed_bin
writev
108
1, 0x7fff0e579cd0, 2
52
SYSCALL
analyzed_bin
writev
108
1, 0x7fff0e579cd0, 2
98
SYSCALL
analyzed_bin
writev
108
1, 0x7fff0e579cd0, 2
52
SYSCALL
analyzed_bin
writev
108
1, 0x7fff0e579cd0, 2
98
SYSCALL
analyzed_bin
writev
108
1, 0x7fff0e579cd0, 2
52
SYSCALL
analyzed_bin
writev
108
1, 0x7fff0e579cd0, 2
98
SYSCALL
analyzed_bin
writev
108
1, 0x7fff0e579cd0, 2
52
SYSCALL
analyzed_bin
writev
108
1, 0x7fff0e579cd0, 2
98
SYSCALL
analyzed_bin
writev
108
1, 0x7fff0e579cd0, 2
52
SYSCALL
analyzed_bin
writev
108
1, 0x7fff0e579cd0, 2
98
SYSCALL
analyzed_bin
writev
108
1, 0x7fff0e579cd0, 2
52
SYSCALL
analyzed_bin
writev
108
1, 0x7fff0e579cd0, 2
98
SYSCALL
analyzed_bin
writev
108
1, 0x7fff0e579cd0, 2
52
SYSCALL
analyzed_bin
writev
108
1, 0x7fff0e579cd0, 2
98
SYSCALL
analyzed_bin
writev
108
1, 0x7fff0e579cd0, 2
52
SYSCALL
analyzed_bin
writev
108
1, 0x7fff0e579cd0, 2
98
SYSCALL
analyzed_bin
writev
108
1, 0x7fff0e579cd0, 2
52
SYSCALL
analyzed_bin
writev
108
1, 0x7fff0e579cd0, 2
98
SYSCALL
analyzed_bin
writev
108
1, 0x7fff0e579cd0, 2
52
SYSCALL
analyzed_bin
writev
108
1, 0x7fff0e579cd0, 2
98
SYSCALL
analyzed_bin
writev
108
1, 0x7fff0e579cd0, 2
52
SYSCALL
analyzed_bin
writev
108
1, 0x7fff0e579cd0, 2
98
SYSCALL
analyzed_bin
writev
108
1, 0x7fff0e579cd0, 2
52
SYSCALL
analyzed_bin
writev
108
1, 0x7fff0e579cd0, 2
98
SYSCALL
analyzed_bin
writev
108
1, 0x7fff0e579cd0, 2
52
SYSCALL
analyzed_bin
writev
108
1, 0x7fff0e579cd0, 2
98
SYSCALL
analyzed_bin
writev
108
1, 0x7fff0e579cd0, 2
52
SYSCALL
analyzed_bin
writev
108
1, 0x7fff0e579cd0, 2
98
SYSCALL
analyzed_bin
writev
108
1, 0x7fff0e579cd0, 2
52
SYSCALL
analyzed_bin
writev
108
1, 0x7fff0e579cd0, 2
98
SYSCALL
analyzed_bin
writev
108
1, 0x7fff0e579cd0, 2
52
SYSCALL
analyzed_bin
writev
108
1, 0x7fff0e579cd0, 2
98
SYSCALL
analyzed_bin
writev
108
1, 0x7fff0e579cd0, 2
52
SYSCALL
analyzed_bin
writev
108
1, 0x7fff0e579cd0, 2
98
SYSCALL
analyzed_bin
writev
108
1, 0x7fff0e579cd0, 2
52
SYSCALL
analyzed_bin
writev
108
1, 0x7fff0e579cd0, 2
98
SYSCALL
analyzed_bin
writev
108
1, 0x7fff0e579cd0, 2
52
SYSCALL
analyzed_bin
writev
108
1, 0x7fff0e579cd0, 2
98
SYSCALL
analyzed_bin
writev
108
1, 0x7fff0e579cd0, 2
52
SYSCALL
analyzed_bin
writev
108
1, 0x7fff0e579cd0, 2
98
SYSCALL
analyzed_bin
writev
108
1, 0x7fff0e579cd0, 2
52
SYSCALL
analyzed_bin
writev
108
1, 0x7fff0e579cd0, 2
98
SYSCALL
analyzed_bin
writev
108
1, 0x7fff0e579cd0, 2
52
SYSCALL
analyzed_bin
writev
108
1, 0x7fff0e579cd0, 2
98
SYSCALL
analyzed_bin
writev
108
1, 0x7fff0e579cd0, 2
52
SYSCALL
analyzed_bin
writev
108
1, 0x7fff0e579cd0, 2
98
SYSCALL
analyzed_bin
writev
108
1, 0x7fff0e579cd0, 2
52
SYSCALL
analyzed_bin
writev
108
1, 0x7fff0e579cd0, 2
98
SYSCALL
analyzed_bin
writev
108
1, 0x7fff0e579cd0, 2
52
SYSCALL
analyzed_bin
writev
108
1, 0x7fff0e579cd0, 2
98
SYSCALL
analyzed_bin
writev
108
1, 0x7fff0e579cd0, 2
52
SYSCALL
analyzed_bin
writev
108
1, 0x7fff0e579cd0, 2
98
SYSCALL
analyzed_bin
writev
108
1, 0x7fff0e579cd0, 2
52
SYSCALL
analyzed_bin
writev
108
1, 0x7fff0e579cd0, 2
98
SYSCALL
analyzed_bin
writev
108
1, 0x7fff0e579cd0, 2
52
SYSCALL
analyzed_bin
writev
108
1, 0x7fff0e579cd0, 2
98
SYSCALL
analyzed_bin
writev
108
1, 0x7fff0e579cd0, 2
52
SYSCALL
analyzed_bin
writev
108
1, 0x7fff0e579cd0, 2
98
SYSCALL
analyzed_bin
writev
108
1, 0x7fff0e579cd0, 2
52
SYSCALL
analyzed_bin
writev
108
1, 0x7fff0e579cd0, 2
98
SYSCALL
analyzed_bin
writev
108
1, 0x7fff0e579cd0, 2
52
SYSCALL
analyzed_bin
writev
108
1, 0x7fff0e579cd0, 2
98
SYSCALL
analyzed_bin
writev
108
1, 0x7fff0e579cd0, 2
52
SYSCALL
analyzed_bin
writev
108
1, 0x7fff0e579cd0, 2
98
SYSCALL
analyzed_bin
writev
108
1, 0x7fff0e579cd0, 2
52
SYSCALL
analyzed_bin
writev
108
1, 0x7fff0e579cd0, 2
98
SYSCALL
analyzed_bin
writev
108
1, 0x7fff0e579cd0, 2
52
SYSCALL
analyzed_bin
writev
108
1, 0x7fff0e579cd0, 2
98
SYSCALL
analyzed_bin
writev
108
1, 0x7fff0e579cd0, 2
52
SYSCALL
analyzed_bin
writev
108
1, 0x7fff0e579cd0, 2
98
SYSCALL
analyzed_bin
writev
108
1, 0x7fff0e579cd0, 2
52
SYSCALL
analyzed_bin
writev
108
1, 0x7fff0e579cd0, 2
98
SYSCALL
analyzed_bin
writev
108
1, 0x7fff0e579cd0, 2
52
SYSCALL
analyzed_bin
writev
108
1, 0x7fff0e579cd0, 2
98
SYSCALL
analyzed_bin
writev
108
1, 0x7fff0e579cd0, 2
52
SYSCALL
analyzed_bin
writev
108
1, 0x7fff0e579cd0, 2
98
SYSCALL
analyzed_bin
writev
108
1, 0x7fff0e579cd0, 2
52
SYSCALL
analyzed_bin
writev
108
1, 0x7fff0e579cd0, 2
98
SYSCALL
analyzed_bin
writev
108
1, 0x7fff0e579cd0, 2
52
SYSCALL
analyzed_bin
writev
108
1, 0x7fff0e579cd0, 2
98
SYSCALL
analyzed_bin
writev
108
1, 0x7fff0e579cd0, 2
52
SYSCALL
analyzed_bin
writev
108
1, 0x7fff0e579cd0, 2
98
SYSCALL
analyzed_bin
writev
108
1, 0x7fff0e579cd0, 2
52
SYSCALL
analyzed_bin
writev
108
1, 0x7fff0e579cd0, 2
98
SYSCALL
analyzed_bin
writev
108
1, 0x7fff0e579cd0, 2
52
SYSCALL
analyzed_bin
writev
108
1, 0x7fff0e579cd0, 2
98
SYSCALL
analyzed_bin
writev
108
1, 0x7fff0e579cd0, 2
52
SYSCALL
analyzed_bin
writev
108
1, 0x7fff0e579cd0, 2
98
SYSCALL
analyzed_bin
writev
108
1, 0x7fff0e579cd0, 2
52
SYSCALL
analyzed_bin
writev
108
1, 0x7fff0e579cd0, 2
98
SYSCALL
analyzed_bin
writev
108
1, 0x7fff0e579cd0, 2
52
SYSCALL
analyzed_bin
writev
108
1, 0x7fff0e579cd0, 2
98
SYSCALL
analyzed_bin
writev
108
1, 0x7fff0e579cd0, 2
52
SYSCALL
analyzed_bin
writev
108
1, 0x7fff0e579cd0, 2
98
SYSCALL
analyzed_bin
writev
108
1, 0x7fff0e579cd0, 2
52
SYSCALL
analyzed_bin
writev
108
1, 0x7fff0e579cd0, 2
98
SYSCALL
analyzed_bin
writev
108
1, 0x7fff0e579cd0, 2
52
SYSCALL
analyzed_bin
writev
108
1, 0x7fff0e579cd0, 2
98
SYSCALL
analyzed_bin
writev
108
1, 0x7fff0e579cd0, 2
52
SYSCALL
analyzed_bin
writev
108
1, 0x7fff0e579cd0, 2
98
SYSCALL
analyzed_bin
writev
108
1, 0x7fff0e579cd0, 2
52
SYSCALL
analyzed_bin
writev
108
1, 0x7fff0e579cd0, 2
98
SYSCALL
analyzed_bin
writev
108
1, 0x7fff0e579cd0, 2
52
SYSCALL
analyzed_bin
writev
108
1, 0x7fff0e579cd0, 2
98
SYSCALL
analyzed_bin
writev
108
1, 0x7fff0e579cd0, 2
52
SYSCALL
analyzed_bin
writev
108
1, 0x7fff0e579cd0, 2
98
SYSCALL
analyzed_bin
writev
108
1, 0x7fff0e579cd0, 2
52
SYSCALL
analyzed_bin
writev
108
1, 0x7fff0e579cd0, 2
98
SYSCALL
analyzed_bin
writev
108
1, 0x7fff0e579cd0, 2
52
SYSCALL
analyzed_bin
writev
108
1, 0x7fff0e579cd0, 2
98
SYSCALL
analyzed_bin
writev
108
1, 0x7fff0e579cd0, 2
52
SYSCALL
analyzed_bin
writev
108
1, 0x7fff0e579cd0, 2
98
SYSCALL
analyzed_bin
writev
108
1, 0x7fff0e579cd0, 2
52
SYSCALL
analyzed_bin
writev
108
1, 0x7fff0e579cd0, 2
98
SYSCALL
analyzed_bin
writev
108
1, 0x7fff0e579cd0, 2
52
SYSCALL
analyzed_bin
writev
108
1, 0x7fff0e579cd0, 2
98
SYSCALL
analyzed_bin
writev
108
1, 0x7fff0e579cd0, 2
52
SYSCALL
analyzed_bin
writev
108
1, 0x7fff0e579cd0, 2
98
SYSCALL
analyzed_bin
writev
108
1, 0x7fff0e579cd0, 2
52
SYSCALL
analyzed_bin
writev
108
1, 0x7fff0e579cd0, 2
98
SYSCALL
analyzed_bin
writev
108
1, 0x7fff0e579cd0, 2
52
SYSCALL
analyzed_bin
writev
108
1, 0x7fff0e579cd0, 2
98
SYSCALL
analyzed_bin
writev
108
1, 0x7fff0e579cd0, 2
52
SYSCALL
analyzed_bin
writev
108
1, 0x7fff0e579cd0, 2
98
SYSCALL
analyzed_bin
writev
108
1, 0x7fff0e579cd0, 2
52
SYSCALL
analyzed_bin
writev
108
1, 0x7fff0e579cd0, 2
98
SYSCALL
analyzed_bin
writev
108
1, 0x7fff0e579cd0, 2
52
SYSCALL
analyzed_bin
writev
108
1, 0x7fff0e579cd0, 2
98
SYSCALL
analyzed_bin
writev
108
1, 0x7fff0e579cd0, 2
52
SYSCALL
analyzed_bin
writev
108
1, 0x7fff0e579cd0, 2
98
SYSCALL
analyzed_bin
writev
108
1, 0x7fff0e579cd0, 2
52
SYSCALL
analyzed_bin
writev
108
1, 0x7fff0e579cd0, 2
98
SYSCALL
analyzed_bin
writev
108
1, 0x7fff0e579cd0, 2
52
SYSCALL
analyzed_bin
writev
108
1, 0x7fff0e579cd0, 2
98
SYSCALL
analyzed_bin
writev
108
1, 0x7fff0e579cd0, 2
52
SYSCALL
analyzed_bin
writev
108
1, 0x7fff0e579cd0, 2
98
SYSCALL
analyzed_bin
writev
108
1, 0x7fff0e579cd0, 2
52
SYSCALL
analyzed_bin
writev
108
1, 0x7fff0e579cd0, 2
98
SYSCALL
analyzed_bin
writev
108
1, 0x7fff0e579cd0, 2
52
SYSCALL
analyzed_bin
writev
108
1, 0x7fff0e579cd0, 2
98
SYSCALL
analyzed_bin
writev
108
1, 0x7fff0e579cd0, 2
52
SYSCALL
analyzed_bin
writev
108
1, 0x7fff0e579cd0, 2
98
SYSCALL
analyzed_bin
writev
108
1, 0x7fff0e579cd0, 2
52
SYSCALL
analyzed_bin
writev
108
1, 0x7fff0e579cd0, 2
98
SYSCALL
analyzed_bin
writev
108
1, 0x7fff0e579cd0, 2
52
SYSCALL
analyzed_bin
writev
108
1, 0x7fff0e579cd0, 2
98
SYSCALL
analyzed_bin
writev
108
1, 0x7fff0e579cd0, 2
52
SYSCALL
analyzed_bin
writev
108
1, 0x7fff0e579cd0, 2
98
SYSCALL
analyzed_bin
writev
108
1, 0x7fff0e579cd0, 2
52
SYSCALL
analyzed_bin
writev
108
1, 0x7fff0e579cd0, 2
98
SYSCALL
analyzed_bin
writev
108
1, 0x7fff0e579cd0, 2
52
SYSCALL
analyzed_bin
writev
108
1, 0x7fff0e579cd0, 2
98
SYSCALL
analyzed_bin
writev
108
1, 0x7fff0e579cd0, 2
52
SYSCALL
analyzed_bin
writev
108
1, 0x7fff0e579cd0, 2
98
SYSCALL
analyzed_bin
writev
108
1, 0x7fff0e579cd0, 2
52
SYSCALL
analyzed_bin
writev
108
1, 0x7fff0e579cd0, 2
98
SYSCALL
analyzed_bin
writev
108
1, 0x7fff0e579cd0, 2
52
SYSCALL
analyzed_bin
writev
108
1, 0x7fff0e579cd0, 2
98
SYSCALL
analyzed_bin
writev
108
1, 0x7fff0e579cd0, 2
52
SYSCALL
analyzed_bin
writev
108
1, 0x7fff0e579cd0, 2
98
SYSCALL
analyzed_bin
writev
108
1, 0x7fff0e579cd0, 2
52
SYSCALL
analyzed_bin
writev
108
1, 0x7fff0e579cd0, 2
98
SYSCALL
analyzed_bin
writev
108
1, 0x7fff0e579cd0, 2
52
SYSCALL
analyzed_bin
writev
108
1, 0x7fff0e579cd0, 2
98
SYSCALL
analyzed_bin
writev
108
1, 0x7fff0e579cd0, 2
52
SYSCALL
analyzed_bin
writev
108
1, 0x7fff0e579cd0, 2
98
SYSCALL
analyzed_bin
writev
108
1, 0x7fff0e579cd0, 2
52
SYSCALL
analyzed_bin
writev
108
1, 0x7fff0e579cd0, 2
98
SYSCALL
analyzed_bin
writev
108
1, 0x7fff0e579cd0, 2
52
SYSCALL
analyzed_bin
writev
108
1, 0x7fff0e579cd0, 2
98
SYSCALL
analyzed_bin
writev
108
1, 0x7fff0e579cd0, 2
52
SYSCALL
analyzed_bin
writev
108
1, 0x7fff0e579cd0, 2
98
SYSCALL
analyzed_bin
writev
108
1, 0x7fff0e579cd0, 2
52
SYSCALL
analyzed_bin
writev
108
1, 0x7fff0e579cd0, 2
98
SYSCALL
analyzed_bin
writev
108
1, 0x7fff0e579cd0, 2
52
SYSCALL
analyzed_bin
writev
108
1, 0x7fff0e579cd0, 2
98
SYSCALL
analyzed_bin
writev
108
1, 0x7fff0e579cd0, 2
52
SYSCALL
analyzed_bin
writev
108
1, 0x7fff0e579cd0, 2
98
SYSCALL
analyzed_bin
writev
108
1, 0x7fff0e579cd0, 2
52
SYSCALL
analyzed_bin
writev
108
1, 0x7fff0e579cd0, 2
98
SYSCALL
analyzed_bin
writev
108
1, 0x7fff0e579cd0, 2
52
SYSCALL
analyzed_bin
writev
108
1, 0x7fff0e579cd0, 2
98
SYSCALL
analyzed_bin
writev
108
1, 0x7fff0e579cd0, 2
52
SYSCALL
analyzed_bin
writev
108
1, 0x7fff0e579cd0, 2
98
SYSCALL
analyzed_bin
writev
108
1, 0x7fff0e579cd0, 2
52
SYSCALL
analyzed_bin
writev
108
1, 0x7fff0e579cd0, 2
98
SYSCALL
analyzed_bin
writev
108
1, 0x7fff0e579cd0, 2
52
SYSCALL
analyzed_bin
writev
108
1, 0x7fff0e579cd0, 2
98
SYSCALL
analyzed_bin
writev
108
1, 0x7fff0e579cd0, 2
52
SYSCALL
analyzed_bin
writev
108
1, 0x7fff0e579cd0, 2
98
SYSCALL
analyzed_bin
writev
108
1, 0x7fff0e579cd0, 2
52
SYSCALL
analyzed_bin
writev
108
1, 0x7fff0e579cd0, 2
98
SYSCALL
analyzed_bin
writev
108
1, 0x7fff0e579cd0, 2
52
SYSCALL
analyzed_bin
writev
108
1, 0x7fff0e579cd0, 2
98
SYSCALL
analyzed_bin
writev
108
1, 0x7fff0e579cd0, 2
52
SYSCALL
analyzed_bin
writev
108
1, 0x7fff0e579cd0, 2
98
SYSCALL
analyzed_bin
writev
108
1, 0x7fff0e579cd0, 2
52
SYSCALL
analyzed_bin
writev
108
1, 0x7fff0e579cd0, 2
98
SYSCALL
analyzed_bin
writev
108
1, 0x7fff0e579cd0, 2
52
SYSCALL
analyzed_bin
writev
108
1, 0x7fff0e579cd0, 2
98
SYSCALL
analyzed_bin
writev
108
1, 0x7fff0e579cd0, 2
52
SYSCALL
analyzed_bin
writev
108
1, 0x7fff0e579cd0, 2
98
SYSCALL
analyzed_bin
writev
108
1, 0x7fff0e579cd0, 2
52
SYSCALL
analyzed_bin
writev
108
1, 0x7fff0e579cd0, 2
98
SYSCALL
analyzed_bin
writev
108
1, 0x7fff0e579cd0, 2
52
SYSCALL
analyzed_bin
writev
108
1, 0x7fff0e579cd0, 2
98
SYSCALL
analyzed_bin
writev
108
1, 0x7fff0e579cd0, 2
52
SYSCALL
analyzed_bin
writev
108
1, 0x7fff0e579cd0, 2
98
SYSCALL
analyzed_bin
writev
108
1, 0x7fff0e579cd0, 2
52
SYSCALL
analyzed_bin
writev
108
1, 0x7fff0e579cd0, 2
98
SYSCALL
analyzed_bin
writev
108
1, 0x7fff0e579cd0, 2
52
SYSCALL
analyzed_bin
writev
108
1, 0x7fff0e579cd0, 2
98
SYSCALL
analyzed_bin
writev
108
1, 0x7fff0e579cd0, 2
52
SYSCALL
analyzed_bin
writev
108
1, 0x7fff0e579cd0, 2
98
SYSCALL
analyzed_bin
writev
108
1, 0x7fff0e579cd0, 2
52
SYSCALL
analyzed_bin
writev
108
1, 0x7fff0e579cd0, 2
98
SYSCALL
analyzed_bin
writev
108
1, 0x7fff0e579cd0, 2
52
SYSCALL
analyzed_bin
writev
108
1, 0x7fff0e579cd0, 2
98
SYSCALL
analyzed_bin
writev
108
1, 0x7fff0e579cd0, 2
52
SYSCALL
analyzed_bin
writev
108
1, 0x7fff0e579cd0, 2
98
SYSCALL
analyzed_bin
writev
108
1, 0x7fff0e579cd0, 2
52
SYSCALL
analyzed_bin
writev
108
1, 0x7fff0e579cd0, 2
98
SYSCALL
analyzed_bin
writev
108
1, 0x7fff0e579cd0, 2
52
SYSCALL
analyzed_bin
writev
108
1, 0x7fff0e579cd0, 2
98
SYSCALL
analyzed_bin
writev
108
1, 0x7fff0e579cd0, 2
52
SYSCALL
analyzed_bin
writev
108
1, 0x7fff0e579cd0, 2
98
SYSCALL
analyzed_bin
writev
108
1, 0x7fff0e579cd0, 2
52
SYSCALL
analyzed_bin
writev
108
1, 0x7fff0e579cd0, 2
98
SYSCALL
analyzed_bin
writev
108
1, 0x7fff0e579cd0, 2
52
SYSCALL
analyzed_bin
writev
108
1, 0x7fff0e579cd0, 2
98
SYSCALL
analyzed_bin
writev
108
1, 0x7fff0e579cd0, 2
52
SYSCALL
analyzed_bin
writev
108
1, 0x7fff0e579cd0, 2
98
SYSCALL
analyzed_bin
writev
108
1, 0x7fff0e579cd0, 2
52
SYSCALL
analyzed_bin
writev
108
1, 0x7fff0e579cd0, 2
98
SYSCALL
analyzed_bin
writev
108
1, 0x7fff0e579cd0, 2
52
SYSCALL
analyzed_bin
writev
108
1, 0x7fff0e579cd0, 2
98
SYSCALL
analyzed_bin
writev
108
1, 0x7fff0e579cd0, 2
52
SYSCALL
analyzed_bin
writev
108
1, 0x7fff0e579cd0, 2
98
SYSCALL
analyzed_bin
writev
108
1, 0x7fff0e579cd0, 2
52
SYSCALL
analyzed_bin
writev
108
1, 0x7fff0e579cd0, 2
98
SYSCALL
analyzed_bin
writev
108
1, 0x7fff0e579cd0, 2
52
SYSCALL
analyzed_bin
writev
108
1, 0x7fff0e579cd0, 2
98
SYSCALL
analyzed_bin
writev
108
1, 0x7fff0e579cd0, 2
52
