LISA
PROCESS
108:105
SYSCALL
analyzed_bin
execve
108

0
SYSCALL
analyzed_bin
arch_prctl
108
ARCH_SET_FS, 139702659887480
0
SYSCALL
analyzed_bin
set_tid_address
108
0x7f0f0f6ab1b0
108
SYSCALL
analyzed_bin
brk
108
0x0
139702659891200
SYSCALL
analyzed_bin
brk
108
0x7f0f0f6ad000
139702659895296
SYSCALL
analyzed_bin
brk
108
0x7f0f0f6bf000
139702659969024
SYSCALL
analyzed_bin
brk
108
0x7f0f0f6c0000
139702659973120
SYSCALL
analyzed_bin
brk
108
0x7f0f0f6c1000
139702659977216
SYSCALL
analyzed_bin
brk
108
0x7f0f0f6c2000
139702659981312
SYSCALL
analyzed_bin
brk
108
0x7f0f0f6c3000
139702659985408
SYSCALL
analyzed_bin
brk
108
0x7f0f0f6c4000
139702659989504
SYSCALL
analyzed_bin
brk
108
0x7f0f0f6c5000
139702659993600
SYSCALL
analyzed_bin
brk
108
0x7f0f0f6c6000
139702659997696
SYSCALL
analyzed_bin
brk
108
0x7f0f0f6c7000
139702660001792
SYSCALL
analyzed_bin
brk
108
0x7f0f0f6c8000
139702660005888
SYSCALL
analyzed_bin
brk
108
0x7f0f0f6c9000
139702660009984
SYSCALL
analyzed_bin
brk
108
0x7f0f0f6ca000
139702660014080
SYSCALL
analyzed_bin
brk
108
0x7f0f0f6cb000
139702660018176
SYSCALL
analyzed_bin
brk
108
0x7f0f0f6cc000
139702660022272
SYSCALL
analyzed_bin
brk
108
0x7f0f0f6cd000
139702660026368
SYSCALL
analyzed_bin
brk
108
0x7f0f0f6ce000
139702660030464
SYSCALL
analyzed_bin
brk
108
0x7f0f0f6cf000
139702660034560
SYSCALL
analyzed_bin
brk
108
0x7f0f0f6d1000
139702660042752
SYSCALL
analyzed_bin
brk
108
0x7f0f0f6d2000
139702660046848
SYSCALL
analyzed_bin
brk
108
0x7f0f0f6d3000
139702660050944
SYSCALL
analyzed_bin
brk
108
0x7f0f0f6d4000
139702660055040
SYSCALL
analyzed_bin
brk
108
0x7f0f0f6d5000
139702660059136
SYSCALL
analyzed_bin
brk
108
0x7f0f0f6d6000
139702660063232
SYSCALL
analyzed_bin
brk
108
0x7f0f0f6d7000
139702660067328
SYSCALL
analyzed_bin
brk
108
0x7f0f0f6d8000
139702660071424
SYSCALL
analyzed_bin
brk
108
0x7f0f0f6db000
139702660083712
SYSCALL
analyzed_bin
brk
108
0x7f0f0f6dc000
139702660087808
SYSCALL
analyzed_bin
brk
108
0x7f0f0f6dd000
139702660091904
SYSCALL
analyzed_bin
brk
108
0x7f0f0f6de000
139702660096000
SYSCALL
analyzed_bin
brk
108
0x7f0f0f6df000
139702660100096
SYSCALL
analyzed_bin
brk
108
0x7f0f0f6e0000
139702660104192
SYSCALL
analyzed_bin
brk
108
0x7f0f0f6e1000
139702660108288
SYSCALL
analyzed_bin
brk
108
0x7f0f0f6e2000
139702660112384
SYSCALL
analyzed_bin
brk
108
0x7f0f0f6e3000
139702660116480
SYSCALL
analyzed_bin
brk
108
0x7f0f0f6e4000
139702660120576
SYSCALL
analyzed_bin
brk
108
0x7f0f0f6e5000
139702660124672
SYSCALL
analyzed_bin
brk
108
0x7f0f0f6e6000
139702660128768
SYSCALL
analyzed_bin
brk
108
0x7f0f0f6e7000
139702660132864
SYSCALL
analyzed_bin
brk
108
0x7f0f0f6e8000
139702660136960
SYSCALL
analyzed_bin
brk
108
0x7f0f0f6e9000
139702660141056
SYSCALL
analyzed_bin
brk
108
0x7f0f0f6ee000
139702660161536
SYSCALL
analyzed_bin
brk
108
0x7f0f0f6ef000
139702660165632
SYSCALL
analyzed_bin
brk
108
0x7f0f0f6f0000
139702660169728
SYSCALL
analyzed_bin
getuid
108

0
SYSCALL
analyzed_bin
geteuid
108

0
SYSCALL
analyzed_bin
getgid
108

0
SYSCALL
analyzed_bin
getegid
108

0
OPENFILE
"/usr/local/ssl/openssl.cnf"
SYSCALL
analyzed_bin
open
108
"/usr/local/ssl/openssl.cnf", O_RDONLY
-2 (ENOENT)
SYSCALL
analyzed_bin
brk
108
0x7f0f0f6f1000
139702660173824
SYSCALL
analyzed_bin
brk
108
0x7f0f0f6f2000
139702660177920
SYSCALL
analyzed_bin
brk
108
0x7f0f0f6f3000
139702660182016
SYSCALL
analyzed_bin
brk
108
0x7f0f0f6f4000
139702660186112
SYSCALL
analyzed_bin
brk
108
0x7f0f0f6f5000
139702660190208
SYSCALL
analyzed_bin
brk
108
0x7f0f0f6f6000
139702660194304
SYSCALL
analyzed_bin
brk
108
0x7f0f0f6f7000
139702660198400
SYSCALL
analyzed_bin
brk
108
0x7f0f0f6f8000
139702660202496
SYSCALL
analyzed_bin
brk
108
0x7f0f0f6f9000
139702660206592
SYSCALL
analyzed_bin
brk
108
0x7f0f0f6fa000
139702660210688
SYSCALL
analyzed_bin
brk
108
0x7f0f0f6fb000
139702660214784
SYSCALL
analyzed_bin
brk
108
0x7f0f0f6fc000
139702660218880
SYSCALL
analyzed_bin
brk
108
0x7f0f0f6fd000
139702660222976
OPENFILE
"config.txt"
SYSCALL
analyzed_bin
open
108
"config.txt", O_RDONLY
-2 (ENOENT)
OPENFILE
"pools.txt"
SYSCALL
analyzed_bin
open
108
"pools.txt", O_RDONLY
-2 (ENOENT)
SYSCALL
analyzed_bin
brk
108
0x7f0f0f6ff000
139702660231168
SYSCALL
analyzed_bin
brk
108
0x7f0f0f701000
139702660239360
SYSCALL
analyzed_bin
writev
108
1, 0x7fff1d208760, 2
32
SYSCALL
analyzed_bin
readv
108
0, 0x7fff1d208740, 2
0
SYSCALL
analyzed_bin
brk
108
0x7f0f0f703000
139702660247552
SYSCALL
analyzed_bin
brk
108
0x7f0f0f707000
139702660263936
SYSCALL
analyzed_bin
brk
108
0x7f0f0f70b000
139702660280320
OPENFILE
"config.txt"
SYSCALL
analyzed_bin
open
108
"config.txt", O_WRONLY|O_CREAT|O_TRUNC, 0666
3
SYSCALL
analyzed_bin
ioctl
108
3, 21523, 0x7fff1d2085b8
-25 (ENOTTY)
SYSCALL
analyzed_bin
writev
108
3, 0x7fff1d208520, 2
6726
SYSCALL
analyzed_bin
close
108
3
0
SYSCALL
analyzed_bin
writev
108
1, 0x7fff1d208850, 2
42
SYSCALL
analyzed_bin
writev
108
1, 0x7fff1d2084e0, 2
14
SYSCALL
analyzed_bin
writev
108
1, 0x7fff1d2084f0, 2
52
SYSCALL
analyzed_bin
writev
108
1, 0x7fff1d2084f0, 2
98
SYSCALL
analyzed_bin
writev
108
1, 0x7fff1d2084f0, 2
52
SYSCALL
analyzed_bin
writev
108
1, 0x7fff1d2084f0, 2
98
SYSCALL
analyzed_bin
writev
108
1, 0x7fff1d2084f0, 2
52
SYSCALL
analyzed_bin
writev
108
1, 0x7fff1d2084f0, 2
98
SYSCALL
analyzed_bin
writev
108
1, 0x7fff1d2084f0, 2
52
SYSCALL
analyzed_bin
writev
108
1, 0x7fff1d2084f0, 2
98
SYSCALL
analyzed_bin
writev
108
1, 0x7fff1d2084f0, 2
52
SYSCALL
analyzed_bin
writev
108
1, 0x7fff1d2084f0, 2
98
SYSCALL
analyzed_bin
writev
108
1, 0x7fff1d2084f0, 2
52
SYSCALL
analyzed_bin
writev
108
1, 0x7fff1d2084f0, 2
98
SYSCALL
analyzed_bin
writev
108
1, 0x7fff1d2084f0, 2
52
SYSCALL
analyzed_bin
writev
108
1, 0x7fff1d2084f0, 2
98
SYSCALL
analyzed_bin
writev
108
1, 0x7fff1d2084f0, 2
52
SYSCALL
analyzed_bin
writev
108
1, 0x7fff1d2084f0, 2
98
SYSCALL
analyzed_bin
writev
108
1, 0x7fff1d2084f0, 2
52
SYSCALL
analyzed_bin
writev
108
1, 0x7fff1d2084f0, 2
98
SYSCALL
analyzed_bin
writev
108
1, 0x7fff1d2084f0, 2
52
SYSCALL
analyzed_bin
writev
108
1, 0x7fff1d2084f0, 2
98
SYSCALL
analyzed_bin
writev
108
1, 0x7fff1d2084f0, 2
52
SYSCALL
analyzed_bin
writev
108
1, 0x7fff1d2084f0, 2
98
SYSCALL
analyzed_bin
writev
108
1, 0x7fff1d2084f0, 2
52
SYSCALL
analyzed_bin
writev
108
1, 0x7fff1d2084f0, 2
98
SYSCALL
analyzed_bin
writev
108
1, 0x7fff1d2084f0, 2
52
SYSCALL
analyzed_bin
writev
108
1, 0x7fff1d2084f0, 2
98
SYSCALL
analyzed_bin
writev
108
1, 0x7fff1d2084f0, 2
52
SYSCALL
analyzed_bin
writev
108
1, 0x7fff1d2084f0, 2
98
SYSCALL
analyzed_bin
writev
108
1, 0x7fff1d2084f0, 2
52
SYSCALL
analyzed_bin
writev
108
1, 0x7fff1d2084f0, 2
98
SYSCALL
analyzed_bin
writev
108
1, 0x7fff1d2084f0, 2
52
SYSCALL
analyzed_bin
writev
108
1, 0x7fff1d2084f0, 2
98
SYSCALL
analyzed_bin
writev
108
1, 0x7fff1d2084f0, 2
52
SYSCALL
analyzed_bin
writev
108
1, 0x7fff1d2084f0, 2
98
SYSCALL
analyzed_bin
writev
108
1, 0x7fff1d2084f0, 2
52
SYSCALL
analyzed_bin
writev
108
1, 0x7fff1d2084f0, 2
98
SYSCALL
analyzed_bin
writev
108
1, 0x7fff1d2084f0, 2
52
SYSCALL
analyzed_bin
writev
108
1, 0x7fff1d2084f0, 2
98
SYSCALL
analyzed_bin
writev
108
1, 0x7fff1d2084f0, 2
52
SYSCALL
analyzed_bin
writev
108
1, 0x7fff1d2084f0, 2
98
SYSCALL
analyzed_bin
writev
108
1, 0x7fff1d2084f0, 2
52
SYSCALL
analyzed_bin
writev
108
1, 0x7fff1d2084f0, 2
98
SYSCALL
analyzed_bin
writev
108
1, 0x7fff1d2084f0, 2
52
SYSCALL
analyzed_bin
writev
108
1, 0x7fff1d2084f0, 2
98
SYSCALL
analyzed_bin
writev
108
1, 0x7fff1d2084f0, 2
52
SYSCALL
analyzed_bin
writev
108
1, 0x7fff1d2084f0, 2
98
SYSCALL
analyzed_bin
writev
108
1, 0x7fff1d2084f0, 2
52
SYSCALL
analyzed_bin
writev
108
1, 0x7fff1d2084f0, 2
98
SYSCALL
analyzed_bin
writev
108
1, 0x7fff1d2084f0, 2
52
SYSCALL
analyzed_bin
writev
108
1, 0x7fff1d2084f0, 2
98
SYSCALL
analyzed_bin
writev
108
1, 0x7fff1d2084f0, 2
52
SYSCALL
analyzed_bin
writev
108
1, 0x7fff1d2084f0, 2
98
SYSCALL
analyzed_bin
writev
108
1, 0x7fff1d2084f0, 2
52
SYSCALL
analyzed_bin
writev
108
1, 0x7fff1d2084f0, 2
98
SYSCALL
analyzed_bin
writev
108
1, 0x7fff1d2084f0, 2
52
SYSCALL
analyzed_bin
writev
108
1, 0x7fff1d2084f0, 2
98
SYSCALL
analyzed_bin
writev
108
1, 0x7fff1d2084f0, 2
52
SYSCALL
analyzed_bin
writev
108
1, 0x7fff1d2084f0, 2
98
SYSCALL
analyzed_bin
writev
108
1, 0x7fff1d2084f0, 2
52
SYSCALL
analyzed_bin
writev
108
1, 0x7fff1d2084f0, 2
98
SYSCALL
analyzed_bin
writev
108
1, 0x7fff1d2084f0, 2
52
SYSCALL
analyzed_bin
writev
108
1, 0x7fff1d2084f0, 2
98
SYSCALL
analyzed_bin
writev
108
1, 0x7fff1d2084f0, 2
52
SYSCALL
analyzed_bin
writev
108
1, 0x7fff1d2084f0, 2
98
SYSCALL
analyzed_bin
writev
108
1, 0x7fff1d2084f0, 2
52
SYSCALL
analyzed_bin
writev
108
1, 0x7fff1d2084f0, 2
98
SYSCALL
analyzed_bin
writev
108
1, 0x7fff1d2084f0, 2
52
SYSCALL
analyzed_bin
writev
108
1, 0x7fff1d2084f0, 2
98
SYSCALL
analyzed_bin
writev
108
1, 0x7fff1d2084f0, 2
52
SYSCALL
analyzed_bin
writev
108
1, 0x7fff1d2084f0, 2
98
SYSCALL
analyzed_bin
writev
108
1, 0x7fff1d2084f0, 2
52
SYSCALL
analyzed_bin
writev
108
1, 0x7fff1d2084f0, 2
98
SYSCALL
analyzed_bin
writev
108
1, 0x7fff1d2084f0, 2
52
SYSCALL
analyzed_bin
writev
108
1, 0x7fff1d2084f0, 2
98
SYSCALL
analyzed_bin
writev
108
1, 0x7fff1d2084f0, 2
52
SYSCALL
analyzed_bin
writev
108
1, 0x7fff1d2084f0, 2
98
SYSCALL
analyzed_bin
writev
108
1, 0x7fff1d2084f0, 2
52
SYSCALL
analyzed_bin
writev
108
1, 0x7fff1d2084f0, 2
98
SYSCALL
analyzed_bin
writev
108
1, 0x7fff1d2084f0, 2
52
SYSCALL
analyzed_bin
writev
108
1, 0x7fff1d2084f0, 2
98
SYSCALL
analyzed_bin
writev
108
1, 0x7fff1d2084f0, 2
52
SYSCALL
analyzed_bin
writev
108
1, 0x7fff1d2084f0, 2
98
SYSCALL
analyzed_bin
writev
108
1, 0x7fff1d2084f0, 2
52
SYSCALL
analyzed_bin
writev
108
1, 0x7fff1d2084f0, 2
98
SYSCALL
analyzed_bin
writev
108
1, 0x7fff1d2084f0, 2
52
SYSCALL
analyzed_bin
writev
108
1, 0x7fff1d2084f0, 2
98
SYSCALL
analyzed_bin
writev
108
1, 0x7fff1d2084f0, 2
52
SYSCALL
analyzed_bin
writev
108
1, 0x7fff1d2084f0, 2
98
SYSCALL
analyzed_bin
writev
108
1, 0x7fff1d2084f0, 2
52
SYSCALL
analyzed_bin
writev
108
1, 0x7fff1d2084f0, 2
98
SYSCALL
analyzed_bin
writev
108
1, 0x7fff1d2084f0, 2
52
SYSCALL
analyzed_bin
writev
108
1, 0x7fff1d2084f0, 2
98
SYSCALL
analyzed_bin
writev
108
1, 0x7fff1d2084f0, 2
52
SYSCALL
analyzed_bin
writev
108
1, 0x7fff1d2084f0, 2
98
SYSCALL
analyzed_bin
writev
108
1, 0x7fff1d2084f0, 2
52
SYSCALL
analyzed_bin
writev
108
1, 0x7fff1d2084f0, 2
98
SYSCALL
analyzed_bin
writev
108
1, 0x7fff1d2084f0, 2
52
SYSCALL
analyzed_bin
writev
108
1, 0x7fff1d2084f0, 2
98
SYSCALL
analyzed_bin
writev
108
1, 0x7fff1d2084f0, 2
52
SYSCALL
analyzed_bin
writev
108
1, 0x7fff1d2084f0, 2
98
SYSCALL
analyzed_bin
writev
108
1, 0x7fff1d2084f0, 2
52
SYSCALL
analyzed_bin
writev
108
1, 0x7fff1d2084f0, 2
98
SYSCALL
analyzed_bin
writev
108
1, 0x7fff1d2084f0, 2
52
SYSCALL
analyzed_bin
writev
108
1, 0x7fff1d2084f0, 2
98
SYSCALL
analyzed_bin
writev
108
1, 0x7fff1d2084f0, 2
52
SYSCALL
analyzed_bin
writev
108
1, 0x7fff1d2084f0, 2
98
SYSCALL
analyzed_bin
writev
108
1, 0x7fff1d2084f0, 2
52
SYSCALL
analyzed_bin
writev
108
1, 0x7fff1d2084f0, 2
98
SYSCALL
analyzed_bin
writev
108
1, 0x7fff1d2084f0, 2
52
SYSCALL
analyzed_bin
writev
108
1, 0x7fff1d2084f0, 2
98
SYSCALL
analyzed_bin
writev
108
1, 0x7fff1d2084f0, 2
52
SYSCALL
analyzed_bin
writev
108
1, 0x7fff1d2084f0, 2
98
SYSCALL
analyzed_bin
writev
108
1, 0x7fff1d2084f0, 2
52
SYSCALL
analyzed_bin
writev
108
1, 0x7fff1d2084f0, 2
98
SYSCALL
analyzed_bin
writev
108
1, 0x7fff1d2084f0, 2
52
SYSCALL
analyzed_bin
writev
108
1, 0x7fff1d2084f0, 2
98
SYSCALL
analyzed_bin
writev
108
1, 0x7fff1d2084f0, 2
52
SYSCALL
analyzed_bin
writev
108
1, 0x7fff1d2084f0, 2
98
SYSCALL
analyzed_bin
writev
108
1, 0x7fff1d2084f0, 2
52
SYSCALL
analyzed_bin
writev
108
1, 0x7fff1d2084f0, 2
98
SYSCALL
analyzed_bin
writev
108
1, 0x7fff1d2084f0, 2
52
SYSCALL
analyzed_bin
writev
108
1, 0x7fff1d2084f0, 2
98
SYSCALL
analyzed_bin
writev
108
1, 0x7fff1d2084f0, 2
52
SYSCALL
analyzed_bin
writev
108
1, 0x7fff1d2084f0, 2
98
SYSCALL
analyzed_bin
writev
108
1, 0x7fff1d2084f0, 2
52
SYSCALL
analyzed_bin
writev
108
1, 0x7fff1d2084f0, 2
98
SYSCALL
analyzed_bin
writev
108
1, 0x7fff1d2084f0, 2
52
SYSCALL
analyzed_bin
writev
108
1, 0x7fff1d2084f0, 2
98
SYSCALL
analyzed_bin
writev
108
1, 0x7fff1d2084f0, 2
52
SYSCALL
analyzed_bin
writev
108
1, 0x7fff1d2084f0, 2
98
SYSCALL
analyzed_bin
writev
108
1, 0x7fff1d2084f0, 2
52
SYSCALL
analyzed_bin
writev
108
1, 0x7fff1d2084f0, 2
98
SYSCALL
analyzed_bin
writev
108
1, 0x7fff1d2084f0, 2
52
SYSCALL
analyzed_bin
writev
108
1, 0x7fff1d2084f0, 2
98
SYSCALL
analyzed_bin
writev
108
1, 0x7fff1d2084f0, 2
52
SYSCALL
analyzed_bin
writev
108
1, 0x7fff1d2084f0, 2
98
SYSCALL
analyzed_bin
writev
108
1, 0x7fff1d2084f0, 2
52
SYSCALL
analyzed_bin
writev
108
1, 0x7fff1d2084f0, 2
98
SYSCALL
analyzed_bin
writev
108
1, 0x7fff1d2084f0, 2
52
SYSCALL
analyzed_bin
writev
108
1, 0x7fff1d2084f0, 2
98
SYSCALL
analyzed_bin
writev
108
1, 0x7fff1d2084f0, 2
52
SYSCALL
analyzed_bin
writev
108
1, 0x7fff1d2084f0, 2
98
SYSCALL
analyzed_bin
writev
108
1, 0x7fff1d2084f0, 2
52
SYSCALL
analyzed_bin
writev
108
1, 0x7fff1d2084f0, 2
98
SYSCALL
analyzed_bin
writev
108
1, 0x7fff1d2084f0, 2
52
SYSCALL
analyzed_bin
writev
108
1, 0x7fff1d2084f0, 2
98
SYSCALL
analyzed_bin
writev
108
1, 0x7fff1d2084f0, 2
52
SYSCALL
analyzed_bin
writev
108
1, 0x7fff1d2084f0, 2
98
SYSCALL
analyzed_bin
writev
108
1, 0x7fff1d2084f0, 2
52
SYSCALL
analyzed_bin
writev
108
1, 0x7fff1d2084f0, 2
98
SYSCALL
analyzed_bin
writev
108
1, 0x7fff1d2084f0, 2
52
SYSCALL
analyzed_bin
writev
108
1, 0x7fff1d2084f0, 2
98
SYSCALL
analyzed_bin
writev
108
1, 0x7fff1d2084f0, 2
52
SYSCALL
analyzed_bin
writev
108
1, 0x7fff1d2084f0, 2
98
SYSCALL
analyzed_bin
writev
108
1, 0x7fff1d2084f0, 2
52
SYSCALL
analyzed_bin
writev
108
1, 0x7fff1d2084f0, 2
98
SYSCALL
analyzed_bin
writev
108
1, 0x7fff1d2084f0, 2
52
SYSCALL
analyzed_bin
writev
108
1, 0x7fff1d2084f0, 2
98
SYSCALL
analyzed_bin
writev
108
1, 0x7fff1d2084f0, 2
52
SYSCALL
analyzed_bin
writev
108
1, 0x7fff1d2084f0, 2
98
SYSCALL
analyzed_bin
writev
108
1, 0x7fff1d2084f0, 2
52
SYSCALL
analyzed_bin
writev
108
1, 0x7fff1d2084f0, 2
98
SYSCALL
analyzed_bin
writev
108
1, 0x7fff1d2084f0, 2
52
SYSCALL
analyzed_bin
writev
108
1, 0x7fff1d2084f0, 2
98
SYSCALL
analyzed_bin
writev
108
1, 0x7fff1d2084f0, 2
52
SYSCALL
analyzed_bin
writev
108
1, 0x7fff1d2084f0, 2
98
SYSCALL
analyzed_bin
writev
108
1, 0x7fff1d2084f0, 2
52
SYSCALL
analyzed_bin
writev
108
1, 0x7fff1d2084f0, 2
98
SYSCALL
analyzed_bin
writev
108
1, 0x7fff1d2084f0, 2
52
SYSCALL
analyzed_bin
writev
108
1, 0x7fff1d2084f0, 2
98
SYSCALL
analyzed_bin
writev
108
1, 0x7fff1d2084f0, 2
52
SYSCALL
analyzed_bin
writev
108
1, 0x7fff1d2084f0, 2
98
SYSCALL
analyzed_bin
writev
108
1, 0x7fff1d2084f0, 2
52
SYSCALL
analyzed_bin
writev
108
1, 0x7fff1d2084f0, 2
98
SYSCALL
analyzed_bin
writev
108
1, 0x7fff1d2084f0, 2
52
SYSCALL
analyzed_bin
writev
108
1, 0x7fff1d2084f0, 2
98
SYSCALL
analyzed_bin
writev
108
1, 0x7fff1d2084f0, 2
52
SYSCALL
analyzed_bin
writev
108
1, 0x7fff1d2084f0, 2
98
SYSCALL
analyzed_bin
writev
108
1, 0x7fff1d2084f0, 2
52
SYSCALL
analyzed_bin
writev
108
1, 0x7fff1d2084f0, 2
98
SYSCALL
analyzed_bin
writev
108
1, 0x7fff1d2084f0, 2
52
SYSCALL
analyzed_bin
writev
108
1, 0x7fff1d2084f0, 2
98
SYSCALL
analyzed_bin
writev
108
1, 0x7fff1d2084f0, 2
52
SYSCALL
analyzed_bin
writev
108
1, 0x7fff1d2084f0, 2
98
SYSCALL
analyzed_bin
writev
108
1, 0x7fff1d2084f0, 2
52
SYSCALL
analyzed_bin
writev
108
1, 0x7fff1d2084f0, 2
98
SYSCALL
analyzed_bin
writev
108
1, 0x7fff1d2084f0, 2
52
SYSCALL
analyzed_bin
writev
108
1, 0x7fff1d2084f0, 2
98
SYSCALL
analyzed_bin
writev
108
1, 0x7fff1d2084f0, 2
52
SYSCALL
analyzed_bin
writev
108
1, 0x7fff1d2084f0, 2
98
SYSCALL
analyzed_bin
writev
108
1, 0x7fff1d2084f0, 2
52
SYSCALL
analyzed_bin
writev
108
1, 0x7fff1d2084f0, 2
98
SYSCALL
analyzed_bin
writev
108
1, 0x7fff1d2084f0, 2
52
SYSCALL
analyzed_bin
writev
108
1, 0x7fff1d2084f0, 2
98
SYSCALL
analyzed_bin
writev
108
1, 0x7fff1d2084f0, 2
52
SYSCALL
analyzed_bin
writev
108
1, 0x7fff1d2084f0, 2
98
SYSCALL
analyzed_bin
writev
108
1, 0x7fff1d2084f0, 2
52
SYSCALL
analyzed_bin
writev
108
1, 0x7fff1d2084f0, 2
98
SYSCALL
analyzed_bin
writev
108
1, 0x7fff1d2084f0, 2
52
SYSCALL
analyzed_bin
writev
108
1, 0x7fff1d2084f0, 2
98
SYSCALL
analyzed_bin
writev
108
1, 0x7fff1d2084f0, 2
52
SYSCALL
analyzed_bin
writev
108
1, 0x7fff1d2084f0, 2
98
SYSCALL
analyzed_bin
writev
108
1, 0x7fff1d2084f0, 2
52
SYSCALL
analyzed_bin
writev
108
1, 0x7fff1d2084f0, 2
98
SYSCALL
analyzed_bin
writev
108
1, 0x7fff1d2084f0, 2
52
SYSCALL
analyzed_bin
writev
108
1, 0x7fff1d2084f0, 2
98
SYSCALL
analyzed_bin
writev
108
1, 0x7fff1d2084f0, 2
52
SYSCALL
analyzed_bin
writev
108
1, 0x7fff1d2084f0, 2
98
SYSCALL
analyzed_bin
writev
108
1, 0x7fff1d2084f0, 2
52
SYSCALL
analyzed_bin
writev
108
1, 0x7fff1d2084f0, 2
98
SYSCALL
analyzed_bin
writev
108
1, 0x7fff1d2084f0, 2
52
SYSCALL
analyzed_bin
writev
108
1, 0x7fff1d2084f0, 2
98
SYSCALL
analyzed_bin
writev
108
1, 0x7fff1d2084f0, 2
52
SYSCALL
analyzed_bin
writev
108
1, 0x7fff1d2084f0, 2
98
SYSCALL
analyzed_bin
writev
108
1, 0x7fff1d2084f0, 2
52
SYSCALL
analyzed_bin
writev
108
1, 0x7fff1d2084f0, 2
98
SYSCALL
analyzed_bin
writev
108
1, 0x7fff1d2084f0, 2
52
SYSCALL
analyzed_bin
writev
108
1, 0x7fff1d2084f0, 2
98
SYSCALL
analyzed_bin
writev
108
1, 0x7fff1d2084f0, 2
52
SYSCALL
analyzed_bin
writev
108
1, 0x7fff1d2084f0, 2
98
SYSCALL
analyzed_bin
writev
108
1, 0x7fff1d2084f0, 2
52
SYSCALL
analyzed_bin
writev
108
1, 0x7fff1d2084f0, 2
98
SYSCALL
analyzed_bin
writev
108
1, 0x7fff1d2084f0, 2
52
SYSCALL
analyzed_bin
writev
108
1, 0x7fff1d2084f0, 2
98
SYSCALL
analyzed_bin
writev
108
1, 0x7fff1d2084f0, 2
52
SYSCALL
analyzed_bin
writev
108
1, 0x7fff1d2084f0, 2
98
SYSCALL
analyzed_bin
writev
108
1, 0x7fff1d2084f0, 2
52
SYSCALL
analyzed_bin
writev
108
1, 0x7fff1d2084f0, 2
98
SYSCALL
analyzed_bin
writev
108
1, 0x7fff1d2084f0, 2
52
SYSCALL
analyzed_bin
writev
108
1, 0x7fff1d2084f0, 2
98
SYSCALL
analyzed_bin
writev
108
1, 0x7fff1d2084f0, 2
52
SYSCALL
analyzed_bin
writev
108
1, 0x7fff1d2084f0, 2
98
SYSCALL
analyzed_bin
writev
108
1, 0x7fff1d2084f0, 2
52
SYSCALL
analyzed_bin
writev
108
1, 0x7fff1d2084f0, 2
98
SYSCALL
analyzed_bin
writev
108
1, 0x7fff1d2084f0, 2
52
SYSCALL
analyzed_bin
writev
108
1, 0x7fff1d2084f0, 2
98
SYSCALL
analyzed_bin
writev
108
1, 0x7fff1d2084f0, 2
52
SYSCALL
analyzed_bin
writev
108
1, 0x7fff1d2084f0, 2
98
SYSCALL
analyzed_bin
writev
108
1, 0x7fff1d2084f0, 2
52
SYSCALL
analyzed_bin
writev
108
1, 0x7fff1d2084f0, 2
98
SYSCALL
analyzed_bin
writev
108
1, 0x7fff1d2084f0, 2
52
SYSCALL
analyzed_bin
writev
108
1, 0x7fff1d2084f0, 2
98
SYSCALL
analyzed_bin
writev
108
1, 0x7fff1d2084f0, 2
52
SYSCALL
analyzed_bin
writev
108
1, 0x7fff1d2084f0, 2
98
SYSCALL
analyzed_bin
writev
108
1, 0x7fff1d2084f0, 2
52
SYSCALL
analyzed_bin
writev
108
1, 0x7fff1d2084f0, 2
98
SYSCALL
analyzed_bin
writev
108
1, 0x7fff1d2084f0, 2
52
SYSCALL
analyzed_bin
writev
108
1, 0x7fff1d2084f0, 2
98
SYSCALL
analyzed_bin
writev
108
1, 0x7fff1d2084f0, 2
52
SYSCALL
analyzed_bin
writev
108
1, 0x7fff1d2084f0, 2
98
SYSCALL
analyzed_bin
writev
108
1, 0x7fff1d2084f0, 2
52
SYSCALL
analyzed_bin
writev
108
1, 0x7fff1d2084f0, 2
98
SYSCALL
analyzed_bin
writev
108
1, 0x7fff1d2084f0, 2
52
SYSCALL
analyzed_bin
writev
108
1, 0x7fff1d2084f0, 2
98
SYSCALL
analyzed_bin
writev
108
1, 0x7fff1d2084f0, 2
52
SYSCALL
analyzed_bin
writev
108
1, 0x7fff1d2084f0, 2
98
SYSCALL
analyzed_bin
writev
108
1, 0x7fff1d2084f0, 2
52
SYSCALL
analyzed_bin
writev
108
1, 0x7fff1d2084f0, 2
98
SYSCALL
analyzed_bin
writev
108
1, 0x7fff1d2084f0, 2
52
SYSCALL
analyzed_bin
writev
108
1, 0x7fff1d2084f0, 2
98
SYSCALL
analyzed_bin
writev
108
1, 0x7fff1d2084f0, 2
52
SYSCALL
analyzed_bin
writev
108
1, 0x7fff1d2084f0, 2
98
SYSCALL
analyzed_bin
writev
108
1, 0x7fff1d2084f0, 2
52
SYSCALL
analyzed_bin
writev
108
1, 0x7fff1d2084f0, 2
98
SYSCALL
analyzed_bin
writev
108
1, 0x7fff1d2084f0, 2
52
SYSCALL
analyzed_bin
writev
108
1, 0x7fff1d2084f0, 2
98
SYSCALL
analyzed_bin
writev
108
1, 0x7fff1d2084f0, 2
52
SYSCALL
analyzed_bin
writev
108
1, 0x7fff1d2084f0, 2
98
SYSCALL
analyzed_bin
writev
108
1, 0x7fff1d2084f0, 2
52
SYSCALL
analyzed_bin
writev
108
1, 0x7fff1d2084f0, 2
98
SYSCALL
analyzed_bin
writev
108
1, 0x7fff1d2084f0, 2
52
SYSCALL
analyzed_bin
writev
108
1, 0x7fff1d2084f0, 2
98
SYSCALL
analyzed_bin
writev
108
1, 0x7fff1d2084f0, 2
52
SYSCALL
analyzed_bin
writev
108
1, 0x7fff1d2084f0, 2
98
SYSCALL
analyzed_bin
writev
108
1, 0x7fff1d2084f0, 2
52
SYSCALL
analyzed_bin
writev
108
1, 0x7fff1d2084f0, 2
98
SYSCALL
analyzed_bin
writev
108
1, 0x7fff1d2084f0, 2
52
SYSCALL
analyzed_bin
writev
108
1, 0x7fff1d2084f0, 2
98
SYSCALL
analyzed_bin
writev
108
1, 0x7fff1d2084f0, 2
52
SYSCALL
analyzed_bin
writev
108
1, 0x7fff1d2084f0, 2
98
SYSCALL
analyzed_bin
writev
108
1, 0x7fff1d2084f0, 2
52
SYSCALL
analyzed_bin
writev
108
1, 0x7fff1d2084f0, 2
98
SYSCALL
analyzed_bin
writev
108
1, 0x7fff1d2084f0, 2
52
SYSCALL
analyzed_bin
writev
108
1, 0x7fff1d2084f0, 2
98
SYSCALL
analyzed_bin
writev
108
1, 0x7fff1d2084f0, 2
52
SYSCALL
analyzed_bin
writev
108
1, 0x7fff1d2084f0, 2
98
SYSCALL
analyzed_bin
writev
108
1, 0x7fff1d2084f0, 2
52
SYSCALL
analyzed_bin
writev
108
1, 0x7fff1d2084f0, 2
98
SYSCALL
analyzed_bin
writev
108
1, 0x7fff1d2084f0, 2
52
SYSCALL
analyzed_bin
writev
108
1, 0x7fff1d2084f0, 2
98
SYSCALL
analyzed_bin
writev
108
1, 0x7fff1d2084f0, 2
52
SYSCALL
analyzed_bin
writev
108
1, 0x7fff1d2084f0, 2
98
SYSCALL
analyzed_bin
writev
108
1, 0x7fff1d2084f0, 2
52
SYSCALL
analyzed_bin
writev
108
1, 0x7fff1d2084f0, 2
98
SYSCALL
analyzed_bin
writev
108
1, 0x7fff1d2084f0, 2
52
SYSCALL
analyzed_bin
writev
108
1, 0x7fff1d2084f0, 2
98
SYSCALL
analyzed_bin
writev
108
1, 0x7fff1d2084f0, 2
52
SYSCALL
analyzed_bin
writev
108
1, 0x7fff1d2084f0, 2
98
SYSCALL
analyzed_bin
writev
108
1, 0x7fff1d2084f0, 2
52
SYSCALL
analyzed_bin
writev
108
1, 0x7fff1d2084f0, 2
98
SYSCALL
analyzed_bin
writev
108
1, 0x7fff1d2084f0, 2
52
SYSCALL
analyzed_bin
writev
108
1, 0x7fff1d2084f0, 2
98
SYSCALL
analyzed_bin
writev
108
1, 0x7fff1d2084f0, 2
52
SYSCALL
analyzed_bin
writev
108
1, 0x7fff1d2084f0, 2
98
SYSCALL
analyzed_bin
writev
108
1, 0x7fff1d2084f0, 2
52
SYSCALL
analyzed_bin
writev
108
1, 0x7fff1d2084f0, 2
98
SYSCALL
analyzed_bin
writev
108
1, 0x7fff1d2084f0, 2
52
SYSCALL
analyzed_bin
writev
108
1, 0x7fff1d2084f0, 2
98
SYSCALL
analyzed_bin
writev
108
1, 0x7fff1d2084f0, 2
52
SYSCALL
analyzed_bin
writev
108
1, 0x7fff1d2084f0, 2
98
SYSCALL
analyzed_bin
writev
108
1, 0x7fff1d2084f0, 2
52
SYSCALL
analyzed_bin
writev
108
1, 0x7fff1d2084f0, 2
98
SYSCALL
analyzed_bin
writev
108
1, 0x7fff1d2084f0, 2
52
SYSCALL
analyzed_bin
writev
108
1, 0x7fff1d2084f0, 2
98
SYSCALL
analyzed_bin
writev
108
1, 0x7fff1d2084f0, 2
52
SYSCALL
analyzed_bin
writev
108
1, 0x7fff1d2084f0, 2
98
SYSCALL
analyzed_bin
writev
108
1, 0x7fff1d2084f0, 2
52
SYSCALL
analyzed_bin
writev
108
1, 0x7fff1d2084f0, 2
98
SYSCALL
analyzed_bin
writev
108
1, 0x7fff1d2084f0, 2
52
SYSCALL
analyzed_bin
writev
108
1, 0x7fff1d2084f0, 2
98
SYSCALL
analyzed_bin
writev
108
1, 0x7fff1d2084f0, 2
52
SYSCALL
analyzed_bin
writev
108
1, 0x7fff1d2084f0, 2
98
SYSCALL
analyzed_bin
writev
108
1, 0x7fff1d2084f0, 2
52
SYSCALL
analyzed_bin
writev
108
1, 0x7fff1d2084f0, 2
98
SYSCALL
analyzed_bin
writev
108
1, 0x7fff1d2084f0, 2
52
SYSCALL
analyzed_bin
writev
108
1, 0x7fff1d2084f0, 2
98
SYSCALL
analyzed_bin
writev
108
1, 0x7fff1d2084f0, 2
52
SYSCALL
analyzed_bin
writev
108
1, 0x7fff1d2084f0, 2
98
SYSCALL
analyzed_bin
writev
108
1, 0x7fff1d2084f0, 2
52
SYSCALL
analyzed_bin
writev
108
1, 0x7fff1d2084f0, 2
98
SYSCALL
analyzed_bin
writev
108
1, 0x7fff1d2084f0, 2
52
SYSCALL
analyzed_bin
writev
108
1, 0x7fff1d2084f0, 2
98
SYSCALL
analyzed_bin
writev
108
1, 0x7fff1d2084f0, 2
52
SYSCALL
analyzed_bin
writev
108
1, 0x7fff1d2084f0, 2
98
SYSCALL
analyzed_bin
writev
108
1, 0x7fff1d2084f0, 2
52
SYSCALL
analyzed_bin
writev
108
1, 0x7fff1d2084f0, 2
98
SYSCALL
analyzed_bin
writev
108
1, 0x7fff1d2084f0, 2
52
SYSCALL
analyzed_bin
writev
108
1, 0x7fff1d2084f0, 2
98
SYSCALL
analyzed_bin
writev
108
1, 0x7fff1d2084f0, 2
52
SYSCALL
analyzed_bin
writev
108
1, 0x7fff1d2084f0, 2
98
SYSCALL
analyzed_bin
writev
108
1, 0x7fff1d2084f0, 2
52
SYSCALL
analyzed_bin
writev
108
1, 0x7fff1d2084f0, 2
98
SYSCALL
analyzed_bin
writev
108
1, 0x7fff1d2084f0, 2
52
SYSCALL
analyzed_bin
writev
108
1, 0x7fff1d2084f0, 2
98
SYSCALL
analyzed_bin
writev
108
1, 0x7fff1d2084f0, 2
52
SYSCALL
analyzed_bin
writev
108
1, 0x7fff1d2084f0, 2
98
SYSCALL
analyzed_bin
writev
108
1, 0x7fff1d2084f0, 2
52
SYSCALL
analyzed_bin
writev
108
1, 0x7fff1d2084f0, 2
98
SYSCALL
analyzed_bin
writev
108
1, 0x7fff1d2084f0, 2
52
SYSCALL
analyzed_bin
writev
108
1, 0x7fff1d2084f0, 2
98
SYSCALL
analyzed_bin
writev
108
1, 0x7fff1d2084f0, 2
52
SYSCALL
analyzed_bin
writev
108
1, 0x7fff1d2084f0, 2
98
SYSCALL
analyzed_bin
writev
108
1, 0x7fff1d2084f0, 2
52
SYSCALL
analyzed_bin
writev
108
1, 0x7fff1d2084f0, 2
98
SYSCALL
analyzed_bin
writev
108
1, 0x7fff1d2084f0, 2
52
SYSCALL
analyzed_bin
writev
108
1, 0x7fff1d2084f0, 2
98
SYSCALL
analyzed_bin
writev
108
1, 0x7fff1d2084f0, 2
52
SYSCALL
analyzed_bin
writev
108
1, 0x7fff1d2084f0, 2
98
SYSCALL
analyzed_bin
writev
108
1, 0x7fff1d2084f0, 2
52
SYSCALL
analyzed_bin
writev
108
1, 0x7fff1d2084f0, 2
98
SYSCALL
analyzed_bin
writev
108
1, 0x7fff1d2084f0, 2
52
SYSCALL
analyzed_bin
writev
108
1, 0x7fff1d2084f0, 2
98
SYSCALL
analyzed_bin
writev
108
1, 0x7fff1d2084f0, 2
52
SYSCALL
analyzed_bin
writev
108
1, 0x7fff1d2084f0, 2
98
SYSCALL
analyzed_bin
writev
108
1, 0x7fff1d2084f0, 2
52
SYSCALL
analyzed_bin
writev
108
1, 0x7fff1d2084f0, 2
98
SYSCALL
analyzed_bin
writev
108
1, 0x7fff1d2084f0, 2
52
SYSCALL
analyzed_bin
writev
108
1, 0x7fff1d2084f0, 2
98
SYSCALL
analyzed_bin
writev
108
1, 0x7fff1d2084f0, 2
52
SYSCALL
analyzed_bin
writev
108
1, 0x7fff1d2084f0, 2
98
SYSCALL
analyzed_bin
writev
108
1, 0x7fff1d2084f0, 2
52
SYSCALL
analyzed_bin
writev
108
1, 0x7fff1d2084f0, 2
98
SYSCALL
analyzed_bin
writev
108
1, 0x7fff1d2084f0, 2
52
SYSCALL
analyzed_bin
writev
108
1, 0x7fff1d2084f0, 2
98
SYSCALL
analyzed_bin
writev
108
1, 0x7fff1d2084f0, 2
52
SYSCALL
analyzed_bin
writev
108
1, 0x7fff1d2084f0, 2
98
SYSCALL
analyzed_bin
writev
108
1, 0x7fff1d2084f0, 2
52
SYSCALL
analyzed_bin
writev
108
1, 0x7fff1d2084f0, 2
98
SYSCALL
analyzed_bin
writev
108
1, 0x7fff1d2084f0, 2
52
SYSCALL
analyzed_bin
writev
108
1, 0x7fff1d2084f0, 2
98
SYSCALL
analyzed_bin
writev
108
1, 0x7fff1d2084f0, 2
52
SYSCALL
analyzed_bin
writev
108
1, 0x7fff1d2084f0, 2
98
SYSCALL
analyzed_bin
writev
108
1, 0x7fff1d2084f0, 2
52
SYSCALL
analyzed_bin
writev
108
1, 0x7fff1d2084f0, 2
98
SYSCALL
analyzed_bin
writev
108
1, 0x7fff1d2084f0, 2
52
SYSCALL
analyzed_bin
writev
108
1, 0x7fff1d2084f0, 2
98
SYSCALL
analyzed_bin
writev
108
1, 0x7fff1d2084f0, 2
52
SYSCALL
analyzed_bin
writev
108
1, 0x7fff1d2084f0, 2
98
SYSCALL
analyzed_bin
writev
108
1, 0x7fff1d2084f0, 2
52
SYSCALL
analyzed_bin
writev
108
1, 0x7fff1d2084f0, 2
98
SYSCALL
analyzed_bin
writev
108
1, 0x7fff1d2084f0, 2
52
SYSCALL
analyzed_bin
writev
108
1, 0x7fff1d2084f0, 2
98
SYSCALL
analyzed_bin
writev
108
1, 0x7fff1d2084f0, 2
52
SYSCALL
analyzed_bin
writev
108
1, 0x7fff1d2084f0, 2
98
SYSCALL
analyzed_bin
writev
108
1, 0x7fff1d2084f0, 2
52
SYSCALL
analyzed_bin
writev
108
1, 0x7fff1d2084f0, 2
98
SYSCALL
analyzed_bin
writev
108
1, 0x7fff1d2084f0, 2
52
SYSCALL
analyzed_bin
writev
108
1, 0x7fff1d2084f0, 2
98
SYSCALL
analyzed_bin
writev
108
1, 0x7fff1d2084f0, 2
52
SYSCALL
analyzed_bin
writev
108
1, 0x7fff1d2084f0, 2
98
SYSCALL
analyzed_bin
writev
108
1, 0x7fff1d2084f0, 2
52
SYSCALL
analyzed_bin
writev
108
1, 0x7fff1d2084f0, 2
98
SYSCALL
analyzed_bin
writev
108
1, 0x7fff1d2084f0, 2
52
SYSCALL
analyzed_bin
writev
108
1, 0x7fff1d2084f0, 2
98
SYSCALL
analyzed_bin
writev
108
1, 0x7fff1d2084f0, 2
52
SYSCALL
analyzed_bin
writev
108
1, 0x7fff1d2084f0, 2
98
SYSCALL
analyzed_bin
writev
108
1, 0x7fff1d2084f0, 2
52
SYSCALL
analyzed_bin
writev
108
1, 0x7fff1d2084f0, 2
98
SYSCALL
analyzed_bin
writev
108
1, 0x7fff1d2084f0, 2
52
SYSCALL
analyzed_bin
writev
108
1, 0x7fff1d2084f0, 2
98
SYSCALL
analyzed_bin
writev
108
1, 0x7fff1d2084f0, 2
52
SYSCALL
analyzed_bin
writev
108
1, 0x7fff1d2084f0, 2
98
SYSCALL
analyzed_bin
writev
108
1, 0x7fff1d2084f0, 2
52
SYSCALL
analyzed_bin
writev
108
1, 0x7fff1d2084f0, 2
98
SYSCALL
analyzed_bin
writev
108
1, 0x7fff1d2084f0, 2
52
SYSCALL
analyzed_bin
writev
108
1, 0x7fff1d2084f0, 2
98
SYSCALL
analyzed_bin
writev
108
1, 0x7fff1d2084f0, 2
52
SYSCALL
analyzed_bin
writev
108
1, 0x7fff1d2084f0, 2
98
SYSCALL
analyzed_bin
writev
108
1, 0x7fff1d2084f0, 2
52
SYSCALL
analyzed_bin
writev
108
1, 0x7fff1d2084f0, 2
98
SYSCALL
analyzed_bin
writev
108
1, 0x7fff1d2084f0, 2
52
SYSCALL
analyzed_bin
writev
108
1, 0x7fff1d2084f0, 2
98
SYSCALL
analyzed_bin
writev
108
1, 0x7fff1d2084f0, 2
52
SYSCALL
analyzed_bin
writev
108
1, 0x7fff1d2084f0, 2
98
SYSCALL
analyzed_bin
writev
108
1, 0x7fff1d2084f0, 2
52
SYSCALL
analyzed_bin
writev
108
1, 0x7fff1d2084f0, 2
98
SYSCALL
analyzed_bin
writev
108
1, 0x7fff1d2084f0, 2
52
SYSCALL
analyzed_bin
writev
108
1, 0x7fff1d2084f0, 2
98
SYSCALL
analyzed_bin
writev
108
1, 0x7fff1d2084f0, 2
52
SYSCALL
analyzed_bin
writev
108
1, 0x7fff1d2084f0, 2
98
SYSCALL
analyzed_bin
writev
108
1, 0x7fff1d2084f0, 2
52
SYSCALL
analyzed_bin
writev
108
1, 0x7fff1d2084f0, 2
98
SYSCALL
analyzed_bin
writev
108
1, 0x7fff1d2084f0, 2
52
SYSCALL
analyzed_bin
writev
108
1, 0x7fff1d2084f0, 2
98
SYSCALL
analyzed_bin
writev
108
1, 0x7fff1d2084f0, 2
52
SYSCALL
analyzed_bin
writev
108
1, 0x7fff1d2084f0, 2
98
SYSCALL
analyzed_bin
writev
108
1, 0x7fff1d2084f0, 2
52
SYSCALL
analyzed_bin
writev
108
1, 0x7fff1d2084f0, 2
98
SYSCALL
analyzed_bin
writev
108
1, 0x7fff1d2084f0, 2
52
SYSCALL
analyzed_bin
writev
108
1, 0x7fff1d2084f0, 2
98
SYSCALL
analyzed_bin
writev
108
1, 0x7fff1d2084f0, 2
52
SYSCALL
analyzed_bin
writev
108
1, 0x7fff1d2084f0, 2
98
SYSCALL
analyzed_bin
writev
108
1, 0x7fff1d2084f0, 2
52
SYSCALL
analyzed_bin
writev
108
1, 0x7fff1d2084f0, 2
98
SYSCALL
analyzed_bin
writev
108
1, 0x7fff1d2084f0, 2
52
SYSCALL
analyzed_bin
writev
108
1, 0x7fff1d2084f0, 2
98
SYSCALL
analyzed_bin
writev
108
1, 0x7fff1d2084f0, 2
52
SYSCALL
analyzed_bin
writev
108
1, 0x7fff1d2084f0, 2
98
SYSCALL
analyzed_bin
writev
108
1, 0x7fff1d2084f0, 2
52
SYSCALL
analyzed_bin
writev
108
1, 0x7fff1d2084f0, 2
98
SYSCALL
analyzed_bin
writev
108
1, 0x7fff1d2084f0, 2
52
SYSCALL
analyzed_bin
writev
108
1, 0x7fff1d2084f0, 2
98
SYSCALL
analyzed_bin
writev
108
1, 0x7fff1d2084f0, 2
52
SYSCALL
analyzed_bin
writev
108
1, 0x7fff1d2084f0, 2
98
SYSCALL
analyzed_bin
writev
108
1, 0x7fff1d2084f0, 2
52
SYSCALL
analyzed_bin
writev
108
1, 0x7fff1d2084f0, 2
98
SYSCALL
analyzed_bin
writev
108
1, 0x7fff1d2084f0, 2
52
SYSCALL
analyzed_bin
writev
108
1, 0x7fff1d2084f0, 2
98
SYSCALL
analyzed_bin
writev
108
1, 0x7fff1d2084f0, 2
52
SYSCALL
analyzed_bin
writev
108
1, 0x7fff1d2084f0, 2
98
SYSCALL
analyzed_bin
writev
108
1, 0x7fff1d2084f0, 2
52
SYSCALL
analyzed_bin
writev
108
1, 0x7fff1d2084f0, 2
98
SYSCALL
analyzed_bin
writev
108
1, 0x7fff1d2084f0, 2
52
SYSCALL
analyzed_bin
writev
108
1, 0x7fff1d2084f0, 2
98
SYSCALL
analyzed_bin
writev
108
1, 0x7fff1d2084f0, 2
52
SYSCALL
analyzed_bin
writev
108
1, 0x7fff1d2084f0, 2
98
SYSCALL
analyzed_bin
writev
108
1, 0x7fff1d2084f0, 2
52
SYSCALL
analyzed_bin
writev
108
1, 0x7fff1d2084f0, 2
98
SYSCALL
analyzed_bin
writev
108
1, 0x7fff1d2084f0, 2
52
SYSCALL
analyzed_bin
writev
108
1, 0x7fff1d2084f0, 2
98
SYSCALL
analyzed_bin
writev
108
1, 0x7fff1d2084f0, 2
52
SYSCALL
analyzed_bin
writev
108
1, 0x7fff1d2084f0, 2
98
SYSCALL
analyzed_bin
writev
108
1, 0x7fff1d2084f0, 2
52
SYSCALL
analyzed_bin
writev
108
1, 0x7fff1d2084f0, 2
98
SYSCALL
analyzed_bin
writev
108
1, 0x7fff1d2084f0, 2
52
SYSCALL
analyzed_bin
writev
108
1, 0x7fff1d2084f0, 2
98
SYSCALL
analyzed_bin
writev
108
1, 0x7fff1d2084f0, 2
52
SYSCALL
analyzed_bin
writev
108
1, 0x7fff1d2084f0, 2
98
SYSCALL
analyzed_bin
writev
108
1, 0x7fff1d2084f0, 2
52
SYSCALL
analyzed_bin
writev
108
1, 0x7fff1d2084f0, 2
98
SYSCALL
analyzed_bin
writev
108
1, 0x7fff1d2084f0, 2
52
SYSCALL
analyzed_bin
writev
108
1, 0x7fff1d2084f0, 2
98
SYSCALL
analyzed_bin
writev
108
1, 0x7fff1d2084f0, 2
52
SYSCALL
analyzed_bin
writev
108
1, 0x7fff1d2084f0, 2
98
SYSCALL
analyzed_bin
writev
108
1, 0x7fff1d2084f0, 2
52
SYSCALL
analyzed_bin
writev
108
1, 0x7fff1d2084f0, 2
98
SYSCALL
analyzed_bin
writev
108
1, 0x7fff1d2084f0, 2
52
SYSCALL
analyzed_bin
writev
108
1, 0x7fff1d2084f0, 2
98
SYSCALL
analyzed_bin
writev
108
1, 0x7fff1d2084f0, 2
52
SYSCALL
analyzed_bin
writev
108
1, 0x7fff1d2084f0, 2
98
SYSCALL
analyzed_bin
writev
108
1, 0x7fff1d2084f0, 2
52
SYSCALL
analyzed_bin
writev
108
1, 0x7fff1d2084f0, 2
98
SYSCALL
analyzed_bin
writev
108
1, 0x7fff1d2084f0, 2
52
SYSCALL
analyzed_bin
writev
108
1, 0x7fff1d2084f0, 2
98
SYSCALL
analyzed_bin
writev
108
1, 0x7fff1d2084f0, 2
52
SYSCALL
analyzed_bin
writev
108
1, 0x7fff1d2084f0, 2
98
SYSCALL
analyzed_bin
writev
108
1, 0x7fff1d2084f0, 2
52
SYSCALL
analyzed_bin
writev
108
1, 0x7fff1d2084f0, 2
98
SYSCALL
analyzed_bin
writev
108
1, 0x7fff1d2084f0, 2
52
SYSCALL
analyzed_bin
writev
108
1, 0x7fff1d2084f0, 2
98
SYSCALL
analyzed_bin
writev
108
1, 0x7fff1d2084f0, 2
52
SYSCALL
analyzed_bin
writev
108
1, 0x7fff1d2084f0, 2
98
SYSCALL
analyzed_bin
writev
108
1, 0x7fff1d2084f0, 2
52
SYSCALL
analyzed_bin
writev
108
1, 0x7fff1d2084f0, 2
98
SYSCALL
analyzed_bin
writev
108
1, 0x7fff1d2084f0, 2
52
SYSCALL
analyzed_bin
writev
108
1, 0x7fff1d2084f0, 2
98
SYSCALL
analyzed_bin
writev
108
1, 0x7fff1d2084f0, 2
52
SYSCALL
analyzed_bin
writev
108
1, 0x7fff1d2084f0, 2
98
SYSCALL
analyzed_bin
writev
108
1, 0x7fff1d2084f0, 2
52
SYSCALL
analyzed_bin
writev
108
1, 0x7fff1d2084f0, 2
98
SYSCALL
analyzed_bin
writev
108
1, 0x7fff1d2084f0, 2
52
SYSCALL
analyzed_bin
writev
108
1, 0x7fff1d2084f0, 2
98
SYSCALL
analyzed_bin
writev
108
1, 0x7fff1d2084f0, 2
52
SYSCALL
analyzed_bin
writev
108
1, 0x7fff1d2084f0, 2
98
SYSCALL
analyzed_bin
writev
108
1, 0x7fff1d2084f0, 2
52
SYSCALL
analyzed_bin
writev
108
1, 0x7fff1d2084f0, 2
98
SYSCALL
analyzed_bin
writev
108
1, 0x7fff1d2084f0, 2
52
SYSCALL
analyzed_bin
writev
108
1, 0x7fff1d2084f0, 2
98
SYSCALL
analyzed_bin
writev
108
1, 0x7fff1d2084f0, 2
52
SYSCALL
analyzed_bin
writev
108
1, 0x7fff1d2084f0, 2
98
SYSCALL
analyzed_bin
writev
108
1, 0x7fff1d2084f0, 2
52
SYSCALL
analyzed_bin
writev
108
1, 0x7fff1d2084f0, 2
98
SYSCALL
analyzed_bin
writev
108
1, 0x7fff1d2084f0, 2
52
SYSCALL
analyzed_bin
writev
108
1, 0x7fff1d2084f0, 2
98
SYSCALL
analyzed_bin
writev
108
1, 0x7fff1d2084f0, 2
52
SYSCALL
analyzed_bin
writev
108
1, 0x7fff1d2084f0, 2
98
SYSCALL
analyzed_bin
writev
108
1, 0x7fff1d2084f0, 2
52
SYSCALL
analyzed_bin
writev
108
1, 0x7fff1d2084f0, 2
98
SYSCALL
analyzed_bin
writev
108
1, 0x7fff1d2084f0, 2
52
SYSCALL
analyzed_bin
writev
108
1, 0x7fff1d2084f0, 2
98
SYSCALL
analyzed_bin
writev
108
1, 0x7fff1d2084f0, 2
52
SYSCALL
analyzed_bin
writev
108
1, 0x7fff1d2084f0, 2
98
SYSCALL
analyzed_bin
writev
108
1, 0x7fff1d2084f0, 2
52
SYSCALL
analyzed_bin
writev
108
1, 0x7fff1d2084f0, 2
98
SYSCALL
analyzed_bin
writev
108
1, 0x7fff1d2084f0, 2
52
SYSCALL
analyzed_bin
writev
108
1, 0x7fff1d2084f0, 2
98
SYSCALL
analyzed_bin
writev
108
1, 0x7fff1d2084f0, 2
52
SYSCALL
analyzed_bin
writev
108
1, 0x7fff1d2084f0, 2
98
SYSCALL
analyzed_bin
writev
108
1, 0x7fff1d2084f0, 2
52
SYSCALL
analyzed_bin
writev
108
1, 0x7fff1d2084f0, 2
98
SYSCALL
analyzed_bin
writev
108
1, 0x7fff1d2084f0, 2
52
SYSCALL
analyzed_bin
writev
108
1, 0x7fff1d2084f0, 2
98
SYSCALL
analyzed_bin
writev
108
1, 0x7fff1d2084f0, 2
52
SYSCALL
analyzed_bin
writev
108
1, 0x7fff1d2084f0, 2
98
SYSCALL
analyzed_bin
writev
108
1, 0x7fff1d2084f0, 2
52
SYSCALL
analyzed_bin
writev
108
1, 0x7fff1d2084f0, 2
98
SYSCALL
analyzed_bin
writev
108
1, 0x7fff1d2084f0, 2
52
SYSCALL
analyzed_bin
writev
108
1, 0x7fff1d2084f0, 2
98
SYSCALL
analyzed_bin
writev
108
1, 0x7fff1d2084f0, 2
52
SYSCALL
analyzed_bin
writev
108
1, 0x7fff1d2084f0, 2
98
SYSCALL
analyzed_bin
writev
108
1, 0x7fff1d2084f0, 2
52
SYSCALL
analyzed_bin
writev
108
1, 0x7fff1d2084f0, 2
98
SYSCALL
analyzed_bin
writev
108
1, 0x7fff1d2084f0, 2
52
SYSCALL
analyzed_bin
writev
108
1, 0x7fff1d2084f0, 2
98
SYSCALL
analyzed_bin
writev
108
1, 0x7fff1d2084f0, 2
52
SYSCALL
analyzed_bin
writev
108
1, 0x7fff1d2084f0, 2
98
SYSCALL
analyzed_bin
writev
108
1, 0x7fff1d2084f0, 2
52
SYSCALL
analyzed_bin
writev
108
1, 0x7fff1d2084f0, 2
98
SYSCALL
analyzed_bin
writev
108
1, 0x7fff1d2084f0, 2
52
SYSCALL
analyzed_bin
writev
108
1, 0x7fff1d2084f0, 2
98
SYSCALL
analyzed_bin
writev
108
1, 0x7fff1d2084f0, 2
52
SYSCALL
analyzed_bin
writev
108
1, 0x7fff1d2084f0, 2
98
SYSCALL
analyzed_bin
writev
108
1, 0x7fff1d2084f0, 2
52
SYSCALL
analyzed_bin
writev
108
1, 0x7fff1d2084f0, 2
98
SYSCALL
analyzed_bin
writev
108
1, 0x7fff1d2084f0, 2
52
SYSCALL
analyzed_bin
writev
108
1, 0x7fff1d2084f0, 2
98
SYSCALL
analyzed_bin
writev
108
1, 0x7fff1d2084f0, 2
52
SYSCALL
analyzed_bin
writev
108
1, 0x7fff1d2084f0, 2
98
SYSCALL
analyzed_bin
writev
108
1, 0x7fff1d2084f0, 2
52
SYSCALL
analyzed_bin
writev
108
1, 0x7fff1d2084f0, 2
98
SYSCALL
analyzed_bin
writev
108
1, 0x7fff1d2084f0, 2
52
SYSCALL
analyzed_bin
writev
108
1, 0x7fff1d2084f0, 2
98
SYSCALL
analyzed_bin
writev
108
1, 0x7fff1d2084f0, 2
52
SYSCALL
analyzed_bin
writev
108
1, 0x7fff1d2084f0, 2
98
SYSCALL
analyzed_bin
writev
108
1, 0x7fff1d2084f0, 2
52
SYSCALL
analyzed_bin
writev
108
1, 0x7fff1d2084f0, 2
98
SYSCALL
analyzed_bin
writev
108
1, 0x7fff1d2084f0, 2
52
SYSCALL
analyzed_bin
writev
108
1, 0x7fff1d2084f0, 2
98
SYSCALL
analyzed_bin
writev
108
1, 0x7fff1d2084f0, 2
52
SYSCALL
analyzed_bin
writev
108
1, 0x7fff1d2084f0, 2
98
SYSCALL
analyzed_bin
writev
108
1, 0x7fff1d2084f0, 2
52
SYSCALL
analyzed_bin
writev
108
1, 0x7fff1d2084f0, 2
98
SYSCALL
analyzed_bin
writev
108
1, 0x7fff1d2084f0, 2
52
SYSCALL
analyzed_bin
writev
108
1, 0x7fff1d2084f0, 2
98
SYSCALL
analyzed_bin
writev
108
1, 0x7fff1d2084f0, 2
52
SYSCALL
analyzed_bin
writev
108
1, 0x7fff1d2084f0, 2
98
SYSCALL
analyzed_bin
writev
108
1, 0x7fff1d2084f0, 2
52
SYSCALL
analyzed_bin
writev
108
1, 0x7fff1d2084f0, 2
98
SYSCALL
analyzed_bin
writev
108
1, 0x7fff1d2084f0, 2
52
SYSCALL
analyzed_bin
writev
108
1, 0x7fff1d2084f0, 2
98
SYSCALL
analyzed_bin
writev
108
1, 0x7fff1d2084f0, 2
52
SYSCALL
analyzed_bin
writev
108
1, 0x7fff1d2084f0, 2
98
SYSCALL
analyzed_bin
writev
108
1, 0x7fff1d2084f0, 2
52
SYSCALL
analyzed_bin
writev
108
1, 0x7fff1d2084f0, 2
98
SYSCALL
analyzed_bin
writev
108
1, 0x7fff1d2084f0, 2
52
SYSCALL
analyzed_bin
writev
108
1, 0x7fff1d2084f0, 2
98
SYSCALL
analyzed_bin
writev
108
1, 0x7fff1d2084f0, 2
52
SYSCALL
analyzed_bin
writev
108
1, 0x7fff1d2084f0, 2
98
SYSCALL
analyzed_bin
writev
108
1, 0x7fff1d2084f0, 2
52
SYSCALL
analyzed_bin
writev
108
1, 0x7fff1d2084f0, 2
98
SYSCALL
analyzed_bin
writev
108
1, 0x7fff1d2084f0, 2
52
SYSCALL
analyzed_bin
writev
108
1, 0x7fff1d2084f0, 2
98
SYSCALL
analyzed_bin
writev
108
1, 0x7fff1d2084f0, 2
52
SYSCALL
analyzed_bin
writev
108
1, 0x7fff1d2084f0, 2
98
SYSCALL
analyzed_bin
writev
108
1, 0x7fff1d2084f0, 2
52
SYSCALL
analyzed_bin
writev
108
1, 0x7fff1d2084f0, 2
98
SYSCALL
analyzed_bin
writev
108
1, 0x7fff1d2084f0, 2
52
SYSCALL
analyzed_bin
writev
108
1, 0x7fff1d2084f0, 2
98
SYSCALL
analyzed_bin
writev
108
1, 0x7fff1d2084f0, 2
52
SYSCALL
analyzed_bin
writev
108
1, 0x7fff1d2084f0, 2
98
SYSCALL
analyzed_bin
writev
108
1, 0x7fff1d2084f0, 2
52
SYSCALL
analyzed_bin
writev
108
1, 0x7fff1d2084f0, 2
98
SYSCALL
analyzed_bin
writev
108
1, 0x7fff1d2084f0, 2
52
SYSCALL
analyzed_bin
writev
108
1, 0x7fff1d2084f0, 2
98
SYSCALL
analyzed_bin
writev
108
1, 0x7fff1d2084f0, 2
52
SYSCALL
analyzed_bin
writev
108
1, 0x7fff1d2084f0, 2
98
SYSCALL
analyzed_bin
writev
108
1, 0x7fff1d2084f0, 2
52
SYSCALL
analyzed_bin
writev
108
1, 0x7fff1d2084f0, 2
98
SYSCALL
analyzed_bin
writev
108
1, 0x7fff1d2084f0, 2
52
SYSCALL
analyzed_bin
writev
108
1, 0x7fff1d2084f0, 2
98
SYSCALL
analyzed_bin
writev
108
1, 0x7fff1d2084f0, 2
52
SYSCALL
analyzed_bin
writev
108
1, 0x7fff1d2084f0, 2
98
SYSCALL
analyzed_bin
writev
108
1, 0x7fff1d2084f0, 2
52
SYSCALL
analyzed_bin
writev
108
1, 0x7fff1d2084f0, 2
98
SYSCALL
analyzed_bin
writev
108
1, 0x7fff1d2084f0, 2
52
SYSCALL
analyzed_bin
writev
108
1, 0x7fff1d2084f0, 2
98
SYSCALL
analyzed_bin
writev
108
1, 0x7fff1d2084f0, 2
52
SYSCALL
analyzed_bin
writev
108
1, 0x7fff1d2084f0, 2
98
SYSCALL
analyzed_bin
writev
108
1, 0x7fff1d2084f0, 2
52
SYSCALL
analyzed_bin
writev
108
1, 0x7fff1d2084f0, 2
98
SYSCALL
analyzed_bin
writev
108
1, 0x7fff1d2084f0, 2
52
SYSCALL
analyzed_bin
writev
108
1, 0x7fff1d2084f0, 2
98
SYSCALL
analyzed_bin
writev
108
1, 0x7fff1d2084f0, 2
52
SYSCALL
analyzed_bin
writev
108
1, 0x7fff1d2084f0, 2
98
SYSCALL
analyzed_bin
writev
108
1, 0x7fff1d2084f0, 2
52
SYSCALL
analyzed_bin
writev
108
1, 0x7fff1d2084f0, 2
98
SYSCALL
analyzed_bin
writev
108
1, 0x7fff1d2084f0, 2
52
SYSCALL
analyzed_bin
writev
108
1, 0x7fff1d2084f0, 2
98
SYSCALL
analyzed_bin
writev
108
1, 0x7fff1d2084f0, 2
52
SYSCALL
analyzed_bin
writev
108
1, 0x7fff1d2084f0, 2
98
SYSCALL
analyzed_bin
writev
108
1, 0x7fff1d2084f0, 2
52
SYSCALL
analyzed_bin
writev
108
1, 0x7fff1d2084f0, 2
98
SYSCALL
analyzed_bin
writev
108
1, 0x7fff1d2084f0, 2
52
SYSCALL
analyzed_bin
writev
108
1, 0x7fff1d2084f0, 2
98
SYSCALL
analyzed_bin
writev
108
1, 0x7fff1d2084f0, 2
52
SYSCALL
analyzed_bin
writev
108
1, 0x7fff1d2084f0, 2
98
SYSCALL
analyzed_bin
writev
108
1, 0x7fff1d2084f0, 2
52
SYSCALL
analyzed_bin
writev
108
1, 0x7fff1d2084f0, 2
98
SYSCALL
analyzed_bin
writev
108
1, 0x7fff1d2084f0, 2
52
SYSCALL
analyzed_bin
writev
108
1, 0x7fff1d2084f0, 2
98
SYSCALL
analyzed_bin
writev
108
1, 0x7fff1d2084f0, 2
52
SYSCALL
analyzed_bin
writev
108
1, 0x7fff1d2084f0, 2
98
SYSCALL
analyzed_bin
writev
108
1, 0x7fff1d2084f0, 2
52
SYSCALL
analyzed_bin
writev
108
1, 0x7fff1d2084f0, 2
98
SYSCALL
analyzed_bin
writev
108
1, 0x7fff1d2084f0, 2
52
SYSCALL
analyzed_bin
writev
108
1, 0x7fff1d2084f0, 2
98
SYSCALL
analyzed_bin
writev
108
1, 0x7fff1d2084f0, 2
52
SYSCALL
analyzed_bin
writev
108
1, 0x7fff1d2084f0, 2
98
SYSCALL
analyzed_bin
writev
108
1, 0x7fff1d2084f0, 2
52
SYSCALL
analyzed_bin
writev
108
1, 0x7fff1d2084f0, 2
98
SYSCALL
analyzed_bin
writev
108
1, 0x7fff1d2084f0, 2
52
SYSCALL
analyzed_bin
writev
108
1, 0x7fff1d2084f0, 2
98
SYSCALL
analyzed_bin
writev
108
1, 0x7fff1d2084f0, 2
52
SYSCALL
analyzed_bin
writev
108
1, 0x7fff1d2084f0, 2
98
SYSCALL
analyzed_bin
writev
108
1, 0x7fff1d2084f0, 2
52
SYSCALL
analyzed_bin
writev
108
1, 0x7fff1d2084f0, 2
98
SYSCALL
analyzed_bin
writev
108
1, 0x7fff1d2084f0, 2
52
SYSCALL
analyzed_bin
writev
108
1, 0x7fff1d2084f0, 2
98
SYSCALL
analyzed_bin
writev
108
1, 0x7fff1d2084f0, 2
52
SYSCALL
analyzed_bin
writev
108
1, 0x7fff1d2084f0, 2
98
SYSCALL
analyzed_bin
writev
108
1, 0x7fff1d2084f0, 2
52
SYSCALL
analyzed_bin
writev
108
1, 0x7fff1d2084f0, 2
98
SYSCALL
analyzed_bin
writev
108
1, 0x7fff1d2084f0, 2
52
SYSCALL
analyzed_bin
writev
108
1, 0x7fff1d2084f0, 2
98
SYSCALL
analyzed_bin
writev
108
1, 0x7fff1d2084f0, 2
52
SYSCALL
analyzed_bin
writev
108
1, 0x7fff1d2084f0, 2
98
SYSCALL
analyzed_bin
writev
108
1, 0x7fff1d2084f0, 2
52
SYSCALL
analyzed_bin
writev
108
1, 0x7fff1d2084f0, 2
98
SYSCALL
analyzed_bin
writev
108
1, 0x7fff1d2084f0, 2
52
SYSCALL
analyzed_bin
writev
108
1, 0x7fff1d2084f0, 2
98
SYSCALL
analyzed_bin
writev
108
1, 0x7fff1d2084f0, 2
52
SYSCALL
analyzed_bin
writev
108
1, 0x7fff1d2084f0, 2
98
SYSCALL
analyzed_bin
writev
108
1, 0x7fff1d2084f0, 2
52
SYSCALL
analyzed_bin
writev
108
1, 0x7fff1d2084f0, 2
98
SYSCALL
analyzed_bin
writev
108
1, 0x7fff1d2084f0, 2
52
SYSCALL
analyzed_bin
writev
108
1, 0x7fff1d2084f0, 2
98
SYSCALL
analyzed_bin
writev
108
1, 0x7fff1d2084f0, 2
52
SYSCALL
analyzed_bin
writev
108
1, 0x7fff1d2084f0, 2
98
SYSCALL
analyzed_bin
writev
108
1, 0x7fff1d2084f0, 2
52
SYSCALL
analyzed_bin
writev
108
1, 0x7fff1d2084f0, 2
98
SYSCALL
analyzed_bin
writev
108
1, 0x7fff1d2084f0, 2
52
SYSCALL
analyzed_bin
writev
108
1, 0x7fff1d2084f0, 2
98
SYSCALL
analyzed_bin
writev
108
1, 0x7fff1d2084f0, 2
52
SYSCALL
analyzed_bin
writev
108
1, 0x7fff1d2084f0, 2
98
SYSCALL
analyzed_bin
writev
108
1, 0x7fff1d2084f0, 2
52
SYSCALL
analyzed_bin
writev
108
1, 0x7fff1d2084f0, 2
98
SYSCALL
analyzed_bin
writev
108
1, 0x7fff1d2084f0, 2
52
SYSCALL
analyzed_bin
writev
108
1, 0x7fff1d2084f0, 2
98
SYSCALL
analyzed_bin
writev
108
1, 0x7fff1d2084f0, 2
52
SYSCALL
analyzed_bin
writev
108
1, 0x7fff1d2084f0, 2
98
SYSCALL
analyzed_bin
writev
108
1, 0x7fff1d2084f0, 2
52
SYSCALL
analyzed_bin
writev
108
1, 0x7fff1d2084f0, 2
98
SYSCALL
analyzed_bin
writev
108
1, 0x7fff1d2084f0, 2
52
SYSCALL
analyzed_bin
writev
108
1, 0x7fff1d2084f0, 2
98
SYSCALL
analyzed_bin
writev
108
1, 0x7fff1d2084f0, 2
52
SYSCALL
analyzed_bin
writev
108
1, 0x7fff1d2084f0, 2
98
SYSCALL
analyzed_bin
writev
108
1, 0x7fff1d2084f0, 2
52
SYSCALL
analyzed_bin
writev
108
1, 0x7fff1d2084f0, 2
98
SYSCALL
analyzed_bin
writev
108
1, 0x7fff1d2084f0, 2
52
SYSCALL
analyzed_bin
writev
108
1, 0x7fff1d2084f0, 2
98
SYSCALL
analyzed_bin
writev
108
1, 0x7fff1d2084f0, 2
52
SYSCALL
analyzed_bin
writev
108
1, 0x7fff1d2084f0, 2
98
SYSCALL
analyzed_bin
writev
108
1, 0x7fff1d2084f0, 2
52
SYSCALL
analyzed_bin
writev
108
1, 0x7fff1d2084f0, 2
98
SYSCALL
analyzed_bin
writev
108
1, 0x7fff1d2084f0, 2
52
SYSCALL
analyzed_bin
writev
108
1, 0x7fff1d2084f0, 2
98
SYSCALL
analyzed_bin
writev
108
1, 0x7fff1d2084f0, 2
52
SYSCALL
analyzed_bin
writev
108
1, 0x7fff1d2084f0, 2
98
SYSCALL
analyzed_bin
writev
108
1, 0x7fff1d2084f0, 2
52
SYSCALL
analyzed_bin
writev
108
1, 0x7fff1d2084f0, 2
98
SYSCALL
analyzed_bin
writev
108
1, 0x7fff1d2084f0, 2
52
SYSCALL
analyzed_bin
writev
108
1, 0x7fff1d2084f0, 2
98
SYSCALL
analyzed_bin
writev
108
1, 0x7fff1d2084f0, 2
52
SYSCALL
analyzed_bin
writev
108
1, 0x7fff1d2084f0, 2
98
SYSCALL
analyzed_bin
writev
108
1, 0x7fff1d2084f0, 2
52
SYSCALL
analyzed_bin
writev
108
1, 0x7fff1d2084f0, 2
98
SYSCALL
analyzed_bin
writev
108
1, 0x7fff1d2084f0, 2
52
SYSCALL
analyzed_bin
writev
108
1, 0x7fff1d2084f0, 2
98
SYSCALL
analyzed_bin
writev
108
1, 0x7fff1d2084f0, 2
52
SYSCALL
analyzed_bin
writev
108
1, 0x7fff1d2084f0, 2
98
SYSCALL
analyzed_bin
writev
108
1, 0x7fff1d2084f0, 2
52
SYSCALL
analyzed_bin
writev
108
1, 0x7fff1d2084f0, 2
98
SYSCALL
analyzed_bin
writev
108
1, 0x7fff1d2084f0, 2
52
SYSCALL
analyzed_bin
writev
108
1, 0x7fff1d2084f0, 2
98
SYSCALL
analyzed_bin
writev
108
1, 0x7fff1d2084f0, 2
52
SYSCALL
analyzed_bin
writev
108
1, 0x7fff1d2084f0, 2
98
SYSCALL
analyzed_bin
writev
108
1, 0x7fff1d2084f0, 2
52
SYSCALL
analyzed_bin
writev
108
1, 0x7fff1d2084f0, 2
98
SYSCALL
analyzed_bin
writev
108
1, 0x7fff1d2084f0, 2
52
SYSCALL
analyzed_bin
writev
108
1, 0x7fff1d2084f0, 2
98
SYSCALL
analyzed_bin
writev
108
1, 0x7fff1d2084f0, 2
52
SYSCALL
analyzed_bin
writev
108
1, 0x7fff1d2084f0, 2
98
SYSCALL
analyzed_bin
writev
108
1, 0x7fff1d2084f0, 2
52
SYSCALL
analyzed_bin
writev
108
1, 0x7fff1d2084f0, 2
98
SYSCALL
analyzed_bin
writev
108
1, 0x7fff1d2084f0, 2
52
SYSCALL
analyzed_bin
writev
108
1, 0x7fff1d2084f0, 2
98
SYSCALL
analyzed_bin
writev
108
1, 0x7fff1d2084f0, 2
52
SYSCALL
analyzed_bin
writev
108
1, 0x7fff1d2084f0, 2
98
SYSCALL
analyzed_bin
writev
108
1, 0x7fff1d2084f0, 2
52
SYSCALL
analyzed_bin
writev
108
1, 0x7fff1d2084f0, 2
98
SYSCALL
analyzed_bin
writev
108
1, 0x7fff1d2084f0, 2
52
SYSCALL
analyzed_bin
writev
108
1, 0x7fff1d2084f0, 2
98
SYSCALL
analyzed_bin
writev
108
1, 0x7fff1d2084f0, 2
52
SYSCALL
analyzed_bin
writev
108
1, 0x7fff1d2084f0, 2
98
SYSCALL
analyzed_bin
writev
108
1, 0x7fff1d2084f0, 2
52
SYSCALL
analyzed_bin
writev
108
1, 0x7fff1d2084f0, 2
98
SYSCALL
analyzed_bin
writev
108
1, 0x7fff1d2084f0, 2
52
SYSCALL
analyzed_bin
writev
108
1, 0x7fff1d2084f0, 2
98
SYSCALL
analyzed_bin
writev
108
1, 0x7fff1d2084f0, 2
52
SYSCALL
analyzed_bin
writev
108
1, 0x7fff1d2084f0, 2
98
SYSCALL
analyzed_bin
writev
108
1, 0x7fff1d2084f0, 2
52
SYSCALL
analyzed_bin
writev
108
1, 0x7fff1d2084f0, 2
98
SYSCALL
analyzed_bin
writev
108
1, 0x7fff1d2084f0, 2
52
SYSCALL
analyzed_bin
writev
108
1, 0x7fff1d2084f0, 2
98
SYSCALL
analyzed_bin
writev
108
1, 0x7fff1d2084f0, 2
52
SYSCALL
analyzed_bin
writev
108
1, 0x7fff1d2084f0, 2
98
SYSCALL
analyzed_bin
writev
108
1, 0x7fff1d2084f0, 2
52
SYSCALL
analyzed_bin
writev
108
1, 0x7fff1d2084f0, 2
98
SYSCALL
analyzed_bin
writev
108
1, 0x7fff1d2084f0, 2
52
SYSCALL
analyzed_bin
writev
108
1, 0x7fff1d2084f0, 2
98
SYSCALL
analyzed_bin
writev
108
1, 0x7fff1d2084f0, 2
52
SYSCALL
analyzed_bin
writev
108
1, 0x7fff1d2084f0, 2
98
SYSCALL
analyzed_bin
writev
108
1, 0x7fff1d2084f0, 2
52
SYSCALL
analyzed_bin
writev
108
1, 0x7fff1d2084f0, 2
98
SYSCALL
analyzed_bin
writev
108
1, 0x7fff1d2084f0, 2
52
SYSCALL
analyzed_bin
writev
108
1, 0x7fff1d2084f0, 2
98
SYSCALL
analyzed_bin
writev
108
1, 0x7fff1d2084f0, 2
52
SYSCALL
analyzed_bin
writev
108
1, 0x7fff1d2084f0, 2
98
SYSCALL
analyzed_bin
writev
108
1, 0x7fff1d2084f0, 2
52
SYSCALL
analyzed_bin
writev
108
1, 0x7fff1d2084f0, 2
98
SYSCALL
analyzed_bin
writev
108
1, 0x7fff1d2084f0, 2
52
SYSCALL
analyzed_bin
writev
108
1, 0x7fff1d2084f0, 2
98
SYSCALL
analyzed_bin
writev
108
1, 0x7fff1d2084f0, 2
52
SYSCALL
analyzed_bin
writev
108
1, 0x7fff1d2084f0, 2
98
SYSCALL
analyzed_bin
writev
108
1, 0x7fff1d2084f0, 2
52
SYSCALL
analyzed_bin
writev
108
1, 0x7fff1d2084f0, 2
98
SYSCALL
analyzed_bin
writev
108
1, 0x7fff1d2084f0, 2
52
SYSCALL
analyzed_bin
writev
108
1, 0x7fff1d2084f0, 2
98
SYSCALL
analyzed_bin
writev
108
1, 0x7fff1d2084f0, 2
52
SYSCALL
analyzed_bin
writev
108
1, 0x7fff1d2084f0, 2
98
SYSCALL
analyzed_bin
writev
108
1, 0x7fff1d2084f0, 2
52
SYSCALL
analyzed_bin
writev
108
1, 0x7fff1d2084f0, 2
98
SYSCALL
analyzed_bin
writev
108
1, 0x7fff1d2084f0, 2
52
SYSCALL
analyzed_bin
writev
108
1, 0x7fff1d2084f0, 2
98
SYSCALL
analyzed_bin
writev
108
1, 0x7fff1d2084f0, 2
52
SYSCALL
analyzed_bin
writev
108
1, 0x7fff1d2084f0, 2
98
SYSCALL
analyzed_bin
writev
108
1, 0x7fff1d2084f0, 2
52
SYSCALL
analyzed_bin
writev
108
1, 0x7fff1d2084f0, 2
98
SYSCALL
analyzed_bin
writev
108
1, 0x7fff1d2084f0, 2
52
SYSCALL
analyzed_bin
writev
108
1, 0x7fff1d2084f0, 2
98
SYSCALL
analyzed_bin
writev
108
1, 0x7fff1d2084f0, 2
52
SYSCALL
analyzed_bin
writev
108
1, 0x7fff1d2084f0, 2
98
SYSCALL
analyzed_bin
writev
108
1, 0x7fff1d2084f0, 2
52
SYSCALL
analyzed_bin
writev
108
1, 0x7fff1d2084f0, 2
98
SYSCALL
analyzed_bin
writev
108
1, 0x7fff1d2084f0, 2
52
SYSCALL
analyzed_bin
writev
108
1, 0x7fff1d2084f0, 2
98
SYSCALL
analyzed_bin
writev
108
1, 0x7fff1d2084f0, 2
52
SYSCALL
analyzed_bin
writev
108
1, 0x7fff1d2084f0, 2
98
SYSCALL
analyzed_bin
writev
108
1, 0x7fff1d2084f0, 2
52
SYSCALL
analyzed_bin
writev
108
1, 0x7fff1d2084f0, 2
98
SYSCALL
analyzed_bin
writev
108
1, 0x7fff1d2084f0, 2
52
SYSCALL
analyzed_bin
writev
108
1, 0x7fff1d2084f0, 2
98
SYSCALL
analyzed_bin
writev
108
1, 0x7fff1d2084f0, 2
52
SYSCALL
analyzed_bin
writev
108
1, 0x7fff1d2084f0, 2
98
SYSCALL
analyzed_bin
writev
108
1, 0x7fff1d2084f0, 2
52
SYSCALL
analyzed_bin
writev
108
1, 0x7fff1d2084f0, 2
98
SYSCALL
analyzed_bin
writev
108
1, 0x7fff1d2084f0, 2
52
SYSCALL
analyzed_bin
writev
108
1, 0x7fff1d2084f0, 2
98
SYSCALL
analyzed_bin
writev
108
1, 0x7fff1d2084f0, 2
52
SYSCALL
analyzed_bin
writev
108
1, 0x7fff1d2084f0, 2
98
SYSCALL
analyzed_bin
writev
108
1, 0x7fff1d2084f0, 2
52
SYSCALL
analyzed_bin
writev
108
1, 0x7fff1d2084f0, 2
98
SYSCALL
analyzed_bin
writev
108
1, 0x7fff1d2084f0, 2
52
SYSCALL
analyzed_bin
writev
108
1, 0x7fff1d2084f0, 2
98
SYSCALL
analyzed_bin
writev
108
1, 0x7fff1d2084f0, 2
52
SYSCALL
analyzed_bin
writev
108
1, 0x7fff1d2084f0, 2
98
SYSCALL
analyzed_bin
writev
108
1, 0x7fff1d2084f0, 2
52
SYSCALL
analyzed_bin
writev
108
1, 0x7fff1d2084f0, 2
98
SYSCALL
analyzed_bin
writev
108
1, 0x7fff1d2084f0, 2
52
SYSCALL
analyzed_bin
writev
108
1, 0x7fff1d2084f0, 2
98
SYSCALL
analyzed_bin
writev
108
1, 0x7fff1d2084f0, 2
52
SYSCALL
analyzed_bin
writev
108
1, 0x7fff1d2084f0, 2
98
SYSCALL
analyzed_bin
writev
108
1, 0x7fff1d2084f0, 2
52
SYSCALL
analyzed_bin
writev
108
1, 0x7fff1d2084f0, 2
98
SYSCALL
analyzed_bin
writev
108
1, 0x7fff1d2084f0, 2
52
SYSCALL
analyzed_bin
writev
108
1, 0x7fff1d2084f0, 2
98
SYSCALL
analyzed_bin
writev
108
1, 0x7fff1d2084f0, 2
52
SYSCALL
analyzed_bin
writev
108
1, 0x7fff1d2084f0, 2
98
SYSCALL
analyzed_bin
writev
108
1, 0x7fff1d2084f0, 2
52
SYSCALL
analyzed_bin
writev
108
1, 0x7fff1d2084f0, 2
98
SYSCALL
analyzed_bin
writev
108
1, 0x7fff1d2084f0, 2
52
SYSCALL
analyzed_bin
writev
108
1, 0x7fff1d2084f0, 2
98
SYSCALL
analyzed_bin
writev
108
1, 0x7fff1d2084f0, 2
52
SYSCALL
analyzed_bin
writev
108
1, 0x7fff1d2084f0, 2
98
SYSCALL
analyzed_bin
writev
108
1, 0x7fff1d2084f0, 2
52
SYSCALL
analyzed_bin
writev
108
1, 0x7fff1d2084f0, 2
98
SYSCALL
analyzed_bin
writev
108
1, 0x7fff1d2084f0, 2
52
SYSCALL
analyzed_bin
writev
108
1, 0x7fff1d2084f0, 2
98
SYSCALL
analyzed_bin
writev
108
1, 0x7fff1d2084f0, 2
52
SYSCALL
analyzed_bin
writev
108
1, 0x7fff1d2084f0, 2
98
SYSCALL
analyzed_bin
writev
108
1, 0x7fff1d2084f0, 2
52
SYSCALL
analyzed_bin
writev
108
1, 0x7fff1d2084f0, 2
98
SYSCALL
analyzed_bin
writev
108
1, 0x7fff1d2084f0, 2
52
SYSCALL
analyzed_bin
writev
108
1, 0x7fff1d2084f0, 2
98
SYSCALL
analyzed_bin
writev
108
1, 0x7fff1d2084f0, 2
52
SYSCALL
analyzed_bin
writev
108
1, 0x7fff1d2084f0, 2
98
SYSCALL
analyzed_bin
writev
108
1, 0x7fff1d2084f0, 2
52
SYSCALL
analyzed_bin
writev
108
1, 0x7fff1d2084f0, 2
98
SYSCALL
analyzed_bin
writev
108
1, 0x7fff1d2084f0, 2
52
SYSCALL
analyzed_bin
writev
108
1, 0x7fff1d2084f0, 2
98
SYSCALL
analyzed_bin
writev
108
1, 0x7fff1d2084f0, 2
52
SYSCALL
analyzed_bin
writev
108
1, 0x7fff1d2084f0, 2
98
SYSCALL
analyzed_bin
writev
108
1, 0x7fff1d2084f0, 2
52
SYSCALL
analyzed_bin
writev
108
1, 0x7fff1d2084f0, 2
98
SYSCALL
analyzed_bin
writev
108
1, 0x7fff1d2084f0, 2
52
SYSCALL
analyzed_bin
writev
108
1, 0x7fff1d2084f0, 2
98
SYSCALL
analyzed_bin
writev
108
1, 0x7fff1d2084f0, 2
52
SYSCALL
analyzed_bin
writev
108
1, 0x7fff1d2084f0, 2
98
SYSCALL
analyzed_bin
writev
108
1, 0x7fff1d2084f0, 2
52
SYSCALL
analyzed_bin
writev
108
1, 0x7fff1d2084f0, 2
98
SYSCALL
analyzed_bin
writev
108
1, 0x7fff1d2084f0, 2
52
SYSCALL
analyzed_bin
writev
108
1, 0x7fff1d2084f0, 2
98
SYSCALL
analyzed_bin
writev
108
1, 0x7fff1d2084f0, 2
52
SYSCALL
analyzed_bin
writev
108
1, 0x7fff1d2084f0, 2
98
SYSCALL
analyzed_bin
writev
108
1, 0x7fff1d2084f0, 2
52
SYSCALL
analyzed_bin
writev
108
1, 0x7fff1d2084f0, 2
98
SYSCALL
analyzed_bin
writev
108
1, 0x7fff1d2084f0, 2
52
SYSCALL
analyzed_bin
writev
108
1, 0x7fff1d2084f0, 2
98
SYSCALL
analyzed_bin
writev
108
1, 0x7fff1d2084f0, 2
52
SYSCALL
analyzed_bin
writev
108
1, 0x7fff1d2084f0, 2
98
SYSCALL
analyzed_bin
writev
108
1, 0x7fff1d2084f0, 2
52
SYSCALL
analyzed_bin
writev
108
1, 0x7fff1d2084f0, 2
98
SYSCALL
analyzed_bin
writev
108
1, 0x7fff1d2084f0, 2
52
SYSCALL
analyzed_bin
writev
108
1, 0x7fff1d2084f0, 2
98
SYSCALL
analyzed_bin
writev
108
1, 0x7fff1d2084f0, 2
52
SYSCALL
analyzed_bin
writev
108
1, 0x7fff1d2084f0, 2
98
SYSCALL
analyzed_bin
writev
108
1, 0x7fff1d2084f0, 2
52
SYSCALL
analyzed_bin
writev
108
1, 0x7fff1d2084f0, 2
98
SYSCALL
analyzed_bin
writev
108
1, 0x7fff1d2084f0, 2
52
SYSCALL
analyzed_bin
writev
108
1, 0x7fff1d2084f0, 2
98
SYSCALL
analyzed_bin
writev
108
1, 0x7fff1d2084f0, 2
52
SYSCALL
analyzed_bin
writev
108
1, 0x7fff1d2084f0, 2
98
SYSCALL
analyzed_bin
writev
108
1, 0x7fff1d2084f0, 2
52
SYSCALL
analyzed_bin
writev
108
1, 0x7fff1d2084f0, 2
98
SYSCALL
analyzed_bin
writev
108
1, 0x7fff1d2084f0, 2
52
SYSCALL
analyzed_bin
writev
108
1, 0x7fff1d2084f0, 2
98
SYSCALL
analyzed_bin
writev
108
1, 0x7fff1d2084f0, 2
52
SYSCALL
analyzed_bin
writev
108
1, 0x7fff1d2084f0, 2
98
SYSCALL
analyzed_bin
writev
108
1, 0x7fff1d2084f0, 2
52
SYSCALL
analyzed_bin
writev
108
1, 0x7fff1d2084f0, 2
98
SYSCALL
analyzed_bin
writev
108
1, 0x7fff1d2084f0, 2
52
SYSCALL
analyzed_bin
writev
108
1, 0x7fff1d2084f0, 2
98
SYSCALL
analyzed_bin
writev
108
1, 0x7fff1d2084f0, 2
52
SYSCALL
analyzed_bin
writev
108
1, 0x7fff1d2084f0, 2
98
SYSCALL
analyzed_bin
writev
108
1, 0x7fff1d2084f0, 2
52
SYSCALL
analyzed_bin
writev
108
1, 0x7fff1d2084f0, 2
98
SYSCALL
analyzed_bin
writev
108
1, 0x7fff1d2084f0, 2
52
SYSCALL
analyzed_bin
writev
108
1, 0x7fff1d2084f0, 2
98
SYSCALL
analyzed_bin
writev
108
1, 0x7fff1d2084f0, 2
52
SYSCALL
analyzed_bin
writev
108
1, 0x7fff1d2084f0, 2
98
SYSCALL
analyzed_bin
writev
108
1, 0x7fff1d2084f0, 2
52
SYSCALL
analyzed_bin
writev
108
1, 0x7fff1d2084f0, 2
98
SYSCALL
analyzed_bin
writev
108
1, 0x7fff1d2084f0, 2
52
SYSCALL
analyzed_bin
writev
108
1, 0x7fff1d2084f0, 2
98
SYSCALL
analyzed_bin
writev
108
1, 0x7fff1d2084f0, 2
52
SYSCALL
analyzed_bin
writev
108
1, 0x7fff1d2084f0, 2
98
SYSCALL
analyzed_bin
writev
108
1, 0x7fff1d2084f0, 2
52
SYSCALL
analyzed_bin
writev
108
1, 0x7fff1d2084f0, 2
98
SYSCALL
analyzed_bin
writev
108
1, 0x7fff1d2084f0, 2
52
SYSCALL
analyzed_bin
writev
108
1, 0x7fff1d2084f0, 2
98
SYSCALL
analyzed_bin
writev
108
1, 0x7fff1d2084f0, 2
52
SYSCALL
analyzed_bin
writev
108
1, 0x7fff1d2084f0, 2
98
SYSCALL
analyzed_bin
writev
108
1, 0x7fff1d2084f0, 2
52
SYSCALL
analyzed_bin
writev
108
1, 0x7fff1d2084f0, 2
98
SYSCALL
analyzed_bin
writev
108
1, 0x7fff1d2084f0, 2
52
SYSCALL
analyzed_bin
writev
108
1, 0x7fff1d2084f0, 2
98
SYSCALL
analyzed_bin
writev
108
1, 0x7fff1d2084f0, 2
52
SYSCALL
analyzed_bin
writev
108
1, 0x7fff1d2084f0, 2
98
SYSCALL
analyzed_bin
writev
108
1, 0x7fff1d2084f0, 2
52
SYSCALL
analyzed_bin
writev
108
1, 0x7fff1d2084f0, 2
98
SYSCALL
analyzed_bin
writev
108
1, 0x7fff1d2084f0, 2
52
SYSCALL
analyzed_bin
writev
108
1, 0x7fff1d2084f0, 2
98
SYSCALL
analyzed_bin
writev
108
1, 0x7fff1d2084f0, 2
52
SYSCALL
analyzed_bin
writev
108
1, 0x7fff1d2084f0, 2
98
SYSCALL
analyzed_bin
writev
108
1, 0x7fff1d2084f0, 2
52
SYSCALL
analyzed_bin
writev
108
1, 0x7fff1d2084f0, 2
98
SYSCALL
analyzed_bin
writev
108
1, 0x7fff1d2084f0, 2
52
SYSCALL
analyzed_bin
writev
108
1, 0x7fff1d2084f0, 2
98
SYSCALL
analyzed_bin
writev
108
1, 0x7fff1d2084f0, 2
52
SYSCALL
analyzed_bin
writev
108
1, 0x7fff1d2084f0, 2
98
SYSCALL
analyzed_bin
writev
108
1, 0x7fff1d2084f0, 2
52
SYSCALL
analyzed_bin
writev
108
1, 0x7fff1d2084f0, 2
98
SYSCALL
analyzed_bin
writev
108
1, 0x7fff1d2084f0, 2
52
SYSCALL
analyzed_bin
writev
108
1, 0x7fff1d2084f0, 2
98
SYSCALL
analyzed_bin
writev
108
1, 0x7fff1d2084f0, 2
52
SYSCALL
analyzed_bin
writev
108
1, 0x7fff1d2084f0, 2
98
SYSCALL
analyzed_bin
writev
108
1, 0x7fff1d2084f0, 2
52
SYSCALL
analyzed_bin
writev
108
1, 0x7fff1d2084f0, 2
98
SYSCALL
analyzed_bin
writev
108
1, 0x7fff1d2084f0, 2
52
SYSCALL
analyzed_bin
writev
108
1, 0x7fff1d2084f0, 2
98
SYSCALL
analyzed_bin
writev
108
1, 0x7fff1d2084f0, 2
52
SYSCALL
analyzed_bin
writev
108
1, 0x7fff1d2084f0, 2
98
SYSCALL
analyzed_bin
writev
108
1, 0x7fff1d2084f0, 2
52
SYSCALL
analyzed_bin
writev
108
1, 0x7fff1d2084f0, 2
98
SYSCALL
analyzed_bin
writev
108
1, 0x7fff1d2084f0, 2
52
SYSCALL
analyzed_bin
writev
108
1, 0x7fff1d2084f0, 2
98
SYSCALL
analyzed_bin
writev
108
1, 0x7fff1d2084f0, 2
52
SYSCALL
analyzed_bin
writev
108
1, 0x7fff1d2084f0, 2
98
SYSCALL
analyzed_bin
writev
108
1, 0x7fff1d2084f0, 2
52
SYSCALL
analyzed_bin
writev
108
1, 0x7fff1d2084f0, 2
98
SYSCALL
analyzed_bin
writev
108
1, 0x7fff1d2084f0, 2
52
SYSCALL
analyzed_bin
writev
108
1, 0x7fff1d2084f0, 2
98
SYSCALL
analyzed_bin
writev
108
1, 0x7fff1d2084f0, 2
52
SYSCALL
analyzed_bin
writev
108
1, 0x7fff1d2084f0, 2
98
SYSCALL
analyzed_bin
writev
108
1, 0x7fff1d2084f0, 2
52
SYSCALL
analyzed_bin
writev
108
1, 0x7fff1d2084f0, 2
98
SYSCALL
analyzed_bin
writev
108
1, 0x7fff1d2084f0, 2
52
SYSCALL
analyzed_bin
writev
108
1, 0x7fff1d2084f0, 2
98
SYSCALL
analyzed_bin
writev
108
1, 0x7fff1d2084f0, 2
52
SYSCALL
analyzed_bin
writev
108
1, 0x7fff1d2084f0, 2
98
SYSCALL
analyzed_bin
writev
108
1, 0x7fff1d2084f0, 2
52
SYSCALL
analyzed_bin
writev
108
1, 0x7fff1d2084f0, 2
98
SYSCALL
analyzed_bin
writev
108
1, 0x7fff1d2084f0, 2
52
SYSCALL
analyzed_bin
writev
108
1, 0x7fff1d2084f0, 2
98
SYSCALL
analyzed_bin
writev
108
1, 0x7fff1d2084f0, 2
52
SYSCALL
analyzed_bin
writev
108
1, 0x7fff1d2084f0, 2
98
SYSCALL
analyzed_bin
writev
108
1, 0x7fff1d2084f0, 2
52
SYSCALL
analyzed_bin
writev
108
1, 0x7fff1d2084f0, 2
98
SYSCALL
analyzed_bin
writev
108
1, 0x7fff1d2084f0, 2
52
SYSCALL
analyzed_bin
writev
108
1, 0x7fff1d2084f0, 2
98
SYSCALL
analyzed_bin
writev
108
1, 0x7fff1d2084f0, 2
52
SYSCALL
analyzed_bin
writev
108
1, 0x7fff1d2084f0, 2
98
SYSCALL
analyzed_bin
writev
108
1, 0x7fff1d2084f0, 2
52
SYSCALL
analyzed_bin
writev
108
1, 0x7fff1d2084f0, 2
98
SYSCALL
analyzed_bin
writev
108
1, 0x7fff1d2084f0, 2
52
SYSCALL
analyzed_bin
writev
108
1, 0x7fff1d2084f0, 2
98
SYSCALL
analyzed_bin
writev
108
1, 0x7fff1d2084f0, 2
52
SYSCALL
analyzed_bin
writev
108
1, 0x7fff1d2084f0, 2
98
SYSCALL
analyzed_bin
writev
108
1, 0x7fff1d2084f0, 2
52
SYSCALL
analyzed_bin
writev
108
1, 0x7fff1d2084f0, 2
98
SYSCALL
analyzed_bin
writev
108
1, 0x7fff1d2084f0, 2
52
SYSCALL
analyzed_bin
writev
108
1, 0x7fff1d2084f0, 2
98
SYSCALL
analyzed_bin
writev
108
1, 0x7fff1d2084f0, 2
52
SYSCALL
analyzed_bin
writev
108
1, 0x7fff1d2084f0, 2
98
SYSCALL
analyzed_bin
writev
108
1, 0x7fff1d2084f0, 2
52
SYSCALL
analyzed_bin
writev
108
1, 0x7fff1d2084f0, 2
98
SYSCALL
analyzed_bin
writev
108
1, 0x7fff1d2084f0, 2
52
SYSCALL
analyzed_bin
writev
108
1, 0x7fff1d2084f0, 2
98
SYSCALL
analyzed_bin
writev
108
1, 0x7fff1d2084f0, 2
52
SYSCALL
analyzed_bin
writev
108
1, 0x7fff1d2084f0, 2
98
SYSCALL
analyzed_bin
writev
108
1, 0x7fff1d2084f0, 2
52
SYSCALL
analyzed_bin
writev
108
1, 0x7fff1d2084f0, 2
98
SYSCALL
analyzed_bin
writev
108
1, 0x7fff1d2084f0, 2
52
SYSCALL
analyzed_bin
writev
108
1, 0x7fff1d2084f0, 2
98
SYSCALL
analyzed_bin
writev
108
1, 0x7fff1d2084f0, 2
52
SYSCALL
analyzed_bin
writev
108
1, 0x7fff1d2084f0, 2
98
SYSCALL
analyzed_bin
writev
108
1, 0x7fff1d2084f0, 2
52
SYSCALL
analyzed_bin
writev
108
1, 0x7fff1d2084f0, 2
98
SYSCALL
analyzed_bin
writev
108
1, 0x7fff1d2084f0, 2
52
SYSCALL
analyzed_bin
writev
108
1, 0x7fff1d2084f0, 2
98
SYSCALL
analyzed_bin
writev
108
1, 0x7fff1d2084f0, 2
52
SYSCALL
analyzed_bin
writev
108
1, 0x7fff1d2084f0, 2
98
SYSCALL
analyzed_bin
writev
108
1, 0x7fff1d2084f0, 2
52
SYSCALL
analyzed_bin
writev
108
1, 0x7fff1d2084f0, 2
98
SYSCALL
analyzed_bin
writev
108
1, 0x7fff1d2084f0, 2
52
SYSCALL
analyzed_bin
writev
108
1, 0x7fff1d2084f0, 2
98
SYSCALL
analyzed_bin
writev
108
1, 0x7fff1d2084f0, 2
52
SYSCALL
analyzed_bin
writev
108
1, 0x7fff1d2084f0, 2
98
SYSCALL
analyzed_bin
writev
108
1, 0x7fff1d2084f0, 2
52
SYSCALL
analyzed_bin
writev
108
1, 0x7fff1d2084f0, 2
98
SYSCALL
analyzed_bin
writev
108
1, 0x7fff1d2084f0, 2
52
SYSCALL
analyzed_bin
writev
108
1, 0x7fff1d2084f0, 2
98
SYSCALL
analyzed_bin
writev
108
1, 0x7fff1d2084f0, 2
52
SYSCALL
analyzed_bin
writev
108
1, 0x7fff1d2084f0, 2
98
SYSCALL
analyzed_bin
writev
108
1, 0x7fff1d2084f0, 2
52
SYSCALL
analyzed_bin
writev
108
1, 0x7fff1d2084f0, 2
98
SYSCALL
analyzed_bin
writev
108
1, 0x7fff1d2084f0, 2
52
SYSCALL
analyzed_bin
writev
108
1, 0x7fff1d2084f0, 2
98
SYSCALL
analyzed_bin
writev
108
1, 0x7fff1d2084f0, 2
52
SYSCALL
analyzed_bin
writev
108
1, 0x7fff1d2084f0, 2
98
SYSCALL
analyzed_bin
writev
108
1, 0x7fff1d2084f0, 2
52
SYSCALL
analyzed_bin
writev
108
1, 0x7fff1d2084f0, 2
98
SYSCALL
analyzed_bin
writev
108
1, 0x7fff1d2084f0, 2
52
SYSCALL
analyzed_bin
writev
108
1, 0x7fff1d2084f0, 2
98
SYSCALL
analyzed_bin
writev
108
1, 0x7fff1d2084f0, 2
52
SYSCALL
analyzed_bin
writev
108
1, 0x7fff1d2084f0, 2
98
SYSCALL
analyzed_bin
writev
108
1, 0x7fff1d2084f0, 2
52
SYSCALL
analyzed_bin
writev
108
1, 0x7fff1d2084f0, 2
98
SYSCALL
analyzed_bin
writev
108
1, 0x7fff1d2084f0, 2
52
SYSCALL
analyzed_bin
writev
108
1, 0x7fff1d2084f0, 2
98
SYSCALL
analyzed_bin
writev
108
1, 0x7fff1d2084f0, 2
52
SYSCALL
analyzed_bin
writev
108
1, 0x7fff1d2084f0, 2
98
SYSCALL
analyzed_bin
writev
108
1, 0x7fff1d2084f0, 2
52
SYSCALL
analyzed_bin
writev
108
1, 0x7fff1d2084f0, 2
98
SYSCALL
analyzed_bin
writev
108
1, 0x7fff1d2084f0, 2
52
SYSCALL
analyzed_bin
writev
108
1, 0x7fff1d2084f0, 2
98
SYSCALL
analyzed_bin
writev
108
1, 0x7fff1d2084f0, 2
52
SYSCALL
analyzed_bin
writev
108
1, 0x7fff1d2084f0, 2
98
SYSCALL
analyzed_bin
writev
108
1, 0x7fff1d2084f0, 2
52
SYSCALL
analyzed_bin
writev
108
1, 0x7fff1d2084f0, 2
98
SYSCALL
analyzed_bin
writev
108
1, 0x7fff1d2084f0, 2
52
SYSCALL
analyzed_bin
writev
108
1, 0x7fff1d2084f0, 2
98
SYSCALL
analyzed_bin
writev
108
1, 0x7fff1d2084f0, 2
52
SYSCALL
analyzed_bin
writev
108
1, 0x7fff1d2084f0, 2
98
SYSCALL
analyzed_bin
writev
108
1, 0x7fff1d2084f0, 2
52
SYSCALL
analyzed_bin
writev
108
1, 0x7fff1d2084f0, 2
98
SYSCALL
analyzed_bin
writev
108
1, 0x7fff1d2084f0, 2
52
SYSCALL
analyzed_bin
writev
108
1, 0x7fff1d2084f0, 2
98
SYSCALL
analyzed_bin
writev
108
1, 0x7fff1d2084f0, 2
52
SYSCALL
analyzed_bin
writev
108
1, 0x7fff1d2084f0, 2
98
SYSCALL
analyzed_bin
writev
108
1, 0x7fff1d2084f0, 2
52
SYSCALL
analyzed_bin
writev
108
1, 0x7fff1d2084f0, 2
98
SYSCALL
analyzed_bin
writev
108
1, 0x7fff1d2084f0, 2
52
SYSCALL
analyzed_bin
writev
108
1, 0x7fff1d2084f0, 2
98
SYSCALL
analyzed_bin
writev
108
1, 0x7fff1d2084f0, 2
52
SYSCALL
analyzed_bin
writev
108
1, 0x7fff1d2084f0, 2
98
SYSCALL
analyzed_bin
writev
108
1, 0x7fff1d2084f0, 2
52
SYSCALL
analyzed_bin
writev
108
1, 0x7fff1d2084f0, 2
98
SYSCALL
analyzed_bin
writev
108
1, 0x7fff1d2084f0, 2
52
SYSCALL
analyzed_bin
writev
108
1, 0x7fff1d2084f0, 2
98
SYSCALL
analyzed_bin
writev
108
1, 0x7fff1d2084f0, 2
52
SYSCALL
analyzed_bin
writev
108
1, 0x7fff1d2084f0, 2
98
SYSCALL
analyzed_bin
writev
108
1, 0x7fff1d2084f0, 2
52
SYSCALL
analyzed_bin
writev
108
1, 0x7fff1d2084f0, 2
98
SYSCALL
analyzed_bin
writev
108
1, 0x7fff1d2084f0, 2
52
SYSCALL
analyzed_bin
writev
108
1, 0x7fff1d2084f0, 2
98
SYSCALL
analyzed_bin
writev
108
1, 0x7fff1d2084f0, 2
52
SYSCALL
analyzed_bin
writev
108
1, 0x7fff1d2084f0, 2
98
SYSCALL
analyzed_bin
writev
108
1, 0x7fff1d2084f0, 2
52
SYSCALL
analyzed_bin
writev
108
1, 0x7fff1d2084f0, 2
98
SYSCALL
analyzed_bin
writev
108
1, 0x7fff1d2084f0, 2
52
SYSCALL
analyzed_bin
writev
108
1, 0x7fff1d2084f0, 2
98
SYSCALL
analyzed_bin
writev
108
1, 0x7fff1d2084f0, 2
52
SYSCALL
analyzed_bin
writev
108
1, 0x7fff1d2084f0, 2
98
SYSCALL
analyzed_bin
writev
108
1, 0x7fff1d2084f0, 2
52
SYSCALL
analyzed_bin
writev
108
1, 0x7fff1d2084f0, 2
98
SYSCALL
analyzed_bin
writev
108
1, 0x7fff1d2084f0, 2
52
SYSCALL
analyzed_bin
writev
108
1, 0x7fff1d2084f0, 2
98
SYSCALL
analyzed_bin
writev
108
1, 0x7fff1d2084f0, 2
52
SYSCALL
analyzed_bin
writev
108
1, 0x7fff1d2084f0, 2
98
SYSCALL
analyzed_bin
writev
108
1, 0x7fff1d2084f0, 2
52
SYSCALL
analyzed_bin
writev
108
1, 0x7fff1d2084f0, 2
98
SYSCALL
analyzed_bin
writev
108
1, 0x7fff1d2084f0, 2
52
SYSCALL
analyzed_bin
writev
108
1, 0x7fff1d2084f0, 2
98
SYSCALL
analyzed_bin
writev
108
1, 0x7fff1d2084f0, 2
52
SYSCALL
analyzed_bin
writev
108
1, 0x7fff1d2084f0, 2
98
SYSCALL
analyzed_bin
writev
108
1, 0x7fff1d2084f0, 2
52
SYSCALL
analyzed_bin
writev
108
1, 0x7fff1d2084f0, 2
98
SYSCALL
analyzed_bin
writev
108
1, 0x7fff1d2084f0, 2
52
SYSCALL
analyzed_bin
writev
108
1, 0x7fff1d2084f0, 2
98
SYSCALL
analyzed_bin
writev
108
1, 0x7fff1d2084f0, 2
52
SYSCALL
analyzed_bin
writev
108
1, 0x7fff1d2084f0, 2
98
SYSCALL
analyzed_bin
writev
108
1, 0x7fff1d2084f0, 2
52
SYSCALL
analyzed_bin
writev
108
1, 0x7fff1d2084f0, 2
98
SYSCALL
analyzed_bin
writev
108
1, 0x7fff1d2084f0, 2
52
SYSCALL
analyzed_bin
writev
108
1, 0x7fff1d2084f0, 2
98
SYSCALL
analyzed_bin
writev
108
1, 0x7fff1d2084f0, 2
52
SYSCALL
analyzed_bin
writev
108
1, 0x7fff1d2084f0, 2
98
SYSCALL
analyzed_bin
writev
108
1, 0x7fff1d2084f0, 2
52
SYSCALL
analyzed_bin
writev
108
1, 0x7fff1d2084f0, 2
98
SYSCALL
analyzed_bin
writev
108
1, 0x7fff1d2084f0, 2
52
SYSCALL
analyzed_bin
writev
108
1, 0x7fff1d2084f0, 2
98
SYSCALL
analyzed_bin
writev
108
1, 0x7fff1d2084f0, 2
52
SYSCALL
analyzed_bin
writev
108
1, 0x7fff1d2084f0, 2
98
SYSCALL
analyzed_bin
writev
108
1, 0x7fff1d2084f0, 2
52
SYSCALL
analyzed_bin
writev
108
1, 0x7fff1d2084f0, 2
98
SYSCALL
analyzed_bin
writev
108
1, 0x7fff1d2084f0, 2
52
SYSCALL
analyzed_bin
writev
108
1, 0x7fff1d2084f0, 2
98
SYSCALL
analyzed_bin
writev
108
1, 0x7fff1d2084f0, 2
52
SYSCALL
analyzed_bin
writev
108
1, 0x7fff1d2084f0, 2
98
SYSCALL
analyzed_bin
writev
108
1, 0x7fff1d2084f0, 2
52
SYSCALL
analyzed_bin
writev
108
1, 0x7fff1d2084f0, 2
98
SYSCALL
analyzed_bin
writev
108
1, 0x7fff1d2084f0, 2
52
SYSCALL
analyzed_bin
writev
108
1, 0x7fff1d2084f0, 2
98
SYSCALL
analyzed_bin
writev
108
1, 0x7fff1d2084f0, 2
52
SYSCALL
analyzed_bin
writev
108
1, 0x7fff1d2084f0, 2
98
SYSCALL
analyzed_bin
writev
108
1, 0x7fff1d2084f0, 2
52
SYSCALL
analyzed_bin
writev
108
1, 0x7fff1d2084f0, 2
98
SYSCALL
analyzed_bin
writev
108
1, 0x7fff1d2084f0, 2
52
SYSCALL
analyzed_bin
writev
108
1, 0x7fff1d2084f0, 2
98
SYSCALL
analyzed_bin
writev
108
1, 0x7fff1d2084f0, 2
52
SYSCALL
analyzed_bin
writev
108
1, 0x7fff1d2084f0, 2
98
SYSCALL
analyzed_bin
writev
108
1, 0x7fff1d2084f0, 2
52
SYSCALL
analyzed_bin
writev
108
1, 0x7fff1d2084f0, 2
98
SYSCALL
analyzed_bin
writev
108
1, 0x7fff1d2084f0, 2
52
SYSCALL
analyzed_bin
writev
108
1, 0x7fff1d2084f0, 2
98
SYSCALL
analyzed_bin
writev
108
1, 0x7fff1d2084f0, 2
52
SYSCALL
analyzed_bin
writev
108
1, 0x7fff1d2084f0, 2
98
SYSCALL
analyzed_bin
writev
108
1, 0x7fff1d2084f0, 2
52
SYSCALL
analyzed_bin
writev
108
1, 0x7fff1d2084f0, 2
98
SYSCALL
analyzed_bin
writev
108
1, 0x7fff1d2084f0, 2
52
SYSCALL
analyzed_bin
writev
108
1, 0x7fff1d2084f0, 2
98
SYSCALL
analyzed_bin
writev
108
1, 0x7fff1d2084f0, 2
52
SYSCALL
analyzed_bin
writev
108
1, 0x7fff1d2084f0, 2
98
SYSCALL
analyzed_bin
writev
108
1, 0x7fff1d2084f0, 2
52
SYSCALL
analyzed_bin
writev
108
1, 0x7fff1d2084f0, 2
98
SYSCALL
analyzed_bin
writev
108
1, 0x7fff1d2084f0, 2
52
SYSCALL
analyzed_bin
writev
108
1, 0x7fff1d2084f0, 2
98
SYSCALL
analyzed_bin
writev
108
1, 0x7fff1d2084f0, 2
52
SYSCALL
analyzed_bin
writev
108
1, 0x7fff1d2084f0, 2
98
SYSCALL
analyzed_bin
writev
108
1, 0x7fff1d2084f0, 2
52
SYSCALL
analyzed_bin
writev
108
1, 0x7fff1d2084f0, 2
98
SYSCALL
analyzed_bin
writev
108
1, 0x7fff1d2084f0, 2
52
SYSCALL
analyzed_bin
writev
108
1, 0x7fff1d2084f0, 2
98
SYSCALL
analyzed_bin
writev
108
1, 0x7fff1d2084f0, 2
52
SYSCALL
analyzed_bin
writev
108
1, 0x7fff1d2084f0, 2
98
SYSCALL
analyzed_bin
writev
108
1, 0x7fff1d2084f0, 2
52
SYSCALL
analyzed_bin
writev
108
1, 0x7fff1d2084f0, 2
98
SYSCALL
analyzed_bin
writev
108
1, 0x7fff1d2084f0, 2
52
SYSCALL
analyzed_bin
writev
108
1, 0x7fff1d2084f0, 2
98
SYSCALL
analyzed_bin
writev
108
1, 0x7fff1d2084f0, 2
52
SYSCALL
analyzed_bin
writev
108
1, 0x7fff1d2084f0, 2
98
SYSCALL
analyzed_bin
writev
108
1, 0x7fff1d2084f0, 2
52
SYSCALL
analyzed_bin
writev
108
1, 0x7fff1d2084f0, 2
98
SYSCALL
analyzed_bin
writev
108
1, 0x7fff1d2084f0, 2
52
SYSCALL
analyzed_bin
writev
108
1, 0x7fff1d2084f0, 2
98
SYSCALL
analyzed_bin
writev
108
1, 0x7fff1d2084f0, 2
52
SYSCALL
analyzed_bin
writev
108
1, 0x7fff1d2084f0, 2
98
SYSCALL
analyzed_bin
writev
108
1, 0x7fff1d2084f0, 2
52
SYSCALL
analyzed_bin
writev
108
1, 0x7fff1d2084f0, 2
98
SYSCALL
analyzed_bin
writev
108
1, 0x7fff1d2084f0, 2
52
SYSCALL
analyzed_bin
writev
108
1, 0x7fff1d2084f0, 2
98
SYSCALL
analyzed_bin
writev
108
1, 0x7fff1d2084f0, 2
52
SYSCALL
analyzed_bin
writev
108
1, 0x7fff1d2084f0, 2
98
SYSCALL
analyzed_bin
writev
108
1, 0x7fff1d2084f0, 2
52
SYSCALL
analyzed_bin
writev
108
1, 0x7fff1d2084f0, 2
98
