LISA
PROCESS
108:105
SYSCALL
analyzed_bin
execve
108

0
SYSCALL
analyzed_bin
brk
108
0x0
14618624
SYSCALL
analyzed_bin
access
108
"/etc/ld.so.preload", R_OK
-2 (ENOENT)
OPENFILE
"/etc/ld.so.cache"
SYSCALL
analyzed_bin
openat
108
AT_FDCWD, "/etc/ld.so.cache", O_RDONLY|O_CLOEXEC
-2 (ENOENT)
OPENFILE
"/lib64/tls/x86_64/x86_64/libpthread.so.0"
SYSCALL
analyzed_bin
openat
108
AT_FDCWD, "/lib64/tls/x86_64/x86_64/libpthread.so.0", O_RDONLY|O_CLOEXEC
-2 (ENOENT)
SYSCALL
analyzed_bin
stat
108
"/lib64/tls/x86_64/x86_64", 0x7fffee7412b0
-2 (ENOENT)
OPENFILE
"/lib64/tls/x86_64/libpthread.so.0"
SYSCALL
analyzed_bin
openat
108
AT_FDCWD, "/lib64/tls/x86_64/libpthread.so.0", O_RDONLY|O_CLOEXEC
-2 (ENOENT)
SYSCALL
analyzed_bin
stat
108
"/lib64/tls/x86_64", 0x7fffee7412b0
-2 (ENOENT)
OPENFILE
"/lib64/tls/x86_64/libpthread.so.0"
SYSCALL
analyzed_bin
openat
108
AT_FDCWD, "/lib64/tls/x86_64/libpthread.so.0", O_RDONLY|O_CLOEXEC
-2 (ENOENT)
SYSCALL
analyzed_bin
stat
108
"/lib64/tls/x86_64", 0x7fffee7412b0
-2 (ENOENT)
OPENFILE
"/lib64/tls/libpthread.so.0"
SYSCALL
analyzed_bin
openat
108
AT_FDCWD, "/lib64/tls/libpthread.so.0", O_RDONLY|O_CLOEXEC
-2 (ENOENT)
SYSCALL
analyzed_bin
stat
108
"/lib64/tls", 0x7fffee7412b0
-2 (ENOENT)
OPENFILE
"/lib64/x86_64/x86_64/libpthread.so.0"
SYSCALL
analyzed_bin
openat
108
AT_FDCWD, "/lib64/x86_64/x86_64/libpthread.so.0", O_RDONLY|O_CLOEXEC
-2 (ENOENT)
SYSCALL
analyzed_bin
stat
108
"/lib64/x86_64/x86_64", 0x7fffee7412b0
-2 (ENOENT)
OPENFILE
"/lib64/x86_64/libpthread.so.0"
SYSCALL
analyzed_bin
openat
108
AT_FDCWD, "/lib64/x86_64/libpthread.so.0", O_RDONLY|O_CLOEXEC
-2 (ENOENT)
SYSCALL
analyzed_bin
stat
108
"/lib64/x86_64", 0x7fffee7412b0
-2 (ENOENT)
OPENFILE
"/lib64/x86_64/libpthread.so.0"
SYSCALL
analyzed_bin
openat
108
AT_FDCWD, "/lib64/x86_64/libpthread.so.0", O_RDONLY|O_CLOEXEC
-2 (ENOENT)
SYSCALL
analyzed_bin
stat
108
"/lib64/x86_64", 0x7fffee7412b0
-2 (ENOENT)
OPENFILE
"/lib64/libpthread.so.0"
SYSCALL
analyzed_bin
openat
108
AT_FDCWD, "/lib64/libpthread.so.0", O_RDONLY|O_CLOEXEC
3
SYSCALL
analyzed_bin
read
108
3, 0x7fffee741418, 832
832
SYSCALL
analyzed_bin
fstat
108
3, 0x7fffee7412b0
0
SYSCALL
analyzed_bin
mmap2
108
0x0, 8192, PROT_READ|PROT_WRITE, MAP_PRIVATE|MAP_ANONYMOUS, -1, 0
0x7fc4b360b000
SYSCALL
analyzed_bin
mmap2
108
0x0, 2221216, PROT_READ|PROT_EXEC, MAP_PRIVATE|MAP_DENYWRITE, 3, 0
0x7fc4b31c8000
SYSCALL
analyzed_bin
mprotect
108
0x7fc4b31e2000, 2093056, PROT_NONE
0
SYSCALL
analyzed_bin
mmap2
108
0x7fc4b33e1000, 8192, PROT_READ|PROT_WRITE, MAP_PRIVATE|MAP_FIXED|MAP_DENYWRITE, 3, 102400
0x7fc4b33e1000
SYSCALL
analyzed_bin
mmap2
108
0x7fc4b33e3000, 13472, PROT_READ|PROT_WRITE, MAP_PRIVATE|MAP_FIXED|MAP_ANONYMOUS, -1, 0
0x7fc4b33e3000
SYSCALL
analyzed_bin
close
108
3
0
OPENFILE
"/lib64/librt.so.1"
SYSCALL
analyzed_bin
openat
108
AT_FDCWD, "/lib64/librt.so.1", O_RDONLY|O_CLOEXEC
3
SYSCALL
analyzed_bin
read
108
3, 0x7fffee7413e8, 832
832
SYSCALL
analyzed_bin
fstat
108
3, 0x7fffee741280
0
SYSCALL
analyzed_bin
mmap2
108
0x0, 2128864, PROT_READ|PROT_EXEC, MAP_PRIVATE|MAP_DENYWRITE, 3, 0
0x7fc4b2fc0000
SYSCALL
analyzed_bin
mprotect
108
0x7fc4b2fc7000, 2093056, PROT_NONE
0
SYSCALL
analyzed_bin
mmap2
108
0x7fc4b31c6000, 8192, PROT_READ|PROT_WRITE, MAP_PRIVATE|MAP_FIXED|MAP_DENYWRITE, 3, 24576
0x7fc4b31c6000
SYSCALL
analyzed_bin
close
108
3
0
OPENFILE
"/lib64/libdl.so.2"
SYSCALL
analyzed_bin
openat
108
AT_FDCWD, "/lib64/libdl.so.2", O_RDONLY|O_CLOEXEC
3
SYSCALL
analyzed_bin
read
108
3, 0x7fffee7413b8, 832
832
SYSCALL
analyzed_bin
fstat
108
3, 0x7fffee741250
0
SYSCALL
analyzed_bin
mmap2
108
0x0, 2109680, PROT_READ|PROT_EXEC, MAP_PRIVATE|MAP_DENYWRITE, 3, 0
0x7fc4b2dbc000
SYSCALL
analyzed_bin
mprotect
108
0x7fc4b2dbf000, 2093056, PROT_NONE
0
SYSCALL
analyzed_bin
mmap2
108
0x7fc4b2fbe000, 8192, PROT_READ|PROT_WRITE, MAP_PRIVATE|MAP_FIXED|MAP_DENYWRITE, 3, 8192
0x7fc4b2fbe000
SYSCALL
analyzed_bin
close
108
3
0
OPENFILE
"/lib64/libm.so.6"
SYSCALL
analyzed_bin
openat
108
AT_FDCWD, "/lib64/libm.so.6", O_RDONLY|O_CLOEXEC
3
SYSCALL
analyzed_bin
read
108
3, 0x7fffee741388, 832
832
SYSCALL
analyzed_bin
fstat
108
3, 0x7fffee741220
0
SYSCALL
analyzed_bin
mmap2
108
0x0, 3653968, PROT_READ|PROT_EXEC, MAP_PRIVATE|MAP_DENYWRITE, 3, 0
0x7fc4b2a3f000
SYSCALL
analyzed_bin
mprotect
108
0x7fc4b2bbb000, 2093056, PROT_NONE
0
SYSCALL
analyzed_bin
mmap2
108
0x7fc4b2dba000, 8192, PROT_READ|PROT_WRITE, MAP_PRIVATE|MAP_FIXED|MAP_DENYWRITE, 3, 1552384
0x7fc4b2dba000
SYSCALL
analyzed_bin
close
108
3
0
OPENFILE
"/lib64/libc.so.6"
SYSCALL
analyzed_bin
openat
108
AT_FDCWD, "/lib64/libc.so.6", O_RDONLY|O_CLOEXEC
3
SYSCALL
analyzed_bin
read
108
3, 0x7fffee741358, 832
832
SYSCALL
analyzed_bin
fstat
108
3, 0x7fffee7411f0
0
SYSCALL
analyzed_bin
mmap2
108
0x0, 3885056, PROT_READ|PROT_EXEC, MAP_PRIVATE|MAP_DENYWRITE, 3, 0
0x7fc4b268a000
SYSCALL
analyzed_bin
mprotect
108
0x7fc4b2836000, 2093056, PROT_NONE
0
SYSCALL
analyzed_bin
mmap2
108
0x7fc4b2a35000, 24576, PROT_READ|PROT_WRITE, MAP_PRIVATE|MAP_FIXED|MAP_DENYWRITE, 3, 1748992
0x7fc4b2a35000
SYSCALL
analyzed_bin
mmap2
108
0x7fc4b2a3b000, 14336, PROT_READ|PROT_WRITE, MAP_PRIVATE|MAP_FIXED|MAP_ANONYMOUS, -1, 0
0x7fc4b2a3b000
SYSCALL
analyzed_bin
close
108
3
0
SYSCALL
analyzed_bin
mmap2
108
0x0, 8192, PROT_READ|PROT_WRITE, MAP_PRIVATE|MAP_ANONYMOUS, -1, 0
0x7fc4b3609000
SYSCALL
analyzed_bin
arch_prctl
108
ARCH_SET_FS, 140482799772032
0
SYSCALL
analyzed_bin
mprotect
108
0x7fc4b2a35000, 16384, PROT_READ
0
SYSCALL
analyzed_bin
mprotect
108
0x7fc4b2dba000, 4096, PROT_READ
0
SYSCALL
analyzed_bin
mprotect
108
0x7fc4b2fbe000, 4096, PROT_READ
0
SYSCALL
analyzed_bin
mprotect
108
0x7fc4b33e1000, 4096, PROT_READ
0
SYSCALL
analyzed_bin
mprotect
108
0x7fc4b31c6000, 4096, PROT_READ
0
SYSCALL
analyzed_bin
mprotect
108
0xd11000, 212992, PROT_READ
0
SYSCALL
analyzed_bin
mprotect
108
0x7fc4b360d000, 4096, PROT_READ
0
SYSCALL
analyzed_bin
set_tid_address
108
0x7fc4b360a450
108
SYSCALL
analyzed_bin
set_robust_list
108
0x7fc4b360a460, 24
0
SYSCALL
analyzed_bin
rt_sigaction
108
0x20, {0x7fc4b31ce2e0, SA_SIGINFO|SA_RESTORER, 0x7fc4b31d9fe0, [EMPTY]}, 0x0, 8
0
SYSCALL
analyzed_bin
rt_sigaction
108
0x21, {0x7fc4b31ce380, SA_RESTART|SA_SIGINFO|SA_RESTORER, 0x7fc4b31d9fe0, [EMPTY]}, 0x0, 8
0
SYSCALL
analyzed_bin
rt_sigprocmask
108
SIG_UNBLOCK, [EMPTY], 0x0, 8
0
SYSCALL
analyzed_bin
prlimit64
108
0, RLIMIT_STACK, NULL, 0x7fffee741fd0
0
SYSCALL
analyzed_bin
brk
108
0x0
14618624
SYSCALL
analyzed_bin
brk
108
0xe12000
14753792
OPENFILE
0xa0cc9c
SYSCALL
analyzed_bin
openat
108
AT_FDCWD, 0xa0cc9c, O_RDONLY
3
SYSCALL
analyzed_bin
read
108
3, 0x7fffee741fa4, 4
4
SYSCALL
analyzed_bin
mmap2
108
0x0, 81920, PROT_READ|PROT_WRITE|PROT_EXEC, MAP_PRIVATE|MAP_ANONYMOUS, -1, 0
0x7fc4b35f5000
SYSCALL
analyzed_bin
mprotect
108
0x7fc4b35f5000, 81920, PROT_READ|PROT_EXEC
0
SYSCALL
analyzed_bin
futex
108
0xdf040c, FUTEX_WAKE_PRIVATE, 2147483647
0
SYSCALL
analyzed_bin
futex
108
0xdf0418, FUTEX_WAKE_PRIVATE, 2147483647
0
SYSCALL
analyzed_bin
readlink
108
"/proc/self/exe", 0xd52240, 519
18
OPENFILE
"/root/config.json"
SYSCALL
analyzed_bin
openat
108
AT_FDCWD, "/root/config.json", O_RDONLY
-2 (ENOENT)
OPENFILE
"/etc/localtime"
SYSCALL
analyzed_bin
openat
108
AT_FDCWD, "/etc/localtime", O_RDONLY|O_CLOEXEC
4
SYSCALL
analyzed_bin
fstat
108
4, 0x7fffee741ad0
0
SYSCALL
analyzed_bin
fstat
108
4, 0x7fffee741910
0
SYSCALL
analyzed_bin
read
108
4, 0xe09640, 1024
127
SYSCALL
analyzed_bin
lseek
108
4, -71, SEEK_CUR
56
SYSCALL
analyzed_bin
read
108
4, 0xe09640, 1024
71
SYSCALL
analyzed_bin
close
108
4
0
SYSCALL
analyzed_bin
fstat
108
1, 0x7fffee741aa0
0
SYSCALL
analyzed_bin
write
108
1, "[2022-07-14 07:08:30.267] unable to open \"/r"..., 62
62
OPENFILE
"/root/.xmrig.json"
SYSCALL
analyzed_bin
openat
108
AT_FDCWD, "/root/.xmrig.json", O_RDONLY
-2 (ENOENT)
SYSCALL
analyzed_bin
write
108
1, "[2022-07-14 07:08:30.276] unable to open \"/r"..., 62
62
OPENFILE
"/root/.config/xmrig.json"
SYSCALL
analyzed_bin
openat
108
AT_FDCWD, "/root/.config/xmrig.json", O_RDONLY
-2 (ENOENT)
SYSCALL
analyzed_bin
write
108
1, "[2022-07-14 07:08:30.277] unable to open \"/r"..., 69
69
SYSCALL
analyzed_bin
write
108
1, "[2022-07-14 07:08:30.278] no valid configurat"..., 85
85
SYSCALL
analyzed_bin
close
108
3
0
SYSCALL
analyzed_bin
exit_group
108
2

