LISA
PROCESS
108:105
SYSCALL
analyzed_bin
execve
108

0
SYSCALL
analyzed_bin
brk
108
0x0
94766277632000
SYSCALL
analyzed_bin
access
108
"/etc/ld.so.preload", R_OK
-2 (ENOENT)
OPENFILE
"/etc/ld.so.cache"
SYSCALL
analyzed_bin
openat
108
AT_FDCWD, "/etc/ld.so.cache", O_RDONLY|O_CLOEXEC
-2 (ENOENT)
OPENFILE
"/lib64/tls/x86_64/x86_64/libm.so.6"
SYSCALL
analyzed_bin
openat
108
AT_FDCWD, "/lib64/tls/x86_64/x86_64/libm.so.6", O_RDONLY|O_CLOEXEC
-2 (ENOENT)
SYSCALL
analyzed_bin
stat
108
"/lib64/tls/x86_64/x86_64", 0x7ffce67dfac0
-2 (ENOENT)
OPENFILE
"/lib64/tls/x86_64/libm.so.6"
SYSCALL
analyzed_bin
openat
108
AT_FDCWD, "/lib64/tls/x86_64/libm.so.6", O_RDONLY|O_CLOEXEC
-2 (ENOENT)
SYSCALL
analyzed_bin
stat
108
"/lib64/tls/x86_64", 0x7ffce67dfac0
-2 (ENOENT)
OPENFILE
"/lib64/tls/x86_64/libm.so.6"
SYSCALL
analyzed_bin
openat
108
AT_FDCWD, "/lib64/tls/x86_64/libm.so.6", O_RDONLY|O_CLOEXEC
-2 (ENOENT)
SYSCALL
analyzed_bin
stat
108
"/lib64/tls/x86_64", 0x7ffce67dfac0
-2 (ENOENT)
OPENFILE
"/lib64/tls/libm.so.6"
SYSCALL
analyzed_bin
openat
108
AT_FDCWD, "/lib64/tls/libm.so.6", O_RDONLY|O_CLOEXEC
-2 (ENOENT)
SYSCALL
analyzed_bin
stat
108
"/lib64/tls", 0x7ffce67dfac0
-2 (ENOENT)
OPENFILE
"/lib64/x86_64/x86_64/libm.so.6"
SYSCALL
analyzed_bin
openat
108
AT_FDCWD, "/lib64/x86_64/x86_64/libm.so.6", O_RDONLY|O_CLOEXEC
-2 (ENOENT)
SYSCALL
analyzed_bin
stat
108
"/lib64/x86_64/x86_64", 0x7ffce67dfac0
-2 (ENOENT)
OPENFILE
"/lib64/x86_64/libm.so.6"
SYSCALL
analyzed_bin
openat
108
AT_FDCWD, "/lib64/x86_64/libm.so.6", O_RDONLY|O_CLOEXEC
-2 (ENOENT)
SYSCALL
analyzed_bin
stat
108
"/lib64/x86_64", 0x7ffce67dfac0
-2 (ENOENT)
OPENFILE
"/lib64/x86_64/libm.so.6"
SYSCALL
analyzed_bin
openat
108
AT_FDCWD, "/lib64/x86_64/libm.so.6", O_RDONLY|O_CLOEXEC
-2 (ENOENT)
SYSCALL
analyzed_bin
stat
108
"/lib64/x86_64", 0x7ffce67dfac0
-2 (ENOENT)
OPENFILE
"/lib64/libm.so.6"
SYSCALL
analyzed_bin
openat
108
AT_FDCWD, "/lib64/libm.so.6", O_RDONLY|O_CLOEXEC
3
SYSCALL
analyzed_bin
read
108
3, 0x7ffce67dfc28, 832
832
SYSCALL
analyzed_bin
fstat
108
3, 0x7ffce67dfac0
0
SYSCALL
analyzed_bin
mmap2
108
0x0, 8192, PROT_READ|PROT_WRITE, MAP_PRIVATE|MAP_ANONYMOUS, -1, 0
0x7f0d6a528000
SYSCALL
analyzed_bin
mmap2
108
0x0, 3653968, PROT_READ|PROT_EXEC, MAP_PRIVATE|MAP_DENYWRITE, 3, 0
0x7f0d69f87000
SYSCALL
analyzed_bin
mprotect
108
0x7f0d6a103000, 2093056, PROT_NONE
0
SYSCALL
analyzed_bin
mmap2
108
0x7f0d6a302000, 8192, PROT_READ|PROT_WRITE, MAP_PRIVATE|MAP_FIXED|MAP_DENYWRITE, 3, 1552384
0x7f0d6a302000
SYSCALL
analyzed_bin
close
108
3
0
OPENFILE
"/lib64/libpthread.so.0"
SYSCALL
analyzed_bin
openat
108
AT_FDCWD, "/lib64/libpthread.so.0", O_RDONLY|O_CLOEXEC
3
SYSCALL
analyzed_bin
read
108
3, 0x7ffce67dfbf8, 832
832
SYSCALL
analyzed_bin
fstat
108
3, 0x7ffce67dfa90
0
SYSCALL
analyzed_bin
mmap2
108
0x0, 2221216, PROT_READ|PROT_EXEC, MAP_PRIVATE|MAP_DENYWRITE, 3, 0
0x7f0d69d68000
SYSCALL
analyzed_bin
mprotect
108
0x7f0d69d82000, 2093056, PROT_NONE
0
SYSCALL
analyzed_bin
mmap2
108
0x7f0d69f81000, 8192, PROT_READ|PROT_WRITE, MAP_PRIVATE|MAP_FIXED|MAP_DENYWRITE, 3, 102400
0x7f0d69f81000
SYSCALL
analyzed_bin
mmap2
108
0x7f0d69f83000, 13472, PROT_READ|PROT_WRITE, MAP_PRIVATE|MAP_FIXED|MAP_ANONYMOUS, -1, 0
0x7f0d69f83000
SYSCALL
analyzed_bin
close
108
3
0
OPENFILE
"/lib64/libc.so.6"
SYSCALL
analyzed_bin
openat
108
AT_FDCWD, "/lib64/libc.so.6", O_RDONLY|O_CLOEXEC
3
SYSCALL
analyzed_bin
read
108
3, 0x7ffce67dfbc8, 832
832
SYSCALL
analyzed_bin
fstat
108
3, 0x7ffce67dfa60
0
SYSCALL
analyzed_bin
mmap2
108
0x0, 3885056, PROT_READ|PROT_EXEC, MAP_PRIVATE|MAP_DENYWRITE, 3, 0
0x7f0d699b3000
SYSCALL
analyzed_bin
mprotect
108
0x7f0d69b5f000, 2093056, PROT_NONE
0
SYSCALL
analyzed_bin
mmap2
108
0x7f0d69d5e000, 24576, PROT_READ|PROT_WRITE, MAP_PRIVATE|MAP_FIXED|MAP_DENYWRITE, 3, 1748992
0x7f0d69d5e000
SYSCALL
analyzed_bin
mmap2
108
0x7f0d69d64000, 14336, PROT_READ|PROT_WRITE, MAP_PRIVATE|MAP_FIXED|MAP_ANONYMOUS, -1, 0
0x7f0d69d64000
SYSCALL
analyzed_bin
close
108
3
0
SYSCALL
analyzed_bin
mmap2
108
0x0, 12288, PROT_READ|PROT_WRITE, MAP_PRIVATE|MAP_ANONYMOUS, -1, 0
0x7f0d6a525000
SYSCALL
analyzed_bin
arch_prctl
108
ARCH_SET_FS, 139695595083648
0
SYSCALL
analyzed_bin
mprotect
108
0x7f0d69d5e000, 16384, PROT_READ
0
SYSCALL
analyzed_bin
mprotect
108
0x7f0d69f81000, 4096, PROT_READ
0
SYSCALL
analyzed_bin
mprotect
108
0x7f0d6a302000, 4096, PROT_READ
0
SYSCALL
analyzed_bin
mprotect
108
0x56307e449000, 294912, PROT_READ
0
SYSCALL
analyzed_bin
mprotect
108
0x7f0d6a52a000, 4096, PROT_READ
0
SYSCALL
analyzed_bin
set_tid_address
108
0x7f0d6a525a50
108
SYSCALL
analyzed_bin
set_robust_list
108
0x7f0d6a525a60, 24
0
SYSCALL
analyzed_bin
rt_sigaction
108
0x20, {0x7f0d69d6e2e0, SA_SIGINFO|SA_RESTORER, 0x7f0d69d79fe0, [EMPTY]}, 0x0, 8
0
SYSCALL
analyzed_bin
rt_sigaction
108
0x21, {0x7f0d69d6e380, SA_RESTART|SA_SIGINFO|SA_RESTORER, 0x7f0d69d79fe0, [EMPTY]}, 0x0, 8
0
SYSCALL
analyzed_bin
rt_sigprocmask
108
SIG_UNBLOCK, [EMPTY], 0x0, 8
0
SYSCALL
analyzed_bin
prlimit64
108
0, RLIMIT_STACK, NULL, 0x7ffce67e07e0
0
OPENFILE
0x56307e0b07b7
SYSCALL
analyzed_bin
openat
108
AT_FDCWD, 0x56307e0b07b7, O_RDONLY|O_NOCTTY|O_CLOEXEC
3
SYSCALL
analyzed_bin
read
108
3, 0x56307e500e80, 32
32
SYSCALL
analyzed_bin
close
108
3
0
SYSCALL
analyzed_bin
futex
108
0x56307e5065e4, FUTEX_WAKE_PRIVATE, 2147483647
0
SYSCALL
analyzed_bin
futex
108
0x56307e5065f0, FUTEX_WAKE_PRIVATE, 2147483647
0
SYSCALL
analyzed_bin
brk
108
0x0
94766277632000
SYSCALL
analyzed_bin
brk
108
0x56307e52b000
94766277767168
OPENFILE
0x7f0d69b30110
SYSCALL
analyzed_bin
openat
108
AT_FDCWD, 0x7f0d69b30110, O_RDONLY|O_CLOEXEC
3
SYSCALL
analyzed_bin
read
108
3, 0x7ffce67de6b0, 8192
2
SYSCALL
analyzed_bin
close
108
3
0
SYSCALL
analyzed_bin
mmap2
108
0x0, 204800, PROT_READ|PROT_WRITE, MAP_PRIVATE|MAP_ANONYMOUS, -1, 0
0x7f0d6a4f3000
SYSCALL
analyzed_bin
brk
108
0x56307e54c000
94766277902336
SYSCALL
analyzed_bin
mmap2
108
0x0, 155648, PROT_READ|PROT_WRITE, MAP_PRIVATE|MAP_ANONYMOUS, -1, 0
0x7f0d6a4cd000
SYSCALL
analyzed_bin
brk
108
0x56307e573000
94766278062080
SYSCALL
analyzed_bin
mlock
108
0x56307e500000, 4096
0
OPENFILE
"/etc/localtime"
SYSCALL
analyzed_bin
openat
108
AT_FDCWD, "/etc/localtime", O_RDONLY|O_CLOEXEC
3
SYSCALL
analyzed_bin
fstat
108
3, 0x7ffce67def50
0
SYSCALL
analyzed_bin
fstat
108
3, 0x7ffce67ded90
0
SYSCALL
analyzed_bin
read
108
3, 0x56307e56ff20, 1024
127
SYSCALL
analyzed_bin
lseek
108
3, -71, SEEK_CUR
56
SYSCALL
analyzed_bin
read
108
3, 0x56307e56ff20, 1024
71
SYSCALL
analyzed_bin
close
108
3
0
SYSCALL
analyzed_bin
futex
108
0x56307e504d40, FUTEX_WAKE_PRIVATE, 2147483647
0
SYSCALL
analyzed_bin
futex
108
0x56307e504d34, FUTEX_WAKE_PRIVATE, 2147483647
0
SYSCALL
analyzed_bin
futex
108
0x56307e504d2c, FUTEX_WAKE_PRIVATE, 2147483647
0
SYSCALL
analyzed_bin
futex
108
0x56307e504dd8, FUTEX_WAKE_PRIVATE, 2147483647
0
SYSCALL
analyzed_bin
brk
108
0x56307e594000
94766278197248
SYSCALL
analyzed_bin
futex
108
0x56307e504d18, FUTEX_WAKE_PRIVATE, 2147483647
0
SYSCALL
analyzed_bin
futex
108
0x56307e504d10, FUTEX_WAKE_PRIVATE, 2147483647
0
SYSCALL
analyzed_bin
futex
108
0x56307e502234, FUTEX_WAKE_PRIVATE, 2147483647
0
SYSCALL
analyzed_bin
futex
108
0x56307e504be4, FUTEX_WAKE_PRIVATE, 2147483647
0
SYSCALL
analyzed_bin
futex
108
0x56307e504bbc, FUTEX_WAKE_PRIVATE, 2147483647
0
SYSCALL
analyzed_bin
futex
108
0x56307e504bb0, FUTEX_WAKE_PRIVATE, 2147483647
0
SYSCALL
analyzed_bin
futex
108
0x56307e504d24, FUTEX_WAKE_PRIVATE, 2147483647
0
SYSCALL
analyzed_bin
futex
108
0x56307e504ce0, FUTEX_WAKE_PRIVATE, 2147483647
0
SYSCALL
analyzed_bin
futex
108
0x56307e504cd8, FUTEX_WAKE_PRIVATE, 2147483647
0
OPENFILE
"/home/ubuntu/build/monero/contrib/depends/x86_64-linux-gnu/etc/openssl/openssl.cnf"
SYSCALL
analyzed_bin
openat
108
AT_FDCWD, "/home/ubuntu/build/monero/contrib/depends/x86_64-linux-gnu/etc/openssl/openssl.cnf", O_RDONLY
-2 (ENOENT)
SYSCALL
analyzed_bin
futex
108
0x56307e504d08, FUTEX_WAKE_PRIVATE, 2147483647
0
SYSCALL
analyzed_bin
futex
108
0x56307e502080, FUTEX_WAKE_PRIVATE, 2147483647
0
SYSCALL
analyzed_bin
sysinfo
108
{uptime=140724175502688, loads=[94766269321120, 94766277599392, 94766273296992], totalram=140724175502408, freeram=139695583303282, sharedram=94766277180832, bufferram=94766277180912, totalswap=0, freeswap=0, procs=48}
0
SYSCALL
analyzed_bin
futex
108
0x56307e502168, FUTEX_WAKE_PRIVATE, 2147483647
0
SYSCALL
analyzed_bin
getpid
108

108
SYSCALL
analyzed_bin
mmap2
108
0x0, 266240, PROT_READ|PROT_WRITE, MAP_PRIVATE|MAP_ANONYMOUS, -1, 0
0x7f0d6a48c000
SYSCALL
analyzed_bin
socketpair
108
PF_LOCAL, SOCK_STREAM, 0, 0x7ffce67dfe10
0
SYSCALL
analyzed_bin
fcntl
108
3, F_GETFL, 0x0
2
SYSCALL
analyzed_bin
fcntl
108
3, F_SETFL, 0x802
0
SYSCALL
analyzed_bin
fcntl
108
4, F_GETFL, 0x1
2
SYSCALL
analyzed_bin
fcntl
108
4, F_SETFL, 0x802
0
SYSCALL
analyzed_bin
socketpair
108
PF_LOCAL, SOCK_STREAM, 0, 0x7ffce67dfe10
0
SYSCALL
analyzed_bin
fcntl
108
5, F_GETFL, 0x0
2
SYSCALL
analyzed_bin
fcntl
108
5, F_SETFL, 0x802
0
SYSCALL
analyzed_bin
fcntl
108
6, F_GETFL, 0x1
2
SYSCALL
analyzed_bin
fcntl
108
6, F_SETFL, 0x802
0
SYSCALL
analyzed_bin
brk
108
0x56307e5ba000
94766278352896
SYSCALL
analyzed_bin
brk
108
0x56307e5db000
94766278488064
SYSCALL
analyzed_bin
brk
108
0x56307e5fd000
94766278627328
SYSCALL
analyzed_bin
brk
108
0x56307e61e000
94766278762496
SYSCALL
analyzed_bin
brk
108
0x56307e63f000
94766278897664
SYSCALL
analyzed_bin
brk
108
0x56307e660000
94766279032832
SYSCALL
analyzed_bin
brk
108
0x56307e681000
94766279168000
SYSCALL
analyzed_bin
brk
108
0x56307e6a8000
94766279327744
SYSCALL
analyzed_bin
close
108
3
0
SYSCALL
analyzed_bin
close
108
4
0
SYSCALL
analyzed_bin
close
108
5
0
SYSCALL
analyzed_bin
close
108
6
0
SYSCALL
analyzed_bin
munmap
108
0x7f0d6a48c000, 266240
0
SYSCALL
analyzed_bin
stat
108
"/root/", 0x7ffce67df7a0
0
OPENFILE
"/root/analyzed_bin.log"
SYSCALL
analyzed_bin
openat
108
AT_FDCWD, "/root/analyzed_bin.log", O_WRONLY|O_CREAT|O_APPEND, 0666
3
SYSCALL
analyzed_bin
lseek
108
3, 0, SEEK_END
0
SYSCALL
analyzed_bin
stat
108
"/root/", 0x7ffce67df7a0
0
SYSCALL
analyzed_bin
stat
108
"/root/", 0x7ffce67df7a0
0
SYSCALL
analyzed_bin
stat
108
"/root/", 0x7ffce67df7a0
0
SYSCALL
analyzed_bin
stat
108
"/root/", 0x7ffce67df7a0
0
SYSCALL
analyzed_bin
stat
108
"/root/", 0x7ffce67df7a0
0
SYSCALL
analyzed_bin
stat
108
"/root/", 0x7ffce67df7a0
0
SYSCALL
analyzed_bin
lseek
108
3, 0, SEEK_CUR
0
SYSCALL
analyzed_bin
lseek
108
3, 0, SEEK_CUR
0
SYSCALL
analyzed_bin
lseek
108
3, 0, SEEK_CUR
0
SYSCALL
analyzed_bin
lseek
108
3, 0, SEEK_CUR
0
SYSCALL
analyzed_bin
lseek
108
3, 0, SEEK_CUR
0
SYSCALL
analyzed_bin
lseek
108
3, 0, SEEK_CUR
0
SYSCALL
analyzed_bin
lseek
108
3, 0, SEEK_CUR
0
SYSCALL
analyzed_bin
stat
108
"/root/", 0x7ffce67df7a0
0
SYSCALL
analyzed_bin
stat
108
"/root/", 0x7ffce67df7a0
0
SYSCALL
analyzed_bin
stat
108
"/root/", 0x7ffce67df7a0
0
SYSCALL
analyzed_bin
stat
108
"/root/", 0x7ffce67df7a0
0
SYSCALL
analyzed_bin
stat
108
"/root/", 0x7ffce67df7a0
0
SYSCALL
analyzed_bin
stat
108
"/root/", 0x7ffce67df7a0
0
SYSCALL
analyzed_bin
stat
108
"/root/", 0x7ffce67df7a0
0
SYSCALL
analyzed_bin
lseek
108
3, 0, SEEK_CUR
0
SYSCALL
analyzed_bin
lseek
108
3, 0, SEEK_CUR
0
SYSCALL
analyzed_bin
lseek
108
3, 0, SEEK_CUR
0
SYSCALL
analyzed_bin
lseek
108
3, 0, SEEK_CUR
0
SYSCALL
analyzed_bin
lseek
108
3, 0, SEEK_CUR
0
SYSCALL
analyzed_bin
lseek
108
3, 0, SEEK_CUR
0
SYSCALL
analyzed_bin
lseek
108
3, 0, SEEK_CUR
0
SYSCALL
analyzed_bin
lseek
108
3, 0, SEEK_CUR
0
SYSCALL
analyzed_bin
write
108
3, "2022-07-14 07:06:18.592\t    7f0d6a525780\tIN"..., 311
311
SYSCALL
analyzed_bin
lseek
108
3, 0, SEEK_CUR
311
SYSCALL
analyzed_bin
lseek
108
3, 0, SEEK_CUR
311
SYSCALL
analyzed_bin
write
108
3, "2022-07-14 07:06:18.594\t    7f0d6a525780\tIN"..., 323
323
SYSCALL
analyzed_bin
lseek
108
3, 0, SEEK_CUR
634
SYSCALL
analyzed_bin
stat
108
"/root/", 0x7ffce67df6a0
0
SYSCALL
analyzed_bin
stat
108
"/root/", 0x7ffce67df6a0
0
SYSCALL
analyzed_bin
stat
108
"/root/", 0x7ffce67df6a0
0
SYSCALL
analyzed_bin
stat
108
"/root/", 0x7ffce67df6a0
0
SYSCALL
analyzed_bin
stat
108
"/root/", 0x7ffce67df6a0
0
SYSCALL
analyzed_bin
stat
108
"/root/", 0x7ffce67df6a0
0
SYSCALL
analyzed_bin
stat
108
"/root/", 0x7ffce67df6a0
0
SYSCALL
analyzed_bin
lseek
108
3, 0, SEEK_CUR
634
SYSCALL
analyzed_bin
lseek
108
3, 0, SEEK_CUR
634
SYSCALL
analyzed_bin
lseek
108
3, 0, SEEK_CUR
634
SYSCALL
analyzed_bin
lseek
108
3, 0, SEEK_CUR
634
SYSCALL
analyzed_bin
lseek
108
3, 0, SEEK_CUR
634
SYSCALL
analyzed_bin
lseek
108
3, 0, SEEK_CUR
634
SYSCALL
analyzed_bin
lseek
108
3, 0, SEEK_CUR
634
SYSCALL
analyzed_bin
lseek
108
3, 0, SEEK_CUR
634
SYSCALL
analyzed_bin
write
108
3, "2022-07-14 07:06:18.599\t    7f0d6a525780\tIN"..., 115
115
SYSCALL
analyzed_bin
lseek
108
3, 0, SEEK_CUR
749
SYSCALL
analyzed_bin
fstat
108
1, 0x7ffce67df720
0
SYSCALL
analyzed_bin
write
108
1, "2022-07-14 07:06:18.599\tI Starting...\n", 38
38
SYSCALL
analyzed_bin
lseek
108
3, 0, SEEK_CUR
749
SYSCALL
analyzed_bin
write
108
3, "2022-07-14 07:06:18.603\t    7f0d6a525780\tIN"..., 149
149
SYSCALL
analyzed_bin
lseek
108
3, 0, SEEK_CUR
898
SYSCALL
analyzed_bin
write
108
1, "2022-07-14 07:06:18.603\tI Initializing sourc"..., 72
72
SYSCALL
analyzed_bin
mmap2
108
0x0, 1601536, PROT_READ|PROT_WRITE, MAP_PRIVATE|MAP_ANONYMOUS, -1, 0
0x7f0d6a346000
SYSCALL
analyzed_bin
lseek
108
3, 0, SEEK_CUR
898
SYSCALL
analyzed_bin
write
108
3, "2022-07-14 07:06:18.610\t    7f0d6a525780\tIN"..., 162
162
SYSCALL
analyzed_bin
lseek
108
3, 0, SEEK_CUR
1060
SYSCALL
analyzed_bin
write
108
1, "2022-07-14 07:06:18.610\tI Loading blockchain"..., 85
85
SYSCALL
analyzed_bin
stat
108
"/root/.bitmonero/lmdb", 0x7ffce67dfb90
-2 (ENOENT)
SYSCALL
analyzed_bin
stat
108
"/root/.bitmonero/lmdb", 0x7ffce67dfaf0
-2 (ENOENT)
SYSCALL
analyzed_bin
stat
108
"/root/.bitmonero", 0x7ffce67dfaf0
-2 (ENOENT)
SYSCALL
analyzed_bin
stat
108
"/root/.bitmonero", 0x7ffce67dfa50
-2 (ENOENT)
SYSCALL
analyzed_bin
stat
108
"/root", 0x7ffce67dfa50
0
SYSCALL
analyzed_bin
mkdir
108
"/root/.bitmonero", 0777
0
SYSCALL
analyzed_bin
mkdir
108
"/root/.bitmonero/lmdb", 0777
0
SYSCALL
analyzed_bin
stat
108
"/root/.bitmonero/data.mdb", 0x7ffce67dfb90
-2 (ENOENT)
SYSCALL
analyzed_bin
stat
108
"/root/.bitmonero/lock.mdb", 0x7ffce67dfb90
-2 (ENOENT)
SYSCALL
analyzed_bin
stat
108
"/root/.bitmonero/lmdb", 0x7ffce67df990
0
OPENFILE
"/sys/dev/block/254:0/queue/rotational"
SYSCALL
analyzed_bin
openat
108
AT_FDCWD, "/sys/dev/block/254:0/queue/rotational", O_RDONLY
4
SYSCALL
analyzed_bin
read
108
4, 0x56307e599b90, 8191
2
SYSCALL
analyzed_bin
close
108
4
0
SYSCALL
analyzed_bin
stat
108
"/root/", 0x7ffce67df3b0
0
SYSCALL
analyzed_bin
stat
108
"/root/", 0x7ffce67df3b0
0
SYSCALL
analyzed_bin
stat
108
"/root/", 0x7ffce67df3b0
0
SYSCALL
analyzed_bin
stat
108
"/root/", 0x7ffce67df3b0
0
SYSCALL
analyzed_bin
stat
108
"/root/", 0x7ffce67df3b0
0
SYSCALL
analyzed_bin
stat
108
"/root/", 0x7ffce67df3b0
0
SYSCALL
analyzed_bin
stat
108
"/root/", 0x7ffce67df3b0
0
SYSCALL
analyzed_bin
lseek
108
3, 0, SEEK_CUR
1060
SYSCALL
analyzed_bin
lseek
108
3, 0, SEEK_CUR
1060
SYSCALL
analyzed_bin
lseek
108
3, 0, SEEK_CUR
1060
SYSCALL
analyzed_bin
lseek
108
3, 0, SEEK_CUR
1060
SYSCALL
analyzed_bin
lseek
108
3, 0, SEEK_CUR
1060
SYSCALL
analyzed_bin
lseek
108
3, 0, SEEK_CUR
1060
SYSCALL
analyzed_bin
lseek
108
3, 0, SEEK_CUR
1060
SYSCALL
analyzed_bin
lseek
108
3, 0, SEEK_CUR
1060
SYSCALL
analyzed_bin
write
108
3, "2022-07-14 07:06:18.625\t    7f0d6a525780\tWA"..., 182
182
SYSCALL
analyzed_bin
lseek
108
3, 0, SEEK_CUR
1242
SYSCALL
analyzed_bin
write
108
1, "2022-07-14 07:06:18.625\tW The blockchain is "..., 112
112
OPENFILE
"/dev/urandom"
SYSCALL
analyzed_bin
openat
108
AT_FDCWD, "/dev/urandom", O_RDONLY
4
SYSCALL
analyzed_bin
read
108
4, 0x7ffce67dfb00, 16
16
SYSCALL
analyzed_bin
close
108
4
0
OPENFILE
"/root/.bitmonero/lmdb/655d-a82b-aa69-b88d"
SYSCALL
analyzed_bin
openat
108
AT_FDCWD, "/root/.bitmonero/lmdb/655d-a82b-aa69-b88d", O_RDWR|O_CREAT, 0600
4
SYSCALL
analyzed_bin
write
108
4, "mmaptest", 8
8
SYSCALL
analyzed_bin
mmap2
108
0x0, 8, PROT_READ, MAP_SHARED, 4, 0
0x7f0d6a345000
SYSCALL
analyzed_bin
munmap
108
0x7f0d6a345000, 8
0
SYSCALL
analyzed_bin
close
108
4
0
SYSCALL
analyzed_bin
lstat
108
"/root/.bitmonero/lmdb/655d-a82b-aa69-b88d", 0x7ffce67df9b0
0
SYSCALL
analyzed_bin
unlink
108
"/root/.bitmonero/lmdb/655d-a82b-aa69-b88d"
0
SYSCALL
analyzed_bin
getpid
108

108
OPENFILE
"/root/.bitmonero/lmdb/data.mdb"
SYSCALL
analyzed_bin
openat
108
AT_FDCWD, "/root/.bitmonero/lmdb/data.mdb", O_RDONLY
-2 (ENOENT)
SYSCALL
analyzed_bin
stat
108
"/root/", 0x7ffce67df2e0
0
SYSCALL
analyzed_bin
stat
108
"/root/", 0x7ffce67df2e0
0
SYSCALL
analyzed_bin
stat
108
"/root/", 0x7ffce67df2e0
0
SYSCALL
analyzed_bin
stat
108
"/root/", 0x7ffce67df2e0
0
SYSCALL
analyzed_bin
stat
108
"/root/", 0x7ffce67df2e0
0
SYSCALL
analyzed_bin
stat
108
"/root/", 0x7ffce67df2e0
0
SYSCALL
analyzed_bin
stat
108
"/root/", 0x7ffce67df2e0
0
SYSCALL
analyzed_bin
lseek
108
3, 0, SEEK_CUR
1242
SYSCALL
analyzed_bin
lseek
108
3, 0, SEEK_CUR
1242
SYSCALL
analyzed_bin
lseek
108
3, 0, SEEK_CUR
1242
SYSCALL
analyzed_bin
lseek
108
3, 0, SEEK_CUR
1242
SYSCALL
analyzed_bin
lseek
108
3, 0, SEEK_CUR
1242
SYSCALL
analyzed_bin
lseek
108
3, 0, SEEK_CUR
1242
SYSCALL
analyzed_bin
lseek
108
3, 0, SEEK_CUR
1242
SYSCALL
analyzed_bin
lseek
108
3, 0, SEEK_CUR
1242
SYSCALL
analyzed_bin
write
108
3, "2022-07-14 07:06:18.641\t    7f0d6a525780\tWA"..., 165
165
SYSCALL
analyzed_bin
lseek
108
3, 0, SEEK_CUR
1407
SYSCALL
analyzed_bin
write
108
1, "2022-07-14 07:06:18.641\tW Failed to open lmd"..., 85
85
SYSCALL
analyzed_bin
futex
108
0x56307e5092d0, FUTEX_WAKE_PRIVATE, 2147483647
0
SYSCALL
analyzed_bin
lseek
108
3, 0, SEEK_CUR
1407
SYSCALL
analyzed_bin
write
108
3, "2022-07-14 07:06:18.650\t    7f0d6a525780\tER"..., 187
187
SYSCALL
analyzed_bin
lseek
108
3, 0, SEEK_CUR
1594
SYSCALL
analyzed_bin
write
108
1, "2022-07-14 07:06:18.650\tE Error opening data"..., 109
109
SYSCALL
analyzed_bin
munmap
108
0x7f0d6a346000, 1601536
0
SYSCALL
analyzed_bin
munlock
108
0x56307e500000, 4096
0
SYSCALL
analyzed_bin
munmap
108
0x7f0d6a4cd000, 155648
0
SYSCALL
analyzed_bin
munmap
108
0x7f0d6a4f3000, 204800
0
SYSCALL
analyzed_bin
exit_group
108
1

