LISA
PROCESS
108:105
SYSCALL
analyzed_bin
execve
108

0
SYSCALL
analyzed_bin
arch_prctl
108
ARCH_SET_FS, 139691652145528
0
SYSCALL
analyzed_bin
set_tid_address
108
0x7f0c7f4de1b0
108
SYSCALL
analyzed_bin
brk
108
0x0
139691652149248
SYSCALL
analyzed_bin
brk
108
0x7f0c7f4e0000
139691652153344
SYSCALL
analyzed_bin
brk
108
0x7f0c7f4f2000
139691652227072
SYSCALL
analyzed_bin
brk
108
0x7f0c7f4f3000
139691652231168
SYSCALL
analyzed_bin
brk
108
0x7f0c7f4f4000
139691652235264
SYSCALL
analyzed_bin
brk
108
0x7f0c7f4f5000
139691652239360
SYSCALL
analyzed_bin
brk
108
0x7f0c7f4f6000
139691652243456
SYSCALL
analyzed_bin
brk
108
0x7f0c7f4f7000
139691652247552
SYSCALL
analyzed_bin
brk
108
0x7f0c7f4f8000
139691652251648
SYSCALL
analyzed_bin
brk
108
0x7f0c7f4f9000
139691652255744
SYSCALL
analyzed_bin
brk
108
0x7f0c7f4fa000
139691652259840
SYSCALL
analyzed_bin
brk
108
0x7f0c7f4fb000
139691652263936
SYSCALL
analyzed_bin
brk
108
0x7f0c7f4fc000
139691652268032
SYSCALL
analyzed_bin
brk
108
0x7f0c7f4fd000
139691652272128
SYSCALL
analyzed_bin
brk
108
0x7f0c7f4fe000
139691652276224
SYSCALL
analyzed_bin
brk
108
0x7f0c7f4ff000
139691652280320
SYSCALL
analyzed_bin
brk
108
0x7f0c7f500000
139691652284416
SYSCALL
analyzed_bin
brk
108
0x7f0c7f501000
139691652288512
SYSCALL
analyzed_bin
brk
108
0x7f0c7f502000
139691652292608
SYSCALL
analyzed_bin
brk
108
0x7f0c7f504000
139691652300800
SYSCALL
analyzed_bin
brk
108
0x7f0c7f505000
139691652304896
SYSCALL
analyzed_bin
brk
108
0x7f0c7f506000
139691652308992
SYSCALL
analyzed_bin
brk
108
0x7f0c7f507000
139691652313088
SYSCALL
analyzed_bin
brk
108
0x7f0c7f508000
139691652317184
SYSCALL
analyzed_bin
brk
108
0x7f0c7f509000
139691652321280
SYSCALL
analyzed_bin
brk
108
0x7f0c7f50a000
139691652325376
SYSCALL
analyzed_bin
brk
108
0x7f0c7f50b000
139691652329472
SYSCALL
analyzed_bin
brk
108
0x7f0c7f50e000
139691652341760
SYSCALL
analyzed_bin
brk
108
0x7f0c7f50f000
139691652345856
SYSCALL
analyzed_bin
brk
108
0x7f0c7f510000
139691652349952
SYSCALL
analyzed_bin
brk
108
0x7f0c7f511000
139691652354048
SYSCALL
analyzed_bin
brk
108
0x7f0c7f512000
139691652358144
SYSCALL
analyzed_bin
brk
108
0x7f0c7f513000
139691652362240
SYSCALL
analyzed_bin
brk
108
0x7f0c7f514000
139691652366336
SYSCALL
analyzed_bin
brk
108
0x7f0c7f515000
139691652370432
SYSCALL
analyzed_bin
brk
108
0x7f0c7f516000
139691652374528
SYSCALL
analyzed_bin
brk
108
0x7f0c7f517000
139691652378624
SYSCALL
analyzed_bin
brk
108
0x7f0c7f518000
139691652382720
SYSCALL
analyzed_bin
brk
108
0x7f0c7f519000
139691652386816
SYSCALL
analyzed_bin
brk
108
0x7f0c7f51a000
139691652390912
SYSCALL
analyzed_bin
brk
108
0x7f0c7f51b000
139691652395008
SYSCALL
analyzed_bin
brk
108
0x7f0c7f51c000
139691652399104
SYSCALL
analyzed_bin
brk
108
0x7f0c7f521000
139691652419584
SYSCALL
analyzed_bin
brk
108
0x7f0c7f522000
139691652423680
SYSCALL
analyzed_bin
brk
108
0x7f0c7f523000
139691652427776
SYSCALL
analyzed_bin
getuid
108

0
SYSCALL
analyzed_bin
geteuid
108

0
SYSCALL
analyzed_bin
getgid
108

0
SYSCALL
analyzed_bin
getegid
108

0
OPENFILE
"/usr/local/ssl/openssl.cnf"
SYSCALL
analyzed_bin
open
108
"/usr/local/ssl/openssl.cnf", O_RDONLY
-2 (ENOENT)
SYSCALL
analyzed_bin
brk
108
0x7f0c7f524000
139691652431872
SYSCALL
analyzed_bin
brk
108
0x7f0c7f525000
139691652435968
SYSCALL
analyzed_bin
brk
108
0x7f0c7f526000
139691652440064
SYSCALL
analyzed_bin
brk
108
0x7f0c7f527000
139691652444160
SYSCALL
analyzed_bin
brk
108
0x7f0c7f528000
139691652448256
SYSCALL
analyzed_bin
brk
108
0x7f0c7f529000
139691652452352
SYSCALL
analyzed_bin
brk
108
0x7f0c7f52a000
139691652456448
SYSCALL
analyzed_bin
brk
108
0x7f0c7f52b000
139691652460544
SYSCALL
analyzed_bin
brk
108
0x7f0c7f52c000
139691652464640
SYSCALL
analyzed_bin
brk
108
0x7f0c7f52d000
139691652468736
SYSCALL
analyzed_bin
brk
108
0x7f0c7f52e000
139691652472832
SYSCALL
analyzed_bin
brk
108
0x7f0c7f52f000
139691652476928
SYSCALL
analyzed_bin
brk
108
0x7f0c7f530000
139691652481024
OPENFILE
"config.txt"
SYSCALL
analyzed_bin
open
108
"config.txt", O_RDONLY
-2 (ENOENT)
OPENFILE
"pools.txt"
SYSCALL
analyzed_bin
open
108
"pools.txt", O_RDONLY
-2 (ENOENT)
SYSCALL
analyzed_bin
brk
108
0x7f0c7f532000
139691652489216
SYSCALL
analyzed_bin
brk
108
0x7f0c7f534000
139691652497408
SYSCALL
analyzed_bin
writev
108
1, 0x7fffdd0e2cc0, 2
32
SYSCALL
analyzed_bin
readv
108
0, 0x7fffdd0e2ca0, 2
0
SYSCALL
analyzed_bin
brk
108
0x7f0c7f536000
139691652505600
SYSCALL
analyzed_bin
brk
108
0x7f0c7f53a000
139691652521984
SYSCALL
analyzed_bin
brk
108
0x7f0c7f53e000
139691652538368
OPENFILE
"config.txt"
SYSCALL
analyzed_bin
open
108
"config.txt", O_WRONLY|O_CREAT|O_TRUNC, 0666
3
SYSCALL
analyzed_bin
ioctl
108
3, 21523, 0x7fffdd0e2b18
-25 (ENOTTY)
SYSCALL
analyzed_bin
writev
108
3, 0x7fffdd0e2a80, 2
6726
SYSCALL
analyzed_bin
close
108
3
0
SYSCALL
analyzed_bin
writev
108
1, 0x7fffdd0e2db0, 2
42
SYSCALL
analyzed_bin
writev
108
1, 0x7fffdd0e2a40, 2
14
SYSCALL
analyzed_bin
writev
108
1, 0x7fffdd0e2a50, 2
52
SYSCALL
analyzed_bin
writev
108
1, 0x7fffdd0e2a50, 2
98
SYSCALL
analyzed_bin
writev
108
1, 0x7fffdd0e2a50, 2
52
SYSCALL
analyzed_bin
writev
108
1, 0x7fffdd0e2a50, 2
98
SYSCALL
analyzed_bin
writev
108
1, 0x7fffdd0e2a50, 2
52
SYSCALL
analyzed_bin
writev
108
1, 0x7fffdd0e2a50, 2
98
SYSCALL
analyzed_bin
writev
108
1, 0x7fffdd0e2a50, 2
52
SYSCALL
analyzed_bin
writev
108
1, 0x7fffdd0e2a50, 2
98
SYSCALL
analyzed_bin
writev
108
1, 0x7fffdd0e2a50, 2
52
SYSCALL
analyzed_bin
writev
108
1, 0x7fffdd0e2a50, 2
98
SYSCALL
analyzed_bin
writev
108
1, 0x7fffdd0e2a50, 2
52
SYSCALL
analyzed_bin
writev
108
1, 0x7fffdd0e2a50, 2
98
SYSCALL
analyzed_bin
writev
108
1, 0x7fffdd0e2a50, 2
52
SYSCALL
analyzed_bin
writev
108
1, 0x7fffdd0e2a50, 2
98
SYSCALL
analyzed_bin
writev
108
1, 0x7fffdd0e2a50, 2
52
SYSCALL
analyzed_bin
writev
108
1, 0x7fffdd0e2a50, 2
98
SYSCALL
analyzed_bin
writev
108
1, 0x7fffdd0e2a50, 2
52
SYSCALL
analyzed_bin
writev
108
1, 0x7fffdd0e2a50, 2
98
SYSCALL
analyzed_bin
writev
108
1, 0x7fffdd0e2a50, 2
52
SYSCALL
analyzed_bin
writev
108
1, 0x7fffdd0e2a50, 2
98
SYSCALL
analyzed_bin
writev
108
1, 0x7fffdd0e2a50, 2
52
SYSCALL
analyzed_bin
writev
108
1, 0x7fffdd0e2a50, 2
98
SYSCALL
analyzed_bin
writev
108
1, 0x7fffdd0e2a50, 2
52
SYSCALL
analyzed_bin
writev
108
1, 0x7fffdd0e2a50, 2
98
SYSCALL
analyzed_bin
writev
108
1, 0x7fffdd0e2a50, 2
52
SYSCALL
analyzed_bin
writev
108
1, 0x7fffdd0e2a50, 2
98
SYSCALL
analyzed_bin
writev
108
1, 0x7fffdd0e2a50, 2
52
SYSCALL
analyzed_bin
writev
108
1, 0x7fffdd0e2a50, 2
98
SYSCALL
analyzed_bin
writev
108
1, 0x7fffdd0e2a50, 2
52
SYSCALL
analyzed_bin
writev
108
1, 0x7fffdd0e2a50, 2
98
SYSCALL
analyzed_bin
writev
108
1, 0x7fffdd0e2a50, 2
52
SYSCALL
analyzed_bin
writev
108
1, 0x7fffdd0e2a50, 2
98
SYSCALL
analyzed_bin
writev
108
1, 0x7fffdd0e2a50, 2
52
SYSCALL
analyzed_bin
writev
108
1, 0x7fffdd0e2a50, 2
98
SYSCALL
analyzed_bin
writev
108
1, 0x7fffdd0e2a50, 2
52
SYSCALL
analyzed_bin
writev
108
1, 0x7fffdd0e2a50, 2
98
SYSCALL
analyzed_bin
writev
108
1, 0x7fffdd0e2a50, 2
52
SYSCALL
analyzed_bin
writev
108
1, 0x7fffdd0e2a50, 2
98
SYSCALL
analyzed_bin
writev
108
1, 0x7fffdd0e2a50, 2
52
SYSCALL
analyzed_bin
writev
108
1, 0x7fffdd0e2a50, 2
98
SYSCALL
analyzed_bin
writev
108
1, 0x7fffdd0e2a50, 2
52
SYSCALL
analyzed_bin
writev
108
1, 0x7fffdd0e2a50, 2
98
SYSCALL
analyzed_bin
writev
108
1, 0x7fffdd0e2a50, 2
52
SYSCALL
analyzed_bin
writev
108
1, 0x7fffdd0e2a50, 2
98
SYSCALL
analyzed_bin
writev
108
1, 0x7fffdd0e2a50, 2
52
SYSCALL
analyzed_bin
writev
108
1, 0x7fffdd0e2a50, 2
98
SYSCALL
analyzed_bin
writev
108
1, 0x7fffdd0e2a50, 2
52
SYSCALL
analyzed_bin
writev
108
1, 0x7fffdd0e2a50, 2
98
SYSCALL
analyzed_bin
writev
108
1, 0x7fffdd0e2a50, 2
52
SYSCALL
analyzed_bin
writev
108
1, 0x7fffdd0e2a50, 2
98
SYSCALL
analyzed_bin
writev
108
1, 0x7fffdd0e2a50, 2
52
SYSCALL
analyzed_bin
writev
108
1, 0x7fffdd0e2a50, 2
98
SYSCALL
analyzed_bin
writev
108
1, 0x7fffdd0e2a50, 2
52
SYSCALL
analyzed_bin
writev
108
1, 0x7fffdd0e2a50, 2
98
SYSCALL
analyzed_bin
writev
108
1, 0x7fffdd0e2a50, 2
52
SYSCALL
analyzed_bin
writev
108
1, 0x7fffdd0e2a50, 2
98
SYSCALL
analyzed_bin
writev
108
1, 0x7fffdd0e2a50, 2
52
SYSCALL
analyzed_bin
writev
108
1, 0x7fffdd0e2a50, 2
98
SYSCALL
analyzed_bin
writev
108
1, 0x7fffdd0e2a50, 2
52
SYSCALL
analyzed_bin
writev
108
1, 0x7fffdd0e2a50, 2
98
SYSCALL
analyzed_bin
writev
108
1, 0x7fffdd0e2a50, 2
52
SYSCALL
analyzed_bin
writev
108
1, 0x7fffdd0e2a50, 2
98
SYSCALL
analyzed_bin
writev
108
1, 0x7fffdd0e2a50, 2
52
SYSCALL
analyzed_bin
writev
108
1, 0x7fffdd0e2a50, 2
98
SYSCALL
analyzed_bin
writev
108
1, 0x7fffdd0e2a50, 2
52
SYSCALL
analyzed_bin
writev
108
1, 0x7fffdd0e2a50, 2
98
SYSCALL
analyzed_bin
writev
108
1, 0x7fffdd0e2a50, 2
52
SYSCALL
analyzed_bin
writev
108
1, 0x7fffdd0e2a50, 2
98
SYSCALL
analyzed_bin
writev
108
1, 0x7fffdd0e2a50, 2
52
SYSCALL
analyzed_bin
writev
108
1, 0x7fffdd0e2a50, 2
98
SYSCALL
analyzed_bin
writev
108
1, 0x7fffdd0e2a50, 2
52
SYSCALL
analyzed_bin
writev
108
1, 0x7fffdd0e2a50, 2
98
SYSCALL
analyzed_bin
writev
108
1, 0x7fffdd0e2a50, 2
52
SYSCALL
analyzed_bin
writev
108
1, 0x7fffdd0e2a50, 2
98
SYSCALL
analyzed_bin
writev
108
1, 0x7fffdd0e2a50, 2
52
SYSCALL
analyzed_bin
writev
108
1, 0x7fffdd0e2a50, 2
98
SYSCALL
analyzed_bin
writev
108
1, 0x7fffdd0e2a50, 2
52
SYSCALL
analyzed_bin
writev
108
1, 0x7fffdd0e2a50, 2
98
SYSCALL
analyzed_bin
writev
108
1, 0x7fffdd0e2a50, 2
52
SYSCALL
analyzed_bin
writev
108
1, 0x7fffdd0e2a50, 2
98
SYSCALL
analyzed_bin
writev
108
1, 0x7fffdd0e2a50, 2
52
SYSCALL
analyzed_bin
writev
108
1, 0x7fffdd0e2a50, 2
98
SYSCALL
analyzed_bin
writev
108
1, 0x7fffdd0e2a50, 2
52
SYSCALL
analyzed_bin
writev
108
1, 0x7fffdd0e2a50, 2
98
SYSCALL
analyzed_bin
writev
108
1, 0x7fffdd0e2a50, 2
52
SYSCALL
analyzed_bin
writev
108
1, 0x7fffdd0e2a50, 2
98
SYSCALL
analyzed_bin
writev
108
1, 0x7fffdd0e2a50, 2
52
SYSCALL
analyzed_bin
writev
108
1, 0x7fffdd0e2a50, 2
98
SYSCALL
analyzed_bin
writev
108
1, 0x7fffdd0e2a50, 2
52
SYSCALL
analyzed_bin
writev
108
1, 0x7fffdd0e2a50, 2
98
SYSCALL
analyzed_bin
writev
108
1, 0x7fffdd0e2a50, 2
52
SYSCALL
analyzed_bin
writev
108
1, 0x7fffdd0e2a50, 2
98
SYSCALL
analyzed_bin
writev
108
1, 0x7fffdd0e2a50, 2
52
SYSCALL
analyzed_bin
writev
108
1, 0x7fffdd0e2a50, 2
98
SYSCALL
analyzed_bin
writev
108
1, 0x7fffdd0e2a50, 2
52
SYSCALL
analyzed_bin
writev
108
1, 0x7fffdd0e2a50, 2
98
SYSCALL
analyzed_bin
writev
108
1, 0x7fffdd0e2a50, 2
52
SYSCALL
analyzed_bin
writev
108
1, 0x7fffdd0e2a50, 2
98
SYSCALL
analyzed_bin
writev
108
1, 0x7fffdd0e2a50, 2
52
SYSCALL
analyzed_bin
writev
108
1, 0x7fffdd0e2a50, 2
98
SYSCALL
analyzed_bin
writev
108
1, 0x7fffdd0e2a50, 2
52
SYSCALL
analyzed_bin
writev
108
1, 0x7fffdd0e2a50, 2
98
SYSCALL
analyzed_bin
writev
108
1, 0x7fffdd0e2a50, 2
52
SYSCALL
analyzed_bin
writev
108
1, 0x7fffdd0e2a50, 2
98
SYSCALL
analyzed_bin
writev
108
1, 0x7fffdd0e2a50, 2
52
SYSCALL
analyzed_bin
writev
108
1, 0x7fffdd0e2a50, 2
98
SYSCALL
analyzed_bin
writev
108
1, 0x7fffdd0e2a50, 2
52
SYSCALL
analyzed_bin
writev
108
1, 0x7fffdd0e2a50, 2
98
SYSCALL
analyzed_bin
writev
108
1, 0x7fffdd0e2a50, 2
52
SYSCALL
analyzed_bin
writev
108
1, 0x7fffdd0e2a50, 2
98
SYSCALL
analyzed_bin
writev
108
1, 0x7fffdd0e2a50, 2
52
SYSCALL
analyzed_bin
writev
108
1, 0x7fffdd0e2a50, 2
98
SYSCALL
analyzed_bin
writev
108
1, 0x7fffdd0e2a50, 2
52
SYSCALL
analyzed_bin
writev
108
1, 0x7fffdd0e2a50, 2
98
SYSCALL
analyzed_bin
writev
108
1, 0x7fffdd0e2a50, 2
52
SYSCALL
analyzed_bin
writev
108
1, 0x7fffdd0e2a50, 2
98
SYSCALL
analyzed_bin
writev
108
1, 0x7fffdd0e2a50, 2
52
SYSCALL
analyzed_bin
writev
108
1, 0x7fffdd0e2a50, 2
98
SYSCALL
analyzed_bin
writev
108
1, 0x7fffdd0e2a50, 2
52
SYSCALL
analyzed_bin
writev
108
1, 0x7fffdd0e2a50, 2
98
SYSCALL
analyzed_bin
writev
108
1, 0x7fffdd0e2a50, 2
52
SYSCALL
analyzed_bin
writev
108
1, 0x7fffdd0e2a50, 2
98
SYSCALL
analyzed_bin
writev
108
1, 0x7fffdd0e2a50, 2
52
SYSCALL
analyzed_bin
writev
108
1, 0x7fffdd0e2a50, 2
98
SYSCALL
analyzed_bin
writev
108
1, 0x7fffdd0e2a50, 2
52
SYSCALL
analyzed_bin
writev
108
1, 0x7fffdd0e2a50, 2
98
SYSCALL
analyzed_bin
writev
108
1, 0x7fffdd0e2a50, 2
52
SYSCALL
analyzed_bin
writev
108
1, 0x7fffdd0e2a50, 2
98
SYSCALL
analyzed_bin
writev
108
1, 0x7fffdd0e2a50, 2
52
SYSCALL
analyzed_bin
writev
108
1, 0x7fffdd0e2a50, 2
98
SYSCALL
analyzed_bin
writev
108
1, 0x7fffdd0e2a50, 2
52
SYSCALL
analyzed_bin
writev
108
1, 0x7fffdd0e2a50, 2
98
SYSCALL
analyzed_bin
writev
108
1, 0x7fffdd0e2a50, 2
52
SYSCALL
analyzed_bin
writev
108
1, 0x7fffdd0e2a50, 2
98
SYSCALL
analyzed_bin
writev
108
1, 0x7fffdd0e2a50, 2
52
SYSCALL
analyzed_bin
writev
108
1, 0x7fffdd0e2a50, 2
98
SYSCALL
analyzed_bin
writev
108
1, 0x7fffdd0e2a50, 2
52
SYSCALL
analyzed_bin
writev
108
1, 0x7fffdd0e2a50, 2
98
SYSCALL
analyzed_bin
writev
108
1, 0x7fffdd0e2a50, 2
52
SYSCALL
analyzed_bin
writev
108
1, 0x7fffdd0e2a50, 2
98
SYSCALL
analyzed_bin
writev
108
1, 0x7fffdd0e2a50, 2
52
SYSCALL
analyzed_bin
writev
108
1, 0x7fffdd0e2a50, 2
98
SYSCALL
analyzed_bin
writev
108
1, 0x7fffdd0e2a50, 2
52
SYSCALL
analyzed_bin
writev
108
1, 0x7fffdd0e2a50, 2
98
SYSCALL
analyzed_bin
writev
108
1, 0x7fffdd0e2a50, 2
52
SYSCALL
analyzed_bin
writev
108
1, 0x7fffdd0e2a50, 2
98
SYSCALL
analyzed_bin
writev
108
1, 0x7fffdd0e2a50, 2
52
SYSCALL
analyzed_bin
writev
108
1, 0x7fffdd0e2a50, 2
98
SYSCALL
analyzed_bin
writev
108
1, 0x7fffdd0e2a50, 2
52
SYSCALL
analyzed_bin
writev
108
1, 0x7fffdd0e2a50, 2
98
SYSCALL
analyzed_bin
writev
108
1, 0x7fffdd0e2a50, 2
52
SYSCALL
analyzed_bin
writev
108
1, 0x7fffdd0e2a50, 2
98
SYSCALL
analyzed_bin
writev
108
1, 0x7fffdd0e2a50, 2
52
SYSCALL
analyzed_bin
writev
108
1, 0x7fffdd0e2a50, 2
98
SYSCALL
analyzed_bin
writev
108
1, 0x7fffdd0e2a50, 2
52
SYSCALL
analyzed_bin
writev
108
1, 0x7fffdd0e2a50, 2
98
SYSCALL
analyzed_bin
writev
108
1, 0x7fffdd0e2a50, 2
52
SYSCALL
analyzed_bin
writev
108
1, 0x7fffdd0e2a50, 2
98
SYSCALL
analyzed_bin
writev
108
1, 0x7fffdd0e2a50, 2
52
SYSCALL
analyzed_bin
writev
108
1, 0x7fffdd0e2a50, 2
98
SYSCALL
analyzed_bin
writev
108
1, 0x7fffdd0e2a50, 2
52
SYSCALL
analyzed_bin
writev
108
1, 0x7fffdd0e2a50, 2
98
SYSCALL
analyzed_bin
writev
108
1, 0x7fffdd0e2a50, 2
52
SYSCALL
analyzed_bin
writev
108
1, 0x7fffdd0e2a50, 2
98
SYSCALL
analyzed_bin
writev
108
1, 0x7fffdd0e2a50, 2
52
SYSCALL
analyzed_bin
writev
108
1, 0x7fffdd0e2a50, 2
98
SYSCALL
analyzed_bin
writev
108
1, 0x7fffdd0e2a50, 2
52
SYSCALL
analyzed_bin
writev
108
1, 0x7fffdd0e2a50, 2
98
SYSCALL
analyzed_bin
writev
108
1, 0x7fffdd0e2a50, 2
52
SYSCALL
analyzed_bin
writev
108
1, 0x7fffdd0e2a50, 2
98
SYSCALL
analyzed_bin
writev
108
1, 0x7fffdd0e2a50, 2
52
SYSCALL
analyzed_bin
writev
108
1, 0x7fffdd0e2a50, 2
98
SYSCALL
analyzed_bin
writev
108
1, 0x7fffdd0e2a50, 2
52
SYSCALL
analyzed_bin
writev
108
1, 0x7fffdd0e2a50, 2
98
SYSCALL
analyzed_bin
writev
108
1, 0x7fffdd0e2a50, 2
52
SYSCALL
analyzed_bin
writev
108
1, 0x7fffdd0e2a50, 2
98
SYSCALL
analyzed_bin
writev
108
1, 0x7fffdd0e2a50, 2
52
SYSCALL
analyzed_bin
writev
108
1, 0x7fffdd0e2a50, 2
98
SYSCALL
analyzed_bin
writev
108
1, 0x7fffdd0e2a50, 2
52
SYSCALL
analyzed_bin
writev
108
1, 0x7fffdd0e2a50, 2
98
SYSCALL
analyzed_bin
writev
108
1, 0x7fffdd0e2a50, 2
52
SYSCALL
analyzed_bin
writev
108
1, 0x7fffdd0e2a50, 2
98
SYSCALL
analyzed_bin
writev
108
1, 0x7fffdd0e2a50, 2
52
SYSCALL
analyzed_bin
writev
108
1, 0x7fffdd0e2a50, 2
98
SYSCALL
analyzed_bin
writev
108
1, 0x7fffdd0e2a50, 2
52
SYSCALL
analyzed_bin
writev
108
1, 0x7fffdd0e2a50, 2
98
SYSCALL
analyzed_bin
writev
108
1, 0x7fffdd0e2a50, 2
52
SYSCALL
analyzed_bin
writev
108
1, 0x7fffdd0e2a50, 2
98
SYSCALL
analyzed_bin
writev
108
1, 0x7fffdd0e2a50, 2
52
SYSCALL
analyzed_bin
writev
108
1, 0x7fffdd0e2a50, 2
98
SYSCALL
analyzed_bin
writev
108
1, 0x7fffdd0e2a50, 2
52
SYSCALL
analyzed_bin
writev
108
1, 0x7fffdd0e2a50, 2
98
SYSCALL
analyzed_bin
writev
108
1, 0x7fffdd0e2a50, 2
52
SYSCALL
analyzed_bin
writev
108
1, 0x7fffdd0e2a50, 2
98
SYSCALL
analyzed_bin
writev
108
1, 0x7fffdd0e2a50, 2
52
SYSCALL
analyzed_bin
writev
108
1, 0x7fffdd0e2a50, 2
98
SYSCALL
analyzed_bin
writev
108
1, 0x7fffdd0e2a50, 2
52
SYSCALL
analyzed_bin
writev
108
1, 0x7fffdd0e2a50, 2
98
SYSCALL
analyzed_bin
writev
108
1, 0x7fffdd0e2a50, 2
52
SYSCALL
analyzed_bin
writev
108
1, 0x7fffdd0e2a50, 2
98
SYSCALL
analyzed_bin
writev
108
1, 0x7fffdd0e2a50, 2
52
SYSCALL
analyzed_bin
writev
108
1, 0x7fffdd0e2a50, 2
98
SYSCALL
analyzed_bin
writev
108
1, 0x7fffdd0e2a50, 2
52
SYSCALL
analyzed_bin
writev
108
1, 0x7fffdd0e2a50, 2
98
SYSCALL
analyzed_bin
writev
108
1, 0x7fffdd0e2a50, 2
52
SYSCALL
analyzed_bin
writev
108
1, 0x7fffdd0e2a50, 2
98
SYSCALL
analyzed_bin
writev
108
1, 0x7fffdd0e2a50, 2
52
SYSCALL
analyzed_bin
writev
108
1, 0x7fffdd0e2a50, 2
98
SYSCALL
analyzed_bin
writev
108
1, 0x7fffdd0e2a50, 2
52
SYSCALL
analyzed_bin
writev
108
1, 0x7fffdd0e2a50, 2
98
SYSCALL
analyzed_bin
writev
108
1, 0x7fffdd0e2a50, 2
52
SYSCALL
analyzed_bin
writev
108
1, 0x7fffdd0e2a50, 2
98
SYSCALL
analyzed_bin
writev
108
1, 0x7fffdd0e2a50, 2
52
SYSCALL
analyzed_bin
writev
108
1, 0x7fffdd0e2a50, 2
98
SYSCALL
analyzed_bin
writev
108
1, 0x7fffdd0e2a50, 2
52
SYSCALL
analyzed_bin
writev
108
1, 0x7fffdd0e2a50, 2
98
SYSCALL
analyzed_bin
writev
108
1, 0x7fffdd0e2a50, 2
52
SYSCALL
analyzed_bin
writev
108
1, 0x7fffdd0e2a50, 2
98
SYSCALL
analyzed_bin
writev
108
1, 0x7fffdd0e2a50, 2
52
SYSCALL
analyzed_bin
writev
108
1, 0x7fffdd0e2a50, 2
98
SYSCALL
analyzed_bin
writev
108
1, 0x7fffdd0e2a50, 2
52
SYSCALL
analyzed_bin
writev
108
1, 0x7fffdd0e2a50, 2
98
SYSCALL
analyzed_bin
writev
108
1, 0x7fffdd0e2a50, 2
52
SYSCALL
analyzed_bin
writev
108
1, 0x7fffdd0e2a50, 2
98
SYSCALL
analyzed_bin
writev
108
1, 0x7fffdd0e2a50, 2
52
SYSCALL
analyzed_bin
writev
108
1, 0x7fffdd0e2a50, 2
98
SYSCALL
analyzed_bin
writev
108
1, 0x7fffdd0e2a50, 2
52
SYSCALL
analyzed_bin
writev
108
1, 0x7fffdd0e2a50, 2
98
SYSCALL
analyzed_bin
writev
108
1, 0x7fffdd0e2a50, 2
52
SYSCALL
analyzed_bin
writev
108
1, 0x7fffdd0e2a50, 2
98
SYSCALL
analyzed_bin
writev
108
1, 0x7fffdd0e2a50, 2
52
SYSCALL
analyzed_bin
writev
108
1, 0x7fffdd0e2a50, 2
98
SYSCALL
analyzed_bin
writev
108
1, 0x7fffdd0e2a50, 2
52
SYSCALL
analyzed_bin
writev
108
1, 0x7fffdd0e2a50, 2
98
SYSCALL
analyzed_bin
writev
108
1, 0x7fffdd0e2a50, 2
52
SYSCALL
analyzed_bin
writev
108
1, 0x7fffdd0e2a50, 2
98
SYSCALL
analyzed_bin
writev
108
1, 0x7fffdd0e2a50, 2
52
SYSCALL
analyzed_bin
writev
108
1, 0x7fffdd0e2a50, 2
98
SYSCALL
analyzed_bin
writev
108
1, 0x7fffdd0e2a50, 2
52
SYSCALL
analyzed_bin
writev
108
1, 0x7fffdd0e2a50, 2
98
SYSCALL
analyzed_bin
writev
108
1, 0x7fffdd0e2a50, 2
52
SYSCALL
analyzed_bin
writev
108
1, 0x7fffdd0e2a50, 2
98
SYSCALL
analyzed_bin
writev
108
1, 0x7fffdd0e2a50, 2
52
SYSCALL
analyzed_bin
writev
108
1, 0x7fffdd0e2a50, 2
98
SYSCALL
analyzed_bin
writev
108
1, 0x7fffdd0e2a50, 2
52
SYSCALL
analyzed_bin
writev
108
1, 0x7fffdd0e2a50, 2
98
SYSCALL
analyzed_bin
writev
108
1, 0x7fffdd0e2a50, 2
52
SYSCALL
analyzed_bin
writev
108
1, 0x7fffdd0e2a50, 2
98
SYSCALL
analyzed_bin
writev
108
1, 0x7fffdd0e2a50, 2
52
SYSCALL
analyzed_bin
writev
108
1, 0x7fffdd0e2a50, 2
98
SYSCALL
analyzed_bin
writev
108
1, 0x7fffdd0e2a50, 2
52
SYSCALL
analyzed_bin
writev
108
1, 0x7fffdd0e2a50, 2
98
SYSCALL
analyzed_bin
writev
108
1, 0x7fffdd0e2a50, 2
52
SYSCALL
analyzed_bin
writev
108
1, 0x7fffdd0e2a50, 2
98
SYSCALL
analyzed_bin
writev
108
1, 0x7fffdd0e2a50, 2
52
SYSCALL
analyzed_bin
writev
108
1, 0x7fffdd0e2a50, 2
98
SYSCALL
analyzed_bin
writev
108
1, 0x7fffdd0e2a50, 2
52
SYSCALL
analyzed_bin
writev
108
1, 0x7fffdd0e2a50, 2
98
SYSCALL
analyzed_bin
writev
108
1, 0x7fffdd0e2a50, 2
52
SYSCALL
analyzed_bin
writev
108
1, 0x7fffdd0e2a50, 2
98
SYSCALL
analyzed_bin
writev
108
1, 0x7fffdd0e2a50, 2
52
SYSCALL
analyzed_bin
writev
108
1, 0x7fffdd0e2a50, 2
98
SYSCALL
analyzed_bin
writev
108
1, 0x7fffdd0e2a50, 2
52
SYSCALL
analyzed_bin
writev
108
1, 0x7fffdd0e2a50, 2
98
SYSCALL
analyzed_bin
writev
108
1, 0x7fffdd0e2a50, 2
52
SYSCALL
analyzed_bin
writev
108
1, 0x7fffdd0e2a50, 2
98
SYSCALL
analyzed_bin
writev
108
1, 0x7fffdd0e2a50, 2
52
SYSCALL
analyzed_bin
writev
108
1, 0x7fffdd0e2a50, 2
98
SYSCALL
analyzed_bin
writev
108
1, 0x7fffdd0e2a50, 2
52
SYSCALL
analyzed_bin
writev
108
1, 0x7fffdd0e2a50, 2
98
SYSCALL
analyzed_bin
writev
108
1, 0x7fffdd0e2a50, 2
52
SYSCALL
analyzed_bin
writev
108
1, 0x7fffdd0e2a50, 2
98
SYSCALL
analyzed_bin
writev
108
1, 0x7fffdd0e2a50, 2
52
SYSCALL
analyzed_bin
writev
108
1, 0x7fffdd0e2a50, 2
98
SYSCALL
analyzed_bin
writev
108
1, 0x7fffdd0e2a50, 2
52
SYSCALL
analyzed_bin
writev
108
1, 0x7fffdd0e2a50, 2
98
SYSCALL
analyzed_bin
writev
108
1, 0x7fffdd0e2a50, 2
52
SYSCALL
analyzed_bin
writev
108
1, 0x7fffdd0e2a50, 2
98
SYSCALL
analyzed_bin
writev
108
1, 0x7fffdd0e2a50, 2
52
SYSCALL
analyzed_bin
writev
108
1, 0x7fffdd0e2a50, 2
98
SYSCALL
analyzed_bin
writev
108
1, 0x7fffdd0e2a50, 2
52
SYSCALL
analyzed_bin
writev
108
1, 0x7fffdd0e2a50, 2
98
SYSCALL
analyzed_bin
writev
108
1, 0x7fffdd0e2a50, 2
52
SYSCALL
analyzed_bin
writev
108
1, 0x7fffdd0e2a50, 2
98
SYSCALL
analyzed_bin
writev
108
1, 0x7fffdd0e2a50, 2
52
SYSCALL
analyzed_bin
writev
108
1, 0x7fffdd0e2a50, 2
98
SYSCALL
analyzed_bin
writev
108
1, 0x7fffdd0e2a50, 2
52
SYSCALL
analyzed_bin
writev
108
1, 0x7fffdd0e2a50, 2
98
SYSCALL
analyzed_bin
writev
108
1, 0x7fffdd0e2a50, 2
52
SYSCALL
analyzed_bin
writev
108
1, 0x7fffdd0e2a50, 2
98
SYSCALL
analyzed_bin
writev
108
1, 0x7fffdd0e2a50, 2
52
SYSCALL
analyzed_bin
writev
108
1, 0x7fffdd0e2a50, 2
98
SYSCALL
analyzed_bin
writev
108
1, 0x7fffdd0e2a50, 2
52
SYSCALL
analyzed_bin
writev
108
1, 0x7fffdd0e2a50, 2
98
SYSCALL
analyzed_bin
writev
108
1, 0x7fffdd0e2a50, 2
52
SYSCALL
analyzed_bin
writev
108
1, 0x7fffdd0e2a50, 2
98
SYSCALL
analyzed_bin
writev
108
1, 0x7fffdd0e2a50, 2
52
SYSCALL
analyzed_bin
writev
108
1, 0x7fffdd0e2a50, 2
98
SYSCALL
analyzed_bin
writev
108
1, 0x7fffdd0e2a50, 2
52
SYSCALL
analyzed_bin
writev
108
1, 0x7fffdd0e2a50, 2
98
SYSCALL
analyzed_bin
writev
108
1, 0x7fffdd0e2a50, 2
52
SYSCALL
analyzed_bin
writev
108
1, 0x7fffdd0e2a50, 2
98
SYSCALL
analyzed_bin
writev
108
1, 0x7fffdd0e2a50, 2
52
SYSCALL
analyzed_bin
writev
108
1, 0x7fffdd0e2a50, 2
98
SYSCALL
analyzed_bin
writev
108
1, 0x7fffdd0e2a50, 2
52
SYSCALL
analyzed_bin
writev
108
1, 0x7fffdd0e2a50, 2
98
SYSCALL
analyzed_bin
writev
108
1, 0x7fffdd0e2a50, 2
52
SYSCALL
analyzed_bin
writev
108
1, 0x7fffdd0e2a50, 2
98
SYSCALL
analyzed_bin
writev
108
1, 0x7fffdd0e2a50, 2
52
SYSCALL
analyzed_bin
writev
108
1, 0x7fffdd0e2a50, 2
98
SYSCALL
analyzed_bin
writev
108
1, 0x7fffdd0e2a50, 2
52
SYSCALL
analyzed_bin
writev
108
1, 0x7fffdd0e2a50, 2
98
SYSCALL
analyzed_bin
writev
108
1, 0x7fffdd0e2a50, 2
52
SYSCALL
analyzed_bin
writev
108
1, 0x7fffdd0e2a50, 2
98
SYSCALL
analyzed_bin
writev
108
1, 0x7fffdd0e2a50, 2
52
SYSCALL
analyzed_bin
writev
108
1, 0x7fffdd0e2a50, 2
98
SYSCALL
analyzed_bin
writev
108
1, 0x7fffdd0e2a50, 2
52
SYSCALL
analyzed_bin
writev
108
1, 0x7fffdd0e2a50, 2
98
SYSCALL
analyzed_bin
writev
108
1, 0x7fffdd0e2a50, 2
52
SYSCALL
analyzed_bin
writev
108
1, 0x7fffdd0e2a50, 2
98
SYSCALL
analyzed_bin
writev
108
1, 0x7fffdd0e2a50, 2
52
SYSCALL
analyzed_bin
writev
108
1, 0x7fffdd0e2a50, 2
98
SYSCALL
analyzed_bin
writev
108
1, 0x7fffdd0e2a50, 2
52
SYSCALL
analyzed_bin
writev
108
1, 0x7fffdd0e2a50, 2
98
SYSCALL
analyzed_bin
writev
108
1, 0x7fffdd0e2a50, 2
52
SYSCALL
analyzed_bin
writev
108
1, 0x7fffdd0e2a50, 2
98
SYSCALL
analyzed_bin
writev
108
1, 0x7fffdd0e2a50, 2
52
SYSCALL
analyzed_bin
writev
108
1, 0x7fffdd0e2a50, 2
98
SYSCALL
analyzed_bin
writev
108
1, 0x7fffdd0e2a50, 2
52
SYSCALL
analyzed_bin
writev
108
1, 0x7fffdd0e2a50, 2
98
SYSCALL
analyzed_bin
writev
108
1, 0x7fffdd0e2a50, 2
52
SYSCALL
analyzed_bin
writev
108
1, 0x7fffdd0e2a50, 2
98
SYSCALL
analyzed_bin
writev
108
1, 0x7fffdd0e2a50, 2
52
SYSCALL
analyzed_bin
writev
108
1, 0x7fffdd0e2a50, 2
98
SYSCALL
analyzed_bin
writev
108
1, 0x7fffdd0e2a50, 2
52
SYSCALL
analyzed_bin
writev
108
1, 0x7fffdd0e2a50, 2
98
SYSCALL
analyzed_bin
writev
108
1, 0x7fffdd0e2a50, 2
52
SYSCALL
analyzed_bin
writev
108
1, 0x7fffdd0e2a50, 2
98
SYSCALL
analyzed_bin
writev
108
1, 0x7fffdd0e2a50, 2
52
SYSCALL
analyzed_bin
writev
108
1, 0x7fffdd0e2a50, 2
98
SYSCALL
analyzed_bin
writev
108
1, 0x7fffdd0e2a50, 2
52
SYSCALL
analyzed_bin
writev
108
1, 0x7fffdd0e2a50, 2
98
SYSCALL
analyzed_bin
writev
108
1, 0x7fffdd0e2a50, 2
52
SYSCALL
analyzed_bin
writev
108
1, 0x7fffdd0e2a50, 2
98
SYSCALL
analyzed_bin
writev
108
1, 0x7fffdd0e2a50, 2
52
SYSCALL
analyzed_bin
writev
108
1, 0x7fffdd0e2a50, 2
98
SYSCALL
analyzed_bin
writev
108
1, 0x7fffdd0e2a50, 2
52
SYSCALL
analyzed_bin
writev
108
1, 0x7fffdd0e2a50, 2
98
SYSCALL
analyzed_bin
writev
108
1, 0x7fffdd0e2a50, 2
52
SYSCALL
analyzed_bin
writev
108
1, 0x7fffdd0e2a50, 2
98
SYSCALL
analyzed_bin
writev
108
1, 0x7fffdd0e2a50, 2
52
SYSCALL
analyzed_bin
writev
108
1, 0x7fffdd0e2a50, 2
98
SYSCALL
analyzed_bin
writev
108
1, 0x7fffdd0e2a50, 2
52
SYSCALL
analyzed_bin
writev
108
1, 0x7fffdd0e2a50, 2
98
SYSCALL
analyzed_bin
writev
108
1, 0x7fffdd0e2a50, 2
52
SYSCALL
analyzed_bin
writev
108
1, 0x7fffdd0e2a50, 2
98
SYSCALL
analyzed_bin
writev
108
1, 0x7fffdd0e2a50, 2
52
SYSCALL
analyzed_bin
writev
108
1, 0x7fffdd0e2a50, 2
98
SYSCALL
analyzed_bin
writev
108
1, 0x7fffdd0e2a50, 2
52
SYSCALL
analyzed_bin
writev
108
1, 0x7fffdd0e2a50, 2
98
SYSCALL
analyzed_bin
writev
108
1, 0x7fffdd0e2a50, 2
52
SYSCALL
analyzed_bin
writev
108
1, 0x7fffdd0e2a50, 2
98
SYSCALL
analyzed_bin
writev
108
1, 0x7fffdd0e2a50, 2
52
SYSCALL
analyzed_bin
writev
108
1, 0x7fffdd0e2a50, 2
98
SYSCALL
analyzed_bin
writev
108
1, 0x7fffdd0e2a50, 2
52
SYSCALL
analyzed_bin
writev
108
1, 0x7fffdd0e2a50, 2
98
SYSCALL
analyzed_bin
writev
108
1, 0x7fffdd0e2a50, 2
52
SYSCALL
analyzed_bin
writev
108
1, 0x7fffdd0e2a50, 2
98
SYSCALL
analyzed_bin
writev
108
1, 0x7fffdd0e2a50, 2
52
SYSCALL
analyzed_bin
writev
108
1, 0x7fffdd0e2a50, 2
98
SYSCALL
analyzed_bin
writev
108
1, 0x7fffdd0e2a50, 2
52
SYSCALL
analyzed_bin
writev
108
1, 0x7fffdd0e2a50, 2
98
SYSCALL
analyzed_bin
writev
108
1, 0x7fffdd0e2a50, 2
52
SYSCALL
analyzed_bin
writev
108
1, 0x7fffdd0e2a50, 2
98
SYSCALL
analyzed_bin
writev
108
1, 0x7fffdd0e2a50, 2
52
SYSCALL
analyzed_bin
writev
108
1, 0x7fffdd0e2a50, 2
98
SYSCALL
analyzed_bin
writev
108
1, 0x7fffdd0e2a50, 2
52
SYSCALL
analyzed_bin
writev
108
1, 0x7fffdd0e2a50, 2
98
SYSCALL
analyzed_bin
writev
108
1, 0x7fffdd0e2a50, 2
52
SYSCALL
analyzed_bin
writev
108
1, 0x7fffdd0e2a50, 2
98
SYSCALL
analyzed_bin
writev
108
1, 0x7fffdd0e2a50, 2
52
SYSCALL
analyzed_bin
writev
108
1, 0x7fffdd0e2a50, 2
98
SYSCALL
analyzed_bin
writev
108
1, 0x7fffdd0e2a50, 2
52
SYSCALL
analyzed_bin
writev
108
1, 0x7fffdd0e2a50, 2
98
SYSCALL
analyzed_bin
writev
108
1, 0x7fffdd0e2a50, 2
52
SYSCALL
analyzed_bin
writev
108
1, 0x7fffdd0e2a50, 2
98
SYSCALL
analyzed_bin
writev
108
1, 0x7fffdd0e2a50, 2
52
SYSCALL
analyzed_bin
writev
108
1, 0x7fffdd0e2a50, 2
98
SYSCALL
analyzed_bin
writev
108
1, 0x7fffdd0e2a50, 2
52
SYSCALL
analyzed_bin
writev
108
1, 0x7fffdd0e2a50, 2
98
SYSCALL
analyzed_bin
writev
108
1, 0x7fffdd0e2a50, 2
52
SYSCALL
analyzed_bin
writev
108
1, 0x7fffdd0e2a50, 2
98
SYSCALL
analyzed_bin
writev
108
1, 0x7fffdd0e2a50, 2
52
SYSCALL
analyzed_bin
writev
108
1, 0x7fffdd0e2a50, 2
98
SYSCALL
analyzed_bin
writev
108
1, 0x7fffdd0e2a50, 2
52
SYSCALL
analyzed_bin
writev
108
1, 0x7fffdd0e2a50, 2
98
SYSCALL
analyzed_bin
writev
108
1, 0x7fffdd0e2a50, 2
52
SYSCALL
analyzed_bin
writev
108
1, 0x7fffdd0e2a50, 2
98
SYSCALL
analyzed_bin
writev
108
1, 0x7fffdd0e2a50, 2
52
SYSCALL
analyzed_bin
writev
108
1, 0x7fffdd0e2a50, 2
98
SYSCALL
analyzed_bin
writev
108
1, 0x7fffdd0e2a50, 2
52
SYSCALL
analyzed_bin
writev
108
1, 0x7fffdd0e2a50, 2
98
SYSCALL
analyzed_bin
writev
108
1, 0x7fffdd0e2a50, 2
52
SYSCALL
analyzed_bin
writev
108
1, 0x7fffdd0e2a50, 2
98
SYSCALL
analyzed_bin
writev
108
1, 0x7fffdd0e2a50, 2
52
SYSCALL
analyzed_bin
writev
108
1, 0x7fffdd0e2a50, 2
98
SYSCALL
analyzed_bin
writev
108
1, 0x7fffdd0e2a50, 2
52
SYSCALL
analyzed_bin
writev
108
1, 0x7fffdd0e2a50, 2
98
SYSCALL
analyzed_bin
writev
108
1, 0x7fffdd0e2a50, 2
52
SYSCALL
analyzed_bin
writev
108
1, 0x7fffdd0e2a50, 2
98
SYSCALL
analyzed_bin
writev
108
1, 0x7fffdd0e2a50, 2
52
SYSCALL
analyzed_bin
writev
108
1, 0x7fffdd0e2a50, 2
98
SYSCALL
analyzed_bin
writev
108
1, 0x7fffdd0e2a50, 2
52
SYSCALL
analyzed_bin
writev
108
1, 0x7fffdd0e2a50, 2
98
SYSCALL
analyzed_bin
writev
108
1, 0x7fffdd0e2a50, 2
52
SYSCALL
analyzed_bin
writev
108
1, 0x7fffdd0e2a50, 2
98
SYSCALL
analyzed_bin
writev
108
1, 0x7fffdd0e2a50, 2
52
SYSCALL
analyzed_bin
writev
108
1, 0x7fffdd0e2a50, 2
98
SYSCALL
analyzed_bin
writev
108
1, 0x7fffdd0e2a50, 2
52
SYSCALL
analyzed_bin
writev
108
1, 0x7fffdd0e2a50, 2
98
SYSCALL
analyzed_bin
writev
108
1, 0x7fffdd0e2a50, 2
52
SYSCALL
analyzed_bin
writev
108
1, 0x7fffdd0e2a50, 2
98
SYSCALL
analyzed_bin
writev
108
1, 0x7fffdd0e2a50, 2
52
SYSCALL
analyzed_bin
writev
108
1, 0x7fffdd0e2a50, 2
98
SYSCALL
analyzed_bin
writev
108
1, 0x7fffdd0e2a50, 2
52
SYSCALL
analyzed_bin
writev
108
1, 0x7fffdd0e2a50, 2
98
SYSCALL
analyzed_bin
writev
108
1, 0x7fffdd0e2a50, 2
52
SYSCALL
analyzed_bin
writev
108
1, 0x7fffdd0e2a50, 2
98
SYSCALL
analyzed_bin
writev
108
1, 0x7fffdd0e2a50, 2
52
SYSCALL
analyzed_bin
writev
108
1, 0x7fffdd0e2a50, 2
98
SYSCALL
analyzed_bin
writev
108
1, 0x7fffdd0e2a50, 2
52
SYSCALL
analyzed_bin
writev
108
1, 0x7fffdd0e2a50, 2
98
SYSCALL
analyzed_bin
writev
108
1, 0x7fffdd0e2a50, 2
52
SYSCALL
analyzed_bin
writev
108
1, 0x7fffdd0e2a50, 2
98
SYSCALL
analyzed_bin
writev
108
1, 0x7fffdd0e2a50, 2
52
SYSCALL
analyzed_bin
writev
108
1, 0x7fffdd0e2a50, 2
98
SYSCALL
analyzed_bin
writev
108
1, 0x7fffdd0e2a50, 2
52
SYSCALL
analyzed_bin
writev
108
1, 0x7fffdd0e2a50, 2
98
SYSCALL
analyzed_bin
writev
108
1, 0x7fffdd0e2a50, 2
52
SYSCALL
analyzed_bin
writev
108
1, 0x7fffdd0e2a50, 2
98
SYSCALL
analyzed_bin
writev
108
1, 0x7fffdd0e2a50, 2
52
SYSCALL
analyzed_bin
writev
108
1, 0x7fffdd0e2a50, 2
98
SYSCALL
analyzed_bin
writev
108
1, 0x7fffdd0e2a50, 2
52
SYSCALL
analyzed_bin
writev
108
1, 0x7fffdd0e2a50, 2
98
SYSCALL
analyzed_bin
writev
108
1, 0x7fffdd0e2a50, 2
52
SYSCALL
analyzed_bin
writev
108
1, 0x7fffdd0e2a50, 2
98
SYSCALL
analyzed_bin
writev
108
1, 0x7fffdd0e2a50, 2
52
SYSCALL
analyzed_bin
writev
108
1, 0x7fffdd0e2a50, 2
98
SYSCALL
analyzed_bin
writev
108
1, 0x7fffdd0e2a50, 2
52
SYSCALL
analyzed_bin
writev
108
1, 0x7fffdd0e2a50, 2
98
SYSCALL
analyzed_bin
writev
108
1, 0x7fffdd0e2a50, 2
52
SYSCALL
analyzed_bin
writev
108
1, 0x7fffdd0e2a50, 2
98
SYSCALL
analyzed_bin
writev
108
1, 0x7fffdd0e2a50, 2
52
SYSCALL
analyzed_bin
writev
108
1, 0x7fffdd0e2a50, 2
98
SYSCALL
analyzed_bin
writev
108
1, 0x7fffdd0e2a50, 2
52
SYSCALL
analyzed_bin
writev
108
1, 0x7fffdd0e2a50, 2
98
SYSCALL
analyzed_bin
writev
108
1, 0x7fffdd0e2a50, 2
52
SYSCALL
analyzed_bin
writev
108
1, 0x7fffdd0e2a50, 2
98
SYSCALL
analyzed_bin
writev
108
1, 0x7fffdd0e2a50, 2
52
SYSCALL
analyzed_bin
writev
108
1, 0x7fffdd0e2a50, 2
98
SYSCALL
analyzed_bin
writev
108
1, 0x7fffdd0e2a50, 2
52
SYSCALL
analyzed_bin
writev
108
1, 0x7fffdd0e2a50, 2
98
SYSCALL
analyzed_bin
writev
108
1, 0x7fffdd0e2a50, 2
52
SYSCALL
analyzed_bin
writev
108
1, 0x7fffdd0e2a50, 2
98
SYSCALL
analyzed_bin
writev
108
1, 0x7fffdd0e2a50, 2
52
SYSCALL
analyzed_bin
writev
108
1, 0x7fffdd0e2a50, 2
98
SYSCALL
analyzed_bin
writev
108
1, 0x7fffdd0e2a50, 2
52
SYSCALL
analyzed_bin
writev
108
1, 0x7fffdd0e2a50, 2
98
SYSCALL
analyzed_bin
writev
108
1, 0x7fffdd0e2a50, 2
52
SYSCALL
analyzed_bin
writev
108
1, 0x7fffdd0e2a50, 2
98
SYSCALL
analyzed_bin
writev
108
1, 0x7fffdd0e2a50, 2
52
SYSCALL
analyzed_bin
writev
108
1, 0x7fffdd0e2a50, 2
98
SYSCALL
analyzed_bin
writev
108
1, 0x7fffdd0e2a50, 2
52
SYSCALL
analyzed_bin
writev
108
1, 0x7fffdd0e2a50, 2
98
SYSCALL
analyzed_bin
writev
108
1, 0x7fffdd0e2a50, 2
52
SYSCALL
analyzed_bin
writev
108
1, 0x7fffdd0e2a50, 2
98
SYSCALL
analyzed_bin
writev
108
1, 0x7fffdd0e2a50, 2
52
SYSCALL
analyzed_bin
writev
108
1, 0x7fffdd0e2a50, 2
98
SYSCALL
analyzed_bin
writev
108
1, 0x7fffdd0e2a50, 2
52
SYSCALL
analyzed_bin
writev
108
1, 0x7fffdd0e2a50, 2
98
SYSCALL
analyzed_bin
writev
108
1, 0x7fffdd0e2a50, 2
52
SYSCALL
analyzed_bin
writev
108
1, 0x7fffdd0e2a50, 2
98
SYSCALL
analyzed_bin
writev
108
1, 0x7fffdd0e2a50, 2
52
SYSCALL
analyzed_bin
writev
108
1, 0x7fffdd0e2a50, 2
98
SYSCALL
analyzed_bin
writev
108
1, 0x7fffdd0e2a50, 2
52
SYSCALL
analyzed_bin
writev
108
1, 0x7fffdd0e2a50, 2
98
SYSCALL
analyzed_bin
writev
108
1, 0x7fffdd0e2a50, 2
52
SYSCALL
analyzed_bin
writev
108
1, 0x7fffdd0e2a50, 2
98
SYSCALL
analyzed_bin
writev
108
1, 0x7fffdd0e2a50, 2
52
SYSCALL
analyzed_bin
writev
108
1, 0x7fffdd0e2a50, 2
98
SYSCALL
analyzed_bin
writev
108
1, 0x7fffdd0e2a50, 2
52
SYSCALL
analyzed_bin
writev
108
1, 0x7fffdd0e2a50, 2
98
SYSCALL
analyzed_bin
writev
108
1, 0x7fffdd0e2a50, 2
52
SYSCALL
analyzed_bin
writev
108
1, 0x7fffdd0e2a50, 2
98
SYSCALL
analyzed_bin
writev
108
1, 0x7fffdd0e2a50, 2
52
SYSCALL
analyzed_bin
writev
108
1, 0x7fffdd0e2a50, 2
98
SYSCALL
analyzed_bin
writev
108
1, 0x7fffdd0e2a50, 2
52
SYSCALL
analyzed_bin
writev
108
1, 0x7fffdd0e2a50, 2
98
SYSCALL
analyzed_bin
writev
108
1, 0x7fffdd0e2a50, 2
52
SYSCALL
analyzed_bin
writev
108
1, 0x7fffdd0e2a50, 2
98
SYSCALL
analyzed_bin
writev
108
1, 0x7fffdd0e2a50, 2
52
SYSCALL
analyzed_bin
writev
108
1, 0x7fffdd0e2a50, 2
98
SYSCALL
analyzed_bin
writev
108
1, 0x7fffdd0e2a50, 2
52
SYSCALL
analyzed_bin
writev
108
1, 0x7fffdd0e2a50, 2
98
SYSCALL
analyzed_bin
writev
108
1, 0x7fffdd0e2a50, 2
52
SYSCALL
analyzed_bin
writev
108
1, 0x7fffdd0e2a50, 2
98
SYSCALL
analyzed_bin
writev
108
1, 0x7fffdd0e2a50, 2
52
SYSCALL
analyzed_bin
writev
108
1, 0x7fffdd0e2a50, 2
98
SYSCALL
analyzed_bin
writev
108
1, 0x7fffdd0e2a50, 2
52
SYSCALL
analyzed_bin
writev
108
1, 0x7fffdd0e2a50, 2
98
SYSCALL
analyzed_bin
writev
108
1, 0x7fffdd0e2a50, 2
52
SYSCALL
analyzed_bin
writev
108
1, 0x7fffdd0e2a50, 2
98
SYSCALL
analyzed_bin
writev
108
1, 0x7fffdd0e2a50, 2
52
SYSCALL
analyzed_bin
writev
108
1, 0x7fffdd0e2a50, 2
98
SYSCALL
analyzed_bin
writev
108
1, 0x7fffdd0e2a50, 2
52
SYSCALL
analyzed_bin
writev
108
1, 0x7fffdd0e2a50, 2
98
SYSCALL
analyzed_bin
writev
108
1, 0x7fffdd0e2a50, 2
52
SYSCALL
analyzed_bin
writev
108
1, 0x7fffdd0e2a50, 2
98
SYSCALL
analyzed_bin
writev
108
1, 0x7fffdd0e2a50, 2
52
SYSCALL
analyzed_bin
writev
108
1, 0x7fffdd0e2a50, 2
98
SYSCALL
analyzed_bin
writev
108
1, 0x7fffdd0e2a50, 2
52
SYSCALL
analyzed_bin
writev
108
1, 0x7fffdd0e2a50, 2
98
SYSCALL
analyzed_bin
writev
108
1, 0x7fffdd0e2a50, 2
52
SYSCALL
analyzed_bin
writev
108
1, 0x7fffdd0e2a50, 2
98
SYSCALL
analyzed_bin
writev
108
1, 0x7fffdd0e2a50, 2
52
SYSCALL
analyzed_bin
writev
108
1, 0x7fffdd0e2a50, 2
98
SYSCALL
analyzed_bin
writev
108
1, 0x7fffdd0e2a50, 2
52
SYSCALL
analyzed_bin
writev
108
1, 0x7fffdd0e2a50, 2
98
SYSCALL
analyzed_bin
writev
108
1, 0x7fffdd0e2a50, 2
52
SYSCALL
analyzed_bin
writev
108
1, 0x7fffdd0e2a50, 2
98
SYSCALL
analyzed_bin
writev
108
1, 0x7fffdd0e2a50, 2
52
SYSCALL
analyzed_bin
writev
108
1, 0x7fffdd0e2a50, 2
98
SYSCALL
analyzed_bin
writev
108
1, 0x7fffdd0e2a50, 2
52
SYSCALL
analyzed_bin
writev
108
1, 0x7fffdd0e2a50, 2
98
SYSCALL
analyzed_bin
writev
108
1, 0x7fffdd0e2a50, 2
52
SYSCALL
analyzed_bin
writev
108
1, 0x7fffdd0e2a50, 2
98
SYSCALL
analyzed_bin
writev
108
1, 0x7fffdd0e2a50, 2
52
SYSCALL
analyzed_bin
writev
108
1, 0x7fffdd0e2a50, 2
98
SYSCALL
analyzed_bin
writev
108
1, 0x7fffdd0e2a50, 2
52
SYSCALL
analyzed_bin
writev
108
1, 0x7fffdd0e2a50, 2
98
SYSCALL
analyzed_bin
writev
108
1, 0x7fffdd0e2a50, 2
52
SYSCALL
analyzed_bin
writev
108
1, 0x7fffdd0e2a50, 2
98
SYSCALL
analyzed_bin
writev
108
1, 0x7fffdd0e2a50, 2
52
SYSCALL
analyzed_bin
writev
108
1, 0x7fffdd0e2a50, 2
98
SYSCALL
analyzed_bin
writev
108
1, 0x7fffdd0e2a50, 2
52
SYSCALL
analyzed_bin
writev
108
1, 0x7fffdd0e2a50, 2
98
SYSCALL
analyzed_bin
writev
108
1, 0x7fffdd0e2a50, 2
52
SYSCALL
analyzed_bin
writev
108
1, 0x7fffdd0e2a50, 2
98
SYSCALL
analyzed_bin
writev
108
1, 0x7fffdd0e2a50, 2
52
SYSCALL
analyzed_bin
writev
108
1, 0x7fffdd0e2a50, 2
98
SYSCALL
analyzed_bin
writev
108
1, 0x7fffdd0e2a50, 2
52
SYSCALL
analyzed_bin
writev
108
1, 0x7fffdd0e2a50, 2
98
SYSCALL
analyzed_bin
writev
108
1, 0x7fffdd0e2a50, 2
52
SYSCALL
analyzed_bin
writev
108
1, 0x7fffdd0e2a50, 2
98
SYSCALL
analyzed_bin
writev
108
1, 0x7fffdd0e2a50, 2
52
SYSCALL
analyzed_bin
writev
108
1, 0x7fffdd0e2a50, 2
98
SYSCALL
analyzed_bin
writev
108
1, 0x7fffdd0e2a50, 2
52
SYSCALL
analyzed_bin
writev
108
1, 0x7fffdd0e2a50, 2
98
SYSCALL
analyzed_bin
writev
108
1, 0x7fffdd0e2a50, 2
52
SYSCALL
analyzed_bin
writev
108
1, 0x7fffdd0e2a50, 2
98
SYSCALL
analyzed_bin
writev
108
1, 0x7fffdd0e2a50, 2
52
SYSCALL
analyzed_bin
writev
108
1, 0x7fffdd0e2a50, 2
98
SYSCALL
analyzed_bin
writev
108
1, 0x7fffdd0e2a50, 2
52
SYSCALL
analyzed_bin
writev
108
1, 0x7fffdd0e2a50, 2
98
SYSCALL
analyzed_bin
writev
108
1, 0x7fffdd0e2a50, 2
52
SYSCALL
analyzed_bin
writev
108
1, 0x7fffdd0e2a50, 2
98
SYSCALL
analyzed_bin
writev
108
1, 0x7fffdd0e2a50, 2
52
SYSCALL
analyzed_bin
writev
108
1, 0x7fffdd0e2a50, 2
98
SYSCALL
analyzed_bin
writev
108
1, 0x7fffdd0e2a50, 2
52
SYSCALL
analyzed_bin
writev
108
1, 0x7fffdd0e2a50, 2
98
SYSCALL
analyzed_bin
writev
108
1, 0x7fffdd0e2a50, 2
52
SYSCALL
analyzed_bin
writev
108
1, 0x7fffdd0e2a50, 2
98
SYSCALL
analyzed_bin
writev
108
1, 0x7fffdd0e2a50, 2
52
SYSCALL
analyzed_bin
writev
108
1, 0x7fffdd0e2a50, 2
98
SYSCALL
analyzed_bin
writev
108
1, 0x7fffdd0e2a50, 2
52
SYSCALL
analyzed_bin
writev
108
1, 0x7fffdd0e2a50, 2
98
SYSCALL
analyzed_bin
writev
108
1, 0x7fffdd0e2a50, 2
52
SYSCALL
analyzed_bin
writev
108
1, 0x7fffdd0e2a50, 2
98
SYSCALL
analyzed_bin
writev
108
1, 0x7fffdd0e2a50, 2
52
SYSCALL
analyzed_bin
writev
108
1, 0x7fffdd0e2a50, 2
98
SYSCALL
analyzed_bin
writev
108
1, 0x7fffdd0e2a50, 2
52
SYSCALL
analyzed_bin
writev
108
1, 0x7fffdd0e2a50, 2
98
SYSCALL
analyzed_bin
writev
108
1, 0x7fffdd0e2a50, 2
52
SYSCALL
analyzed_bin
writev
108
1, 0x7fffdd0e2a50, 2
98
SYSCALL
analyzed_bin
writev
108
1, 0x7fffdd0e2a50, 2
52
SYSCALL
analyzed_bin
writev
108
1, 0x7fffdd0e2a50, 2
98
SYSCALL
analyzed_bin
writev
108
1, 0x7fffdd0e2a50, 2
52
SYSCALL
analyzed_bin
writev
108
1, 0x7fffdd0e2a50, 2
98
SYSCALL
analyzed_bin
writev
108
1, 0x7fffdd0e2a50, 2
52
SYSCALL
analyzed_bin
writev
108
1, 0x7fffdd0e2a50, 2
98
SYSCALL
analyzed_bin
writev
108
1, 0x7fffdd0e2a50, 2
52
SYSCALL
analyzed_bin
writev
108
1, 0x7fffdd0e2a50, 2
98
SYSCALL
analyzed_bin
writev
108
1, 0x7fffdd0e2a50, 2
52
SYSCALL
analyzed_bin
writev
108
1, 0x7fffdd0e2a50, 2
98
SYSCALL
analyzed_bin
writev
108
1, 0x7fffdd0e2a50, 2
52
SYSCALL
analyzed_bin
writev
108
1, 0x7fffdd0e2a50, 2
98
SYSCALL
analyzed_bin
writev
108
1, 0x7fffdd0e2a50, 2
52
SYSCALL
analyzed_bin
writev
108
1, 0x7fffdd0e2a50, 2
98
SYSCALL
analyzed_bin
writev
108
1, 0x7fffdd0e2a50, 2
52
SYSCALL
analyzed_bin
writev
108
1, 0x7fffdd0e2a50, 2
98
SYSCALL
analyzed_bin
writev
108
1, 0x7fffdd0e2a50, 2
52
SYSCALL
analyzed_bin
writev
108
1, 0x7fffdd0e2a50, 2
98
SYSCALL
analyzed_bin
writev
108
1, 0x7fffdd0e2a50, 2
52
SYSCALL
analyzed_bin
writev
108
1, 0x7fffdd0e2a50, 2
98
SYSCALL
analyzed_bin
writev
108
1, 0x7fffdd0e2a50, 2
52
SYSCALL
analyzed_bin
writev
108
1, 0x7fffdd0e2a50, 2
98
SYSCALL
analyzed_bin
writev
108
1, 0x7fffdd0e2a50, 2
52
SYSCALL
analyzed_bin
writev
108
1, 0x7fffdd0e2a50, 2
98
SYSCALL
analyzed_bin
writev
108
1, 0x7fffdd0e2a50, 2
52
SYSCALL
analyzed_bin
writev
108
1, 0x7fffdd0e2a50, 2
98
SYSCALL
analyzed_bin
writev
108
1, 0x7fffdd0e2a50, 2
52
SYSCALL
analyzed_bin
writev
108
1, 0x7fffdd0e2a50, 2
98
SYSCALL
analyzed_bin
writev
108
1, 0x7fffdd0e2a50, 2
52
SYSCALL
analyzed_bin
writev
108
1, 0x7fffdd0e2a50, 2
98
SYSCALL
analyzed_bin
writev
108
1, 0x7fffdd0e2a50, 2
52
SYSCALL
analyzed_bin
writev
108
1, 0x7fffdd0e2a50, 2
98
SYSCALL
analyzed_bin
writev
108
1, 0x7fffdd0e2a50, 2
52
SYSCALL
analyzed_bin
writev
108
1, 0x7fffdd0e2a50, 2
98
SYSCALL
analyzed_bin
writev
108
1, 0x7fffdd0e2a50, 2
52
SYSCALL
analyzed_bin
writev
108
1, 0x7fffdd0e2a50, 2
98
SYSCALL
analyzed_bin
writev
108
1, 0x7fffdd0e2a50, 2
52
SYSCALL
analyzed_bin
writev
108
1, 0x7fffdd0e2a50, 2
98
SYSCALL
analyzed_bin
writev
108
1, 0x7fffdd0e2a50, 2
52
SYSCALL
analyzed_bin
writev
108
1, 0x7fffdd0e2a50, 2
98
SYSCALL
analyzed_bin
writev
108
1, 0x7fffdd0e2a50, 2
52
SYSCALL
analyzed_bin
writev
108
1, 0x7fffdd0e2a50, 2
98
SYSCALL
analyzed_bin
writev
108
1, 0x7fffdd0e2a50, 2
52
SYSCALL
analyzed_bin
writev
108
1, 0x7fffdd0e2a50, 2
98
SYSCALL
analyzed_bin
writev
108
1, 0x7fffdd0e2a50, 2
52
SYSCALL
analyzed_bin
writev
108
1, 0x7fffdd0e2a50, 2
98
SYSCALL
analyzed_bin
writev
108
1, 0x7fffdd0e2a50, 2
52
SYSCALL
analyzed_bin
writev
108
1, 0x7fffdd0e2a50, 2
98
SYSCALL
analyzed_bin
writev
108
1, 0x7fffdd0e2a50, 2
52
SYSCALL
analyzed_bin
writev
108
1, 0x7fffdd0e2a50, 2
98
SYSCALL
analyzed_bin
writev
108
1, 0x7fffdd0e2a50, 2
52
SYSCALL
analyzed_bin
writev
108
1, 0x7fffdd0e2a50, 2
98
SYSCALL
analyzed_bin
writev
108
1, 0x7fffdd0e2a50, 2
52
SYSCALL
analyzed_bin
writev
108
1, 0x7fffdd0e2a50, 2
98
SYSCALL
analyzed_bin
writev
108
1, 0x7fffdd0e2a50, 2
52
SYSCALL
analyzed_bin
writev
108
1, 0x7fffdd0e2a50, 2
98
SYSCALL
analyzed_bin
writev
108
1, 0x7fffdd0e2a50, 2
52
SYSCALL
analyzed_bin
writev
108
1, 0x7fffdd0e2a50, 2
98
SYSCALL
analyzed_bin
writev
108
1, 0x7fffdd0e2a50, 2
52
SYSCALL
analyzed_bin
writev
108
1, 0x7fffdd0e2a50, 2
98
SYSCALL
analyzed_bin
writev
108
1, 0x7fffdd0e2a50, 2
52
SYSCALL
analyzed_bin
writev
108
1, 0x7fffdd0e2a50, 2
98
SYSCALL
analyzed_bin
writev
108
1, 0x7fffdd0e2a50, 2
52
SYSCALL
analyzed_bin
writev
108
1, 0x7fffdd0e2a50, 2
98
SYSCALL
analyzed_bin
writev
108
1, 0x7fffdd0e2a50, 2
52
SYSCALL
analyzed_bin
writev
108
1, 0x7fffdd0e2a50, 2
98
SYSCALL
analyzed_bin
writev
108
1, 0x7fffdd0e2a50, 2
52
SYSCALL
analyzed_bin
writev
108
1, 0x7fffdd0e2a50, 2
98
SYSCALL
analyzed_bin
writev
108
1, 0x7fffdd0e2a50, 2
52
SYSCALL
analyzed_bin
writev
108
1, 0x7fffdd0e2a50, 2
98
SYSCALL
analyzed_bin
writev
108
1, 0x7fffdd0e2a50, 2
52
SYSCALL
analyzed_bin
writev
108
1, 0x7fffdd0e2a50, 2
98
SYSCALL
analyzed_bin
writev
108
1, 0x7fffdd0e2a50, 2
52
SYSCALL
analyzed_bin
writev
108
1, 0x7fffdd0e2a50, 2
98
SYSCALL
analyzed_bin
writev
108
1, 0x7fffdd0e2a50, 2
52
SYSCALL
analyzed_bin
writev
108
1, 0x7fffdd0e2a50, 2
98
SYSCALL
analyzed_bin
writev
108
1, 0x7fffdd0e2a50, 2
52
SYSCALL
analyzed_bin
writev
108
1, 0x7fffdd0e2a50, 2
98
SYSCALL
analyzed_bin
writev
108
1, 0x7fffdd0e2a50, 2
52
SYSCALL
analyzed_bin
writev
108
1, 0x7fffdd0e2a50, 2
98
SYSCALL
analyzed_bin
writev
108
1, 0x7fffdd0e2a50, 2
52
SYSCALL
analyzed_bin
writev
108
1, 0x7fffdd0e2a50, 2
98
SYSCALL
analyzed_bin
writev
108
1, 0x7fffdd0e2a50, 2
52
SYSCALL
analyzed_bin
writev
108
1, 0x7fffdd0e2a50, 2
98
SYSCALL
analyzed_bin
writev
108
1, 0x7fffdd0e2a50, 2
52
SYSCALL
analyzed_bin
writev
108
1, 0x7fffdd0e2a50, 2
98
SYSCALL
analyzed_bin
writev
108
1, 0x7fffdd0e2a50, 2
52
SYSCALL
analyzed_bin
writev
108
1, 0x7fffdd0e2a50, 2
98
SYSCALL
analyzed_bin
writev
108
1, 0x7fffdd0e2a50, 2
52
SYSCALL
analyzed_bin
writev
108
1, 0x7fffdd0e2a50, 2
98
SYSCALL
analyzed_bin
writev
108
1, 0x7fffdd0e2a50, 2
52
SYSCALL
analyzed_bin
writev
108
1, 0x7fffdd0e2a50, 2
98
SYSCALL
analyzed_bin
writev
108
1, 0x7fffdd0e2a50, 2
52
SYSCALL
analyzed_bin
writev
108
1, 0x7fffdd0e2a50, 2
98
SYSCALL
analyzed_bin
writev
108
1, 0x7fffdd0e2a50, 2
52
SYSCALL
analyzed_bin
writev
108
1, 0x7fffdd0e2a50, 2
98
SYSCALL
analyzed_bin
writev
108
1, 0x7fffdd0e2a50, 2
52
SYSCALL
analyzed_bin
writev
108
1, 0x7fffdd0e2a50, 2
98
SYSCALL
analyzed_bin
writev
108
1, 0x7fffdd0e2a50, 2
52
SYSCALL
analyzed_bin
writev
108
1, 0x7fffdd0e2a50, 2
98
SYSCALL
analyzed_bin
writev
108
1, 0x7fffdd0e2a50, 2
52
SYSCALL
analyzed_bin
writev
108
1, 0x7fffdd0e2a50, 2
98
SYSCALL
analyzed_bin
writev
108
1, 0x7fffdd0e2a50, 2
52
SYSCALL
analyzed_bin
writev
108
1, 0x7fffdd0e2a50, 2
98
SYSCALL
analyzed_bin
writev
108
1, 0x7fffdd0e2a50, 2
52
SYSCALL
analyzed_bin
writev
108
1, 0x7fffdd0e2a50, 2
98
SYSCALL
analyzed_bin
writev
108
1, 0x7fffdd0e2a50, 2
52
SYSCALL
analyzed_bin
writev
108
1, 0x7fffdd0e2a50, 2
98
SYSCALL
analyzed_bin
writev
108
1, 0x7fffdd0e2a50, 2
52
SYSCALL
analyzed_bin
writev
108
1, 0x7fffdd0e2a50, 2
98
SYSCALL
analyzed_bin
writev
108
1, 0x7fffdd0e2a50, 2
52
SYSCALL
analyzed_bin
writev
108
1, 0x7fffdd0e2a50, 2
98
SYSCALL
analyzed_bin
writev
108
1, 0x7fffdd0e2a50, 2
52
SYSCALL
analyzed_bin
writev
108
1, 0x7fffdd0e2a50, 2
98
SYSCALL
analyzed_bin
writev
108
1, 0x7fffdd0e2a50, 2
52
SYSCALL
analyzed_bin
writev
108
1, 0x7fffdd0e2a50, 2
98
SYSCALL
analyzed_bin
writev
108
1, 0x7fffdd0e2a50, 2
52
SYSCALL
analyzed_bin
writev
108
1, 0x7fffdd0e2a50, 2
98
SYSCALL
analyzed_bin
writev
108
1, 0x7fffdd0e2a50, 2
52
SYSCALL
analyzed_bin
writev
108
1, 0x7fffdd0e2a50, 2
98
SYSCALL
analyzed_bin
writev
108
1, 0x7fffdd0e2a50, 2
52
SYSCALL
analyzed_bin
writev
108
1, 0x7fffdd0e2a50, 2
98
SYSCALL
analyzed_bin
writev
108
1, 0x7fffdd0e2a50, 2
52
SYSCALL
analyzed_bin
writev
108
1, 0x7fffdd0e2a50, 2
98
SYSCALL
analyzed_bin
writev
108
1, 0x7fffdd0e2a50, 2
52
SYSCALL
analyzed_bin
writev
108
1, 0x7fffdd0e2a50, 2
98
SYSCALL
analyzed_bin
writev
108
1, 0x7fffdd0e2a50, 2
52
SYSCALL
analyzed_bin
writev
108
1, 0x7fffdd0e2a50, 2
98
SYSCALL
analyzed_bin
writev
108
1, 0x7fffdd0e2a50, 2
52
SYSCALL
analyzed_bin
writev
108
1, 0x7fffdd0e2a50, 2
98
SYSCALL
analyzed_bin
writev
108
1, 0x7fffdd0e2a50, 2
52
SYSCALL
analyzed_bin
writev
108
1, 0x7fffdd0e2a50, 2
98
SYSCALL
analyzed_bin
writev
108
1, 0x7fffdd0e2a50, 2
52
SYSCALL
analyzed_bin
writev
108
1, 0x7fffdd0e2a50, 2
98
SYSCALL
analyzed_bin
writev
108
1, 0x7fffdd0e2a50, 2
52
SYSCALL
analyzed_bin
writev
108
1, 0x7fffdd0e2a50, 2
98
SYSCALL
analyzed_bin
writev
108
1, 0x7fffdd0e2a50, 2
52
SYSCALL
analyzed_bin
writev
108
1, 0x7fffdd0e2a50, 2
98
SYSCALL
analyzed_bin
writev
108
1, 0x7fffdd0e2a50, 2
52
SYSCALL
analyzed_bin
writev
108
1, 0x7fffdd0e2a50, 2
98
SYSCALL
analyzed_bin
writev
108
1, 0x7fffdd0e2a50, 2
52
SYSCALL
analyzed_bin
writev
108
1, 0x7fffdd0e2a50, 2
98
SYSCALL
analyzed_bin
writev
108
1, 0x7fffdd0e2a50, 2
52
SYSCALL
analyzed_bin
writev
108
1, 0x7fffdd0e2a50, 2
98
SYSCALL
analyzed_bin
writev
108
1, 0x7fffdd0e2a50, 2
52
SYSCALL
analyzed_bin
writev
108
1, 0x7fffdd0e2a50, 2
98
SYSCALL
analyzed_bin
writev
108
1, 0x7fffdd0e2a50, 2
52
SYSCALL
analyzed_bin
writev
108
1, 0x7fffdd0e2a50, 2
98
SYSCALL
analyzed_bin
writev
108
1, 0x7fffdd0e2a50, 2
52
SYSCALL
analyzed_bin
writev
108
1, 0x7fffdd0e2a50, 2
98
SYSCALL
analyzed_bin
writev
108
1, 0x7fffdd0e2a50, 2
52
SYSCALL
analyzed_bin
writev
108
1, 0x7fffdd0e2a50, 2
98
SYSCALL
analyzed_bin
writev
108
1, 0x7fffdd0e2a50, 2
52
SYSCALL
analyzed_bin
writev
108
1, 0x7fffdd0e2a50, 2
98
SYSCALL
analyzed_bin
writev
108
1, 0x7fffdd0e2a50, 2
52
SYSCALL
analyzed_bin
writev
108
1, 0x7fffdd0e2a50, 2
98
SYSCALL
analyzed_bin
writev
108
1, 0x7fffdd0e2a50, 2
52
SYSCALL
analyzed_bin
writev
108
1, 0x7fffdd0e2a50, 2
98
SYSCALL
analyzed_bin
writev
108
1, 0x7fffdd0e2a50, 2
52
SYSCALL
analyzed_bin
writev
108
1, 0x7fffdd0e2a50, 2
98
SYSCALL
analyzed_bin
writev
108
1, 0x7fffdd0e2a50, 2
52
SYSCALL
analyzed_bin
writev
108
1, 0x7fffdd0e2a50, 2
98
SYSCALL
analyzed_bin
writev
108
1, 0x7fffdd0e2a50, 2
52
SYSCALL
analyzed_bin
writev
108
1, 0x7fffdd0e2a50, 2
98
SYSCALL
analyzed_bin
writev
108
1, 0x7fffdd0e2a50, 2
52
SYSCALL
analyzed_bin
writev
108
1, 0x7fffdd0e2a50, 2
98
SYSCALL
analyzed_bin
writev
108
1, 0x7fffdd0e2a50, 2
52
SYSCALL
analyzed_bin
writev
108
1, 0x7fffdd0e2a50, 2
98
SYSCALL
analyzed_bin
writev
108
1, 0x7fffdd0e2a50, 2
52
SYSCALL
analyzed_bin
writev
108
1, 0x7fffdd0e2a50, 2
98
SYSCALL
analyzed_bin
writev
108
1, 0x7fffdd0e2a50, 2
52
SYSCALL
analyzed_bin
writev
108
1, 0x7fffdd0e2a50, 2
98
SYSCALL
analyzed_bin
writev
108
1, 0x7fffdd0e2a50, 2
52
SYSCALL
analyzed_bin
writev
108
1, 0x7fffdd0e2a50, 2
98
SYSCALL
analyzed_bin
writev
108
1, 0x7fffdd0e2a50, 2
52
SYSCALL
analyzed_bin
writev
108
1, 0x7fffdd0e2a50, 2
98
SYSCALL
analyzed_bin
writev
108
1, 0x7fffdd0e2a50, 2
52
SYSCALL
analyzed_bin
writev
108
1, 0x7fffdd0e2a50, 2
98
SYSCALL
analyzed_bin
writev
108
1, 0x7fffdd0e2a50, 2
52
SYSCALL
analyzed_bin
writev
108
1, 0x7fffdd0e2a50, 2
98
SYSCALL
analyzed_bin
writev
108
1, 0x7fffdd0e2a50, 2
52
SYSCALL
analyzed_bin
writev
108
1, 0x7fffdd0e2a50, 2
98
SYSCALL
analyzed_bin
writev
108
1, 0x7fffdd0e2a50, 2
52
SYSCALL
analyzed_bin
writev
108
1, 0x7fffdd0e2a50, 2
98
SYSCALL
analyzed_bin
writev
108
1, 0x7fffdd0e2a50, 2
52
SYSCALL
analyzed_bin
writev
108
1, 0x7fffdd0e2a50, 2
98
SYSCALL
analyzed_bin
writev
108
1, 0x7fffdd0e2a50, 2
52
SYSCALL
analyzed_bin
writev
108
1, 0x7fffdd0e2a50, 2
98
SYSCALL
analyzed_bin
writev
108
1, 0x7fffdd0e2a50, 2
52
SYSCALL
analyzed_bin
writev
108
1, 0x7fffdd0e2a50, 2
98
SYSCALL
analyzed_bin
writev
108
1, 0x7fffdd0e2a50, 2
52
SYSCALL
analyzed_bin
writev
108
1, 0x7fffdd0e2a50, 2
98
SYSCALL
analyzed_bin
writev
108
1, 0x7fffdd0e2a50, 2
52
SYSCALL
analyzed_bin
writev
108
1, 0x7fffdd0e2a50, 2
98
SYSCALL
analyzed_bin
writev
108
1, 0x7fffdd0e2a50, 2
52
SYSCALL
analyzed_bin
writev
108
1, 0x7fffdd0e2a50, 2
98
SYSCALL
analyzed_bin
writev
108
1, 0x7fffdd0e2a50, 2
52
SYSCALL
analyzed_bin
writev
108
1, 0x7fffdd0e2a50, 2
98
SYSCALL
analyzed_bin
writev
108
1, 0x7fffdd0e2a50, 2
52
SYSCALL
analyzed_bin
writev
108
1, 0x7fffdd0e2a50, 2
98
SYSCALL
analyzed_bin
writev
108
1, 0x7fffdd0e2a50, 2
52
SYSCALL
analyzed_bin
writev
108
1, 0x7fffdd0e2a50, 2
98
SYSCALL
analyzed_bin
writev
108
1, 0x7fffdd0e2a50, 2
52
SYSCALL
analyzed_bin
writev
108
1, 0x7fffdd0e2a50, 2
98
SYSCALL
analyzed_bin
writev
108
1, 0x7fffdd0e2a50, 2
52
SYSCALL
analyzed_bin
writev
108
1, 0x7fffdd0e2a50, 2
98
SYSCALL
analyzed_bin
writev
108
1, 0x7fffdd0e2a50, 2
52
SYSCALL
analyzed_bin
writev
108
1, 0x7fffdd0e2a50, 2
98
SYSCALL
analyzed_bin
writev
108
1, 0x7fffdd0e2a50, 2
52
SYSCALL
analyzed_bin
writev
108
1, 0x7fffdd0e2a50, 2
98
SYSCALL
analyzed_bin
writev
108
1, 0x7fffdd0e2a50, 2
52
SYSCALL
analyzed_bin
writev
108
1, 0x7fffdd0e2a50, 2
98
SYSCALL
analyzed_bin
writev
108
1, 0x7fffdd0e2a50, 2
52
SYSCALL
analyzed_bin
writev
108
1, 0x7fffdd0e2a50, 2
98
SYSCALL
analyzed_bin
writev
108
1, 0x7fffdd0e2a50, 2
52
SYSCALL
analyzed_bin
writev
108
1, 0x7fffdd0e2a50, 2
98
SYSCALL
analyzed_bin
writev
108
1, 0x7fffdd0e2a50, 2
52
SYSCALL
analyzed_bin
writev
108
1, 0x7fffdd0e2a50, 2
98
SYSCALL
analyzed_bin
writev
108
1, 0x7fffdd0e2a50, 2
52
SYSCALL
analyzed_bin
writev
108
1, 0x7fffdd0e2a50, 2
98
SYSCALL
analyzed_bin
writev
108
1, 0x7fffdd0e2a50, 2
52
SYSCALL
analyzed_bin
writev
108
1, 0x7fffdd0e2a50, 2
98
SYSCALL
analyzed_bin
writev
108
1, 0x7fffdd0e2a50, 2
52
SYSCALL
analyzed_bin
writev
108
1, 0x7fffdd0e2a50, 2
98
SYSCALL
analyzed_bin
writev
108
1, 0x7fffdd0e2a50, 2
52
SYSCALL
analyzed_bin
writev
108
1, 0x7fffdd0e2a50, 2
98
SYSCALL
analyzed_bin
writev
108
1, 0x7fffdd0e2a50, 2
52
SYSCALL
analyzed_bin
writev
108
1, 0x7fffdd0e2a50, 2
98
SYSCALL
analyzed_bin
writev
108
1, 0x7fffdd0e2a50, 2
52
SYSCALL
analyzed_bin
writev
108
1, 0x7fffdd0e2a50, 2
98
SYSCALL
analyzed_bin
writev
108
1, 0x7fffdd0e2a50, 2
52
SYSCALL
analyzed_bin
writev
108
1, 0x7fffdd0e2a50, 2
98
SYSCALL
analyzed_bin
writev
108
1, 0x7fffdd0e2a50, 2
52
SYSCALL
analyzed_bin
writev
108
1, 0x7fffdd0e2a50, 2
98
SYSCALL
analyzed_bin
writev
108
1, 0x7fffdd0e2a50, 2
52
SYSCALL
analyzed_bin
writev
108
1, 0x7fffdd0e2a50, 2
98
SYSCALL
analyzed_bin
writev
108
1, 0x7fffdd0e2a50, 2
52
SYSCALL
analyzed_bin
writev
108
1, 0x7fffdd0e2a50, 2
98
SYSCALL
analyzed_bin
writev
108
1, 0x7fffdd0e2a50, 2
52
SYSCALL
analyzed_bin
writev
108
1, 0x7fffdd0e2a50, 2
98
SYSCALL
analyzed_bin
writev
108
1, 0x7fffdd0e2a50, 2
52
SYSCALL
analyzed_bin
writev
108
1, 0x7fffdd0e2a50, 2
98
SYSCALL
analyzed_bin
writev
108
1, 0x7fffdd0e2a50, 2
52
SYSCALL
analyzed_bin
writev
108
1, 0x7fffdd0e2a50, 2
98
SYSCALL
analyzed_bin
writev
108
1, 0x7fffdd0e2a50, 2
52
SYSCALL
analyzed_bin
writev
108
1, 0x7fffdd0e2a50, 2
98
SYSCALL
analyzed_bin
writev
108
1, 0x7fffdd0e2a50, 2
52
SYSCALL
analyzed_bin
writev
108
1, 0x7fffdd0e2a50, 2
98
SYSCALL
analyzed_bin
writev
108
1, 0x7fffdd0e2a50, 2
52
SYSCALL
analyzed_bin
writev
108
1, 0x7fffdd0e2a50, 2
98
SYSCALL
analyzed_bin
writev
108
1, 0x7fffdd0e2a50, 2
52
SYSCALL
analyzed_bin
writev
108
1, 0x7fffdd0e2a50, 2
98
SYSCALL
analyzed_bin
writev
108
1, 0x7fffdd0e2a50, 2
52
SYSCALL
analyzed_bin
writev
108
1, 0x7fffdd0e2a50, 2
98
SYSCALL
analyzed_bin
writev
108
1, 0x7fffdd0e2a50, 2
52
SYSCALL
analyzed_bin
writev
108
1, 0x7fffdd0e2a50, 2
98
SYSCALL
analyzed_bin
writev
108
1, 0x7fffdd0e2a50, 2
52
SYSCALL
analyzed_bin
writev
108
1, 0x7fffdd0e2a50, 2
98
SYSCALL
analyzed_bin
writev
108
1, 0x7fffdd0e2a50, 2
52
SYSCALL
analyzed_bin
writev
108
1, 0x7fffdd0e2a50, 2
98
SYSCALL
analyzed_bin
writev
108
1, 0x7fffdd0e2a50, 2
52
SYSCALL
analyzed_bin
writev
108
1, 0x7fffdd0e2a50, 2
98
SYSCALL
analyzed_bin
writev
108
1, 0x7fffdd0e2a50, 2
52
SYSCALL
analyzed_bin
writev
108
1, 0x7fffdd0e2a50, 2
98
SYSCALL
analyzed_bin
writev
108
1, 0x7fffdd0e2a50, 2
52
SYSCALL
analyzed_bin
writev
108
1, 0x7fffdd0e2a50, 2
98
SYSCALL
analyzed_bin
writev
108
1, 0x7fffdd0e2a50, 2
52
SYSCALL
analyzed_bin
writev
108
1, 0x7fffdd0e2a50, 2
98
SYSCALL
analyzed_bin
writev
108
1, 0x7fffdd0e2a50, 2
52
SYSCALL
analyzed_bin
writev
108
1, 0x7fffdd0e2a50, 2
98
SYSCALL
analyzed_bin
writev
108
1, 0x7fffdd0e2a50, 2
52
SYSCALL
analyzed_bin
writev
108
1, 0x7fffdd0e2a50, 2
98
SYSCALL
analyzed_bin
writev
108
1, 0x7fffdd0e2a50, 2
52
SYSCALL
analyzed_bin
writev
108
1, 0x7fffdd0e2a50, 2
98
SYSCALL
analyzed_bin
writev
108
1, 0x7fffdd0e2a50, 2
52
SYSCALL
analyzed_bin
writev
108
1, 0x7fffdd0e2a50, 2
98
SYSCALL
analyzed_bin
writev
108
1, 0x7fffdd0e2a50, 2
52
SYSCALL
analyzed_bin
writev
108
1, 0x7fffdd0e2a50, 2
98
SYSCALL
analyzed_bin
writev
108
1, 0x7fffdd0e2a50, 2
52
SYSCALL
analyzed_bin
writev
108
1, 0x7fffdd0e2a50, 2
98
SYSCALL
analyzed_bin
writev
108
1, 0x7fffdd0e2a50, 2
52
SYSCALL
analyzed_bin
writev
108
1, 0x7fffdd0e2a50, 2
98
SYSCALL
analyzed_bin
writev
108
1, 0x7fffdd0e2a50, 2
52
SYSCALL
analyzed_bin
writev
108
1, 0x7fffdd0e2a50, 2
98
SYSCALL
analyzed_bin
writev
108
1, 0x7fffdd0e2a50, 2
52
SYSCALL
analyzed_bin
writev
108
1, 0x7fffdd0e2a50, 2
98
SYSCALL
analyzed_bin
writev
108
1, 0x7fffdd0e2a50, 2
52
SYSCALL
analyzed_bin
writev
108
1, 0x7fffdd0e2a50, 2
98
SYSCALL
analyzed_bin
writev
108
1, 0x7fffdd0e2a50, 2
52
SYSCALL
analyzed_bin
writev
108
1, 0x7fffdd0e2a50, 2
98
SYSCALL
analyzed_bin
writev
108
1, 0x7fffdd0e2a50, 2
52
SYSCALL
analyzed_bin
writev
108
1, 0x7fffdd0e2a50, 2
98
SYSCALL
analyzed_bin
writev
108
1, 0x7fffdd0e2a50, 2
52
SYSCALL
analyzed_bin
writev
108
1, 0x7fffdd0e2a50, 2
98
SYSCALL
analyzed_bin
writev
108
1, 0x7fffdd0e2a50, 2
52
SYSCALL
analyzed_bin
writev
108
1, 0x7fffdd0e2a50, 2
98
SYSCALL
analyzed_bin
writev
108
1, 0x7fffdd0e2a50, 2
52
SYSCALL
analyzed_bin
writev
108
1, 0x7fffdd0e2a50, 2
98
SYSCALL
analyzed_bin
writev
108
1, 0x7fffdd0e2a50, 2
52
SYSCALL
analyzed_bin
writev
108
1, 0x7fffdd0e2a50, 2
98
SYSCALL
analyzed_bin
writev
108
1, 0x7fffdd0e2a50, 2
52
SYSCALL
analyzed_bin
writev
108
1, 0x7fffdd0e2a50, 2
98
SYSCALL
analyzed_bin
writev
108
1, 0x7fffdd0e2a50, 2
52
SYSCALL
analyzed_bin
writev
108
1, 0x7fffdd0e2a50, 2
98
SYSCALL
analyzed_bin
writev
108
1, 0x7fffdd0e2a50, 2
52
SYSCALL
analyzed_bin
writev
108
1, 0x7fffdd0e2a50, 2
98
SYSCALL
analyzed_bin
writev
108
1, 0x7fffdd0e2a50, 2
52
SYSCALL
analyzed_bin
writev
108
1, 0x7fffdd0e2a50, 2
98
SYSCALL
analyzed_bin
writev
108
1, 0x7fffdd0e2a50, 2
52
SYSCALL
analyzed_bin
writev
108
1, 0x7fffdd0e2a50, 2
98
SYSCALL
analyzed_bin
writev
108
1, 0x7fffdd0e2a50, 2
52
SYSCALL
analyzed_bin
writev
108
1, 0x7fffdd0e2a50, 2
98
SYSCALL
analyzed_bin
writev
108
1, 0x7fffdd0e2a50, 2
52
SYSCALL
analyzed_bin
writev
108
1, 0x7fffdd0e2a50, 2
98
SYSCALL
analyzed_bin
writev
108
1, 0x7fffdd0e2a50, 2
52
SYSCALL
analyzed_bin
writev
108
1, 0x7fffdd0e2a50, 2
98
SYSCALL
analyzed_bin
writev
108
1, 0x7fffdd0e2a50, 2
52
SYSCALL
analyzed_bin
writev
108
1, 0x7fffdd0e2a50, 2
98
SYSCALL
analyzed_bin
writev
108
1, 0x7fffdd0e2a50, 2
52
SYSCALL
analyzed_bin
writev
108
1, 0x7fffdd0e2a50, 2
98
SYSCALL
analyzed_bin
writev
108
1, 0x7fffdd0e2a50, 2
52
SYSCALL
analyzed_bin
writev
108
1, 0x7fffdd0e2a50, 2
98
SYSCALL
analyzed_bin
writev
108
1, 0x7fffdd0e2a50, 2
52
SYSCALL
analyzed_bin
writev
108
1, 0x7fffdd0e2a50, 2
98
SYSCALL
analyzed_bin
writev
108
1, 0x7fffdd0e2a50, 2
52
SYSCALL
analyzed_bin
writev
108
1, 0x7fffdd0e2a50, 2
98
SYSCALL
analyzed_bin
writev
108
1, 0x7fffdd0e2a50, 2
52
SYSCALL
analyzed_bin
writev
108
1, 0x7fffdd0e2a50, 2
98
SYSCALL
analyzed_bin
writev
108
1, 0x7fffdd0e2a50, 2
52
SYSCALL
analyzed_bin
writev
108
1, 0x7fffdd0e2a50, 2
98
SYSCALL
analyzed_bin
writev
108
1, 0x7fffdd0e2a50, 2
52
SYSCALL
analyzed_bin
writev
108
1, 0x7fffdd0e2a50, 2
98
SYSCALL
analyzed_bin
writev
108
1, 0x7fffdd0e2a50, 2
52
SYSCALL
analyzed_bin
writev
108
1, 0x7fffdd0e2a50, 2
98
SYSCALL
analyzed_bin
writev
108
1, 0x7fffdd0e2a50, 2
52
SYSCALL
analyzed_bin
writev
108
1, 0x7fffdd0e2a50, 2
98
SYSCALL
analyzed_bin
writev
108
1, 0x7fffdd0e2a50, 2
52
SYSCALL
analyzed_bin
writev
108
1, 0x7fffdd0e2a50, 2
98
SYSCALL
analyzed_bin
writev
108
1, 0x7fffdd0e2a50, 2
52
SYSCALL
analyzed_bin
writev
108
1, 0x7fffdd0e2a50, 2
98
SYSCALL
analyzed_bin
writev
108
1, 0x7fffdd0e2a50, 2
52
SYSCALL
analyzed_bin
writev
108
1, 0x7fffdd0e2a50, 2
98
SYSCALL
analyzed_bin
writev
108
1, 0x7fffdd0e2a50, 2
52
SYSCALL
analyzed_bin
writev
108
1, 0x7fffdd0e2a50, 2
98
SYSCALL
analyzed_bin
writev
108
1, 0x7fffdd0e2a50, 2
52
SYSCALL
analyzed_bin
writev
108
1, 0x7fffdd0e2a50, 2
98
SYSCALL
analyzed_bin
writev
108
1, 0x7fffdd0e2a50, 2
52
SYSCALL
analyzed_bin
writev
108
1, 0x7fffdd0e2a50, 2
98
SYSCALL
analyzed_bin
writev
108
1, 0x7fffdd0e2a50, 2
52
SYSCALL
analyzed_bin
writev
108
1, 0x7fffdd0e2a50, 2
98
SYSCALL
analyzed_bin
writev
108
1, 0x7fffdd0e2a50, 2
52
SYSCALL
analyzed_bin
writev
108
1, 0x7fffdd0e2a50, 2
98
SYSCALL
analyzed_bin
writev
108
1, 0x7fffdd0e2a50, 2
52
SYSCALL
analyzed_bin
writev
108
1, 0x7fffdd0e2a50, 2
98
SYSCALL
analyzed_bin
writev
108
1, 0x7fffdd0e2a50, 2
52
SYSCALL
analyzed_bin
writev
108
1, 0x7fffdd0e2a50, 2
98
SYSCALL
analyzed_bin
writev
108
1, 0x7fffdd0e2a50, 2
52
SYSCALL
analyzed_bin
writev
108
1, 0x7fffdd0e2a50, 2
98
SYSCALL
analyzed_bin
writev
108
1, 0x7fffdd0e2a50, 2
52
SYSCALL
analyzed_bin
writev
108
1, 0x7fffdd0e2a50, 2
98
SYSCALL
analyzed_bin
writev
108
1, 0x7fffdd0e2a50, 2
52
SYSCALL
analyzed_bin
writev
108
1, 0x7fffdd0e2a50, 2
98
SYSCALL
analyzed_bin
writev
108
1, 0x7fffdd0e2a50, 2
52
SYSCALL
analyzed_bin
writev
108
1, 0x7fffdd0e2a50, 2
98
SYSCALL
analyzed_bin
writev
108
1, 0x7fffdd0e2a50, 2
52
SYSCALL
analyzed_bin
writev
108
1, 0x7fffdd0e2a50, 2
98
SYSCALL
analyzed_bin
writev
108
1, 0x7fffdd0e2a50, 2
52
SYSCALL
analyzed_bin
writev
108
1, 0x7fffdd0e2a50, 2
98
SYSCALL
analyzed_bin
writev
108
1, 0x7fffdd0e2a50, 2
52
SYSCALL
analyzed_bin
writev
108
1, 0x7fffdd0e2a50, 2
98
SYSCALL
analyzed_bin
writev
108
1, 0x7fffdd0e2a50, 2
52
SYSCALL
analyzed_bin
writev
108
1, 0x7fffdd0e2a50, 2
98
SYSCALL
analyzed_bin
writev
108
1, 0x7fffdd0e2a50, 2
52
SYSCALL
analyzed_bin
writev
108
1, 0x7fffdd0e2a50, 2
98
SYSCALL
analyzed_bin
writev
108
1, 0x7fffdd0e2a50, 2
52
SYSCALL
analyzed_bin
writev
108
1, 0x7fffdd0e2a50, 2
98
SYSCALL
analyzed_bin
writev
108
1, 0x7fffdd0e2a50, 2
52
SYSCALL
analyzed_bin
writev
108
1, 0x7fffdd0e2a50, 2
98
SYSCALL
analyzed_bin
writev
108
1, 0x7fffdd0e2a50, 2
52
SYSCALL
analyzed_bin
writev
108
1, 0x7fffdd0e2a50, 2
98
SYSCALL
analyzed_bin
writev
108
1, 0x7fffdd0e2a50, 2
52
SYSCALL
analyzed_bin
writev
108
1, 0x7fffdd0e2a50, 2
98
SYSCALL
analyzed_bin
writev
108
1, 0x7fffdd0e2a50, 2
52
SYSCALL
analyzed_bin
writev
108
1, 0x7fffdd0e2a50, 2
98
SYSCALL
analyzed_bin
writev
108
1, 0x7fffdd0e2a50, 2
52
SYSCALL
analyzed_bin
writev
108
1, 0x7fffdd0e2a50, 2
98
SYSCALL
analyzed_bin
writev
108
1, 0x7fffdd0e2a50, 2
52
SYSCALL
analyzed_bin
writev
108
1, 0x7fffdd0e2a50, 2
98
SYSCALL
analyzed_bin
writev
108
1, 0x7fffdd0e2a50, 2
52
SYSCALL
analyzed_bin
writev
108
1, 0x7fffdd0e2a50, 2
98
SYSCALL
analyzed_bin
writev
108
1, 0x7fffdd0e2a50, 2
52
SYSCALL
analyzed_bin
writev
108
1, 0x7fffdd0e2a50, 2
98
SYSCALL
analyzed_bin
writev
108
1, 0x7fffdd0e2a50, 2
52
SYSCALL
analyzed_bin
writev
108
1, 0x7fffdd0e2a50, 2
98
SYSCALL
analyzed_bin
writev
108
1, 0x7fffdd0e2a50, 2
52
SYSCALL
analyzed_bin
writev
108
1, 0x7fffdd0e2a50, 2
98
SYSCALL
analyzed_bin
writev
108
1, 0x7fffdd0e2a50, 2
52
SYSCALL
analyzed_bin
writev
108
1, 0x7fffdd0e2a50, 2
98
SYSCALL
analyzed_bin
writev
108
1, 0x7fffdd0e2a50, 2
52
SYSCALL
analyzed_bin
writev
108
1, 0x7fffdd0e2a50, 2
98
SYSCALL
analyzed_bin
writev
108
1, 0x7fffdd0e2a50, 2
52
SYSCALL
analyzed_bin
writev
108
1, 0x7fffdd0e2a50, 2
98
SYSCALL
analyzed_bin
writev
108
1, 0x7fffdd0e2a50, 2
52
SYSCALL
analyzed_bin
writev
108
1, 0x7fffdd0e2a50, 2
98
SYSCALL
analyzed_bin
writev
108
1, 0x7fffdd0e2a50, 2
52
SYSCALL
analyzed_bin
writev
108
1, 0x7fffdd0e2a50, 2
98
SYSCALL
analyzed_bin
writev
108
1, 0x7fffdd0e2a50, 2
52
SYSCALL
analyzed_bin
writev
108
1, 0x7fffdd0e2a50, 2
98
SYSCALL
analyzed_bin
writev
108
1, 0x7fffdd0e2a50, 2
52
SYSCALL
analyzed_bin
writev
108
1, 0x7fffdd0e2a50, 2
98
SYSCALL
analyzed_bin
writev
108
1, 0x7fffdd0e2a50, 2
52
SYSCALL
analyzed_bin
writev
108
1, 0x7fffdd0e2a50, 2
98
SYSCALL
analyzed_bin
writev
108
1, 0x7fffdd0e2a50, 2
52
SYSCALL
analyzed_bin
writev
108
1, 0x7fffdd0e2a50, 2
98
SYSCALL
analyzed_bin
writev
108
1, 0x7fffdd0e2a50, 2
52
SYSCALL
analyzed_bin
writev
108
1, 0x7fffdd0e2a50, 2
98
SYSCALL
analyzed_bin
writev
108
1, 0x7fffdd0e2a50, 2
52
SYSCALL
analyzed_bin
writev
108
1, 0x7fffdd0e2a50, 2
98
SYSCALL
analyzed_bin
writev
108
1, 0x7fffdd0e2a50, 2
52
SYSCALL
analyzed_bin
writev
108
1, 0x7fffdd0e2a50, 2
98
SYSCALL
analyzed_bin
writev
108
1, 0x7fffdd0e2a50, 2
52
SYSCALL
analyzed_bin
writev
108
1, 0x7fffdd0e2a50, 2
98
SYSCALL
analyzed_bin
writev
108
1, 0x7fffdd0e2a50, 2
52
SYSCALL
analyzed_bin
writev
108
1, 0x7fffdd0e2a50, 2
98
SYSCALL
analyzed_bin
writev
108
1, 0x7fffdd0e2a50, 2
52
SYSCALL
analyzed_bin
writev
108
1, 0x7fffdd0e2a50, 2
98
SYSCALL
analyzed_bin
writev
108
1, 0x7fffdd0e2a50, 2
52
SYSCALL
analyzed_bin
writev
108
1, 0x7fffdd0e2a50, 2
98
SYSCALL
analyzed_bin
writev
108
1, 0x7fffdd0e2a50, 2
52
SYSCALL
analyzed_bin
writev
108
1, 0x7fffdd0e2a50, 2
98
SYSCALL
analyzed_bin
writev
108
1, 0x7fffdd0e2a50, 2
52
SYSCALL
analyzed_bin
writev
108
1, 0x7fffdd0e2a50, 2
98
SYSCALL
analyzed_bin
writev
108
1, 0x7fffdd0e2a50, 2
52
SYSCALL
analyzed_bin
writev
108
1, 0x7fffdd0e2a50, 2
98
SYSCALL
analyzed_bin
writev
108
1, 0x7fffdd0e2a50, 2
52
SYSCALL
analyzed_bin
writev
108
1, 0x7fffdd0e2a50, 2
98
SYSCALL
analyzed_bin
writev
108
1, 0x7fffdd0e2a50, 2
52
SYSCALL
analyzed_bin
writev
108
1, 0x7fffdd0e2a50, 2
98
SYSCALL
analyzed_bin
writev
108
1, 0x7fffdd0e2a50, 2
52
SYSCALL
analyzed_bin
writev
108
1, 0x7fffdd0e2a50, 2
98
SYSCALL
analyzed_bin
writev
108
1, 0x7fffdd0e2a50, 2
52
SYSCALL
analyzed_bin
writev
108
1, 0x7fffdd0e2a50, 2
98
SYSCALL
analyzed_bin
writev
108
1, 0x7fffdd0e2a50, 2
52
SYSCALL
analyzed_bin
writev
108
1, 0x7fffdd0e2a50, 2
98
SYSCALL
analyzed_bin
writev
108
1, 0x7fffdd0e2a50, 2
52
SYSCALL
analyzed_bin
writev
108
1, 0x7fffdd0e2a50, 2
98
SYSCALL
analyzed_bin
writev
108
1, 0x7fffdd0e2a50, 2
52
SYSCALL
analyzed_bin
writev
108
1, 0x7fffdd0e2a50, 2
98
SYSCALL
analyzed_bin
writev
108
1, 0x7fffdd0e2a50, 2
52
SYSCALL
analyzed_bin
writev
108
1, 0x7fffdd0e2a50, 2
98
SYSCALL
analyzed_bin
writev
108
1, 0x7fffdd0e2a50, 2
52
SYSCALL
analyzed_bin
writev
108
1, 0x7fffdd0e2a50, 2
98
SYSCALL
analyzed_bin
writev
108
1, 0x7fffdd0e2a50, 2
52
SYSCALL
analyzed_bin
writev
108
1, 0x7fffdd0e2a50, 2
98
SYSCALL
analyzed_bin
writev
108
1, 0x7fffdd0e2a50, 2
52
SYSCALL
analyzed_bin
writev
108
1, 0x7fffdd0e2a50, 2
98
SYSCALL
analyzed_bin
writev
108
1, 0x7fffdd0e2a50, 2
52
SYSCALL
analyzed_bin
writev
108
1, 0x7fffdd0e2a50, 2
98
SYSCALL
analyzed_bin
writev
108
1, 0x7fffdd0e2a50, 2
52
SYSCALL
analyzed_bin
writev
108
1, 0x7fffdd0e2a50, 2
98
SYSCALL
analyzed_bin
writev
108
1, 0x7fffdd0e2a50, 2
52
SYSCALL
analyzed_bin
writev
108
1, 0x7fffdd0e2a50, 2
98
SYSCALL
analyzed_bin
writev
108
1, 0x7fffdd0e2a50, 2
52
SYSCALL
analyzed_bin
writev
108
1, 0x7fffdd0e2a50, 2
98
SYSCALL
analyzed_bin
writev
108
1, 0x7fffdd0e2a50, 2
52
SYSCALL
analyzed_bin
writev
108
1, 0x7fffdd0e2a50, 2
98
SYSCALL
analyzed_bin
writev
108
1, 0x7fffdd0e2a50, 2
52
SYSCALL
analyzed_bin
writev
108
1, 0x7fffdd0e2a50, 2
98
SYSCALL
analyzed_bin
writev
108
1, 0x7fffdd0e2a50, 2
52
SYSCALL
analyzed_bin
writev
108
1, 0x7fffdd0e2a50, 2
98
SYSCALL
analyzed_bin
writev
108
1, 0x7fffdd0e2a50, 2
52
SYSCALL
analyzed_bin
writev
108
1, 0x7fffdd0e2a50, 2
98
SYSCALL
analyzed_bin
writev
108
1, 0x7fffdd0e2a50, 2
52
SYSCALL
analyzed_bin
writev
108
1, 0x7fffdd0e2a50, 2
98
SYSCALL
analyzed_bin
writev
108
1, 0x7fffdd0e2a50, 2
52
SYSCALL
analyzed_bin
writev
108
1, 0x7fffdd0e2a50, 2
98
SYSCALL
analyzed_bin
writev
108
1, 0x7fffdd0e2a50, 2
52
SYSCALL
analyzed_bin
writev
108
1, 0x7fffdd0e2a50, 2
98
SYSCALL
analyzed_bin
writev
108
1, 0x7fffdd0e2a50, 2
52
SYSCALL
analyzed_bin
writev
108
1, 0x7fffdd0e2a50, 2
98
SYSCALL
analyzed_bin
writev
108
1, 0x7fffdd0e2a50, 2
52
SYSCALL
analyzed_bin
writev
108
1, 0x7fffdd0e2a50, 2
98
SYSCALL
analyzed_bin
writev
108
1, 0x7fffdd0e2a50, 2
52
SYSCALL
analyzed_bin
writev
108
1, 0x7fffdd0e2a50, 2
98
SYSCALL
analyzed_bin
writev
108
1, 0x7fffdd0e2a50, 2
52
SYSCALL
analyzed_bin
writev
108
1, 0x7fffdd0e2a50, 2
98
SYSCALL
analyzed_bin
writev
108
1, 0x7fffdd0e2a50, 2
52
SYSCALL
analyzed_bin
writev
108
1, 0x7fffdd0e2a50, 2
98
SYSCALL
analyzed_bin
writev
108
1, 0x7fffdd0e2a50, 2
52
SYSCALL
analyzed_bin
writev
108
1, 0x7fffdd0e2a50, 2
98
SYSCALL
analyzed_bin
writev
108
1, 0x7fffdd0e2a50, 2
52
SYSCALL
analyzed_bin
writev
108
1, 0x7fffdd0e2a50, 2
98
SYSCALL
analyzed_bin
writev
108
1, 0x7fffdd0e2a50, 2
52
SYSCALL
analyzed_bin
writev
108
1, 0x7fffdd0e2a50, 2
98
SYSCALL
analyzed_bin
writev
108
1, 0x7fffdd0e2a50, 2
52
SYSCALL
analyzed_bin
writev
108
1, 0x7fffdd0e2a50, 2
98
SYSCALL
analyzed_bin
writev
108
1, 0x7fffdd0e2a50, 2
52
SYSCALL
analyzed_bin
writev
108
1, 0x7fffdd0e2a50, 2
98
SYSCALL
analyzed_bin
writev
108
1, 0x7fffdd0e2a50, 2
52
SYSCALL
analyzed_bin
writev
108
1, 0x7fffdd0e2a50, 2
98
SYSCALL
analyzed_bin
writev
108
1, 0x7fffdd0e2a50, 2
52
SYSCALL
analyzed_bin
writev
108
1, 0x7fffdd0e2a50, 2
98
SYSCALL
analyzed_bin
writev
108
1, 0x7fffdd0e2a50, 2
52
SYSCALL
analyzed_bin
writev
108
1, 0x7fffdd0e2a50, 2
98
SYSCALL
analyzed_bin
writev
108
1, 0x7fffdd0e2a50, 2
52
SYSCALL
analyzed_bin
writev
108
1, 0x7fffdd0e2a50, 2
98
SYSCALL
analyzed_bin
writev
108
1, 0x7fffdd0e2a50, 2
52
SYSCALL
analyzed_bin
writev
108
1, 0x7fffdd0e2a50, 2
98
SYSCALL
analyzed_bin
writev
108
1, 0x7fffdd0e2a50, 2
52
SYSCALL
analyzed_bin
writev
108
1, 0x7fffdd0e2a50, 2
98
SYSCALL
analyzed_bin
writev
108
1, 0x7fffdd0e2a50, 2
52
SYSCALL
analyzed_bin
writev
108
1, 0x7fffdd0e2a50, 2
98
SYSCALL
analyzed_bin
writev
108
1, 0x7fffdd0e2a50, 2
52
SYSCALL
analyzed_bin
writev
108
1, 0x7fffdd0e2a50, 2
98
SYSCALL
analyzed_bin
writev
108
1, 0x7fffdd0e2a50, 2
52
SYSCALL
analyzed_bin
writev
108
1, 0x7fffdd0e2a50, 2
98
SYSCALL
analyzed_bin
writev
108
1, 0x7fffdd0e2a50, 2
52
SYSCALL
analyzed_bin
writev
108
1, 0x7fffdd0e2a50, 2
98
SYSCALL
analyzed_bin
writev
108
1, 0x7fffdd0e2a50, 2
52
SYSCALL
analyzed_bin
writev
108
1, 0x7fffdd0e2a50, 2
98
SYSCALL
analyzed_bin
writev
108
1, 0x7fffdd0e2a50, 2
52
SYSCALL
analyzed_bin
writev
108
1, 0x7fffdd0e2a50, 2
98
SYSCALL
analyzed_bin
writev
108
1, 0x7fffdd0e2a50, 2
52
SYSCALL
analyzed_bin
writev
108
1, 0x7fffdd0e2a50, 2
98
SYSCALL
analyzed_bin
writev
108
1, 0x7fffdd0e2a50, 2
52
SYSCALL
analyzed_bin
writev
108
1, 0x7fffdd0e2a50, 2
98
SYSCALL
analyzed_bin
writev
108
1, 0x7fffdd0e2a50, 2
52
SYSCALL
analyzed_bin
writev
108
1, 0x7fffdd0e2a50, 2
98
SYSCALL
analyzed_bin
writev
108
1, 0x7fffdd0e2a50, 2
52
SYSCALL
analyzed_bin
writev
108
1, 0x7fffdd0e2a50, 2
98
SYSCALL
analyzed_bin
writev
108
1, 0x7fffdd0e2a50, 2
52
SYSCALL
analyzed_bin
writev
108
1, 0x7fffdd0e2a50, 2
98
SYSCALL
analyzed_bin
writev
108
1, 0x7fffdd0e2a50, 2
52
SYSCALL
analyzed_bin
writev
108
1, 0x7fffdd0e2a50, 2
98
SYSCALL
analyzed_bin
writev
108
1, 0x7fffdd0e2a50, 2
52
SYSCALL
analyzed_bin
writev
108
1, 0x7fffdd0e2a50, 2
98
SYSCALL
analyzed_bin
writev
108
1, 0x7fffdd0e2a50, 2
52
SYSCALL
analyzed_bin
writev
108
1, 0x7fffdd0e2a50, 2
98
SYSCALL
analyzed_bin
writev
108
1, 0x7fffdd0e2a50, 2
52
SYSCALL
analyzed_bin
writev
108
1, 0x7fffdd0e2a50, 2
98
SYSCALL
analyzed_bin
writev
108
1, 0x7fffdd0e2a50, 2
52
SYSCALL
analyzed_bin
writev
108
1, 0x7fffdd0e2a50, 2
98
SYSCALL
analyzed_bin
writev
108
1, 0x7fffdd0e2a50, 2
52
SYSCALL
analyzed_bin
writev
108
1, 0x7fffdd0e2a50, 2
98
SYSCALL
analyzed_bin
writev
108
1, 0x7fffdd0e2a50, 2
52
SYSCALL
analyzed_bin
writev
108
1, 0x7fffdd0e2a50, 2
98
SYSCALL
analyzed_bin
writev
108
1, 0x7fffdd0e2a50, 2
52
SYSCALL
analyzed_bin
writev
108
1, 0x7fffdd0e2a50, 2
98
SYSCALL
analyzed_bin
writev
108
1, 0x7fffdd0e2a50, 2
52
SYSCALL
analyzed_bin
writev
108
1, 0x7fffdd0e2a50, 2
98
SYSCALL
analyzed_bin
writev
108
1, 0x7fffdd0e2a50, 2
52
SYSCALL
analyzed_bin
writev
108
1, 0x7fffdd0e2a50, 2
98
SYSCALL
analyzed_bin
writev
108
1, 0x7fffdd0e2a50, 2
52
SYSCALL
analyzed_bin
writev
108
1, 0x7fffdd0e2a50, 2
98
SYSCALL
analyzed_bin
writev
108
1, 0x7fffdd0e2a50, 2
52
SYSCALL
analyzed_bin
writev
108
1, 0x7fffdd0e2a50, 2
98
SYSCALL
analyzed_bin
writev
108
1, 0x7fffdd0e2a50, 2
52
SYSCALL
analyzed_bin
writev
108
1, 0x7fffdd0e2a50, 2
98
SYSCALL
analyzed_bin
writev
108
1, 0x7fffdd0e2a50, 2
52
SYSCALL
analyzed_bin
writev
108
1, 0x7fffdd0e2a50, 2
98
SYSCALL
analyzed_bin
writev
108
1, 0x7fffdd0e2a50, 2
52
SYSCALL
analyzed_bin
writev
108
1, 0x7fffdd0e2a50, 2
98
SYSCALL
analyzed_bin
writev
108
1, 0x7fffdd0e2a50, 2
52
SYSCALL
analyzed_bin
writev
108
1, 0x7fffdd0e2a50, 2
98
SYSCALL
analyzed_bin
writev
108
1, 0x7fffdd0e2a50, 2
52
SYSCALL
analyzed_bin
writev
108
1, 0x7fffdd0e2a50, 2
98
SYSCALL
analyzed_bin
writev
108
1, 0x7fffdd0e2a50, 2
52
SYSCALL
analyzed_bin
writev
108
1, 0x7fffdd0e2a50, 2
98
