LISA
PROCESS
108:105
SYSCALL
analyzed_bin
execve
108

0
SYSCALL
analyzed_bin
arch_prctl
108
ARCH_SET_FS, 139689079657232
0
SYSCALL
analyzed_bin
set_tid_address
108
0x7f0be5f8d650
108
SYSCALL
analyzed_bin
brk
108
0x0
139689079660544
SYSCALL
analyzed_bin
brk
108
0x7f0be5f90000
139689079668736
SYSCALL
analyzed_bin
brk
108
0x7f0be5f91000
139689079672832
SYSCALL
analyzed_bin
brk
108
0x7f0be5f92000
139689079676928
SYSCALL
analyzed_bin
brk
108
0x7f0be5f93000
139689079681024
SYSCALL
analyzed_bin
brk
108
0x7f0be5f94000
139689079685120
SYSCALL
analyzed_bin
brk
108
0x7f0be5f95000
139689079689216
SYSCALL
analyzed_bin
brk
108
0x7f0be5f96000
139689079693312
SYSCALL
analyzed_bin
brk
108
0x7f0be5f97000
139689079697408
SYSCALL
analyzed_bin
brk
108
0x7f0be5f98000
139689079701504
SYSCALL
analyzed_bin
brk
108
0x7f0be5f9a000
139689079709696
SYSCALL
analyzed_bin
brk
108
0x7f0be5f9b000
139689079713792
SYSCALL
analyzed_bin
brk
108
0x7f0be5f9c000
139689079717888
SYSCALL
analyzed_bin
brk
108
0x7f0be5f9d000
139689079721984
SYSCALL
analyzed_bin
brk
108
0x7f0be5f9e000
139689079726080
SYSCALL
analyzed_bin
brk
108
0x7f0be5f9f000
139689079730176
SYSCALL
analyzed_bin
brk
108
0x7f0be5fa0000
139689079734272
SYSCALL
analyzed_bin
brk
108
0x7f0be5fa1000
139689079738368
SYSCALL
analyzed_bin
brk
108
0x7f0be5fa4000
139689079750656
SYSCALL
analyzed_bin
brk
108
0x7f0be5fa5000
139689079754752
SYSCALL
analyzed_bin
brk
108
0x7f0be5fa6000
139689079758848
SYSCALL
analyzed_bin
brk
108
0x7f0be5fa7000
139689079762944
SYSCALL
analyzed_bin
brk
108
0x7f0be5fa8000
139689079767040
SYSCALL
analyzed_bin
brk
108
0x7f0be5fa9000
139689079771136
SYSCALL
analyzed_bin
brk
108
0x7f0be5faa000
139689079775232
SYSCALL
analyzed_bin
brk
108
0x7f0be5fab000
139689079779328
SYSCALL
analyzed_bin
brk
108
0x7f0be5fac000
139689079783424
SYSCALL
analyzed_bin
brk
108
0x7f0be5fad000
139689079787520
SYSCALL
analyzed_bin
brk
108
0x7f0be5fae000
139689079791616
SYSCALL
analyzed_bin
brk
108
0x7f0be5faf000
139689079795712
SYSCALL
analyzed_bin
brk
108
0x7f0be5fb0000
139689079799808
SYSCALL
analyzed_bin
brk
108
0x7f0be5fb1000
139689079803904
SYSCALL
analyzed_bin
brk
108
0x7f0be5fb2000
139689079808000
SYSCALL
analyzed_bin
brk
108
0x7f0be5fb7000
139689079828480
SYSCALL
analyzed_bin
brk
108
0x7f0be5fb8000
139689079832576
SYSCALL
analyzed_bin
brk
108
0x7f0be5fb9000
139689079836672
SYSCALL
analyzed_bin
brk
108
0x7f0be5fba000
139689079840768
SYSCALL
analyzed_bin
brk
108
0x7f0be5fbb000
139689079844864
SYSCALL
analyzed_bin
brk
108
0x7f0be5fbc000
139689079848960
SYSCALL
analyzed_bin
brk
108
0x7f0be5fbd000
139689079853056
SYSCALL
analyzed_bin
brk
108
0x7f0be5fbe000
139689079857152
SYSCALL
analyzed_bin
brk
108
0x7f0be5fbf000
139689079861248
SYSCALL
analyzed_bin
getuid
108

0
SYSCALL
analyzed_bin
geteuid
108

0
SYSCALL
analyzed_bin
getgid
108

0
SYSCALL
analyzed_bin
getegid
108

0
OPENFILE
"/usr/local/ssl/openssl.cnf"
SYSCALL
analyzed_bin
open
108
"/usr/local/ssl/openssl.cnf", O_RDONLY
-2 (ENOENT)
SYSCALL
analyzed_bin
brk
108
0x7f0be5fc0000
139689079865344
SYSCALL
analyzed_bin
brk
108
0x7f0be5fc1000
139689079869440
SYSCALL
analyzed_bin
brk
108
0x7f0be5fc2000
139689079873536
SYSCALL
analyzed_bin
brk
108
0x7f0be5fc3000
139689079877632
SYSCALL
analyzed_bin
brk
108
0x7f0be5fc4000
139689079881728
SYSCALL
analyzed_bin
brk
108
0x7f0be5fc5000
139689079885824
SYSCALL
analyzed_bin
brk
108
0x7f0be5fc6000
139689079889920
SYSCALL
analyzed_bin
brk
108
0x7f0be5fc7000
139689079894016
SYSCALL
analyzed_bin
brk
108
0x7f0be5fc8000
139689079898112
SYSCALL
analyzed_bin
brk
108
0x7f0be5fc9000
139689079902208
SYSCALL
analyzed_bin
brk
108
0x7f0be5fca000
139689079906304
OPENFILE
"/dev/urandom"
SYSCALL
analyzed_bin
open
108
"/dev/urandom", O_RDONLY
3
SYSCALL
analyzed_bin
brk
108
0x7f0be5fcb000
139689079910400
SYSCALL
analyzed_bin
read
108
3, 0x7ffdbcf5c354, 4
4
SYSCALL
analyzed_bin
mmap2
108
0x0, 131070, PROT_READ|PROT_WRITE|PROT_EXEC, MAP_PRIVATE|MAP_ANONYMOUS, -1, 0
0x7f0be5925000
SYSCALL
analyzed_bin
mprotect
108
0x7f0be5925000, 131072, PROT_READ|PROT_EXEC
0
SYSCALL
analyzed_bin
brk
108
0x7f0be5fdd000
139689079984128
SYSCALL
analyzed_bin
readlink
108
"/proc/self/exe", 0x7f0be5fdc9c0, 519
18
OPENFILE
"/root/config.json"
SYSCALL
analyzed_bin
open
108
"/root/config.json", O_RDONLY
-2 (ENOENT)
OPENFILE
"/etc/localtime"
SYSCALL
analyzed_bin
open
108
"/etc/localtime", O_RDONLY|O_NONBLOCK|O_CLOEXEC
4
SYSCALL
analyzed_bin
fstat
108
4, 0x7ffdbcf5bd10
0
SYSCALL
analyzed_bin
mmap2
108
0x0, 127, PROT_READ, MAP_SHARED, 4, 0
0x7f0be5eb9000
SYSCALL
analyzed_bin
close
108
4
0
SYSCALL
analyzed_bin
ioctl
108
1, 21523, 0x7ffdbcf5bef8
-25 (ENOTTY)
SYSCALL
analyzed_bin
writev
108
1, 0x7ffdbcf5be90, 2
62
SYSCALL
analyzed_bin
brk
108
0x7f0be5fde000
139689079988224
SYSCALL
analyzed_bin
brk
108
0x7f0be5fef000
139689080057856
SYSCALL
analyzed_bin
sched_getaffinity
108
0, 128, 0x7ffdbcf5bd90
8
SYSCALL
analyzed_bin
faccessat
108
-1, "/sys/bus/cpu/devices", R_OK|X_OK
0
SYSCALL
analyzed_bin
faccessat
108
-1, "/sys/bus/cpu/devices/cpu0/topology/package_cpus", R_OK
-2 (ENOENT)
SYSCALL
analyzed_bin
faccessat
108
-1, "/sys/bus/cpu/devices/cpu0/topology/core_cpus", R_OK
-2 (ENOENT)
SYSCALL
analyzed_bin
faccessat
108
-1, "/sys/bus/cpu/devices/cpu0/topology/core_siblings", R_OK
0
SYSCALL
analyzed_bin
faccessat
108
-1, "/sys/bus/node/devices", R_OK|X_OK
-2 (ENOENT)
SYSCALL
analyzed_bin
faccessat
108
-1, "/sys/devices/system/node", R_OK|X_OK
-2 (ENOENT)
SYSCALL
analyzed_bin
uname
108
0x7f0be5fed5d4
0
SYSCALL
analyzed_bin
sched_getaffinity
108
0, 128, 0x7ffdbcf5bbe0
8
OPENFILE
"/proc/cpuinfo"
SYSCALL
analyzed_bin
openat
108
-1, "/proc/cpuinfo", O_RDONLY
4
SYSCALL
analyzed_bin
read
108
4, 0x7f0be5fede10, 1024
720
SYSCALL
analyzed_bin
read
108
4, 0x7f0be5fede10, 1024
0
SYSCALL
analyzed_bin
close
108
4
0
OPENFILE
"/proc/mounts"
SYSCALL
analyzed_bin
open
108
"/proc/mounts", O_RDONLY
4
SYSCALL
analyzed_bin
brk
108
0x7f0be5ff4000
139689080078336
SYSCALL
analyzed_bin
read
108
4, 0x7f0be5fee5f0, 1024
459
SYSCALL
analyzed_bin
read
108
4, 0x7f0be5fee5f0, 1024
0
SYSCALL
analyzed_bin
close
108
4
0
OPENFILE
"/sys/devices/system/cpu/online"
SYSCALL
analyzed_bin
openat
108
-1, "/sys/devices/system/cpu/online", O_RDONLY
4
SYSCALL
analyzed_bin
read
108
4, 0x7f0be5fee500, 4097
2
SYSCALL
analyzed_bin
close
108
4
0
OPENFILE
"/sys/bus/cpu/devices"
SYSCALL
analyzed_bin
openat
108
-1, "/sys/bus/cpu/devices", O_RDONLY|O_DIRECTORY
4
SYSCALL
analyzed_bin
fstat
108
4, 0x7ffdbcf5ba60
0
SYSCALL
analyzed_bin
fcntl
108
4, F_GETFL, 0x7ffdbcf5bb10
98304
SYSCALL
analyzed_bin
fcntl
108
4, F_SETFD, 0x1
0
SYSCALL
analyzed_bin
getdents
108
4, 0x7f0be5fee518, 2048
72
SYSCALL
analyzed_bin
faccessat
108
-1, "/sys/bus/cpu/devices/cpu0/topology", X_OK
0
SYSCALL
analyzed_bin
getdents
108
4, 0x7f0be5fee518, 2048
0
SYSCALL
analyzed_bin
close
108
4
0
OPENFILE
"/sys/bus/cpu/devices/cpu0/topology/thread_siblings"
SYSCALL
analyzed_bin
openat
108
-1, "/sys/bus/cpu/devices/cpu0/topology/thread_siblings", O_RDONLY
4
SYSCALL
analyzed_bin
read
108
4, 0x7f0be5fee500, 4097
2
SYSCALL
analyzed_bin
close
108
4
0
OPENFILE
"/sys/bus/cpu/devices/cpu0/topology/core_id"
SYSCALL
analyzed_bin
openat
108
-1, "/sys/bus/cpu/devices/cpu0/topology/core_id", O_RDONLY
4
SYSCALL
analyzed_bin
read
108
4, 0x7ffdbcf5bc80, 10
2
SYSCALL
analyzed_bin
close
108
4
0
OPENFILE
"/sys/bus/cpu/devices/cpu0/topology/die_cpus"
SYSCALL
analyzed_bin
openat
108
-1, "/sys/bus/cpu/devices/cpu0/topology/die_cpus", O_RDONLY
-2 (ENOENT)
OPENFILE
"/sys/bus/cpu/devices/cpu0/topology/core_siblings"
SYSCALL
analyzed_bin
openat
108
-1, "/sys/bus/cpu/devices/cpu0/topology/core_siblings", O_RDONLY
4
SYSCALL
analyzed_bin
read
108
4, 0x7f0be5fee500, 4097
2
SYSCALL
analyzed_bin
close
108
4
0
OPENFILE
"/sys/bus/cpu/devices/cpu0/topology/physical_package_id"
SYSCALL
analyzed_bin
openat
108
-1, "/sys/bus/cpu/devices/cpu0/topology/physical_package_id", O_RDONLY
4
SYSCALL
analyzed_bin
read
108
4, 0x7ffdbcf5bc80, 10
2
SYSCALL
analyzed_bin
close
108
4
0
OPENFILE
"/sys/bus/cpu/devices/cpu0/cache/index0/shared_cpu_map"
SYSCALL
analyzed_bin
openat
108
-1, "/sys/bus/cpu/devices/cpu0/cache/index0/shared_cpu_map", O_RDONLY
4
SYSCALL
analyzed_bin
read
108
4, 0x7f0be5fee800, 4097
2
SYSCALL
analyzed_bin
close
108
4
0
OPENFILE
"/sys/bus/cpu/devices/cpu0/cache/index0/level"
SYSCALL
analyzed_bin
openat
108
-1, "/sys/bus/cpu/devices/cpu0/cache/index0/level", O_RDONLY
4
SYSCALL
analyzed_bin
read
108
4, 0x7ffdbcf5bc80, 10
2
SYSCALL
analyzed_bin
close
108
4
0
OPENFILE
"/sys/bus/cpu/devices/cpu0/cache/index0/type"
SYSCALL
analyzed_bin
openat
108
-1, "/sys/bus/cpu/devices/cpu0/cache/index0/type", O_RDONLY
4
SYSCALL
analyzed_bin
read
108
4, 0x7ffdbcf5bc80, 19
5
SYSCALL
analyzed_bin
close
108
4
0
OPENFILE
"/sys/bus/cpu/devices/cpu0/cache/index0/size"
SYSCALL
analyzed_bin
openat
108
-1, "/sys/bus/cpu/devices/cpu0/cache/index0/size", O_RDONLY
4
SYSCALL
analyzed_bin
read
108
4, 0x7ffdbcf5bc75, 10
4
SYSCALL
analyzed_bin
close
108
4
0
OPENFILE
"/sys/bus/cpu/devices/cpu0/cache/index0/coherency_line_size"
SYSCALL
analyzed_bin
openat
108
-1, "/sys/bus/cpu/devices/cpu0/cache/index0/coherency_line_size", O_RDONLY
4
SYSCALL
analyzed_bin
read
108
4, 0x7ffdbcf5bc75, 10
3
SYSCALL
analyzed_bin
close
108
4
0
OPENFILE
"/sys/bus/cpu/devices/cpu0/cache/index0/number_of_sets"
SYSCALL
analyzed_bin
openat
108
-1, "/sys/bus/cpu/devices/cpu0/cache/index0/number_of_sets", O_RDONLY
4
SYSCALL
analyzed_bin
read
108
4, 0x7ffdbcf5bc75, 10
4
SYSCALL
analyzed_bin
close
108
4
0
OPENFILE
"/sys/bus/cpu/devices/cpu0/cache/index0/physical_line_partition"
SYSCALL
analyzed_bin
openat
108
-1, "/sys/bus/cpu/devices/cpu0/cache/index0/physical_line_partition", O_RDONLY
4
SYSCALL
analyzed_bin
read
108
4, 0x7ffdbcf5bc75, 10
2
SYSCALL
analyzed_bin
close
108
4
0
OPENFILE
"/sys/bus/cpu/devices/cpu0/cache/index1/shared_cpu_map"
SYSCALL
analyzed_bin
openat
108
-1, "/sys/bus/cpu/devices/cpu0/cache/index1/shared_cpu_map", O_RDONLY
4
SYSCALL
analyzed_bin
read
108
4, 0x7f0be5feea00, 4097
2
SYSCALL
analyzed_bin
close
108
4
0
OPENFILE
"/sys/bus/cpu/devices/cpu0/cache/index1/level"
SYSCALL
analyzed_bin
openat
108
-1, "/sys/bus/cpu/devices/cpu0/cache/index1/level", O_RDONLY
4
SYSCALL
analyzed_bin
read
108
4, 0x7ffdbcf5bc80, 10
2
SYSCALL
analyzed_bin
close
108
4
0
OPENFILE
"/sys/bus/cpu/devices/cpu0/cache/index1/type"
SYSCALL
analyzed_bin
openat
108
-1, "/sys/bus/cpu/devices/cpu0/cache/index1/type", O_RDONLY
4
SYSCALL
analyzed_bin
read
108
4, 0x7ffdbcf5bc80, 19
12
SYSCALL
analyzed_bin
close
108
4
0
OPENFILE
"/sys/bus/cpu/devices/cpu0/cache/index2/shared_cpu_map"
SYSCALL
analyzed_bin
openat
108
-1, "/sys/bus/cpu/devices/cpu0/cache/index2/shared_cpu_map", O_RDONLY
4
SYSCALL
analyzed_bin
read
108
4, 0x7f0be5feea00, 4097
2
SYSCALL
analyzed_bin
close
108
4
0
OPENFILE
"/sys/bus/cpu/devices/cpu0/cache/index2/level"
SYSCALL
analyzed_bin
openat
108
-1, "/sys/bus/cpu/devices/cpu0/cache/index2/level", O_RDONLY
4
SYSCALL
analyzed_bin
read
108
4, 0x7ffdbcf5bc80, 10
2
SYSCALL
analyzed_bin
close
108
4
0
OPENFILE
"/sys/bus/cpu/devices/cpu0/cache/index2/type"
SYSCALL
analyzed_bin
openat
108
-1, "/sys/bus/cpu/devices/cpu0/cache/index2/type", O_RDONLY
4
SYSCALL
analyzed_bin
read
108
4, 0x7ffdbcf5bc80, 19
8
SYSCALL
analyzed_bin
close
108
4
0
OPENFILE
"/sys/bus/cpu/devices/cpu0/cache/index2/size"
SYSCALL
analyzed_bin
openat
108
-1, "/sys/bus/cpu/devices/cpu0/cache/index2/size", O_RDONLY
4
SYSCALL
analyzed_bin
read
108
4, 0x7ffdbcf5bc75, 10
5
SYSCALL
analyzed_bin
close
108
4
0
OPENFILE
"/sys/bus/cpu/devices/cpu0/cache/index2/coherency_line_size"
SYSCALL
analyzed_bin
openat
108
-1, "/sys/bus/cpu/devices/cpu0/cache/index2/coherency_line_size", O_RDONLY
4
SYSCALL
analyzed_bin
read
108
4, 0x7ffdbcf5bc75, 10
3
SYSCALL
analyzed_bin
close
108
4
0
OPENFILE
"/sys/bus/cpu/devices/cpu0/cache/index2/number_of_sets"
SYSCALL
analyzed_bin
openat
108
-1, "/sys/bus/cpu/devices/cpu0/cache/index2/number_of_sets", O_RDONLY
4
SYSCALL
analyzed_bin
read
108
4, 0x7ffdbcf5bc75, 10
4
SYSCALL
analyzed_bin
close
108
4
0
OPENFILE
"/sys/bus/cpu/devices/cpu0/cache/index2/physical_line_partition"
SYSCALL
analyzed_bin
openat
108
-1, "/sys/bus/cpu/devices/cpu0/cache/index2/physical_line_partition", O_RDONLY
4
SYSCALL
analyzed_bin
read
108
4, 0x7ffdbcf5bc75, 10
2
SYSCALL
analyzed_bin
close
108
4
0
OPENFILE
"/sys/bus/cpu/devices/cpu0/cache/index3/shared_cpu_map"
SYSCALL
analyzed_bin
openat
108
-1, "/sys/bus/cpu/devices/cpu0/cache/index3/shared_cpu_map", O_RDONLY
4
SYSCALL
analyzed_bin
read
108
4, 0x7f0be5feec00, 4097
2
SYSCALL
analyzed_bin
close
108
4
0
OPENFILE
"/sys/bus/cpu/devices/cpu0/cache/index3/level"
SYSCALL
analyzed_bin
openat
108
-1, "/sys/bus/cpu/devices/cpu0/cache/index3/level", O_RDONLY
4
SYSCALL
analyzed_bin
read
108
4, 0x7ffdbcf5bc80, 10
2
SYSCALL
analyzed_bin
close
108
4
0
OPENFILE
"/sys/bus/cpu/devices/cpu0/cache/index3/type"
SYSCALL
analyzed_bin
openat
108
-1, "/sys/bus/cpu/devices/cpu0/cache/index3/type", O_RDONLY
4
SYSCALL
analyzed_bin
read
108
4, 0x7ffdbcf5bc80, 19
8
SYSCALL
analyzed_bin
close
108
4
0
OPENFILE
"/sys/bus/cpu/devices/cpu0/cache/index3/size"
SYSCALL
analyzed_bin
openat
108
-1, "/sys/bus/cpu/devices/cpu0/cache/index3/size", O_RDONLY
4
SYSCALL
analyzed_bin
read
108
4, 0x7ffdbcf5bc75, 10
7
SYSCALL
analyzed_bin
close
108
4
0
OPENFILE
"/sys/bus/cpu/devices/cpu0/cache/index3/coherency_line_size"
SYSCALL
analyzed_bin
openat
108
-1, "/sys/bus/cpu/devices/cpu0/cache/index3/coherency_line_size", O_RDONLY
4
SYSCALL
analyzed_bin
read
108
4, 0x7ffdbcf5bc75, 10
3
SYSCALL
analyzed_bin
close
108
4
0
OPENFILE
"/sys/bus/cpu/devices/cpu0/cache/index3/number_of_sets"
SYSCALL
analyzed_bin
openat
108
-1, "/sys/bus/cpu/devices/cpu0/cache/index3/number_of_sets", O_RDONLY
4
SYSCALL
analyzed_bin
read
108
4, 0x7ffdbcf5bc75, 10
6
SYSCALL
analyzed_bin
close
108
4
0
OPENFILE
"/sys/bus/cpu/devices/cpu0/cache/index3/physical_line_partition"
SYSCALL
analyzed_bin
openat
108
-1, "/sys/bus/cpu/devices/cpu0/cache/index3/physical_line_partition", O_RDONLY
4
SYSCALL
analyzed_bin
read
108
4, 0x7ffdbcf5bc75, 10
2
SYSCALL
analyzed_bin
close
108
4
0
OPENFILE
"/sys/bus/cpu/devices/cpu0/cache/index4/shared_cpu_map"
SYSCALL
analyzed_bin
openat
108
-1, "/sys/bus/cpu/devices/cpu0/cache/index4/shared_cpu_map", O_RDONLY
-2 (ENOENT)
OPENFILE
"/sys/bus/cpu/devices/cpu0/cache/index5/shared_cpu_map"
SYSCALL
analyzed_bin
openat
108
-1, "/sys/bus/cpu/devices/cpu0/cache/index5/shared_cpu_map", O_RDONLY
-2 (ENOENT)
OPENFILE
"/sys/bus/cpu/devices/cpu0/cache/index6/shared_cpu_map"
SYSCALL
analyzed_bin
openat
108
-1, "/sys/bus/cpu/devices/cpu0/cache/index6/shared_cpu_map", O_RDONLY
-2 (ENOENT)
OPENFILE
"/sys/bus/cpu/devices/cpu0/cache/index7/shared_cpu_map"
SYSCALL
analyzed_bin
openat
108
-1, "/sys/bus/cpu/devices/cpu0/cache/index7/shared_cpu_map", O_RDONLY
-2 (ENOENT)
OPENFILE
"/sys/bus/cpu/devices/cpu0/cache/index8/shared_cpu_map"
SYSCALL
analyzed_bin
openat
108
-1, "/sys/bus/cpu/devices/cpu0/cache/index8/shared_cpu_map", O_RDONLY
-2 (ENOENT)
OPENFILE
"/sys/bus/cpu/devices/cpu0/cache/index9/shared_cpu_map"
SYSCALL
analyzed_bin
openat
108
-1, "/sys/bus/cpu/devices/cpu0/cache/index9/shared_cpu_map", O_RDONLY
-2 (ENOENT)
SYSCALL
analyzed_bin
stat
108
"/sys/kernel/mm/hugepages", 0x7ffdbcf5bcc0
-2 (ENOENT)
OPENFILE
"/proc/meminfo"
SYSCALL
analyzed_bin
openat
108
-1, "/proc/meminfo", O_RDONLY
4
SYSCALL
analyzed_bin
read
108
4, 0x7ffdbcf5ad30, 4095
1011
SYSCALL
analyzed_bin
close
108
4
0
OPENFILE
"/sys/devices/virtual/dmi/id"
SYSCALL
analyzed_bin
openat
108
-1, "/sys/devices/virtual/dmi/id", O_RDONLY|O_DIRECTORY
4
SYSCALL
analyzed_bin
fstat
108
4, 0x7ffdbcf5bc10
0
SYSCALL
analyzed_bin
fcntl
108
4, F_GETFL, 0x7ffdbcf5bcc0
98304
SYSCALL
analyzed_bin
fcntl
108
4, F_SETFD, 0x1
0
SYSCALL
analyzed_bin
close
108
4
0
OPENFILE
"/sys/devices/virtual/dmi/id/product_name"
SYSCALL
analyzed_bin
openat
108
-1, "/sys/devices/virtual/dmi/id/product_name", O_RDONLY
4
SYSCALL
analyzed_bin
read
108
4, 0x7ffdbcf5bcf0, 63
34
SYSCALL
analyzed_bin
close
108
4
0
OPENFILE
"/sys/devices/virtual/dmi/id/product_version"
SYSCALL
analyzed_bin
openat
108
-1, "/sys/devices/virtual/dmi/id/product_version", O_RDONLY
4
SYSCALL
analyzed_bin
read
108
4, 0x7ffdbcf5bcf0, 63
14
SYSCALL
analyzed_bin
close
108
4
0
OPENFILE
"/sys/devices/virtual/dmi/id/product_serial"
SYSCALL
analyzed_bin
openat
108
-1, "/sys/devices/virtual/dmi/id/product_serial", O_RDONLY
4
SYSCALL
analyzed_bin
read
108
4, 0x7ffdbcf5bcf0, 63
1
SYSCALL
analyzed_bin
close
108
4
0
OPENFILE
"/sys/devices/virtual/dmi/id/product_uuid"
SYSCALL
analyzed_bin
openat
108
-1, "/sys/devices/virtual/dmi/id/product_uuid", O_RDONLY
-2 (ENOENT)
OPENFILE
"/sys/devices/virtual/dmi/id/board_vendor"
SYSCALL
analyzed_bin
openat
108
-1, "/sys/devices/virtual/dmi/id/board_vendor", O_RDONLY
-2 (ENOENT)
OPENFILE
"/sys/devices/virtual/dmi/id/board_name"
SYSCALL
analyzed_bin
openat
108
-1, "/sys/devices/virtual/dmi/id/board_name", O_RDONLY
-2 (ENOENT)
OPENFILE
"/sys/devices/virtual/dmi/id/board_version"
SYSCALL
analyzed_bin
openat
108
-1, "/sys/devices/virtual/dmi/id/board_version", O_RDONLY
-2 (ENOENT)
OPENFILE
"/sys/devices/virtual/dmi/id/board_serial"
SYSCALL
analyzed_bin
openat
108
-1, "/sys/devices/virtual/dmi/id/board_serial", O_RDONLY
-2 (ENOENT)
OPENFILE
"/sys/devices/virtual/dmi/id/board_asset_tag"
SYSCALL
analyzed_bin
openat
108
-1, "/sys/devices/virtual/dmi/id/board_asset_tag", O_RDONLY
-2 (ENOENT)
OPENFILE
"/sys/devices/virtual/dmi/id/chassis_vendor"
SYSCALL
analyzed_bin
openat
108
-1, "/sys/devices/virtual/dmi/id/chassis_vendor", O_RDONLY
4
SYSCALL
analyzed_bin
read
108
4, 0x7ffdbcf5bcf0, 63
5
SYSCALL
analyzed_bin
close
108
4
0
OPENFILE
"/sys/devices/virtual/dmi/id/chassis_type"
SYSCALL
analyzed_bin
openat
108
-1, "/sys/devices/virtual/dmi/id/chassis_type", O_RDONLY
4
SYSCALL
analyzed_bin
read
108
4, 0x7ffdbcf5bcf0, 63
2
SYSCALL
analyzed_bin
close
108
4
0
OPENFILE
"/sys/devices/virtual/dmi/id/chassis_version"
SYSCALL
analyzed_bin
openat
108
-1, "/sys/devices/virtual/dmi/id/chassis_version", O_RDONLY
4
SYSCALL
analyzed_bin
read
108
4, 0x7ffdbcf5bcf0, 63
14
SYSCALL
analyzed_bin
close
108
4
0
OPENFILE
"/sys/devices/virtual/dmi/id/chassis_serial"
SYSCALL
analyzed_bin
openat
108
-1, "/sys/devices/virtual/dmi/id/chassis_serial", O_RDONLY
4
SYSCALL
analyzed_bin
read
108
4, 0x7ffdbcf5bcf0, 63
1
SYSCALL
analyzed_bin
close
108
4
0
OPENFILE
"/sys/devices/virtual/dmi/id/chassis_asset_tag"
SYSCALL
analyzed_bin
openat
108
-1, "/sys/devices/virtual/dmi/id/chassis_asset_tag", O_RDONLY
4
SYSCALL
analyzed_bin
read
108
4, 0x7ffdbcf5bcf0, 63
1
SYSCALL
analyzed_bin
close
108
4
0
OPENFILE
"/sys/devices/virtual/dmi/id/bios_vendor"
SYSCALL
analyzed_bin
openat
108
-1, "/sys/devices/virtual/dmi/id/bios_vendor", O_RDONLY
4
SYSCALL
analyzed_bin
read
108
4, 0x7ffdbcf5bcf0, 63
8
SYSCALL
analyzed_bin
close
108
4
0
OPENFILE
"/sys/devices/virtual/dmi/id/bios_version"
SYSCALL
analyzed_bin
openat
108
-1, "/sys/devices/virtual/dmi/id/bios_version", O_RDONLY
4
SYSCALL
analyzed_bin
read
108
4, 0x7ffdbcf5bcf0, 63
9
SYSCALL
analyzed_bin
close
108
4
0
OPENFILE
"/sys/devices/virtual/dmi/id/bios_date"
SYSCALL
analyzed_bin
openat
108
-1, "/sys/devices/virtual/dmi/id/bios_date", O_RDONLY
4
SYSCALL
analyzed_bin
read
108
4, 0x7ffdbcf5bcf0, 63
11
SYSCALL
analyzed_bin
close
108
4
0
OPENFILE
"/sys/devices/virtual/dmi/id/sys_vendor"
SYSCALL
analyzed_bin
openat
108
-1, "/sys/devices/virtual/dmi/id/sys_vendor", O_RDONLY
4
SYSCALL
analyzed_bin
read
108
4, 0x7ffdbcf5bcf0, 63
5
SYSCALL
analyzed_bin
close
108
4
0
OPENFILE
"/proc/elog"
SYSCALL
analyzed_bin
openat
108
-1, "/proc/elog", O_RDONLY
-2 (ENOENT)
SYSCALL
analyzed_bin
sched_getaffinity
108
0, 128, 0x7ffdbcf5bd70
8
OPENFILE
"/sys/devices/system/cpu/possible"
SYSCALL
analyzed_bin
open
108
"/sys/devices/system/cpu/possible", O_RDONLY
4
SYSCALL
analyzed_bin
read
108
4, 0x7f0be5fef5c0, 4097
2
SYSCALL
analyzed_bin
close
108
4
0
SYSCALL
analyzed_bin
sched_getaffinity
108
0, 8, 0x7f0be5fef520
8
SYSCALL
analyzed_bin
sched_getaffinity
108
0, 8, 0x7f0be5fef520
8
SYSCALL
analyzed_bin
sched_setaffinity
108
0, 8, 0x7f0be5fef5c0
0
SYSCALL
analyzed_bin
sched_setaffinity
108
0, 8, 0x7f0be5fef6a0
0
SYSCALL
analyzed_bin
sched_getaffinity
108
0, 128, 0x7ffdbcf5bd30
8
SYSCALL
analyzed_bin
writev
108
1, 0x7ffdbcf5c090, 2
97
SYSCALL
analyzed_bin
close
108
3
0
SYSCALL
analyzed_bin
rt_sigprocmask
108
SIG_BLOCK, [SIGHUP|SIGINT|SIGQUIT|SIGILL|SIGTRAP|SIGABRT|SIGBUS|SIGFPE|SIGKILL|SIGUSR1|SIGSEGV|SIGPIPE|SIGUSR2|SIGALRM|SIGTERM|SIGCHLD|SIGCONT|SIGSTOP|SIGTSTP|SIGTTIN|SIGTTOU|SIGURG|SIGXCPU|SIGXFSZ|SIGVTALRM|SIGPROF|SIGWINCH|SIGIO/SIGPOLL|SIGPWR|SIGSYS], 0x7ffdbcf5c280, 8
0
SYSCALL
analyzed_bin
rt_sigprocmask
108
SIG_SETMASK, [EMPTY], 0x0, 8
0
SYSCALL
analyzed_bin
rt_sigprocmask
108
SIG_BLOCK, [SIGHUP|SIGINT|SIGQUIT|SIGILL|SIGTRAP|SIGABRT|SIGBUS|SIGFPE|SIGKILL|SIGUSR1|SIGSEGV|SIGPIPE|SIGUSR2|SIGALRM|SIGTERM|SIGCHLD|SIGCONT|SIGSTOP|SIGTSTP|SIGTTIN|SIGTTOU|SIGURG|SIGXCPU|SIGXFSZ|SIGVTALRM|SIGPROF|SIGWINCH|SIGIO/SIGPOLL|SIGPWR|SIGSYS], 0x7ffdbcf5c270, 8
0
SYSCALL
analyzed_bin
rt_sigprocmask
108
SIG_SETMASK, [EMPTY], 0x0, 8
0
SYSCALL
analyzed_bin
exit_group
108
2

