LISA
PROCESS
108:105
SYSCALL
analyzed_bin
execve
108

0
SYSCALL
analyzed_bin
mmap2
108
0x0, 2100056, PROT_READ|PROT_WRITE, MAP_PRIVATE|MAP_ANONYMOUS, -1, 0
0x7f079d6fd000
SYSCALL
analyzed_bin
arch_prctl
108
ARCH_SET_FS, 139670684949120
0
SYSCALL
analyzed_bin
set_tid_address
108
0x99ddbc
108
SYSCALL
analyzed_bin
brk
108
0x0
10084352
SYSCALL
analyzed_bin
brk
108
0x9a0000
10092544
SYSCALL
analyzed_bin
mmap2
108
0x99e000, 4096, PROT_NONE, MAP_PRIVATE|MAP_FIXED|MAP_ANONYMOUS, -1, 0
0x99e000
SYSCALL
analyzed_bin
mmap2
108
0x0, 4096, PROT_READ|PROT_WRITE, MAP_PRIVATE|MAP_ANONYMOUS, -1, 0
0x7f079d6fc000
SYSCALL
analyzed_bin
sched_getaffinity
108
0, 128, 0x7ffde1fa7380
8
SYSCALL
analyzed_bin
mmap2
108
0x0, 4096, PROT_READ|PROT_WRITE, MAP_PRIVATE|MAP_ANONYMOUS, -1, 0
0x7f079d6fb000
SYSCALL
analyzed_bin
mmap2
108
0x0, 4096, PROT_READ|PROT_WRITE, MAP_PRIVATE|MAP_ANONYMOUS, -1, 0
0x7f079d6fa000
SYSCALL
analyzed_bin
mmap2
108
0x0, 4096, PROT_READ|PROT_WRITE, MAP_PRIVATE|MAP_ANONYMOUS, -1, 0
0x7f079d6f9000
SYSCALL
analyzed_bin
mmap2
108
0x0, 4096, PROT_READ|PROT_WRITE, MAP_PRIVATE|MAP_ANONYMOUS, -1, 0
0x7f079d6f8000
SYSCALL
analyzed_bin
mmap2
108
0x0, 8192, PROT_READ|PROT_WRITE, MAP_PRIVATE|MAP_ANONYMOUS, -1, 0
0x7f079d6f6000
SYSCALL
analyzed_bin
munmap
108
0x7f079d6f9000, 4096
0
SYSCALL
analyzed_bin
mmap2
108
0x0, 4096, PROT_READ|PROT_WRITE, MAP_PRIVATE|MAP_ANONYMOUS, -1, 0
0x7f079d6f9000
SYSCALL
analyzed_bin
mmap2
108
0x0, 4096, PROT_READ|PROT_WRITE, MAP_PRIVATE|MAP_ANONYMOUS, -1, 0
0x7f079d6f5000
SYSCALL
analyzed_bin
mmap2
108
0x0, 4096, PROT_READ|PROT_WRITE, MAP_PRIVATE|MAP_ANONYMOUS, -1, 0
0x7f079d6f4000
SYSCALL
analyzed_bin
mmap2
108
0x0, 4096, PROT_READ|PROT_WRITE, MAP_PRIVATE|MAP_ANONYMOUS, -1, 0
0x7f079d6f3000
SYSCALL
analyzed_bin
mmap2
108
0x0, 4096, PROT_READ|PROT_WRITE, MAP_PRIVATE|MAP_ANONYMOUS, -1, 0
0x7f079d6f2000
OPENFILE
"/opt/build/openssl/openssl-build-musl-x86_64/openssl_build/ssl/openssl.cnf"
SYSCALL
analyzed_bin
open
108
"/opt/build/openssl/openssl-build-musl-x86_64/openssl_build/ssl/openssl.cnf", O_RDONLY
-2 (ENOENT)
SYSCALL
analyzed_bin
mmap2
108
0x0, 4096, PROT_READ|PROT_WRITE, MAP_PRIVATE|MAP_ANONYMOUS, -1, 0
0x7f079d6f1000
SYSCALL
analyzed_bin
mmap2
108
0x0, 16384, PROT_READ|PROT_WRITE, MAP_PRIVATE|MAP_ANONYMOUS, -1, 0
0x7f079d6ed000
SYSCALL
analyzed_bin
munmap
108
0x7f079d6f6000, 8192
0
SYSCALL
analyzed_bin
mmap2
108
0x0, 4096, PROT_READ|PROT_WRITE, MAP_PRIVATE|MAP_ANONYMOUS, -1, 0
0x7f079d6f7000
SYSCALL
analyzed_bin
mmap2
108
0x0, 8192, PROT_READ|PROT_WRITE, MAP_PRIVATE|MAP_ANONYMOUS, -1, 0
0x7f079d6eb000
SYSCALL
analyzed_bin
mmap2
108
0x0, 8192, PROT_READ|PROT_WRITE, MAP_PRIVATE|MAP_ANONYMOUS, -1, 0
0x7f079d6e9000
SYSCALL
analyzed_bin
mmap2
108
0x0, 28672, PROT_READ|PROT_WRITE, MAP_PRIVATE|MAP_ANONYMOUS, -1, 0
0x7f079d6e2000
SYSCALL
analyzed_bin
munmap
108
0x7f079d6ed000, 16384
0
SYSCALL
analyzed_bin
brk
108
0x9a1000
10096640
SYSCALL
analyzed_bin
mmap2
108
0x0, 8192, PROT_READ|PROT_WRITE, MAP_PRIVATE|MAP_ANONYMOUS, -1, 0
0x7f079d6ef000
SYSCALL
analyzed_bin
mmap2
108
0x0, 8192, PROT_READ|PROT_WRITE, MAP_PRIVATE|MAP_ANONYMOUS, -1, 0
0x7f079d6ed000
SYSCALL
analyzed_bin
mmap2
108
0x0, 16384, PROT_READ|PROT_WRITE, MAP_PRIVATE|MAP_ANONYMOUS, -1, 0
0x7f079d6de000
SYSCALL
analyzed_bin
mmap2
108
0x0, 20480, PROT_READ|PROT_WRITE, MAP_PRIVATE|MAP_ANONYMOUS, -1, 0
0x7f079d6d9000
SYSCALL
analyzed_bin
madvise
108
0x7f079d6e3000, 4096, MADV_FREE
0
SYSCALL
analyzed_bin
munmap
108
0x7f079d6e2000, 28672
0
SYSCALL
analyzed_bin
mmap2
108
0x0, 16384, PROT_READ|PROT_WRITE, MAP_PRIVATE|MAP_ANONYMOUS, -1, 0
0x7f079d6e5000
SYSCALL
analyzed_bin
mmap2
108
0x0, 16384, PROT_READ|PROT_WRITE, MAP_PRIVATE|MAP_ANONYMOUS, -1, 0
0x7f079d6d5000
SYSCALL
analyzed_bin
mmap2
108
0x0, 4096, PROT_READ|PROT_WRITE, MAP_PRIVATE|MAP_ANONYMOUS, -1, 0
0x7f079d6f6000
SYSCALL
analyzed_bin
mmap2
108
0x0, 16384, PROT_READ|PROT_WRITE, MAP_PRIVATE|MAP_ANONYMOUS, -1, 0
0x7f079d6d1000
SYSCALL
analyzed_bin
mmap2
108
0x0, 8192, PROT_READ|PROT_WRITE, MAP_PRIVATE|MAP_ANONYMOUS, -1, 0
0x7f079d6e3000
SYSCALL
analyzed_bin
munmap
108
0x7f079d6f6000, 4096
0
SYSCALL
analyzed_bin
rt_sigprocmask
108
SIG_UNBLOCK, [EMPTY], 0x0, 8
0
SYSCALL
analyzed_bin
rt_sigaction
108
SIGINT, {0x4017e0, SA_RESTART|SA_RESTORER, 0x678223, [EMPTY]}, 0x7ffde1fa7370, 8
0
SYSCALL
analyzed_bin
rt_sigprocmask
108
SIG_UNBLOCK, [EMPTY], 0x0, 8
0
SYSCALL
analyzed_bin
mmap2
108
0x0, 2240512, PROT_NONE, MAP_PRIVATE|MAP_ANONYMOUS, -1, 0
0x7f079d4ae000
SYSCALL
analyzed_bin
mprotect
108
0x7f079d4b0000, 2232320, PROT_READ|PROT_WRITE
0
SYSCALL
analyzed_bin
rt_sigprocmask
108
SIG_BLOCK, [SIGHUP|SIGINT|SIGQUIT|SIGILL|SIGTRAP|SIGABRT|SIGBUS|SIGFPE|SIGKILL|SIGUSR1|SIGSEGV|SIGPIPE|SIGUSR2|SIGALRM|SIGTERM|SIGCHLD|SIGCONT|SIGSTOP|SIGTSTP|SIGTTIN|SIGTTOU|SIGURG|SIGXCPU|SIGXFSZ|SIGVTALRM|SIGPROF|SIGWINCH|SIGIO/SIGPOLL|SIGPWR|SIGSYS], 0x7ffde1fa7420, 8
0
PROCESS
110:108
SYSCALL
analyzed_bin
clone
108
CLONE_VM|CLONE_FS|CLONE_FILES|CLONE_SIGHAND|CLONE_THREAD|CLONE_SYSVSEM|CLONE_SETTLS|CLONE_PARENT_SETTID|CLONE_CHILD_CLEARTID|CLONE_DETACHED, 0x7f079d4d0478, 0x7f079d6d0f30, 0x99ddbc
110
SYSCALL
analyzed_bin
rt_sigprocmask
108
SIG_SETMASK, [EMPTY], 0x0, 8
0
SYSCALL
analyzed_bin
mmap2
108
0x0, 2240512, PROT_NONE, MAP_PRIVATE|MAP_ANONYMOUS, -1, 0
0x7f079d28b000
SYSCALL
analyzed_bin
mprotect
108
0x7f079d28d000, 2232320, PROT_READ|PROT_WRITE
0
SYSCALL
analyzed_bin
rt_sigprocmask
108
SIG_BLOCK, [SIGHUP|SIGINT|SIGQUIT|SIGILL|SIGTRAP|SIGABRT|SIGBUS|SIGFPE|SIGKILL|SIGUSR1|SIGSEGV|SIGPIPE|SIGUSR2|SIGALRM|SIGTERM|SIGCHLD|SIGCONT|SIGSTOP|SIGTSTP|SIGTTIN|SIGTTOU|SIGURG|SIGXCPU|SIGXFSZ|SIGVTALRM|SIGPROF|SIGWINCH|SIGIO/SIGPOLL|SIGPWR|SIGSYS], 0x7ffde1fa7420, 8
0
PROCESS
111:108
SYSCALL
analyzed_bin
clone
108
CLONE_VM|CLONE_FS|CLONE_FILES|CLONE_SIGHAND|CLONE_THREAD|CLONE_SYSVSEM|CLONE_SETTLS|CLONE_PARENT_SETTID|CLONE_CHILD_CLEARTID|CLONE_DETACHED, 0x7f079d2ad478, 0x7f079d4adf30, 0x99ddbc
111
SYSCALL
analyzed_bin
rt_sigprocmask
108
SIG_SETMASK, [EMPTY], 0x0, 8
0
SYSCALL
analyzed_bin
mmap2
108
0x0, 2240512, PROT_NONE, MAP_PRIVATE|MAP_ANONYMOUS, -1, 0
0x7f079d068000
SYSCALL
analyzed_bin
mprotect
108
0x7f079d06a000, 2232320, PROT_READ|PROT_WRITE
0
SYSCALL
analyzed_bin
rt_sigprocmask
108
SIG_BLOCK, [SIGHUP|SIGINT|SIGQUIT|SIGILL|SIGTRAP|SIGABRT|SIGBUS|SIGFPE|SIGKILL|SIGUSR1|SIGSEGV|SIGPIPE|SIGUSR2|SIGALRM|SIGTERM|SIGCHLD|SIGCONT|SIGSTOP|SIGTSTP|SIGTTIN|SIGTTOU|SIGURG|SIGXCPU|SIGXFSZ|SIGVTALRM|SIGPROF|SIGWINCH|SIGIO/SIGPOLL|SIGPWR|SIGSYS], 0x7ffde1fa7420, 8
0
PROCESS
112:108
SYSCALL
analyzed_bin
clone
108
CLONE_VM|CLONE_FS|CLONE_FILES|CLONE_SIGHAND|CLONE_THREAD|CLONE_SYSVSEM|CLONE_SETTLS|CLONE_PARENT_SETTID|CLONE_CHILD_CLEARTID|CLONE_DETACHED, 0x7f079d08a478, 0x7f079d28af30, 0x99ddbc
112
SYSCALL
analyzed_bin
rt_sigprocmask
108
SIG_SETMASK, [EMPTY], 0x0, 8
0
SYSCALL
analyzed_bin
mmap2
108
0x0, 2240512, PROT_NONE, MAP_PRIVATE|MAP_ANONYMOUS, -1, 0
0x7f079ce45000
SYSCALL
analyzed_bin
mprotect
108
0x7f079ce47000, 2232320, PROT_READ|PROT_WRITE
0
SYSCALL
analyzed_bin
rt_sigprocmask
108
SIG_BLOCK, [SIGHUP|SIGINT|SIGQUIT|SIGILL|SIGTRAP|SIGABRT|SIGBUS|SIGFPE|SIGKILL|SIGUSR1|SIGSEGV|SIGPIPE|SIGUSR2|SIGALRM|SIGTERM|SIGCHLD|SIGCONT|SIGSTOP|SIGTSTP|SIGTTIN|SIGTTOU|SIGURG|SIGXCPU|SIGXFSZ|SIGVTALRM|SIGPROF|SIGWINCH|SIGIO/SIGPOLL|SIGPWR|SIGSYS], 0x7ffde1fa7420, 8
0
PROCESS
113:108
SYSCALL
analyzed_bin
clone
108
CLONE_VM|CLONE_FS|CLONE_FILES|CLONE_SIGHAND|CLONE_THREAD|CLONE_SYSVSEM|CLONE_SETTLS|CLONE_PARENT_SETTID|CLONE_CHILD_CLEARTID|CLONE_DETACHED, 0x7f079ce67478, 0x7f079d067f30, 0x99ddbc
113
SYSCALL
analyzed_bin
rt_sigprocmask
108
SIG_SETMASK, [EMPTY], 0x0, 8
0
OPENFILE
"/etc/localtime"
SYSCALL
analyzed_bin
open
108
"/etc/localtime", O_RDONLY|O_NONBLOCK|O_CLOEXEC
3
SYSCALL
analyzed_bin
fstat
108
3, 0x7ffde1fa7120
0
SYSCALL
analyzed_bin
mmap2
108
0x0, 127, PROT_READ, MAP_SHARED, 3, 0
0x7f079d6f6000
SYSCALL
analyzed_bin
rt_sigprocmask
108
SIG_SETMASK, [EMPTY], 0x0, 8
0
SYSCALL
analyzed_bin
mmap2
108
0x0, 8192, PROT_READ|PROT_WRITE, MAP_PRIVATE|MAP_ANONYMOUS, -1, 0
0x7f079ce43000
SYSCALL
analyzed_bin
rt_sigprocmask
108
SIG_SETMASK, [EMPTY], 0x0, 8
0
SYSCALL
analyzed_bin
mmap2
108
0x0, 8192, PROT_READ|PROT_WRITE, MAP_PRIVATE|MAP_ANONYMOUS, -1, 0
0x7f079ce41000
SYSCALL
analyzed_bin
rt_sigprocmask
108
SIG_SETMASK, [EMPTY], 0x0, 8
0
SYSCALL
analyzed_bin
setpriority
108
PRIO_PROCESS, 0, 19
0
SYSCALL
analyzed_bin
rt_sigprocmask
108
SIG_SETMASK, [EMPTY], 0x0, 8
0
SYSCALL
analyzed_bin
mmap2
108
0x0, 8192, PROT_READ|PROT_WRITE, MAP_PRIVATE|MAP_ANONYMOUS, -1, 0
0x7f079ce3f000
SYSCALL
analyzed_bin
socketpair
108
PF_LOCAL, SOCK_STREAM, 0, 0x7f079d6f298c
0
SYSCALL
analyzed_bin
fcntl
108
4, F_GETFL, 0x0
2
SYSCALL
analyzed_bin
fcntl
108
4, F_SETFL, 0x802
0
SYSCALL
analyzed_bin
fcntl
108
5, F_GETFL, 0x0
2
SYSCALL
analyzed_bin
fcntl
108
5, F_SETFL, 0x802
0
SYSCALL
analyzed_bin
select
108
5, 0x7f079d2acf10, 0x7f079d2acf90, 0x7f079d2ad010, [0.000000]
0
SYSCALL
analyzed_bin
close
108
3
0
SYSCALL
analyzed_bin
ioctl
108
1, 21523, 0x7ffde1fa7128
-25 (ENOTTY)
SYSCALL
analyzed_bin
writev
108
1, 0x7ffde1fa70c0, 2
32
SYSCALL
analyzed_bin
mmap2
108
0x0, 20480, PROT_READ|PROT_WRITE, MAP_PRIVATE|MAP_ANONYMOUS, -1, 0
0x7f079ce3a000
SYSCALL
analyzed_bin
socketpair
108
PF_LOCAL, SOCK_STREAM, 0, 0x7f079d6f5860
0
SYSCALL
analyzed_bin
mmap2
108
0x0, 2240512, PROT_NONE, MAP_PRIVATE|MAP_ANONYMOUS, -1, 0
0x7f079cc17000
SYSCALL
analyzed_bin
mprotect
108
0x7f079cc19000, 2232320, PROT_READ|PROT_WRITE
0
SYSCALL
analyzed_bin
rt_sigprocmask
108
SIG_BLOCK, [SIGHUP|SIGINT|SIGQUIT|SIGILL|SIGTRAP|SIGABRT|SIGBUS|SIGFPE|SIGKILL|SIGUSR1|SIGSEGV|SIGPIPE|SIGUSR2|SIGALRM|SIGTERM|SIGCHLD|SIGCONT|SIGSTOP|SIGTSTP|SIGTTIN|SIGTTOU|SIGURG|SIGXCPU|SIGXFSZ|SIGVTALRM|SIGPROF|SIGWINCH|SIGIO/SIGPOLL|SIGPWR|SIGSYS], 0x7f079d2acdc0, 8
0
PROCESS
114:108
SYSCALL
analyzed_bin
clone
108
CLONE_VM|CLONE_FS|CLONE_FILES|CLONE_SIGHAND|CLONE_THREAD|CLONE_SYSVSEM|CLONE_SETTLS|CLONE_PARENT_SETTID|CLONE_CHILD_CLEARTID|CLONE_DETACHED, 0x7f079cc39478, 0x7f079ce39f30, 0x99ddbc
114
SYSCALL
analyzed_bin
rt_sigprocmask
108
SIG_SETMASK, [EMPTY], 0x0, 8
0
SYSCALL
analyzed_bin
rt_sigprocmask
108
SIG_SETMASK, [EMPTY], 0x0, 8
0
SYSCALL
analyzed_bin
mmap2
108
0x0, 28672, PROT_READ|PROT_WRITE, MAP_PRIVATE|MAP_ANONYMOUS, -1, 0
0x7f079cc10000
OPENFILE
"/etc/hosts"
SYSCALL
analyzed_bin
open
108
"/etc/hosts", O_RDONLY|O_CLOEXEC
7
SYSCALL
analyzed_bin
fcntl
108
7, F_SETFD, 0x1
0
SYSCALL
analyzed_bin
read
108
7, 0x7f079cc386e0, 1024
42
SYSCALL
analyzed_bin
read
108
7, 0x7f079cc386e0, 1024
0
SYSCALL
analyzed_bin
close
108
7
0
OPENFILE
"/etc/resolv.conf"
SYSCALL
analyzed_bin
open
108
"/etc/resolv.conf", O_RDONLY|O_CLOEXEC
7
SYSCALL
analyzed_bin
fcntl
108
7, F_SETFD, 0x1
0
SYSCALL
analyzed_bin
select
108
5, 0x7f079d2acf10, 0x7f079d2acf90, 0x7f079d2ad010, [0.001000]
0
SYSCALL
analyzed_bin
mmap2
108
0x0, 4096, PROT_READ|PROT_WRITE, MAP_PRIVATE|MAP_ANONYMOUS, -1, 0
0x7f079d6e2000
SYSCALL
analyzed_bin
read
108
7, 0x7f079cc389e8, 248
27
SYSCALL
analyzed_bin
read
108
7, 0x7f079cc389e8, 248
0
SYSCALL
analyzed_bin
close
108
7
0
SYSCALL
analyzed_bin
socket
108
PF_INET, SOCK_DGRAM|SOCK_CLOEXEC|SOCK_NONBLOCK, IPPROTO_IP
7
SYSCALL
analyzed_bin
bind
108
7, {AF_INET, 0.0.0.0, 0}, 16
0
SYSCALL
analyzed_bin
select
108
5, 0x7f079d2acf10, 0x7f079d2acf90, 0x7f079d2ad010, [0.001000]
0
SYSCALL
analyzed_bin
sendto
108
7, "M\306\001\0\0\001\0\0\0\0\0\0\004pool\aminexm"..., 34, MSG_NOSIGNAL, {AF_INET, 10.0.2.3, 53}, 16
34
SYSCALL
analyzed_bin
select
108
5, 0x7f079d2acf10, 0x7f079d2acf90, 0x7f079d2ad010, [0.003000]
0
SYSCALL
analyzed_bin
select
108
5, 0x7f079d2acf10, 0x7f079d2acf90, 0x7f079d2ad010, [0.007000]
0
SYSCALL
analyzed_bin
select
108
5, 0x7f079d2acf10, 0x7f079d2acf90, 0x7f079d2ad010, [0.015000]
0
SYSCALL
analyzed_bin
poll
108
0x7f079cc38370, 1, 2500
1
SYSCALL
analyzed_bin
recvfrom
108
7, 0x7f079cc386e0, 512, 0x0, 0x7f079cc38390, 0x7f079cc3836c
162
SYSCALL
analyzed_bin
close
108
7
0
SYSCALL
analyzed_bin
madvise
108
0x7f079cc11000, 4096, MADV_FREE
0
SYSCALL
analyzed_bin
munmap
108
0x7f079cc10000, 28672
0
SYSCALL
analyzed_bin
rt_sigprocmask
108
SIG_BLOCK, [SIGHUP|SIGINT|SIGQUIT|SIGILL|SIGTRAP|SIGABRT|SIGBUS|SIGFPE|SIGKILL|SIGUSR1|SIGSEGV|SIGPIPE|SIGUSR2|SIGALRM|SIGTERM|SIGCHLD|SIGCONT|SIGSTOP|SIGTSTP|SIGTTIN|SIGTTOU|SIGURG|SIGXCPU|SIGXFSZ|SIGVTALRM|SIGPROF|SIGWINCH|SIGIO/SIGPOLL|SIGPWR|SIGSYS], 0x7f079cc393b0, 8
0
SYSCALL
analyzed_bin
futex
108
0x7f079ce39f38, FUTEX_WAKE_PRIVATE, 1
0
SYSCALL
analyzed_bin
exit
108
0

SYSCALL
analyzed_bin
futex
108
0x99ddbc, FUTEX_WAKE, 1
0
SYSCALL
analyzed_bin
select
108
5, 0x7f079d2acf10, 0x7f079d2acf90, 0x7f079d2ad010, [0.031000]
0
SYSCALL
analyzed_bin
munmap
108
0x7f079cc17000, 2240512
0
SYSCALL
analyzed_bin
close
108
6
0
SYSCALL
analyzed_bin
close
108
3
0
SYSCALL
analyzed_bin
socket
108
PF_INET, SOCK_STREAM, IPPROTO_IP
3
SYSCALL
analyzed_bin
setsockopt
108
3, SOL_TCP, SO_DEBUG, 0x7f079d2acdb0, 4
0
SYSCALL
analyzed_bin
setsockopt
108
3, SOL_SOCKET, SO_KEEPALIVE, 0x7f079d2acc8c, 4
0
SYSCALL
analyzed_bin
setsockopt
108
3, SOL_TCP, SO_BROADCAST, 0x7f079d2acc80, 4
0
SYSCALL
analyzed_bin
setsockopt
108
3, SOL_TCP, SO_ERROR, 0x7f079d2acc88, 4
0
SYSCALL
analyzed_bin
setsockopt
108
3, SOL_TCP, SO_DONTROUTE, 0x7f079d2acc84, 4
0
SYSCALL
analyzed_bin
fcntl
108
3, F_GETFL, 0x0
2
SYSCALL
analyzed_bin
fcntl
108
3, F_SETFL, 0x802
0
SYSCALL
analyzed_bin
connect
108
3, {AF_INET, 136.243.49.177, 3333}, 16
-115 (EINPROGRESS)
SYSCALL
analyzed_bin
select
108
4, 0x7f079d2acce0, 0x7f079d2acd60, 0x7f079d2acde0, [0.000000]
0
SYSCALL
analyzed_bin
select
108
5, 0x7f079d2acf10, 0x7f079d2acf90, 0x7f079d2ad010, [0.029000]
0
SYSCALL
analyzed_bin
select
108
4, 0x7f079d2acce0, 0x7f079d2acd60, 0x7f079d2acde0, [0.000000]
0
SYSCALL
analyzed_bin
select
108
5, 0x7f079d2acf10, 0x7f079d2acf90, 0x7f079d2ad010, [0.166000]
1
SYSCALL
analyzed_bin
select
108
4, 0x7f079d2acce0, 0x7f079d2acd60, 0x7f079d2acde0, [0.000000]
1
SYSCALL
analyzed_bin
getsockopt
108
3, SOL_SOCKET, SO_ERROR, 0x7f079d2acec8, 0x7f079d2acecc
0
SYSCALL
analyzed_bin
getpeername
108
3, 0x7f079d2acc90, 0x7f079d2acc88
0
SYSCALL
analyzed_bin
getsockname
108
3, 0x7f079d2acd10, 0x7f079d2acc8c
0
SYSCALL
analyzed_bin
munmap
108
0x7f079ce3a000, 20480
0
SYSCALL
analyzed_bin
select
108
4, 0x0, 0x7f079d2ad130, 0x0, [0.000000]
1
SYSCALL
analyzed_bin
sendto
108
3, "{\"method\": \"login\", \"params\": {\"login"..., 195, 0x0, NULL, 0
195
SYSCALL
analyzed_bin
nanosleep
108
[1.000000000], 0x7f079d086150
0
SYSCALL
analyzed_bin
socket
108
PF_INET, SOCK_STREAM, IPPROTO_IP
6
SYSCALL
analyzed_bin
setsockopt
108
6, SOL_SOCKET, SO_REUSEADDR, 0x7f079d0861a0, 4
0
SYSCALL
analyzed_bin
bind
108
6, {AF_INET, 127.0.0.1, 4048}, 16
0
SYSCALL
analyzed_bin
listen
108
6, 10
0
SYSCALL
analyzed_bin
mmap2
108
0x0, 20480, PROT_READ|PROT_WRITE, MAP_PRIVATE|MAP_ANONYMOUS, -1, 0
0x7f079ce3a000
SYSCALL
analyzed_bin
nanosleep
108
[1.000000000], 0x7f079ce67210
0
SYSCALL
analyzed_bin
nanosleep
108
[1.000000000], 0x7f079ce67210
0
SYSCALL
analyzed_bin
nanosleep
108
[1.000000000], 0x7f079ce67210
0
SYSCALL
analyzed_bin
nanosleep
108
[1.000000000], 0x7f079ce67210
0
SYSCALL
analyzed_bin
nanosleep
108
[1.000000000], 0x7f079ce67210
0
SYSCALL
analyzed_bin
nanosleep
108
[1.000000000], 0x7f079ce67210
0
SYSCALL
analyzed_bin
nanosleep
108
[1.000000000], 0x7f079ce67210
0
SYSCALL
analyzed_bin
nanosleep
108
[1.000000000], 0x7f079ce67210
0
SYSCALL
analyzed_bin
nanosleep
108
[1.000000000], 0x7f079ce67210
0
SYSCALL
analyzed_bin
nanosleep
108
[1.000000000], 0x7f079ce67210
0
SYSCALL
analyzed_bin
nanosleep
108
[1.000000000], 0x7f079ce67210
0
SYSCALL
analyzed_bin
nanosleep
108
[1.000000000], 0x7f079ce67210
0
SYSCALL
analyzed_bin
nanosleep
108
[1.000000000], 0x7f079ce67210
0
SYSCALL
analyzed_bin
nanosleep
108
[1.000000000], 0x7f079ce67210
0
SYSCALL
analyzed_bin
nanosleep
108
[1.000000000], 0x7f079ce67210
0
SYSCALL
analyzed_bin
select
108
4, 0x7f079d2ac910, 0x0, 0x0, [60.000000]
1
SYSCALL
analyzed_bin
recvfrom
108
3, 0x7f079d2ac9b0, 2044, 0x0, 0x0, 0x0
90
SYSCALL
analyzed_bin
writev
108
1, 0x7f079d2ad020, 2
51
SYSCALL
analyzed_bin
writev
108
1, 0x7f079d2ad020, 2
55
SYSCALL
analyzed_bin
select
108
4, 0x7f079d2ad2a0, 0x0, 0x0, [300.000000]
1
SYSCALL
analyzed_bin
select
108
4, 0x7f079d2aca50, 0x0, 0x0, [60.000000]
1
SYSCALL
analyzed_bin
recvfrom
108
3, 0x7f079d2acaf0, 2044, 0x0, 0x0, 0x0
0
SYSCALL
analyzed_bin
writev
108
1, 0x7f079d2ac920, 2
56
SYSCALL
analyzed_bin
close
108
3
0
SYSCALL
analyzed_bin
munmap
108
0x7f079ce3f000, 8192
0
SYSCALL
analyzed_bin
munmap
108
0x7f079d6e2000, 4096
0
SYSCALL
analyzed_bin
close
108
4
0
SYSCALL
analyzed_bin
close
108
5
0
SYSCALL
analyzed_bin
munmap
108
0x7f079ce41000, 8192
0
SYSCALL
analyzed_bin
writev
108
1, 0x7f079d2ad170, 2
52
SYSCALL
analyzed_bin
mmap2
108
0x0, 8192, PROT_READ|PROT_WRITE, MAP_PRIVATE|MAP_ANONYMOUS, -1, 0
0x7f079ce41000
SYSCALL
analyzed_bin
mmap2
108
0x0, 8192, PROT_READ|PROT_WRITE, MAP_PRIVATE|MAP_ANONYMOUS, -1, 0
0x7f079ce3f000
SYSCALL
analyzed_bin
socketpair
108
PF_LOCAL, SOCK_STREAM, 0, 0x7f079d6f298c
0
SYSCALL
analyzed_bin
fcntl
108
3, F_GETFL, 0x0
2
SYSCALL
analyzed_bin
fcntl
108
3, F_SETFL, 0x802
0
SYSCALL
analyzed_bin
fcntl
108
4, F_GETFL, 0x0
2
SYSCALL
analyzed_bin
fcntl
108
4, F_SETFL, 0x802
0
SYSCALL
analyzed_bin
select
108
4, 0x7f079d2acf10, 0x7f079d2acf90, 0x7f079d2ad010, [0.000000]
0
SYSCALL
analyzed_bin
mmap2
108
0x0, 20480, PROT_READ|PROT_WRITE, MAP_PRIVATE|MAP_ANONYMOUS, -1, 0
0x7f079ce35000
SYSCALL
analyzed_bin
socketpair
108
PF_LOCAL, SOCK_STREAM, 0, 0x7f079d6f2640
0
SYSCALL
analyzed_bin
mmap2
108
0x0, 2240512, PROT_NONE, MAP_PRIVATE|MAP_ANONYMOUS, -1, 0
0x7f079cc12000
SYSCALL
analyzed_bin
mprotect
108
0x7f079cc14000, 2232320, PROT_READ|PROT_WRITE
0
SYSCALL
analyzed_bin
rt_sigprocmask
108
SIG_BLOCK, [SIGHUP|SIGINT|SIGQUIT|SIGILL|SIGTRAP|SIGABRT|SIGBUS|SIGFPE|SIGKILL|SIGUSR1|SIGSEGV|SIGPIPE|SIGUSR2|SIGALRM|SIGTERM|SIGCHLD|SIGCONT|SIGSTOP|SIGTSTP|SIGTTIN|SIGTTOU|SIGURG|SIGXCPU|SIGXFSZ|SIGVTALRM|SIGPROF|SIGWINCH|SIGIO/SIGPOLL|SIGPWR|SIGSYS], 0x7f079d2acdc0, 8
0
PROCESS
115:108
SYSCALL
analyzed_bin
clone
108
CLONE_VM|CLONE_FS|CLONE_FILES|CLONE_SIGHAND|CLONE_THREAD|CLONE_SYSVSEM|CLONE_SETTLS|CLONE_PARENT_SETTID|CLONE_CHILD_CLEARTID|CLONE_DETACHED, 0x7f079cc34478, 0x7f079ce34f30, 0x99ddbc
115
SYSCALL
analyzed_bin
rt_sigprocmask
108
SIG_SETMASK, [EMPTY], 0x0, 8
0
SYSCALL
analyzed_bin
rt_sigprocmask
108
SIG_SETMASK, [EMPTY], 0x0, 8
0
SYSCALL
analyzed_bin
mmap2
108
0x0, 28672, PROT_READ|PROT_WRITE, MAP_PRIVATE|MAP_ANONYMOUS, -1, 0
0x7f079cc0b000
OPENFILE
"/etc/hosts"
SYSCALL
analyzed_bin
open
108
"/etc/hosts", O_RDONLY|O_CLOEXEC
9
SYSCALL
analyzed_bin
fcntl
108
9, F_SETFD, 0x1
0
SYSCALL
analyzed_bin
read
108
9, 0x7f079cc336e0, 1024
42
SYSCALL
analyzed_bin
read
108
9, 0x7f079cc336e0, 1024
0
SYSCALL
analyzed_bin
close
108
9
0
OPENFILE
"/etc/resolv.conf"
SYSCALL
analyzed_bin
open
108
"/etc/resolv.conf", O_RDONLY|O_CLOEXEC
9
SYSCALL
analyzed_bin
fcntl
108
9, F_SETFD, 0x1
0
SYSCALL
analyzed_bin
read
108
9, 0x7f079cc339e8, 248
27
SYSCALL
analyzed_bin
read
108
9, 0x7f079cc339e8, 248
0
SYSCALL
analyzed_bin
close
108
9
0
SYSCALL
analyzed_bin
socket
108
PF_INET, SOCK_DGRAM|SOCK_CLOEXEC|SOCK_NONBLOCK, IPPROTO_IP
9
SYSCALL
analyzed_bin
bind
108
9, {AF_INET, 0.0.0.0, 0}, 16
0
SYSCALL
analyzed_bin
sendto
108
9, "\u018B\001\0\0\001\0\0\0\0\0\0\004pool\aminex"..., 34, MSG_NOSIGNAL, {AF_INET, 10.0.2.3, 53}, 16
34
SYSCALL
analyzed_bin
select
108
6, 0x7f079d2acf10, 0x7f079d2acf90, 0x7f079d2ad010, [0.001000]
0
SYSCALL
analyzed_bin
mmap2
108
0x0, 4096, PROT_READ|PROT_WRITE, MAP_PRIVATE|MAP_ANONYMOUS, -1, 0
0x7f079d6e2000
SYSCALL
analyzed_bin
select
108
6, 0x7f079d2acf10, 0x7f079d2acf90, 0x7f079d2ad010, [0.001000]
0
SYSCALL
analyzed_bin
select
108
6, 0x7f079d2acf10, 0x7f079d2acf90, 0x7f079d2ad010, [0.003000]
0
SYSCALL
analyzed_bin
select
108
6, 0x7f079d2acf10, 0x7f079d2acf90, 0x7f079d2ad010, [0.007000]
0
SYSCALL
analyzed_bin
select
108
6, 0x7f079d2acf10, 0x7f079d2acf90, 0x7f079d2ad010, [0.001000]
0
SYSCALL
analyzed_bin
poll
108
0x7f079cc33370, 1, 2500
1
SYSCALL
analyzed_bin
recvfrom
108
9, 0x7f079cc336e0, 512, 0x0, 0x7f079cc33390, 0x7f079cc3336c
162
SYSCALL
analyzed_bin
close
108
9
0
SYSCALL
analyzed_bin
madvise
108
0x7f079cc0c000, 4096, MADV_FREE
0
SYSCALL
analyzed_bin
munmap
108
0x7f079cc0b000, 28672
0
SYSCALL
analyzed_bin
rt_sigprocmask
108
SIG_BLOCK, [SIGHUP|SIGINT|SIGQUIT|SIGILL|SIGTRAP|SIGABRT|SIGBUS|SIGFPE|SIGKILL|SIGUSR1|SIGSEGV|SIGPIPE|SIGUSR2|SIGALRM|SIGTERM|SIGCHLD|SIGCONT|SIGSTOP|SIGTSTP|SIGTTIN|SIGTTOU|SIGURG|SIGXCPU|SIGXFSZ|SIGVTALRM|SIGPROF|SIGWINCH|SIGIO/SIGPOLL|SIGPWR|SIGSYS], 0x7f079cc343b0, 8
0
SYSCALL
analyzed_bin
futex
108
0x7f079ce34f38, FUTEX_WAKE_PRIVATE, 1
0
SYSCALL
analyzed_bin
exit
108
0

SYSCALL
analyzed_bin
futex
108
0x99ddbc, FUTEX_WAKE, 1
0
SYSCALL
analyzed_bin
select
108
6, 0x7f079d2acf10, 0x7f079d2acf90, 0x7f079d2ad010, [0.015000]
0
SYSCALL
analyzed_bin
munmap
108
0x7f079cc12000, 2240512
0
SYSCALL
analyzed_bin
close
108
8
0
SYSCALL
analyzed_bin
close
108
5
0
SYSCALL
analyzed_bin
socket
108
PF_INET, SOCK_STREAM, IPPROTO_IP
5
SYSCALL
analyzed_bin
setsockopt
108
5, SOL_TCP, SO_DEBUG, 0x7f079d2acdb0, 4
0
SYSCALL
analyzed_bin
setsockopt
108
5, SOL_SOCKET, SO_KEEPALIVE, 0x7f079d2acc8c, 4
0
SYSCALL
analyzed_bin
setsockopt
108
5, SOL_TCP, SO_BROADCAST, 0x7f079d2acc80, 4
0
SYSCALL
analyzed_bin
setsockopt
108
5, SOL_TCP, SO_ERROR, 0x7f079d2acc88, 4
0
SYSCALL
analyzed_bin
setsockopt
108
5, SOL_TCP, SO_DONTROUTE, 0x7f079d2acc84, 4
0
SYSCALL
analyzed_bin
fcntl
108
5, F_GETFL, 0x0
2
SYSCALL
analyzed_bin
fcntl
108
5, F_SETFL, 0x802
0
SYSCALL
analyzed_bin
connect
108
5, {AF_INET, 178.32.120.127, 3333}, 16
-115 (EINPROGRESS)
SYSCALL
analyzed_bin
select
108
6, 0x7f079d2acce0, 0x7f079d2acd60, 0x7f079d2acde0, [0.000000]
0
SYSCALL
analyzed_bin
select
108
6, 0x7f079d2acf10, 0x7f079d2acf90, 0x7f079d2ad010, [0.012000]
0
SYSCALL
analyzed_bin
select
108
6, 0x7f079d2acce0, 0x7f079d2acd60, 0x7f079d2acde0, [0.000000]
0
SYSCALL
analyzed_bin
select
108
6, 0x7f079d2acf10, 0x7f079d2acf90, 0x7f079d2ad010, [0.183000]
1
SYSCALL
analyzed_bin
select
108
6, 0x7f079d2acce0, 0x7f079d2acd60, 0x7f079d2acde0, [0.000000]
1
SYSCALL
analyzed_bin
getsockopt
108
5, SOL_SOCKET, SO_ERROR, 0x7f079d2acec8, 0x7f079d2acecc
0
SYSCALL
analyzed_bin
getpeername
108
5, 0x7f079d2acc90, 0x7f079d2acc88
0
SYSCALL
analyzed_bin
getsockname
108
5, 0x7f079d2acd10, 0x7f079d2acc8c
0
SYSCALL
analyzed_bin
munmap
108
0x7f079ce35000, 20480
0
SYSCALL
analyzed_bin
select
108
6, 0x0, 0x7f079d2ad130, 0x0, [0.000000]
1
SYSCALL
analyzed_bin
sendto
108
5, "{\"method\": \"login\", \"params\": {\"login"..., 195, 0x0, NULL, 0
195
SYSCALL
analyzed_bin
nanosleep
108
[1.000000000], 0x7f079ce67210
0
SYSCALL
analyzed_bin
nanosleep
108
[1.000000000], 0x7f079ce67210
0
SYSCALL
analyzed_bin
nanosleep
108
[1.000000000], 0x7f079ce67210
0
SYSCALL
analyzed_bin
nanosleep
108
[1.000000000], 0x7f079ce67210
0
SYSCALL
analyzed_bin
nanosleep
108
[1.000000000], 0x7f079ce67210
0
SYSCALL
analyzed_bin
futex
108
0x7f079d6d0f38, FUTEX_WAIT_PRIVATE, 1
-512
SYSCALL
analyzed_bin
futex
108
0x99ddbc, FUTEX_WAKE, 1
0
SYSCALL
analyzed_bin
futex
108
0x7f079d4d02e4, FUTEX_WAIT_PRIVATE, 2
-512
SYSCALL
analyzed_bin
futex
108
0x99ddbc, FUTEX_WAKE, 1
0
SYSCALL
analyzed_bin
select
108
6, 0x7f079d2ac910, 0x0, 0x0, [60.000000]
-514
SYSCALL
analyzed_bin
futex
108
0x99ddbc, FUTEX_WAKE, 1
0
SYSCALL
analyzed_bin
accept
108
6, 0x7f079d0861c0, 0x7f079d08619c
-512
SYSCALL
analyzed_bin
futex
108
0x99ddbc, FUTEX_WAKE, 1
0
SYSCALL
analyzed_bin
nanosleep
108
[1.000000000], 0x7f079ce67210
-516
