LISA
PROCESS
108:105
SYSCALL
analyzed_bin
execve
108

0
SYSCALL
analyzed_bin
brk
108
0x0
94451216601088
SYSCALL
analyzed_bin
access
108
"/etc/ld.so.preload", R_OK
-2 (ENOENT)
OPENFILE
"/etc/ld.so.cache"
SYSCALL
analyzed_bin
openat
108
AT_FDCWD, "/etc/ld.so.cache", O_RDONLY|O_CLOEXEC
-2 (ENOENT)
OPENFILE
"/lib64/tls/x86_64/x86_64/librt.so.1"
SYSCALL
analyzed_bin
openat
108
AT_FDCWD, "/lib64/tls/x86_64/x86_64/librt.so.1", O_RDONLY|O_CLOEXEC
-2 (ENOENT)
SYSCALL
analyzed_bin
stat
108
"/lib64/tls/x86_64/x86_64", 0x7ffec847f6a0
-2 (ENOENT)
OPENFILE
"/lib64/tls/x86_64/librt.so.1"
SYSCALL
analyzed_bin
openat
108
AT_FDCWD, "/lib64/tls/x86_64/librt.so.1", O_RDONLY|O_CLOEXEC
-2 (ENOENT)
SYSCALL
analyzed_bin
stat
108
"/lib64/tls/x86_64", 0x7ffec847f6a0
-2 (ENOENT)
OPENFILE
"/lib64/tls/x86_64/librt.so.1"
SYSCALL
analyzed_bin
openat
108
AT_FDCWD, "/lib64/tls/x86_64/librt.so.1", O_RDONLY|O_CLOEXEC
-2 (ENOENT)
SYSCALL
analyzed_bin
stat
108
"/lib64/tls/x86_64", 0x7ffec847f6a0
-2 (ENOENT)
OPENFILE
"/lib64/tls/librt.so.1"
SYSCALL
analyzed_bin
openat
108
AT_FDCWD, "/lib64/tls/librt.so.1", O_RDONLY|O_CLOEXEC
-2 (ENOENT)
SYSCALL
analyzed_bin
stat
108
"/lib64/tls", 0x7ffec847f6a0
-2 (ENOENT)
OPENFILE
"/lib64/x86_64/x86_64/librt.so.1"
SYSCALL
analyzed_bin
openat
108
AT_FDCWD, "/lib64/x86_64/x86_64/librt.so.1", O_RDONLY|O_CLOEXEC
-2 (ENOENT)
SYSCALL
analyzed_bin
stat
108
"/lib64/x86_64/x86_64", 0x7ffec847f6a0
-2 (ENOENT)
OPENFILE
"/lib64/x86_64/librt.so.1"
SYSCALL
analyzed_bin
openat
108
AT_FDCWD, "/lib64/x86_64/librt.so.1", O_RDONLY|O_CLOEXEC
-2 (ENOENT)
SYSCALL
analyzed_bin
stat
108
"/lib64/x86_64", 0x7ffec847f6a0
-2 (ENOENT)
OPENFILE
"/lib64/x86_64/librt.so.1"
SYSCALL
analyzed_bin
openat
108
AT_FDCWD, "/lib64/x86_64/librt.so.1", O_RDONLY|O_CLOEXEC
-2 (ENOENT)
SYSCALL
analyzed_bin
stat
108
"/lib64/x86_64", 0x7ffec847f6a0
-2 (ENOENT)
OPENFILE
"/lib64/librt.so.1"
SYSCALL
analyzed_bin
openat
108
AT_FDCWD, "/lib64/librt.so.1", O_RDONLY|O_CLOEXEC
3
SYSCALL
analyzed_bin
read
108
3, 0x7ffec847f808, 832
832
SYSCALL
analyzed_bin
fstat
108
3, 0x7ffec847f6a0
0
SYSCALL
analyzed_bin
mmap2
108
0x0, 8192, PROT_READ|PROT_WRITE, MAP_PRIVATE|MAP_ANONYMOUS, -1, 0
0x7f18dfa09000
SYSCALL
analyzed_bin
mmap2
108
0x0, 2128864, PROT_READ|PROT_EXEC, MAP_PRIVATE|MAP_DENYWRITE, 3, 0
0x7f18df5dd000
SYSCALL
analyzed_bin
mprotect
108
0x7f18df5e4000, 2093056, PROT_NONE
0
SYSCALL
analyzed_bin
mmap2
108
0x7f18df7e3000, 8192, PROT_READ|PROT_WRITE, MAP_PRIVATE|MAP_FIXED|MAP_DENYWRITE, 3, 24576
0x7f18df7e3000
SYSCALL
analyzed_bin
close
108
3
0
OPENFILE
"/lib64/libdl.so.2"
SYSCALL
analyzed_bin
openat
108
AT_FDCWD, "/lib64/libdl.so.2", O_RDONLY|O_CLOEXEC
3
SYSCALL
analyzed_bin
read
108
3, 0x7ffec847f7d8, 832
832
SYSCALL
analyzed_bin
fstat
108
3, 0x7ffec847f670
0
SYSCALL
analyzed_bin
mmap2
108
0x0, 2109680, PROT_READ|PROT_EXEC, MAP_PRIVATE|MAP_DENYWRITE, 3, 0
0x7f18df3d9000
SYSCALL
analyzed_bin
mprotect
108
0x7f18df3dc000, 2093056, PROT_NONE
0
SYSCALL
analyzed_bin
mmap2
108
0x7f18df5db000, 8192, PROT_READ|PROT_WRITE, MAP_PRIVATE|MAP_FIXED|MAP_DENYWRITE, 3, 8192
0x7f18df5db000
SYSCALL
analyzed_bin
close
108
3
0
OPENFILE
"/lib64/libQt5Widgets.so.5"
SYSCALL
analyzed_bin
openat
108
AT_FDCWD, "/lib64/libQt5Widgets.so.5", O_RDONLY|O_CLOEXEC
-2 (ENOENT)
OPENFILE
"/usr/lib64/tls/x86_64/x86_64/libQt5Widgets.so.5"
SYSCALL
analyzed_bin
openat
108
AT_FDCWD, "/usr/lib64/tls/x86_64/x86_64/libQt5Widgets.so.5", O_RDONLY|O_CLOEXEC
-2 (ENOENT)
SYSCALL
analyzed_bin
stat
108
"/usr/lib64/tls/x86_64/x86_64", 0x7ffec847f640
-2 (ENOENT)
OPENFILE
"/usr/lib64/tls/x86_64/libQt5Widgets.so.5"
SYSCALL
analyzed_bin
openat
108
AT_FDCWD, "/usr/lib64/tls/x86_64/libQt5Widgets.so.5", O_RDONLY|O_CLOEXEC
-2 (ENOENT)
SYSCALL
analyzed_bin
stat
108
"/usr/lib64/tls/x86_64", 0x7ffec847f640
-2 (ENOENT)
OPENFILE
"/usr/lib64/tls/x86_64/libQt5Widgets.so.5"
SYSCALL
analyzed_bin
openat
108
AT_FDCWD, "/usr/lib64/tls/x86_64/libQt5Widgets.so.5", O_RDONLY|O_CLOEXEC
-2 (ENOENT)
SYSCALL
analyzed_bin
stat
108
"/usr/lib64/tls/x86_64", 0x7ffec847f640
-2 (ENOENT)
OPENFILE
"/usr/lib64/tls/libQt5Widgets.so.5"
SYSCALL
analyzed_bin
openat
108
AT_FDCWD, "/usr/lib64/tls/libQt5Widgets.so.5", O_RDONLY|O_CLOEXEC
-2 (ENOENT)
SYSCALL
analyzed_bin
stat
108
"/usr/lib64/tls", 0x7ffec847f640
-2 (ENOENT)
OPENFILE
"/usr/lib64/x86_64/x86_64/libQt5Widgets.so.5"
SYSCALL
analyzed_bin
openat
108
AT_FDCWD, "/usr/lib64/x86_64/x86_64/libQt5Widgets.so.5", O_RDONLY|O_CLOEXEC
-2 (ENOENT)
SYSCALL
analyzed_bin
stat
108
"/usr/lib64/x86_64/x86_64", 0x7ffec847f640
-2 (ENOENT)
OPENFILE
"/usr/lib64/x86_64/libQt5Widgets.so.5"
SYSCALL
analyzed_bin
openat
108
AT_FDCWD, "/usr/lib64/x86_64/libQt5Widgets.so.5", O_RDONLY|O_CLOEXEC
-2 (ENOENT)
SYSCALL
analyzed_bin
stat
108
"/usr/lib64/x86_64", 0x7ffec847f640
-2 (ENOENT)
OPENFILE
"/usr/lib64/x86_64/libQt5Widgets.so.5"
SYSCALL
analyzed_bin
openat
108
AT_FDCWD, "/usr/lib64/x86_64/libQt5Widgets.so.5", O_RDONLY|O_CLOEXEC
-2 (ENOENT)
SYSCALL
analyzed_bin
stat
108
"/usr/lib64/x86_64", 0x7ffec847f640
-2 (ENOENT)
OPENFILE
"/usr/lib64/libQt5Widgets.so.5"
SYSCALL
analyzed_bin
openat
108
AT_FDCWD, "/usr/lib64/libQt5Widgets.so.5", O_RDONLY|O_CLOEXEC
-2 (ENOENT)
SYSCALL
analyzed_bin
stat
108
"/usr/lib64", 0x7ffec847f640
0
SYSCALL
analyzed_bin
writev
108
2, 0x7ffec847f2f0, 10
136
SYSCALL
analyzed_bin
exit_group
108
127

