LISA
PROCESS
108:105
SYSCALL
analyzed_bin
execve
108

0
SYSCALL
analyzed_bin
arch_prctl
108
ARCH_SET_FS, 140499191689592
0
SYSCALL
analyzed_bin
set_tid_address
108
0x7fc8846971b0
108
SYSCALL
analyzed_bin
brk
108
0x0
140499191693312
SYSCALL
analyzed_bin
brk
108
0x7fc884699000
140499191697408
SYSCALL
analyzed_bin
brk
108
0x7fc8846ab000
140499191771136
SYSCALL
analyzed_bin
brk
108
0x7fc8846ac000
140499191775232
SYSCALL
analyzed_bin
brk
108
0x7fc8846ad000
140499191779328
SYSCALL
analyzed_bin
brk
108
0x7fc8846ae000
140499191783424
SYSCALL
analyzed_bin
brk
108
0x7fc8846af000
140499191787520
SYSCALL
analyzed_bin
brk
108
0x7fc8846b0000
140499191791616
SYSCALL
analyzed_bin
brk
108
0x7fc8846b1000
140499191795712
SYSCALL
analyzed_bin
brk
108
0x7fc8846b2000
140499191799808
SYSCALL
analyzed_bin
brk
108
0x7fc8846b3000
140499191803904
SYSCALL
analyzed_bin
brk
108
0x7fc8846b4000
140499191808000
SYSCALL
analyzed_bin
brk
108
0x7fc8846b5000
140499191812096
SYSCALL
analyzed_bin
brk
108
0x7fc8846b6000
140499191816192
SYSCALL
analyzed_bin
brk
108
0x7fc8846b7000
140499191820288
SYSCALL
analyzed_bin
brk
108
0x7fc8846b8000
140499191824384
SYSCALL
analyzed_bin
brk
108
0x7fc8846b9000
140499191828480
SYSCALL
analyzed_bin
brk
108
0x7fc8846ba000
140499191832576
SYSCALL
analyzed_bin
brk
108
0x7fc8846bb000
140499191836672
SYSCALL
analyzed_bin
brk
108
0x7fc8846bd000
140499191844864
SYSCALL
analyzed_bin
brk
108
0x7fc8846be000
140499191848960
SYSCALL
analyzed_bin
brk
108
0x7fc8846bf000
140499191853056
SYSCALL
analyzed_bin
brk
108
0x7fc8846c0000
140499191857152
SYSCALL
analyzed_bin
brk
108
0x7fc8846c1000
140499191861248
SYSCALL
analyzed_bin
brk
108
0x7fc8846c2000
140499191865344
SYSCALL
analyzed_bin
brk
108
0x7fc8846c3000
140499191869440
SYSCALL
analyzed_bin
brk
108
0x7fc8846c4000
140499191873536
SYSCALL
analyzed_bin
brk
108
0x7fc8846c7000
140499191885824
SYSCALL
analyzed_bin
brk
108
0x7fc8846c8000
140499191889920
SYSCALL
analyzed_bin
brk
108
0x7fc8846c9000
140499191894016
SYSCALL
analyzed_bin
brk
108
0x7fc8846ca000
140499191898112
SYSCALL
analyzed_bin
brk
108
0x7fc8846cb000
140499191902208
SYSCALL
analyzed_bin
brk
108
0x7fc8846cc000
140499191906304
SYSCALL
analyzed_bin
brk
108
0x7fc8846cd000
140499191910400
SYSCALL
analyzed_bin
brk
108
0x7fc8846ce000
140499191914496
SYSCALL
analyzed_bin
brk
108
0x7fc8846cf000
140499191918592
SYSCALL
analyzed_bin
brk
108
0x7fc8846d0000
140499191922688
SYSCALL
analyzed_bin
brk
108
0x7fc8846d1000
140499191926784
SYSCALL
analyzed_bin
brk
108
0x7fc8846d2000
140499191930880
SYSCALL
analyzed_bin
brk
108
0x7fc8846d3000
140499191934976
SYSCALL
analyzed_bin
brk
108
0x7fc8846d4000
140499191939072
SYSCALL
analyzed_bin
brk
108
0x7fc8846d5000
140499191943168
SYSCALL
analyzed_bin
brk
108
0x7fc8846da000
140499191963648
SYSCALL
analyzed_bin
brk
108
0x7fc8846db000
140499191967744
SYSCALL
analyzed_bin
brk
108
0x7fc8846dc000
140499191971840
SYSCALL
analyzed_bin
getuid
108

0
SYSCALL
analyzed_bin
geteuid
108

0
SYSCALL
analyzed_bin
getgid
108

0
SYSCALL
analyzed_bin
getegid
108

0
OPENFILE
"/usr/local/ssl/openssl.cnf"
SYSCALL
analyzed_bin
open
108
"/usr/local/ssl/openssl.cnf", O_RDONLY
-2 (ENOENT)
SYSCALL
analyzed_bin
brk
108
0x7fc8846dd000
140499191975936
SYSCALL
analyzed_bin
brk
108
0x7fc8846de000
140499191980032
SYSCALL
analyzed_bin
brk
108
0x7fc8846df000
140499191984128
SYSCALL
analyzed_bin
brk
108
0x7fc8846e0000
140499191988224
SYSCALL
analyzed_bin
brk
108
0x7fc8846e1000
140499191992320
SYSCALL
analyzed_bin
brk
108
0x7fc8846e2000
140499191996416
SYSCALL
analyzed_bin
brk
108
0x7fc8846e3000
140499192000512
SYSCALL
analyzed_bin
brk
108
0x7fc8846e4000
140499192004608
SYSCALL
analyzed_bin
brk
108
0x7fc8846e5000
140499192008704
SYSCALL
analyzed_bin
brk
108
0x7fc8846e6000
140499192012800
SYSCALL
analyzed_bin
brk
108
0x7fc8846e7000
140499192016896
SYSCALL
analyzed_bin
brk
108
0x7fc8846e8000
140499192020992
SYSCALL
analyzed_bin
brk
108
0x7fc8846e9000
140499192025088
OPENFILE
"config.txt"
SYSCALL
analyzed_bin
open
108
"config.txt", O_RDONLY
-2 (ENOENT)
OPENFILE
"pools.txt"
SYSCALL
analyzed_bin
open
108
"pools.txt", O_RDONLY
-2 (ENOENT)
SYSCALL
analyzed_bin
brk
108
0x7fc8846eb000
140499192033280
SYSCALL
analyzed_bin
brk
108
0x7fc8846ed000
140499192041472
SYSCALL
analyzed_bin
writev
108
1, 0x7ffe931ede60, 2
32
SYSCALL
analyzed_bin
readv
108
0, 0x7ffe931ede40, 2
0
SYSCALL
analyzed_bin
brk
108
0x7fc8846ef000
140499192049664
SYSCALL
analyzed_bin
brk
108
0x7fc8846f3000
140499192066048
SYSCALL
analyzed_bin
brk
108
0x7fc8846f7000
140499192082432
OPENFILE
"config.txt"
SYSCALL
analyzed_bin
open
108
"config.txt", O_WRONLY|O_CREAT|O_TRUNC, 0666
3
SYSCALL
analyzed_bin
ioctl
108
3, 21523, 0x7ffe931edcb8
-25 (ENOTTY)
SYSCALL
analyzed_bin
writev
108
3, 0x7ffe931edc20, 2
6726
SYSCALL
analyzed_bin
close
108
3
0
SYSCALL
analyzed_bin
writev
108
1, 0x7ffe931edf50, 2
42
SYSCALL
analyzed_bin
writev
108
1, 0x7ffe931edbe0, 2
14
SYSCALL
analyzed_bin
writev
108
1, 0x7ffe931edbf0, 2
52
SYSCALL
analyzed_bin
writev
108
1, 0x7ffe931edbf0, 2
98
SYSCALL
analyzed_bin
writev
108
1, 0x7ffe931edbf0, 2
52
SYSCALL
analyzed_bin
writev
108
1, 0x7ffe931edbf0, 2
98
SYSCALL
analyzed_bin
writev
108
1, 0x7ffe931edbf0, 2
52
SYSCALL
analyzed_bin
writev
108
1, 0x7ffe931edbf0, 2
98
SYSCALL
analyzed_bin
writev
108
1, 0x7ffe931edbf0, 2
52
SYSCALL
analyzed_bin
writev
108
1, 0x7ffe931edbf0, 2
98
SYSCALL
analyzed_bin
writev
108
1, 0x7ffe931edbf0, 2
52
SYSCALL
analyzed_bin
writev
108
1, 0x7ffe931edbf0, 2
98
SYSCALL
analyzed_bin
writev
108
1, 0x7ffe931edbf0, 2
52
SYSCALL
analyzed_bin
writev
108
1, 0x7ffe931edbf0, 2
98
SYSCALL
analyzed_bin
writev
108
1, 0x7ffe931edbf0, 2
52
SYSCALL
analyzed_bin
writev
108
1, 0x7ffe931edbf0, 2
98
SYSCALL
analyzed_bin
writev
108
1, 0x7ffe931edbf0, 2
52
SYSCALL
analyzed_bin
writev
108
1, 0x7ffe931edbf0, 2
98
SYSCALL
analyzed_bin
writev
108
1, 0x7ffe931edbf0, 2
52
SYSCALL
analyzed_bin
writev
108
1, 0x7ffe931edbf0, 2
98
SYSCALL
analyzed_bin
writev
108
1, 0x7ffe931edbf0, 2
52
SYSCALL
analyzed_bin
writev
108
1, 0x7ffe931edbf0, 2
98
SYSCALL
analyzed_bin
writev
108
1, 0x7ffe931edbf0, 2
52
SYSCALL
analyzed_bin
writev
108
1, 0x7ffe931edbf0, 2
98
SYSCALL
analyzed_bin
writev
108
1, 0x7ffe931edbf0, 2
52
SYSCALL
analyzed_bin
writev
108
1, 0x7ffe931edbf0, 2
98
SYSCALL
analyzed_bin
writev
108
1, 0x7ffe931edbf0, 2
52
SYSCALL
analyzed_bin
writev
108
1, 0x7ffe931edbf0, 2
98
SYSCALL
analyzed_bin
writev
108
1, 0x7ffe931edbf0, 2
52
SYSCALL
analyzed_bin
writev
108
1, 0x7ffe931edbf0, 2
98
SYSCALL
analyzed_bin
writev
108
1, 0x7ffe931edbf0, 2
52
SYSCALL
analyzed_bin
writev
108
1, 0x7ffe931edbf0, 2
98
SYSCALL
analyzed_bin
writev
108
1, 0x7ffe931edbf0, 2
52
SYSCALL
analyzed_bin
writev
108
1, 0x7ffe931edbf0, 2
98
SYSCALL
analyzed_bin
writev
108
1, 0x7ffe931edbf0, 2
52
SYSCALL
analyzed_bin
writev
108
1, 0x7ffe931edbf0, 2
98
SYSCALL
analyzed_bin
writev
108
1, 0x7ffe931edbf0, 2
52
SYSCALL
analyzed_bin
writev
108
1, 0x7ffe931edbf0, 2
98
SYSCALL
analyzed_bin
writev
108
1, 0x7ffe931edbf0, 2
52
SYSCALL
analyzed_bin
writev
108
1, 0x7ffe931edbf0, 2
98
SYSCALL
analyzed_bin
writev
108
1, 0x7ffe931edbf0, 2
52
SYSCALL
analyzed_bin
writev
108
1, 0x7ffe931edbf0, 2
98
SYSCALL
analyzed_bin
writev
108
1, 0x7ffe931edbf0, 2
52
SYSCALL
analyzed_bin
writev
108
1, 0x7ffe931edbf0, 2
98
SYSCALL
analyzed_bin
writev
108
1, 0x7ffe931edbf0, 2
52
SYSCALL
analyzed_bin
writev
108
1, 0x7ffe931edbf0, 2
98
SYSCALL
analyzed_bin
writev
108
1, 0x7ffe931edbf0, 2
52
SYSCALL
analyzed_bin
writev
108
1, 0x7ffe931edbf0, 2
98
SYSCALL
analyzed_bin
writev
108
1, 0x7ffe931edbf0, 2
52
SYSCALL
analyzed_bin
writev
108
1, 0x7ffe931edbf0, 2
98
SYSCALL
analyzed_bin
writev
108
1, 0x7ffe931edbf0, 2
52
SYSCALL
analyzed_bin
writev
108
1, 0x7ffe931edbf0, 2
98
SYSCALL
analyzed_bin
writev
108
1, 0x7ffe931edbf0, 2
52
SYSCALL
analyzed_bin
writev
108
1, 0x7ffe931edbf0, 2
98
SYSCALL
analyzed_bin
writev
108
1, 0x7ffe931edbf0, 2
52
SYSCALL
analyzed_bin
writev
108
1, 0x7ffe931edbf0, 2
98
SYSCALL
analyzed_bin
writev
108
1, 0x7ffe931edbf0, 2
52
SYSCALL
analyzed_bin
writev
108
1, 0x7ffe931edbf0, 2
98
SYSCALL
analyzed_bin
writev
108
1, 0x7ffe931edbf0, 2
52
SYSCALL
analyzed_bin
writev
108
1, 0x7ffe931edbf0, 2
98
SYSCALL
analyzed_bin
writev
108
1, 0x7ffe931edbf0, 2
52
SYSCALL
analyzed_bin
writev
108
1, 0x7ffe931edbf0, 2
98
SYSCALL
analyzed_bin
writev
108
1, 0x7ffe931edbf0, 2
52
SYSCALL
analyzed_bin
writev
108
1, 0x7ffe931edbf0, 2
98
SYSCALL
analyzed_bin
writev
108
1, 0x7ffe931edbf0, 2
52
SYSCALL
analyzed_bin
writev
108
1, 0x7ffe931edbf0, 2
98
SYSCALL
analyzed_bin
writev
108
1, 0x7ffe931edbf0, 2
52
SYSCALL
analyzed_bin
writev
108
1, 0x7ffe931edbf0, 2
98
SYSCALL
analyzed_bin
writev
108
1, 0x7ffe931edbf0, 2
52
SYSCALL
analyzed_bin
writev
108
1, 0x7ffe931edbf0, 2
98
SYSCALL
analyzed_bin
writev
108
1, 0x7ffe931edbf0, 2
52
SYSCALL
analyzed_bin
writev
108
1, 0x7ffe931edbf0, 2
98
SYSCALL
analyzed_bin
writev
108
1, 0x7ffe931edbf0, 2
52
SYSCALL
analyzed_bin
writev
108
1, 0x7ffe931edbf0, 2
98
SYSCALL
analyzed_bin
writev
108
1, 0x7ffe931edbf0, 2
52
SYSCALL
analyzed_bin
writev
108
1, 0x7ffe931edbf0, 2
98
SYSCALL
analyzed_bin
writev
108
1, 0x7ffe931edbf0, 2
52
SYSCALL
analyzed_bin
writev
108
1, 0x7ffe931edbf0, 2
98
SYSCALL
analyzed_bin
writev
108
1, 0x7ffe931edbf0, 2
52
SYSCALL
analyzed_bin
writev
108
1, 0x7ffe931edbf0, 2
98
SYSCALL
analyzed_bin
writev
108
1, 0x7ffe931edbf0, 2
52
SYSCALL
analyzed_bin
writev
108
1, 0x7ffe931edbf0, 2
98
SYSCALL
analyzed_bin
writev
108
1, 0x7ffe931edbf0, 2
52
SYSCALL
analyzed_bin
writev
108
1, 0x7ffe931edbf0, 2
98
SYSCALL
analyzed_bin
writev
108
1, 0x7ffe931edbf0, 2
52
SYSCALL
analyzed_bin
writev
108
1, 0x7ffe931edbf0, 2
98
SYSCALL
analyzed_bin
writev
108
1, 0x7ffe931edbf0, 2
52
SYSCALL
analyzed_bin
writev
108
1, 0x7ffe931edbf0, 2
98
SYSCALL
analyzed_bin
writev
108
1, 0x7ffe931edbf0, 2
52
SYSCALL
analyzed_bin
writev
108
1, 0x7ffe931edbf0, 2
98
SYSCALL
analyzed_bin
writev
108
1, 0x7ffe931edbf0, 2
52
SYSCALL
analyzed_bin
writev
108
1, 0x7ffe931edbf0, 2
98
SYSCALL
analyzed_bin
writev
108
1, 0x7ffe931edbf0, 2
52
SYSCALL
analyzed_bin
writev
108
1, 0x7ffe931edbf0, 2
98
SYSCALL
analyzed_bin
writev
108
1, 0x7ffe931edbf0, 2
52
SYSCALL
analyzed_bin
writev
108
1, 0x7ffe931edbf0, 2
98
SYSCALL
analyzed_bin
writev
108
1, 0x7ffe931edbf0, 2
52
SYSCALL
analyzed_bin
writev
108
1, 0x7ffe931edbf0, 2
98
SYSCALL
analyzed_bin
writev
108
1, 0x7ffe931edbf0, 2
52
SYSCALL
analyzed_bin
writev
108
1, 0x7ffe931edbf0, 2
98
SYSCALL
analyzed_bin
writev
108
1, 0x7ffe931edbf0, 2
52
SYSCALL
analyzed_bin
writev
108
1, 0x7ffe931edbf0, 2
98
SYSCALL
analyzed_bin
writev
108
1, 0x7ffe931edbf0, 2
52
SYSCALL
analyzed_bin
writev
108
1, 0x7ffe931edbf0, 2
98
SYSCALL
analyzed_bin
writev
108
1, 0x7ffe931edbf0, 2
52
SYSCALL
analyzed_bin
writev
108
1, 0x7ffe931edbf0, 2
98
SYSCALL
analyzed_bin
writev
108
1, 0x7ffe931edbf0, 2
52
SYSCALL
analyzed_bin
writev
108
1, 0x7ffe931edbf0, 2
98
SYSCALL
analyzed_bin
writev
108
1, 0x7ffe931edbf0, 2
52
SYSCALL
analyzed_bin
writev
108
1, 0x7ffe931edbf0, 2
98
SYSCALL
analyzed_bin
writev
108
1, 0x7ffe931edbf0, 2
52
SYSCALL
analyzed_bin
writev
108
1, 0x7ffe931edbf0, 2
98
SYSCALL
analyzed_bin
writev
108
1, 0x7ffe931edbf0, 2
52
SYSCALL
analyzed_bin
writev
108
1, 0x7ffe931edbf0, 2
98
SYSCALL
analyzed_bin
writev
108
1, 0x7ffe931edbf0, 2
52
SYSCALL
analyzed_bin
writev
108
1, 0x7ffe931edbf0, 2
98
SYSCALL
analyzed_bin
writev
108
1, 0x7ffe931edbf0, 2
52
SYSCALL
analyzed_bin
writev
108
1, 0x7ffe931edbf0, 2
98
SYSCALL
analyzed_bin
writev
108
1, 0x7ffe931edbf0, 2
52
SYSCALL
analyzed_bin
writev
108
1, 0x7ffe931edbf0, 2
98
SYSCALL
analyzed_bin
writev
108
1, 0x7ffe931edbf0, 2
52
SYSCALL
analyzed_bin
writev
108
1, 0x7ffe931edbf0, 2
98
SYSCALL
analyzed_bin
writev
108
1, 0x7ffe931edbf0, 2
52
SYSCALL
analyzed_bin
writev
108
1, 0x7ffe931edbf0, 2
98
SYSCALL
analyzed_bin
writev
108
1, 0x7ffe931edbf0, 2
52
SYSCALL
analyzed_bin
writev
108
1, 0x7ffe931edbf0, 2
98
SYSCALL
analyzed_bin
writev
108
1, 0x7ffe931edbf0, 2
52
SYSCALL
analyzed_bin
writev
108
1, 0x7ffe931edbf0, 2
98
SYSCALL
analyzed_bin
writev
108
1, 0x7ffe931edbf0, 2
52
SYSCALL
analyzed_bin
writev
108
1, 0x7ffe931edbf0, 2
98
SYSCALL
analyzed_bin
writev
108
1, 0x7ffe931edbf0, 2
52
SYSCALL
analyzed_bin
writev
108
1, 0x7ffe931edbf0, 2
98
SYSCALL
analyzed_bin
writev
108
1, 0x7ffe931edbf0, 2
52
SYSCALL
analyzed_bin
writev
108
1, 0x7ffe931edbf0, 2
98
SYSCALL
analyzed_bin
writev
108
1, 0x7ffe931edbf0, 2
52
SYSCALL
analyzed_bin
writev
108
1, 0x7ffe931edbf0, 2
98
SYSCALL
analyzed_bin
writev
108
1, 0x7ffe931edbf0, 2
52
SYSCALL
analyzed_bin
writev
108
1, 0x7ffe931edbf0, 2
98
SYSCALL
analyzed_bin
writev
108
1, 0x7ffe931edbf0, 2
52
SYSCALL
analyzed_bin
writev
108
1, 0x7ffe931edbf0, 2
98
SYSCALL
analyzed_bin
writev
108
1, 0x7ffe931edbf0, 2
52
SYSCALL
analyzed_bin
writev
108
1, 0x7ffe931edbf0, 2
98
SYSCALL
analyzed_bin
writev
108
1, 0x7ffe931edbf0, 2
52
SYSCALL
analyzed_bin
writev
108
1, 0x7ffe931edbf0, 2
98
SYSCALL
analyzed_bin
writev
108
1, 0x7ffe931edbf0, 2
52
SYSCALL
analyzed_bin
writev
108
1, 0x7ffe931edbf0, 2
98
SYSCALL
analyzed_bin
writev
108
1, 0x7ffe931edbf0, 2
52
SYSCALL
analyzed_bin
writev
108
1, 0x7ffe931edbf0, 2
98
SYSCALL
analyzed_bin
writev
108
1, 0x7ffe931edbf0, 2
52
SYSCALL
analyzed_bin
writev
108
1, 0x7ffe931edbf0, 2
98
SYSCALL
analyzed_bin
writev
108
1, 0x7ffe931edbf0, 2
52
SYSCALL
analyzed_bin
writev
108
1, 0x7ffe931edbf0, 2
98
SYSCALL
analyzed_bin
writev
108
1, 0x7ffe931edbf0, 2
52
SYSCALL
analyzed_bin
writev
108
1, 0x7ffe931edbf0, 2
98
SYSCALL
analyzed_bin
writev
108
1, 0x7ffe931edbf0, 2
52
SYSCALL
analyzed_bin
writev
108
1, 0x7ffe931edbf0, 2
98
SYSCALL
analyzed_bin
writev
108
1, 0x7ffe931edbf0, 2
52
SYSCALL
analyzed_bin
writev
108
1, 0x7ffe931edbf0, 2
98
SYSCALL
analyzed_bin
writev
108
1, 0x7ffe931edbf0, 2
52
SYSCALL
analyzed_bin
writev
108
1, 0x7ffe931edbf0, 2
98
SYSCALL
analyzed_bin
writev
108
1, 0x7ffe931edbf0, 2
52
SYSCALL
analyzed_bin
writev
108
1, 0x7ffe931edbf0, 2
98
SYSCALL
analyzed_bin
writev
108
1, 0x7ffe931edbf0, 2
52
SYSCALL
analyzed_bin
writev
108
1, 0x7ffe931edbf0, 2
98
SYSCALL
analyzed_bin
writev
108
1, 0x7ffe931edbf0, 2
52
SYSCALL
analyzed_bin
writev
108
1, 0x7ffe931edbf0, 2
98
SYSCALL
analyzed_bin
writev
108
1, 0x7ffe931edbf0, 2
52
SYSCALL
analyzed_bin
writev
108
1, 0x7ffe931edbf0, 2
98
SYSCALL
analyzed_bin
writev
108
1, 0x7ffe931edbf0, 2
52
SYSCALL
analyzed_bin
writev
108
1, 0x7ffe931edbf0, 2
98
SYSCALL
analyzed_bin
writev
108
1, 0x7ffe931edbf0, 2
52
SYSCALL
analyzed_bin
writev
108
1, 0x7ffe931edbf0, 2
98
SYSCALL
analyzed_bin
writev
108
1, 0x7ffe931edbf0, 2
52
SYSCALL
analyzed_bin
writev
108
1, 0x7ffe931edbf0, 2
98
SYSCALL
analyzed_bin
writev
108
1, 0x7ffe931edbf0, 2
52
SYSCALL
analyzed_bin
writev
108
1, 0x7ffe931edbf0, 2
98
SYSCALL
analyzed_bin
writev
108
1, 0x7ffe931edbf0, 2
52
SYSCALL
analyzed_bin
writev
108
1, 0x7ffe931edbf0, 2
98
SYSCALL
analyzed_bin
writev
108
1, 0x7ffe931edbf0, 2
52
SYSCALL
analyzed_bin
writev
108
1, 0x7ffe931edbf0, 2
98
SYSCALL
analyzed_bin
writev
108
1, 0x7ffe931edbf0, 2
52
SYSCALL
analyzed_bin
writev
108
1, 0x7ffe931edbf0, 2
98
SYSCALL
analyzed_bin
writev
108
1, 0x7ffe931edbf0, 2
52
SYSCALL
analyzed_bin
writev
108
1, 0x7ffe931edbf0, 2
98
SYSCALL
analyzed_bin
writev
108
1, 0x7ffe931edbf0, 2
52
SYSCALL
analyzed_bin
writev
108
1, 0x7ffe931edbf0, 2
98
SYSCALL
analyzed_bin
writev
108
1, 0x7ffe931edbf0, 2
52
SYSCALL
analyzed_bin
writev
108
1, 0x7ffe931edbf0, 2
98
SYSCALL
analyzed_bin
writev
108
1, 0x7ffe931edbf0, 2
52
SYSCALL
analyzed_bin
writev
108
1, 0x7ffe931edbf0, 2
98
SYSCALL
analyzed_bin
writev
108
1, 0x7ffe931edbf0, 2
52
SYSCALL
analyzed_bin
writev
108
1, 0x7ffe931edbf0, 2
98
SYSCALL
analyzed_bin
writev
108
1, 0x7ffe931edbf0, 2
52
SYSCALL
analyzed_bin
writev
108
1, 0x7ffe931edbf0, 2
98
SYSCALL
analyzed_bin
writev
108
1, 0x7ffe931edbf0, 2
52
SYSCALL
analyzed_bin
writev
108
1, 0x7ffe931edbf0, 2
98
SYSCALL
analyzed_bin
writev
108
1, 0x7ffe931edbf0, 2
52
SYSCALL
analyzed_bin
writev
108
1, 0x7ffe931edbf0, 2
98
SYSCALL
analyzed_bin
writev
108
1, 0x7ffe931edbf0, 2
52
SYSCALL
analyzed_bin
writev
108
1, 0x7ffe931edbf0, 2
98
SYSCALL
analyzed_bin
writev
108
1, 0x7ffe931edbf0, 2
52
SYSCALL
analyzed_bin
writev
108
1, 0x7ffe931edbf0, 2
98
SYSCALL
analyzed_bin
writev
108
1, 0x7ffe931edbf0, 2
52
SYSCALL
analyzed_bin
writev
108
1, 0x7ffe931edbf0, 2
98
SYSCALL
analyzed_bin
writev
108
1, 0x7ffe931edbf0, 2
52
SYSCALL
analyzed_bin
writev
108
1, 0x7ffe931edbf0, 2
98
SYSCALL
analyzed_bin
writev
108
1, 0x7ffe931edbf0, 2
52
SYSCALL
analyzed_bin
writev
108
1, 0x7ffe931edbf0, 2
98
SYSCALL
analyzed_bin
writev
108
1, 0x7ffe931edbf0, 2
52
SYSCALL
analyzed_bin
writev
108
1, 0x7ffe931edbf0, 2
98
SYSCALL
analyzed_bin
writev
108
1, 0x7ffe931edbf0, 2
52
SYSCALL
analyzed_bin
writev
108
1, 0x7ffe931edbf0, 2
98
SYSCALL
analyzed_bin
writev
108
1, 0x7ffe931edbf0, 2
52
SYSCALL
analyzed_bin
writev
108
1, 0x7ffe931edbf0, 2
98
SYSCALL
analyzed_bin
writev
108
1, 0x7ffe931edbf0, 2
52
SYSCALL
analyzed_bin
writev
108
1, 0x7ffe931edbf0, 2
98
SYSCALL
analyzed_bin
writev
108
1, 0x7ffe931edbf0, 2
52
SYSCALL
analyzed_bin
writev
108
1, 0x7ffe931edbf0, 2
98
SYSCALL
analyzed_bin
writev
108
1, 0x7ffe931edbf0, 2
52
SYSCALL
analyzed_bin
writev
108
1, 0x7ffe931edbf0, 2
98
SYSCALL
analyzed_bin
writev
108
1, 0x7ffe931edbf0, 2
52
SYSCALL
analyzed_bin
writev
108
1, 0x7ffe931edbf0, 2
98
SYSCALL
analyzed_bin
writev
108
1, 0x7ffe931edbf0, 2
52
SYSCALL
analyzed_bin
writev
108
1, 0x7ffe931edbf0, 2
98
SYSCALL
analyzed_bin
writev
108
1, 0x7ffe931edbf0, 2
52
SYSCALL
analyzed_bin
writev
108
1, 0x7ffe931edbf0, 2
98
SYSCALL
analyzed_bin
writev
108
1, 0x7ffe931edbf0, 2
52
SYSCALL
analyzed_bin
writev
108
1, 0x7ffe931edbf0, 2
98
SYSCALL
analyzed_bin
writev
108
1, 0x7ffe931edbf0, 2
52
SYSCALL
analyzed_bin
writev
108
1, 0x7ffe931edbf0, 2
98
SYSCALL
analyzed_bin
writev
108
1, 0x7ffe931edbf0, 2
52
SYSCALL
analyzed_bin
writev
108
1, 0x7ffe931edbf0, 2
98
SYSCALL
analyzed_bin
writev
108
1, 0x7ffe931edbf0, 2
52
SYSCALL
analyzed_bin
writev
108
1, 0x7ffe931edbf0, 2
98
SYSCALL
analyzed_bin
writev
108
1, 0x7ffe931edbf0, 2
52
SYSCALL
analyzed_bin
writev
108
1, 0x7ffe931edbf0, 2
98
SYSCALL
analyzed_bin
writev
108
1, 0x7ffe931edbf0, 2
52
SYSCALL
analyzed_bin
writev
108
1, 0x7ffe931edbf0, 2
98
SYSCALL
analyzed_bin
writev
108
1, 0x7ffe931edbf0, 2
52
SYSCALL
analyzed_bin
writev
108
1, 0x7ffe931edbf0, 2
98
SYSCALL
analyzed_bin
writev
108
1, 0x7ffe931edbf0, 2
52
SYSCALL
analyzed_bin
writev
108
1, 0x7ffe931edbf0, 2
98
SYSCALL
analyzed_bin
writev
108
1, 0x7ffe931edbf0, 2
52
SYSCALL
analyzed_bin
writev
108
1, 0x7ffe931edbf0, 2
98
SYSCALL
analyzed_bin
writev
108
1, 0x7ffe931edbf0, 2
52
SYSCALL
analyzed_bin
writev
108
1, 0x7ffe931edbf0, 2
98
SYSCALL
analyzed_bin
writev
108
1, 0x7ffe931edbf0, 2
52
SYSCALL
analyzed_bin
writev
108
1, 0x7ffe931edbf0, 2
98
SYSCALL
analyzed_bin
writev
108
1, 0x7ffe931edbf0, 2
52
SYSCALL
analyzed_bin
writev
108
1, 0x7ffe931edbf0, 2
98
SYSCALL
analyzed_bin
writev
108
1, 0x7ffe931edbf0, 2
52
SYSCALL
analyzed_bin
writev
108
1, 0x7ffe931edbf0, 2
98
SYSCALL
analyzed_bin
writev
108
1, 0x7ffe931edbf0, 2
52
SYSCALL
analyzed_bin
writev
108
1, 0x7ffe931edbf0, 2
98
SYSCALL
analyzed_bin
writev
108
1, 0x7ffe931edbf0, 2
52
SYSCALL
analyzed_bin
writev
108
1, 0x7ffe931edbf0, 2
98
SYSCALL
analyzed_bin
writev
108
1, 0x7ffe931edbf0, 2
52
SYSCALL
analyzed_bin
writev
108
1, 0x7ffe931edbf0, 2
98
SYSCALL
analyzed_bin
writev
108
1, 0x7ffe931edbf0, 2
52
SYSCALL
analyzed_bin
writev
108
1, 0x7ffe931edbf0, 2
98
SYSCALL
analyzed_bin
writev
108
1, 0x7ffe931edbf0, 2
52
SYSCALL
analyzed_bin
writev
108
1, 0x7ffe931edbf0, 2
98
SYSCALL
analyzed_bin
writev
108
1, 0x7ffe931edbf0, 2
52
SYSCALL
analyzed_bin
writev
108
1, 0x7ffe931edbf0, 2
98
SYSCALL
analyzed_bin
writev
108
1, 0x7ffe931edbf0, 2
52
SYSCALL
analyzed_bin
writev
108
1, 0x7ffe931edbf0, 2
98
SYSCALL
analyzed_bin
writev
108
1, 0x7ffe931edbf0, 2
52
SYSCALL
analyzed_bin
writev
108
1, 0x7ffe931edbf0, 2
98
SYSCALL
analyzed_bin
writev
108
1, 0x7ffe931edbf0, 2
52
SYSCALL
analyzed_bin
writev
108
1, 0x7ffe931edbf0, 2
98
SYSCALL
analyzed_bin
writev
108
1, 0x7ffe931edbf0, 2
52
SYSCALL
analyzed_bin
writev
108
1, 0x7ffe931edbf0, 2
98
SYSCALL
analyzed_bin
writev
108
1, 0x7ffe931edbf0, 2
52
SYSCALL
analyzed_bin
writev
108
1, 0x7ffe931edbf0, 2
98
SYSCALL
analyzed_bin
writev
108
1, 0x7ffe931edbf0, 2
52
SYSCALL
analyzed_bin
writev
108
1, 0x7ffe931edbf0, 2
98
SYSCALL
analyzed_bin
writev
108
1, 0x7ffe931edbf0, 2
52
SYSCALL
analyzed_bin
writev
108
1, 0x7ffe931edbf0, 2
98
SYSCALL
analyzed_bin
writev
108
1, 0x7ffe931edbf0, 2
52
SYSCALL
analyzed_bin
writev
108
1, 0x7ffe931edbf0, 2
98
SYSCALL
analyzed_bin
writev
108
1, 0x7ffe931edbf0, 2
52
SYSCALL
analyzed_bin
writev
108
1, 0x7ffe931edbf0, 2
98
SYSCALL
analyzed_bin
writev
108
1, 0x7ffe931edbf0, 2
52
SYSCALL
analyzed_bin
writev
108
1, 0x7ffe931edbf0, 2
98
SYSCALL
analyzed_bin
writev
108
1, 0x7ffe931edbf0, 2
52
SYSCALL
analyzed_bin
writev
108
1, 0x7ffe931edbf0, 2
98
SYSCALL
analyzed_bin
writev
108
1, 0x7ffe931edbf0, 2
52
SYSCALL
analyzed_bin
writev
108
1, 0x7ffe931edbf0, 2
98
SYSCALL
analyzed_bin
writev
108
1, 0x7ffe931edbf0, 2
52
SYSCALL
analyzed_bin
writev
108
1, 0x7ffe931edbf0, 2
98
SYSCALL
analyzed_bin
writev
108
1, 0x7ffe931edbf0, 2
52
SYSCALL
analyzed_bin
writev
108
1, 0x7ffe931edbf0, 2
98
SYSCALL
analyzed_bin
writev
108
1, 0x7ffe931edbf0, 2
52
SYSCALL
analyzed_bin
writev
108
1, 0x7ffe931edbf0, 2
98
SYSCALL
analyzed_bin
writev
108
1, 0x7ffe931edbf0, 2
52
SYSCALL
analyzed_bin
writev
108
1, 0x7ffe931edbf0, 2
98
SYSCALL
analyzed_bin
writev
108
1, 0x7ffe931edbf0, 2
52
SYSCALL
analyzed_bin
writev
108
1, 0x7ffe931edbf0, 2
98
SYSCALL
analyzed_bin
writev
108
1, 0x7ffe931edbf0, 2
52
SYSCALL
analyzed_bin
writev
108
1, 0x7ffe931edbf0, 2
98
SYSCALL
analyzed_bin
writev
108
1, 0x7ffe931edbf0, 2
52
SYSCALL
analyzed_bin
writev
108
1, 0x7ffe931edbf0, 2
98
SYSCALL
analyzed_bin
writev
108
1, 0x7ffe931edbf0, 2
52
SYSCALL
analyzed_bin
writev
108
1, 0x7ffe931edbf0, 2
98
SYSCALL
analyzed_bin
writev
108
1, 0x7ffe931edbf0, 2
52
SYSCALL
analyzed_bin
writev
108
1, 0x7ffe931edbf0, 2
98
SYSCALL
analyzed_bin
writev
108
1, 0x7ffe931edbf0, 2
52
SYSCALL
analyzed_bin
writev
108
1, 0x7ffe931edbf0, 2
98
SYSCALL
analyzed_bin
writev
108
1, 0x7ffe931edbf0, 2
52
SYSCALL
analyzed_bin
writev
108
1, 0x7ffe931edbf0, 2
98
SYSCALL
analyzed_bin
writev
108
1, 0x7ffe931edbf0, 2
52
SYSCALL
analyzed_bin
writev
108
1, 0x7ffe931edbf0, 2
98
SYSCALL
analyzed_bin
writev
108
1, 0x7ffe931edbf0, 2
52
SYSCALL
analyzed_bin
writev
108
1, 0x7ffe931edbf0, 2
98
SYSCALL
analyzed_bin
writev
108
1, 0x7ffe931edbf0, 2
52
SYSCALL
analyzed_bin
writev
108
1, 0x7ffe931edbf0, 2
98
SYSCALL
analyzed_bin
writev
108
1, 0x7ffe931edbf0, 2
52
SYSCALL
analyzed_bin
writev
108
1, 0x7ffe931edbf0, 2
98
SYSCALL
analyzed_bin
writev
108
1, 0x7ffe931edbf0, 2
52
SYSCALL
analyzed_bin
writev
108
1, 0x7ffe931edbf0, 2
98
SYSCALL
analyzed_bin
writev
108
1, 0x7ffe931edbf0, 2
52
SYSCALL
analyzed_bin
writev
108
1, 0x7ffe931edbf0, 2
98
SYSCALL
analyzed_bin
writev
108
1, 0x7ffe931edbf0, 2
52
SYSCALL
analyzed_bin
writev
108
1, 0x7ffe931edbf0, 2
98
SYSCALL
analyzed_bin
writev
108
1, 0x7ffe931edbf0, 2
52
SYSCALL
analyzed_bin
writev
108
1, 0x7ffe931edbf0, 2
98
SYSCALL
analyzed_bin
writev
108
1, 0x7ffe931edbf0, 2
52
SYSCALL
analyzed_bin
writev
108
1, 0x7ffe931edbf0, 2
98
SYSCALL
analyzed_bin
writev
108
1, 0x7ffe931edbf0, 2
52
SYSCALL
analyzed_bin
writev
108
1, 0x7ffe931edbf0, 2
98
SYSCALL
analyzed_bin
writev
108
1, 0x7ffe931edbf0, 2
52
SYSCALL
analyzed_bin
writev
108
1, 0x7ffe931edbf0, 2
98
SYSCALL
analyzed_bin
writev
108
1, 0x7ffe931edbf0, 2
52
SYSCALL
analyzed_bin
writev
108
1, 0x7ffe931edbf0, 2
98
SYSCALL
analyzed_bin
writev
108
1, 0x7ffe931edbf0, 2
52
SYSCALL
analyzed_bin
writev
108
1, 0x7ffe931edbf0, 2
98
SYSCALL
analyzed_bin
writev
108
1, 0x7ffe931edbf0, 2
52
SYSCALL
analyzed_bin
writev
108
1, 0x7ffe931edbf0, 2
98
SYSCALL
analyzed_bin
writev
108
1, 0x7ffe931edbf0, 2
52
SYSCALL
analyzed_bin
writev
108
1, 0x7ffe931edbf0, 2
98
SYSCALL
analyzed_bin
writev
108
1, 0x7ffe931edbf0, 2
52
SYSCALL
analyzed_bin
writev
108
1, 0x7ffe931edbf0, 2
98
SYSCALL
analyzed_bin
writev
108
1, 0x7ffe931edbf0, 2
52
SYSCALL
analyzed_bin
writev
108
1, 0x7ffe931edbf0, 2
98
SYSCALL
analyzed_bin
writev
108
1, 0x7ffe931edbf0, 2
52
SYSCALL
analyzed_bin
writev
108
1, 0x7ffe931edbf0, 2
98
SYSCALL
analyzed_bin
writev
108
1, 0x7ffe931edbf0, 2
52
SYSCALL
analyzed_bin
writev
108
1, 0x7ffe931edbf0, 2
98
SYSCALL
analyzed_bin
writev
108
1, 0x7ffe931edbf0, 2
52
SYSCALL
analyzed_bin
writev
108
1, 0x7ffe931edbf0, 2
98
SYSCALL
analyzed_bin
writev
108
1, 0x7ffe931edbf0, 2
52
SYSCALL
analyzed_bin
writev
108
1, 0x7ffe931edbf0, 2
98
SYSCALL
analyzed_bin
writev
108
1, 0x7ffe931edbf0, 2
52
SYSCALL
analyzed_bin
writev
108
1, 0x7ffe931edbf0, 2
98
SYSCALL
analyzed_bin
writev
108
1, 0x7ffe931edbf0, 2
52
SYSCALL
analyzed_bin
writev
108
1, 0x7ffe931edbf0, 2
98
SYSCALL
analyzed_bin
writev
108
1, 0x7ffe931edbf0, 2
52
SYSCALL
analyzed_bin
writev
108
1, 0x7ffe931edbf0, 2
98
SYSCALL
analyzed_bin
writev
108
1, 0x7ffe931edbf0, 2
52
SYSCALL
analyzed_bin
writev
108
1, 0x7ffe931edbf0, 2
98
SYSCALL
analyzed_bin
writev
108
1, 0x7ffe931edbf0, 2
52
SYSCALL
analyzed_bin
writev
108
1, 0x7ffe931edbf0, 2
98
SYSCALL
analyzed_bin
writev
108
1, 0x7ffe931edbf0, 2
52
SYSCALL
analyzed_bin
writev
108
1, 0x7ffe931edbf0, 2
98
SYSCALL
analyzed_bin
writev
108
1, 0x7ffe931edbf0, 2
52
SYSCALL
analyzed_bin
writev
108
1, 0x7ffe931edbf0, 2
98
SYSCALL
analyzed_bin
writev
108
1, 0x7ffe931edbf0, 2
52
SYSCALL
analyzed_bin
writev
108
1, 0x7ffe931edbf0, 2
98
SYSCALL
analyzed_bin
writev
108
1, 0x7ffe931edbf0, 2
52
SYSCALL
analyzed_bin
writev
108
1, 0x7ffe931edbf0, 2
98
SYSCALL
analyzed_bin
writev
108
1, 0x7ffe931edbf0, 2
52
SYSCALL
analyzed_bin
writev
108
1, 0x7ffe931edbf0, 2
98
SYSCALL
analyzed_bin
writev
108
1, 0x7ffe931edbf0, 2
52
SYSCALL
analyzed_bin
writev
108
1, 0x7ffe931edbf0, 2
98
SYSCALL
analyzed_bin
writev
108
1, 0x7ffe931edbf0, 2
52
SYSCALL
analyzed_bin
writev
108
1, 0x7ffe931edbf0, 2
98
SYSCALL
analyzed_bin
writev
108
1, 0x7ffe931edbf0, 2
52
SYSCALL
analyzed_bin
writev
108
1, 0x7ffe931edbf0, 2
98
SYSCALL
analyzed_bin
writev
108
1, 0x7ffe931edbf0, 2
52
SYSCALL
analyzed_bin
writev
108
1, 0x7ffe931edbf0, 2
98
SYSCALL
analyzed_bin
writev
108
1, 0x7ffe931edbf0, 2
52
SYSCALL
analyzed_bin
writev
108
1, 0x7ffe931edbf0, 2
98
SYSCALL
analyzed_bin
writev
108
1, 0x7ffe931edbf0, 2
52
SYSCALL
analyzed_bin
writev
108
1, 0x7ffe931edbf0, 2
98
SYSCALL
analyzed_bin
writev
108
1, 0x7ffe931edbf0, 2
52
SYSCALL
analyzed_bin
writev
108
1, 0x7ffe931edbf0, 2
98
SYSCALL
analyzed_bin
writev
108
1, 0x7ffe931edbf0, 2
52
SYSCALL
analyzed_bin
writev
108
1, 0x7ffe931edbf0, 2
98
SYSCALL
analyzed_bin
writev
108
1, 0x7ffe931edbf0, 2
52
SYSCALL
analyzed_bin
writev
108
1, 0x7ffe931edbf0, 2
98
SYSCALL
analyzed_bin
writev
108
1, 0x7ffe931edbf0, 2
52
SYSCALL
analyzed_bin
writev
108
1, 0x7ffe931edbf0, 2
98
SYSCALL
analyzed_bin
writev
108
1, 0x7ffe931edbf0, 2
52
SYSCALL
analyzed_bin
writev
108
1, 0x7ffe931edbf0, 2
98
SYSCALL
analyzed_bin
writev
108
1, 0x7ffe931edbf0, 2
52
SYSCALL
analyzed_bin
writev
108
1, 0x7ffe931edbf0, 2
98
SYSCALL
analyzed_bin
writev
108
1, 0x7ffe931edbf0, 2
52
SYSCALL
analyzed_bin
writev
108
1, 0x7ffe931edbf0, 2
98
SYSCALL
analyzed_bin
writev
108
1, 0x7ffe931edbf0, 2
52
SYSCALL
analyzed_bin
writev
108
1, 0x7ffe931edbf0, 2
98
SYSCALL
analyzed_bin
writev
108
1, 0x7ffe931edbf0, 2
52
SYSCALL
analyzed_bin
writev
108
1, 0x7ffe931edbf0, 2
98
SYSCALL
analyzed_bin
writev
108
1, 0x7ffe931edbf0, 2
52
SYSCALL
analyzed_bin
writev
108
1, 0x7ffe931edbf0, 2
98
SYSCALL
analyzed_bin
writev
108
1, 0x7ffe931edbf0, 2
52
SYSCALL
analyzed_bin
writev
108
1, 0x7ffe931edbf0, 2
98
SYSCALL
analyzed_bin
writev
108
1, 0x7ffe931edbf0, 2
52
SYSCALL
analyzed_bin
writev
108
1, 0x7ffe931edbf0, 2
98
SYSCALL
analyzed_bin
writev
108
1, 0x7ffe931edbf0, 2
52
SYSCALL
analyzed_bin
writev
108
1, 0x7ffe931edbf0, 2
98
SYSCALL
analyzed_bin
writev
108
1, 0x7ffe931edbf0, 2
52
SYSCALL
analyzed_bin
writev
108
1, 0x7ffe931edbf0, 2
98
SYSCALL
analyzed_bin
writev
108
1, 0x7ffe931edbf0, 2
52
SYSCALL
analyzed_bin
writev
108
1, 0x7ffe931edbf0, 2
98
SYSCALL
analyzed_bin
writev
108
1, 0x7ffe931edbf0, 2
52
SYSCALL
analyzed_bin
writev
108
1, 0x7ffe931edbf0, 2
98
SYSCALL
analyzed_bin
writev
108
1, 0x7ffe931edbf0, 2
52
SYSCALL
analyzed_bin
writev
108
1, 0x7ffe931edbf0, 2
98
SYSCALL
analyzed_bin
writev
108
1, 0x7ffe931edbf0, 2
52
SYSCALL
analyzed_bin
writev
108
1, 0x7ffe931edbf0, 2
98
SYSCALL
analyzed_bin
writev
108
1, 0x7ffe931edbf0, 2
52
SYSCALL
analyzed_bin
writev
108
1, 0x7ffe931edbf0, 2
98
SYSCALL
analyzed_bin
writev
108
1, 0x7ffe931edbf0, 2
52
SYSCALL
analyzed_bin
writev
108
1, 0x7ffe931edbf0, 2
98
SYSCALL
analyzed_bin
writev
108
1, 0x7ffe931edbf0, 2
52
SYSCALL
analyzed_bin
writev
108
1, 0x7ffe931edbf0, 2
98
SYSCALL
analyzed_bin
writev
108
1, 0x7ffe931edbf0, 2
52
SYSCALL
analyzed_bin
writev
108
1, 0x7ffe931edbf0, 2
98
SYSCALL
analyzed_bin
writev
108
1, 0x7ffe931edbf0, 2
52
SYSCALL
analyzed_bin
writev
108
1, 0x7ffe931edbf0, 2
98
SYSCALL
analyzed_bin
writev
108
1, 0x7ffe931edbf0, 2
52
SYSCALL
analyzed_bin
writev
108
1, 0x7ffe931edbf0, 2
98
SYSCALL
analyzed_bin
writev
108
1, 0x7ffe931edbf0, 2
52
SYSCALL
analyzed_bin
writev
108
1, 0x7ffe931edbf0, 2
98
SYSCALL
analyzed_bin
writev
108
1, 0x7ffe931edbf0, 2
52
SYSCALL
analyzed_bin
writev
108
1, 0x7ffe931edbf0, 2
98
SYSCALL
analyzed_bin
writev
108
1, 0x7ffe931edbf0, 2
52
SYSCALL
analyzed_bin
writev
108
1, 0x7ffe931edbf0, 2
98
SYSCALL
analyzed_bin
writev
108
1, 0x7ffe931edbf0, 2
52
SYSCALL
analyzed_bin
writev
108
1, 0x7ffe931edbf0, 2
98
SYSCALL
analyzed_bin
writev
108
1, 0x7ffe931edbf0, 2
52
SYSCALL
analyzed_bin
writev
108
1, 0x7ffe931edbf0, 2
98
SYSCALL
analyzed_bin
writev
108
1, 0x7ffe931edbf0, 2
52
SYSCALL
analyzed_bin
writev
108
1, 0x7ffe931edbf0, 2
98
SYSCALL
analyzed_bin
writev
108
1, 0x7ffe931edbf0, 2
52
SYSCALL
analyzed_bin
writev
108
1, 0x7ffe931edbf0, 2
98
SYSCALL
analyzed_bin
writev
108
1, 0x7ffe931edbf0, 2
52
SYSCALL
analyzed_bin
writev
108
1, 0x7ffe931edbf0, 2
98
SYSCALL
analyzed_bin
writev
108
1, 0x7ffe931edbf0, 2
52
SYSCALL
analyzed_bin
writev
108
1, 0x7ffe931edbf0, 2
98
SYSCALL
analyzed_bin
writev
108
1, 0x7ffe931edbf0, 2
52
SYSCALL
analyzed_bin
writev
108
1, 0x7ffe931edbf0, 2
98
SYSCALL
analyzed_bin
writev
108
1, 0x7ffe931edbf0, 2
52
SYSCALL
analyzed_bin
writev
108
1, 0x7ffe931edbf0, 2
98
SYSCALL
analyzed_bin
writev
108
1, 0x7ffe931edbf0, 2
52
SYSCALL
analyzed_bin
writev
108
1, 0x7ffe931edbf0, 2
98
SYSCALL
analyzed_bin
writev
108
1, 0x7ffe931edbf0, 2
52
SYSCALL
analyzed_bin
writev
108
1, 0x7ffe931edbf0, 2
98
SYSCALL
analyzed_bin
writev
108
1, 0x7ffe931edbf0, 2
52
SYSCALL
analyzed_bin
writev
108
1, 0x7ffe931edbf0, 2
98
SYSCALL
analyzed_bin
writev
108
1, 0x7ffe931edbf0, 2
52
SYSCALL
analyzed_bin
writev
108
1, 0x7ffe931edbf0, 2
98
SYSCALL
analyzed_bin
writev
108
1, 0x7ffe931edbf0, 2
52
SYSCALL
analyzed_bin
writev
108
1, 0x7ffe931edbf0, 2
98
SYSCALL
analyzed_bin
writev
108
1, 0x7ffe931edbf0, 2
52
SYSCALL
analyzed_bin
writev
108
1, 0x7ffe931edbf0, 2
98
SYSCALL
analyzed_bin
writev
108
1, 0x7ffe931edbf0, 2
52
SYSCALL
analyzed_bin
writev
108
1, 0x7ffe931edbf0, 2
98
SYSCALL
analyzed_bin
writev
108
1, 0x7ffe931edbf0, 2
52
SYSCALL
analyzed_bin
writev
108
1, 0x7ffe931edbf0, 2
98
SYSCALL
analyzed_bin
writev
108
1, 0x7ffe931edbf0, 2
52
SYSCALL
analyzed_bin
writev
108
1, 0x7ffe931edbf0, 2
98
SYSCALL
analyzed_bin
writev
108
1, 0x7ffe931edbf0, 2
52
SYSCALL
analyzed_bin
writev
108
1, 0x7ffe931edbf0, 2
98
SYSCALL
analyzed_bin
writev
108
1, 0x7ffe931edbf0, 2
52
SYSCALL
analyzed_bin
writev
108
1, 0x7ffe931edbf0, 2
98
SYSCALL
analyzed_bin
writev
108
1, 0x7ffe931edbf0, 2
52
SYSCALL
analyzed_bin
writev
108
1, 0x7ffe931edbf0, 2
98
SYSCALL
analyzed_bin
writev
108
1, 0x7ffe931edbf0, 2
52
SYSCALL
analyzed_bin
writev
108
1, 0x7ffe931edbf0, 2
98
SYSCALL
analyzed_bin
writev
108
1, 0x7ffe931edbf0, 2
52
SYSCALL
analyzed_bin
writev
108
1, 0x7ffe931edbf0, 2
98
SYSCALL
analyzed_bin
writev
108
1, 0x7ffe931edbf0, 2
52
SYSCALL
analyzed_bin
writev
108
1, 0x7ffe931edbf0, 2
98
SYSCALL
analyzed_bin
writev
108
1, 0x7ffe931edbf0, 2
52
SYSCALL
analyzed_bin
writev
108
1, 0x7ffe931edbf0, 2
98
SYSCALL
analyzed_bin
writev
108
1, 0x7ffe931edbf0, 2
52
SYSCALL
analyzed_bin
writev
108
1, 0x7ffe931edbf0, 2
98
SYSCALL
analyzed_bin
writev
108
1, 0x7ffe931edbf0, 2
52
SYSCALL
analyzed_bin
writev
108
1, 0x7ffe931edbf0, 2
98
SYSCALL
analyzed_bin
writev
108
1, 0x7ffe931edbf0, 2
52
SYSCALL
analyzed_bin
writev
108
1, 0x7ffe931edbf0, 2
98
SYSCALL
analyzed_bin
writev
108
1, 0x7ffe931edbf0, 2
52
SYSCALL
analyzed_bin
writev
108
1, 0x7ffe931edbf0, 2
98
SYSCALL
analyzed_bin
writev
108
1, 0x7ffe931edbf0, 2
52
SYSCALL
analyzed_bin
writev
108
1, 0x7ffe931edbf0, 2
98
SYSCALL
analyzed_bin
writev
108
1, 0x7ffe931edbf0, 2
52
SYSCALL
analyzed_bin
writev
108
1, 0x7ffe931edbf0, 2
98
SYSCALL
analyzed_bin
writev
108
1, 0x7ffe931edbf0, 2
52
SYSCALL
analyzed_bin
writev
108
1, 0x7ffe931edbf0, 2
98
SYSCALL
analyzed_bin
writev
108
1, 0x7ffe931edbf0, 2
52
SYSCALL
analyzed_bin
writev
108
1, 0x7ffe931edbf0, 2
98
SYSCALL
analyzed_bin
writev
108
1, 0x7ffe931edbf0, 2
52
SYSCALL
analyzed_bin
writev
108
1, 0x7ffe931edbf0, 2
98
SYSCALL
analyzed_bin
writev
108
1, 0x7ffe931edbf0, 2
52
SYSCALL
analyzed_bin
writev
108
1, 0x7ffe931edbf0, 2
98
SYSCALL
analyzed_bin
writev
108
1, 0x7ffe931edbf0, 2
52
SYSCALL
analyzed_bin
writev
108
1, 0x7ffe931edbf0, 2
98
SYSCALL
analyzed_bin
writev
108
1, 0x7ffe931edbf0, 2
52
SYSCALL
analyzed_bin
writev
108
1, 0x7ffe931edbf0, 2
98
SYSCALL
analyzed_bin
writev
108
1, 0x7ffe931edbf0, 2
52
SYSCALL
analyzed_bin
writev
108
1, 0x7ffe931edbf0, 2
98
SYSCALL
analyzed_bin
writev
108
1, 0x7ffe931edbf0, 2
52
SYSCALL
analyzed_bin
writev
108
1, 0x7ffe931edbf0, 2
98
SYSCALL
analyzed_bin
writev
108
1, 0x7ffe931edbf0, 2
52
SYSCALL
analyzed_bin
writev
108
1, 0x7ffe931edbf0, 2
98
SYSCALL
analyzed_bin
writev
108
1, 0x7ffe931edbf0, 2
52
SYSCALL
analyzed_bin
writev
108
1, 0x7ffe931edbf0, 2
98
SYSCALL
analyzed_bin
writev
108
1, 0x7ffe931edbf0, 2
52
SYSCALL
analyzed_bin
writev
108
1, 0x7ffe931edbf0, 2
98
SYSCALL
analyzed_bin
writev
108
1, 0x7ffe931edbf0, 2
52
SYSCALL
analyzed_bin
writev
108
1, 0x7ffe931edbf0, 2
98
SYSCALL
analyzed_bin
writev
108
1, 0x7ffe931edbf0, 2
52
SYSCALL
analyzed_bin
writev
108
1, 0x7ffe931edbf0, 2
98
SYSCALL
analyzed_bin
writev
108
1, 0x7ffe931edbf0, 2
52
SYSCALL
analyzed_bin
writev
108
1, 0x7ffe931edbf0, 2
98
SYSCALL
analyzed_bin
writev
108
1, 0x7ffe931edbf0, 2
52
SYSCALL
analyzed_bin
writev
108
1, 0x7ffe931edbf0, 2
98
SYSCALL
analyzed_bin
writev
108
1, 0x7ffe931edbf0, 2
52
SYSCALL
analyzed_bin
writev
108
1, 0x7ffe931edbf0, 2
98
SYSCALL
analyzed_bin
writev
108
1, 0x7ffe931edbf0, 2
52
SYSCALL
analyzed_bin
writev
108
1, 0x7ffe931edbf0, 2
98
SYSCALL
analyzed_bin
writev
108
1, 0x7ffe931edbf0, 2
52
SYSCALL
analyzed_bin
writev
108
1, 0x7ffe931edbf0, 2
98
SYSCALL
analyzed_bin
writev
108
1, 0x7ffe931edbf0, 2
52
SYSCALL
analyzed_bin
writev
108
1, 0x7ffe931edbf0, 2
98
SYSCALL
analyzed_bin
writev
108
1, 0x7ffe931edbf0, 2
52
SYSCALL
analyzed_bin
writev
108
1, 0x7ffe931edbf0, 2
98
SYSCALL
analyzed_bin
writev
108
1, 0x7ffe931edbf0, 2
52
SYSCALL
analyzed_bin
writev
108
1, 0x7ffe931edbf0, 2
98
SYSCALL
analyzed_bin
writev
108
1, 0x7ffe931edbf0, 2
52
SYSCALL
analyzed_bin
writev
108
1, 0x7ffe931edbf0, 2
98
SYSCALL
analyzed_bin
writev
108
1, 0x7ffe931edbf0, 2
52
SYSCALL
analyzed_bin
writev
108
1, 0x7ffe931edbf0, 2
98
SYSCALL
analyzed_bin
writev
108
1, 0x7ffe931edbf0, 2
52
SYSCALL
analyzed_bin
writev
108
1, 0x7ffe931edbf0, 2
98
SYSCALL
analyzed_bin
writev
108
1, 0x7ffe931edbf0, 2
52
SYSCALL
analyzed_bin
writev
108
1, 0x7ffe931edbf0, 2
98
SYSCALL
analyzed_bin
writev
108
1, 0x7ffe931edbf0, 2
52
SYSCALL
analyzed_bin
writev
108
1, 0x7ffe931edbf0, 2
98
SYSCALL
analyzed_bin
writev
108
1, 0x7ffe931edbf0, 2
52
SYSCALL
analyzed_bin
writev
108
1, 0x7ffe931edbf0, 2
98
SYSCALL
analyzed_bin
writev
108
1, 0x7ffe931edbf0, 2
52
SYSCALL
analyzed_bin
writev
108
1, 0x7ffe931edbf0, 2
98
SYSCALL
analyzed_bin
writev
108
1, 0x7ffe931edbf0, 2
52
SYSCALL
analyzed_bin
writev
108
1, 0x7ffe931edbf0, 2
98
SYSCALL
analyzed_bin
writev
108
1, 0x7ffe931edbf0, 2
52
SYSCALL
analyzed_bin
writev
108
1, 0x7ffe931edbf0, 2
98
SYSCALL
analyzed_bin
writev
108
1, 0x7ffe931edbf0, 2
52
SYSCALL
analyzed_bin
writev
108
1, 0x7ffe931edbf0, 2
98
SYSCALL
analyzed_bin
writev
108
1, 0x7ffe931edbf0, 2
52
SYSCALL
analyzed_bin
writev
108
1, 0x7ffe931edbf0, 2
98
SYSCALL
analyzed_bin
writev
108
1, 0x7ffe931edbf0, 2
52
SYSCALL
analyzed_bin
writev
108
1, 0x7ffe931edbf0, 2
98
SYSCALL
analyzed_bin
writev
108
1, 0x7ffe931edbf0, 2
52
SYSCALL
analyzed_bin
writev
108
1, 0x7ffe931edbf0, 2
98
SYSCALL
analyzed_bin
writev
108
1, 0x7ffe931edbf0, 2
52
SYSCALL
analyzed_bin
writev
108
1, 0x7ffe931edbf0, 2
98
SYSCALL
analyzed_bin
writev
108
1, 0x7ffe931edbf0, 2
52
SYSCALL
analyzed_bin
writev
108
1, 0x7ffe931edbf0, 2
98
SYSCALL
analyzed_bin
writev
108
1, 0x7ffe931edbf0, 2
52
SYSCALL
analyzed_bin
writev
108
1, 0x7ffe931edbf0, 2
98
SYSCALL
analyzed_bin
writev
108
1, 0x7ffe931edbf0, 2
52
SYSCALL
analyzed_bin
writev
108
1, 0x7ffe931edbf0, 2
98
SYSCALL
analyzed_bin
writev
108
1, 0x7ffe931edbf0, 2
52
SYSCALL
analyzed_bin
writev
108
1, 0x7ffe931edbf0, 2
98
SYSCALL
analyzed_bin
writev
108
1, 0x7ffe931edbf0, 2
52
SYSCALL
analyzed_bin
writev
108
1, 0x7ffe931edbf0, 2
98
SYSCALL
analyzed_bin
writev
108
1, 0x7ffe931edbf0, 2
52
SYSCALL
analyzed_bin
writev
108
1, 0x7ffe931edbf0, 2
98
SYSCALL
analyzed_bin
writev
108
1, 0x7ffe931edbf0, 2
52
SYSCALL
analyzed_bin
writev
108
1, 0x7ffe931edbf0, 2
98
SYSCALL
analyzed_bin
writev
108
1, 0x7ffe931edbf0, 2
52
SYSCALL
analyzed_bin
writev
108
1, 0x7ffe931edbf0, 2
98
SYSCALL
analyzed_bin
writev
108
1, 0x7ffe931edbf0, 2
52
SYSCALL
analyzed_bin
writev
108
1, 0x7ffe931edbf0, 2
98
SYSCALL
analyzed_bin
writev
108
1, 0x7ffe931edbf0, 2
52
SYSCALL
analyzed_bin
writev
108
1, 0x7ffe931edbf0, 2
98
SYSCALL
analyzed_bin
writev
108
1, 0x7ffe931edbf0, 2
52
SYSCALL
analyzed_bin
writev
108
1, 0x7ffe931edbf0, 2
98
SYSCALL
analyzed_bin
writev
108
1, 0x7ffe931edbf0, 2
52
SYSCALL
analyzed_bin
writev
108
1, 0x7ffe931edbf0, 2
98
SYSCALL
analyzed_bin
writev
108
1, 0x7ffe931edbf0, 2
52
SYSCALL
analyzed_bin
writev
108
1, 0x7ffe931edbf0, 2
98
SYSCALL
analyzed_bin
writev
108
1, 0x7ffe931edbf0, 2
52
SYSCALL
analyzed_bin
writev
108
1, 0x7ffe931edbf0, 2
98
SYSCALL
analyzed_bin
writev
108
1, 0x7ffe931edbf0, 2
52
SYSCALL
analyzed_bin
writev
108
1, 0x7ffe931edbf0, 2
98
SYSCALL
analyzed_bin
writev
108
1, 0x7ffe931edbf0, 2
52
SYSCALL
analyzed_bin
writev
108
1, 0x7ffe931edbf0, 2
98
SYSCALL
analyzed_bin
writev
108
1, 0x7ffe931edbf0, 2
52
SYSCALL
analyzed_bin
writev
108
1, 0x7ffe931edbf0, 2
98
SYSCALL
analyzed_bin
writev
108
1, 0x7ffe931edbf0, 2
52
SYSCALL
analyzed_bin
writev
108
1, 0x7ffe931edbf0, 2
98
SYSCALL
analyzed_bin
writev
108
1, 0x7ffe931edbf0, 2
52
SYSCALL
analyzed_bin
writev
108
1, 0x7ffe931edbf0, 2
98
SYSCALL
analyzed_bin
writev
108
1, 0x7ffe931edbf0, 2
52
SYSCALL
analyzed_bin
writev
108
1, 0x7ffe931edbf0, 2
98
SYSCALL
analyzed_bin
writev
108
1, 0x7ffe931edbf0, 2
52
SYSCALL
analyzed_bin
writev
108
1, 0x7ffe931edbf0, 2
98
SYSCALL
analyzed_bin
writev
108
1, 0x7ffe931edbf0, 2
52
SYSCALL
analyzed_bin
writev
108
1, 0x7ffe931edbf0, 2
98
SYSCALL
analyzed_bin
writev
108
1, 0x7ffe931edbf0, 2
52
SYSCALL
analyzed_bin
writev
108
1, 0x7ffe931edbf0, 2
98
SYSCALL
analyzed_bin
writev
108
1, 0x7ffe931edbf0, 2
52
SYSCALL
analyzed_bin
writev
108
1, 0x7ffe931edbf0, 2
98
SYSCALL
analyzed_bin
writev
108
1, 0x7ffe931edbf0, 2
52
SYSCALL
analyzed_bin
writev
108
1, 0x7ffe931edbf0, 2
98
SYSCALL
analyzed_bin
writev
108
1, 0x7ffe931edbf0, 2
52
SYSCALL
analyzed_bin
writev
108
1, 0x7ffe931edbf0, 2
98
SYSCALL
analyzed_bin
writev
108
1, 0x7ffe931edbf0, 2
52
SYSCALL
analyzed_bin
writev
108
1, 0x7ffe931edbf0, 2
98
SYSCALL
analyzed_bin
writev
108
1, 0x7ffe931edbf0, 2
52
SYSCALL
analyzed_bin
writev
108
1, 0x7ffe931edbf0, 2
98
SYSCALL
analyzed_bin
writev
108
1, 0x7ffe931edbf0, 2
52
SYSCALL
analyzed_bin
writev
108
1, 0x7ffe931edbf0, 2
98
SYSCALL
analyzed_bin
writev
108
1, 0x7ffe931edbf0, 2
52
SYSCALL
analyzed_bin
writev
108
1, 0x7ffe931edbf0, 2
98
SYSCALL
analyzed_bin
writev
108
1, 0x7ffe931edbf0, 2
52
SYSCALL
analyzed_bin
writev
108
1, 0x7ffe931edbf0, 2
98
SYSCALL
analyzed_bin
writev
108
1, 0x7ffe931edbf0, 2
52
SYSCALL
analyzed_bin
writev
108
1, 0x7ffe931edbf0, 2
98
SYSCALL
analyzed_bin
writev
108
1, 0x7ffe931edbf0, 2
52
SYSCALL
analyzed_bin
writev
108
1, 0x7ffe931edbf0, 2
98
SYSCALL
analyzed_bin
writev
108
1, 0x7ffe931edbf0, 2
52
SYSCALL
analyzed_bin
writev
108
1, 0x7ffe931edbf0, 2
98
SYSCALL
analyzed_bin
writev
108
1, 0x7ffe931edbf0, 2
52
SYSCALL
analyzed_bin
writev
108
1, 0x7ffe931edbf0, 2
98
SYSCALL
analyzed_bin
writev
108
1, 0x7ffe931edbf0, 2
52
SYSCALL
analyzed_bin
writev
108
1, 0x7ffe931edbf0, 2
98
SYSCALL
analyzed_bin
writev
108
1, 0x7ffe931edbf0, 2
52
SYSCALL
analyzed_bin
writev
108
1, 0x7ffe931edbf0, 2
98
SYSCALL
analyzed_bin
writev
108
1, 0x7ffe931edbf0, 2
52
SYSCALL
analyzed_bin
writev
108
1, 0x7ffe931edbf0, 2
98
SYSCALL
analyzed_bin
writev
108
1, 0x7ffe931edbf0, 2
52
SYSCALL
analyzed_bin
writev
108
1, 0x7ffe931edbf0, 2
98
SYSCALL
analyzed_bin
writev
108
1, 0x7ffe931edbf0, 2
52
SYSCALL
analyzed_bin
writev
108
1, 0x7ffe931edbf0, 2
98
SYSCALL
analyzed_bin
writev
108
1, 0x7ffe931edbf0, 2
52
SYSCALL
analyzed_bin
writev
108
1, 0x7ffe931edbf0, 2
98
SYSCALL
analyzed_bin
writev
108
1, 0x7ffe931edbf0, 2
52
SYSCALL
analyzed_bin
writev
108
1, 0x7ffe931edbf0, 2
98
SYSCALL
analyzed_bin
writev
108
1, 0x7ffe931edbf0, 2
52
SYSCALL
analyzed_bin
writev
108
1, 0x7ffe931edbf0, 2
98
SYSCALL
analyzed_bin
writev
108
1, 0x7ffe931edbf0, 2
52
SYSCALL
analyzed_bin
writev
108
1, 0x7ffe931edbf0, 2
98
SYSCALL
analyzed_bin
writev
108
1, 0x7ffe931edbf0, 2
52
SYSCALL
analyzed_bin
writev
108
1, 0x7ffe931edbf0, 2
98
SYSCALL
analyzed_bin
writev
108
1, 0x7ffe931edbf0, 2
52
SYSCALL
analyzed_bin
writev
108
1, 0x7ffe931edbf0, 2
98
SYSCALL
analyzed_bin
writev
108
1, 0x7ffe931edbf0, 2
52
SYSCALL
analyzed_bin
writev
108
1, 0x7ffe931edbf0, 2
98
SYSCALL
analyzed_bin
writev
108
1, 0x7ffe931edbf0, 2
52
SYSCALL
analyzed_bin
writev
108
1, 0x7ffe931edbf0, 2
98
SYSCALL
analyzed_bin
writev
108
1, 0x7ffe931edbf0, 2
52
SYSCALL
analyzed_bin
writev
108
1, 0x7ffe931edbf0, 2
98
SYSCALL
analyzed_bin
writev
108
1, 0x7ffe931edbf0, 2
52
SYSCALL
analyzed_bin
writev
108
1, 0x7ffe931edbf0, 2
98
SYSCALL
analyzed_bin
writev
108
1, 0x7ffe931edbf0, 2
52
SYSCALL
analyzed_bin
writev
108
1, 0x7ffe931edbf0, 2
98
SYSCALL
analyzed_bin
writev
108
1, 0x7ffe931edbf0, 2
52
SYSCALL
analyzed_bin
writev
108
1, 0x7ffe931edbf0, 2
98
SYSCALL
analyzed_bin
writev
108
1, 0x7ffe931edbf0, 2
52
SYSCALL
analyzed_bin
writev
108
1, 0x7ffe931edbf0, 2
98
SYSCALL
analyzed_bin
writev
108
1, 0x7ffe931edbf0, 2
52
SYSCALL
analyzed_bin
writev
108
1, 0x7ffe931edbf0, 2
98
SYSCALL
analyzed_bin
writev
108
1, 0x7ffe931edbf0, 2
52
SYSCALL
analyzed_bin
writev
108
1, 0x7ffe931edbf0, 2
98
SYSCALL
analyzed_bin
writev
108
1, 0x7ffe931edbf0, 2
52
SYSCALL
analyzed_bin
writev
108
1, 0x7ffe931edbf0, 2
98
SYSCALL
analyzed_bin
writev
108
1, 0x7ffe931edbf0, 2
52
SYSCALL
analyzed_bin
writev
108
1, 0x7ffe931edbf0, 2
98
SYSCALL
analyzed_bin
writev
108
1, 0x7ffe931edbf0, 2
52
SYSCALL
analyzed_bin
writev
108
1, 0x7ffe931edbf0, 2
98
SYSCALL
analyzed_bin
writev
108
1, 0x7ffe931edbf0, 2
52
SYSCALL
analyzed_bin
writev
108
1, 0x7ffe931edbf0, 2
98
SYSCALL
analyzed_bin
writev
108
1, 0x7ffe931edbf0, 2
52
SYSCALL
analyzed_bin
writev
108
1, 0x7ffe931edbf0, 2
98
SYSCALL
analyzed_bin
writev
108
1, 0x7ffe931edbf0, 2
52
SYSCALL
analyzed_bin
writev
108
1, 0x7ffe931edbf0, 2
98
SYSCALL
analyzed_bin
writev
108
1, 0x7ffe931edbf0, 2
52
SYSCALL
analyzed_bin
writev
108
1, 0x7ffe931edbf0, 2
98
SYSCALL
analyzed_bin
writev
108
1, 0x7ffe931edbf0, 2
52
SYSCALL
analyzed_bin
writev
108
1, 0x7ffe931edbf0, 2
98
SYSCALL
analyzed_bin
writev
108
1, 0x7ffe931edbf0, 2
52
SYSCALL
analyzed_bin
writev
108
1, 0x7ffe931edbf0, 2
98
SYSCALL
analyzed_bin
writev
108
1, 0x7ffe931edbf0, 2
52
SYSCALL
analyzed_bin
writev
108
1, 0x7ffe931edbf0, 2
98
SYSCALL
analyzed_bin
writev
108
1, 0x7ffe931edbf0, 2
52
SYSCALL
analyzed_bin
writev
108
1, 0x7ffe931edbf0, 2
98
SYSCALL
analyzed_bin
writev
108
1, 0x7ffe931edbf0, 2
52
SYSCALL
analyzed_bin
writev
108
1, 0x7ffe931edbf0, 2
98
SYSCALL
analyzed_bin
writev
108
1, 0x7ffe931edbf0, 2
52
SYSCALL
analyzed_bin
writev
108
1, 0x7ffe931edbf0, 2
98
SYSCALL
analyzed_bin
writev
108
1, 0x7ffe931edbf0, 2
52
SYSCALL
analyzed_bin
writev
108
1, 0x7ffe931edbf0, 2
98
SYSCALL
analyzed_bin
writev
108
1, 0x7ffe931edbf0, 2
52
SYSCALL
analyzed_bin
writev
108
1, 0x7ffe931edbf0, 2
98
SYSCALL
analyzed_bin
writev
108
1, 0x7ffe931edbf0, 2
52
SYSCALL
analyzed_bin
writev
108
1, 0x7ffe931edbf0, 2
98
SYSCALL
analyzed_bin
writev
108
1, 0x7ffe931edbf0, 2
52
SYSCALL
analyzed_bin
writev
108
1, 0x7ffe931edbf0, 2
98
SYSCALL
analyzed_bin
writev
108
1, 0x7ffe931edbf0, 2
52
SYSCALL
analyzed_bin
writev
108
1, 0x7ffe931edbf0, 2
98
SYSCALL
analyzed_bin
writev
108
1, 0x7ffe931edbf0, 2
52
SYSCALL
analyzed_bin
writev
108
1, 0x7ffe931edbf0, 2
98
SYSCALL
analyzed_bin
writev
108
1, 0x7ffe931edbf0, 2
52
SYSCALL
analyzed_bin
writev
108
1, 0x7ffe931edbf0, 2
98
SYSCALL
analyzed_bin
writev
108
1, 0x7ffe931edbf0, 2
52
SYSCALL
analyzed_bin
writev
108
1, 0x7ffe931edbf0, 2
98
SYSCALL
analyzed_bin
writev
108
1, 0x7ffe931edbf0, 2
52
SYSCALL
analyzed_bin
writev
108
1, 0x7ffe931edbf0, 2
98
SYSCALL
analyzed_bin
writev
108
1, 0x7ffe931edbf0, 2
52
SYSCALL
analyzed_bin
writev
108
1, 0x7ffe931edbf0, 2
98
SYSCALL
analyzed_bin
writev
108
1, 0x7ffe931edbf0, 2
52
SYSCALL
analyzed_bin
writev
108
1, 0x7ffe931edbf0, 2
98
SYSCALL
analyzed_bin
writev
108
1, 0x7ffe931edbf0, 2
52
SYSCALL
analyzed_bin
writev
108
1, 0x7ffe931edbf0, 2
98
SYSCALL
analyzed_bin
writev
108
1, 0x7ffe931edbf0, 2
52
SYSCALL
analyzed_bin
writev
108
1, 0x7ffe931edbf0, 2
98
SYSCALL
analyzed_bin
writev
108
1, 0x7ffe931edbf0, 2
52
SYSCALL
analyzed_bin
writev
108
1, 0x7ffe931edbf0, 2
98
SYSCALL
analyzed_bin
writev
108
1, 0x7ffe931edbf0, 2
52
SYSCALL
analyzed_bin
writev
108
1, 0x7ffe931edbf0, 2
98
SYSCALL
analyzed_bin
writev
108
1, 0x7ffe931edbf0, 2
52
SYSCALL
analyzed_bin
writev
108
1, 0x7ffe931edbf0, 2
98
SYSCALL
analyzed_bin
writev
108
1, 0x7ffe931edbf0, 2
52
SYSCALL
analyzed_bin
writev
108
1, 0x7ffe931edbf0, 2
98
SYSCALL
analyzed_bin
writev
108
1, 0x7ffe931edbf0, 2
52
SYSCALL
analyzed_bin
writev
108
1, 0x7ffe931edbf0, 2
98
SYSCALL
analyzed_bin
writev
108
1, 0x7ffe931edbf0, 2
52
SYSCALL
analyzed_bin
writev
108
1, 0x7ffe931edbf0, 2
98
SYSCALL
analyzed_bin
writev
108
1, 0x7ffe931edbf0, 2
52
SYSCALL
analyzed_bin
writev
108
1, 0x7ffe931edbf0, 2
98
SYSCALL
analyzed_bin
writev
108
1, 0x7ffe931edbf0, 2
52
SYSCALL
analyzed_bin
writev
108
1, 0x7ffe931edbf0, 2
98
SYSCALL
analyzed_bin
writev
108
1, 0x7ffe931edbf0, 2
52
SYSCALL
analyzed_bin
writev
108
1, 0x7ffe931edbf0, 2
98
SYSCALL
analyzed_bin
writev
108
1, 0x7ffe931edbf0, 2
52
SYSCALL
analyzed_bin
writev
108
1, 0x7ffe931edbf0, 2
98
SYSCALL
analyzed_bin
writev
108
1, 0x7ffe931edbf0, 2
52
SYSCALL
analyzed_bin
writev
108
1, 0x7ffe931edbf0, 2
98
SYSCALL
analyzed_bin
writev
108
1, 0x7ffe931edbf0, 2
52
SYSCALL
analyzed_bin
writev
108
1, 0x7ffe931edbf0, 2
98
SYSCALL
analyzed_bin
writev
108
1, 0x7ffe931edbf0, 2
52
SYSCALL
analyzed_bin
writev
108
1, 0x7ffe931edbf0, 2
98
SYSCALL
analyzed_bin
writev
108
1, 0x7ffe931edbf0, 2
52
SYSCALL
analyzed_bin
writev
108
1, 0x7ffe931edbf0, 2
98
SYSCALL
analyzed_bin
writev
108
1, 0x7ffe931edbf0, 2
52
SYSCALL
analyzed_bin
writev
108
1, 0x7ffe931edbf0, 2
98
SYSCALL
analyzed_bin
writev
108
1, 0x7ffe931edbf0, 2
52
SYSCALL
analyzed_bin
writev
108
1, 0x7ffe931edbf0, 2
98
SYSCALL
analyzed_bin
writev
108
1, 0x7ffe931edbf0, 2
52
SYSCALL
analyzed_bin
writev
108
1, 0x7ffe931edbf0, 2
98
SYSCALL
analyzed_bin
writev
108
1, 0x7ffe931edbf0, 2
52
SYSCALL
analyzed_bin
writev
108
1, 0x7ffe931edbf0, 2
98
SYSCALL
analyzed_bin
writev
108
1, 0x7ffe931edbf0, 2
52
SYSCALL
analyzed_bin
writev
108
1, 0x7ffe931edbf0, 2
98
SYSCALL
analyzed_bin
writev
108
1, 0x7ffe931edbf0, 2
52
SYSCALL
analyzed_bin
writev
108
1, 0x7ffe931edbf0, 2
98
SYSCALL
analyzed_bin
writev
108
1, 0x7ffe931edbf0, 2
52
SYSCALL
analyzed_bin
writev
108
1, 0x7ffe931edbf0, 2
98
SYSCALL
analyzed_bin
writev
108
1, 0x7ffe931edbf0, 2
52
SYSCALL
analyzed_bin
writev
108
1, 0x7ffe931edbf0, 2
98
SYSCALL
analyzed_bin
writev
108
1, 0x7ffe931edbf0, 2
52
SYSCALL
analyzed_bin
writev
108
1, 0x7ffe931edbf0, 2
98
SYSCALL
analyzed_bin
writev
108
1, 0x7ffe931edbf0, 2
52
SYSCALL
analyzed_bin
writev
108
1, 0x7ffe931edbf0, 2
98
SYSCALL
analyzed_bin
writev
108
1, 0x7ffe931edbf0, 2
52
SYSCALL
analyzed_bin
writev
108
1, 0x7ffe931edbf0, 2
98
SYSCALL
analyzed_bin
writev
108
1, 0x7ffe931edbf0, 2
52
SYSCALL
analyzed_bin
writev
108
1, 0x7ffe931edbf0, 2
98
SYSCALL
analyzed_bin
writev
108
1, 0x7ffe931edbf0, 2
52
SYSCALL
analyzed_bin
writev
108
1, 0x7ffe931edbf0, 2
98
SYSCALL
analyzed_bin
writev
108
1, 0x7ffe931edbf0, 2
52
SYSCALL
analyzed_bin
writev
108
1, 0x7ffe931edbf0, 2
98
SYSCALL
analyzed_bin
writev
108
1, 0x7ffe931edbf0, 2
52
SYSCALL
analyzed_bin
writev
108
1, 0x7ffe931edbf0, 2
98
SYSCALL
analyzed_bin
writev
108
1, 0x7ffe931edbf0, 2
52
SYSCALL
analyzed_bin
writev
108
1, 0x7ffe931edbf0, 2
98
SYSCALL
analyzed_bin
writev
108
1, 0x7ffe931edbf0, 2
52
SYSCALL
analyzed_bin
writev
108
1, 0x7ffe931edbf0, 2
98
SYSCALL
analyzed_bin
writev
108
1, 0x7ffe931edbf0, 2
52
SYSCALL
analyzed_bin
writev
108
1, 0x7ffe931edbf0, 2
98
SYSCALL
analyzed_bin
writev
108
1, 0x7ffe931edbf0, 2
52
SYSCALL
analyzed_bin
writev
108
1, 0x7ffe931edbf0, 2
98
SYSCALL
analyzed_bin
writev
108
1, 0x7ffe931edbf0, 2
52
SYSCALL
analyzed_bin
writev
108
1, 0x7ffe931edbf0, 2
98
SYSCALL
analyzed_bin
writev
108
1, 0x7ffe931edbf0, 2
52
SYSCALL
analyzed_bin
writev
108
1, 0x7ffe931edbf0, 2
98
SYSCALL
analyzed_bin
writev
108
1, 0x7ffe931edbf0, 2
52
SYSCALL
analyzed_bin
writev
108
1, 0x7ffe931edbf0, 2
98
SYSCALL
analyzed_bin
writev
108
1, 0x7ffe931edbf0, 2
52
SYSCALL
analyzed_bin
writev
108
1, 0x7ffe931edbf0, 2
98
SYSCALL
analyzed_bin
writev
108
1, 0x7ffe931edbf0, 2
52
SYSCALL
analyzed_bin
writev
108
1, 0x7ffe931edbf0, 2
98
SYSCALL
analyzed_bin
writev
108
1, 0x7ffe931edbf0, 2
52
SYSCALL
analyzed_bin
writev
108
1, 0x7ffe931edbf0, 2
98
SYSCALL
analyzed_bin
writev
108
1, 0x7ffe931edbf0, 2
52
SYSCALL
analyzed_bin
writev
108
1, 0x7ffe931edbf0, 2
98
SYSCALL
analyzed_bin
writev
108
1, 0x7ffe931edbf0, 2
52
SYSCALL
analyzed_bin
writev
108
1, 0x7ffe931edbf0, 2
98
SYSCALL
analyzed_bin
writev
108
1, 0x7ffe931edbf0, 2
52
SYSCALL
analyzed_bin
writev
108
1, 0x7ffe931edbf0, 2
98
SYSCALL
analyzed_bin
writev
108
1, 0x7ffe931edbf0, 2
52
SYSCALL
analyzed_bin
writev
108
1, 0x7ffe931edbf0, 2
98
SYSCALL
analyzed_bin
writev
108
1, 0x7ffe931edbf0, 2
52
SYSCALL
analyzed_bin
writev
108
1, 0x7ffe931edbf0, 2
98
SYSCALL
analyzed_bin
writev
108
1, 0x7ffe931edbf0, 2
52
SYSCALL
analyzed_bin
writev
108
1, 0x7ffe931edbf0, 2
98
SYSCALL
analyzed_bin
writev
108
1, 0x7ffe931edbf0, 2
52
SYSCALL
analyzed_bin
writev
108
1, 0x7ffe931edbf0, 2
98
SYSCALL
analyzed_bin
writev
108
1, 0x7ffe931edbf0, 2
52
SYSCALL
analyzed_bin
writev
108
1, 0x7ffe931edbf0, 2
98
SYSCALL
analyzed_bin
writev
108
1, 0x7ffe931edbf0, 2
52
SYSCALL
analyzed_bin
writev
108
1, 0x7ffe931edbf0, 2
98
SYSCALL
analyzed_bin
writev
108
1, 0x7ffe931edbf0, 2
52
SYSCALL
analyzed_bin
writev
108
1, 0x7ffe931edbf0, 2
98
SYSCALL
analyzed_bin
writev
108
1, 0x7ffe931edbf0, 2
52
SYSCALL
analyzed_bin
writev
108
1, 0x7ffe931edbf0, 2
98
SYSCALL
analyzed_bin
writev
108
1, 0x7ffe931edbf0, 2
52
SYSCALL
analyzed_bin
writev
108
1, 0x7ffe931edbf0, 2
98
SYSCALL
analyzed_bin
writev
108
1, 0x7ffe931edbf0, 2
52
SYSCALL
analyzed_bin
writev
108
1, 0x7ffe931edbf0, 2
98
SYSCALL
analyzed_bin
writev
108
1, 0x7ffe931edbf0, 2
52
SYSCALL
analyzed_bin
writev
108
1, 0x7ffe931edbf0, 2
98
SYSCALL
analyzed_bin
writev
108
1, 0x7ffe931edbf0, 2
52
SYSCALL
analyzed_bin
writev
108
1, 0x7ffe931edbf0, 2
98
SYSCALL
analyzed_bin
writev
108
1, 0x7ffe931edbf0, 2
52
SYSCALL
analyzed_bin
writev
108
1, 0x7ffe931edbf0, 2
98
SYSCALL
analyzed_bin
writev
108
1, 0x7ffe931edbf0, 2
52
SYSCALL
analyzed_bin
writev
108
1, 0x7ffe931edbf0, 2
98
SYSCALL
analyzed_bin
writev
108
1, 0x7ffe931edbf0, 2
52
SYSCALL
analyzed_bin
writev
108
1, 0x7ffe931edbf0, 2
98
SYSCALL
analyzed_bin
writev
108
1, 0x7ffe931edbf0, 2
52
SYSCALL
analyzed_bin
writev
108
1, 0x7ffe931edbf0, 2
98
SYSCALL
analyzed_bin
writev
108
1, 0x7ffe931edbf0, 2
52
SYSCALL
analyzed_bin
writev
108
1, 0x7ffe931edbf0, 2
98
SYSCALL
analyzed_bin
writev
108
1, 0x7ffe931edbf0, 2
52
SYSCALL
analyzed_bin
writev
108
1, 0x7ffe931edbf0, 2
98
SYSCALL
analyzed_bin
writev
108
1, 0x7ffe931edbf0, 2
52
SYSCALL
analyzed_bin
writev
108
1, 0x7ffe931edbf0, 2
98
SYSCALL
analyzed_bin
writev
108
1, 0x7ffe931edbf0, 2
52
SYSCALL
analyzed_bin
writev
108
1, 0x7ffe931edbf0, 2
98
SYSCALL
analyzed_bin
writev
108
1, 0x7ffe931edbf0, 2
52
SYSCALL
analyzed_bin
writev
108
1, 0x7ffe931edbf0, 2
98
SYSCALL
analyzed_bin
writev
108
1, 0x7ffe931edbf0, 2
52
SYSCALL
analyzed_bin
writev
108
1, 0x7ffe931edbf0, 2
98
SYSCALL
analyzed_bin
writev
108
1, 0x7ffe931edbf0, 2
52
SYSCALL
analyzed_bin
writev
108
1, 0x7ffe931edbf0, 2
98
SYSCALL
analyzed_bin
writev
108
1, 0x7ffe931edbf0, 2
52
SYSCALL
analyzed_bin
writev
108
1, 0x7ffe931edbf0, 2
98
SYSCALL
analyzed_bin
writev
108
1, 0x7ffe931edbf0, 2
52
SYSCALL
analyzed_bin
writev
108
1, 0x7ffe931edbf0, 2
98
SYSCALL
analyzed_bin
writev
108
1, 0x7ffe931edbf0, 2
52
SYSCALL
analyzed_bin
writev
108
1, 0x7ffe931edbf0, 2
98
SYSCALL
analyzed_bin
writev
108
1, 0x7ffe931edbf0, 2
52
SYSCALL
analyzed_bin
writev
108
1, 0x7ffe931edbf0, 2
98
SYSCALL
analyzed_bin
writev
108
1, 0x7ffe931edbf0, 2
52
SYSCALL
analyzed_bin
writev
108
1, 0x7ffe931edbf0, 2
98
SYSCALL
analyzed_bin
writev
108
1, 0x7ffe931edbf0, 2
52
SYSCALL
analyzed_bin
writev
108
1, 0x7ffe931edbf0, 2
98
SYSCALL
analyzed_bin
writev
108
1, 0x7ffe931edbf0, 2
52
SYSCALL
analyzed_bin
writev
108
1, 0x7ffe931edbf0, 2
98
SYSCALL
analyzed_bin
writev
108
1, 0x7ffe931edbf0, 2
52
SYSCALL
analyzed_bin
writev
108
1, 0x7ffe931edbf0, 2
98
SYSCALL
analyzed_bin
writev
108
1, 0x7ffe931edbf0, 2
52
SYSCALL
analyzed_bin
writev
108
1, 0x7ffe931edbf0, 2
98
SYSCALL
analyzed_bin
writev
108
1, 0x7ffe931edbf0, 2
52
SYSCALL
analyzed_bin
writev
108
1, 0x7ffe931edbf0, 2
98
SYSCALL
analyzed_bin
writev
108
1, 0x7ffe931edbf0, 2
52
SYSCALL
analyzed_bin
writev
108
1, 0x7ffe931edbf0, 2
98
SYSCALL
analyzed_bin
writev
108
1, 0x7ffe931edbf0, 2
52
SYSCALL
analyzed_bin
writev
108
1, 0x7ffe931edbf0, 2
98
SYSCALL
analyzed_bin
writev
108
1, 0x7ffe931edbf0, 2
52
SYSCALL
analyzed_bin
writev
108
1, 0x7ffe931edbf0, 2
98
SYSCALL
analyzed_bin
writev
108
1, 0x7ffe931edbf0, 2
52
SYSCALL
analyzed_bin
writev
108
1, 0x7ffe931edbf0, 2
98
SYSCALL
analyzed_bin
writev
108
1, 0x7ffe931edbf0, 2
52
SYSCALL
analyzed_bin
writev
108
1, 0x7ffe931edbf0, 2
98
SYSCALL
analyzed_bin
writev
108
1, 0x7ffe931edbf0, 2
52
SYSCALL
analyzed_bin
writev
108
1, 0x7ffe931edbf0, 2
98
SYSCALL
analyzed_bin
writev
108
1, 0x7ffe931edbf0, 2
52
SYSCALL
analyzed_bin
writev
108
1, 0x7ffe931edbf0, 2
98
SYSCALL
analyzed_bin
writev
108
1, 0x7ffe931edbf0, 2
52
SYSCALL
analyzed_bin
writev
108
1, 0x7ffe931edbf0, 2
98
SYSCALL
analyzed_bin
writev
108
1, 0x7ffe931edbf0, 2
52
SYSCALL
analyzed_bin
writev
108
1, 0x7ffe931edbf0, 2
98
SYSCALL
analyzed_bin
writev
108
1, 0x7ffe931edbf0, 2
52
SYSCALL
analyzed_bin
writev
108
1, 0x7ffe931edbf0, 2
98
SYSCALL
analyzed_bin
writev
108
1, 0x7ffe931edbf0, 2
52
SYSCALL
analyzed_bin
writev
108
1, 0x7ffe931edbf0, 2
98
SYSCALL
analyzed_bin
writev
108
1, 0x7ffe931edbf0, 2
52
SYSCALL
analyzed_bin
writev
108
1, 0x7ffe931edbf0, 2
98
SYSCALL
analyzed_bin
writev
108
1, 0x7ffe931edbf0, 2
52
SYSCALL
analyzed_bin
writev
108
1, 0x7ffe931edbf0, 2
98
SYSCALL
analyzed_bin
writev
108
1, 0x7ffe931edbf0, 2
52
SYSCALL
analyzed_bin
writev
108
1, 0x7ffe931edbf0, 2
98
SYSCALL
analyzed_bin
writev
108
1, 0x7ffe931edbf0, 2
52
SYSCALL
analyzed_bin
writev
108
1, 0x7ffe931edbf0, 2
98
SYSCALL
analyzed_bin
writev
108
1, 0x7ffe931edbf0, 2
52
SYSCALL
analyzed_bin
writev
108
1, 0x7ffe931edbf0, 2
98
SYSCALL
analyzed_bin
writev
108
1, 0x7ffe931edbf0, 2
52
SYSCALL
analyzed_bin
writev
108
1, 0x7ffe931edbf0, 2
98
SYSCALL
analyzed_bin
writev
108
1, 0x7ffe931edbf0, 2
52
SYSCALL
analyzed_bin
writev
108
1, 0x7ffe931edbf0, 2
98
SYSCALL
analyzed_bin
writev
108
1, 0x7ffe931edbf0, 2
52
SYSCALL
analyzed_bin
writev
108
1, 0x7ffe931edbf0, 2
98
SYSCALL
analyzed_bin
writev
108
1, 0x7ffe931edbf0, 2
52
SYSCALL
analyzed_bin
writev
108
1, 0x7ffe931edbf0, 2
98
SYSCALL
analyzed_bin
writev
108
1, 0x7ffe931edbf0, 2
52
SYSCALL
analyzed_bin
writev
108
1, 0x7ffe931edbf0, 2
98
SYSCALL
analyzed_bin
writev
108
1, 0x7ffe931edbf0, 2
52
SYSCALL
analyzed_bin
writev
108
1, 0x7ffe931edbf0, 2
98
SYSCALL
analyzed_bin
writev
108
1, 0x7ffe931edbf0, 2
52
SYSCALL
analyzed_bin
writev
108
1, 0x7ffe931edbf0, 2
98
SYSCALL
analyzed_bin
writev
108
1, 0x7ffe931edbf0, 2
52
SYSCALL
analyzed_bin
writev
108
1, 0x7ffe931edbf0, 2
98
SYSCALL
analyzed_bin
writev
108
1, 0x7ffe931edbf0, 2
52
SYSCALL
analyzed_bin
writev
108
1, 0x7ffe931edbf0, 2
98
SYSCALL
analyzed_bin
writev
108
1, 0x7ffe931edbf0, 2
52
SYSCALL
analyzed_bin
writev
108
1, 0x7ffe931edbf0, 2
98
SYSCALL
analyzed_bin
writev
108
1, 0x7ffe931edbf0, 2
52
SYSCALL
analyzed_bin
writev
108
1, 0x7ffe931edbf0, 2
98
SYSCALL
analyzed_bin
writev
108
1, 0x7ffe931edbf0, 2
52
SYSCALL
analyzed_bin
writev
108
1, 0x7ffe931edbf0, 2
98
SYSCALL
analyzed_bin
writev
108
1, 0x7ffe931edbf0, 2
52
SYSCALL
analyzed_bin
writev
108
1, 0x7ffe931edbf0, 2
98
SYSCALL
analyzed_bin
writev
108
1, 0x7ffe931edbf0, 2
52
SYSCALL
analyzed_bin
writev
108
1, 0x7ffe931edbf0, 2
98
SYSCALL
analyzed_bin
writev
108
1, 0x7ffe931edbf0, 2
52
SYSCALL
analyzed_bin
writev
108
1, 0x7ffe931edbf0, 2
98
SYSCALL
analyzed_bin
writev
108
1, 0x7ffe931edbf0, 2
52
SYSCALL
analyzed_bin
writev
108
1, 0x7ffe931edbf0, 2
98
SYSCALL
analyzed_bin
writev
108
1, 0x7ffe931edbf0, 2
52
SYSCALL
analyzed_bin
writev
108
1, 0x7ffe931edbf0, 2
98
SYSCALL
analyzed_bin
writev
108
1, 0x7ffe931edbf0, 2
52
SYSCALL
analyzed_bin
writev
108
1, 0x7ffe931edbf0, 2
98
SYSCALL
analyzed_bin
writev
108
1, 0x7ffe931edbf0, 2
52
SYSCALL
analyzed_bin
writev
108
1, 0x7ffe931edbf0, 2
98
SYSCALL
analyzed_bin
writev
108
1, 0x7ffe931edbf0, 2
52
SYSCALL
analyzed_bin
writev
108
1, 0x7ffe931edbf0, 2
98
SYSCALL
analyzed_bin
writev
108
1, 0x7ffe931edbf0, 2
52
SYSCALL
analyzed_bin
writev
108
1, 0x7ffe931edbf0, 2
98
SYSCALL
analyzed_bin
writev
108
1, 0x7ffe931edbf0, 2
52
SYSCALL
analyzed_bin
writev
108
1, 0x7ffe931edbf0, 2
98
SYSCALL
analyzed_bin
writev
108
1, 0x7ffe931edbf0, 2
52
SYSCALL
analyzed_bin
writev
108
1, 0x7ffe931edbf0, 2
98
SYSCALL
analyzed_bin
writev
108
1, 0x7ffe931edbf0, 2
52
SYSCALL
analyzed_bin
writev
108
1, 0x7ffe931edbf0, 2
98
SYSCALL
analyzed_bin
writev
108
1, 0x7ffe931edbf0, 2
52
SYSCALL
analyzed_bin
writev
108
1, 0x7ffe931edbf0, 2
98
SYSCALL
analyzed_bin
writev
108
1, 0x7ffe931edbf0, 2
52
SYSCALL
analyzed_bin
writev
108
1, 0x7ffe931edbf0, 2
98
SYSCALL
analyzed_bin
writev
108
1, 0x7ffe931edbf0, 2
52
SYSCALL
analyzed_bin
writev
108
1, 0x7ffe931edbf0, 2
98
SYSCALL
analyzed_bin
writev
108
1, 0x7ffe931edbf0, 2
52
SYSCALL
analyzed_bin
writev
108
1, 0x7ffe931edbf0, 2
98
SYSCALL
analyzed_bin
writev
108
1, 0x7ffe931edbf0, 2
52
SYSCALL
analyzed_bin
writev
108
1, 0x7ffe931edbf0, 2
98
SYSCALL
analyzed_bin
writev
108
1, 0x7ffe931edbf0, 2
52
SYSCALL
analyzed_bin
writev
108
1, 0x7ffe931edbf0, 2
98
SYSCALL
analyzed_bin
writev
108
1, 0x7ffe931edbf0, 2
52
SYSCALL
analyzed_bin
writev
108
1, 0x7ffe931edbf0, 2
98
SYSCALL
analyzed_bin
writev
108
1, 0x7ffe931edbf0, 2
52
SYSCALL
analyzed_bin
writev
108
1, 0x7ffe931edbf0, 2
98
SYSCALL
analyzed_bin
writev
108
1, 0x7ffe931edbf0, 2
52
SYSCALL
analyzed_bin
writev
108
1, 0x7ffe931edbf0, 2
98
SYSCALL
analyzed_bin
writev
108
1, 0x7ffe931edbf0, 2
52
SYSCALL
analyzed_bin
writev
108
1, 0x7ffe931edbf0, 2
98
SYSCALL
analyzed_bin
writev
108
1, 0x7ffe931edbf0, 2
52
SYSCALL
analyzed_bin
writev
108
1, 0x7ffe931edbf0, 2
98
SYSCALL
analyzed_bin
writev
108
1, 0x7ffe931edbf0, 2
52
SYSCALL
analyzed_bin
writev
108
1, 0x7ffe931edbf0, 2
98
SYSCALL
analyzed_bin
writev
108
1, 0x7ffe931edbf0, 2
52
SYSCALL
analyzed_bin
writev
108
1, 0x7ffe931edbf0, 2
98
SYSCALL
analyzed_bin
writev
108
1, 0x7ffe931edbf0, 2
52
SYSCALL
analyzed_bin
writev
108
1, 0x7ffe931edbf0, 2
98
SYSCALL
analyzed_bin
writev
108
1, 0x7ffe931edbf0, 2
52
SYSCALL
analyzed_bin
writev
108
1, 0x7ffe931edbf0, 2
98
SYSCALL
analyzed_bin
writev
108
1, 0x7ffe931edbf0, 2
52
SYSCALL
analyzed_bin
writev
108
1, 0x7ffe931edbf0, 2
98
SYSCALL
analyzed_bin
writev
108
1, 0x7ffe931edbf0, 2
52
SYSCALL
analyzed_bin
writev
108
1, 0x7ffe931edbf0, 2
98
SYSCALL
analyzed_bin
writev
108
1, 0x7ffe931edbf0, 2
52
SYSCALL
analyzed_bin
writev
108
1, 0x7ffe931edbf0, 2
98
SYSCALL
analyzed_bin
writev
108
1, 0x7ffe931edbf0, 2
52
SYSCALL
analyzed_bin
writev
108
1, 0x7ffe931edbf0, 2
98
SYSCALL
analyzed_bin
writev
108
1, 0x7ffe931edbf0, 2
52
SYSCALL
analyzed_bin
writev
108
1, 0x7ffe931edbf0, 2
98
SYSCALL
analyzed_bin
writev
108
1, 0x7ffe931edbf0, 2
52
SYSCALL
analyzed_bin
writev
108
1, 0x7ffe931edbf0, 2
98
SYSCALL
analyzed_bin
writev
108
1, 0x7ffe931edbf0, 2
52
SYSCALL
analyzed_bin
writev
108
1, 0x7ffe931edbf0, 2
98
SYSCALL
analyzed_bin
writev
108
1, 0x7ffe931edbf0, 2
52
SYSCALL
analyzed_bin
writev
108
1, 0x7ffe931edbf0, 2
98
SYSCALL
analyzed_bin
writev
108
1, 0x7ffe931edbf0, 2
52
SYSCALL
analyzed_bin
writev
108
1, 0x7ffe931edbf0, 2
98
SYSCALL
analyzed_bin
writev
108
1, 0x7ffe931edbf0, 2
52
SYSCALL
analyzed_bin
writev
108
1, 0x7ffe931edbf0, 2
98
SYSCALL
analyzed_bin
writev
108
1, 0x7ffe931edbf0, 2
52
SYSCALL
analyzed_bin
writev
108
1, 0x7ffe931edbf0, 2
98
SYSCALL
analyzed_bin
writev
108
1, 0x7ffe931edbf0, 2
52
SYSCALL
analyzed_bin
writev
108
1, 0x7ffe931edbf0, 2
98
SYSCALL
analyzed_bin
writev
108
1, 0x7ffe931edbf0, 2
52
SYSCALL
analyzed_bin
writev
108
1, 0x7ffe931edbf0, 2
98
SYSCALL
analyzed_bin
writev
108
1, 0x7ffe931edbf0, 2
52
SYSCALL
analyzed_bin
writev
108
1, 0x7ffe931edbf0, 2
98
SYSCALL
analyzed_bin
writev
108
1, 0x7ffe931edbf0, 2
52
SYSCALL
analyzed_bin
writev
108
1, 0x7ffe931edbf0, 2
98
SYSCALL
analyzed_bin
writev
108
1, 0x7ffe931edbf0, 2
52
SYSCALL
analyzed_bin
writev
108
1, 0x7ffe931edbf0, 2
98
SYSCALL
analyzed_bin
writev
108
1, 0x7ffe931edbf0, 2
52
SYSCALL
analyzed_bin
writev
108
1, 0x7ffe931edbf0, 2
98
SYSCALL
analyzed_bin
writev
108
1, 0x7ffe931edbf0, 2
52
SYSCALL
analyzed_bin
writev
108
1, 0x7ffe931edbf0, 2
98
SYSCALL
analyzed_bin
writev
108
1, 0x7ffe931edbf0, 2
52
SYSCALL
analyzed_bin
writev
108
1, 0x7ffe931edbf0, 2
98
SYSCALL
analyzed_bin
writev
108
1, 0x7ffe931edbf0, 2
52
SYSCALL
analyzed_bin
writev
108
1, 0x7ffe931edbf0, 2
98
SYSCALL
analyzed_bin
writev
108
1, 0x7ffe931edbf0, 2
52
SYSCALL
analyzed_bin
writev
108
1, 0x7ffe931edbf0, 2
98
SYSCALL
analyzed_bin
writev
108
1, 0x7ffe931edbf0, 2
52
SYSCALL
analyzed_bin
writev
108
1, 0x7ffe931edbf0, 2
98
SYSCALL
analyzed_bin
writev
108
1, 0x7ffe931edbf0, 2
52
SYSCALL
analyzed_bin
writev
108
1, 0x7ffe931edbf0, 2
98
SYSCALL
analyzed_bin
writev
108
1, 0x7ffe931edbf0, 2
52
SYSCALL
analyzed_bin
writev
108
1, 0x7ffe931edbf0, 2
98
SYSCALL
analyzed_bin
writev
108
1, 0x7ffe931edbf0, 2
52
SYSCALL
analyzed_bin
writev
108
1, 0x7ffe931edbf0, 2
98
SYSCALL
analyzed_bin
writev
108
1, 0x7ffe931edbf0, 2
52
SYSCALL
analyzed_bin
writev
108
1, 0x7ffe931edbf0, 2
98
SYSCALL
analyzed_bin
writev
108
1, 0x7ffe931edbf0, 2
52
SYSCALL
analyzed_bin
writev
108
1, 0x7ffe931edbf0, 2
98
SYSCALL
analyzed_bin
writev
108
1, 0x7ffe931edbf0, 2
52
SYSCALL
analyzed_bin
writev
108
1, 0x7ffe931edbf0, 2
98
SYSCALL
analyzed_bin
writev
108
1, 0x7ffe931edbf0, 2
52
SYSCALL
analyzed_bin
writev
108
1, 0x7ffe931edbf0, 2
98
SYSCALL
analyzed_bin
writev
108
1, 0x7ffe931edbf0, 2
52
SYSCALL
analyzed_bin
writev
108
1, 0x7ffe931edbf0, 2
98
SYSCALL
analyzed_bin
writev
108
1, 0x7ffe931edbf0, 2
52
SYSCALL
analyzed_bin
writev
108
1, 0x7ffe931edbf0, 2
98
SYSCALL
analyzed_bin
writev
108
1, 0x7ffe931edbf0, 2
52
SYSCALL
analyzed_bin
writev
108
1, 0x7ffe931edbf0, 2
98
SYSCALL
analyzed_bin
writev
108
1, 0x7ffe931edbf0, 2
52
SYSCALL
analyzed_bin
writev
108
1, 0x7ffe931edbf0, 2
98
SYSCALL
analyzed_bin
writev
108
1, 0x7ffe931edbf0, 2
52
SYSCALL
analyzed_bin
writev
108
1, 0x7ffe931edbf0, 2
98
SYSCALL
analyzed_bin
writev
108
1, 0x7ffe931edbf0, 2
52
SYSCALL
analyzed_bin
writev
108
1, 0x7ffe931edbf0, 2
98
SYSCALL
analyzed_bin
writev
108
1, 0x7ffe931edbf0, 2
52
SYSCALL
analyzed_bin
writev
108
1, 0x7ffe931edbf0, 2
98
SYSCALL
analyzed_bin
writev
108
1, 0x7ffe931edbf0, 2
52
SYSCALL
analyzed_bin
writev
108
1, 0x7ffe931edbf0, 2
98
SYSCALL
analyzed_bin
writev
108
1, 0x7ffe931edbf0, 2
52
SYSCALL
analyzed_bin
writev
108
1, 0x7ffe931edbf0, 2
98
SYSCALL
analyzed_bin
writev
108
1, 0x7ffe931edbf0, 2
52
SYSCALL
analyzed_bin
writev
108
1, 0x7ffe931edbf0, 2
98
SYSCALL
analyzed_bin
writev
108
1, 0x7ffe931edbf0, 2
52
SYSCALL
analyzed_bin
writev
108
1, 0x7ffe931edbf0, 2
98
SYSCALL
analyzed_bin
writev
108
1, 0x7ffe931edbf0, 2
52
SYSCALL
analyzed_bin
writev
108
1, 0x7ffe931edbf0, 2
98
SYSCALL
analyzed_bin
writev
108
1, 0x7ffe931edbf0, 2
52
SYSCALL
analyzed_bin
writev
108
1, 0x7ffe931edbf0, 2
98
SYSCALL
analyzed_bin
writev
108
1, 0x7ffe931edbf0, 2
52
SYSCALL
analyzed_bin
writev
108
1, 0x7ffe931edbf0, 2
98
SYSCALL
analyzed_bin
writev
108
1, 0x7ffe931edbf0, 2
52
SYSCALL
analyzed_bin
writev
108
1, 0x7ffe931edbf0, 2
98
SYSCALL
analyzed_bin
writev
108
1, 0x7ffe931edbf0, 2
52
SYSCALL
analyzed_bin
writev
108
1, 0x7ffe931edbf0, 2
98
SYSCALL
analyzed_bin
writev
108
1, 0x7ffe931edbf0, 2
52
SYSCALL
analyzed_bin
writev
108
1, 0x7ffe931edbf0, 2
98
SYSCALL
analyzed_bin
writev
108
1, 0x7ffe931edbf0, 2
52
SYSCALL
analyzed_bin
writev
108
1, 0x7ffe931edbf0, 2
98
SYSCALL
analyzed_bin
writev
108
1, 0x7ffe931edbf0, 2
52
SYSCALL
analyzed_bin
writev
108
1, 0x7ffe931edbf0, 2
98
SYSCALL
analyzed_bin
writev
108
1, 0x7ffe931edbf0, 2
52
SYSCALL
analyzed_bin
writev
108
1, 0x7ffe931edbf0, 2
98
SYSCALL
analyzed_bin
writev
108
1, 0x7ffe931edbf0, 2
52
SYSCALL
analyzed_bin
writev
108
1, 0x7ffe931edbf0, 2
98
SYSCALL
analyzed_bin
writev
108
1, 0x7ffe931edbf0, 2
52
SYSCALL
analyzed_bin
writev
108
1, 0x7ffe931edbf0, 2
98
SYSCALL
analyzed_bin
writev
108
1, 0x7ffe931edbf0, 2
52
SYSCALL
analyzed_bin
writev
108
1, 0x7ffe931edbf0, 2
98
SYSCALL
analyzed_bin
writev
108
1, 0x7ffe931edbf0, 2
52
SYSCALL
analyzed_bin
writev
108
1, 0x7ffe931edbf0, 2
98
SYSCALL
analyzed_bin
writev
108
1, 0x7ffe931edbf0, 2
52
SYSCALL
analyzed_bin
writev
108
1, 0x7ffe931edbf0, 2
98
SYSCALL
analyzed_bin
writev
108
1, 0x7ffe931edbf0, 2
52
SYSCALL
analyzed_bin
writev
108
1, 0x7ffe931edbf0, 2
98
SYSCALL
analyzed_bin
writev
108
1, 0x7ffe931edbf0, 2
52
SYSCALL
analyzed_bin
writev
108
1, 0x7ffe931edbf0, 2
98
SYSCALL
analyzed_bin
writev
108
1, 0x7ffe931edbf0, 2
52
SYSCALL
analyzed_bin
writev
108
1, 0x7ffe931edbf0, 2
98
SYSCALL
analyzed_bin
writev
108
1, 0x7ffe931edbf0, 2
52
SYSCALL
analyzed_bin
writev
108
1, 0x7ffe931edbf0, 2
98
SYSCALL
analyzed_bin
writev
108
1, 0x7ffe931edbf0, 2
52
SYSCALL
analyzed_bin
writev
108
1, 0x7ffe931edbf0, 2
98
SYSCALL
analyzed_bin
writev
108
1, 0x7ffe931edbf0, 2
52
SYSCALL
analyzed_bin
writev
108
1, 0x7ffe931edbf0, 2
98
SYSCALL
analyzed_bin
writev
108
1, 0x7ffe931edbf0, 2
52
SYSCALL
analyzed_bin
writev
108
1, 0x7ffe931edbf0, 2
98
SYSCALL
analyzed_bin
writev
108
1, 0x7ffe931edbf0, 2
52
SYSCALL
analyzed_bin
writev
108
1, 0x7ffe931edbf0, 2
98
SYSCALL
analyzed_bin
writev
108
1, 0x7ffe931edbf0, 2
52
SYSCALL
analyzed_bin
writev
108
1, 0x7ffe931edbf0, 2
98
SYSCALL
analyzed_bin
writev
108
1, 0x7ffe931edbf0, 2
52
SYSCALL
analyzed_bin
writev
108
1, 0x7ffe931edbf0, 2
98
SYSCALL
analyzed_bin
writev
108
1, 0x7ffe931edbf0, 2
52
SYSCALL
analyzed_bin
writev
108
1, 0x7ffe931edbf0, 2
98
SYSCALL
analyzed_bin
writev
108
1, 0x7ffe931edbf0, 2
52
SYSCALL
analyzed_bin
writev
108
1, 0x7ffe931edbf0, 2
98
SYSCALL
analyzed_bin
writev
108
1, 0x7ffe931edbf0, 2
52
SYSCALL
analyzed_bin
writev
108
1, 0x7ffe931edbf0, 2
98
SYSCALL
analyzed_bin
writev
108
1, 0x7ffe931edbf0, 2
52
SYSCALL
analyzed_bin
writev
108
1, 0x7ffe931edbf0, 2
98
SYSCALL
analyzed_bin
writev
108
1, 0x7ffe931edbf0, 2
52
SYSCALL
analyzed_bin
writev
108
1, 0x7ffe931edbf0, 2
98
SYSCALL
analyzed_bin
writev
108
1, 0x7ffe931edbf0, 2
52
SYSCALL
analyzed_bin
writev
108
1, 0x7ffe931edbf0, 2
98
SYSCALL
analyzed_bin
writev
108
1, 0x7ffe931edbf0, 2
52
SYSCALL
analyzed_bin
writev
108
1, 0x7ffe931edbf0, 2
98
SYSCALL
analyzed_bin
writev
108
1, 0x7ffe931edbf0, 2
52
SYSCALL
analyzed_bin
writev
108
1, 0x7ffe931edbf0, 2
98
SYSCALL
analyzed_bin
writev
108
1, 0x7ffe931edbf0, 2
52
SYSCALL
analyzed_bin
writev
108
1, 0x7ffe931edbf0, 2
98
SYSCALL
analyzed_bin
writev
108
1, 0x7ffe931edbf0, 2
52
SYSCALL
analyzed_bin
writev
108
1, 0x7ffe931edbf0, 2
98
SYSCALL
analyzed_bin
writev
108
1, 0x7ffe931edbf0, 2
52
SYSCALL
analyzed_bin
writev
108
1, 0x7ffe931edbf0, 2
98
SYSCALL
analyzed_bin
writev
108
1, 0x7ffe931edbf0, 2
52
SYSCALL
analyzed_bin
writev
108
1, 0x7ffe931edbf0, 2
98
SYSCALL
analyzed_bin
writev
108
1, 0x7ffe931edbf0, 2
52
SYSCALL
analyzed_bin
writev
108
1, 0x7ffe931edbf0, 2
98
SYSCALL
analyzed_bin
writev
108
1, 0x7ffe931edbf0, 2
52
SYSCALL
analyzed_bin
writev
108
1, 0x7ffe931edbf0, 2
98
SYSCALL
analyzed_bin
writev
108
1, 0x7ffe931edbf0, 2
52
SYSCALL
analyzed_bin
writev
108
1, 0x7ffe931edbf0, 2
98
SYSCALL
analyzed_bin
writev
108
1, 0x7ffe931edbf0, 2
52
SYSCALL
analyzed_bin
writev
108
1, 0x7ffe931edbf0, 2
98
SYSCALL
analyzed_bin
writev
108
1, 0x7ffe931edbf0, 2
52
SYSCALL
analyzed_bin
writev
108
1, 0x7ffe931edbf0, 2
98
SYSCALL
analyzed_bin
writev
108
1, 0x7ffe931edbf0, 2
52
SYSCALL
analyzed_bin
writev
108
1, 0x7ffe931edbf0, 2
98
SYSCALL
analyzed_bin
writev
108
1, 0x7ffe931edbf0, 2
52
SYSCALL
analyzed_bin
writev
108
1, 0x7ffe931edbf0, 2
98
SYSCALL
analyzed_bin
writev
108
1, 0x7ffe931edbf0, 2
52
SYSCALL
analyzed_bin
writev
108
1, 0x7ffe931edbf0, 2
98
SYSCALL
analyzed_bin
writev
108
1, 0x7ffe931edbf0, 2
52
SYSCALL
analyzed_bin
writev
108
1, 0x7ffe931edbf0, 2
98
SYSCALL
analyzed_bin
writev
108
1, 0x7ffe931edbf0, 2
52
SYSCALL
analyzed_bin
writev
108
1, 0x7ffe931edbf0, 2
98
SYSCALL
analyzed_bin
writev
108
1, 0x7ffe931edbf0, 2
52
SYSCALL
analyzed_bin
writev
108
1, 0x7ffe931edbf0, 2
98
SYSCALL
analyzed_bin
writev
108
1, 0x7ffe931edbf0, 2
52
SYSCALL
analyzed_bin
writev
108
1, 0x7ffe931edbf0, 2
98
SYSCALL
analyzed_bin
writev
108
1, 0x7ffe931edbf0, 2
52
SYSCALL
analyzed_bin
writev
108
1, 0x7ffe931edbf0, 2
98
SYSCALL
analyzed_bin
writev
108
1, 0x7ffe931edbf0, 2
52
SYSCALL
analyzed_bin
writev
108
1, 0x7ffe931edbf0, 2
98
SYSCALL
analyzed_bin
writev
108
1, 0x7ffe931edbf0, 2
52
SYSCALL
analyzed_bin
writev
108
1, 0x7ffe931edbf0, 2
98
SYSCALL
analyzed_bin
writev
108
1, 0x7ffe931edbf0, 2
52
SYSCALL
analyzed_bin
writev
108
1, 0x7ffe931edbf0, 2
98
SYSCALL
analyzed_bin
writev
108
1, 0x7ffe931edbf0, 2
52
SYSCALL
analyzed_bin
writev
108
1, 0x7ffe931edbf0, 2
98
SYSCALL
analyzed_bin
writev
108
1, 0x7ffe931edbf0, 2
52
SYSCALL
analyzed_bin
writev
108
1, 0x7ffe931edbf0, 2
98
SYSCALL
analyzed_bin
writev
108
1, 0x7ffe931edbf0, 2
52
SYSCALL
analyzed_bin
writev
108
1, 0x7ffe931edbf0, 2
98
SYSCALL
analyzed_bin
writev
108
1, 0x7ffe931edbf0, 2
52
SYSCALL
analyzed_bin
writev
108
1, 0x7ffe931edbf0, 2
98
SYSCALL
analyzed_bin
writev
108
1, 0x7ffe931edbf0, 2
52
SYSCALL
analyzed_bin
writev
108
1, 0x7ffe931edbf0, 2
98
SYSCALL
analyzed_bin
writev
108
1, 0x7ffe931edbf0, 2
52
SYSCALL
analyzed_bin
writev
108
1, 0x7ffe931edbf0, 2
98
SYSCALL
analyzed_bin
writev
108
1, 0x7ffe931edbf0, 2
52
SYSCALL
analyzed_bin
writev
108
1, 0x7ffe931edbf0, 2
98
SYSCALL
analyzed_bin
writev
108
1, 0x7ffe931edbf0, 2
52
SYSCALL
analyzed_bin
writev
108
1, 0x7ffe931edbf0, 2
98
SYSCALL
analyzed_bin
writev
108
1, 0x7ffe931edbf0, 2
52
SYSCALL
analyzed_bin
writev
108
1, 0x7ffe931edbf0, 2
98
SYSCALL
analyzed_bin
writev
108
1, 0x7ffe931edbf0, 2
52
SYSCALL
analyzed_bin
writev
108
1, 0x7ffe931edbf0, 2
98
SYSCALL
analyzed_bin
writev
108
1, 0x7ffe931edbf0, 2
52
SYSCALL
analyzed_bin
writev
108
1, 0x7ffe931edbf0, 2
98
SYSCALL
analyzed_bin
writev
108
1, 0x7ffe931edbf0, 2
52
SYSCALL
analyzed_bin
writev
108
1, 0x7ffe931edbf0, 2
98
SYSCALL
analyzed_bin
writev
108
1, 0x7ffe931edbf0, 2
52
SYSCALL
analyzed_bin
writev
108
1, 0x7ffe931edbf0, 2
98
SYSCALL
analyzed_bin
writev
108
1, 0x7ffe931edbf0, 2
52
SYSCALL
analyzed_bin
writev
108
1, 0x7ffe931edbf0, 2
98
SYSCALL
analyzed_bin
writev
108
1, 0x7ffe931edbf0, 2
52
SYSCALL
analyzed_bin
writev
108
1, 0x7ffe931edbf0, 2
98
SYSCALL
analyzed_bin
writev
108
1, 0x7ffe931edbf0, 2
52
SYSCALL
analyzed_bin
writev
108
1, 0x7ffe931edbf0, 2
98
SYSCALL
analyzed_bin
writev
108
1, 0x7ffe931edbf0, 2
52
SYSCALL
analyzed_bin
writev
108
1, 0x7ffe931edbf0, 2
98
SYSCALL
analyzed_bin
writev
108
1, 0x7ffe931edbf0, 2
52
SYSCALL
analyzed_bin
writev
108
1, 0x7ffe931edbf0, 2
98
SYSCALL
analyzed_bin
writev
108
1, 0x7ffe931edbf0, 2
52
SYSCALL
analyzed_bin
writev
108
1, 0x7ffe931edbf0, 2
98
SYSCALL
analyzed_bin
writev
108
1, 0x7ffe931edbf0, 2
52
SYSCALL
analyzed_bin
writev
108
1, 0x7ffe931edbf0, 2
98
SYSCALL
analyzed_bin
writev
108
1, 0x7ffe931edbf0, 2
52
