LISA
PROCESS
108:105
SYSCALL
analyzed_bin
execve
108

0
OPENFILE
"/proc/self/exe"
SYSCALL
analyzed_bin
open
108
"/proc/self/exe", O_RDONLY
3
SYSCALL
analyzed_bin
mmap2
108
0x0, 2364190, PROT_READ|PROT_WRITE, MAP_PRIVATE|MAP_ANONYMOUS, -1, 0
0x7fa7a9b85000
SYSCALL
analyzed_bin
mmap2
108
0x7fa7a9b85000, 2363792, PROT_READ|PROT_WRITE, MAP_PRIVATE|MAP_FIXED, 3, 0
0x7fa7a9b85000
SYSCALL
analyzed_bin
mprotect
108
0x7fa7a9dc5000, 4894, PROT_READ|PROT_EXEC
0
SYSCALL
analyzed_bin
readlink
108
"/proc/self/exe", 0x7fff4b1c5710, 4095
18
SYSCALL
analyzed_bin
mmap2
108
0x7fa7a9dc7000, 7000064, PROT_NONE, MAP_PRIVATE|MAP_FIXED|MAP_ANONYMOUS, -1, 0
0x7fa7a9dc7000
SYSCALL
analyzed_bin
mmap2
108
0x7fa7a9dc7000, 384272, PROT_READ|PROT_WRITE, MAP_PRIVATE|MAP_FIXED|MAP_ANONYMOUS, -1, 0
0x7fa7a9dc7000
SYSCALL
analyzed_bin
mprotect
108
0x7fa7a9dc7000, 384272, PROT_READ
0
SYSCALL
analyzed_bin
mmap2
108
0x7fa7a9e25000, 4406449, PROT_READ|PROT_WRITE|PROT_EXEC, MAP_PRIVATE|MAP_FIXED|MAP_ANONYMOUS, -1, 385024
0x7fa7a9e25000
SYSCALL
analyzed_bin
mprotect
108
0x7fa7a9e25000, 4406449, PROT_READ|PROT_EXEC
0
SYSCALL
analyzed_bin
mmap2
108
0x7fa7aa259000, 1282377, PROT_READ|PROT_WRITE, MAP_PRIVATE|MAP_FIXED|MAP_ANONYMOUS, -1, 4792320
0x7fa7aa259000
SYSCALL
analyzed_bin
mprotect
108
0x7fa7aa259000, 1282377, PROT_READ
0
SYSCALL
analyzed_bin
mmap2
108
0x7fa7aa393000, 266096, PROT_READ|PROT_WRITE, MAP_PRIVATE|MAP_FIXED|MAP_ANONYMOUS, -1, 6074368
0x7fa7aa393000
SYSCALL
analyzed_bin
mprotect
108
0x7fa7aa393000, 266096, PROT_READ|PROT_WRITE
0
SYSCALL
analyzed_bin
mmap2
108
0x7fa7aa3d4000, 654392, PROT_READ|PROT_WRITE, MAP_PRIVATE|MAP_FIXED|MAP_ANONYMOUS, -1, 0
0x7fa7aa3d4000
SYSCALL
analyzed_bin
mmap2
108
0x0, 4096, PROT_READ, MAP_PRIVATE, 3, 0
0x7fa7a9b84000
SYSCALL
analyzed_bin
close
108
3
0
SYSCALL
analyzed_bin
munmap
108
0x7fa7a9b85000, 2364190
0
SYSCALL
analyzed_bin
arch_prctl
108
ARCH_SET_FS, 140358093060336
0
SYSCALL
analyzed_bin
set_tid_address
108
0x7fa7aa473c30
108
SYSCALL
analyzed_bin
brk
108
0x0
140358093062144
SYSCALL
analyzed_bin
brk
108
0x7fa7aa475000
140358093066240
OPENFILE
"/dev/urandom"
SYSCALL
analyzed_bin
open
108
"/dev/urandom", O_RDONLY
3
SYSCALL
analyzed_bin
read
108
3, 0x7fff4b1c64a4, 4
4
SYSCALL
analyzed_bin
brk
108
0x7fa7aa476000
140358093070336
SYSCALL
analyzed_bin
mmap2
108
0x0, 81920, PROT_READ|PROT_WRITE|PROT_EXEC, MAP_PRIVATE|MAP_ANONYMOUS, -1, 0
0x7fa7a9db3000
SYSCALL
analyzed_bin
mprotect
108
0x7fa7a9db3000, 81920, PROT_READ|PROT_EXEC
0
SYSCALL
analyzed_bin
brk
108
0x7fa7aa488000
140358093144064
SYSCALL
analyzed_bin
brk
108
0x7fa7aa48d000
140358093164544
SYSCALL
analyzed_bin
brk
108
0x7fa7aa48e000
140358093168640
SYSCALL
analyzed_bin
brk
108
0x7fa7aa48f000
140358093172736
SYSCALL
analyzed_bin
readlink
108
"/proc/self/exe", 0x7fa7aa3d42e0, 519
18
OPENFILE
"/root/config.json"
SYSCALL
analyzed_bin
open
108
"/root/config.json", O_RDONLY
-2 (ENOENT)
OPENFILE
"/etc/localtime"
SYSCALL
analyzed_bin
open
108
"/etc/localtime", O_RDONLY|O_NONBLOCK|O_CLOEXEC
4
SYSCALL
analyzed_bin
fstat
108
4, 0x7fff4b1c5dc0
0
SYSCALL
analyzed_bin
mmap2
108
0x0, 127, PROT_READ, MAP_SHARED, 4, 0
0x7fa7a9db2000
SYSCALL
analyzed_bin
close
108
4
0
SYSCALL
analyzed_bin
ioctl
108
1, 21523, 0x7fff4b1c5fa8
-25 (ENOTTY)
SYSCALL
analyzed_bin
writev
108
1, 0x7fff4b1c5f40, 2
62
SYSCALL
analyzed_bin
brk
108
0x7fa7aa490000
140358093176832
SYSCALL
analyzed_bin
brk
108
0x7fa7aa491000
140358093180928
OPENFILE
"/root/.xmrig.json"
SYSCALL
analyzed_bin
open
108
"/root/.xmrig.json", O_RDONLY
-2 (ENOENT)
SYSCALL
analyzed_bin
writev
108
1, 0x7fff4b1c5fe0, 2
62
OPENFILE
"/root/.config/xmrig.json"
SYSCALL
analyzed_bin
open
108
"/root/.config/xmrig.json", O_RDONLY
-2 (ENOENT)
SYSCALL
analyzed_bin
writev
108
1, 0x7fff4b1c5fe0, 2
69
SYSCALL
analyzed_bin
writev
108
1, 0x7fff4b1c61c0, 2
85
SYSCALL
analyzed_bin
close
108
3
0
SYSCALL
analyzed_bin
exit_group
108
2

