LISA
PROCESS
108:105
SYSCALL
analyzed_bin
execve
108

0
SYSCALL
analyzed_bin
arch_prctl
108
ARCH_SET_FS, 9570064
0
SYSCALL
analyzed_bin
sched_getaffinity
108
0, 8192, 0x7ffd217349d8
8
OPENFILE
0x8de7c0
SYSCALL
analyzed_bin
openat
108
AT_FDCWD, 0x8de7c0, O_RDONLY
-2 (ENOENT)
SYSCALL
analyzed_bin
uname
108
0x7ffd21736642
0
SYSCALL
analyzed_bin
mmap2
108
0x0, 262144, PROT_READ|PROT_WRITE, MAP_PRIVATE|MAP_ANONYMOUS, -1, 0
0x7fbfbbca9000
SYSCALL
analyzed_bin
mmap2
108
0x0, 131072, PROT_NONE, MAP_PRIVATE|MAP_ANONYMOUS, -1, 0
0x7fbfbbc89000
SYSCALL
analyzed_bin
mmap2
108
0x0, 1048576, PROT_NONE, MAP_PRIVATE|MAP_ANONYMOUS, -1, 0
0x7fbfbbb89000
SYSCALL
analyzed_bin
mmap2
108
0x0, 8388608, PROT_NONE, MAP_PRIVATE|MAP_ANONYMOUS, -1, 0
0x7fbfbb389000
SYSCALL
analyzed_bin
mmap2
108
0x0, 67108864, PROT_NONE, MAP_PRIVATE|MAP_ANONYMOUS, -1, 0
0x7fbfb7389000
SYSCALL
analyzed_bin
mmap2
108
0x0, 536870912, PROT_NONE, MAP_PRIVATE|MAP_ANONYMOUS, -1, 0
0x7fbf97389000
SYSCALL
analyzed_bin
mmap2
108
0xc000000000, 67108864, PROT_NONE, MAP_PRIVATE|MAP_ANONYMOUS, -1, 0
0xc000000000
SYSCALL
analyzed_bin
mmap2
108
0xc000000000, 67108864, PROT_READ|PROT_WRITE, MAP_PRIVATE|MAP_FIXED|MAP_ANONYMOUS, -1, 0
0xc000000000
SYSCALL
analyzed_bin
mmap2
108
0x0, 33554432, PROT_READ|PROT_WRITE, MAP_PRIVATE|MAP_ANONYMOUS, -1, 0
0x7fbf95389000
SYSCALL
analyzed_bin
mmap2
108
0x0, 2165768, PROT_READ|PROT_WRITE, MAP_PRIVATE|MAP_ANONYMOUS, -1, 0
0x7fbf95178000
SYSCALL
analyzed_bin
mmap2
108
0x7fbfbbc89000, 131072, PROT_READ|PROT_WRITE, MAP_PRIVATE|MAP_FIXED|MAP_ANONYMOUS, -1, 0
0x7fbfbbc89000
SYSCALL
analyzed_bin
mmap2
108
0x7fbfbbc09000, 4096, PROT_READ|PROT_WRITE, MAP_PRIVATE|MAP_FIXED|MAP_ANONYMOUS, -1, 0
0x7fbfbbc09000
SYSCALL
analyzed_bin
mmap2
108
0x7fbfbb78f000, 4096, PROT_READ|PROT_WRITE, MAP_PRIVATE|MAP_FIXED|MAP_ANONYMOUS, -1, 0
0x7fbfbb78f000
SYSCALL
analyzed_bin
mmap2
108
0x7fbfb93b9000, 4096, PROT_READ|PROT_WRITE, MAP_PRIVATE|MAP_FIXED|MAP_ANONYMOUS, -1, 0
0x7fbfb93b9000
SYSCALL
analyzed_bin
mmap2
108
0x7fbfa7509000, 4096, PROT_READ|PROT_WRITE, MAP_PRIVATE|MAP_FIXED|MAP_ANONYMOUS, -1, 0
0x7fbfa7509000
SYSCALL
analyzed_bin
mmap2
108
0x0, 1048576, PROT_READ|PROT_WRITE, MAP_PRIVATE|MAP_ANONYMOUS, -1, 0
0x7fbf95078000
SYSCALL
analyzed_bin
mmap2
108
0x0, 65536, PROT_READ|PROT_WRITE, MAP_PRIVATE|MAP_ANONYMOUS, -1, 0
0x7fbf95068000
SYSCALL
analyzed_bin
mmap2
108
0x0, 65536, PROT_READ|PROT_WRITE, MAP_PRIVATE|MAP_ANONYMOUS, -1, 0
0x7fbf95058000
SYSCALL
analyzed_bin
rt_sigprocmask
108
SIG_SETMASK, NULL, 0x920700, 8
0
SYSCALL
analyzed_bin
sigaltstack
108
0x0, 0x7ffd21736960
0
SYSCALL
analyzed_bin
sigaltstack
108
{ss_sp=0xc000002000, ss_flags=0x0, ss_size=32768}, 0x0
0
SYSCALL
analyzed_bin
rt_sigprocmask
108
SIG_SETMASK, [EMPTY], 0x0, 8
0
SYSCALL
analyzed_bin
gettid
108

108
SYSCALL
analyzed_bin
rt_sigaction
108
SIGHUP, {NULL}, 0x7ffd21736968, 8
0
SYSCALL
analyzed_bin
rt_sigaction
108
SIGHUP, {0x46b020, SA_ONSTACK|SA_RESTART|SA_SIGINFO|SA_RESTORER, 0x46b160, [SIGHUP|SIGINT|SIGQUIT|SIGILL|SIGTRAP|SIGABRT|SIGBUS|SIGFPE|SIGKILL|SIGUSR1|SIGSEGV|SIGPIPE|SIGUSR2|SIGALRM|SIGTERM|SIGCHLD|SIGCONT|SIGSTOP|SIGTSTP|SIGTTIN|SIGTTOU|SIGURG|SIGXCPU|SIGXFSZ|SIGVTALRM|SIGPROF|SIGWINCH|SIGIO/SIGPOLL|SIGPWR|SIGSYS]}, 0x0, 8
0
SYSCALL
analyzed_bin
rt_sigaction
108
SIGINT, {NULL}, 0x7ffd21736968, 8
0
SYSCALL
analyzed_bin
rt_sigaction
108
SIGQUIT, {NULL}, 0x7ffd21736968, 8
0
SYSCALL
analyzed_bin
rt_sigaction
108
SIGQUIT, {0x46b020, SA_ONSTACK|SA_RESTART|SA_SIGINFO|SA_RESTORER, 0x46b160, [SIGHUP|SIGINT|SIGQUIT|SIGILL|SIGTRAP|SIGABRT|SIGBUS|SIGFPE|SIGKILL|SIGUSR1|SIGSEGV|SIGPIPE|SIGUSR2|SIGALRM|SIGTERM|SIGCHLD|SIGCONT|SIGSTOP|SIGTSTP|SIGTTIN|SIGTTOU|SIGURG|SIGXCPU|SIGXFSZ|SIGVTALRM|SIGPROF|SIGWINCH|SIGIO/SIGPOLL|SIGPWR|SIGSYS]}, 0x0, 8
0
SYSCALL
analyzed_bin
rt_sigaction
108
SIGILL, {NULL}, 0x7ffd21736968, 8
0
SYSCALL
analyzed_bin
rt_sigaction
108
SIGILL, {0x46b020, SA_ONSTACK|SA_RESTART|SA_SIGINFO|SA_RESTORER, 0x46b160, [SIGHUP|SIGINT|SIGQUIT|SIGILL|SIGTRAP|SIGABRT|SIGBUS|SIGFPE|SIGKILL|SIGUSR1|SIGSEGV|SIGPIPE|SIGUSR2|SIGALRM|SIGTERM|SIGCHLD|SIGCONT|SIGSTOP|SIGTSTP|SIGTTIN|SIGTTOU|SIGURG|SIGXCPU|SIGXFSZ|SIGVTALRM|SIGPROF|SIGWINCH|SIGIO/SIGPOLL|SIGPWR|SIGSYS]}, 0x0, 8
0
SYSCALL
analyzed_bin
rt_sigaction
108
SIGTRAP, {NULL}, 0x7ffd21736968, 8
0
SYSCALL
analyzed_bin
rt_sigaction
108
SIGTRAP, {0x46b020, SA_ONSTACK|SA_RESTART|SA_SIGINFO|SA_RESTORER, 0x46b160, [SIGHUP|SIGINT|SIGQUIT|SIGILL|SIGTRAP|SIGABRT|SIGBUS|SIGFPE|SIGKILL|SIGUSR1|SIGSEGV|SIGPIPE|SIGUSR2|SIGALRM|SIGTERM|SIGCHLD|SIGCONT|SIGSTOP|SIGTSTP|SIGTTIN|SIGTTOU|SIGURG|SIGXCPU|SIGXFSZ|SIGVTALRM|SIGPROF|SIGWINCH|SIGIO/SIGPOLL|SIGPWR|SIGSYS]}, 0x0, 8
0
SYSCALL
analyzed_bin
rt_sigaction
108
SIGABRT, {NULL}, 0x7ffd21736968, 8
0
SYSCALL
analyzed_bin
rt_sigaction
108
SIGABRT, {0x46b020, SA_ONSTACK|SA_RESTART|SA_SIGINFO|SA_RESTORER, 0x46b160, [SIGHUP|SIGINT|SIGQUIT|SIGILL|SIGTRAP|SIGABRT|SIGBUS|SIGFPE|SIGKILL|SIGUSR1|SIGSEGV|SIGPIPE|SIGUSR2|SIGALRM|SIGTERM|SIGCHLD|SIGCONT|SIGSTOP|SIGTSTP|SIGTTIN|SIGTTOU|SIGURG|SIGXCPU|SIGXFSZ|SIGVTALRM|SIGPROF|SIGWINCH|SIGIO/SIGPOLL|SIGPWR|SIGSYS]}, 0x0, 8
0
SYSCALL
analyzed_bin
rt_sigaction
108
SIGBUS, {NULL}, 0x7ffd21736968, 8
0
SYSCALL
analyzed_bin
rt_sigaction
108
SIGBUS, {0x46b020, SA_ONSTACK|SA_RESTART|SA_SIGINFO|SA_RESTORER, 0x46b160, [SIGHUP|SIGINT|SIGQUIT|SIGILL|SIGTRAP|SIGABRT|SIGBUS|SIGFPE|SIGKILL|SIGUSR1|SIGSEGV|SIGPIPE|SIGUSR2|SIGALRM|SIGTERM|SIGCHLD|SIGCONT|SIGSTOP|SIGTSTP|SIGTTIN|SIGTTOU|SIGURG|SIGXCPU|SIGXFSZ|SIGVTALRM|SIGPROF|SIGWINCH|SIGIO/SIGPOLL|SIGPWR|SIGSYS]}, 0x0, 8
0
SYSCALL
analyzed_bin
rt_sigaction
108
SIGFPE, {NULL}, 0x7ffd21736968, 8
0
SYSCALL
analyzed_bin
rt_sigaction
108
SIGFPE, {0x46b020, SA_ONSTACK|SA_RESTART|SA_SIGINFO|SA_RESTORER, 0x46b160, [SIGHUP|SIGINT|SIGQUIT|SIGILL|SIGTRAP|SIGABRT|SIGBUS|SIGFPE|SIGKILL|SIGUSR1|SIGSEGV|SIGPIPE|SIGUSR2|SIGALRM|SIGTERM|SIGCHLD|SIGCONT|SIGSTOP|SIGTSTP|SIGTTIN|SIGTTOU|SIGURG|SIGXCPU|SIGXFSZ|SIGVTALRM|SIGPROF|SIGWINCH|SIGIO/SIGPOLL|SIGPWR|SIGSYS]}, 0x0, 8
0
SYSCALL
analyzed_bin
rt_sigaction
108
SIGUSR1, {NULL}, 0x7ffd21736968, 8
0
SYSCALL
analyzed_bin
rt_sigaction
108
SIGUSR1, {0x46b020, SA_ONSTACK|SA_RESTART|SA_SIGINFO|SA_RESTORER, 0x46b160, [SIGHUP|SIGINT|SIGQUIT|SIGILL|SIGTRAP|SIGABRT|SIGBUS|SIGFPE|SIGKILL|SIGUSR1|SIGSEGV|SIGPIPE|SIGUSR2|SIGALRM|SIGTERM|SIGCHLD|SIGCONT|SIGSTOP|SIGTSTP|SIGTTIN|SIGTTOU|SIGURG|SIGXCPU|SIGXFSZ|SIGVTALRM|SIGPROF|SIGWINCH|SIGIO/SIGPOLL|SIGPWR|SIGSYS]}, 0x0, 8
0
SYSCALL
analyzed_bin
rt_sigaction
108
SIGSEGV, {NULL}, 0x7ffd21736968, 8
0
SYSCALL
analyzed_bin
rt_sigaction
108
SIGSEGV, {0x46b020, SA_ONSTACK|SA_RESTART|SA_SIGINFO|SA_RESTORER, 0x46b160, [SIGHUP|SIGINT|SIGQUIT|SIGILL|SIGTRAP|SIGABRT|SIGBUS|SIGFPE|SIGKILL|SIGUSR1|SIGSEGV|SIGPIPE|SIGUSR2|SIGALRM|SIGTERM|SIGCHLD|SIGCONT|SIGSTOP|SIGTSTP|SIGTTIN|SIGTTOU|SIGURG|SIGXCPU|SIGXFSZ|SIGVTALRM|SIGPROF|SIGWINCH|SIGIO/SIGPOLL|SIGPWR|SIGSYS]}, 0x0, 8
0
SYSCALL
analyzed_bin
rt_sigaction
108
SIGUSR2, {NULL}, 0x7ffd21736968, 8
0
SYSCALL
analyzed_bin
rt_sigaction
108
SIGUSR2, {0x46b020, SA_ONSTACK|SA_RESTART|SA_SIGINFO|SA_RESTORER, 0x46b160, [SIGHUP|SIGINT|SIGQUIT|SIGILL|SIGTRAP|SIGABRT|SIGBUS|SIGFPE|SIGKILL|SIGUSR1|SIGSEGV|SIGPIPE|SIGUSR2|SIGALRM|SIGTERM|SIGCHLD|SIGCONT|SIGSTOP|SIGTSTP|SIGTTIN|SIGTTOU|SIGURG|SIGXCPU|SIGXFSZ|SIGVTALRM|SIGPROF|SIGWINCH|SIGIO/SIGPOLL|SIGPWR|SIGSYS]}, 0x0, 8
0
SYSCALL
analyzed_bin
rt_sigaction
108
SIGPIPE, {NULL}, 0x7ffd21736968, 8
0
SYSCALL
analyzed_bin
rt_sigaction
108
SIGPIPE, {0x46b020, SA_ONSTACK|SA_RESTART|SA_SIGINFO|SA_RESTORER, 0x46b160, [SIGHUP|SIGINT|SIGQUIT|SIGILL|SIGTRAP|SIGABRT|SIGBUS|SIGFPE|SIGKILL|SIGUSR1|SIGSEGV|SIGPIPE|SIGUSR2|SIGALRM|SIGTERM|SIGCHLD|SIGCONT|SIGSTOP|SIGTSTP|SIGTTIN|SIGTTOU|SIGURG|SIGXCPU|SIGXFSZ|SIGVTALRM|SIGPROF|SIGWINCH|SIGIO/SIGPOLL|SIGPWR|SIGSYS]}, 0x0, 8
0
SYSCALL
analyzed_bin
rt_sigaction
108
SIGALRM, {NULL}, 0x7ffd21736968, 8
0
SYSCALL
analyzed_bin
rt_sigaction
108
SIGALRM, {0x46b020, SA_ONSTACK|SA_RESTART|SA_SIGINFO|SA_RESTORER, 0x46b160, [SIGHUP|SIGINT|SIGQUIT|SIGILL|SIGTRAP|SIGABRT|SIGBUS|SIGFPE|SIGKILL|SIGUSR1|SIGSEGV|SIGPIPE|SIGUSR2|SIGALRM|SIGTERM|SIGCHLD|SIGCONT|SIGSTOP|SIGTSTP|SIGTTIN|SIGTTOU|SIGURG|SIGXCPU|SIGXFSZ|SIGVTALRM|SIGPROF|SIGWINCH|SIGIO/SIGPOLL|SIGPWR|SIGSYS]}, 0x0, 8
0
SYSCALL
analyzed_bin
rt_sigaction
108
SIGTERM, {NULL}, 0x7ffd21736968, 8
0
SYSCALL
analyzed_bin
rt_sigaction
108
SIGTERM, {0x46b020, SA_ONSTACK|SA_RESTART|SA_SIGINFO|SA_RESTORER, 0x46b160, [SIGHUP|SIGINT|SIGQUIT|SIGILL|SIGTRAP|SIGABRT|SIGBUS|SIGFPE|SIGKILL|SIGUSR1|SIGSEGV|SIGPIPE|SIGUSR2|SIGALRM|SIGTERM|SIGCHLD|SIGCONT|SIGSTOP|SIGTSTP|SIGTTIN|SIGTTOU|SIGURG|SIGXCPU|SIGXFSZ|SIGVTALRM|SIGPROF|SIGWINCH|SIGIO/SIGPOLL|SIGPWR|SIGSYS]}, 0x0, 8
0
SYSCALL
analyzed_bin
rt_sigaction
108
0x10, {NULL}, 0x7ffd21736968, 8
0
SYSCALL
analyzed_bin
rt_sigaction
108
0x10, {0x46b020, SA_ONSTACK|SA_RESTART|SA_SIGINFO|SA_RESTORER, 0x46b160, [SIGHUP|SIGINT|SIGQUIT|SIGILL|SIGTRAP|SIGABRT|SIGBUS|SIGFPE|SIGKILL|SIGUSR1|SIGSEGV|SIGPIPE|SIGUSR2|SIGALRM|SIGTERM|SIGCHLD|SIGCONT|SIGSTOP|SIGTSTP|SIGTTIN|SIGTTOU|SIGURG|SIGXCPU|SIGXFSZ|SIGVTALRM|SIGPROF|SIGWINCH|SIGIO/SIGPOLL|SIGPWR|SIGSYS]}, 0x0, 8
0
SYSCALL
analyzed_bin
rt_sigaction
108
SIGCHLD, {NULL}, 0x7ffd21736968, 8
0
SYSCALL
analyzed_bin
rt_sigaction
108
SIGCHLD, {0x46b020, SA_ONSTACK|SA_RESTART|SA_SIGINFO|SA_RESTORER, 0x46b160, [SIGHUP|SIGINT|SIGQUIT|SIGILL|SIGTRAP|SIGABRT|SIGBUS|SIGFPE|SIGKILL|SIGUSR1|SIGSEGV|SIGPIPE|SIGUSR2|SIGALRM|SIGTERM|SIGCHLD|SIGCONT|SIGSTOP|SIGTSTP|SIGTTIN|SIGTTOU|SIGURG|SIGXCPU|SIGXFSZ|SIGVTALRM|SIGPROF|SIGWINCH|SIGIO/SIGPOLL|SIGPWR|SIGSYS]}, 0x0, 8
0
SYSCALL
analyzed_bin
rt_sigaction
108
SIGURG, {NULL}, 0x7ffd21736968, 8
0
SYSCALL
analyzed_bin
rt_sigaction
108
SIGURG, {0x46b020, SA_ONSTACK|SA_RESTART|SA_SIGINFO|SA_RESTORER, 0x46b160, [SIGHUP|SIGINT|SIGQUIT|SIGILL|SIGTRAP|SIGABRT|SIGBUS|SIGFPE|SIGKILL|SIGUSR1|SIGSEGV|SIGPIPE|SIGUSR2|SIGALRM|SIGTERM|SIGCHLD|SIGCONT|SIGSTOP|SIGTSTP|SIGTTIN|SIGTTOU|SIGURG|SIGXCPU|SIGXFSZ|SIGVTALRM|SIGPROF|SIGWINCH|SIGIO/SIGPOLL|SIGPWR|SIGSYS]}, 0x0, 8
0
SYSCALL
analyzed_bin
rt_sigaction
108
SIGXCPU, {NULL}, 0x7ffd21736968, 8
0
SYSCALL
analyzed_bin
rt_sigaction
108
SIGXCPU, {0x46b020, SA_ONSTACK|SA_RESTART|SA_SIGINFO|SA_RESTORER, 0x46b160, [SIGHUP|SIGINT|SIGQUIT|SIGILL|SIGTRAP|SIGABRT|SIGBUS|SIGFPE|SIGKILL|SIGUSR1|SIGSEGV|SIGPIPE|SIGUSR2|SIGALRM|SIGTERM|SIGCHLD|SIGCONT|SIGSTOP|SIGTSTP|SIGTTIN|SIGTTOU|SIGURG|SIGXCPU|SIGXFSZ|SIGVTALRM|SIGPROF|SIGWINCH|SIGIO/SIGPOLL|SIGPWR|SIGSYS]}, 0x0, 8
0
SYSCALL
analyzed_bin
rt_sigaction
108
SIGXFSZ, {NULL}, 0x7ffd21736968, 8
0
SYSCALL
analyzed_bin
rt_sigaction
108
SIGXFSZ, {0x46b020, SA_ONSTACK|SA_RESTART|SA_SIGINFO|SA_RESTORER, 0x46b160, [SIGHUP|SIGINT|SIGQUIT|SIGILL|SIGTRAP|SIGABRT|SIGBUS|SIGFPE|SIGKILL|SIGUSR1|SIGSEGV|SIGPIPE|SIGUSR2|SIGALRM|SIGTERM|SIGCHLD|SIGCONT|SIGSTOP|SIGTSTP|SIGTTIN|SIGTTOU|SIGURG|SIGXCPU|SIGXFSZ|SIGVTALRM|SIGPROF|SIGWINCH|SIGIO/SIGPOLL|SIGPWR|SIGSYS]}, 0x0, 8
0
SYSCALL
analyzed_bin
rt_sigaction
108
SIGVTALRM, {NULL}, 0x7ffd21736968, 8
0
SYSCALL
analyzed_bin
rt_sigaction
108
SIGVTALRM, {0x46b020, SA_ONSTACK|SA_RESTART|SA_SIGINFO|SA_RESTORER, 0x46b160, [SIGHUP|SIGINT|SIGQUIT|SIGILL|SIGTRAP|SIGABRT|SIGBUS|SIGFPE|SIGKILL|SIGUSR1|SIGSEGV|SIGPIPE|SIGUSR2|SIGALRM|SIGTERM|SIGCHLD|SIGCONT|SIGSTOP|SIGTSTP|SIGTTIN|SIGTTOU|SIGURG|SIGXCPU|SIGXFSZ|SIGVTALRM|SIGPROF|SIGWINCH|SIGIO/SIGPOLL|SIGPWR|SIGSYS]}, 0x0, 8
0
SYSCALL
analyzed_bin
rt_sigaction
108
SIGPROF, {NULL}, 0x7ffd21736968, 8
0
SYSCALL
analyzed_bin
rt_sigaction
108
SIGPROF, {0x46b020, SA_ONSTACK|SA_RESTART|SA_SIGINFO|SA_RESTORER, 0x46b160, [SIGHUP|SIGINT|SIGQUIT|SIGILL|SIGTRAP|SIGABRT|SIGBUS|SIGFPE|SIGKILL|SIGUSR1|SIGSEGV|SIGPIPE|SIGUSR2|SIGALRM|SIGTERM|SIGCHLD|SIGCONT|SIGSTOP|SIGTSTP|SIGTTIN|SIGTTOU|SIGURG|SIGXCPU|SIGXFSZ|SIGVTALRM|SIGPROF|SIGWINCH|SIGIO/SIGPOLL|SIGPWR|SIGSYS]}, 0x0, 8
0
SYSCALL
analyzed_bin
rt_sigaction
108
SIGWINCH, {NULL}, 0x7ffd21736968, 8
0
SYSCALL
analyzed_bin
rt_sigaction
108
SIGWINCH, {0x46b020, SA_ONSTACK|SA_RESTART|SA_SIGINFO|SA_RESTORER, 0x46b160, [SIGHUP|SIGINT|SIGQUIT|SIGILL|SIGTRAP|SIGABRT|SIGBUS|SIGFPE|SIGKILL|SIGUSR1|SIGSEGV|SIGPIPE|SIGUSR2|SIGALRM|SIGTERM|SIGCHLD|SIGCONT|SIGSTOP|SIGTSTP|SIGTTIN|SIGTTOU|SIGURG|SIGXCPU|SIGXFSZ|SIGVTALRM|SIGPROF|SIGWINCH|SIGIO/SIGPOLL|SIGPWR|SIGSYS]}, 0x0, 8
0
SYSCALL
analyzed_bin
rt_sigaction
108
SIGIO/SIGPOLL, {NULL}, 0x7ffd21736968, 8
0
SYSCALL
analyzed_bin
rt_sigaction
108
SIGIO/SIGPOLL, {0x46b020, SA_ONSTACK|SA_RESTART|SA_SIGINFO|SA_RESTORER, 0x46b160, [SIGHUP|SIGINT|SIGQUIT|SIGILL|SIGTRAP|SIGABRT|SIGBUS|SIGFPE|SIGKILL|SIGUSR1|SIGSEGV|SIGPIPE|SIGUSR2|SIGALRM|SIGTERM|SIGCHLD|SIGCONT|SIGSTOP|SIGTSTP|SIGTTIN|SIGTTOU|SIGURG|SIGXCPU|SIGXFSZ|SIGVTALRM|SIGPROF|SIGWINCH|SIGIO/SIGPOLL|SIGPWR|SIGSYS]}, 0x0, 8
0
SYSCALL
analyzed_bin
rt_sigaction
108
SIGPWR, {NULL}, 0x7ffd21736968, 8
0
SYSCALL
analyzed_bin
rt_sigaction
108
SIGPWR, {0x46b020, SA_ONSTACK|SA_RESTART|SA_SIGINFO|SA_RESTORER, 0x46b160, [SIGHUP|SIGINT|SIGQUIT|SIGILL|SIGTRAP|SIGABRT|SIGBUS|SIGFPE|SIGKILL|SIGUSR1|SIGSEGV|SIGPIPE|SIGUSR2|SIGALRM|SIGTERM|SIGCHLD|SIGCONT|SIGSTOP|SIGTSTP|SIGTTIN|SIGTTOU|SIGURG|SIGXCPU|SIGXFSZ|SIGVTALRM|SIGPROF|SIGWINCH|SIGIO/SIGPOLL|SIGPWR|SIGSYS]}, 0x0, 8
0
SYSCALL
analyzed_bin
rt_sigaction
108
SIGSYS, {NULL}, 0x7ffd21736968, 8
0
SYSCALL
analyzed_bin
rt_sigaction
108
SIGSYS, {0x46b020, SA_ONSTACK|SA_RESTART|SA_SIGINFO|SA_RESTORER, 0x46b160, [SIGHUP|SIGINT|SIGQUIT|SIGILL|SIGTRAP|SIGABRT|SIGBUS|SIGFPE|SIGKILL|SIGUSR1|SIGSEGV|SIGPIPE|SIGUSR2|SIGALRM|SIGTERM|SIGCHLD|SIGCONT|SIGSTOP|SIGTSTP|SIGTTIN|SIGTTOU|SIGURG|SIGXCPU|SIGXFSZ|SIGVTALRM|SIGPROF|SIGWINCH|SIGIO/SIGPOLL|SIGPWR|SIGSYS]}, 0x0, 8
0
SYSCALL
analyzed_bin
rt_sigaction
108
0x20, {NULL}, 0x7ffd21736968, 8
0
SYSCALL
analyzed_bin
rt_sigaction
108
0x21, {NULL}, 0x7ffd21736968, 8
0
SYSCALL
analyzed_bin
rt_sigaction
108
0x22, {NULL}, 0x7ffd21736968, 8
0
SYSCALL
analyzed_bin
rt_sigaction
108
0x22, {0x46b020, SA_ONSTACK|SA_RESTART|SA_SIGINFO|SA_RESTORER, 0x46b160, [SIGHUP|SIGINT|SIGQUIT|SIGILL|SIGTRAP|SIGABRT|SIGBUS|SIGFPE|SIGKILL|SIGUSR1|SIGSEGV|SIGPIPE|SIGUSR2|SIGALRM|SIGTERM|SIGCHLD|SIGCONT|SIGSTOP|SIGTSTP|SIGTTIN|SIGTTOU|SIGURG|SIGXCPU|SIGXFSZ|SIGVTALRM|SIGPROF|SIGWINCH|SIGIO/SIGPOLL|SIGPWR|SIGSYS]}, 0x0, 8
0
SYSCALL
analyzed_bin
rt_sigaction
108
0x23, {NULL}, 0x7ffd21736968, 8
0
SYSCALL
analyzed_bin
rt_sigaction
108
0x23, {0x46b020, SA_ONSTACK|SA_RESTART|SA_SIGINFO|SA_RESTORER, 0x46b160, [SIGHUP|SIGINT|SIGQUIT|SIGILL|SIGTRAP|SIGABRT|SIGBUS|SIGFPE|SIGKILL|SIGUSR1|SIGSEGV|SIGPIPE|SIGUSR2|SIGALRM|SIGTERM|SIGCHLD|SIGCONT|SIGSTOP|SIGTSTP|SIGTTIN|SIGTTOU|SIGURG|SIGXCPU|SIGXFSZ|SIGVTALRM|SIGPROF|SIGWINCH|SIGIO/SIGPOLL|SIGPWR|SIGSYS]}, 0x0, 8
0
SYSCALL
analyzed_bin
rt_sigaction
108
0x24, {NULL}, 0x7ffd21736968, 8
0
SYSCALL
analyzed_bin
rt_sigaction
108
0x24, {0x46b020, SA_ONSTACK|SA_RESTART|SA_SIGINFO|SA_RESTORER, 0x46b160, [SIGHUP|SIGINT|SIGQUIT|SIGILL|SIGTRAP|SIGABRT|SIGBUS|SIGFPE|SIGKILL|SIGUSR1|SIGSEGV|SIGPIPE|SIGUSR2|SIGALRM|SIGTERM|SIGCHLD|SIGCONT|SIGSTOP|SIGTSTP|SIGTTIN|SIGTTOU|SIGURG|SIGXCPU|SIGXFSZ|SIGVTALRM|SIGPROF|SIGWINCH|SIGIO/SIGPOLL|SIGPWR|SIGSYS]}, 0x0, 8
0
SYSCALL
analyzed_bin
rt_sigaction
108
0x25, {NULL}, 0x7ffd21736968, 8
0
SYSCALL
analyzed_bin
rt_sigaction
108
0x25, {0x46b020, SA_ONSTACK|SA_RESTART|SA_SIGINFO|SA_RESTORER, 0x46b160, [SIGHUP|SIGINT|SIGQUIT|SIGILL|SIGTRAP|SIGABRT|SIGBUS|SIGFPE|SIGKILL|SIGUSR1|SIGSEGV|SIGPIPE|SIGUSR2|SIGALRM|SIGTERM|SIGCHLD|SIGCONT|SIGSTOP|SIGTSTP|SIGTTIN|SIGTTOU|SIGURG|SIGXCPU|SIGXFSZ|SIGVTALRM|SIGPROF|SIGWINCH|SIGIO/SIGPOLL|SIGPWR|SIGSYS]}, 0x0, 8
0
SYSCALL
analyzed_bin
rt_sigaction
108
0x26, {NULL}, 0x7ffd21736968, 8
0
SYSCALL
analyzed_bin
rt_sigaction
108
0x26, {0x46b020, SA_ONSTACK|SA_RESTART|SA_SIGINFO|SA_RESTORER, 0x46b160, [SIGHUP|SIGINT|SIGQUIT|SIGILL|SIGTRAP|SIGABRT|SIGBUS|SIGFPE|SIGKILL|SIGUSR1|SIGSEGV|SIGPIPE|SIGUSR2|SIGALRM|SIGTERM|SIGCHLD|SIGCONT|SIGSTOP|SIGTSTP|SIGTTIN|SIGTTOU|SIGURG|SIGXCPU|SIGXFSZ|SIGVTALRM|SIGPROF|SIGWINCH|SIGIO/SIGPOLL|SIGPWR|SIGSYS]}, 0x0, 8
0
SYSCALL
analyzed_bin
rt_sigaction
108
0x27, {NULL}, 0x7ffd21736968, 8
0
SYSCALL
analyzed_bin
rt_sigaction
108
0x27, {0x46b020, SA_ONSTACK|SA_RESTART|SA_SIGINFO|SA_RESTORER, 0x46b160, [SIGHUP|SIGINT|SIGQUIT|SIGILL|SIGTRAP|SIGABRT|SIGBUS|SIGFPE|SIGKILL|SIGUSR1|SIGSEGV|SIGPIPE|SIGUSR2|SIGALRM|SIGTERM|SIGCHLD|SIGCONT|SIGSTOP|SIGTSTP|SIGTTIN|SIGTTOU|SIGURG|SIGXCPU|SIGXFSZ|SIGVTALRM|SIGPROF|SIGWINCH|SIGIO/SIGPOLL|SIGPWR|SIGSYS]}, 0x0, 8
0
SYSCALL
analyzed_bin
rt_sigaction
108
0x28, {NULL}, 0x7ffd21736968, 8
0
SYSCALL
analyzed_bin
rt_sigaction
108
0x28, {0x46b020, SA_ONSTACK|SA_RESTART|SA_SIGINFO|SA_RESTORER, 0x46b160, [SIGHUP|SIGINT|SIGQUIT|SIGILL|SIGTRAP|SIGABRT|SIGBUS|SIGFPE|SIGKILL|SIGUSR1|SIGSEGV|SIGPIPE|SIGUSR2|SIGALRM|SIGTERM|SIGCHLD|SIGCONT|SIGSTOP|SIGTSTP|SIGTTIN|SIGTTOU|SIGURG|SIGXCPU|SIGXFSZ|SIGVTALRM|SIGPROF|SIGWINCH|SIGIO/SIGPOLL|SIGPWR|SIGSYS]}, 0x0, 8
0
SYSCALL
analyzed_bin
rt_sigaction
108
0x29, {NULL}, 0x7ffd21736968, 8
0
SYSCALL
analyzed_bin
rt_sigaction
108
0x29, {0x46b020, SA_ONSTACK|SA_RESTART|SA_SIGINFO|SA_RESTORER, 0x46b160, [SIGHUP|SIGINT|SIGQUIT|SIGILL|SIGTRAP|SIGABRT|SIGBUS|SIGFPE|SIGKILL|SIGUSR1|SIGSEGV|SIGPIPE|SIGUSR2|SIGALRM|SIGTERM|SIGCHLD|SIGCONT|SIGSTOP|SIGTSTP|SIGTTIN|SIGTTOU|SIGURG|SIGXCPU|SIGXFSZ|SIGVTALRM|SIGPROF|SIGWINCH|SIGIO/SIGPOLL|SIGPWR|SIGSYS]}, 0x0, 8
0
SYSCALL
analyzed_bin
rt_sigaction
108
0x2a, {NULL}, 0x7ffd21736968, 8
0
SYSCALL
analyzed_bin
rt_sigaction
108
0x2a, {0x46b020, SA_ONSTACK|SA_RESTART|SA_SIGINFO|SA_RESTORER, 0x46b160, [SIGHUP|SIGINT|SIGQUIT|SIGILL|SIGTRAP|SIGABRT|SIGBUS|SIGFPE|SIGKILL|SIGUSR1|SIGSEGV|SIGPIPE|SIGUSR2|SIGALRM|SIGTERM|SIGCHLD|SIGCONT|SIGSTOP|SIGTSTP|SIGTTIN|SIGTTOU|SIGURG|SIGXCPU|SIGXFSZ|SIGVTALRM|SIGPROF|SIGWINCH|SIGIO/SIGPOLL|SIGPWR|SIGSYS]}, 0x0, 8
0
SYSCALL
analyzed_bin
rt_sigaction
108
0x2b, {NULL}, 0x7ffd21736968, 8
0
SYSCALL
analyzed_bin
rt_sigaction
108
0x2b, {0x46b020, SA_ONSTACK|SA_RESTART|SA_SIGINFO|SA_RESTORER, 0x46b160, [SIGHUP|SIGINT|SIGQUIT|SIGILL|SIGTRAP|SIGABRT|SIGBUS|SIGFPE|SIGKILL|SIGUSR1|SIGSEGV|SIGPIPE|SIGUSR2|SIGALRM|SIGTERM|SIGCHLD|SIGCONT|SIGSTOP|SIGTSTP|SIGTTIN|SIGTTOU|SIGURG|SIGXCPU|SIGXFSZ|SIGVTALRM|SIGPROF|SIGWINCH|SIGIO/SIGPOLL|SIGPWR|SIGSYS]}, 0x0, 8
0
SYSCALL
analyzed_bin
rt_sigaction
108
0x2c, {NULL}, 0x7ffd21736968, 8
0
SYSCALL
analyzed_bin
rt_sigaction
108
0x2c, {0x46b020, SA_ONSTACK|SA_RESTART|SA_SIGINFO|SA_RESTORER, 0x46b160, [SIGHUP|SIGINT|SIGQUIT|SIGILL|SIGTRAP|SIGABRT|SIGBUS|SIGFPE|SIGKILL|SIGUSR1|SIGSEGV|SIGPIPE|SIGUSR2|SIGALRM|SIGTERM|SIGCHLD|SIGCONT|SIGSTOP|SIGTSTP|SIGTTIN|SIGTTOU|SIGURG|SIGXCPU|SIGXFSZ|SIGVTALRM|SIGPROF|SIGWINCH|SIGIO/SIGPOLL|SIGPWR|SIGSYS]}, 0x0, 8
0
SYSCALL
analyzed_bin
rt_sigaction
108
0x2d, {NULL}, 0x7ffd21736968, 8
0
SYSCALL
analyzed_bin
rt_sigaction
108
0x2d, {0x46b020, SA_ONSTACK|SA_RESTART|SA_SIGINFO|SA_RESTORER, 0x46b160, [SIGHUP|SIGINT|SIGQUIT|SIGILL|SIGTRAP|SIGABRT|SIGBUS|SIGFPE|SIGKILL|SIGUSR1|SIGSEGV|SIGPIPE|SIGUSR2|SIGALRM|SIGTERM|SIGCHLD|SIGCONT|SIGSTOP|SIGTSTP|SIGTTIN|SIGTTOU|SIGURG|SIGXCPU|SIGXFSZ|SIGVTALRM|SIGPROF|SIGWINCH|SIGIO/SIGPOLL|SIGPWR|SIGSYS]}, 0x0, 8
0
SYSCALL
analyzed_bin
rt_sigaction
108
0x2e, {NULL}, 0x7ffd21736968, 8
0
SYSCALL
analyzed_bin
rt_sigaction
108
0x2e, {0x46b020, SA_ONSTACK|SA_RESTART|SA_SIGINFO|SA_RESTORER, 0x46b160, [SIGHUP|SIGINT|SIGQUIT|SIGILL|SIGTRAP|SIGABRT|SIGBUS|SIGFPE|SIGKILL|SIGUSR1|SIGSEGV|SIGPIPE|SIGUSR2|SIGALRM|SIGTERM|SIGCHLD|SIGCONT|SIGSTOP|SIGTSTP|SIGTTIN|SIGTTOU|SIGURG|SIGXCPU|SIGXFSZ|SIGVTALRM|SIGPROF|SIGWINCH|SIGIO/SIGPOLL|SIGPWR|SIGSYS]}, 0x0, 8
0
SYSCALL
analyzed_bin
rt_sigaction
108
0x2f, {NULL}, 0x7ffd21736968, 8
0
SYSCALL
analyzed_bin
rt_sigaction
108
0x2f, {0x46b020, SA_ONSTACK|SA_RESTART|SA_SIGINFO|SA_RESTORER, 0x46b160, [SIGHUP|SIGINT|SIGQUIT|SIGILL|SIGTRAP|SIGABRT|SIGBUS|SIGFPE|SIGKILL|SIGUSR1|SIGSEGV|SIGPIPE|SIGUSR2|SIGALRM|SIGTERM|SIGCHLD|SIGCONT|SIGSTOP|SIGTSTP|SIGTTIN|SIGTTOU|SIGURG|SIGXCPU|SIGXFSZ|SIGVTALRM|SIGPROF|SIGWINCH|SIGIO/SIGPOLL|SIGPWR|SIGSYS]}, 0x0, 8
0
SYSCALL
analyzed_bin
rt_sigaction
108
0x30, {NULL}, 0x7ffd21736968, 8
0
SYSCALL
analyzed_bin
rt_sigaction
108
0x30, {0x46b020, SA_ONSTACK|SA_RESTART|SA_SIGINFO|SA_RESTORER, 0x46b160, [SIGHUP|SIGINT|SIGQUIT|SIGILL|SIGTRAP|SIGABRT|SIGBUS|SIGFPE|SIGKILL|SIGUSR1|SIGSEGV|SIGPIPE|SIGUSR2|SIGALRM|SIGTERM|SIGCHLD|SIGCONT|SIGSTOP|SIGTSTP|SIGTTIN|SIGTTOU|SIGURG|SIGXCPU|SIGXFSZ|SIGVTALRM|SIGPROF|SIGWINCH|SIGIO/SIGPOLL|SIGPWR|SIGSYS]}, 0x0, 8
0
SYSCALL
analyzed_bin
rt_sigaction
108
0x31, {NULL}, 0x7ffd21736968, 8
0
SYSCALL
analyzed_bin
rt_sigaction
108
0x31, {0x46b020, SA_ONSTACK|SA_RESTART|SA_SIGINFO|SA_RESTORER, 0x46b160, [SIGHUP|SIGINT|SIGQUIT|SIGILL|SIGTRAP|SIGABRT|SIGBUS|SIGFPE|SIGKILL|SIGUSR1|SIGSEGV|SIGPIPE|SIGUSR2|SIGALRM|SIGTERM|SIGCHLD|SIGCONT|SIGSTOP|SIGTSTP|SIGTTIN|SIGTTOU|SIGURG|SIGXCPU|SIGXFSZ|SIGVTALRM|SIGPROF|SIGWINCH|SIGIO/SIGPOLL|SIGPWR|SIGSYS]}, 0x0, 8
0
SYSCALL
analyzed_bin
rt_sigaction
108
0x32, {NULL}, 0x7ffd21736968, 8
0
SYSCALL
analyzed_bin
rt_sigaction
108
0x32, {0x46b020, SA_ONSTACK|SA_RESTART|SA_SIGINFO|SA_RESTORER, 0x46b160, [SIGHUP|SIGINT|SIGQUIT|SIGILL|SIGTRAP|SIGABRT|SIGBUS|SIGFPE|SIGKILL|SIGUSR1|SIGSEGV|SIGPIPE|SIGUSR2|SIGALRM|SIGTERM|SIGCHLD|SIGCONT|SIGSTOP|SIGTSTP|SIGTTIN|SIGTTOU|SIGURG|SIGXCPU|SIGXFSZ|SIGVTALRM|SIGPROF|SIGWINCH|SIGIO/SIGPOLL|SIGPWR|SIGSYS]}, 0x0, 8
0
SYSCALL
analyzed_bin
rt_sigaction
108
0x33, {NULL}, 0x7ffd21736968, 8
0
SYSCALL
analyzed_bin
rt_sigaction
108
0x33, {0x46b020, SA_ONSTACK|SA_RESTART|SA_SIGINFO|SA_RESTORER, 0x46b160, [SIGHUP|SIGINT|SIGQUIT|SIGILL|SIGTRAP|SIGABRT|SIGBUS|SIGFPE|SIGKILL|SIGUSR1|SIGSEGV|SIGPIPE|SIGUSR2|SIGALRM|SIGTERM|SIGCHLD|SIGCONT|SIGSTOP|SIGTSTP|SIGTTIN|SIGTTOU|SIGURG|SIGXCPU|SIGXFSZ|SIGVTALRM|SIGPROF|SIGWINCH|SIGIO/SIGPOLL|SIGPWR|SIGSYS]}, 0x0, 8
0
SYSCALL
analyzed_bin
rt_sigaction
108
0x34, {NULL}, 0x7ffd21736968, 8
0
SYSCALL
analyzed_bin
rt_sigaction
108
0x34, {0x46b020, SA_ONSTACK|SA_RESTART|SA_SIGINFO|SA_RESTORER, 0x46b160, [SIGHUP|SIGINT|SIGQUIT|SIGILL|SIGTRAP|SIGABRT|SIGBUS|SIGFPE|SIGKILL|SIGUSR1|SIGSEGV|SIGPIPE|SIGUSR2|SIGALRM|SIGTERM|SIGCHLD|SIGCONT|SIGSTOP|SIGTSTP|SIGTTIN|SIGTTOU|SIGURG|SIGXCPU|SIGXFSZ|SIGVTALRM|SIGPROF|SIGWINCH|SIGIO/SIGPOLL|SIGPWR|SIGSYS]}, 0x0, 8
0
SYSCALL
analyzed_bin
rt_sigaction
108
0x35, {NULL}, 0x7ffd21736968, 8
0
SYSCALL
analyzed_bin
rt_sigaction
108
0x35, {0x46b020, SA_ONSTACK|SA_RESTART|SA_SIGINFO|SA_RESTORER, 0x46b160, [SIGHUP|SIGINT|SIGQUIT|SIGILL|SIGTRAP|SIGABRT|SIGBUS|SIGFPE|SIGKILL|SIGUSR1|SIGSEGV|SIGPIPE|SIGUSR2|SIGALRM|SIGTERM|SIGCHLD|SIGCONT|SIGSTOP|SIGTSTP|SIGTTIN|SIGTTOU|SIGURG|SIGXCPU|SIGXFSZ|SIGVTALRM|SIGPROF|SIGWINCH|SIGIO/SIGPOLL|SIGPWR|SIGSYS]}, 0x0, 8
0
SYSCALL
analyzed_bin
rt_sigaction
108
0x36, {NULL}, 0x7ffd21736968, 8
0
SYSCALL
analyzed_bin
rt_sigaction
108
0x36, {0x46b020, SA_ONSTACK|SA_RESTART|SA_SIGINFO|SA_RESTORER, 0x46b160, [SIGHUP|SIGINT|SIGQUIT|SIGILL|SIGTRAP|SIGABRT|SIGBUS|SIGFPE|SIGKILL|SIGUSR1|SIGSEGV|SIGPIPE|SIGUSR2|SIGALRM|SIGTERM|SIGCHLD|SIGCONT|SIGSTOP|SIGTSTP|SIGTTIN|SIGTTOU|SIGURG|SIGXCPU|SIGXFSZ|SIGVTALRM|SIGPROF|SIGWINCH|SIGIO/SIGPOLL|SIGPWR|SIGSYS]}, 0x0, 8
0
SYSCALL
analyzed_bin
rt_sigaction
108
0x37, {NULL}, 0x7ffd21736968, 8
0
SYSCALL
analyzed_bin
rt_sigaction
108
0x37, {0x46b020, SA_ONSTACK|SA_RESTART|SA_SIGINFO|SA_RESTORER, 0x46b160, [SIGHUP|SIGINT|SIGQUIT|SIGILL|SIGTRAP|SIGABRT|SIGBUS|SIGFPE|SIGKILL|SIGUSR1|SIGSEGV|SIGPIPE|SIGUSR2|SIGALRM|SIGTERM|SIGCHLD|SIGCONT|SIGSTOP|SIGTSTP|SIGTTIN|SIGTTOU|SIGURG|SIGXCPU|SIGXFSZ|SIGVTALRM|SIGPROF|SIGWINCH|SIGIO/SIGPOLL|SIGPWR|SIGSYS]}, 0x0, 8
0
SYSCALL
analyzed_bin
rt_sigaction
108
0x38, {NULL}, 0x7ffd21736968, 8
0
SYSCALL
analyzed_bin
rt_sigaction
108
0x38, {0x46b020, SA_ONSTACK|SA_RESTART|SA_SIGINFO|SA_RESTORER, 0x46b160, [SIGHUP|SIGINT|SIGQUIT|SIGILL|SIGTRAP|SIGABRT|SIGBUS|SIGFPE|SIGKILL|SIGUSR1|SIGSEGV|SIGPIPE|SIGUSR2|SIGALRM|SIGTERM|SIGCHLD|SIGCONT|SIGSTOP|SIGTSTP|SIGTTIN|SIGTTOU|SIGURG|SIGXCPU|SIGXFSZ|SIGVTALRM|SIGPROF|SIGWINCH|SIGIO/SIGPOLL|SIGPWR|SIGSYS]}, 0x0, 8
0
SYSCALL
analyzed_bin
rt_sigaction
108
0x39, {NULL}, 0x7ffd21736968, 8
0
SYSCALL
analyzed_bin
rt_sigaction
108
0x39, {0x46b020, SA_ONSTACK|SA_RESTART|SA_SIGINFO|SA_RESTORER, 0x46b160, [SIGHUP|SIGINT|SIGQUIT|SIGILL|SIGTRAP|SIGABRT|SIGBUS|SIGFPE|SIGKILL|SIGUSR1|SIGSEGV|SIGPIPE|SIGUSR2|SIGALRM|SIGTERM|SIGCHLD|SIGCONT|SIGSTOP|SIGTSTP|SIGTTIN|SIGTTOU|SIGURG|SIGXCPU|SIGXFSZ|SIGVTALRM|SIGPROF|SIGWINCH|SIGIO/SIGPOLL|SIGPWR|SIGSYS]}, 0x0, 8
0
SYSCALL
analyzed_bin
rt_sigaction
108
0x3a, {NULL}, 0x7ffd21736968, 8
0
SYSCALL
analyzed_bin
rt_sigaction
108
0x3a, {0x46b020, SA_ONSTACK|SA_RESTART|SA_SIGINFO|SA_RESTORER, 0x46b160, [SIGHUP|SIGINT|SIGQUIT|SIGILL|SIGTRAP|SIGABRT|SIGBUS|SIGFPE|SIGKILL|SIGUSR1|SIGSEGV|SIGPIPE|SIGUSR2|SIGALRM|SIGTERM|SIGCHLD|SIGCONT|SIGSTOP|SIGTSTP|SIGTTIN|SIGTTOU|SIGURG|SIGXCPU|SIGXFSZ|SIGVTALRM|SIGPROF|SIGWINCH|SIGIO/SIGPOLL|SIGPWR|SIGSYS]}, 0x0, 8
0
SYSCALL
analyzed_bin
rt_sigaction
108
0x3b, {NULL}, 0x7ffd21736968, 8
0
SYSCALL
analyzed_bin
rt_sigaction
108
0x3b, {0x46b020, SA_ONSTACK|SA_RESTART|SA_SIGINFO|SA_RESTORER, 0x46b160, [SIGHUP|SIGINT|SIGQUIT|SIGILL|SIGTRAP|SIGABRT|SIGBUS|SIGFPE|SIGKILL|SIGUSR1|SIGSEGV|SIGPIPE|SIGUSR2|SIGALRM|SIGTERM|SIGCHLD|SIGCONT|SIGSTOP|SIGTSTP|SIGTTIN|SIGTTOU|SIGURG|SIGXCPU|SIGXFSZ|SIGVTALRM|SIGPROF|SIGWINCH|SIGIO/SIGPOLL|SIGPWR|SIGSYS]}, 0x0, 8
0
SYSCALL
analyzed_bin
rt_sigaction
108
0x3c, {NULL}, 0x7ffd21736968, 8
0
SYSCALL
analyzed_bin
rt_sigaction
108
0x3c, {0x46b020, SA_ONSTACK|SA_RESTART|SA_SIGINFO|SA_RESTORER, 0x46b160, [SIGHUP|SIGINT|SIGQUIT|SIGILL|SIGTRAP|SIGABRT|SIGBUS|SIGFPE|SIGKILL|SIGUSR1|SIGSEGV|SIGPIPE|SIGUSR2|SIGALRM|SIGTERM|SIGCHLD|SIGCONT|SIGSTOP|SIGTSTP|SIGTTIN|SIGTTOU|SIGURG|SIGXCPU|SIGXFSZ|SIGVTALRM|SIGPROF|SIGWINCH|SIGIO/SIGPOLL|SIGPWR|SIGSYS]}, 0x0, 8
0
SYSCALL
analyzed_bin
rt_sigaction
108
0x3d, {NULL}, 0x7ffd21736968, 8
0
SYSCALL
analyzed_bin
rt_sigaction
108
0x3d, {0x46b020, SA_ONSTACK|SA_RESTART|SA_SIGINFO|SA_RESTORER, 0x46b160, [SIGHUP|SIGINT|SIGQUIT|SIGILL|SIGTRAP|SIGABRT|SIGBUS|SIGFPE|SIGKILL|SIGUSR1|SIGSEGV|SIGPIPE|SIGUSR2|SIGALRM|SIGTERM|SIGCHLD|SIGCONT|SIGSTOP|SIGTSTP|SIGTTIN|SIGTTOU|SIGURG|SIGXCPU|SIGXFSZ|SIGVTALRM|SIGPROF|SIGWINCH|SIGIO/SIGPOLL|SIGPWR|SIGSYS]}, 0x0, 8
0
SYSCALL
analyzed_bin
rt_sigaction
108
0x3e, {NULL}, 0x7ffd21736968, 8
0
SYSCALL
analyzed_bin
rt_sigaction
108
0x3e, {0x46b020, SA_ONSTACK|SA_RESTART|SA_SIGINFO|SA_RESTORER, 0x46b160, [SIGHUP|SIGINT|SIGQUIT|SIGILL|SIGTRAP|SIGABRT|SIGBUS|SIGFPE|SIGKILL|SIGUSR1|SIGSEGV|SIGPIPE|SIGUSR2|SIGALRM|SIGTERM|SIGCHLD|SIGCONT|SIGSTOP|SIGTSTP|SIGTTIN|SIGTTOU|SIGURG|SIGXCPU|SIGXFSZ|SIGVTALRM|SIGPROF|SIGWINCH|SIGIO/SIGPOLL|SIGPWR|SIGSYS]}, 0x0, 8
0
SYSCALL
analyzed_bin
rt_sigaction
108
0x3f, {NULL}, 0x7ffd21736968, 8
0
SYSCALL
analyzed_bin
rt_sigaction
108
0x3f, {0x46b020, SA_ONSTACK|SA_RESTART|SA_SIGINFO|SA_RESTORER, 0x46b160, [SIGHUP|SIGINT|SIGQUIT|SIGILL|SIGTRAP|SIGABRT|SIGBUS|SIGFPE|SIGKILL|SIGUSR1|SIGSEGV|SIGPIPE|SIGUSR2|SIGALRM|SIGTERM|SIGCHLD|SIGCONT|SIGSTOP|SIGTSTP|SIGTTIN|SIGTTOU|SIGURG|SIGXCPU|SIGXFSZ|SIGVTALRM|SIGPROF|SIGWINCH|SIGIO/SIGPOLL|SIGPWR|SIGSYS]}, 0x0, 8
0
SYSCALL
analyzed_bin
rt_sigaction
108
0x40, {NULL}, 0x7ffd21736968, 8
0
SYSCALL
analyzed_bin
rt_sigaction
108
0x40, {0x46b020, SA_ONSTACK|SA_RESTART|SA_SIGINFO|SA_RESTORER, 0x46b160, [SIGHUP|SIGINT|SIGQUIT|SIGILL|SIGTRAP|SIGABRT|SIGBUS|SIGFPE|SIGKILL|SIGUSR1|SIGSEGV|SIGPIPE|SIGUSR2|SIGALRM|SIGTERM|SIGCHLD|SIGCONT|SIGSTOP|SIGTSTP|SIGTTIN|SIGTTOU|SIGURG|SIGXCPU|SIGXFSZ|SIGVTALRM|SIGPROF|SIGWINCH|SIGIO/SIGPOLL|SIGPWR|SIGSYS]}, 0x0, 8
0
SYSCALL
analyzed_bin
rt_sigprocmask
108
SIG_SETMASK, [SIGHUP|SIGINT|SIGQUIT|SIGILL|SIGTRAP|SIGABRT|SIGBUS|SIGFPE|SIGKILL|SIGUSR1|SIGSEGV|SIGPIPE|SIGUSR2|SIGALRM|SIGTERM|SIGCHLD|SIGCONT|SIGSTOP|SIGTSTP|SIGTTIN|SIGTTOU|SIGURG|SIGXCPU|SIGXFSZ|SIGVTALRM|SIGPROF|SIGWINCH|SIGIO/SIGPOLL|SIGPWR|SIGSYS], 0x7ffd21736908, 8
0
PROCESS
110:108
SYSCALL
analyzed_bin
clone
108
CLONE_VM|CLONE_FS|CLONE_FILES|CLONE_SIGHAND|CLONE_THREAD|CLONE_SYSVSEM, 0xc00003c000, 0x0, 0x0
110
SYSCALL
analyzed_bin
rt_sigprocmask
108
SIG_SETMASK, [EMPTY], 0x0, 8
0
SYSCALL
analyzed_bin
gettid
108

110
SYSCALL
analyzed_bin
rt_sigprocmask
108
SIG_SETMASK, [SIGHUP|SIGINT|SIGQUIT|SIGILL|SIGTRAP|SIGABRT|SIGBUS|SIGFPE|SIGKILL|SIGUSR1|SIGSEGV|SIGPIPE|SIGUSR2|SIGALRM|SIGTERM|SIGCHLD|SIGCONT|SIGSTOP|SIGTSTP|SIGTTIN|SIGTTOU|SIGURG|SIGXCPU|SIGXFSZ|SIGVTALRM|SIGPROF|SIGWINCH|SIGIO/SIGPOLL|SIGPWR|SIGSYS], 0x7ffd217367f8, 8
0
PROCESS
111:108
SYSCALL
analyzed_bin
clone
108
CLONE_VM|CLONE_FS|CLONE_FILES|CLONE_SIGHAND|CLONE_THREAD|CLONE_SYSVSEM, 0xc00003e000, 0x0, 0x0
111
SYSCALL
analyzed_bin
rt_sigprocmask
108
SIG_SETMASK, [EMPTY], 0x0, 8
0
SYSCALL
analyzed_bin
arch_prctl
108
ARCH_SET_FS, 824633901200
0
SYSCALL
analyzed_bin
sigaltstack
108
0x0, 0xc00003bf60
0
SYSCALL
analyzed_bin
sigaltstack
108
{ss_sp=0xc00002e000, ss_flags=0x0, ss_size=32768}, 0x0
0
SYSCALL
analyzed_bin
rt_sigprocmask
108
SIG_SETMASK, [EMPTY], 0x0, 8
0
SYSCALL
analyzed_bin
gettid
108

110
SYSCALL
analyzed_bin
gettid
108

111
SYSCALL
analyzed_bin
arch_prctl
108
ARCH_SET_FS, 824633902224
0
SYSCALL
analyzed_bin
sigaltstack
108
0x0, 0xc00003df60
0
SYSCALL
analyzed_bin
sigaltstack
108
{ss_sp=0xc000042000, ss_flags=0x0, ss_size=32768}, 0x0
0
SYSCALL
analyzed_bin
rt_sigprocmask
108
SIG_SETMASK, [EMPTY], 0x0, 8
0
SYSCALL
analyzed_bin
gettid
108

111
SYSCALL
analyzed_bin
nanosleep
108
[0.000020000], 0x0
0
SYSCALL
analyzed_bin
futex
108
0x9207c8, FUTEX_WAKE_PRIVATE, 1
1
SYSCALL
analyzed_bin
futex
108
0x9207c8, FUTEX_WAIT_PRIVATE, 0
0
SYSCALL
analyzed_bin
rt_sigprocmask
108
SIG_SETMASK, [SIGHUP|SIGINT|SIGQUIT|SIGILL|SIGTRAP|SIGABRT|SIGBUS|SIGFPE|SIGKILL|SIGUSR1|SIGSEGV|SIGPIPE|SIGUSR2|SIGALRM|SIGTERM|SIGCHLD|SIGCONT|SIGSTOP|SIGTSTP|SIGTTIN|SIGTTOU|SIGURG|SIGXCPU|SIGXFSZ|SIGVTALRM|SIGPROF|SIGWINCH|SIGIO/SIGPOLL|SIGPWR|SIGSYS], 0x7ffd217367f8, 8
0
PROCESS
112:108
SYSCALL
analyzed_bin
clone
108
CLONE_VM|CLONE_FS|CLONE_FILES|CLONE_SIGHAND|CLONE_THREAD|CLONE_SYSVSEM, 0xc000038000, 0x0, 0x0
112
SYSCALL
analyzed_bin
rt_sigprocmask
108
SIG_SETMASK, [EMPTY], 0x0, 8
0
SYSCALL
analyzed_bin
gettid
108

112
SYSCALL
analyzed_bin
arch_prctl
108
ARCH_SET_FS, 824633903248
0
SYSCALL
analyzed_bin
nanosleep
108
[0.000020000], 0x0
0
SYSCALL
analyzed_bin
sigaltstack
108
0x0, 0xc000037f60
0
SYSCALL
analyzed_bin
sigaltstack
108
{ss_sp=0xc00004c000, ss_flags=0x0, ss_size=32768}, 0x0
0
SYSCALL
analyzed_bin
rt_sigprocmask
108
SIG_SETMASK, [EMPTY], 0x0, 8
0
SYSCALL
analyzed_bin
gettid
108

112
SYSCALL
analyzed_bin
futex
108
0x9207c8, FUTEX_WAKE_PRIVATE, 1
1
SYSCALL
analyzed_bin
futex
108
0x9207c8, FUTEX_WAIT_PRIVATE, 0
0
SYSCALL
analyzed_bin
nanosleep
108
[0.000020000], 0x0
0
SYSCALL
analyzed_bin
nanosleep
108
[0.000020000], 0x0
0
SYSCALL
analyzed_bin
nanosleep
108
[0.000020000], 0x0
0
SYSCALL
analyzed_bin
nanosleep
108
[0.000020000], 0x0
0
SYSCALL
analyzed_bin
getpid
108

108
SYSCALL
analyzed_bin
tgkill
108
108, 108, SIGURG
0
SYSCALL
analyzed_bin
rt_sigreturn
108

9306176
SYSCALL
analyzed_bin
futex
108
0xc00002c948, FUTEX_WAKE_PRIVATE, 1
1
SYSCALL
analyzed_bin
futex
108
0xc00002c948, FUTEX_WAIT_PRIVATE, 0
0
SYSCALL
analyzed_bin
futex
108
0x9207c8, FUTEX_WAKE_PRIVATE, 1
0
SYSCALL
analyzed_bin
nanosleep
108
[0.000020000], 0x0
0
SYSCALL
analyzed_bin
readlinkat
108
AT_FDCWD, "/proc/self/exe", 0xc00006e000, 128
18
SYSCALL
analyzed_bin
nanosleep
108
[0.000020000], 0x0
0
SYSCALL
analyzed_bin
futex
108
0xc00002c948, FUTEX_WAKE_PRIVATE, 1
1
SYSCALL
analyzed_bin
futex
108
0xc00002c948, FUTEX_WAIT_PRIVATE, 0
0
SYSCALL
analyzed_bin
fcntl
108
0, F_GETFL, 0x0
32768
SYSCALL
analyzed_bin
mmap2
108
0x0, 262144, PROT_READ|PROT_WRITE, MAP_PRIVATE|MAP_ANONYMOUS, -1, 0
0x7fbf95018000
SYSCALL
analyzed_bin
fcntl
108
1, F_GETFL, 0x0
32769
SYSCALL
analyzed_bin
fcntl
108
2, F_GETFL, 0x0
32770
SYSCALL
analyzed_bin
nanosleep
108
[0.000020000], 0x0
0
SYSCALL
analyzed_bin
nanosleep
108
[0.000020000], 0x0
0
SYSCALL
analyzed_bin
nanosleep
108
[0.000020000], 0x0
0
SYSCALL
analyzed_bin
getpid
108

108
SYSCALL
analyzed_bin
tgkill
108
108, 108, SIGURG
0
SYSCALL
analyzed_bin
nanosleep
108
[0.000020000], 0x0
0
SYSCALL
analyzed_bin
rt_sigreturn
108

824633787568
SYSCALL
analyzed_bin
futex
108
0xc00002c948, FUTEX_WAKE_PRIVATE, 1
1
SYSCALL
analyzed_bin
futex
108
0xc00002c948, FUTEX_WAIT_PRIVATE, 0
0
SYSCALL
analyzed_bin
futex
108
0x9207c8, FUTEX_WAKE_PRIVATE, 1
0
SYSCALL
analyzed_bin
nanosleep
108
[0.000020000], 0x0
0
SYSCALL
analyzed_bin
nanosleep
108
[0.000020000], 0x0
0
SYSCALL
analyzed_bin
nanosleep
108
[0.000020000], 0x0
0
SYSCALL
analyzed_bin
nanosleep
108
[0.000020000], 0x0
0
SYSCALL
analyzed_bin
getpid
108

108
SYSCALL
analyzed_bin
tgkill
108
108, 108, SIGURG
0
SYSCALL
analyzed_bin
rt_sigreturn
108

824634101332
SYSCALL
analyzed_bin
futex
108
0xc00002c948, FUTEX_WAKE_PRIVATE, 1
1
SYSCALL
analyzed_bin
futex
108
0xc00002c948, FUTEX_WAIT_PRIVATE, 0
0
SYSCALL
analyzed_bin
futex
108
0x9207c8, FUTEX_WAKE_PRIVATE, 1
0
SYSCALL
analyzed_bin
nanosleep
108
[0.000020000], 0x0
0
SYSCALL
analyzed_bin
nanosleep
108
[0.000020000], 0x0
0
SYSCALL
analyzed_bin
nanosleep
108
[0.000020000], 0x0
0
OPENFILE
"/proc/stat"
SYSCALL
analyzed_bin
openat
108
AT_FDCWD, "/proc/stat", O_RDONLY|O_CLOEXEC
3
SYSCALL
analyzed_bin
nanosleep
108
[0.000020000], 0x0
0
SYSCALL
analyzed_bin
futex
108
0xc00002c948, FUTEX_WAKE_PRIVATE, 1
1
SYSCALL
analyzed_bin
futex
108
0xc00002c948, FUTEX_WAIT_PRIVATE, 0
0
SYSCALL
analyzed_bin
epoll_create1
108
EPOLL_CLOEXEC
4
SYSCALL
analyzed_bin
pipe2
108
[4248816, 0], O_NONBLOCK|O_CLOEXEC
0
SYSCALL
analyzed_bin
epoll_ctl
108
4, EPOLL_CTL_ADD, 5, 0xc00005ca24
0
SYSCALL
analyzed_bin
nanosleep
108
[0.000020000], 0x0
0
SYSCALL
analyzed_bin
getpid
108

108
SYSCALL
analyzed_bin
tgkill
108
108, 108, SIGURG
0
SYSCALL
analyzed_bin
rt_sigreturn
108

0
SYSCALL
analyzed_bin
futex
108
0xc00002c948, FUTEX_WAKE_PRIVATE, 1
1
SYSCALL
analyzed_bin
futex
108
0xc00002c948, FUTEX_WAIT_PRIVATE, 0
0
SYSCALL
analyzed_bin
futex
108
0x9207c8, FUTEX_WAKE_PRIVATE, 1
0
SYSCALL
analyzed_bin
epoll_ctl
108
4, EPOLL_CTL_ADD, 3, 0xc00005ca64
0
SYSCALL
analyzed_bin
fcntl
108
3, F_GETFL, 0x0
32768
SYSCALL
analyzed_bin
fcntl
108
3, F_SETFL, 0x8800
0
SYSCALL
analyzed_bin
nanosleep
108
[0.000020000], 0x0
0
SYSCALL
analyzed_bin
epoll_pwait
108
4, 0xc00003b928, 128, 0, 0x0, 0
1
SYSCALL
analyzed_bin
read
108
3, 0xc0000a8000, 4096
291
SYSCALL
analyzed_bin
nanosleep
108
[0.000020000], 0x0
0
SYSCALL
analyzed_bin
epoll_ctl
108
4, EPOLL_CTL_DEL, 3, 0xc00005caec
0
SYSCALL
analyzed_bin
close
108
3
0
OPENFILE
"/proc/stat"
SYSCALL
analyzed_bin
openat
108
AT_FDCWD, "/proc/stat", O_RDONLY|O_CLOEXEC
3
SYSCALL
analyzed_bin
epoll_ctl
108
4, EPOLL_CTL_ADD, 3, 0xc00005ca64
0
SYSCALL
analyzed_bin
nanosleep
108
[0.000020000], 0x0
0
SYSCALL
analyzed_bin
fcntl
108
3, F_GETFL, 0x0
32768
SYSCALL
analyzed_bin
fcntl
108
3, F_SETFL, 0x8800
0
SYSCALL
analyzed_bin
read
108
3, 0xc0000a9000, 4096
291
SYSCALL
analyzed_bin
read
108
3, 0xc0000a9000, 4096
0
SYSCALL
analyzed_bin
epoll_ctl
108
4, EPOLL_CTL_DEL, 3, 0xc00005caec
0
SYSCALL
analyzed_bin
close
108
3
0
SYSCALL
analyzed_bin
fstatat
108
AT_FDCWD, "/bin/getconf", 0xc000012fa8, 0x0
-2 (ENOENT)
SYSCALL
analyzed_bin
nanosleep
108
[0.000020000], 0x0
0
SYSCALL
analyzed_bin
epoll_pwait
108
4, 0xc00003b928, 128, 0, 0x0, 233
0
SYSCALL
analyzed_bin
futex
108
0xc00002c948, FUTEX_WAKE_PRIVATE, 1
1
SYSCALL
analyzed_bin
futex
108
0xc00002c948, FUTEX_WAIT_PRIVATE, 0
0
SYSCALL
analyzed_bin
fstatat
108
AT_FDCWD, "/sbin/getconf", 0xc000013078, 0x0
-2 (ENOENT)
SYSCALL
analyzed_bin
fstatat
108
AT_FDCWD, "/usr/bin/getconf", 0xc000013148, 0x0
-2 (ENOENT)
SYSCALL
analyzed_bin
fstatat
108
AT_FDCWD, "/usr/sbin/getconf", 0xc000013218, 0x0
-2 (ENOENT)
SYSCALL
analyzed_bin
nanosleep
108
[0.000020000], 0x0
0
SYSCALL
analyzed_bin
getpid
108

108
SYSCALL
analyzed_bin
tgkill
108
108, 108, SIGURG
0
SYSCALL
analyzed_bin
rt_sigreturn
108

824634433648
SYSCALL
analyzed_bin
futex
108
0xc00002c948, FUTEX_WAKE_PRIVATE, 1
1
SYSCALL
analyzed_bin
futex
108
0xc00002c948, FUTEX_WAIT_PRIVATE, 0
0
SYSCALL
analyzed_bin
futex
108
0x9207c8, FUTEX_WAKE_PRIVATE, 1
0
SYSCALL
analyzed_bin
nanosleep
108
[0.000020000], 0x0
0
SYSCALL
analyzed_bin
nanosleep
108
[0.000020000], 0x0
0
SYSCALL
analyzed_bin
epoll_pwait
108
4, 0xc00003b928, 128, 0, 0x0, 0
0
SYSCALL
analyzed_bin
nanosleep
108
[0.000020000], 0x0
0
SYSCALL
analyzed_bin
futex
108
0xc00002c948, FUTEX_WAKE_PRIVATE, 1
1
SYSCALL
analyzed_bin
futex
108
0xc00002c948, FUTEX_WAIT_PRIVATE, 0
0
SYSCALL
analyzed_bin
nanosleep
108
[0.000020000], 0x0
0
SYSCALL
analyzed_bin
epoll_pwait
108
4, 0xc00003b928, 128, 0, 0x0, 0
0
SYSCALL
analyzed_bin
getpid
108

108
SYSCALL
analyzed_bin
tgkill
108
108, 112, SIGURG
0
SYSCALL
analyzed_bin
rt_sigreturn
108

8562616
SYSCALL
analyzed_bin
nanosleep
108
[0.000020000], 0x0
0
SYSCALL
analyzed_bin
getpid
108

108
SYSCALL
analyzed_bin
tgkill
108
108, 112, SIGURG
0
SYSCALL
analyzed_bin
rt_sigreturn
108

2147483647
OPENFILE
"/etc/nsswitch.conf"
SYSCALL
analyzed_bin
openat
108
AT_FDCWD, "/etc/nsswitch.conf", O_RDONLY|O_CLOEXEC
3
SYSCALL
analyzed_bin
epoll_ctl
108
4, EPOLL_CTL_ADD, 3, 0xc00005c83c
-1 (EPERM)
SYSCALL
analyzed_bin
epoll_ctl
108
4, EPOLL_CTL_DEL, 3, 0xc00005c874
-1 (EPERM)
SYSCALL
analyzed_bin
read
108
3, 0xc00008a400, 1024
230
SYSCALL
analyzed_bin
read
108
3, 0xc00008a400, 1024
0
SYSCALL
analyzed_bin
close
108
3
0
SYSCALL
analyzed_bin
nanosleep
108
[0.000020000], 0x0
0
OPENFILE
"/etc/resolv.conf"
SYSCALL
analyzed_bin
openat
108
AT_FDCWD, "/etc/resolv.conf", O_RDONLY|O_CLOEXEC
3
SYSCALL
analyzed_bin
epoll_ctl
108
4, EPOLL_CTL_ADD, 3, 0xc00005c714
-1 (EPERM)
SYSCALL
analyzed_bin
epoll_ctl
108
4, EPOLL_CTL_DEL, 3, 0xc00005c74c
-1 (EPERM)
SYSCALL
analyzed_bin
fstat
108
3, 0xc000013558
0
SYSCALL
analyzed_bin
read
108
3, 0xc0000c2000, 65536
27
SYSCALL
analyzed_bin
read
108
3, 0xc0000c201b, 65509
0
SYSCALL
analyzed_bin
read
108
3, 0xc0000c2000, 65536
0
SYSCALL
analyzed_bin
nanosleep
108
[0.000020000], 0x0
0
SYSCALL
analyzed_bin
epoll_pwait
108
4, 0xc00003b928, 128, 0, 0x0, 0
0
SYSCALL
analyzed_bin
uname
108
0xc00005c6da
0
SYSCALL
analyzed_bin
close
108
3
0
SYSCALL
analyzed_bin
fstatat
108
AT_FDCWD, "/etc/mdns.allow", 0xc000013628, 0x0
-2 (ENOENT)
SYSCALL
analyzed_bin
fstatat
108
AT_FDCWD, "/etc/hosts", 0xc0000136f8, 0x0
0
OPENFILE
"/etc/hosts"
SYSCALL
analyzed_bin
openat
108
AT_FDCWD, "/etc/hosts", O_RDONLY|O_CLOEXEC
3
SYSCALL
analyzed_bin
epoll_ctl
108
4, EPOLL_CTL_ADD, 3, 0xc0000bef4c
-1 (EPERM)
SYSCALL
analyzed_bin
epoll_ctl
108
4, EPOLL_CTL_DEL, 3, 0xc0000bef84
-1 (EPERM)
SYSCALL
analyzed_bin
nanosleep
108
[0.000020000], 0x0
0
SYSCALL
analyzed_bin
read
108
3, 0xc0000d4000, 65536
42
SYSCALL
analyzed_bin
read
108
3, 0xc0000d402a, 65494
0
SYSCALL
analyzed_bin
read
108
3, 0xc0000d4000, 65536
0
SYSCALL
analyzed_bin
close
108
3
0
SYSCALL
analyzed_bin
nanosleep
108
[0.000020000], 0x0
0
SYSCALL
analyzed_bin
getpid
108

108
SYSCALL
analyzed_bin
tgkill
108
108, 112, SIGURG
0
SYSCALL
analyzed_bin
rt_sigreturn
108

824633986144
SYSCALL
analyzed_bin
nanosleep
108
[0.000020000], 0x0
0
SYSCALL
analyzed_bin
epoll_pwait
108
4, 0xc00003b928, 128, 0, 0x0, 0
0
SYSCALL
analyzed_bin
getpid
108

108
SYSCALL
analyzed_bin
tgkill
108
108, 112, SIGURG
0
SYSCALL
analyzed_bin
rt_sigreturn
108

1
SYSCALL
analyzed_bin
socket
108
PF_INET, SOCK_DGRAM|SOCK_CLOEXEC|SOCK_NONBLOCK, IPPROTO_IP
3
SYSCALL
analyzed_bin
setsockopt
108
3, SOL_SOCKET, SO_BROADCAST, 0xc0000e8478, 4
0
SYSCALL
analyzed_bin
nanosleep
108
[0.000020000], 0x0
0
SYSCALL
analyzed_bin
connect
108
3, {AF_INET, 8.8.8.8, 53}, 16
0
SYSCALL
analyzed_bin
epoll_ctl
108
4, EPOLL_CTL_ADD, 3, 0xc0000e8164
0
SYSCALL
analyzed_bin
getsockname
108
3, 0xc0000e8330, 0xc0000e832c
0
SYSCALL
analyzed_bin
getpeername
108
3, 0xc0000e8330, 0xc0000e832c
0
SYSCALL
analyzed_bin
nanosleep
108
[0.000020000], 0x0
0
SYSCALL
analyzed_bin
write
108
3, "\f\327\001\0\0\001\0\0\0\0\0\0\003www\nhellom"..., 37
37
SYSCALL
analyzed_bin
nanosleep
108
[0.000020000], 0x0
0
SYSCALL
analyzed_bin
epoll_pwait
108
4, 0xc00003b928, 128, 0, 0x0, 0
1
SYSCALL
analyzed_bin
futex
108
0xc00002c548, FUTEX_WAKE_PRIVATE, 1
1
SYSCALL
analyzed_bin
futex
108
0xc00002c548, FUTEX_WAIT_PRIVATE, 0
0
SYSCALL
analyzed_bin
socket
108
PF_INET, SOCK_DGRAM|SOCK_CLOEXEC|SOCK_NONBLOCK, IPPROTO_IP
7
SYSCALL
analyzed_bin
setsockopt
108
7, SOL_SOCKET, SO_BROADCAST, 0xc0000ec478, 4
0
SYSCALL
analyzed_bin
connect
108
7, {AF_INET, 8.8.8.8, 53}, 16
0
SYSCALL
analyzed_bin
epoll_ctl
108
4, EPOLL_CTL_ADD, 7, 0xc0000ec164
0
SYSCALL
analyzed_bin
getsockname
108
7, 0xc0000ec330, 0xc0000ec32c
0
SYSCALL
analyzed_bin
getpeername
108
7, 0xc0000ec330, 0xc0000ec32c
0
SYSCALL
analyzed_bin
write
108
7, "\370\204\001\0\0\001\0\0\0\0\0\0\003www\nhell"..., 37
37
SYSCALL
analyzed_bin
read
108
7, 0xc0000d2200, 512
-11 (EAGAIN)
SYSCALL
analyzed_bin
epoll_pwait
108
4, 0xc00003d840, 128, 0, 0x0, 2
2
SYSCALL
analyzed_bin
nanosleep
108
[0.000020000], 0x0
0
SYSCALL
analyzed_bin
futex
108
0x91ff58, FUTEX_WAKE_PRIVATE, 1
1
SYSCALL
analyzed_bin
futex
108
0x91ff58, FUTEX_WAIT_PRIVATE, 0
0
SYSCALL
analyzed_bin
sched_yield
108

0
SYSCALL
analyzed_bin
futex
108
0x91fe58, FUTEX_WAKE_PRIVATE, 1
1
SYSCALL
analyzed_bin
futex
108
0x91fe58, FUTEX_WAIT_PRIVATE, 2
0
SYSCALL
analyzed_bin
futex
108
0x91fe58, FUTEX_WAKE_PRIVATE, 1
0
SYSCALL
analyzed_bin
read
108
3, 0xc0000d2400, 512
-11 (EAGAIN)
SYSCALL
analyzed_bin
nanosleep
108
[0.000020000], 0x0
0
SYSCALL
analyzed_bin
epoll_pwait
108
4, 0xc00003d840, 128, 4978, 0x0, 1
1
SYSCALL
analyzed_bin
futex
108
0x91ff58, FUTEX_WAKE_PRIVATE, 1
1
SYSCALL
analyzed_bin
read
108
3, 0xc0000d2400, 512
53
SYSCALL
analyzed_bin
epoll_ctl
108
4, EPOLL_CTL_DEL, 3, 0xc0000e89fc
0
SYSCALL
analyzed_bin
close
108
3
0
SYSCALL
analyzed_bin
futex
108
0x91ff58, FUTEX_WAIT_PRIVATE, 0
0
SYSCALL
analyzed_bin
epoll_pwait
108
4, 0xc00003d840, 128, 0, 0x0, 824633986208
0
SYSCALL
analyzed_bin
nanosleep
108
[0.000020000], 0x0
0
SYSCALL
analyzed_bin
epoll_pwait
108
4, 0xc00003d840, 128, 4908, 0x0, 1
1
SYSCALL
analyzed_bin
futex
108
0x91ff58, FUTEX_WAKE_PRIVATE, 1
1
SYSCALL
analyzed_bin
futex
108
0x91ff58, FUTEX_WAIT_PRIVATE, 0
0
SYSCALL
analyzed_bin
sched_yield
108

0
SYSCALL
analyzed_bin
futex
108
0x91fe58, FUTEX_WAKE_PRIVATE, 1
1
SYSCALL
analyzed_bin
futex
108
0x91fe58, FUTEX_WAIT_PRIVATE, 2
0
SYSCALL
analyzed_bin
futex
108
0x91fe58, FUTEX_WAKE_PRIVATE, 1
0
SYSCALL
analyzed_bin
read
108
7, 0xc0000d2200, 512
37
SYSCALL
analyzed_bin
epoll_ctl
108
4, EPOLL_CTL_DEL, 7, 0xc0000ec9fc
0
SYSCALL
analyzed_bin
close
108
7
0
SYSCALL
analyzed_bin
socket
108
PF_INET, SOCK_STREAM|SOCK_CLOEXEC|SOCK_NONBLOCK, IPPROTO_IP
3
SYSCALL
analyzed_bin
connect
108
3, {AF_INET, 172.105.27.61, 80}, 16
-115 (EINPROGRESS)
SYSCALL
analyzed_bin
nanosleep
108
[0.000020000], 0x0
0
SYSCALL
analyzed_bin
epoll_ctl
108
4, EPOLL_CTL_ADD, 3, 0xc0000bd044
0
SYSCALL
analyzed_bin
epoll_pwait
108
4, 0xc00003d840, 128, 0, 0x0, 824633985728
0
SYSCALL
analyzed_bin
nanosleep
108
[0.000020000], 0x0
0
SYSCALL
analyzed_bin
epoll_pwait
108
4, 0xc00003d840, 128, 7837, 0x0, 1
1
SYSCALL
analyzed_bin
futex
108
0x91ff58, FUTEX_WAKE_PRIVATE, 1
1
SYSCALL
analyzed_bin
futex
108
0x91ff58, FUTEX_WAIT_PRIVATE, 0
0
SYSCALL
analyzed_bin
sched_yield
108

0
SYSCALL
analyzed_bin
futex
108
0x91fe58, FUTEX_WAKE_PRIVATE, 1
1
SYSCALL
analyzed_bin
futex
108
0x91fe58, FUTEX_WAIT_PRIVATE, 2
0
SYSCALL
analyzed_bin
futex
108
0x91fe58, FUTEX_WAKE_PRIVATE, 1
0
SYSCALL
analyzed_bin
getsockopt
108
3, SOL_SOCKET, SO_ERROR, 0xc0000bd0ec, 0xc0000bd0e8
0
SYSCALL
analyzed_bin
getpeername
108
3, 0xc0000bd080, 0xc0000bd07c
0
SYSCALL
analyzed_bin
getsockname
108
3, 0xc0000bd210, 0xc0000bd20c
0
SYSCALL
analyzed_bin
setsockopt
108
3, SOL_TCP, SO_DEBUG, 0xc0000bd454, 4
0
SYSCALL
analyzed_bin
setsockopt
108
3, SOL_SOCKET, SO_KEEPALIVE, 0xc0000bd71c, 4
0
SYSCALL
analyzed_bin
setsockopt
108
3, SOL_TCP, SO_DONTROUTE, 0xc0000bd704, 4
0
SYSCALL
analyzed_bin
setsockopt
108
3, SOL_TCP, SO_ERROR, 0xc0000bd704, 4
0
SYSCALL
analyzed_bin
nanosleep
108
[0.000020000], 0x0
0
SYSCALL
analyzed_bin
futex
108
0x9207c8, FUTEX_WAKE_PRIVATE, 1
1
SYSCALL
analyzed_bin
futex
108
0x9207c8, FUTEX_WAIT_PRIVATE, 0
0
SYSCALL
analyzed_bin
futex
108
0xc00002c948, FUTEX_WAKE_PRIVATE, 1
1
SYSCALL
analyzed_bin
futex
108
0xc00002c948, FUTEX_WAIT_PRIVATE, 0
0
SYSCALL
analyzed_bin
read
108
3, 0xc0000ee000, 4096
-11 (EAGAIN)
SYSCALL
analyzed_bin
nanosleep
108
[0.000020000], 0x0
0
SYSCALL
analyzed_bin
nanosleep
108
[0.000020000], 0x0
0
SYSCALL
analyzed_bin
epoll_pwait
108
4, 0xc00003b928, 128, 0, 0x0, 0
0
SYSCALL
analyzed_bin
write
108
3, "GET / HTTP/1.1\r\nHost: www.hellomeyou.cyou\r"..., 100
100
SYSCALL
analyzed_bin
futex
108
0x9207c8, FUTEX_WAKE_PRIVATE, 1
1
SYSCALL
analyzed_bin
futex
108
0x9207c8, FUTEX_WAIT_PRIVATE, 0
0
SYSCALL
analyzed_bin
futex
108
0xc00002c548, FUTEX_WAKE_PRIVATE, 1
1
SYSCALL
analyzed_bin
futex
108
0xc00002c548, FUTEX_WAIT_PRIVATE, 0
0
SYSCALL
analyzed_bin
epoll_pwait
108
4, 0xc00003d830, 128, 0, 0x0, 0
0
SYSCALL
analyzed_bin
nanosleep
108
[0.000020000], 0x0
0
SYSCALL
analyzed_bin
futex
108
0x91ff58, FUTEX_WAIT_PRIVATE, 0
-110 (ETIMEDOUT)
SYSCALL
analyzed_bin
futex
108
0xc00002c948, FUTEX_WAKE_PRIVATE, 1
1
SYSCALL
analyzed_bin
futex
108
0xc00002c948, FUTEX_WAIT_PRIVATE, 0
0
SYSCALL
analyzed_bin
futex
108
0x9207c8, FUTEX_WAKE_PRIVATE, 1
1
SYSCALL
analyzed_bin
futex
108
0x9207c8, FUTEX_WAIT_PRIVATE, 0
0
SYSCALL
analyzed_bin
epoll_pwait
108
4, 0xc00003d830, 128, 7001, 0x0, 1
0
SYSCALL
analyzed_bin
futex
108
0xc00002c948, FUTEX_WAKE_PRIVATE, 1
1
SYSCALL
analyzed_bin
futex
108
0xc00002c948, FUTEX_WAIT_PRIVATE, 0
0
SYSCALL
analyzed_bin
epoll_ctl
108
4, EPOLL_CTL_DEL, 3, 0xc00005c9dc
0
SYSCALL
analyzed_bin
close
108
3
0
SYSCALL
analyzed_bin
nanosleep
108
[0.000020000], 0x0
0
SYSCALL
analyzed_bin
futex
108
0x9207c8, FUTEX_WAKE_PRIVATE, 1
1
SYSCALL
analyzed_bin
futex
108
0x9207c8, FUTEX_WAIT_PRIVATE, 0
0
SYSCALL
analyzed_bin
nanosleep
108
[0.000020000], 0x0
0
SYSCALL
analyzed_bin
futex
108
0xc00002c548, FUTEX_WAKE_PRIVATE, 1
1
SYSCALL
analyzed_bin
futex
108
0xc00002c548, FUTEX_WAIT_PRIVATE, 0
0
SYSCALL
analyzed_bin
fstatat
108
AT_FDCWD, "/etc/hosts", 0xc000013b08, 0x0
0
SYSCALL
analyzed_bin
fstatat
108
AT_FDCWD, "/etc/resolv.conf", 0xc000013bd8, 0x0
0
SYSCALL
analyzed_bin
socket
108
PF_INET, SOCK_DGRAM|SOCK_CLOEXEC|SOCK_NONBLOCK, IPPROTO_IP
3
SYSCALL
analyzed_bin
setsockopt
108
3, SOL_SOCKET, SO_BROADCAST, 0xc0000ec478, 4
0
SYSCALL
analyzed_bin
connect
108
3, {AF_INET, 8.8.8.8, 53}, 16
0
SYSCALL
analyzed_bin
epoll_ctl
108
4, EPOLL_CTL_ADD, 3, 0xc0000ec164
0
SYSCALL
analyzed_bin
getsockname
108
3, 0xc0000ec330, 0xc0000ec32c
0
SYSCALL
analyzed_bin
getpeername
108
3, 0xc0000ec330, 0xc0000ec32c
0
SYSCALL
analyzed_bin
write
108
3, "\265B\001\0\0\001\0\0\0\0\0\0\003www\nhellome"..., 37
37
SYSCALL
analyzed_bin
nanosleep
108
[0.000020000], 0x0
0
SYSCALL
analyzed_bin
epoll_pwait
108
4, 0xc00003b928, 128, 0, 0x0, 0
1
SYSCALL
analyzed_bin
read
108
3, 0xc0000d2600, 512
-11 (EAGAIN)
SYSCALL
analyzed_bin
socket
108
PF_INET, SOCK_DGRAM|SOCK_CLOEXEC|SOCK_NONBLOCK, IPPROTO_IP
7
SYSCALL
analyzed_bin
setsockopt
108
7, SOL_SOCKET, SO_BROADCAST, 0xc0000e8478, 4
0
SYSCALL
analyzed_bin
connect
108
7, {AF_INET, 8.8.8.8, 53}, 16
0
SYSCALL
analyzed_bin
epoll_ctl
108
4, EPOLL_CTL_ADD, 7, 0xc0000e8164
0
SYSCALL
analyzed_bin
getsockname
108
7, 0xc0000e8330, 0xc0000e832c
0
SYSCALL
analyzed_bin
getpeername
108
7, 0xc0000e8330, 0xc0000e832c
0
SYSCALL
analyzed_bin
nanosleep
108
[0.000020000], 0x0
0
SYSCALL
analyzed_bin
write
108
7, "\337^\001\0\0\001\0\0\0\0\0\0\003www\nhellome"..., 37
37
SYSCALL
analyzed_bin
read
108
7, 0xc0000d2800, 512
-11 (EAGAIN)
SYSCALL
analyzed_bin
epoll_pwait
108
4, 0xc00003d840, 128, 0, 0x0, 2
1
SYSCALL
analyzed_bin
nanosleep
108
[0.000020000], 0x0
0
SYSCALL
analyzed_bin
epoll_pwait
108
4, 0xc00003d840, 128, 4992, 0x0, 1
1
SYSCALL
analyzed_bin
futex
108
0x91ff58, FUTEX_WAKE_PRIVATE, 1
1
SYSCALL
analyzed_bin
futex
108
0x91ff58, FUTEX_WAIT_PRIVATE, 0
0
SYSCALL
analyzed_bin
sched_yield
108

0
SYSCALL
analyzed_bin
futex
108
0x91fe58, FUTEX_WAKE_PRIVATE, 1
1
SYSCALL
analyzed_bin
futex
108
0x91fe58, FUTEX_WAIT_PRIVATE, 2
0
SYSCALL
analyzed_bin
futex
108
0x91fe58, FUTEX_WAKE_PRIVATE, 1
0
SYSCALL
analyzed_bin
read
108
3, 0xc0000d2600, 512
37
SYSCALL
analyzed_bin
epoll_ctl
108
4, EPOLL_CTL_DEL, 3, 0xc0000ec9fc
0
SYSCALL
analyzed_bin
close
108
3
0
SYSCALL
analyzed_bin
epoll_pwait
108
4, 0xc00003d840, 128, 0, 0x0, 824633987648
0
SYSCALL
analyzed_bin
nanosleep
108
[0.000020000], 0x0
0
SYSCALL
analyzed_bin
epoll_pwait
108
4, 0xc00003d840, 128, 4971, 0x0, 1
1
SYSCALL
analyzed_bin
futex
108
0x91ff58, FUTEX_WAKE_PRIVATE, 1
1
SYSCALL
analyzed_bin
futex
108
0x91ff58, FUTEX_WAIT_PRIVATE, 0
0
SYSCALL
analyzed_bin
sched_yield
108

0
SYSCALL
analyzed_bin
futex
108
0x91fe58, FUTEX_WAKE_PRIVATE, 1
1
SYSCALL
analyzed_bin
futex
108
0x91fe58, FUTEX_WAIT_PRIVATE, 2
0
SYSCALL
analyzed_bin
futex
108
0x91fe58, FUTEX_WAKE_PRIVATE, 1
0
SYSCALL
analyzed_bin
read
108
7, 0xc0000d2800, 512
53
SYSCALL
analyzed_bin
epoll_ctl
108
4, EPOLL_CTL_DEL, 7, 0xc0000e89fc
0
SYSCALL
analyzed_bin
close
108
7
0
SYSCALL
analyzed_bin
socket
108
PF_INET, SOCK_STREAM|SOCK_CLOEXEC|SOCK_NONBLOCK, IPPROTO_IP
3
SYSCALL
analyzed_bin
connect
108
3, {AF_INET, 172.105.27.61, 80}, 16
-115 (EINPROGRESS)
SYSCALL
analyzed_bin
epoll_ctl
108
4, EPOLL_CTL_ADD, 3, 0xc0000bd044
0
SYSCALL
analyzed_bin
epoll_pwait
108
4, 0xc00003d840, 128, 0, 0x0, 824633987456
0
SYSCALL
analyzed_bin
nanosleep
108
[0.000020000], 0x0
0
SYSCALL
analyzed_bin
epoll_pwait
108
4, 0xc00003d840, 128, 7892, 0x0, 1
1
SYSCALL
analyzed_bin
futex
108
0x91ff58, FUTEX_WAKE_PRIVATE, 1
1
SYSCALL
analyzed_bin
futex
108
0x91ff58, FUTEX_WAIT_PRIVATE, 0
0
SYSCALL
analyzed_bin
sched_yield
108

0
SYSCALL
analyzed_bin
futex
108
0x91fe58, FUTEX_WAKE_PRIVATE, 1
1
SYSCALL
analyzed_bin
futex
108
0x91fe58, FUTEX_WAIT_PRIVATE, 2
0
SYSCALL
analyzed_bin
futex
108
0x91fe58, FUTEX_WAKE_PRIVATE, 1
0
SYSCALL
analyzed_bin
getsockopt
108
3, SOL_SOCKET, SO_ERROR, 0xc0000bd0ec, 0xc0000bd0e8
0
SYSCALL
analyzed_bin
getpeername
108
3, 0xc0000bd080, 0xc0000bd07c
0
SYSCALL
analyzed_bin
getsockname
108
3, 0xc0000bd210, 0xc0000bd20c
0
SYSCALL
analyzed_bin
setsockopt
108
3, SOL_TCP, SO_DEBUG, 0xc0000bd454, 4
0
SYSCALL
analyzed_bin
setsockopt
108
3, SOL_SOCKET, SO_KEEPALIVE, 0xc0000bd71c, 4
0
SYSCALL
analyzed_bin
setsockopt
108
3, SOL_TCP, SO_DONTROUTE, 0xc0000bd704, 4
0
SYSCALL
analyzed_bin
setsockopt
108
3, SOL_TCP, SO_ERROR, 0xc0000bd704, 4
0
SYSCALL
analyzed_bin
futex
108
0x9207c8, FUTEX_WAKE_PRIVATE, 1
1
SYSCALL
analyzed_bin
futex
108
0x9207c8, FUTEX_WAIT_PRIVATE, 0
0
SYSCALL
analyzed_bin
futex
108
0xc00002c948, FUTEX_WAKE_PRIVATE, 1
1
SYSCALL
analyzed_bin
futex
108
0xc00002c948, FUTEX_WAIT_PRIVATE, 0
0
SYSCALL
analyzed_bin
read
108
3, 0xc0000f2000, 4096
-11 (EAGAIN)
SYSCALL
analyzed_bin
write
108
3, "GET / HTTP/1.1\r\nHost: www.hellomeyou.cyou\r"..., 100
100
SYSCALL
analyzed_bin
futex
108
0x9207c8, FUTEX_WAKE_PRIVATE, 1
1
SYSCALL
analyzed_bin
futex
108
0x9207c8, FUTEX_WAIT_PRIVATE, 0
0
SYSCALL
analyzed_bin
rt_sigprocmask
108
SIG_SETMASK, [SIGHUP|SIGINT|SIGQUIT|SIGILL|SIGTRAP|SIGABRT|SIGBUS|SIGFPE|SIGKILL|SIGUSR1|SIGSEGV|SIGPIPE|SIGUSR2|SIGALRM|SIGTERM|SIGCHLD|SIGCONT|SIGSTOP|SIGTSTP|SIGTTIN|SIGTTOU|SIGURG|SIGXCPU|SIGXFSZ|SIGVTALRM|SIGPROF|SIGWINCH|SIGIO/SIGPOLL|SIGPWR|SIGSYS], 0x7ffd217367f8, 8
0
PROCESS
113:108
SYSCALL
analyzed_bin
clone
108
CLONE_VM|CLONE_FS|CLONE_FILES|CLONE_SIGHAND|CLONE_THREAD|CLONE_SYSVSEM, 0xc0000be000, 0x0, 0x0
113
SYSCALL
analyzed_bin
rt_sigprocmask
108
SIG_SETMASK, [EMPTY], 0x0, 8
0
SYSCALL
analyzed_bin
nanosleep
108
[0.000020000], 0x0
0
SYSCALL
analyzed_bin
gettid
108

113
SYSCALL
analyzed_bin
arch_prctl
108
ARCH_SET_FS, 824633905296
0
SYSCALL
analyzed_bin
sigaltstack
108
0x0, 0xc0000bdf60
0
SYSCALL
analyzed_bin
sigaltstack
108
{ss_sp=0xc0000f6000, ss_flags=0x0, ss_size=32768}, 0x0
0
SYSCALL
analyzed_bin
nanosleep
108
[0.000020000], 0x0
0
SYSCALL
analyzed_bin
rt_sigprocmask
108
SIG_SETMASK, [EMPTY], 0x0, 8
0
SYSCALL
analyzed_bin
gettid
108

113
SYSCALL
analyzed_bin
epoll_pwait
108
4, 0xc0000bd850, 128, 0, 0x0, 824634720640
0
SYSCALL
analyzed_bin
nanosleep
108
[0.000020000], 0x0
0
SYSCALL
analyzed_bin
futex
108
0x91ff58, FUTEX_WAIT_PRIVATE, 0
-110 (ETIMEDOUT)
SYSCALL
analyzed_bin
futex
108
0xc00002c548, FUTEX_WAKE_PRIVATE, 1
1
SYSCALL
analyzed_bin
epoll_pwait
108
4, 0xc0000bd850, 128, 7602, 0x0, 1
0
SYSCALL
analyzed_bin
futex
108
0xc00002c548, FUTEX_WAIT_PRIVATE, 0
0
SYSCALL
analyzed_bin
futex
108
0x9207c8, FUTEX_WAKE_PRIVATE, 1
1
SYSCALL
analyzed_bin
futex
108
0x9207c8, FUTEX_WAIT_PRIVATE, 0
0
SYSCALL
analyzed_bin
futex
108
0xc00002c548, FUTEX_WAKE_PRIVATE, 1
1
SYSCALL
analyzed_bin
futex
108
0xc00002c548, FUTEX_WAIT_PRIVATE, 0
0
SYSCALL
analyzed_bin
epoll_ctl
108
4, EPOLL_CTL_DEL, 3, 0xc00005c9dc
0
SYSCALL
analyzed_bin
close
108
3
0
SYSCALL
analyzed_bin
nanosleep
108
[0.000020000], 0x0
0
SYSCALL
analyzed_bin
futex
108
0x9207c8, FUTEX_WAKE_PRIVATE, 1
1
SYSCALL
analyzed_bin
futex
108
0x9207c8, FUTEX_WAIT_PRIVATE, 0
0
SYSCALL
analyzed_bin
futex
108
0xc00002d148, FUTEX_WAKE_PRIVATE, 1
1
SYSCALL
analyzed_bin
futex
108
0xc00002d148, FUTEX_WAIT_PRIVATE, 0
0
SYSCALL
analyzed_bin
fstatat
108
AT_FDCWD, "/etc/hosts", 0xc000013f18, 0x0
0
SYSCALL
analyzed_bin
fstatat
108
AT_FDCWD, "/etc/resolv.conf", 0xc0000fe038, 0x0
0
SYSCALL
analyzed_bin
socket
108
PF_INET, SOCK_DGRAM|SOCK_CLOEXEC|SOCK_NONBLOCK, IPPROTO_IP
3
SYSCALL
analyzed_bin
setsockopt
108
3, SOL_SOCKET, SO_BROADCAST, 0xc0000e8478, 4
0
SYSCALL
analyzed_bin
nanosleep
108
[0.000020000], 0x0
0
SYSCALL
analyzed_bin
connect
108
3, {AF_INET, 8.8.8.8, 53}, 16
0
SYSCALL
analyzed_bin
epoll_ctl
108
4, EPOLL_CTL_ADD, 3, 0xc0000e8164
0
SYSCALL
analyzed_bin
getsockname
108
3, 0xc0000e8330, 0xc0000e832c
0
SYSCALL
analyzed_bin
getpeername
108
3, 0xc0000e8330, 0xc0000e832c
0
SYSCALL
analyzed_bin
write
108
3, "\023}\001\0\0\001\0\0\0\0\0\0\003www\nhellome"..., 37
37
SYSCALL
analyzed_bin
read
108
3, 0xc0000d2a00, 512
-11 (EAGAIN)
SYSCALL
analyzed_bin
socket
108
PF_INET, SOCK_DGRAM|SOCK_CLOEXEC|SOCK_NONBLOCK, IPPROTO_IP
7
SYSCALL
analyzed_bin
setsockopt
108
7, SOL_SOCKET, SO_BROADCAST, 0xc0000ec478, 4
0
SYSCALL
analyzed_bin
connect
108
7, {AF_INET, 8.8.8.8, 53}, 16
0
SYSCALL
analyzed_bin
nanosleep
108
[0.000020000], 0x0
0
SYSCALL
analyzed_bin
epoll_pwait
108
4, 0xc00003b928, 128, 0, 0x0, 0
1
SYSCALL
analyzed_bin
epoll_ctl
108
4, EPOLL_CTL_ADD, 7, 0xc0000ec164
0
SYSCALL
analyzed_bin
getsockname
108
7, 0xc0000ec330, 0xc0000ec32c
0
SYSCALL
analyzed_bin
getpeername
108
7, 0xc0000ec330, 0xc0000ec32c
0
SYSCALL
analyzed_bin
write
108
7, "0\304\001\0\0\001\0\0\0\0\0\0\003www\nhellome"..., 37
37
SYSCALL
analyzed_bin
read
108
7, 0xc0000d2c00, 512
-11 (EAGAIN)
SYSCALL
analyzed_bin
epoll_pwait
108
4, 0xc0000bd840, 128, 0, 0x0, 2
1
SYSCALL
analyzed_bin
nanosleep
108
[0.000020000], 0x0
0
SYSCALL
analyzed_bin
epoll_pwait
108
4, 0xc0000bd840, 128, 4992, 0x0, 1
1
SYSCALL
analyzed_bin
futex
108
0x91ff58, FUTEX_WAKE_PRIVATE, 1
1
SYSCALL
analyzed_bin
futex
108
0x91ff58, FUTEX_WAIT_PRIVATE, 0
0
SYSCALL
analyzed_bin
sched_yield
108

0
SYSCALL
analyzed_bin
futex
108
0x91fe58, FUTEX_WAKE_PRIVATE, 1
1
SYSCALL
analyzed_bin
futex
108
0x91fe58, FUTEX_WAIT_PRIVATE, 2
0
SYSCALL
analyzed_bin
futex
108
0x91fe58, FUTEX_WAKE_PRIVATE, 1
0
SYSCALL
analyzed_bin
read
108
7, 0xc0000d2c00, 512
53
SYSCALL
analyzed_bin
epoll_ctl
108
4, EPOLL_CTL_DEL, 7, 0xc0000ec9fc
0
SYSCALL
analyzed_bin
close
108
7
0
SYSCALL
analyzed_bin
epoll_pwait
108
4, 0xc0000bd840, 128, 0, 0x0, 824633988896
0
SYSCALL
analyzed_bin
nanosleep
108
[0.000020000], 0x0
0
SYSCALL
analyzed_bin
epoll_pwait
108
4, 0xc0000bd840, 128, 4983, 0x0, 1
1
SYSCALL
analyzed_bin
futex
108
0x91ff58, FUTEX_WAKE_PRIVATE, 1
1
SYSCALL
analyzed_bin
futex
108
0x91ff58, FUTEX_WAIT_PRIVATE, 0
0
SYSCALL
analyzed_bin
sched_yield
108

0
SYSCALL
analyzed_bin
futex
108
0x91fe58, FUTEX_WAKE_PRIVATE, 1
1
SYSCALL
analyzed_bin
futex
108
0x91fe58, FUTEX_WAIT_PRIVATE, 2
0
SYSCALL
analyzed_bin
futex
108
0x91fe58, FUTEX_WAKE_PRIVATE, 1
0
SYSCALL
analyzed_bin
read
108
3, 0xc0000d2a00, 512
37
SYSCALL
analyzed_bin
nanosleep
108
[0.000020000], 0x0
0
SYSCALL
analyzed_bin
epoll_ctl
108
4, EPOLL_CTL_DEL, 3, 0xc0000e89fc
0
SYSCALL
analyzed_bin
close
108
3
0
SYSCALL
analyzed_bin
socket
108
PF_INET, SOCK_STREAM|SOCK_CLOEXEC|SOCK_NONBLOCK, IPPROTO_IP
3
SYSCALL
analyzed_bin
connect
108
3, {AF_INET, 172.105.27.61, 80}, 16
-115 (EINPROGRESS)
SYSCALL
analyzed_bin
epoll_ctl
108
4, EPOLL_CTL_ADD, 3, 0xc0000bf044
0
SYSCALL
analyzed_bin
epoll_pwait
108
4, 0xc0000bd840, 128, 0, 0x0, 824633985152
0
SYSCALL
analyzed_bin
nanosleep
108
[0.000020000], 0x0
0
SYSCALL
analyzed_bin
epoll_pwait
108
4, 0xc0000bd840, 128, 7894, 0x0, 1
1
SYSCALL
analyzed_bin
futex
108
0x91ff58, FUTEX_WAKE_PRIVATE, 1
1
SYSCALL
analyzed_bin
futex
108
0x91ff58, FUTEX_WAIT_PRIVATE, 0
0
SYSCALL
analyzed_bin
sched_yield
108

0
SYSCALL
analyzed_bin
futex
108
0x91fe58, FUTEX_WAKE_PRIVATE, 1
1
SYSCALL
analyzed_bin
futex
108
0x91fe58, FUTEX_WAIT_PRIVATE, 2
0
SYSCALL
analyzed_bin
futex
108
0x91fe58, FUTEX_WAKE_PRIVATE, 1
0
SYSCALL
analyzed_bin
getsockopt
108
3, SOL_SOCKET, SO_ERROR, 0xc0000bf0ec, 0xc0000bf0e8
0
SYSCALL
analyzed_bin
getpeername
108
3, 0xc0000bf080, 0xc0000bf07c
0
SYSCALL
analyzed_bin
getsockname
108
3, 0xc0000bf210, 0xc0000bf20c
0
SYSCALL
analyzed_bin
setsockopt
108
3, SOL_TCP, SO_DEBUG, 0xc0000bf454, 4
0
SYSCALL
analyzed_bin
setsockopt
108
3, SOL_SOCKET, SO_KEEPALIVE, 0xc0000bf71c, 4
0
SYSCALL
analyzed_bin
nanosleep
108
[0.000020000], 0x0
0
SYSCALL
analyzed_bin
setsockopt
108
3, SOL_TCP, SO_DONTROUTE, 0xc0000bf704, 4
0
SYSCALL
analyzed_bin
setsockopt
108
3, SOL_TCP, SO_ERROR, 0xc0000bf704, 4
0
SYSCALL
analyzed_bin
futex
108
0x9207c8, FUTEX_WAKE_PRIVATE, 1
1
SYSCALL
analyzed_bin
futex
108
0x9207c8, FUTEX_WAIT_PRIVATE, 0
0
SYSCALL
analyzed_bin
futex
108
0xc00002c548, FUTEX_WAKE_PRIVATE, 1
1
SYSCALL
analyzed_bin
futex
108
0xc00002c548, FUTEX_WAIT_PRIVATE, 0
0
SYSCALL
analyzed_bin
read
108
3, 0xc000102000, 4096
-11 (EAGAIN)
SYSCALL
analyzed_bin
write
108
3, "GET / HTTP/1.1\r\nHost: www.hellomeyou.cyou\r"..., 100
100
SYSCALL
analyzed_bin
futex
108
0x9207c8, FUTEX_WAKE_PRIVATE, 1
1
SYSCALL
analyzed_bin
nanosleep
108
[0.000020000], 0x0
0
SYSCALL
analyzed_bin
futex
108
0x9207c8, FUTEX_WAIT_PRIVATE, 0
0
SYSCALL
analyzed_bin
futex
108
0xc00002c548, FUTEX_WAKE_PRIVATE, 1
1
SYSCALL
analyzed_bin
futex
108
0xc00002c548, FUTEX_WAIT_PRIVATE, 0
0
SYSCALL
analyzed_bin
epoll_pwait
108
4, 0xc00003d840, 128, 0, 0x0, 0
0
SYSCALL
analyzed_bin
nanosleep
108
[0.000020000], 0x0
0
SYSCALL
analyzed_bin
futex
108
0x9207c8, FUTEX_WAIT_PRIVATE, 0
-512
SYSCALL
analyzed_bin
rt_sigprocmask
108
SIG_UNBLOCK, [SIGTERM], 0x0, 8
0
SYSCALL
analyzed_bin
getpid
108

108
SYSCALL
analyzed_bin
gettid
108

108
SYSCALL
analyzed_bin
tgkill
108
108, 108, SIGTERM
0
SYSCALL
analyzed_bin
rt_sigaction
108
SIGTERM, {SIG_DFL}, 0x0, 8
0
SYSCALL
analyzed_bin
rt_sigprocmask
108
SIG_UNBLOCK, [SIGTERM], 0x0, 8
0
SYSCALL
analyzed_bin
getpid
108

108
SYSCALL
analyzed_bin
gettid
108

108
SYSCALL
analyzed_bin
tgkill
108
108, 108, SIGTERM
0
SYSCALL
analyzed_bin
futex
108
0x91ff58, FUTEX_WAIT_PRIVATE, 0
-516
SYSCALL
analyzed_bin
epoll_pwait
108
4, 0xc00003d840, 128, 7556, 0x0, 1
-4 (EINTR)
SYSCALL
analyzed_bin
futex
108
0xc00002c948, FUTEX_WAIT_PRIVATE, 0
-512
SYSCALL
analyzed_bin
futex
108
0xc00002d148, FUTEX_WAIT_PRIVATE, 0
-512
