LISA
PROCESS
108:105
SYSCALL
analyzed_bin
execve
108

0
SYSCALL
analyzed_bin
uname
108
0x7ffdeacf68f0
0
SYSCALL
analyzed_bin
brk
108
0x0
10780672
SYSCALL
analyzed_bin
brk
108
0xa49240
10785344
SYSCALL
analyzed_bin
arch_prctl
108
ARCH_SET_FS, 10782976
0
SYSCALL
analyzed_bin
set_tid_address
108
0xa48bd0
108
SYSCALL
analyzed_bin
set_robust_list
108
0xa48be0, 24
0
SYSCALL
analyzed_bin
rt_sigaction
108
0x20, {0x55d540, SA_SIGINFO|SA_RESTORER, 0x55cc50, [EMPTY]}, 0x0, 8
0
SYSCALL
analyzed_bin
rt_sigaction
108
0x21, {0x55d5d0, SA_RESTART|SA_SIGINFO|SA_RESTORER, 0x55cc50, [EMPTY]}, 0x0, 8
0
SYSCALL
analyzed_bin
rt_sigprocmask
108
SIG_UNBLOCK, [EMPTY], 0x0, 8
0
SYSCALL
analyzed_bin
getrlimit
108
RLIMIT_STACK, 0x7ffdeacf69e0
0
SYSCALL
analyzed_bin
readlink
108
0x722756, 0x7ffdeacf5a20, 4096
18
SYSCALL
analyzed_bin
brk
108
0xa6a240
10920512
SYSCALL
analyzed_bin
brk
108
0xa6b000
10924032
SYSCALL
analyzed_bin
access
108
0x74fb1e, F_OK
-2 (ENOENT)
SYSCALL
analyzed_bin
futex
108
0xa44c4c, FUTEX_WAKE_PRIVATE, 2147483647
0
SYSCALL
analyzed_bin
futex
108
0xa44c58, FUTEX_WAKE_PRIVATE, 2147483647
0
SYSCALL
analyzed_bin
clock_gettime
108
CLOCK_REALTIME, 0x7ffdeacf69f0
0
SYSCALL
analyzed_bin
readlink
108
"/proc/self/exe", 0xa5d150, 519
18
OPENFILE
"/root/config.json"
SYSCALL
analyzed_bin
open
108
"/root/config.json", O_RDONLY
-2 (ENOENT)
SYSCALL
analyzed_bin
brk
108
0xa8e000
11067392
SYSCALL
analyzed_bin
clock_gettime
108
CLOCK_REALTIME, 0x7ffdeacf6450
0
SYSCALL
analyzed_bin
time
108
0x0
1657779531
OPENFILE
"/sys/devices/system/cpu/online"
SYSCALL
analyzed_bin
open
108
"/sys/devices/system/cpu/online", O_RDONLY|O_CLOEXEC
3
SYSCALL
analyzed_bin
read
108
3, 0x7ffdeacf4590, 8192
2
SYSCALL
analyzed_bin
close
108
3
0
OPENFILE
"/"
SYSCALL
analyzed_bin
open
108
"/", O_RDONLY|O_DIRECTORY
3
SYSCALL
analyzed_bin
fcntl
108
3, F_GETFD, 0x0
0
SYSCALL
analyzed_bin
fcntl
108
3, F_SETFD, 0x1
0
SYSCALL
analyzed_bin
faccessat
108
3, "sys/bus/cpu/devices/cpu0/topology/package_cpus", R_OK
-2 (ENOENT)
SYSCALL
analyzed_bin
faccessat
108
3, "sys/bus/cpu/devices/cpu0/topology/core_cpus", R_OK
-2 (ENOENT)
SYSCALL
analyzed_bin
faccessat
108
3, "sys/bus/cpu/devices/cpu0/topology/thread_siblings", R_OK
0
SYSCALL
analyzed_bin
faccessat
108
3, "sys/bus/node/devices/node0/cpumap", R_OK
-2 (ENOENT)
SYSCALL
analyzed_bin
faccessat
108
3, "sys/devices/system/node/node0/cpumap", R_OK
-2 (ENOENT)
SYSCALL
analyzed_bin
uname
108
0xa6f764
0
SYSCALL
analyzed_bin
time
108
0x0
1657779531
OPENFILE
"proc/hwloc-nofile-info"
SYSCALL
analyzed_bin
openat
108
3, "proc/hwloc-nofile-info", O_RDONLY
-2 (ENOENT)
OPENFILE
"proc/cpuinfo"
SYSCALL
analyzed_bin
openat
108
3, "proc/cpuinfo", O_RDONLY
4
SYSCALL
analyzed_bin
fcntl
108
4, F_GETFL, 0x0
32768
SYSCALL
analyzed_bin
fstat
108
4, 0x7ffdeacf6280
0
SYSCALL
analyzed_bin
read
108
4, 0xa71570, 1024
720
SYSCALL
analyzed_bin
read
108
4, 0xa71570, 1024
0
SYSCALL
analyzed_bin
close
108
4
0
OPENFILE
"/proc/mounts"
SYSCALL
analyzed_bin
open
108
"/proc/mounts", O_RDONLY|O_CLOEXEC
4
SYSCALL
analyzed_bin
fstat
108
4, 0x7ffdeacf1e20
0
SYSCALL
analyzed_bin
read
108
4, 0xa71570, 1024
459
SYSCALL
analyzed_bin
read
108
4, 0xa71570, 1024
0
SYSCALL
analyzed_bin
close
108
4
0
OPENFILE
"sys/bus/cpu/devices"
SYSCALL
analyzed_bin
openat
108
3, "sys/bus/cpu/devices", O_RDONLY|O_DIRECTORY
4
SYSCALL
analyzed_bin
fstat
108
4, 0x7ffdeacf6240
0
SYSCALL
analyzed_bin
fcntl
108
4, F_GETFL, 0x7ffdeacf6240
98304
SYSCALL
analyzed_bin
fcntl
108
4, F_SETFD, 0x1
0
SYSCALL
analyzed_bin
getdents
108
4, 0xa715a0, 32768
72
OPENFILE
"sys/bus/cpu/devices/cpu0/online"
SYSCALL
analyzed_bin
openat
108
3, "sys/bus/cpu/devices/cpu0/online", O_RDONLY
-2 (ENOENT)
SYSCALL
analyzed_bin
faccessat
108
3, "sys/bus/cpu/devices/cpu0/topology", X_OK
0
SYSCALL
analyzed_bin
getdents
108
4, 0xa715a0, 32768
0
SYSCALL
analyzed_bin
close
108
4
0
OPENFILE
"sys/bus/cpu/devices/cpu0/topology/die_cpus"
SYSCALL
analyzed_bin
openat
108
3, "sys/bus/cpu/devices/cpu0/topology/die_cpus", O_RDONLY
-2 (ENOENT)
OPENFILE
"sys/bus/cpu/devices/cpu0/topology/core_siblings"
SYSCALL
analyzed_bin
openat
108
3, "sys/bus/cpu/devices/cpu0/topology/core_siblings", O_RDONLY
4
SYSCALL
analyzed_bin
read
108
4, 0xa71570, 4097
2
SYSCALL
analyzed_bin
close
108
4
0
OPENFILE
"sys/bus/cpu/devices/cpu0/topology/physical_package_id"
SYSCALL
analyzed_bin
openat
108
3, "sys/bus/cpu/devices/cpu0/topology/physical_package_id", O_RDONLY
4
SYSCALL
analyzed_bin
read
108
4, 0x7ffdeacf6390, 10
2
SYSCALL
analyzed_bin
close
108
4
0
OPENFILE
"sys/bus/cpu/devices/cpu0/topology/thread_siblings"
SYSCALL
analyzed_bin
openat
108
3, "sys/bus/cpu/devices/cpu0/topology/thread_siblings", O_RDONLY
4
SYSCALL
analyzed_bin
read
108
4, 0xa71570, 4097
2
SYSCALL
analyzed_bin
close
108
4
0
OPENFILE
"sys/bus/cpu/devices/cpu0/topology/core_id"
SYSCALL
analyzed_bin
openat
108
3, "sys/bus/cpu/devices/cpu0/topology/core_id", O_RDONLY
4
SYSCALL
analyzed_bin
read
108
4, 0x7ffdeacf6390, 10
2
SYSCALL
analyzed_bin
close
108
4
0
OPENFILE
"sys/bus/cpu/devices/cpu0/topology/book_siblings"
SYSCALL
analyzed_bin
openat
108
3, "sys/bus/cpu/devices/cpu0/topology/book_siblings", O_RDONLY
-2 (ENOENT)
OPENFILE
"sys/bus/cpu/devices/cpu0/cache/index0/shared_cpu_map"
SYSCALL
analyzed_bin
openat
108
3, "sys/bus/cpu/devices/cpu0/cache/index0/shared_cpu_map", O_RDONLY
4
SYSCALL
analyzed_bin
read
108
4, 0xa71570, 4097
2
SYSCALL
analyzed_bin
close
108
4
0
OPENFILE
"sys/bus/cpu/devices/cpu0/cache/index0/level"
SYSCALL
analyzed_bin
openat
108
3, "sys/bus/cpu/devices/cpu0/cache/index0/level", O_RDONLY
4
SYSCALL
analyzed_bin
read
108
4, 0x7ffdeacf6390, 10
2
SYSCALL
analyzed_bin
close
108
4
0
OPENFILE
"sys/bus/cpu/devices/cpu0/cache/index0/type"
SYSCALL
analyzed_bin
openat
108
3, "sys/bus/cpu/devices/cpu0/cache/index0/type", O_RDONLY
4
SYSCALL
analyzed_bin
read
108
4, 0x7ffdeacf6390, 19
5
SYSCALL
analyzed_bin
close
108
4
0
OPENFILE
"sys/bus/cpu/devices/cpu0/cache/index0/size"
SYSCALL
analyzed_bin
openat
108
3, "sys/bus/cpu/devices/cpu0/cache/index0/size", O_RDONLY
4
SYSCALL
analyzed_bin
read
108
4, 0x7ffdeacf6380, 10
4
SYSCALL
analyzed_bin
close
108
4
0
OPENFILE
"sys/bus/cpu/devices/cpu0/cache/index0/coherency_line_size"
SYSCALL
analyzed_bin
openat
108
3, "sys/bus/cpu/devices/cpu0/cache/index0/coherency_line_size", O_RDONLY
4
SYSCALL
analyzed_bin
read
108
4, 0x7ffdeacf6380, 10
3
SYSCALL
analyzed_bin
close
108
4
0
OPENFILE
"sys/bus/cpu/devices/cpu0/cache/index0/number_of_sets"
SYSCALL
analyzed_bin
openat
108
3, "sys/bus/cpu/devices/cpu0/cache/index0/number_of_sets", O_RDONLY
4
SYSCALL
analyzed_bin
read
108
4, 0x7ffdeacf6380, 10
4
SYSCALL
analyzed_bin
close
108
4
0
OPENFILE
"sys/bus/cpu/devices/cpu0/cache/index0/physical_line_partition"
SYSCALL
analyzed_bin
openat
108
3, "sys/bus/cpu/devices/cpu0/cache/index0/physical_line_partition", O_RDONLY
4
SYSCALL
analyzed_bin
read
108
4, 0x7ffdeacf6380, 10
2
SYSCALL
analyzed_bin
close
108
4
0
OPENFILE
"sys/bus/cpu/devices/cpu0/cache/index1/shared_cpu_map"
SYSCALL
analyzed_bin
openat
108
3, "sys/bus/cpu/devices/cpu0/cache/index1/shared_cpu_map", O_RDONLY
4
SYSCALL
analyzed_bin
read
108
4, 0xa71570, 4097
2
SYSCALL
analyzed_bin
close
108
4
0
OPENFILE
"sys/bus/cpu/devices/cpu0/cache/index1/level"
SYSCALL
analyzed_bin
openat
108
3, "sys/bus/cpu/devices/cpu0/cache/index1/level", O_RDONLY
4
SYSCALL
analyzed_bin
read
108
4, 0x7ffdeacf6390, 10
2
SYSCALL
analyzed_bin
close
108
4
0
OPENFILE
"sys/bus/cpu/devices/cpu0/cache/index1/type"
SYSCALL
analyzed_bin
openat
108
3, "sys/bus/cpu/devices/cpu0/cache/index1/type", O_RDONLY
4
SYSCALL
analyzed_bin
read
108
4, 0x7ffdeacf6390, 19
12
SYSCALL
analyzed_bin
close
108
4
0
OPENFILE
"sys/bus/cpu/devices/cpu0/cache/index2/shared_cpu_map"
SYSCALL
analyzed_bin
openat
108
3, "sys/bus/cpu/devices/cpu0/cache/index2/shared_cpu_map", O_RDONLY
4
SYSCALL
analyzed_bin
read
108
4, 0xa71570, 4097
2
SYSCALL
analyzed_bin
close
108
4
0
OPENFILE
"sys/bus/cpu/devices/cpu0/cache/index2/level"
SYSCALL
analyzed_bin
openat
108
3, "sys/bus/cpu/devices/cpu0/cache/index2/level", O_RDONLY
4
SYSCALL
analyzed_bin
read
108
4, 0x7ffdeacf6390, 10
2
SYSCALL
analyzed_bin
close
108
4
0
OPENFILE
"sys/bus/cpu/devices/cpu0/cache/index2/type"
SYSCALL
analyzed_bin
openat
108
3, "sys/bus/cpu/devices/cpu0/cache/index2/type", O_RDONLY
4
SYSCALL
analyzed_bin
read
108
4, 0x7ffdeacf6390, 19
8
SYSCALL
analyzed_bin
close
108
4
0
OPENFILE
"sys/bus/cpu/devices/cpu0/cache/index2/size"
SYSCALL
analyzed_bin
openat
108
3, "sys/bus/cpu/devices/cpu0/cache/index2/size", O_RDONLY
4
SYSCALL
analyzed_bin
read
108
4, 0x7ffdeacf6380, 10
5
SYSCALL
analyzed_bin
close
108
4
0
OPENFILE
"sys/bus/cpu/devices/cpu0/cache/index2/coherency_line_size"
SYSCALL
analyzed_bin
openat
108
3, "sys/bus/cpu/devices/cpu0/cache/index2/coherency_line_size", O_RDONLY
4
SYSCALL
analyzed_bin
read
108
4, 0x7ffdeacf6380, 10
3
SYSCALL
analyzed_bin
close
108
4
0
OPENFILE
"sys/bus/cpu/devices/cpu0/cache/index2/number_of_sets"
SYSCALL
analyzed_bin
openat
108
3, "sys/bus/cpu/devices/cpu0/cache/index2/number_of_sets", O_RDONLY
4
SYSCALL
analyzed_bin
read
108
4, 0x7ffdeacf6380, 10
4
SYSCALL
analyzed_bin
close
108
4
0
OPENFILE
"sys/bus/cpu/devices/cpu0/cache/index2/physical_line_partition"
SYSCALL
analyzed_bin
openat
108
3, "sys/bus/cpu/devices/cpu0/cache/index2/physical_line_partition", O_RDONLY
4
SYSCALL
analyzed_bin
read
108
4, 0x7ffdeacf6380, 10
2
SYSCALL
analyzed_bin
close
108
4
0
OPENFILE
"sys/bus/cpu/devices/cpu0/cache/index3/shared_cpu_map"
SYSCALL
analyzed_bin
openat
108
3, "sys/bus/cpu/devices/cpu0/cache/index3/shared_cpu_map", O_RDONLY
4
SYSCALL
analyzed_bin
read
108
4, 0xa71670, 4097
2
SYSCALL
analyzed_bin
close
108
4
0
OPENFILE
"sys/bus/cpu/devices/cpu0/cache/index3/level"
SYSCALL
analyzed_bin
openat
108
3, "sys/bus/cpu/devices/cpu0/cache/index3/level", O_RDONLY
4
SYSCALL
analyzed_bin
read
108
4, 0x7ffdeacf6390, 10
2
SYSCALL
analyzed_bin
close
108
4
0
OPENFILE
"sys/bus/cpu/devices/cpu0/cache/index3/type"
SYSCALL
analyzed_bin
openat
108
3, "sys/bus/cpu/devices/cpu0/cache/index3/type", O_RDONLY
4
SYSCALL
analyzed_bin
read
108
4, 0x7ffdeacf6390, 19
8
SYSCALL
analyzed_bin
close
108
4
0
OPENFILE
"sys/bus/cpu/devices/cpu0/cache/index3/size"
SYSCALL
analyzed_bin
openat
108
3, "sys/bus/cpu/devices/cpu0/cache/index3/size", O_RDONLY
4
SYSCALL
analyzed_bin
read
108
4, 0x7ffdeacf6380, 10
7
SYSCALL
analyzed_bin
close
108
4
0
OPENFILE
"sys/bus/cpu/devices/cpu0/cache/index3/coherency_line_size"
SYSCALL
analyzed_bin
openat
108
3, "sys/bus/cpu/devices/cpu0/cache/index3/coherency_line_size", O_RDONLY
4
SYSCALL
analyzed_bin
read
108
4, 0x7ffdeacf6380, 10
3
SYSCALL
analyzed_bin
close
108
4
0
OPENFILE
"sys/bus/cpu/devices/cpu0/cache/index3/number_of_sets"
SYSCALL
analyzed_bin
openat
108
3, "sys/bus/cpu/devices/cpu0/cache/index3/number_of_sets", O_RDONLY
4
SYSCALL
analyzed_bin
read
108
4, 0x7ffdeacf6380, 10
6
SYSCALL
analyzed_bin
close
108
4
0
OPENFILE
"sys/bus/cpu/devices/cpu0/cache/index3/physical_line_partition"
SYSCALL
analyzed_bin
openat
108
3, "sys/bus/cpu/devices/cpu0/cache/index3/physical_line_partition", O_RDONLY
4
SYSCALL
analyzed_bin
read
108
4, 0x7ffdeacf6380, 10
2
SYSCALL
analyzed_bin
close
108
4
0
OPENFILE
"sys/bus/cpu/devices/cpu0/cache/index4/shared_cpu_map"
SYSCALL
analyzed_bin
openat
108
3, "sys/bus/cpu/devices/cpu0/cache/index4/shared_cpu_map", O_RDONLY
-2 (ENOENT)
OPENFILE
"sys/bus/cpu/devices/cpu0/cache/index5/shared_cpu_map"
SYSCALL
analyzed_bin
openat
108
3, "sys/bus/cpu/devices/cpu0/cache/index5/shared_cpu_map", O_RDONLY
-2 (ENOENT)
OPENFILE
"sys/bus/cpu/devices/cpu0/cache/index6/shared_cpu_map"
SYSCALL
analyzed_bin
openat
108
3, "sys/bus/cpu/devices/cpu0/cache/index6/shared_cpu_map", O_RDONLY
-2 (ENOENT)
OPENFILE
"sys/bus/cpu/devices/cpu0/cache/index7/shared_cpu_map"
SYSCALL
analyzed_bin
openat
108
3, "sys/bus/cpu/devices/cpu0/cache/index7/shared_cpu_map", O_RDONLY
-2 (ENOENT)
OPENFILE
"sys/bus/cpu/devices/cpu0/cache/index8/shared_cpu_map"
SYSCALL
analyzed_bin
openat
108
3, "sys/bus/cpu/devices/cpu0/cache/index8/shared_cpu_map", O_RDONLY
-2 (ENOENT)
OPENFILE
"sys/bus/cpu/devices/cpu0/cache/index9/shared_cpu_map"
SYSCALL
analyzed_bin
openat
108
3, "sys/bus/cpu/devices/cpu0/cache/index9/shared_cpu_map", O_RDONLY
-2 (ENOENT)
SYSCALL
analyzed_bin
fstatat
108
3, "sys/kernel/mm/hugepages", 0x7ffdeacf6530, 0x0
-2 (ENOENT)
OPENFILE
"proc/meminfo"
SYSCALL
analyzed_bin
openat
108
3, "proc/meminfo", O_RDONLY
4
SYSCALL
analyzed_bin
read
108
4, 0x7ffdeacf5430, 4095
1011
SYSCALL
analyzed_bin
close
108
4
0
OPENFILE
"sys/devices/virtual/dmi/id"
SYSCALL
analyzed_bin
openat
108
3, "sys/devices/virtual/dmi/id", O_RDONLY|O_DIRECTORY
4
SYSCALL
analyzed_bin
fstat
108
4, 0x7ffdeacf63e0
0
SYSCALL
analyzed_bin
fcntl
108
4, F_GETFL, 0x7ffdeacf63e0
98304
SYSCALL
analyzed_bin
fcntl
108
4, F_SETFD, 0x1
0
SYSCALL
analyzed_bin
close
108
4
0
OPENFILE
"sys/devices/virtual/dmi/id/product_name"
SYSCALL
analyzed_bin
openat
108
3, "sys/devices/virtual/dmi/id/product_name", O_RDONLY
4
SYSCALL
analyzed_bin
read
108
4, 0x7ffdeacf6400, 63
34
SYSCALL
analyzed_bin
close
108
4
0
OPENFILE
"sys/devices/virtual/dmi/id/product_version"
SYSCALL
analyzed_bin
openat
108
3, "sys/devices/virtual/dmi/id/product_version", O_RDONLY
4
SYSCALL
analyzed_bin
read
108
4, 0x7ffdeacf6400, 63
14
SYSCALL
analyzed_bin
close
108
4
0
OPENFILE
"sys/devices/virtual/dmi/id/product_serial"
SYSCALL
analyzed_bin
openat
108
3, "sys/devices/virtual/dmi/id/product_serial", O_RDONLY
4
SYSCALL
analyzed_bin
read
108
4, 0x7ffdeacf6400, 63
1
SYSCALL
analyzed_bin
close
108
4
0
OPENFILE
"sys/devices/virtual/dmi/id/product_uuid"
SYSCALL
analyzed_bin
openat
108
3, "sys/devices/virtual/dmi/id/product_uuid", O_RDONLY
-2 (ENOENT)
OPENFILE
"sys/devices/virtual/dmi/id/board_vendor"
SYSCALL
analyzed_bin
openat
108
3, "sys/devices/virtual/dmi/id/board_vendor", O_RDONLY
-2 (ENOENT)
OPENFILE
"sys/devices/virtual/dmi/id/board_name"
SYSCALL
analyzed_bin
openat
108
3, "sys/devices/virtual/dmi/id/board_name", O_RDONLY
-2 (ENOENT)
OPENFILE
"sys/devices/virtual/dmi/id/board_version"
SYSCALL
analyzed_bin
openat
108
3, "sys/devices/virtual/dmi/id/board_version", O_RDONLY
-2 (ENOENT)
OPENFILE
"sys/devices/virtual/dmi/id/board_serial"
SYSCALL
analyzed_bin
openat
108
3, "sys/devices/virtual/dmi/id/board_serial", O_RDONLY
-2 (ENOENT)
OPENFILE
"sys/devices/virtual/dmi/id/board_asset_tag"
SYSCALL
analyzed_bin
openat
108
3, "sys/devices/virtual/dmi/id/board_asset_tag", O_RDONLY
-2 (ENOENT)
OPENFILE
"sys/devices/virtual/dmi/id/chassis_vendor"
SYSCALL
analyzed_bin
openat
108
3, "sys/devices/virtual/dmi/id/chassis_vendor", O_RDONLY
4
SYSCALL
analyzed_bin
read
108
4, 0x7ffdeacf6400, 63
5
SYSCALL
analyzed_bin
close
108
4
0
OPENFILE
"sys/devices/virtual/dmi/id/chassis_type"
SYSCALL
analyzed_bin
openat
108
3, "sys/devices/virtual/dmi/id/chassis_type", O_RDONLY
4
SYSCALL
analyzed_bin
read
108
4, 0x7ffdeacf6400, 63
2
SYSCALL
analyzed_bin
close
108
4
0
OPENFILE
"sys/devices/virtual/dmi/id/chassis_version"
SYSCALL
analyzed_bin
openat
108
3, "sys/devices/virtual/dmi/id/chassis_version", O_RDONLY
4
SYSCALL
analyzed_bin
read
108
4, 0x7ffdeacf6400, 63
14
SYSCALL
analyzed_bin
close
108
4
0
OPENFILE
"sys/devices/virtual/dmi/id/chassis_serial"
SYSCALL
analyzed_bin
openat
108
3, "sys/devices/virtual/dmi/id/chassis_serial", O_RDONLY
4
SYSCALL
analyzed_bin
read
108
4, 0x7ffdeacf6400, 63
1
SYSCALL
analyzed_bin
close
108
4
0
OPENFILE
"sys/devices/virtual/dmi/id/chassis_asset_tag"
SYSCALL
analyzed_bin
openat
108
3, "sys/devices/virtual/dmi/id/chassis_asset_tag", O_RDONLY
4
SYSCALL
analyzed_bin
read
108
4, 0x7ffdeacf6400, 63
1
SYSCALL
analyzed_bin
close
108
4
0
OPENFILE
"sys/devices/virtual/dmi/id/bios_vendor"
SYSCALL
analyzed_bin
openat
108
3, "sys/devices/virtual/dmi/id/bios_vendor", O_RDONLY
4
SYSCALL
analyzed_bin
read
108
4, 0x7ffdeacf6400, 63
8
SYSCALL
analyzed_bin
close
108
4
0
OPENFILE
"sys/devices/virtual/dmi/id/bios_version"
SYSCALL
analyzed_bin
openat
108
3, "sys/devices/virtual/dmi/id/bios_version", O_RDONLY
4
SYSCALL
analyzed_bin
read
108
4, 0x7ffdeacf6400, 63
9
SYSCALL
analyzed_bin
close
108
4
0
OPENFILE
"sys/devices/virtual/dmi/id/bios_date"
SYSCALL
analyzed_bin
openat
108
3, "sys/devices/virtual/dmi/id/bios_date", O_RDONLY
4
SYSCALL
analyzed_bin
read
108
4, 0x7ffdeacf6400, 63
11
SYSCALL
analyzed_bin
close
108
4
0
OPENFILE
"sys/devices/virtual/dmi/id/sys_vendor"
SYSCALL
analyzed_bin
openat
108
3, "sys/devices/virtual/dmi/id/sys_vendor", O_RDONLY
4
SYSCALL
analyzed_bin
read
108
4, 0x7ffdeacf6400, 63
5
SYSCALL
analyzed_bin
close
108
4
0
OPENFILE
"proc/elog"
SYSCALL
analyzed_bin
openat
108
3, "proc/elog", O_RDONLY
-2 (ENOENT)
SYSCALL
analyzed_bin
time
108
0x0
1657779531
OPENFILE
"/sys/devices/system/cpu/possible"
SYSCALL
analyzed_bin
open
108
"/sys/devices/system/cpu/possible", O_RDONLY
4
SYSCALL
analyzed_bin
read
108
4, 0xa71d80, 4097
2
SYSCALL
analyzed_bin
close
108
4
0
SYSCALL
analyzed_bin
sched_getaffinity
108
0, 8, 0xa6d980
8
SYSCALL
analyzed_bin
sched_getaffinity
108
0, 8, 0xa6d980
8
SYSCALL
analyzed_bin
sched_setaffinity
108
0, 8, 0xa71d80
0
SYSCALL
analyzed_bin
sched_setaffinity
108
0, 8, 0xa71d80
0
SYSCALL
analyzed_bin
pipe2
108
[0, 0], O_CLOEXEC
0
SYSCALL
analyzed_bin
write
108
5, "*", 1
1
SYSCALL
analyzed_bin
futex
108
0x9be0f0, FUTEX_WAKE_PRIVATE, 2147483647
0
SYSCALL
analyzed_bin
clock_getres
108
CLOCK_MONOTONIC_COARSE, 0x7ffdeacf6970
0
SYSCALL
analyzed_bin
clock_gettime
108
CLOCK_MONOTONIC, 0x7ffdeacf6970
0
SYSCALL
analyzed_bin
epoll_create1
108
EPOLL_CLOEXEC
6
SYSCALL
analyzed_bin
pipe2
108
[-1, -1], O_NONBLOCK|O_CLOEXEC
0
SYSCALL
analyzed_bin
eventfd2
108
0, EFD_NONBLOCK|EFD_CLOEXEC
9
SYSCALL
analyzed_bin
rt_sigprocmask
108
SIG_SETMASK, [SIGHUP|SIGINT|SIGQUIT|SIGILL|SIGTRAP|SIGABRT|SIGBUS|SIGFPE|SIGKILL|SIGUSR1|SIGSEGV|SIGPIPE|SIGUSR2|SIGALRM|SIGTERM|SIGCHLD|SIGCONT|SIGSTOP|SIGTSTP|SIGTTIN|SIGTTOU|SIGURG|SIGXCPU|SIGXFSZ|SIGVTALRM|SIGPROF|SIGWINCH|SIGIO/SIGPOLL|SIGPWR|SIGSYS], 0x7ffdeacf6890, 8
0
SYSCALL
analyzed_bin
read
108
4, 0x7ffdeacf67c7, 1
1
SYSCALL
analyzed_bin
rt_sigaction
108
SIGHUP, {0x54c470, SA_RESTORER, 0x55cc50, [SIGHUP|SIGINT|SIGQUIT|SIGILL|SIGTRAP|SIGABRT|SIGBUS|SIGFPE|SIGKILL|SIGUSR1|SIGSEGV|SIGPIPE|SIGUSR2|SIGALRM|SIGTERM|SIGCHLD|SIGCONT|SIGSTOP|SIGTSTP|SIGTTIN|SIGTTOU|SIGURG|SIGXCPU|SIGXFSZ|SIGVTALRM|SIGPROF|SIGWINCH|SIGIO/SIGPOLL|SIGPWR|SIGSYS]}, 0x0, 8
0
SYSCALL
analyzed_bin
write
108
5, "*", 1
1
SYSCALL
analyzed_bin
rt_sigprocmask
108
SIG_SETMASK, [EMPTY], 0x0, 8
0
SYSCALL
analyzed_bin
rt_sigprocmask
108
SIG_SETMASK, [SIGHUP|SIGINT|SIGQUIT|SIGILL|SIGTRAP|SIGABRT|SIGBUS|SIGFPE|SIGKILL|SIGUSR1|SIGSEGV|SIGPIPE|SIGUSR2|SIGALRM|SIGTERM|SIGCHLD|SIGCONT|SIGSTOP|SIGTSTP|SIGTTIN|SIGTTOU|SIGURG|SIGXCPU|SIGXFSZ|SIGVTALRM|SIGPROF|SIGWINCH|SIGIO/SIGPOLL|SIGPWR|SIGSYS], 0x7ffdeacf6890, 8
0
SYSCALL
analyzed_bin
read
108
4, 0x7ffdeacf67c7, 1
1
SYSCALL
analyzed_bin
rt_sigaction
108
SIGINT, {0x54c470, SA_RESTORER, 0x55cc50, [SIGHUP|SIGINT|SIGQUIT|SIGILL|SIGTRAP|SIGABRT|SIGBUS|SIGFPE|SIGKILL|SIGUSR1|SIGSEGV|SIGPIPE|SIGUSR2|SIGALRM|SIGTERM|SIGCHLD|SIGCONT|SIGSTOP|SIGTSTP|SIGTTIN|SIGTTOU|SIGURG|SIGXCPU|SIGXFSZ|SIGVTALRM|SIGPROF|SIGWINCH|SIGIO/SIGPOLL|SIGPWR|SIGSYS]}, 0x0, 8
0
SYSCALL
analyzed_bin
write
108
5, "*", 1
1
SYSCALL
analyzed_bin
rt_sigprocmask
108
SIG_SETMASK, [EMPTY], 0x0, 8
0
SYSCALL
analyzed_bin
rt_sigprocmask
108
SIG_SETMASK, [SIGHUP|SIGINT|SIGQUIT|SIGILL|SIGTRAP|SIGABRT|SIGBUS|SIGFPE|SIGKILL|SIGUSR1|SIGSEGV|SIGPIPE|SIGUSR2|SIGALRM|SIGTERM|SIGCHLD|SIGCONT|SIGSTOP|SIGTSTP|SIGTTIN|SIGTTOU|SIGURG|SIGXCPU|SIGXFSZ|SIGVTALRM|SIGPROF|SIGWINCH|SIGIO/SIGPOLL|SIGPWR|SIGSYS], 0x7ffdeacf6890, 8
0
SYSCALL
analyzed_bin
read
108
4, 0x7ffdeacf67c7, 1
1
SYSCALL
analyzed_bin
rt_sigaction
108
SIGTERM, {0x54c470, SA_RESTORER, 0x55cc50, [SIGHUP|SIGINT|SIGQUIT|SIGILL|SIGTRAP|SIGABRT|SIGBUS|SIGFPE|SIGKILL|SIGUSR1|SIGSEGV|SIGPIPE|SIGUSR2|SIGALRM|SIGTERM|SIGCHLD|SIGCONT|SIGSTOP|SIGTSTP|SIGTTIN|SIGTTOU|SIGURG|SIGXCPU|SIGXFSZ|SIGVTALRM|SIGPROF|SIGWINCH|SIGIO/SIGPOLL|SIGPWR|SIGSYS]}, 0x0, 8
0
SYSCALL
analyzed_bin
write
108
5, "*", 1
1
SYSCALL
analyzed_bin
rt_sigprocmask
108
SIG_SETMASK, [EMPTY], 0x0, 8
0
SYSCALL
analyzed_bin
rt_sigaction
108
SIGPIPE, {SIG_IGN}, 0x7ffdeacf67e0, 8
0
PROCESS
110:108
SYSCALL
analyzed_bin
clone
108
CLONE_CHILD_CLEARTID|CLONE_CHILD_SETTID|SIGCHLD, 0x0, 0x0, 0xa48bd0
110
SYSCALL
analyzed_bin
fstat
108
1, 0x7ffdeacf6750
0
SYSCALL
analyzed_bin
close
108
3
0
SYSCALL
analyzed_bin
rt_sigprocmask
108
SIG_SETMASK, [SIGHUP|SIGINT|SIGQUIT|SIGILL|SIGTRAP|SIGABRT|SIGBUS|SIGFPE|SIGKILL|SIGUSR1|SIGSEGV|SIGPIPE|SIGUSR2|SIGALRM|SIGTERM|SIGCHLD|SIGCONT|SIGSTOP|SIGTSTP|SIGTTIN|SIGTTOU|SIGURG|SIGXCPU|SIGXFSZ|SIGVTALRM|SIGPROF|SIGWINCH|SIGIO/SIGPOLL|SIGPWR|SIGSYS], 0x7ffdeacf68a0, 8
0
SYSCALL
analyzed_bin
read
108
4, 0x7ffdeacf67e7, 1
1
SYSCALL
analyzed_bin
rt_sigaction
108
SIGHUP, {SIG_DFL}, 0x0, 8
0
SYSCALL
analyzed_bin
write
108
5, "*", 1
1
SYSCALL
analyzed_bin
rt_sigprocmask
108
SIG_SETMASK, [EMPTY], 0x0, 8
0
SYSCALL
analyzed_bin
rt_sigprocmask
108
SIG_SETMASK, [SIGHUP|SIGINT|SIGQUIT|SIGILL|SIGTRAP|SIGABRT|SIGBUS|SIGFPE|SIGKILL|SIGUSR1|SIGSEGV|SIGPIPE|SIGUSR2|SIGALRM|SIGTERM|SIGCHLD|SIGCONT|SIGSTOP|SIGTSTP|SIGTTIN|SIGTTOU|SIGURG|SIGXCPU|SIGXFSZ|SIGVTALRM|SIGPROF|SIGWINCH|SIGIO/SIGPOLL|SIGPWR|SIGSYS], 0x7ffdeacf68a0, 8
0
SYSCALL
analyzed_bin
read
108
4, 0x7ffdeacf67e7, 1
1
SYSCALL
analyzed_bin
rt_sigaction
108
SIGINT, {SIG_DFL}, 0x0, 8
0
SYSCALL
analyzed_bin
write
108
5, "*", 1
1
SYSCALL
analyzed_bin
rt_sigprocmask
108
SIG_SETMASK, [EMPTY], 0x0, 8
0
SYSCALL
analyzed_bin
rt_sigprocmask
108
SIG_SETMASK, [SIGHUP|SIGINT|SIGQUIT|SIGILL|SIGTRAP|SIGABRT|SIGBUS|SIGFPE|SIGKILL|SIGUSR1|SIGSEGV|SIGPIPE|SIGUSR2|SIGALRM|SIGTERM|SIGCHLD|SIGCONT|SIGSTOP|SIGTSTP|SIGTTIN|SIGTTOU|SIGURG|SIGXCPU|SIGXFSZ|SIGVTALRM|SIGPROF|SIGWINCH|SIGIO/SIGPOLL|SIGPWR|SIGSYS], 0x7ffdeacf68a0, 8
0
SYSCALL
analyzed_bin
set_robust_list
110
0xa48be0, 24
0
SYSCALL
analyzed_bin
setsid
110

110
SYSCALL
analyzed_bin
chdir
110
0x739ade
0
SYSCALL
analyzed_bin
read
108
4, 0x7ffdeacf67e7, 1
1
SYSCALL
analyzed_bin
rt_sigaction
108
SIGTERM, {SIG_DFL}, 0x0, 8
0
SYSCALL
analyzed_bin
write
108
5, "*", 1
1
SYSCALL
analyzed_bin
rt_sigprocmask
108
SIG_SETMASK, [EMPTY], 0x0, 8
0
SYSCALL
analyzed_bin
write
108
1, "110", 3
3
SYSCALL
analyzed_bin
exit_group
108
0

OPENFILE
"/tmp/mlg.txt"
SYSCALL
analyzed_bin
open
110
"/tmp/mlg.txt", O_WRONLY|O_CREAT|O_APPEND|O_CLOEXEC, 0644
10
SYSCALL
analyzed_bin
brk
110
0xab3000
11218944
SYSCALL
analyzed_bin
brk
110
0xad4000
11354112
SYSCALL
analyzed_bin
mmap2
110
0x0, 8392704, PROT_READ|PROT_WRITE, MAP_PRIVATE|MAP_ANONYMOUS|MAP_STACK, -1, 0
0x7f3fe3fb0000
SYSCALL
analyzed_bin
mprotect
110
0x7f3fe3fb0000, 4096, PROT_NONE
0
PROCESS
111:110
SYSCALL
analyzed_bin
clone
110
CLONE_VM|CLONE_FS|CLONE_FILES|CLONE_SIGHAND|CLONE_THREAD|CLONE_SYSVSEM|CLONE_SETTLS|CLONE_PARENT_SETTID|CLONE_CHILD_CLEARTID, 0x7f3fe47afdf0, 0x7f3fe47b09d0, 0x7f3fe47b09d0
111
SYSCALL
analyzed_bin
mmap2
110
0x0, 8392704, PROT_READ|PROT_WRITE, MAP_PRIVATE|MAP_ANONYMOUS|MAP_STACK, -1, 0
0x7f3fe37af000
SYSCALL
analyzed_bin
mprotect
110
0x7f3fe37af000, 4096, PROT_NONE
0
PROCESS
112:110
SYSCALL
analyzed_bin
clone
110
CLONE_VM|CLONE_FS|CLONE_FILES|CLONE_SIGHAND|CLONE_THREAD|CLONE_SYSVSEM|CLONE_SETTLS|CLONE_PARENT_SETTID|CLONE_CHILD_CLEARTID, 0x7f3fe3faedf0, 0x7f3fe3faf9d0, 0x7f3fe3faf9d0
112
SYSCALL
analyzed_bin
mmap2
110
0x0, 8392704, PROT_READ|PROT_WRITE, MAP_PRIVATE|MAP_ANONYMOUS|MAP_STACK, -1, 0
0x7f3fe2fae000
SYSCALL
analyzed_bin
mprotect
110
0x7f3fe2fae000, 4096, PROT_NONE
0
PROCESS
113:110
SYSCALL
analyzed_bin
clone
110
CLONE_VM|CLONE_FS|CLONE_FILES|CLONE_SIGHAND|CLONE_THREAD|CLONE_SYSVSEM|CLONE_SETTLS|CLONE_PARENT_SETTID|CLONE_CHILD_CLEARTID, 0x7f3fe37addf0, 0x7f3fe37ae9d0, 0x7f3fe37ae9d0
113
SYSCALL
analyzed_bin
mmap2
110
0x0, 8392704, PROT_READ|PROT_WRITE, MAP_PRIVATE|MAP_ANONYMOUS|MAP_STACK, -1, 0
0x7f3fe27ad000
SYSCALL
analyzed_bin
mprotect
110
0x7f3fe27ad000, 4096, PROT_NONE
0
PROCESS
114:110
SYSCALL
analyzed_bin
clone
110
CLONE_VM|CLONE_FS|CLONE_FILES|CLONE_SIGHAND|CLONE_THREAD|CLONE_SYSVSEM|CLONE_SETTLS|CLONE_PARENT_SETTID|CLONE_CHILD_CLEARTID, 0x7f3fe2facdf0, 0x7f3fe2fad9d0, 0x7f3fe2fad9d0
114
SYSCALL
analyzed_bin
futex
110
0x9be330, FUTEX_WAKE_PRIVATE, 2147483647
0
SYSCALL
analyzed_bin
set_robust_list
110
0x7f3fe47b09e0, 24
0
SYSCALL
analyzed_bin
write
110
10, " * ABOUT        XMRig/5.5.0 gcc/5.4.0\n", 38
38
SYSCALL
analyzed_bin
write
110
9, "\001\0\0\0\0\0\0\0", 8
8
SYSCALL
analyzed_bin
write
110
10, " * LIBS         libuv/1.8.0 hwloc/2.0.4\n", 40
40
SYSCALL
analyzed_bin
write
110
10, " * HUGE PAGES   supported\n", 26
26
SYSCALL
analyzed_bin
write
110
10, " * 1GB PAGES    unavailable\n", 28
28
SYSCALL
analyzed_bin
write
110
10, " * CPU          QEMU Virtual CPU version 2.5+"..., 59
59
SYSCALL
analyzed_bin
set_robust_list
110
0x7f3fe3faf9e0, 24
0
SYSCALL
analyzed_bin
set_robust_list
110
0x7f3fe37ae9e0, 24
0
SYSCALL
analyzed_bin
set_robust_list
110
0x7f3fe2fad9e0, 24
0
SYSCALL
analyzed_bin
futex
110
0x9be304, FUTEX_WAKE_OP_PRIVATE, 1
1
SYSCALL
analyzed_bin
sysinfo
110
{uptime=0, loads=[7464552, 1, 1], totalram=1, freeram=18446744073709551360, sharedram=4602678819172646912, bufferram=0, totalswap=4625196817309499392, freeswap=0, procs=0}
0
SYSCALL
analyzed_bin
sysinfo
110
{uptime=12, loads=[10496, 2176, 704], totalram=117092352, freeram=56147968, sharedram=61440, bufferram=843776, totalswap=0, freeswap=0, procs=49}
0
SYSCALL
analyzed_bin
futex
110
0x9be304, FUTEX_WAKE_OP_PRIVATE, 1
1
SYSCALL
analyzed_bin
futex
110
0x9be304, FUTEX_WAIT_PRIVATE, 2
0
SYSCALL
analyzed_bin
futex
110
0x9be304, FUTEX_WAIT_PRIVATE, 1
0
SYSCALL
analyzed_bin
futex
110
0x9be2c0, FUTEX_WAKE_PRIVATE, 1
1
SYSCALL
analyzed_bin
futex
110
0x9be2c0, FUTEX_WAIT_PRIVATE, 2
0
SYSCALL
analyzed_bin
futex
110
0x9be2c0, FUTEX_WAKE_PRIVATE, 1
1
SYSCALL
analyzed_bin
write
110
10, "                L2:0.5 MB L3:16.0 MB 1C/1T NU"..., 50
50
SYSCALL
analyzed_bin
write
110
10, " * MEMORY       0.1/0.1 GB (52%)\n", 33
33
SYSCALL
analyzed_bin
futex
110
0x9be2c0, FUTEX_WAIT_PRIVATE, 2
0
SYSCALL
analyzed_bin
futex
110
0x9be2c0, FUTEX_WAKE_PRIVATE, 1
0
SYSCALL
analyzed_bin
futex
110
0x9be304, FUTEX_WAKE_OP_PRIVATE, 1
1
SYSCALL
analyzed_bin
futex
110
0x9be304, FUTEX_WAIT_PRIVATE, 3
0
SYSCALL
analyzed_bin
futex
110
0x9be2c0, FUTEX_WAKE_PRIVATE, 1
1
SYSCALL
analyzed_bin
futex
110
0x9be2c0, FUTEX_WAIT_PRIVATE, 2
0
SYSCALL
analyzed_bin
futex
110
0x9be2c0, FUTEX_WAKE_PRIVATE, 1
0
SYSCALL
analyzed_bin
write
110
10, " * DONATE       0%\n", 19
19
SYSCALL
analyzed_bin
futex
110
0x9be304, FUTEX_WAKE_OP_PRIVATE, 1
1
SYSCALL
analyzed_bin
futex
110
0x9be304, FUTEX_WAIT_PRIVATE, 4
0
SYSCALL
analyzed_bin
futex
110
0x9be2c0, FUTEX_WAKE_PRIVATE, 1
1
SYSCALL
analyzed_bin
futex
110
0x9be2c0, FUTEX_WAIT_PRIVATE, 2
0
SYSCALL
analyzed_bin
futex
110
0x9be2c0, FUTEX_WAKE_PRIVATE, 1
0
SYSCALL
analyzed_bin
write
110
10, " * COMMANDS     'h' hashrate, 'p' pause, 'r' "..., 52
52
SYSCALL
analyzed_bin
mmap2
110
0x0, 8392704, PROT_READ|PROT_WRITE, MAP_PRIVATE|MAP_ANONYMOUS|MAP_STACK, -1, 0
0x7f3fe1fac000
SYSCALL
analyzed_bin
mprotect
110
0x7f3fe1fac000, 4096, PROT_NONE
0
PROCESS
115:110
SYSCALL
analyzed_bin
clone
110
CLONE_VM|CLONE_FS|CLONE_FILES|CLONE_SIGHAND|CLONE_THREAD|CLONE_SYSVSEM|CLONE_SETTLS|CLONE_PARENT_SETTID|CLONE_CHILD_CLEARTID, 0x7f3fe27abdf0, 0x7f3fe27ac9d0, 0x7f3fe27ac9d0
115
SYSCALL
analyzed_bin
futex
110
0x9be304, FUTEX_WAKE_OP_PRIVATE, 1
1
SYSCALL
analyzed_bin
futex
110
0x9be304, FUTEX_WAIT_PRIVATE, 7
0
SYSCALL
analyzed_bin
futex
110
0x9be2c0, FUTEX_WAKE_PRIVATE, 1
1
SYSCALL
analyzed_bin
futex
110
0x9be2c0, FUTEX_WAIT_PRIVATE, 2
0
SYSCALL
analyzed_bin
futex
110
0x9be2c0, FUTEX_WAKE_PRIVATE, 1
0
SYSCALL
analyzed_bin
socket
110
PF_LOCAL, SOCK_STREAM|SOCK_CLOEXEC|SOCK_NONBLOCK, 0
11
SYSCALL
analyzed_bin
connect
110
11, {AF_UNIX, "/var/run/nscd/socket"}, 110
-2 (ENOENT)
SYSCALL
analyzed_bin
close
110
11
0
SYSCALL
analyzed_bin
clock_gettime
110
CLOCK_MONOTONIC, 0x7ffdeacf6960
0
SYSCALL
analyzed_bin
epoll_ctl
110
6, EPOLL_CTL_ADD, 7, 0x7ffdeacf38b0
0
SYSCALL
analyzed_bin
epoll_ctl
110
6, EPOLL_CTL_ADD, 9, 0x7ffdeacf38b0
0
SYSCALL
analyzed_bin
epoll_wait
110
6, 0x7ffdeacf3940, 1024, 943
1
SYSCALL
analyzed_bin
clock_gettime
110
CLOCK_MONOTONIC, 0x7ffdeacf3860
0
SYSCALL
analyzed_bin
socket
110
PF_LOCAL, SOCK_STREAM|SOCK_CLOEXEC|SOCK_NONBLOCK, 0
11
SYSCALL
analyzed_bin
connect
110
11, {AF_UNIX, "/var/run/nscd/socket"}, 110
-2 (ENOENT)
SYSCALL
analyzed_bin
close
110
11
0
SYSCALL
analyzed_bin
mmap2
110
0x0, 134217728, PROT_NONE, MAP_PRIVATE|MAP_ANONYMOUS|MAP_NORESERVE, -1, 0
0x7f3fd9fac000
SYSCALL
analyzed_bin
munmap
110
0x7f3fd9fac000, 33898496
0
SYSCALL
analyzed_bin
munmap
110
0x7f3fe0000000, 33210368
0
SYSCALL
analyzed_bin
mprotect
110
0x7f3fdc000000, 135168, PROT_READ|PROT_WRITE
0
OPENFILE
"/etc/nsswitch.conf"
SYSCALL
analyzed_bin
open
110
"/etc/nsswitch.conf", O_RDONLY|O_CLOEXEC
11
SYSCALL
analyzed_bin
fstat
110
11, 0x7f3fe3fae830
0
SYSCALL
analyzed_bin
read
110
11, 0x7f3fdc000b90, 1024
230
SYSCALL
analyzed_bin
set_robust_list
110
0x7f3fe27ac9e0, 24
0
SYSCALL
analyzed_bin
read
110
9, 0x7ffdeacf3460, 1024
8
SYSCALL
analyzed_bin
clock_gettime
110
CLOCK_MONOTONIC, 0x7ffdeacf6960
0
SYSCALL
analyzed_bin
read
110
11, 0x7f3fdc000b90, 1024
0
SYSCALL
analyzed_bin
close
110
11
0
OPENFILE
"/etc/host.conf"
SYSCALL
analyzed_bin
open
110
"/etc/host.conf", O_RDONLY|O_CLOEXEC
-2 (ENOENT)
SYSCALL
analyzed_bin
futex
110
0xa46d8c, FUTEX_WAKE_PRIVATE, 2147483647
0
OPENFILE
"/etc/resolv.conf"
SYSCALL
analyzed_bin
open
110
"/etc/resolv.conf", O_RDONLY|O_CLOEXEC
11
SYSCALL
analyzed_bin
fstat
110
11, 0x7f3fe3fac740
0
SYSCALL
analyzed_bin
read
110
11, 0x7f3fdc0013b0, 4096
27
SYSCALL
analyzed_bin
read
110
11, 0x7f3fdc0013b0, 4096
0
SYSCALL
analyzed_bin
close
110
11
0
SYSCALL
analyzed_bin
uname
110
0x7f3fe3fac700
0
OPENFILE
0x750331
SYSCALL
analyzed_bin
open
110
0x750331, O_RDONLY|O_CLOEXEC
-2 (ENOENT)
OPENFILE
"/lib/x86_64-linux-gnu/tls//libnss_files.so.2"
SYSCALL
analyzed_bin
open
110
"/lib/x86_64-linux-gnu/tls//libnss_files.so.2", O_RDONLY|O_CLOEXEC
-2 (ENOENT)
SYSCALL
analyzed_bin
stat
110
"/lib/x86_64-linux-gnu/tls/", 0x7f3fe3fadbc0
-2 (ENOENT)
OPENFILE
"/lib/x86_64-linux-gnu/tls/libnss_files.so.2"
SYSCALL
analyzed_bin
open
110
"/lib/x86_64-linux-gnu/tls/libnss_files.so.2", O_RDONLY|O_CLOEXEC
-2 (ENOENT)
SYSCALL
analyzed_bin
stat
110
"/lib/x86_64-linux-gnu/tls", 0x7f3fe3fadbc0
-2 (ENOENT)
OPENFILE
"/lib/x86_64-linux-gnu//libnss_files.so.2"
SYSCALL
analyzed_bin
open
110
"/lib/x86_64-linux-gnu//libnss_files.so.2", O_RDONLY|O_CLOEXEC
-2 (ENOENT)
SYSCALL
analyzed_bin
stat
110
"/lib/x86_64-linux-gnu/", 0x7f3fe3fadbc0
-2 (ENOENT)
OPENFILE
"/lib/x86_64-linux-gnu/libnss_files.so.2"
SYSCALL
analyzed_bin
open
110
"/lib/x86_64-linux-gnu/libnss_files.so.2", O_RDONLY|O_CLOEXEC
-2 (ENOENT)
SYSCALL
analyzed_bin
stat
110
"/lib/x86_64-linux-gnu", 0x7f3fe3fadbc0
-2 (ENOENT)
OPENFILE
"/usr/lib/x86_64-linux-gnu/tls//libnss_files.so.2"
SYSCALL
analyzed_bin
open
110
"/usr/lib/x86_64-linux-gnu/tls//libnss_files.so.2", O_RDONLY|O_CLOEXEC
-2 (ENOENT)
SYSCALL
analyzed_bin
stat
110
"/usr/lib/x86_64-linux-gnu/tls/", 0x7f3fe3fadbc0
-2 (ENOENT)
OPENFILE
"/usr/lib/x86_64-linux-gnu/tls/libnss_files.so.2"
SYSCALL
analyzed_bin
open
110
"/usr/lib/x86_64-linux-gnu/tls/libnss_files.so.2", O_RDONLY|O_CLOEXEC
-2 (ENOENT)
SYSCALL
analyzed_bin
stat
110
"/usr/lib/x86_64-linux-gnu/tls", 0x7f3fe3fadbc0
-2 (ENOENT)
OPENFILE
"/usr/lib/x86_64-linux-gnu//libnss_files.so.2"
SYSCALL
analyzed_bin
open
110
"/usr/lib/x86_64-linux-gnu//libnss_files.so.2", O_RDONLY|O_CLOEXEC
-2 (ENOENT)
SYSCALL
analyzed_bin
stat
110
"/usr/lib/x86_64-linux-gnu/", 0x7f3fe3fadbc0
-2 (ENOENT)
OPENFILE
"/usr/lib/x86_64-linux-gnu/libnss_files.so.2"
SYSCALL
analyzed_bin
open
110
"/usr/lib/x86_64-linux-gnu/libnss_files.so.2", O_RDONLY|O_CLOEXEC
-2 (ENOENT)
SYSCALL
analyzed_bin
stat
110
"/usr/lib/x86_64-linux-gnu", 0x7f3fe3fadbc0
-2 (ENOENT)
OPENFILE
"/lib/tls//libnss_files.so.2"
SYSCALL
analyzed_bin
open
110
"/lib/tls//libnss_files.so.2", O_RDONLY|O_CLOEXEC
-2 (ENOENT)
SYSCALL
analyzed_bin
stat
110
"/lib/tls/", 0x7f3fe3fadbc0
-2 (ENOENT)
OPENFILE
"/lib/tls/libnss_files.so.2"
SYSCALL
analyzed_bin
open
110
"/lib/tls/libnss_files.so.2", O_RDONLY|O_CLOEXEC
-2 (ENOENT)
SYSCALL
analyzed_bin
stat
110
"/lib/tls", 0x7f3fe3fadbc0
-2 (ENOENT)
OPENFILE
"/lib//libnss_files.so.2"
SYSCALL
analyzed_bin
open
110
"/lib//libnss_files.so.2", O_RDONLY|O_CLOEXEC
11
SYSCALL
analyzed_bin
read
110
11, 0x7f3fe3fadd18, 832
832
SYSCALL
analyzed_bin
fstat
110
11, 0x7f3fe3fadbc0
0
SYSCALL
analyzed_bin
mmap2
110
0x0, 2168632, PROT_READ|PROT_EXEC, MAP_PRIVATE|MAP_DENYWRITE, 11, 0
0x7f3fe1d9a000
SYSCALL
analyzed_bin
mprotect
110
0x7f3fe1da5000, 2093056, PROT_NONE
0
SYSCALL
analyzed_bin
mmap2
110
0x7f3fe1fa4000, 8192, PROT_READ|PROT_WRITE, MAP_PRIVATE|MAP_FIXED|MAP_DENYWRITE, 11, 40960
0x7f3fe1fa4000
SYSCALL
analyzed_bin
mmap2
110
0x7f3fe1fa6000, 22328, PROT_READ|PROT_WRITE, MAP_PRIVATE|MAP_FIXED|MAP_ANONYMOUS, -1, 0
0x7f3fe1fa6000
SYSCALL
analyzed_bin
close
110
11
0
OPENFILE
"/lib//libc.so.6"
SYSCALL
analyzed_bin
open
110
"/lib//libc.so.6", O_RDONLY|O_CLOEXEC
11
SYSCALL
analyzed_bin
read
110
11, 0x7f3fe3fada78, 832
832
SYSCALL
analyzed_bin
fstat
110
11, 0x7f3fe3fad920
0
SYSCALL
analyzed_bin
mmap2
110
0x0, 3885056, PROT_READ|PROT_EXEC, MAP_PRIVATE|MAP_DENYWRITE, 11, 0
0x7f3fe19e5000
SYSCALL
analyzed_bin
mprotect
110
0x7f3fe1b91000, 2093056, PROT_NONE
0
SYSCALL
analyzed_bin
mmap2
110
0x7f3fe1d90000, 24576, PROT_READ|PROT_WRITE, MAP_PRIVATE|MAP_FIXED|MAP_DENYWRITE, 11, 1748992
0x7f3fe1d90000
SYSCALL
analyzed_bin
mmap2
110
0x7f3fe1d96000, 14336, PROT_READ|PROT_WRITE, MAP_PRIVATE|MAP_FIXED|MAP_ANONYMOUS, -1, 0
0x7f3fe1d96000
SYSCALL
analyzed_bin
close
110
11
0
OPENFILE
"/lib//ld-linux-x86-64.so.2"
SYSCALL
analyzed_bin
open
110
"/lib//ld-linux-x86-64.so.2", O_RDONLY|O_CLOEXEC
11
SYSCALL
analyzed_bin
read
110
11, 0x7f3fe3fad948, 832
832
SYSCALL
analyzed_bin
fstat
110
11, 0x7f3fe3fad7f0
0
SYSCALL
analyzed_bin
mmap2
110
0x0, 2261392, PROT_READ|PROT_EXEC, MAP_PRIVATE|MAP_DENYWRITE, 11, 0
0x7f3fe17bc000
SYSCALL
analyzed_bin
mprotect
110
0x7f3fe17e2000, 2097152, PROT_NONE
0
SYSCALL
analyzed_bin
mmap2
110
0x7f3fe19e2000, 8192, PROT_READ|PROT_WRITE, MAP_PRIVATE|MAP_FIXED|MAP_DENYWRITE, 11, 155648
0x7f3fe19e2000
SYSCALL
analyzed_bin
mmap2
110
0x7f3fe19e4000, 400, PROT_READ|PROT_WRITE, MAP_PRIVATE|MAP_FIXED|MAP_ANONYMOUS, -1, 0
0x7f3fe19e4000
SYSCALL
analyzed_bin
close
110
11
0
SYSCALL
analyzed_bin
mprotect
110
0x7f3fe19e2000, 4096, PROT_READ
0
SYSCALL
analyzed_bin
mprotect
110
0x7f3fe1d90000, 16384, PROT_READ
0
SYSCALL
analyzed_bin
mprotect
110
0x7f3fe1fa4000, 4096, PROT_READ
0
SYSCALL
analyzed_bin
mmap2
110
0x0, 1048576, PROT_READ|PROT_WRITE, MAP_PRIVATE|MAP_ANONYMOUS, -1, 0
0x7f3fe16bc000
OPENFILE
"/etc/hosts"
SYSCALL
analyzed_bin
openat
110
AT_FDCWD, "/etc/hosts", O_RDONLY|O_CLOEXEC
11
SYSCALL
analyzed_bin
lseek
110
11, 0, SEEK_CUR
0
SYSCALL
analyzed_bin
fstat
110
11, 0x7f3fe3fae320
0
SYSCALL
analyzed_bin
read
110
11, 0x7f3fe16bc490, 1024
42
SYSCALL
analyzed_bin
lseek
110
11, 0, SEEK_CUR
42
SYSCALL
analyzed_bin
read
110
11, 0x7f3fe16bc490, 1024
0
SYSCALL
analyzed_bin
close
110
11
0
OPENFILE
"/lib//libnss_dns.so.2"
SYSCALL
analyzed_bin
open
110
"/lib//libnss_dns.so.2", O_RDONLY|O_CLOEXEC
11
SYSCALL
analyzed_bin
read
110
11, 0x7f3fe3fadd28, 832
832
SYSCALL
analyzed_bin
fstat
110
11, 0x7f3fe3fadbd0
0
SYSCALL
analyzed_bin
mmap2
110
0x0, 2117856, PROT_READ|PROT_EXEC, MAP_PRIVATE|MAP_DENYWRITE, 11, 0
0x7f3fe14b6000
SYSCALL
analyzed_bin
mprotect
110
0x7f3fe14bb000, 2093056, PROT_NONE
0
SYSCALL
analyzed_bin
mmap2
110
0x7f3fe16ba000, 8192, PROT_READ|PROT_WRITE, MAP_PRIVATE|MAP_FIXED|MAP_DENYWRITE, 11, 16384
0x7f3fe16ba000
SYSCALL
analyzed_bin
close
110
11
0
OPENFILE
"/lib//libresolv.so.2"
SYSCALL
analyzed_bin
open
110
"/lib//libresolv.so.2", O_RDONLY|O_CLOEXEC
11
SYSCALL
analyzed_bin
read
110
11, 0x7f3fe3fada88, 832
832
SYSCALL
analyzed_bin
fstat
110
11, 0x7f3fe3fad930
0
SYSCALL
analyzed_bin
mmap2
110
0x0, 2185824, PROT_READ|PROT_EXEC, MAP_PRIVATE|MAP_DENYWRITE, 11, 0
0x7f3fe12a0000
SYSCALL
analyzed_bin
mprotect
110
0x7f3fe12b3000, 2093056, PROT_NONE
0
SYSCALL
analyzed_bin
mmap2
110
0x7f3fe14b2000, 8192, PROT_READ|PROT_WRITE, MAP_PRIVATE|MAP_FIXED|MAP_DENYWRITE, 11, 73728
0x7f3fe14b2000
SYSCALL
analyzed_bin
mmap2
110
0x7f3fe14b4000, 6752, PROT_READ|PROT_WRITE, MAP_PRIVATE|MAP_FIXED|MAP_ANONYMOUS, -1, 0
0x7f3fe14b4000
SYSCALL
analyzed_bin
close
110
11
0
SYSCALL
analyzed_bin
mprotect
110
0x7f3fe14b2000, 4096, PROT_READ
0
SYSCALL
analyzed_bin
mprotect
110
0x7f3fe16ba000, 4096, PROT_READ
0
SYSCALL
analyzed_bin
stat
110
"/etc/resolv.conf", 0x7f3fe3fae400
0
OPENFILE
"/etc/host.conf"
SYSCALL
analyzed_bin
openat
110
AT_FDCWD, "/etc/host.conf", O_RDONLY|O_CLOEXEC
-2 (ENOENT)
OPENFILE
"/etc/resolv.conf"
SYSCALL
analyzed_bin
openat
110
AT_FDCWD, "/etc/resolv.conf", O_RDONLY|O_CLOEXEC
11
SYSCALL
analyzed_bin
fstat
110
11, 0x7f3fe3fae030
0
SYSCALL
analyzed_bin
read
110
11, 0x7f3fe16bc9b0, 4096
27
SYSCALL
analyzed_bin
read
110
11, 0x7f3fe16bc9b0, 4096
0
SYSCALL
analyzed_bin
close
110
11
0
SYSCALL
analyzed_bin
uname
110
0x7f3fe3fadfd0
0
SYSCALL
analyzed_bin
socket
110
PF_INET, SOCK_DGRAM|SOCK_CLOEXEC|SOCK_NONBLOCK, IPPROTO_IP
11
SYSCALL
analyzed_bin
connect
110
11, {AF_INET, 10.0.2.3, 53}, 16
0
SYSCALL
analyzed_bin
gettimeofday
110
0x7f3fe3face90, 0x0
0
SYSCALL
analyzed_bin
poll
110
0x7f3fe3facf88, 1, 0
1
SYSCALL
analyzed_bin
sendmmsg
110
11, 0x7f3fe3facfe0, 2, MSG_NOSIGNAL
2
SYSCALL
analyzed_bin
poll
110
0x7f3fe3facf88, 1, 5000
1
SYSCALL
analyzed_bin
ioctl
110
11, 21531, 0x7f3fe3facf84
0
SYSCALL
analyzed_bin
recvfrom
110
11, 0x7f3fe3fadd00, 2048, 0x0, 0x7f3fe3facfc0, 0x7f3fe3facfe0
89
SYSCALL
analyzed_bin
gettimeofday
110
0x7f3fe3face90, 0x0
0
SYSCALL
analyzed_bin
poll
110
0x7f3fe3facf88, 1, 4967
1
SYSCALL
analyzed_bin
ioctl
110
11, 21531, 0x7f3fe3fae53c
0
SYSCALL
analyzed_bin
recvfrom
110
11, 0x7f3fe16bd9e0, 65536, 0x0, 0x7f3fe3facfc0, 0x7f3fe3facfe0
89
SYSCALL
analyzed_bin
close
110
11
0
SYSCALL
analyzed_bin
write
110
9, "\001\0\0\0\0\0\0\0", 8
8
SYSCALL
analyzed_bin
epoll_wait
110
6, 0x7ffdeacf3940, 1024, 934
1
SYSCALL
analyzed_bin
clock_gettime
110
CLOCK_MONOTONIC, 0x7ffdeacf3860
0
SYSCALL
analyzed_bin
read
110
9, 0x7ffdeacf3460, 1024
8
SYSCALL
analyzed_bin
futex
110
0x9bdde8, FUTEX_WAKE_PRIVATE, 1
1
SYSCALL
analyzed_bin
futex
110
0x9bdde8, FUTEX_WAIT_PRIVATE, 2
0
SYSCALL
analyzed_bin
futex
110
0x9bdde8, FUTEX_WAKE_PRIVATE, 1
0
SYSCALL
analyzed_bin
clock_gettime
110
CLOCK_REALTIME, 0x7ffdeacf3150
0
OPENFILE
"/etc/localtime"
SYSCALL
analyzed_bin
open
110
"/etc/localtime", O_RDONLY|O_CLOEXEC
11
SYSCALL
analyzed_bin
fstat
110
11, 0x7ffdeacf3070
0
SYSCALL
analyzed_bin
fstat
110
11, 0x7ffdeacf2ed0
0
SYSCALL
analyzed_bin
read
110
11, 0xabd060, 1024
127
SYSCALL
analyzed_bin
lseek
110
11, -71, SEEK_CUR
56
SYSCALL
analyzed_bin
read
110
11, 0xabd060, 1024
71
SYSCALL
analyzed_bin
close
110
11
0
SYSCALL
analyzed_bin
futex
110
0x9be304, FUTEX_WAKE_OP_PRIVATE, 1
1
SYSCALL
analyzed_bin
futex
110
0x9be304, FUTEX_WAIT_PRIVATE, 8
0
SYSCALL
analyzed_bin
futex
110
0x9be2c0, FUTEX_WAKE_PRIVATE, 1
1
SYSCALL
analyzed_bin
futex
110
0x9be2c0, FUTEX_WAIT_PRIVATE, 2
0
SYSCALL
analyzed_bin
futex
110
0x9be2c0, FUTEX_WAKE_PRIVATE, 1
0
SYSCALL
analyzed_bin
write
110
10, "[2022-07-14 06:18:51.610] [stratum+tcp://o.ho"..., 98
98
SYSCALL
analyzed_bin
write
110
9, "\001\0\0\0\0\0\0\0", 8
8
SYSCALL
analyzed_bin
clock_gettime
110
CLOCK_MONOTONIC, 0x7ffdeacf32f0
0
SYSCALL
analyzed_bin
clock_gettime
110
CLOCK_MONOTONIC, 0x7ffdeacf6960
0
SYSCALL
analyzed_bin
epoll_wait
110
6, 0x7ffdeacf3940, 1024, 848
1
SYSCALL
analyzed_bin
clock_gettime
110
CLOCK_MONOTONIC, 0x7ffdeacf3860
0
SYSCALL
analyzed_bin
read
110
9, 0x7ffdeacf3460, 1024
8
SYSCALL
analyzed_bin
clock_gettime
110
CLOCK_MONOTONIC, 0x7ffdeacf6960
0
SYSCALL
analyzed_bin
epoll_wait
110
6, 0x7ffdeacf3940, 1024, 846
0
SYSCALL
analyzed_bin
clock_gettime
110
CLOCK_MONOTONIC, 0x7ffdeacf3860
0
SYSCALL
analyzed_bin
clock_gettime
110
CLOCK_MONOTONIC, 0x7ffdeacf6960
0
SYSCALL
analyzed_bin
clock_gettime
110
CLOCK_MONOTONIC, 0x7ffdeacf6920
0
SYSCALL
analyzed_bin
epoll_wait
110
6, 0x7ffdeacf3940, 1024, 1000
0
SYSCALL
analyzed_bin
clock_gettime
110
CLOCK_MONOTONIC, 0x7ffdeacf3860
0
SYSCALL
analyzed_bin
clock_gettime
110
CLOCK_MONOTONIC, 0x7ffdeacf6960
0
SYSCALL
analyzed_bin
clock_gettime
110
CLOCK_MONOTONIC, 0x7ffdeacf6920
0
SYSCALL
analyzed_bin
epoll_wait
110
6, 0x7ffdeacf3940, 1024, 1000
0
SYSCALL
analyzed_bin
clock_gettime
110
CLOCK_MONOTONIC, 0x7ffdeacf3860
0
SYSCALL
analyzed_bin
clock_gettime
110
CLOCK_MONOTONIC, 0x7ffdeacf6960
0
SYSCALL
analyzed_bin
clock_gettime
110
CLOCK_MONOTONIC, 0x7ffdeacf6920
0
SYSCALL
analyzed_bin
epoll_wait
110
6, 0x7ffdeacf3940, 1024, 1000
0
SYSCALL
analyzed_bin
clock_gettime
110
CLOCK_MONOTONIC, 0x7ffdeacf3860
0
SYSCALL
analyzed_bin
clock_gettime
110
CLOCK_MONOTONIC, 0x7ffdeacf6960
0
SYSCALL
analyzed_bin
clock_gettime
110
CLOCK_MONOTONIC, 0x7ffdeacf6920
0
SYSCALL
analyzed_bin
epoll_wait
110
6, 0x7ffdeacf3940, 1024, 1000
0
SYSCALL
analyzed_bin
clock_gettime
110
CLOCK_MONOTONIC, 0x7ffdeacf3860
0
SYSCALL
analyzed_bin
clock_gettime
110
CLOCK_MONOTONIC, 0x7ffdeacf6960
0
SYSCALL
analyzed_bin
clock_gettime
110
CLOCK_MONOTONIC, 0x7ffdeacf6920
0
SYSCALL
analyzed_bin
epoll_wait
110
6, 0x7ffdeacf3940, 1024, 1000
0
SYSCALL
analyzed_bin
clock_gettime
110
CLOCK_MONOTONIC, 0x7ffdeacf3860
0
SYSCALL
analyzed_bin
clock_gettime
110
CLOCK_MONOTONIC, 0x7ffdeacf6960
0
SYSCALL
analyzed_bin
clock_gettime
110
CLOCK_MONOTONIC, 0x7ffdeacf6920
0
SYSCALL
analyzed_bin
futex
110
0x9be304, FUTEX_WAKE_OP_PRIVATE, 1
1
SYSCALL
analyzed_bin
futex
110
0x9be304, FUTEX_WAIT_PRIVATE, 10
0
SYSCALL
analyzed_bin
futex
110
0x9be2c0, FUTEX_WAKE_PRIVATE, 1
1
SYSCALL
analyzed_bin
futex
110
0x9be2c0, FUTEX_WAIT_PRIVATE, 2
0
SYSCALL
analyzed_bin
futex
110
0x9be2c0, FUTEX_WAKE_PRIVATE, 1
0
SYSCALL
analyzed_bin
mmap2
110
0x0, 134217728, PROT_NONE, MAP_PRIVATE|MAP_ANONYMOUS|MAP_NORESERVE, -1, 0
0x7f3fd4000000
SYSCALL
analyzed_bin
munmap
110
0x7f3fd8000000, 67108864
0
SYSCALL
analyzed_bin
mprotect
110
0x7f3fd4000000, 135168, PROT_READ|PROT_WRITE
0
OPENFILE
"/etc/resolv.conf"
SYSCALL
analyzed_bin
open
110
"/etc/resolv.conf", O_RDONLY|O_CLOEXEC
11
SYSCALL
analyzed_bin
fstat
110
11, 0x7f3fe37ab740
0
SYSCALL
analyzed_bin
read
110
11, 0x7f3fd4000af0, 4096
27
SYSCALL
analyzed_bin
read
110
11, 0x7f3fd4000af0, 4096
0
SYSCALL
analyzed_bin
close
110
11
0
SYSCALL
analyzed_bin
uname
110
0x7f3fe37ab700
0
SYSCALL
analyzed_bin
mmap2
110
0x0, 134217728, PROT_NONE, MAP_PRIVATE|MAP_ANONYMOUS|MAP_NORESERVE, -1, 0
0x7f3fcc000000
SYSCALL
analyzed_bin
munmap
110
0x7f3fd0000000, 67108864
0
SYSCALL
analyzed_bin
mprotect
110
0x7f3fcc000000, 135168, PROT_READ|PROT_WRITE
0
OPENFILE
"/etc/hosts"
SYSCALL
analyzed_bin
openat
110
AT_FDCWD, "/etc/hosts", O_RDONLY|O_CLOEXEC
11
SYSCALL
analyzed_bin
lseek
110
11, 0, SEEK_CUR
0
SYSCALL
analyzed_bin
fstat
110
11, 0x7f3fe37ad320
0
SYSCALL
analyzed_bin
read
110
11, 0x7f3fe16bccb0, 1024
42
SYSCALL
analyzed_bin
futex
110
0x9be304, FUTEX_WAIT_PRIVATE, 16
-512
SYSCALL
analyzed_bin
futex
110
0x9be304, FUTEX_WAIT_PRIVATE, 14
-512
SYSCALL
analyzed_bin
futex
110
0x9be304, FUTEX_WAIT_PRIVATE, 12
-512
SYSCALL
analyzed_bin
futex
110
0xabe2d4, FUTEX_WAIT_PRIVATE, 1
-512
SYSCALL
analyzed_bin
futex
110
0x7f3fe37ae9d0, FUTEX_WAKE, 1
0
