LISA
PROCESS
108:105
SYSCALL
analyzed_bin
execve
108

0
SYSCALL
analyzed_bin
arch_prctl
108
ARCH_SET_FS, 139856465600888
0
SYSCALL
analyzed_bin
set_tid_address
108
0x7f32def3a1b0
108
SYSCALL
analyzed_bin
brk
108
0x0
139856465604608
SYSCALL
analyzed_bin
brk
108
0x7f32def3c000
139856465608704
SYSCALL
analyzed_bin
brk
108
0x7f32def4e000
139856465682432
SYSCALL
analyzed_bin
brk
108
0x7f32def4f000
139856465686528
SYSCALL
analyzed_bin
brk
108
0x7f32def50000
139856465690624
SYSCALL
analyzed_bin
brk
108
0x7f32def51000
139856465694720
SYSCALL
analyzed_bin
brk
108
0x7f32def52000
139856465698816
SYSCALL
analyzed_bin
brk
108
0x7f32def53000
139856465702912
SYSCALL
analyzed_bin
brk
108
0x7f32def54000
139856465707008
SYSCALL
analyzed_bin
brk
108
0x7f32def55000
139856465711104
SYSCALL
analyzed_bin
brk
108
0x7f32def56000
139856465715200
SYSCALL
analyzed_bin
brk
108
0x7f32def57000
139856465719296
SYSCALL
analyzed_bin
brk
108
0x7f32def58000
139856465723392
SYSCALL
analyzed_bin
brk
108
0x7f32def59000
139856465727488
SYSCALL
analyzed_bin
brk
108
0x7f32def5a000
139856465731584
SYSCALL
analyzed_bin
brk
108
0x7f32def5b000
139856465735680
SYSCALL
analyzed_bin
brk
108
0x7f32def5c000
139856465739776
SYSCALL
analyzed_bin
brk
108
0x7f32def5d000
139856465743872
SYSCALL
analyzed_bin
brk
108
0x7f32def5e000
139856465747968
SYSCALL
analyzed_bin
brk
108
0x7f32def60000
139856465756160
SYSCALL
analyzed_bin
brk
108
0x7f32def61000
139856465760256
SYSCALL
analyzed_bin
brk
108
0x7f32def62000
139856465764352
SYSCALL
analyzed_bin
brk
108
0x7f32def63000
139856465768448
SYSCALL
analyzed_bin
brk
108
0x7f32def64000
139856465772544
SYSCALL
analyzed_bin
brk
108
0x7f32def65000
139856465776640
SYSCALL
analyzed_bin
brk
108
0x7f32def66000
139856465780736
SYSCALL
analyzed_bin
brk
108
0x7f32def67000
139856465784832
SYSCALL
analyzed_bin
brk
108
0x7f32def6a000
139856465797120
SYSCALL
analyzed_bin
brk
108
0x7f32def6b000
139856465801216
SYSCALL
analyzed_bin
brk
108
0x7f32def6c000
139856465805312
SYSCALL
analyzed_bin
brk
108
0x7f32def6d000
139856465809408
SYSCALL
analyzed_bin
brk
108
0x7f32def6e000
139856465813504
SYSCALL
analyzed_bin
brk
108
0x7f32def6f000
139856465817600
SYSCALL
analyzed_bin
brk
108
0x7f32def70000
139856465821696
SYSCALL
analyzed_bin
brk
108
0x7f32def71000
139856465825792
SYSCALL
analyzed_bin
brk
108
0x7f32def72000
139856465829888
SYSCALL
analyzed_bin
brk
108
0x7f32def73000
139856465833984
SYSCALL
analyzed_bin
brk
108
0x7f32def74000
139856465838080
SYSCALL
analyzed_bin
brk
108
0x7f32def75000
139856465842176
SYSCALL
analyzed_bin
brk
108
0x7f32def76000
139856465846272
SYSCALL
analyzed_bin
brk
108
0x7f32def77000
139856465850368
SYSCALL
analyzed_bin
brk
108
0x7f32def78000
139856465854464
SYSCALL
analyzed_bin
brk
108
0x7f32def7d000
139856465874944
SYSCALL
analyzed_bin
brk
108
0x7f32def7e000
139856465879040
SYSCALL
analyzed_bin
brk
108
0x7f32def7f000
139856465883136
SYSCALL
analyzed_bin
getuid
108

0
SYSCALL
analyzed_bin
geteuid
108

0
SYSCALL
analyzed_bin
getgid
108

0
SYSCALL
analyzed_bin
getegid
108

0
OPENFILE
"/usr/local/ssl/openssl.cnf"
SYSCALL
analyzed_bin
open
108
"/usr/local/ssl/openssl.cnf", O_RDONLY
-2 (ENOENT)
SYSCALL
analyzed_bin
brk
108
0x7f32def80000
139856465887232
SYSCALL
analyzed_bin
brk
108
0x7f32def81000
139856465891328
SYSCALL
analyzed_bin
brk
108
0x7f32def82000
139856465895424
SYSCALL
analyzed_bin
brk
108
0x7f32def83000
139856465899520
SYSCALL
analyzed_bin
brk
108
0x7f32def84000
139856465903616
SYSCALL
analyzed_bin
brk
108
0x7f32def85000
139856465907712
SYSCALL
analyzed_bin
brk
108
0x7f32def86000
139856465911808
SYSCALL
analyzed_bin
brk
108
0x7f32def87000
139856465915904
SYSCALL
analyzed_bin
brk
108
0x7f32def88000
139856465920000
SYSCALL
analyzed_bin
brk
108
0x7f32def89000
139856465924096
SYSCALL
analyzed_bin
brk
108
0x7f32def8a000
139856465928192
SYSCALL
analyzed_bin
brk
108
0x7f32def8b000
139856465932288
SYSCALL
analyzed_bin
brk
108
0x7f32def8c000
139856465936384
OPENFILE
"config.txt"
SYSCALL
analyzed_bin
open
108
"config.txt", O_RDONLY
-2 (ENOENT)
OPENFILE
"pools.txt"
SYSCALL
analyzed_bin
open
108
"pools.txt", O_RDONLY
-2 (ENOENT)
SYSCALL
analyzed_bin
brk
108
0x7f32def8e000
139856465944576
SYSCALL
analyzed_bin
brk
108
0x7f32def90000
139856465952768
SYSCALL
analyzed_bin
writev
108
1, 0x7fff7cab7af0, 2
32
SYSCALL
analyzed_bin
readv
108
0, 0x7fff7cab7ad0, 2
0
SYSCALL
analyzed_bin
brk
108
0x7f32def92000
139856465960960
SYSCALL
analyzed_bin
brk
108
0x7f32def96000
139856465977344
SYSCALL
analyzed_bin
brk
108
0x7f32def9a000
139856465993728
OPENFILE
"config.txt"
SYSCALL
analyzed_bin
open
108
"config.txt", O_WRONLY|O_CREAT|O_TRUNC, 0666
3
SYSCALL
analyzed_bin
ioctl
108
3, 21523, 0x7fff7cab7948
-25 (ENOTTY)
SYSCALL
analyzed_bin
writev
108
3, 0x7fff7cab78b0, 2
6726
SYSCALL
analyzed_bin
close
108
3
0
SYSCALL
analyzed_bin
writev
108
1, 0x7fff7cab7be0, 2
42
SYSCALL
analyzed_bin
writev
108
1, 0x7fff7cab7870, 2
14
SYSCALL
analyzed_bin
writev
108
1, 0x7fff7cab7880, 2
52
SYSCALL
analyzed_bin
writev
108
1, 0x7fff7cab7880, 2
98
SYSCALL
analyzed_bin
writev
108
1, 0x7fff7cab7880, 2
52
SYSCALL
analyzed_bin
writev
108
1, 0x7fff7cab7880, 2
98
SYSCALL
analyzed_bin
writev
108
1, 0x7fff7cab7880, 2
52
SYSCALL
analyzed_bin
writev
108
1, 0x7fff7cab7880, 2
98
SYSCALL
analyzed_bin
writev
108
1, 0x7fff7cab7880, 2
52
SYSCALL
analyzed_bin
writev
108
1, 0x7fff7cab7880, 2
98
SYSCALL
analyzed_bin
writev
108
1, 0x7fff7cab7880, 2
52
SYSCALL
analyzed_bin
writev
108
1, 0x7fff7cab7880, 2
98
SYSCALL
analyzed_bin
writev
108
1, 0x7fff7cab7880, 2
52
SYSCALL
analyzed_bin
writev
108
1, 0x7fff7cab7880, 2
98
SYSCALL
analyzed_bin
writev
108
1, 0x7fff7cab7880, 2
52
SYSCALL
analyzed_bin
writev
108
1, 0x7fff7cab7880, 2
98
SYSCALL
analyzed_bin
writev
108
1, 0x7fff7cab7880, 2
52
SYSCALL
analyzed_bin
writev
108
1, 0x7fff7cab7880, 2
98
SYSCALL
analyzed_bin
writev
108
1, 0x7fff7cab7880, 2
52
SYSCALL
analyzed_bin
writev
108
1, 0x7fff7cab7880, 2
98
SYSCALL
analyzed_bin
writev
108
1, 0x7fff7cab7880, 2
52
SYSCALL
analyzed_bin
writev
108
1, 0x7fff7cab7880, 2
98
SYSCALL
analyzed_bin
writev
108
1, 0x7fff7cab7880, 2
52
SYSCALL
analyzed_bin
writev
108
1, 0x7fff7cab7880, 2
98
SYSCALL
analyzed_bin
writev
108
1, 0x7fff7cab7880, 2
52
SYSCALL
analyzed_bin
writev
108
1, 0x7fff7cab7880, 2
98
SYSCALL
analyzed_bin
writev
108
1, 0x7fff7cab7880, 2
52
SYSCALL
analyzed_bin
writev
108
1, 0x7fff7cab7880, 2
98
SYSCALL
analyzed_bin
writev
108
1, 0x7fff7cab7880, 2
52
SYSCALL
analyzed_bin
writev
108
1, 0x7fff7cab7880, 2
98
SYSCALL
analyzed_bin
writev
108
1, 0x7fff7cab7880, 2
52
SYSCALL
analyzed_bin
writev
108
1, 0x7fff7cab7880, 2
98
SYSCALL
analyzed_bin
writev
108
1, 0x7fff7cab7880, 2
52
SYSCALL
analyzed_bin
writev
108
1, 0x7fff7cab7880, 2
98
SYSCALL
analyzed_bin
writev
108
1, 0x7fff7cab7880, 2
52
SYSCALL
analyzed_bin
writev
108
1, 0x7fff7cab7880, 2
98
SYSCALL
analyzed_bin
writev
108
1, 0x7fff7cab7880, 2
52
SYSCALL
analyzed_bin
writev
108
1, 0x7fff7cab7880, 2
98
SYSCALL
analyzed_bin
writev
108
1, 0x7fff7cab7880, 2
52
SYSCALL
analyzed_bin
writev
108
1, 0x7fff7cab7880, 2
98
SYSCALL
analyzed_bin
writev
108
1, 0x7fff7cab7880, 2
52
SYSCALL
analyzed_bin
writev
108
1, 0x7fff7cab7880, 2
98
SYSCALL
analyzed_bin
writev
108
1, 0x7fff7cab7880, 2
52
SYSCALL
analyzed_bin
writev
108
1, 0x7fff7cab7880, 2
98
SYSCALL
analyzed_bin
writev
108
1, 0x7fff7cab7880, 2
52
SYSCALL
analyzed_bin
writev
108
1, 0x7fff7cab7880, 2
98
SYSCALL
analyzed_bin
writev
108
1, 0x7fff7cab7880, 2
52
SYSCALL
analyzed_bin
writev
108
1, 0x7fff7cab7880, 2
98
SYSCALL
analyzed_bin
writev
108
1, 0x7fff7cab7880, 2
52
SYSCALL
analyzed_bin
writev
108
1, 0x7fff7cab7880, 2
98
SYSCALL
analyzed_bin
writev
108
1, 0x7fff7cab7880, 2
52
SYSCALL
analyzed_bin
writev
108
1, 0x7fff7cab7880, 2
98
SYSCALL
analyzed_bin
writev
108
1, 0x7fff7cab7880, 2
52
SYSCALL
analyzed_bin
writev
108
1, 0x7fff7cab7880, 2
98
SYSCALL
analyzed_bin
writev
108
1, 0x7fff7cab7880, 2
52
SYSCALL
analyzed_bin
writev
108
1, 0x7fff7cab7880, 2
98
SYSCALL
analyzed_bin
writev
108
1, 0x7fff7cab7880, 2
52
SYSCALL
analyzed_bin
writev
108
1, 0x7fff7cab7880, 2
98
SYSCALL
analyzed_bin
writev
108
1, 0x7fff7cab7880, 2
52
SYSCALL
analyzed_bin
writev
108
1, 0x7fff7cab7880, 2
98
SYSCALL
analyzed_bin
writev
108
1, 0x7fff7cab7880, 2
52
SYSCALL
analyzed_bin
writev
108
1, 0x7fff7cab7880, 2
98
SYSCALL
analyzed_bin
writev
108
1, 0x7fff7cab7880, 2
52
SYSCALL
analyzed_bin
writev
108
1, 0x7fff7cab7880, 2
98
SYSCALL
analyzed_bin
writev
108
1, 0x7fff7cab7880, 2
52
SYSCALL
analyzed_bin
writev
108
1, 0x7fff7cab7880, 2
98
SYSCALL
analyzed_bin
writev
108
1, 0x7fff7cab7880, 2
52
SYSCALL
analyzed_bin
writev
108
1, 0x7fff7cab7880, 2
98
SYSCALL
analyzed_bin
writev
108
1, 0x7fff7cab7880, 2
52
SYSCALL
analyzed_bin
writev
108
1, 0x7fff7cab7880, 2
98
SYSCALL
analyzed_bin
writev
108
1, 0x7fff7cab7880, 2
52
SYSCALL
analyzed_bin
writev
108
1, 0x7fff7cab7880, 2
98
SYSCALL
analyzed_bin
writev
108
1, 0x7fff7cab7880, 2
52
SYSCALL
analyzed_bin
writev
108
1, 0x7fff7cab7880, 2
98
SYSCALL
analyzed_bin
writev
108
1, 0x7fff7cab7880, 2
52
SYSCALL
analyzed_bin
writev
108
1, 0x7fff7cab7880, 2
98
SYSCALL
analyzed_bin
writev
108
1, 0x7fff7cab7880, 2
52
SYSCALL
analyzed_bin
writev
108
1, 0x7fff7cab7880, 2
98
SYSCALL
analyzed_bin
writev
108
1, 0x7fff7cab7880, 2
52
SYSCALL
analyzed_bin
writev
108
1, 0x7fff7cab7880, 2
98
SYSCALL
analyzed_bin
writev
108
1, 0x7fff7cab7880, 2
52
SYSCALL
analyzed_bin
writev
108
1, 0x7fff7cab7880, 2
98
SYSCALL
analyzed_bin
writev
108
1, 0x7fff7cab7880, 2
52
SYSCALL
analyzed_bin
writev
108
1, 0x7fff7cab7880, 2
98
SYSCALL
analyzed_bin
writev
108
1, 0x7fff7cab7880, 2
52
SYSCALL
analyzed_bin
writev
108
1, 0x7fff7cab7880, 2
98
SYSCALL
analyzed_bin
writev
108
1, 0x7fff7cab7880, 2
52
SYSCALL
analyzed_bin
writev
108
1, 0x7fff7cab7880, 2
98
SYSCALL
analyzed_bin
writev
108
1, 0x7fff7cab7880, 2
52
SYSCALL
analyzed_bin
writev
108
1, 0x7fff7cab7880, 2
98
SYSCALL
analyzed_bin
writev
108
1, 0x7fff7cab7880, 2
52
SYSCALL
analyzed_bin
writev
108
1, 0x7fff7cab7880, 2
98
SYSCALL
analyzed_bin
writev
108
1, 0x7fff7cab7880, 2
52
SYSCALL
analyzed_bin
writev
108
1, 0x7fff7cab7880, 2
98
SYSCALL
analyzed_bin
writev
108
1, 0x7fff7cab7880, 2
52
SYSCALL
analyzed_bin
writev
108
1, 0x7fff7cab7880, 2
98
SYSCALL
analyzed_bin
writev
108
1, 0x7fff7cab7880, 2
52
SYSCALL
analyzed_bin
writev
108
1, 0x7fff7cab7880, 2
98
SYSCALL
analyzed_bin
writev
108
1, 0x7fff7cab7880, 2
52
SYSCALL
analyzed_bin
writev
108
1, 0x7fff7cab7880, 2
98
SYSCALL
analyzed_bin
writev
108
1, 0x7fff7cab7880, 2
52
SYSCALL
analyzed_bin
writev
108
1, 0x7fff7cab7880, 2
98
SYSCALL
analyzed_bin
writev
108
1, 0x7fff7cab7880, 2
52
SYSCALL
analyzed_bin
writev
108
1, 0x7fff7cab7880, 2
98
SYSCALL
analyzed_bin
writev
108
1, 0x7fff7cab7880, 2
52
SYSCALL
analyzed_bin
writev
108
1, 0x7fff7cab7880, 2
98
SYSCALL
analyzed_bin
writev
108
1, 0x7fff7cab7880, 2
52
SYSCALL
analyzed_bin
writev
108
1, 0x7fff7cab7880, 2
98
SYSCALL
analyzed_bin
writev
108
1, 0x7fff7cab7880, 2
52
SYSCALL
analyzed_bin
writev
108
1, 0x7fff7cab7880, 2
98
SYSCALL
analyzed_bin
writev
108
1, 0x7fff7cab7880, 2
52
SYSCALL
analyzed_bin
writev
108
1, 0x7fff7cab7880, 2
98
SYSCALL
analyzed_bin
writev
108
1, 0x7fff7cab7880, 2
52
SYSCALL
analyzed_bin
writev
108
1, 0x7fff7cab7880, 2
98
SYSCALL
analyzed_bin
writev
108
1, 0x7fff7cab7880, 2
52
SYSCALL
analyzed_bin
writev
108
1, 0x7fff7cab7880, 2
98
SYSCALL
analyzed_bin
writev
108
1, 0x7fff7cab7880, 2
52
SYSCALL
analyzed_bin
writev
108
1, 0x7fff7cab7880, 2
98
SYSCALL
analyzed_bin
writev
108
1, 0x7fff7cab7880, 2
52
SYSCALL
analyzed_bin
writev
108
1, 0x7fff7cab7880, 2
98
SYSCALL
analyzed_bin
writev
108
1, 0x7fff7cab7880, 2
52
SYSCALL
analyzed_bin
writev
108
1, 0x7fff7cab7880, 2
98
SYSCALL
analyzed_bin
writev
108
1, 0x7fff7cab7880, 2
52
SYSCALL
analyzed_bin
writev
108
1, 0x7fff7cab7880, 2
98
SYSCALL
analyzed_bin
writev
108
1, 0x7fff7cab7880, 2
52
SYSCALL
analyzed_bin
writev
108
1, 0x7fff7cab7880, 2
98
SYSCALL
analyzed_bin
writev
108
1, 0x7fff7cab7880, 2
52
SYSCALL
analyzed_bin
writev
108
1, 0x7fff7cab7880, 2
98
SYSCALL
analyzed_bin
writev
108
1, 0x7fff7cab7880, 2
52
SYSCALL
analyzed_bin
writev
108
1, 0x7fff7cab7880, 2
98
SYSCALL
analyzed_bin
writev
108
1, 0x7fff7cab7880, 2
52
SYSCALL
analyzed_bin
writev
108
1, 0x7fff7cab7880, 2
98
SYSCALL
analyzed_bin
writev
108
1, 0x7fff7cab7880, 2
52
SYSCALL
analyzed_bin
writev
108
1, 0x7fff7cab7880, 2
98
SYSCALL
analyzed_bin
writev
108
1, 0x7fff7cab7880, 2
52
SYSCALL
analyzed_bin
writev
108
1, 0x7fff7cab7880, 2
98
SYSCALL
analyzed_bin
writev
108
1, 0x7fff7cab7880, 2
52
SYSCALL
analyzed_bin
writev
108
1, 0x7fff7cab7880, 2
98
SYSCALL
analyzed_bin
writev
108
1, 0x7fff7cab7880, 2
52
SYSCALL
analyzed_bin
writev
108
1, 0x7fff7cab7880, 2
98
SYSCALL
analyzed_bin
writev
108
1, 0x7fff7cab7880, 2
52
SYSCALL
analyzed_bin
writev
108
1, 0x7fff7cab7880, 2
98
SYSCALL
analyzed_bin
writev
108
1, 0x7fff7cab7880, 2
52
SYSCALL
analyzed_bin
writev
108
1, 0x7fff7cab7880, 2
98
SYSCALL
analyzed_bin
writev
108
1, 0x7fff7cab7880, 2
52
SYSCALL
analyzed_bin
writev
108
1, 0x7fff7cab7880, 2
98
SYSCALL
analyzed_bin
writev
108
1, 0x7fff7cab7880, 2
52
SYSCALL
analyzed_bin
writev
108
1, 0x7fff7cab7880, 2
98
SYSCALL
analyzed_bin
writev
108
1, 0x7fff7cab7880, 2
52
SYSCALL
analyzed_bin
writev
108
1, 0x7fff7cab7880, 2
98
SYSCALL
analyzed_bin
writev
108
1, 0x7fff7cab7880, 2
52
SYSCALL
analyzed_bin
writev
108
1, 0x7fff7cab7880, 2
98
SYSCALL
analyzed_bin
writev
108
1, 0x7fff7cab7880, 2
52
SYSCALL
analyzed_bin
writev
108
1, 0x7fff7cab7880, 2
98
SYSCALL
analyzed_bin
writev
108
1, 0x7fff7cab7880, 2
52
SYSCALL
analyzed_bin
writev
108
1, 0x7fff7cab7880, 2
98
SYSCALL
analyzed_bin
writev
108
1, 0x7fff7cab7880, 2
52
SYSCALL
analyzed_bin
writev
108
1, 0x7fff7cab7880, 2
98
SYSCALL
analyzed_bin
writev
108
1, 0x7fff7cab7880, 2
52
SYSCALL
analyzed_bin
writev
108
1, 0x7fff7cab7880, 2
98
SYSCALL
analyzed_bin
writev
108
1, 0x7fff7cab7880, 2
52
SYSCALL
analyzed_bin
writev
108
1, 0x7fff7cab7880, 2
98
SYSCALL
analyzed_bin
writev
108
1, 0x7fff7cab7880, 2
52
SYSCALL
analyzed_bin
writev
108
1, 0x7fff7cab7880, 2
98
SYSCALL
analyzed_bin
writev
108
1, 0x7fff7cab7880, 2
52
SYSCALL
analyzed_bin
writev
108
1, 0x7fff7cab7880, 2
98
SYSCALL
analyzed_bin
writev
108
1, 0x7fff7cab7880, 2
52
SYSCALL
analyzed_bin
writev
108
1, 0x7fff7cab7880, 2
98
SYSCALL
analyzed_bin
writev
108
1, 0x7fff7cab7880, 2
52
SYSCALL
analyzed_bin
writev
108
1, 0x7fff7cab7880, 2
98
SYSCALL
analyzed_bin
writev
108
1, 0x7fff7cab7880, 2
52
SYSCALL
analyzed_bin
writev
108
1, 0x7fff7cab7880, 2
98
SYSCALL
analyzed_bin
writev
108
1, 0x7fff7cab7880, 2
52
SYSCALL
analyzed_bin
writev
108
1, 0x7fff7cab7880, 2
98
SYSCALL
analyzed_bin
writev
108
1, 0x7fff7cab7880, 2
52
SYSCALL
analyzed_bin
writev
108
1, 0x7fff7cab7880, 2
98
SYSCALL
analyzed_bin
writev
108
1, 0x7fff7cab7880, 2
52
SYSCALL
analyzed_bin
writev
108
1, 0x7fff7cab7880, 2
98
SYSCALL
analyzed_bin
writev
108
1, 0x7fff7cab7880, 2
52
SYSCALL
analyzed_bin
writev
108
1, 0x7fff7cab7880, 2
98
SYSCALL
analyzed_bin
writev
108
1, 0x7fff7cab7880, 2
52
SYSCALL
analyzed_bin
writev
108
1, 0x7fff7cab7880, 2
98
SYSCALL
analyzed_bin
writev
108
1, 0x7fff7cab7880, 2
52
SYSCALL
analyzed_bin
writev
108
1, 0x7fff7cab7880, 2
98
SYSCALL
analyzed_bin
writev
108
1, 0x7fff7cab7880, 2
52
SYSCALL
analyzed_bin
writev
108
1, 0x7fff7cab7880, 2
98
SYSCALL
analyzed_bin
writev
108
1, 0x7fff7cab7880, 2
52
SYSCALL
analyzed_bin
writev
108
1, 0x7fff7cab7880, 2
98
SYSCALL
analyzed_bin
writev
108
1, 0x7fff7cab7880, 2
52
SYSCALL
analyzed_bin
writev
108
1, 0x7fff7cab7880, 2
98
SYSCALL
analyzed_bin
writev
108
1, 0x7fff7cab7880, 2
52
SYSCALL
analyzed_bin
writev
108
1, 0x7fff7cab7880, 2
98
SYSCALL
analyzed_bin
writev
108
1, 0x7fff7cab7880, 2
52
SYSCALL
analyzed_bin
writev
108
1, 0x7fff7cab7880, 2
98
SYSCALL
analyzed_bin
writev
108
1, 0x7fff7cab7880, 2
52
SYSCALL
analyzed_bin
writev
108
1, 0x7fff7cab7880, 2
98
SYSCALL
analyzed_bin
writev
108
1, 0x7fff7cab7880, 2
52
SYSCALL
analyzed_bin
writev
108
1, 0x7fff7cab7880, 2
98
SYSCALL
analyzed_bin
writev
108
1, 0x7fff7cab7880, 2
52
SYSCALL
analyzed_bin
writev
108
1, 0x7fff7cab7880, 2
98
SYSCALL
analyzed_bin
writev
108
1, 0x7fff7cab7880, 2
52
SYSCALL
analyzed_bin
writev
108
1, 0x7fff7cab7880, 2
98
SYSCALL
analyzed_bin
writev
108
1, 0x7fff7cab7880, 2
52
SYSCALL
analyzed_bin
writev
108
1, 0x7fff7cab7880, 2
98
SYSCALL
analyzed_bin
writev
108
1, 0x7fff7cab7880, 2
52
SYSCALL
analyzed_bin
writev
108
1, 0x7fff7cab7880, 2
98
SYSCALL
analyzed_bin
writev
108
1, 0x7fff7cab7880, 2
52
SYSCALL
analyzed_bin
writev
108
1, 0x7fff7cab7880, 2
98
SYSCALL
analyzed_bin
writev
108
1, 0x7fff7cab7880, 2
52
SYSCALL
analyzed_bin
writev
108
1, 0x7fff7cab7880, 2
98
SYSCALL
analyzed_bin
writev
108
1, 0x7fff7cab7880, 2
52
SYSCALL
analyzed_bin
writev
108
1, 0x7fff7cab7880, 2
98
SYSCALL
analyzed_bin
writev
108
1, 0x7fff7cab7880, 2
52
SYSCALL
analyzed_bin
writev
108
1, 0x7fff7cab7880, 2
98
SYSCALL
analyzed_bin
writev
108
1, 0x7fff7cab7880, 2
52
SYSCALL
analyzed_bin
writev
108
1, 0x7fff7cab7880, 2
98
SYSCALL
analyzed_bin
writev
108
1, 0x7fff7cab7880, 2
52
SYSCALL
analyzed_bin
writev
108
1, 0x7fff7cab7880, 2
98
SYSCALL
analyzed_bin
writev
108
1, 0x7fff7cab7880, 2
52
SYSCALL
analyzed_bin
writev
108
1, 0x7fff7cab7880, 2
98
SYSCALL
analyzed_bin
writev
108
1, 0x7fff7cab7880, 2
52
SYSCALL
analyzed_bin
writev
108
1, 0x7fff7cab7880, 2
98
SYSCALL
analyzed_bin
writev
108
1, 0x7fff7cab7880, 2
52
SYSCALL
analyzed_bin
writev
108
1, 0x7fff7cab7880, 2
98
SYSCALL
analyzed_bin
writev
108
1, 0x7fff7cab7880, 2
52
SYSCALL
analyzed_bin
writev
108
1, 0x7fff7cab7880, 2
98
SYSCALL
analyzed_bin
writev
108
1, 0x7fff7cab7880, 2
52
SYSCALL
analyzed_bin
writev
108
1, 0x7fff7cab7880, 2
98
SYSCALL
analyzed_bin
writev
108
1, 0x7fff7cab7880, 2
52
SYSCALL
analyzed_bin
writev
108
1, 0x7fff7cab7880, 2
98
SYSCALL
analyzed_bin
writev
108
1, 0x7fff7cab7880, 2
52
SYSCALL
analyzed_bin
writev
108
1, 0x7fff7cab7880, 2
98
SYSCALL
analyzed_bin
writev
108
1, 0x7fff7cab7880, 2
52
SYSCALL
analyzed_bin
writev
108
1, 0x7fff7cab7880, 2
98
SYSCALL
analyzed_bin
writev
108
1, 0x7fff7cab7880, 2
52
SYSCALL
analyzed_bin
writev
108
1, 0x7fff7cab7880, 2
98
SYSCALL
analyzed_bin
writev
108
1, 0x7fff7cab7880, 2
52
SYSCALL
analyzed_bin
writev
108
1, 0x7fff7cab7880, 2
98
SYSCALL
analyzed_bin
writev
108
1, 0x7fff7cab7880, 2
52
SYSCALL
analyzed_bin
writev
108
1, 0x7fff7cab7880, 2
98
SYSCALL
analyzed_bin
writev
108
1, 0x7fff7cab7880, 2
52
SYSCALL
analyzed_bin
writev
108
1, 0x7fff7cab7880, 2
98
SYSCALL
analyzed_bin
writev
108
1, 0x7fff7cab7880, 2
52
SYSCALL
analyzed_bin
writev
108
1, 0x7fff7cab7880, 2
98
SYSCALL
analyzed_bin
writev
108
1, 0x7fff7cab7880, 2
52
SYSCALL
analyzed_bin
writev
108
1, 0x7fff7cab7880, 2
98
SYSCALL
analyzed_bin
writev
108
1, 0x7fff7cab7880, 2
52
SYSCALL
analyzed_bin
writev
108
1, 0x7fff7cab7880, 2
98
SYSCALL
analyzed_bin
writev
108
1, 0x7fff7cab7880, 2
52
SYSCALL
analyzed_bin
writev
108
1, 0x7fff7cab7880, 2
98
SYSCALL
analyzed_bin
writev
108
1, 0x7fff7cab7880, 2
52
SYSCALL
analyzed_bin
writev
108
1, 0x7fff7cab7880, 2
98
SYSCALL
analyzed_bin
writev
108
1, 0x7fff7cab7880, 2
52
SYSCALL
analyzed_bin
writev
108
1, 0x7fff7cab7880, 2
98
SYSCALL
analyzed_bin
writev
108
1, 0x7fff7cab7880, 2
52
SYSCALL
analyzed_bin
writev
108
1, 0x7fff7cab7880, 2
98
SYSCALL
analyzed_bin
writev
108
1, 0x7fff7cab7880, 2
52
SYSCALL
analyzed_bin
writev
108
1, 0x7fff7cab7880, 2
98
SYSCALL
analyzed_bin
writev
108
1, 0x7fff7cab7880, 2
52
SYSCALL
analyzed_bin
writev
108
1, 0x7fff7cab7880, 2
98
SYSCALL
analyzed_bin
writev
108
1, 0x7fff7cab7880, 2
52
SYSCALL
analyzed_bin
writev
108
1, 0x7fff7cab7880, 2
98
SYSCALL
analyzed_bin
writev
108
1, 0x7fff7cab7880, 2
52
SYSCALL
analyzed_bin
writev
108
1, 0x7fff7cab7880, 2
98
SYSCALL
analyzed_bin
writev
108
1, 0x7fff7cab7880, 2
52
SYSCALL
analyzed_bin
writev
108
1, 0x7fff7cab7880, 2
98
SYSCALL
analyzed_bin
writev
108
1, 0x7fff7cab7880, 2
52
SYSCALL
analyzed_bin
writev
108
1, 0x7fff7cab7880, 2
98
SYSCALL
analyzed_bin
writev
108
1, 0x7fff7cab7880, 2
52
SYSCALL
analyzed_bin
writev
108
1, 0x7fff7cab7880, 2
98
SYSCALL
analyzed_bin
writev
108
1, 0x7fff7cab7880, 2
52
SYSCALL
analyzed_bin
writev
108
1, 0x7fff7cab7880, 2
98
SYSCALL
analyzed_bin
writev
108
1, 0x7fff7cab7880, 2
52
SYSCALL
analyzed_bin
writev
108
1, 0x7fff7cab7880, 2
98
SYSCALL
analyzed_bin
writev
108
1, 0x7fff7cab7880, 2
52
SYSCALL
analyzed_bin
writev
108
1, 0x7fff7cab7880, 2
98
SYSCALL
analyzed_bin
writev
108
1, 0x7fff7cab7880, 2
52
SYSCALL
analyzed_bin
writev
108
1, 0x7fff7cab7880, 2
98
SYSCALL
analyzed_bin
writev
108
1, 0x7fff7cab7880, 2
52
SYSCALL
analyzed_bin
writev
108
1, 0x7fff7cab7880, 2
98
SYSCALL
analyzed_bin
writev
108
1, 0x7fff7cab7880, 2
52
SYSCALL
analyzed_bin
writev
108
1, 0x7fff7cab7880, 2
98
SYSCALL
analyzed_bin
writev
108
1, 0x7fff7cab7880, 2
52
SYSCALL
analyzed_bin
writev
108
1, 0x7fff7cab7880, 2
98
SYSCALL
analyzed_bin
writev
108
1, 0x7fff7cab7880, 2
52
SYSCALL
analyzed_bin
writev
108
1, 0x7fff7cab7880, 2
98
SYSCALL
analyzed_bin
writev
108
1, 0x7fff7cab7880, 2
52
SYSCALL
analyzed_bin
writev
108
1, 0x7fff7cab7880, 2
98
SYSCALL
analyzed_bin
writev
108
1, 0x7fff7cab7880, 2
52
SYSCALL
analyzed_bin
writev
108
1, 0x7fff7cab7880, 2
98
SYSCALL
analyzed_bin
writev
108
1, 0x7fff7cab7880, 2
52
SYSCALL
analyzed_bin
writev
108
1, 0x7fff7cab7880, 2
98
SYSCALL
analyzed_bin
writev
108
1, 0x7fff7cab7880, 2
52
SYSCALL
analyzed_bin
writev
108
1, 0x7fff7cab7880, 2
98
SYSCALL
analyzed_bin
writev
108
1, 0x7fff7cab7880, 2
52
SYSCALL
analyzed_bin
writev
108
1, 0x7fff7cab7880, 2
98
SYSCALL
analyzed_bin
writev
108
1, 0x7fff7cab7880, 2
52
SYSCALL
analyzed_bin
writev
108
1, 0x7fff7cab7880, 2
98
SYSCALL
analyzed_bin
writev
108
1, 0x7fff7cab7880, 2
52
SYSCALL
analyzed_bin
writev
108
1, 0x7fff7cab7880, 2
98
SYSCALL
analyzed_bin
writev
108
1, 0x7fff7cab7880, 2
52
SYSCALL
analyzed_bin
writev
108
1, 0x7fff7cab7880, 2
98
SYSCALL
analyzed_bin
writev
108
1, 0x7fff7cab7880, 2
52
SYSCALL
analyzed_bin
writev
108
1, 0x7fff7cab7880, 2
98
SYSCALL
analyzed_bin
writev
108
1, 0x7fff7cab7880, 2
52
SYSCALL
analyzed_bin
writev
108
1, 0x7fff7cab7880, 2
98
SYSCALL
analyzed_bin
writev
108
1, 0x7fff7cab7880, 2
52
SYSCALL
analyzed_bin
writev
108
1, 0x7fff7cab7880, 2
98
SYSCALL
analyzed_bin
writev
108
1, 0x7fff7cab7880, 2
52
SYSCALL
analyzed_bin
writev
108
1, 0x7fff7cab7880, 2
98
SYSCALL
analyzed_bin
writev
108
1, 0x7fff7cab7880, 2
52
SYSCALL
analyzed_bin
writev
108
1, 0x7fff7cab7880, 2
98
SYSCALL
analyzed_bin
writev
108
1, 0x7fff7cab7880, 2
52
SYSCALL
analyzed_bin
writev
108
1, 0x7fff7cab7880, 2
98
SYSCALL
analyzed_bin
writev
108
1, 0x7fff7cab7880, 2
52
SYSCALL
analyzed_bin
writev
108
1, 0x7fff7cab7880, 2
98
SYSCALL
analyzed_bin
writev
108
1, 0x7fff7cab7880, 2
52
SYSCALL
analyzed_bin
writev
108
1, 0x7fff7cab7880, 2
98
SYSCALL
analyzed_bin
writev
108
1, 0x7fff7cab7880, 2
52
SYSCALL
analyzed_bin
writev
108
1, 0x7fff7cab7880, 2
98
SYSCALL
analyzed_bin
writev
108
1, 0x7fff7cab7880, 2
52
SYSCALL
analyzed_bin
writev
108
1, 0x7fff7cab7880, 2
98
SYSCALL
analyzed_bin
writev
108
1, 0x7fff7cab7880, 2
52
SYSCALL
analyzed_bin
writev
108
1, 0x7fff7cab7880, 2
98
SYSCALL
analyzed_bin
writev
108
1, 0x7fff7cab7880, 2
52
SYSCALL
analyzed_bin
writev
108
1, 0x7fff7cab7880, 2
98
SYSCALL
analyzed_bin
writev
108
1, 0x7fff7cab7880, 2
52
SYSCALL
analyzed_bin
writev
108
1, 0x7fff7cab7880, 2
98
SYSCALL
analyzed_bin
writev
108
1, 0x7fff7cab7880, 2
52
SYSCALL
analyzed_bin
writev
108
1, 0x7fff7cab7880, 2
98
SYSCALL
analyzed_bin
writev
108
1, 0x7fff7cab7880, 2
52
SYSCALL
analyzed_bin
writev
108
1, 0x7fff7cab7880, 2
98
SYSCALL
analyzed_bin
writev
108
1, 0x7fff7cab7880, 2
52
SYSCALL
analyzed_bin
writev
108
1, 0x7fff7cab7880, 2
98
SYSCALL
analyzed_bin
writev
108
1, 0x7fff7cab7880, 2
52
SYSCALL
analyzed_bin
writev
108
1, 0x7fff7cab7880, 2
98
SYSCALL
analyzed_bin
writev
108
1, 0x7fff7cab7880, 2
52
SYSCALL
analyzed_bin
writev
108
1, 0x7fff7cab7880, 2
98
SYSCALL
analyzed_bin
writev
108
1, 0x7fff7cab7880, 2
52
SYSCALL
analyzed_bin
writev
108
1, 0x7fff7cab7880, 2
98
SYSCALL
analyzed_bin
writev
108
1, 0x7fff7cab7880, 2
52
SYSCALL
analyzed_bin
writev
108
1, 0x7fff7cab7880, 2
98
SYSCALL
analyzed_bin
writev
108
1, 0x7fff7cab7880, 2
52
SYSCALL
analyzed_bin
writev
108
1, 0x7fff7cab7880, 2
98
SYSCALL
analyzed_bin
writev
108
1, 0x7fff7cab7880, 2
52
SYSCALL
analyzed_bin
writev
108
1, 0x7fff7cab7880, 2
98
SYSCALL
analyzed_bin
writev
108
1, 0x7fff7cab7880, 2
52
SYSCALL
analyzed_bin
writev
108
1, 0x7fff7cab7880, 2
98
SYSCALL
analyzed_bin
writev
108
1, 0x7fff7cab7880, 2
52
SYSCALL
analyzed_bin
writev
108
1, 0x7fff7cab7880, 2
98
SYSCALL
analyzed_bin
writev
108
1, 0x7fff7cab7880, 2
52
SYSCALL
analyzed_bin
writev
108
1, 0x7fff7cab7880, 2
98
SYSCALL
analyzed_bin
writev
108
1, 0x7fff7cab7880, 2
52
SYSCALL
analyzed_bin
writev
108
1, 0x7fff7cab7880, 2
98
SYSCALL
analyzed_bin
writev
108
1, 0x7fff7cab7880, 2
52
SYSCALL
analyzed_bin
writev
108
1, 0x7fff7cab7880, 2
98
SYSCALL
analyzed_bin
writev
108
1, 0x7fff7cab7880, 2
52
SYSCALL
analyzed_bin
writev
108
1, 0x7fff7cab7880, 2
98
SYSCALL
analyzed_bin
writev
108
1, 0x7fff7cab7880, 2
52
SYSCALL
analyzed_bin
writev
108
1, 0x7fff7cab7880, 2
98
SYSCALL
analyzed_bin
writev
108
1, 0x7fff7cab7880, 2
52
SYSCALL
analyzed_bin
writev
108
1, 0x7fff7cab7880, 2
98
SYSCALL
analyzed_bin
writev
108
1, 0x7fff7cab7880, 2
52
SYSCALL
analyzed_bin
writev
108
1, 0x7fff7cab7880, 2
98
SYSCALL
analyzed_bin
writev
108
1, 0x7fff7cab7880, 2
52
SYSCALL
analyzed_bin
writev
108
1, 0x7fff7cab7880, 2
98
SYSCALL
analyzed_bin
writev
108
1, 0x7fff7cab7880, 2
52
SYSCALL
analyzed_bin
writev
108
1, 0x7fff7cab7880, 2
98
SYSCALL
analyzed_bin
writev
108
1, 0x7fff7cab7880, 2
52
SYSCALL
analyzed_bin
writev
108
1, 0x7fff7cab7880, 2
98
SYSCALL
analyzed_bin
writev
108
1, 0x7fff7cab7880, 2
52
SYSCALL
analyzed_bin
writev
108
1, 0x7fff7cab7880, 2
98
SYSCALL
analyzed_bin
writev
108
1, 0x7fff7cab7880, 2
52
SYSCALL
analyzed_bin
writev
108
1, 0x7fff7cab7880, 2
98
SYSCALL
analyzed_bin
writev
108
1, 0x7fff7cab7880, 2
52
SYSCALL
analyzed_bin
writev
108
1, 0x7fff7cab7880, 2
98
SYSCALL
analyzed_bin
writev
108
1, 0x7fff7cab7880, 2
52
SYSCALL
analyzed_bin
writev
108
1, 0x7fff7cab7880, 2
98
SYSCALL
analyzed_bin
writev
108
1, 0x7fff7cab7880, 2
52
SYSCALL
analyzed_bin
writev
108
1, 0x7fff7cab7880, 2
98
SYSCALL
analyzed_bin
writev
108
1, 0x7fff7cab7880, 2
52
SYSCALL
analyzed_bin
writev
108
1, 0x7fff7cab7880, 2
98
SYSCALL
analyzed_bin
writev
108
1, 0x7fff7cab7880, 2
52
SYSCALL
analyzed_bin
writev
108
1, 0x7fff7cab7880, 2
98
SYSCALL
analyzed_bin
writev
108
1, 0x7fff7cab7880, 2
52
SYSCALL
analyzed_bin
writev
108
1, 0x7fff7cab7880, 2
98
SYSCALL
analyzed_bin
writev
108
1, 0x7fff7cab7880, 2
52
SYSCALL
analyzed_bin
writev
108
1, 0x7fff7cab7880, 2
98
SYSCALL
analyzed_bin
writev
108
1, 0x7fff7cab7880, 2
52
SYSCALL
analyzed_bin
writev
108
1, 0x7fff7cab7880, 2
98
SYSCALL
analyzed_bin
writev
108
1, 0x7fff7cab7880, 2
52
SYSCALL
analyzed_bin
writev
108
1, 0x7fff7cab7880, 2
98
SYSCALL
analyzed_bin
writev
108
1, 0x7fff7cab7880, 2
52
SYSCALL
analyzed_bin
writev
108
1, 0x7fff7cab7880, 2
98
SYSCALL
analyzed_bin
writev
108
1, 0x7fff7cab7880, 2
52
SYSCALL
analyzed_bin
writev
108
1, 0x7fff7cab7880, 2
98
SYSCALL
analyzed_bin
writev
108
1, 0x7fff7cab7880, 2
52
SYSCALL
analyzed_bin
writev
108
1, 0x7fff7cab7880, 2
98
SYSCALL
analyzed_bin
writev
108
1, 0x7fff7cab7880, 2
52
SYSCALL
analyzed_bin
writev
108
1, 0x7fff7cab7880, 2
98
SYSCALL
analyzed_bin
writev
108
1, 0x7fff7cab7880, 2
52
SYSCALL
analyzed_bin
writev
108
1, 0x7fff7cab7880, 2
98
SYSCALL
analyzed_bin
writev
108
1, 0x7fff7cab7880, 2
52
SYSCALL
analyzed_bin
writev
108
1, 0x7fff7cab7880, 2
98
SYSCALL
analyzed_bin
writev
108
1, 0x7fff7cab7880, 2
52
SYSCALL
analyzed_bin
writev
108
1, 0x7fff7cab7880, 2
98
SYSCALL
analyzed_bin
writev
108
1, 0x7fff7cab7880, 2
52
SYSCALL
analyzed_bin
writev
108
1, 0x7fff7cab7880, 2
98
SYSCALL
analyzed_bin
writev
108
1, 0x7fff7cab7880, 2
52
SYSCALL
analyzed_bin
writev
108
1, 0x7fff7cab7880, 2
98
SYSCALL
analyzed_bin
writev
108
1, 0x7fff7cab7880, 2
52
SYSCALL
analyzed_bin
writev
108
1, 0x7fff7cab7880, 2
98
SYSCALL
analyzed_bin
writev
108
1, 0x7fff7cab7880, 2
52
SYSCALL
analyzed_bin
writev
108
1, 0x7fff7cab7880, 2
98
SYSCALL
analyzed_bin
writev
108
1, 0x7fff7cab7880, 2
52
SYSCALL
analyzed_bin
writev
108
1, 0x7fff7cab7880, 2
98
SYSCALL
analyzed_bin
writev
108
1, 0x7fff7cab7880, 2
52
SYSCALL
analyzed_bin
writev
108
1, 0x7fff7cab7880, 2
98
SYSCALL
analyzed_bin
writev
108
1, 0x7fff7cab7880, 2
52
SYSCALL
analyzed_bin
writev
108
1, 0x7fff7cab7880, 2
98
SYSCALL
analyzed_bin
writev
108
1, 0x7fff7cab7880, 2
52
SYSCALL
analyzed_bin
writev
108
1, 0x7fff7cab7880, 2
98
SYSCALL
analyzed_bin
writev
108
1, 0x7fff7cab7880, 2
52
SYSCALL
analyzed_bin
writev
108
1, 0x7fff7cab7880, 2
98
SYSCALL
analyzed_bin
writev
108
1, 0x7fff7cab7880, 2
52
SYSCALL
analyzed_bin
writev
108
1, 0x7fff7cab7880, 2
98
SYSCALL
analyzed_bin
writev
108
1, 0x7fff7cab7880, 2
52
SYSCALL
analyzed_bin
writev
108
1, 0x7fff7cab7880, 2
98
SYSCALL
analyzed_bin
writev
108
1, 0x7fff7cab7880, 2
52
SYSCALL
analyzed_bin
writev
108
1, 0x7fff7cab7880, 2
98
SYSCALL
analyzed_bin
writev
108
1, 0x7fff7cab7880, 2
52
SYSCALL
analyzed_bin
writev
108
1, 0x7fff7cab7880, 2
98
SYSCALL
analyzed_bin
writev
108
1, 0x7fff7cab7880, 2
52
SYSCALL
analyzed_bin
writev
108
1, 0x7fff7cab7880, 2
98
SYSCALL
analyzed_bin
writev
108
1, 0x7fff7cab7880, 2
52
SYSCALL
analyzed_bin
writev
108
1, 0x7fff7cab7880, 2
98
SYSCALL
analyzed_bin
writev
108
1, 0x7fff7cab7880, 2
52
SYSCALL
analyzed_bin
writev
108
1, 0x7fff7cab7880, 2
98
SYSCALL
analyzed_bin
writev
108
1, 0x7fff7cab7880, 2
52
SYSCALL
analyzed_bin
writev
108
1, 0x7fff7cab7880, 2
98
SYSCALL
analyzed_bin
writev
108
1, 0x7fff7cab7880, 2
52
SYSCALL
analyzed_bin
writev
108
1, 0x7fff7cab7880, 2
98
SYSCALL
analyzed_bin
writev
108
1, 0x7fff7cab7880, 2
52
SYSCALL
analyzed_bin
writev
108
1, 0x7fff7cab7880, 2
98
SYSCALL
analyzed_bin
writev
108
1, 0x7fff7cab7880, 2
52
SYSCALL
analyzed_bin
writev
108
1, 0x7fff7cab7880, 2
98
SYSCALL
analyzed_bin
writev
108
1, 0x7fff7cab7880, 2
52
SYSCALL
analyzed_bin
writev
108
1, 0x7fff7cab7880, 2
98
SYSCALL
analyzed_bin
writev
108
1, 0x7fff7cab7880, 2
52
SYSCALL
analyzed_bin
writev
108
1, 0x7fff7cab7880, 2
98
SYSCALL
analyzed_bin
writev
108
1, 0x7fff7cab7880, 2
52
SYSCALL
analyzed_bin
writev
108
1, 0x7fff7cab7880, 2
98
SYSCALL
analyzed_bin
writev
108
1, 0x7fff7cab7880, 2
52
SYSCALL
analyzed_bin
writev
108
1, 0x7fff7cab7880, 2
98
SYSCALL
analyzed_bin
writev
108
1, 0x7fff7cab7880, 2
52
SYSCALL
analyzed_bin
writev
108
1, 0x7fff7cab7880, 2
98
SYSCALL
analyzed_bin
writev
108
1, 0x7fff7cab7880, 2
52
SYSCALL
analyzed_bin
writev
108
1, 0x7fff7cab7880, 2
98
SYSCALL
analyzed_bin
writev
108
1, 0x7fff7cab7880, 2
52
SYSCALL
analyzed_bin
writev
108
1, 0x7fff7cab7880, 2
98
SYSCALL
analyzed_bin
writev
108
1, 0x7fff7cab7880, 2
52
SYSCALL
analyzed_bin
writev
108
1, 0x7fff7cab7880, 2
98
SYSCALL
analyzed_bin
writev
108
1, 0x7fff7cab7880, 2
52
SYSCALL
analyzed_bin
writev
108
1, 0x7fff7cab7880, 2
98
SYSCALL
analyzed_bin
writev
108
1, 0x7fff7cab7880, 2
52
SYSCALL
analyzed_bin
writev
108
1, 0x7fff7cab7880, 2
98
SYSCALL
analyzed_bin
writev
108
1, 0x7fff7cab7880, 2
52
SYSCALL
analyzed_bin
writev
108
1, 0x7fff7cab7880, 2
98
SYSCALL
analyzed_bin
writev
108
1, 0x7fff7cab7880, 2
52
SYSCALL
analyzed_bin
writev
108
1, 0x7fff7cab7880, 2
98
SYSCALL
analyzed_bin
writev
108
1, 0x7fff7cab7880, 2
52
SYSCALL
analyzed_bin
writev
108
1, 0x7fff7cab7880, 2
98
SYSCALL
analyzed_bin
writev
108
1, 0x7fff7cab7880, 2
52
SYSCALL
analyzed_bin
writev
108
1, 0x7fff7cab7880, 2
98
SYSCALL
analyzed_bin
writev
108
1, 0x7fff7cab7880, 2
52
SYSCALL
analyzed_bin
writev
108
1, 0x7fff7cab7880, 2
98
SYSCALL
analyzed_bin
writev
108
1, 0x7fff7cab7880, 2
52
SYSCALL
analyzed_bin
writev
108
1, 0x7fff7cab7880, 2
98
SYSCALL
analyzed_bin
writev
108
1, 0x7fff7cab7880, 2
52
SYSCALL
analyzed_bin
writev
108
1, 0x7fff7cab7880, 2
98
SYSCALL
analyzed_bin
writev
108
1, 0x7fff7cab7880, 2
52
SYSCALL
analyzed_bin
writev
108
1, 0x7fff7cab7880, 2
98
SYSCALL
analyzed_bin
writev
108
1, 0x7fff7cab7880, 2
52
SYSCALL
analyzed_bin
writev
108
1, 0x7fff7cab7880, 2
98
SYSCALL
analyzed_bin
writev
108
1, 0x7fff7cab7880, 2
52
SYSCALL
analyzed_bin
writev
108
1, 0x7fff7cab7880, 2
98
SYSCALL
analyzed_bin
writev
108
1, 0x7fff7cab7880, 2
52
SYSCALL
analyzed_bin
writev
108
1, 0x7fff7cab7880, 2
98
SYSCALL
analyzed_bin
writev
108
1, 0x7fff7cab7880, 2
52
SYSCALL
analyzed_bin
writev
108
1, 0x7fff7cab7880, 2
98
SYSCALL
analyzed_bin
writev
108
1, 0x7fff7cab7880, 2
52
SYSCALL
analyzed_bin
writev
108
1, 0x7fff7cab7880, 2
98
SYSCALL
analyzed_bin
writev
108
1, 0x7fff7cab7880, 2
52
SYSCALL
analyzed_bin
writev
108
1, 0x7fff7cab7880, 2
98
SYSCALL
analyzed_bin
writev
108
1, 0x7fff7cab7880, 2
52
SYSCALL
analyzed_bin
writev
108
1, 0x7fff7cab7880, 2
98
SYSCALL
analyzed_bin
writev
108
1, 0x7fff7cab7880, 2
52
SYSCALL
analyzed_bin
writev
108
1, 0x7fff7cab7880, 2
98
SYSCALL
analyzed_bin
writev
108
1, 0x7fff7cab7880, 2
52
SYSCALL
analyzed_bin
writev
108
1, 0x7fff7cab7880, 2
98
SYSCALL
analyzed_bin
writev
108
1, 0x7fff7cab7880, 2
52
SYSCALL
analyzed_bin
writev
108
1, 0x7fff7cab7880, 2
98
SYSCALL
analyzed_bin
writev
108
1, 0x7fff7cab7880, 2
52
SYSCALL
analyzed_bin
writev
108
1, 0x7fff7cab7880, 2
98
SYSCALL
analyzed_bin
writev
108
1, 0x7fff7cab7880, 2
52
SYSCALL
analyzed_bin
writev
108
1, 0x7fff7cab7880, 2
98
SYSCALL
analyzed_bin
writev
108
1, 0x7fff7cab7880, 2
52
SYSCALL
analyzed_bin
writev
108
1, 0x7fff7cab7880, 2
98
SYSCALL
analyzed_bin
writev
108
1, 0x7fff7cab7880, 2
52
SYSCALL
analyzed_bin
writev
108
1, 0x7fff7cab7880, 2
98
SYSCALL
analyzed_bin
writev
108
1, 0x7fff7cab7880, 2
52
SYSCALL
analyzed_bin
writev
108
1, 0x7fff7cab7880, 2
98
SYSCALL
analyzed_bin
writev
108
1, 0x7fff7cab7880, 2
52
SYSCALL
analyzed_bin
writev
108
1, 0x7fff7cab7880, 2
98
SYSCALL
analyzed_bin
writev
108
1, 0x7fff7cab7880, 2
52
SYSCALL
analyzed_bin
writev
108
1, 0x7fff7cab7880, 2
98
SYSCALL
analyzed_bin
writev
108
1, 0x7fff7cab7880, 2
52
SYSCALL
analyzed_bin
writev
108
1, 0x7fff7cab7880, 2
98
SYSCALL
analyzed_bin
writev
108
1, 0x7fff7cab7880, 2
52
SYSCALL
analyzed_bin
writev
108
1, 0x7fff7cab7880, 2
98
SYSCALL
analyzed_bin
writev
108
1, 0x7fff7cab7880, 2
52
SYSCALL
analyzed_bin
writev
108
1, 0x7fff7cab7880, 2
98
SYSCALL
analyzed_bin
writev
108
1, 0x7fff7cab7880, 2
52
SYSCALL
analyzed_bin
writev
108
1, 0x7fff7cab7880, 2
98
SYSCALL
analyzed_bin
writev
108
1, 0x7fff7cab7880, 2
52
SYSCALL
analyzed_bin
writev
108
1, 0x7fff7cab7880, 2
98
SYSCALL
analyzed_bin
writev
108
1, 0x7fff7cab7880, 2
52
SYSCALL
analyzed_bin
writev
108
1, 0x7fff7cab7880, 2
98
SYSCALL
analyzed_bin
writev
108
1, 0x7fff7cab7880, 2
52
SYSCALL
analyzed_bin
writev
108
1, 0x7fff7cab7880, 2
98
SYSCALL
analyzed_bin
writev
108
1, 0x7fff7cab7880, 2
52
SYSCALL
analyzed_bin
writev
108
1, 0x7fff7cab7880, 2
98
SYSCALL
analyzed_bin
writev
108
1, 0x7fff7cab7880, 2
52
SYSCALL
analyzed_bin
writev
108
1, 0x7fff7cab7880, 2
98
SYSCALL
analyzed_bin
writev
108
1, 0x7fff7cab7880, 2
52
SYSCALL
analyzed_bin
writev
108
1, 0x7fff7cab7880, 2
98
SYSCALL
analyzed_bin
writev
108
1, 0x7fff7cab7880, 2
52
SYSCALL
analyzed_bin
writev
108
1, 0x7fff7cab7880, 2
98
SYSCALL
analyzed_bin
writev
108
1, 0x7fff7cab7880, 2
52
SYSCALL
analyzed_bin
writev
108
1, 0x7fff7cab7880, 2
98
SYSCALL
analyzed_bin
writev
108
1, 0x7fff7cab7880, 2
52
SYSCALL
analyzed_bin
writev
108
1, 0x7fff7cab7880, 2
98
SYSCALL
analyzed_bin
writev
108
1, 0x7fff7cab7880, 2
52
SYSCALL
analyzed_bin
writev
108
1, 0x7fff7cab7880, 2
98
SYSCALL
analyzed_bin
writev
108
1, 0x7fff7cab7880, 2
52
SYSCALL
analyzed_bin
writev
108
1, 0x7fff7cab7880, 2
98
SYSCALL
analyzed_bin
writev
108
1, 0x7fff7cab7880, 2
52
SYSCALL
analyzed_bin
writev
108
1, 0x7fff7cab7880, 2
98
SYSCALL
analyzed_bin
writev
108
1, 0x7fff7cab7880, 2
52
SYSCALL
analyzed_bin
writev
108
1, 0x7fff7cab7880, 2
98
SYSCALL
analyzed_bin
writev
108
1, 0x7fff7cab7880, 2
52
SYSCALL
analyzed_bin
writev
108
1, 0x7fff7cab7880, 2
98
SYSCALL
analyzed_bin
writev
108
1, 0x7fff7cab7880, 2
52
SYSCALL
analyzed_bin
writev
108
1, 0x7fff7cab7880, 2
98
SYSCALL
analyzed_bin
writev
108
1, 0x7fff7cab7880, 2
52
SYSCALL
analyzed_bin
writev
108
1, 0x7fff7cab7880, 2
98
SYSCALL
analyzed_bin
writev
108
1, 0x7fff7cab7880, 2
52
SYSCALL
analyzed_bin
writev
108
1, 0x7fff7cab7880, 2
98
SYSCALL
analyzed_bin
writev
108
1, 0x7fff7cab7880, 2
52
SYSCALL
analyzed_bin
writev
108
1, 0x7fff7cab7880, 2
98
SYSCALL
analyzed_bin
writev
108
1, 0x7fff7cab7880, 2
52
SYSCALL
analyzed_bin
writev
108
1, 0x7fff7cab7880, 2
98
SYSCALL
analyzed_bin
writev
108
1, 0x7fff7cab7880, 2
52
SYSCALL
analyzed_bin
writev
108
1, 0x7fff7cab7880, 2
98
SYSCALL
analyzed_bin
writev
108
1, 0x7fff7cab7880, 2
52
SYSCALL
analyzed_bin
writev
108
1, 0x7fff7cab7880, 2
98
SYSCALL
analyzed_bin
writev
108
1, 0x7fff7cab7880, 2
52
SYSCALL
analyzed_bin
writev
108
1, 0x7fff7cab7880, 2
98
SYSCALL
analyzed_bin
writev
108
1, 0x7fff7cab7880, 2
52
SYSCALL
analyzed_bin
writev
108
1, 0x7fff7cab7880, 2
98
SYSCALL
analyzed_bin
writev
108
1, 0x7fff7cab7880, 2
52
SYSCALL
analyzed_bin
writev
108
1, 0x7fff7cab7880, 2
98
SYSCALL
analyzed_bin
writev
108
1, 0x7fff7cab7880, 2
52
SYSCALL
analyzed_bin
writev
108
1, 0x7fff7cab7880, 2
98
SYSCALL
analyzed_bin
writev
108
1, 0x7fff7cab7880, 2
52
SYSCALL
analyzed_bin
writev
108
1, 0x7fff7cab7880, 2
98
SYSCALL
analyzed_bin
writev
108
1, 0x7fff7cab7880, 2
52
SYSCALL
analyzed_bin
writev
108
1, 0x7fff7cab7880, 2
98
SYSCALL
analyzed_bin
writev
108
1, 0x7fff7cab7880, 2
52
SYSCALL
analyzed_bin
writev
108
1, 0x7fff7cab7880, 2
98
SYSCALL
analyzed_bin
writev
108
1, 0x7fff7cab7880, 2
52
SYSCALL
analyzed_bin
writev
108
1, 0x7fff7cab7880, 2
98
SYSCALL
analyzed_bin
writev
108
1, 0x7fff7cab7880, 2
52
SYSCALL
analyzed_bin
writev
108
1, 0x7fff7cab7880, 2
98
SYSCALL
analyzed_bin
writev
108
1, 0x7fff7cab7880, 2
52
SYSCALL
analyzed_bin
writev
108
1, 0x7fff7cab7880, 2
98
SYSCALL
analyzed_bin
writev
108
1, 0x7fff7cab7880, 2
52
SYSCALL
analyzed_bin
writev
108
1, 0x7fff7cab7880, 2
98
SYSCALL
analyzed_bin
writev
108
1, 0x7fff7cab7880, 2
52
SYSCALL
analyzed_bin
writev
108
1, 0x7fff7cab7880, 2
98
SYSCALL
analyzed_bin
writev
108
1, 0x7fff7cab7880, 2
52
SYSCALL
analyzed_bin
writev
108
1, 0x7fff7cab7880, 2
98
SYSCALL
analyzed_bin
writev
108
1, 0x7fff7cab7880, 2
52
SYSCALL
analyzed_bin
writev
108
1, 0x7fff7cab7880, 2
98
SYSCALL
analyzed_bin
writev
108
1, 0x7fff7cab7880, 2
52
SYSCALL
analyzed_bin
writev
108
1, 0x7fff7cab7880, 2
98
SYSCALL
analyzed_bin
writev
108
1, 0x7fff7cab7880, 2
52
SYSCALL
analyzed_bin
writev
108
1, 0x7fff7cab7880, 2
98
SYSCALL
analyzed_bin
writev
108
1, 0x7fff7cab7880, 2
52
SYSCALL
analyzed_bin
writev
108
1, 0x7fff7cab7880, 2
98
SYSCALL
analyzed_bin
writev
108
1, 0x7fff7cab7880, 2
52
SYSCALL
analyzed_bin
writev
108
1, 0x7fff7cab7880, 2
98
SYSCALL
analyzed_bin
writev
108
1, 0x7fff7cab7880, 2
52
SYSCALL
analyzed_bin
writev
108
1, 0x7fff7cab7880, 2
98
SYSCALL
analyzed_bin
writev
108
1, 0x7fff7cab7880, 2
52
SYSCALL
analyzed_bin
writev
108
1, 0x7fff7cab7880, 2
98
SYSCALL
analyzed_bin
writev
108
1, 0x7fff7cab7880, 2
52
SYSCALL
analyzed_bin
writev
108
1, 0x7fff7cab7880, 2
98
SYSCALL
analyzed_bin
writev
108
1, 0x7fff7cab7880, 2
52
SYSCALL
analyzed_bin
writev
108
1, 0x7fff7cab7880, 2
98
SYSCALL
analyzed_bin
writev
108
1, 0x7fff7cab7880, 2
52
SYSCALL
analyzed_bin
writev
108
1, 0x7fff7cab7880, 2
98
SYSCALL
analyzed_bin
writev
108
1, 0x7fff7cab7880, 2
52
SYSCALL
analyzed_bin
writev
108
1, 0x7fff7cab7880, 2
98
SYSCALL
analyzed_bin
writev
108
1, 0x7fff7cab7880, 2
52
SYSCALL
analyzed_bin
writev
108
1, 0x7fff7cab7880, 2
98
SYSCALL
analyzed_bin
writev
108
1, 0x7fff7cab7880, 2
52
SYSCALL
analyzed_bin
writev
108
1, 0x7fff7cab7880, 2
98
SYSCALL
analyzed_bin
writev
108
1, 0x7fff7cab7880, 2
52
SYSCALL
analyzed_bin
writev
108
1, 0x7fff7cab7880, 2
98
SYSCALL
analyzed_bin
writev
108
1, 0x7fff7cab7880, 2
52
SYSCALL
analyzed_bin
writev
108
1, 0x7fff7cab7880, 2
98
SYSCALL
analyzed_bin
writev
108
1, 0x7fff7cab7880, 2
52
SYSCALL
analyzed_bin
writev
108
1, 0x7fff7cab7880, 2
98
SYSCALL
analyzed_bin
writev
108
1, 0x7fff7cab7880, 2
52
SYSCALL
analyzed_bin
writev
108
1, 0x7fff7cab7880, 2
98
SYSCALL
analyzed_bin
writev
108
1, 0x7fff7cab7880, 2
52
SYSCALL
analyzed_bin
writev
108
1, 0x7fff7cab7880, 2
98
SYSCALL
analyzed_bin
writev
108
1, 0x7fff7cab7880, 2
52
SYSCALL
analyzed_bin
writev
108
1, 0x7fff7cab7880, 2
98
SYSCALL
analyzed_bin
writev
108
1, 0x7fff7cab7880, 2
52
SYSCALL
analyzed_bin
writev
108
1, 0x7fff7cab7880, 2
98
SYSCALL
analyzed_bin
writev
108
1, 0x7fff7cab7880, 2
52
SYSCALL
analyzed_bin
writev
108
1, 0x7fff7cab7880, 2
98
SYSCALL
analyzed_bin
writev
108
1, 0x7fff7cab7880, 2
52
SYSCALL
analyzed_bin
writev
108
1, 0x7fff7cab7880, 2
98
SYSCALL
analyzed_bin
writev
108
1, 0x7fff7cab7880, 2
52
SYSCALL
analyzed_bin
writev
108
1, 0x7fff7cab7880, 2
98
SYSCALL
analyzed_bin
writev
108
1, 0x7fff7cab7880, 2
52
SYSCALL
analyzed_bin
writev
108
1, 0x7fff7cab7880, 2
98
SYSCALL
analyzed_bin
writev
108
1, 0x7fff7cab7880, 2
52
SYSCALL
analyzed_bin
writev
108
1, 0x7fff7cab7880, 2
98
SYSCALL
analyzed_bin
writev
108
1, 0x7fff7cab7880, 2
52
SYSCALL
analyzed_bin
writev
108
1, 0x7fff7cab7880, 2
98
SYSCALL
analyzed_bin
writev
108
1, 0x7fff7cab7880, 2
52
SYSCALL
analyzed_bin
writev
108
1, 0x7fff7cab7880, 2
98
SYSCALL
analyzed_bin
writev
108
1, 0x7fff7cab7880, 2
52
SYSCALL
analyzed_bin
writev
108
1, 0x7fff7cab7880, 2
98
SYSCALL
analyzed_bin
writev
108
1, 0x7fff7cab7880, 2
52
SYSCALL
analyzed_bin
writev
108
1, 0x7fff7cab7880, 2
98
SYSCALL
analyzed_bin
writev
108
1, 0x7fff7cab7880, 2
52
SYSCALL
analyzed_bin
writev
108
1, 0x7fff7cab7880, 2
98
SYSCALL
analyzed_bin
writev
108
1, 0x7fff7cab7880, 2
52
SYSCALL
analyzed_bin
writev
108
1, 0x7fff7cab7880, 2
98
SYSCALL
analyzed_bin
writev
108
1, 0x7fff7cab7880, 2
52
SYSCALL
analyzed_bin
writev
108
1, 0x7fff7cab7880, 2
98
SYSCALL
analyzed_bin
writev
108
1, 0x7fff7cab7880, 2
52
SYSCALL
analyzed_bin
writev
108
1, 0x7fff7cab7880, 2
98
SYSCALL
analyzed_bin
writev
108
1, 0x7fff7cab7880, 2
52
SYSCALL
analyzed_bin
writev
108
1, 0x7fff7cab7880, 2
98
SYSCALL
analyzed_bin
writev
108
1, 0x7fff7cab7880, 2
52
SYSCALL
analyzed_bin
writev
108
1, 0x7fff7cab7880, 2
98
SYSCALL
analyzed_bin
writev
108
1, 0x7fff7cab7880, 2
52
SYSCALL
analyzed_bin
writev
108
1, 0x7fff7cab7880, 2
98
SYSCALL
analyzed_bin
writev
108
1, 0x7fff7cab7880, 2
52
SYSCALL
analyzed_bin
writev
108
1, 0x7fff7cab7880, 2
98
SYSCALL
analyzed_bin
writev
108
1, 0x7fff7cab7880, 2
52
SYSCALL
analyzed_bin
writev
108
1, 0x7fff7cab7880, 2
98
SYSCALL
analyzed_bin
writev
108
1, 0x7fff7cab7880, 2
52
SYSCALL
analyzed_bin
writev
108
1, 0x7fff7cab7880, 2
98
SYSCALL
analyzed_bin
writev
108
1, 0x7fff7cab7880, 2
52
SYSCALL
analyzed_bin
writev
108
1, 0x7fff7cab7880, 2
98
SYSCALL
analyzed_bin
writev
108
1, 0x7fff7cab7880, 2
52
SYSCALL
analyzed_bin
writev
108
1, 0x7fff7cab7880, 2
98
SYSCALL
analyzed_bin
writev
108
1, 0x7fff7cab7880, 2
52
SYSCALL
analyzed_bin
writev
108
1, 0x7fff7cab7880, 2
98
SYSCALL
analyzed_bin
writev
108
1, 0x7fff7cab7880, 2
52
SYSCALL
analyzed_bin
writev
108
1, 0x7fff7cab7880, 2
98
SYSCALL
analyzed_bin
writev
108
1, 0x7fff7cab7880, 2
52
SYSCALL
analyzed_bin
writev
108
1, 0x7fff7cab7880, 2
98
SYSCALL
analyzed_bin
writev
108
1, 0x7fff7cab7880, 2
52
SYSCALL
analyzed_bin
writev
108
1, 0x7fff7cab7880, 2
98
SYSCALL
analyzed_bin
writev
108
1, 0x7fff7cab7880, 2
52
SYSCALL
analyzed_bin
writev
108
1, 0x7fff7cab7880, 2
98
SYSCALL
analyzed_bin
writev
108
1, 0x7fff7cab7880, 2
52
SYSCALL
analyzed_bin
writev
108
1, 0x7fff7cab7880, 2
98
SYSCALL
analyzed_bin
writev
108
1, 0x7fff7cab7880, 2
52
SYSCALL
analyzed_bin
writev
108
1, 0x7fff7cab7880, 2
98
SYSCALL
analyzed_bin
writev
108
1, 0x7fff7cab7880, 2
52
SYSCALL
analyzed_bin
writev
108
1, 0x7fff7cab7880, 2
98
SYSCALL
analyzed_bin
writev
108
1, 0x7fff7cab7880, 2
52
SYSCALL
analyzed_bin
writev
108
1, 0x7fff7cab7880, 2
98
SYSCALL
analyzed_bin
writev
108
1, 0x7fff7cab7880, 2
52
SYSCALL
analyzed_bin
writev
108
1, 0x7fff7cab7880, 2
98
SYSCALL
analyzed_bin
writev
108
1, 0x7fff7cab7880, 2
52
SYSCALL
analyzed_bin
writev
108
1, 0x7fff7cab7880, 2
98
SYSCALL
analyzed_bin
writev
108
1, 0x7fff7cab7880, 2
52
SYSCALL
analyzed_bin
writev
108
1, 0x7fff7cab7880, 2
98
SYSCALL
analyzed_bin
writev
108
1, 0x7fff7cab7880, 2
52
SYSCALL
analyzed_bin
writev
108
1, 0x7fff7cab7880, 2
98
SYSCALL
analyzed_bin
writev
108
1, 0x7fff7cab7880, 2
52
SYSCALL
analyzed_bin
writev
108
1, 0x7fff7cab7880, 2
98
SYSCALL
analyzed_bin
writev
108
1, 0x7fff7cab7880, 2
52
SYSCALL
analyzed_bin
writev
108
1, 0x7fff7cab7880, 2
98
SYSCALL
analyzed_bin
writev
108
1, 0x7fff7cab7880, 2
52
SYSCALL
analyzed_bin
writev
108
1, 0x7fff7cab7880, 2
98
SYSCALL
analyzed_bin
writev
108
1, 0x7fff7cab7880, 2
52
SYSCALL
analyzed_bin
writev
108
1, 0x7fff7cab7880, 2
98
SYSCALL
analyzed_bin
writev
108
1, 0x7fff7cab7880, 2
52
SYSCALL
analyzed_bin
writev
108
1, 0x7fff7cab7880, 2
98
SYSCALL
analyzed_bin
writev
108
1, 0x7fff7cab7880, 2
52
SYSCALL
analyzed_bin
writev
108
1, 0x7fff7cab7880, 2
98
SYSCALL
analyzed_bin
writev
108
1, 0x7fff7cab7880, 2
52
SYSCALL
analyzed_bin
writev
108
1, 0x7fff7cab7880, 2
98
SYSCALL
analyzed_bin
writev
108
1, 0x7fff7cab7880, 2
52
SYSCALL
analyzed_bin
writev
108
1, 0x7fff7cab7880, 2
98
SYSCALL
analyzed_bin
writev
108
1, 0x7fff7cab7880, 2
52
SYSCALL
analyzed_bin
writev
108
1, 0x7fff7cab7880, 2
98
SYSCALL
analyzed_bin
writev
108
1, 0x7fff7cab7880, 2
52
SYSCALL
analyzed_bin
writev
108
1, 0x7fff7cab7880, 2
98
SYSCALL
analyzed_bin
writev
108
1, 0x7fff7cab7880, 2
52
SYSCALL
analyzed_bin
writev
108
1, 0x7fff7cab7880, 2
98
SYSCALL
analyzed_bin
writev
108
1, 0x7fff7cab7880, 2
52
SYSCALL
analyzed_bin
writev
108
1, 0x7fff7cab7880, 2
98
SYSCALL
analyzed_bin
writev
108
1, 0x7fff7cab7880, 2
52
SYSCALL
analyzed_bin
writev
108
1, 0x7fff7cab7880, 2
98
SYSCALL
analyzed_bin
writev
108
1, 0x7fff7cab7880, 2
52
SYSCALL
analyzed_bin
writev
108
1, 0x7fff7cab7880, 2
98
SYSCALL
analyzed_bin
writev
108
1, 0x7fff7cab7880, 2
52
SYSCALL
analyzed_bin
writev
108
1, 0x7fff7cab7880, 2
98
SYSCALL
analyzed_bin
writev
108
1, 0x7fff7cab7880, 2
52
SYSCALL
analyzed_bin
writev
108
1, 0x7fff7cab7880, 2
98
SYSCALL
analyzed_bin
writev
108
1, 0x7fff7cab7880, 2
52
SYSCALL
analyzed_bin
writev
108
1, 0x7fff7cab7880, 2
98
SYSCALL
analyzed_bin
writev
108
1, 0x7fff7cab7880, 2
52
SYSCALL
analyzed_bin
writev
108
1, 0x7fff7cab7880, 2
98
SYSCALL
analyzed_bin
writev
108
1, 0x7fff7cab7880, 2
52
SYSCALL
analyzed_bin
writev
108
1, 0x7fff7cab7880, 2
98
SYSCALL
analyzed_bin
writev
108
1, 0x7fff7cab7880, 2
52
SYSCALL
analyzed_bin
writev
108
1, 0x7fff7cab7880, 2
98
SYSCALL
analyzed_bin
writev
108
1, 0x7fff7cab7880, 2
52
SYSCALL
analyzed_bin
writev
108
1, 0x7fff7cab7880, 2
98
SYSCALL
analyzed_bin
writev
108
1, 0x7fff7cab7880, 2
52
SYSCALL
analyzed_bin
writev
108
1, 0x7fff7cab7880, 2
98
SYSCALL
analyzed_bin
writev
108
1, 0x7fff7cab7880, 2
52
SYSCALL
analyzed_bin
writev
108
1, 0x7fff7cab7880, 2
98
SYSCALL
analyzed_bin
writev
108
1, 0x7fff7cab7880, 2
52
SYSCALL
analyzed_bin
writev
108
1, 0x7fff7cab7880, 2
98
SYSCALL
analyzed_bin
writev
108
1, 0x7fff7cab7880, 2
52
SYSCALL
analyzed_bin
writev
108
1, 0x7fff7cab7880, 2
98
SYSCALL
analyzed_bin
writev
108
1, 0x7fff7cab7880, 2
52
SYSCALL
analyzed_bin
writev
108
1, 0x7fff7cab7880, 2
98
SYSCALL
analyzed_bin
writev
108
1, 0x7fff7cab7880, 2
52
SYSCALL
analyzed_bin
writev
108
1, 0x7fff7cab7880, 2
98
SYSCALL
analyzed_bin
writev
108
1, 0x7fff7cab7880, 2
52
SYSCALL
analyzed_bin
writev
108
1, 0x7fff7cab7880, 2
98
SYSCALL
analyzed_bin
writev
108
1, 0x7fff7cab7880, 2
52
SYSCALL
analyzed_bin
writev
108
1, 0x7fff7cab7880, 2
98
SYSCALL
analyzed_bin
writev
108
1, 0x7fff7cab7880, 2
52
SYSCALL
analyzed_bin
writev
108
1, 0x7fff7cab7880, 2
98
SYSCALL
analyzed_bin
writev
108
1, 0x7fff7cab7880, 2
52
SYSCALL
analyzed_bin
writev
108
1, 0x7fff7cab7880, 2
98
SYSCALL
analyzed_bin
writev
108
1, 0x7fff7cab7880, 2
52
SYSCALL
analyzed_bin
writev
108
1, 0x7fff7cab7880, 2
98
SYSCALL
analyzed_bin
writev
108
1, 0x7fff7cab7880, 2
52
SYSCALL
analyzed_bin
writev
108
1, 0x7fff7cab7880, 2
98
SYSCALL
analyzed_bin
writev
108
1, 0x7fff7cab7880, 2
52
SYSCALL
analyzed_bin
writev
108
1, 0x7fff7cab7880, 2
98
SYSCALL
analyzed_bin
writev
108
1, 0x7fff7cab7880, 2
52
SYSCALL
analyzed_bin
writev
108
1, 0x7fff7cab7880, 2
98
SYSCALL
analyzed_bin
writev
108
1, 0x7fff7cab7880, 2
52
SYSCALL
analyzed_bin
writev
108
1, 0x7fff7cab7880, 2
98
SYSCALL
analyzed_bin
writev
108
1, 0x7fff7cab7880, 2
52
SYSCALL
analyzed_bin
writev
108
1, 0x7fff7cab7880, 2
98
SYSCALL
analyzed_bin
writev
108
1, 0x7fff7cab7880, 2
52
SYSCALL
analyzed_bin
writev
108
1, 0x7fff7cab7880, 2
98
SYSCALL
analyzed_bin
writev
108
1, 0x7fff7cab7880, 2
52
SYSCALL
analyzed_bin
writev
108
1, 0x7fff7cab7880, 2
98
SYSCALL
analyzed_bin
writev
108
1, 0x7fff7cab7880, 2
52
SYSCALL
analyzed_bin
writev
108
1, 0x7fff7cab7880, 2
98
SYSCALL
analyzed_bin
writev
108
1, 0x7fff7cab7880, 2
52
SYSCALL
analyzed_bin
writev
108
1, 0x7fff7cab7880, 2
98
SYSCALL
analyzed_bin
writev
108
1, 0x7fff7cab7880, 2
52
SYSCALL
analyzed_bin
writev
108
1, 0x7fff7cab7880, 2
98
SYSCALL
analyzed_bin
writev
108
1, 0x7fff7cab7880, 2
52
SYSCALL
analyzed_bin
writev
108
1, 0x7fff7cab7880, 2
98
SYSCALL
analyzed_bin
writev
108
1, 0x7fff7cab7880, 2
52
SYSCALL
analyzed_bin
writev
108
1, 0x7fff7cab7880, 2
98
SYSCALL
analyzed_bin
writev
108
1, 0x7fff7cab7880, 2
52
SYSCALL
analyzed_bin
writev
108
1, 0x7fff7cab7880, 2
98
SYSCALL
analyzed_bin
writev
108
1, 0x7fff7cab7880, 2
52
SYSCALL
analyzed_bin
writev
108
1, 0x7fff7cab7880, 2
98
SYSCALL
analyzed_bin
writev
108
1, 0x7fff7cab7880, 2
52
SYSCALL
analyzed_bin
writev
108
1, 0x7fff7cab7880, 2
98
SYSCALL
analyzed_bin
writev
108
1, 0x7fff7cab7880, 2
52
SYSCALL
analyzed_bin
writev
108
1, 0x7fff7cab7880, 2
98
SYSCALL
analyzed_bin
writev
108
1, 0x7fff7cab7880, 2
52
SYSCALL
analyzed_bin
writev
108
1, 0x7fff7cab7880, 2
98
SYSCALL
analyzed_bin
writev
108
1, 0x7fff7cab7880, 2
52
SYSCALL
analyzed_bin
writev
108
1, 0x7fff7cab7880, 2
98
SYSCALL
analyzed_bin
writev
108
1, 0x7fff7cab7880, 2
52
SYSCALL
analyzed_bin
writev
108
1, 0x7fff7cab7880, 2
98
SYSCALL
analyzed_bin
writev
108
1, 0x7fff7cab7880, 2
52
SYSCALL
analyzed_bin
writev
108
1, 0x7fff7cab7880, 2
98
SYSCALL
analyzed_bin
writev
108
1, 0x7fff7cab7880, 2
52
SYSCALL
analyzed_bin
writev
108
1, 0x7fff7cab7880, 2
98
SYSCALL
analyzed_bin
writev
108
1, 0x7fff7cab7880, 2
52
SYSCALL
analyzed_bin
writev
108
1, 0x7fff7cab7880, 2
98
SYSCALL
analyzed_bin
writev
108
1, 0x7fff7cab7880, 2
52
SYSCALL
analyzed_bin
writev
108
1, 0x7fff7cab7880, 2
98
SYSCALL
analyzed_bin
writev
108
1, 0x7fff7cab7880, 2
52
SYSCALL
analyzed_bin
writev
108
1, 0x7fff7cab7880, 2
98
SYSCALL
analyzed_bin
writev
108
1, 0x7fff7cab7880, 2
52
SYSCALL
analyzed_bin
writev
108
1, 0x7fff7cab7880, 2
98
SYSCALL
analyzed_bin
writev
108
1, 0x7fff7cab7880, 2
52
SYSCALL
analyzed_bin
writev
108
1, 0x7fff7cab7880, 2
98
SYSCALL
analyzed_bin
writev
108
1, 0x7fff7cab7880, 2
52
SYSCALL
analyzed_bin
writev
108
1, 0x7fff7cab7880, 2
98
SYSCALL
analyzed_bin
writev
108
1, 0x7fff7cab7880, 2
52
SYSCALL
analyzed_bin
writev
108
1, 0x7fff7cab7880, 2
98
SYSCALL
analyzed_bin
writev
108
1, 0x7fff7cab7880, 2
52
SYSCALL
analyzed_bin
writev
108
1, 0x7fff7cab7880, 2
98
SYSCALL
analyzed_bin
writev
108
1, 0x7fff7cab7880, 2
52
SYSCALL
analyzed_bin
writev
108
1, 0x7fff7cab7880, 2
98
SYSCALL
analyzed_bin
writev
108
1, 0x7fff7cab7880, 2
52
SYSCALL
analyzed_bin
writev
108
1, 0x7fff7cab7880, 2
98
SYSCALL
analyzed_bin
writev
108
1, 0x7fff7cab7880, 2
52
SYSCALL
analyzed_bin
writev
108
1, 0x7fff7cab7880, 2
98
SYSCALL
analyzed_bin
writev
108
1, 0x7fff7cab7880, 2
52
SYSCALL
analyzed_bin
writev
108
1, 0x7fff7cab7880, 2
98
SYSCALL
analyzed_bin
writev
108
1, 0x7fff7cab7880, 2
52
SYSCALL
analyzed_bin
writev
108
1, 0x7fff7cab7880, 2
98
SYSCALL
analyzed_bin
writev
108
1, 0x7fff7cab7880, 2
52
SYSCALL
analyzed_bin
writev
108
1, 0x7fff7cab7880, 2
98
SYSCALL
analyzed_bin
writev
108
1, 0x7fff7cab7880, 2
52
SYSCALL
analyzed_bin
writev
108
1, 0x7fff7cab7880, 2
98
SYSCALL
analyzed_bin
writev
108
1, 0x7fff7cab7880, 2
52
SYSCALL
analyzed_bin
writev
108
1, 0x7fff7cab7880, 2
98
SYSCALL
analyzed_bin
writev
108
1, 0x7fff7cab7880, 2
52
SYSCALL
analyzed_bin
writev
108
1, 0x7fff7cab7880, 2
98
SYSCALL
analyzed_bin
writev
108
1, 0x7fff7cab7880, 2
52
SYSCALL
analyzed_bin
writev
108
1, 0x7fff7cab7880, 2
98
SYSCALL
analyzed_bin
writev
108
1, 0x7fff7cab7880, 2
52
SYSCALL
analyzed_bin
writev
108
1, 0x7fff7cab7880, 2
98
SYSCALL
analyzed_bin
writev
108
1, 0x7fff7cab7880, 2
52
SYSCALL
analyzed_bin
writev
108
1, 0x7fff7cab7880, 2
98
SYSCALL
analyzed_bin
writev
108
1, 0x7fff7cab7880, 2
52
SYSCALL
analyzed_bin
writev
108
1, 0x7fff7cab7880, 2
98
SYSCALL
analyzed_bin
writev
108
1, 0x7fff7cab7880, 2
52
SYSCALL
analyzed_bin
writev
108
1, 0x7fff7cab7880, 2
98
SYSCALL
analyzed_bin
writev
108
1, 0x7fff7cab7880, 2
52
SYSCALL
analyzed_bin
writev
108
1, 0x7fff7cab7880, 2
98
SYSCALL
analyzed_bin
writev
108
1, 0x7fff7cab7880, 2
52
SYSCALL
analyzed_bin
writev
108
1, 0x7fff7cab7880, 2
98
SYSCALL
analyzed_bin
writev
108
1, 0x7fff7cab7880, 2
52
SYSCALL
analyzed_bin
writev
108
1, 0x7fff7cab7880, 2
98
SYSCALL
analyzed_bin
writev
108
1, 0x7fff7cab7880, 2
52
SYSCALL
analyzed_bin
writev
108
1, 0x7fff7cab7880, 2
98
SYSCALL
analyzed_bin
writev
108
1, 0x7fff7cab7880, 2
52
SYSCALL
analyzed_bin
writev
108
1, 0x7fff7cab7880, 2
98
SYSCALL
analyzed_bin
writev
108
1, 0x7fff7cab7880, 2
52
SYSCALL
analyzed_bin
writev
108
1, 0x7fff7cab7880, 2
98
SYSCALL
analyzed_bin
writev
108
1, 0x7fff7cab7880, 2
52
SYSCALL
analyzed_bin
writev
108
1, 0x7fff7cab7880, 2
98
SYSCALL
analyzed_bin
writev
108
1, 0x7fff7cab7880, 2
52
SYSCALL
analyzed_bin
writev
108
1, 0x7fff7cab7880, 2
98
SYSCALL
analyzed_bin
writev
108
1, 0x7fff7cab7880, 2
52
SYSCALL
analyzed_bin
writev
108
1, 0x7fff7cab7880, 2
98
SYSCALL
analyzed_bin
writev
108
1, 0x7fff7cab7880, 2
52
SYSCALL
analyzed_bin
writev
108
1, 0x7fff7cab7880, 2
98
SYSCALL
analyzed_bin
writev
108
1, 0x7fff7cab7880, 2
52
SYSCALL
analyzed_bin
writev
108
1, 0x7fff7cab7880, 2
98
SYSCALL
analyzed_bin
writev
108
1, 0x7fff7cab7880, 2
52
SYSCALL
analyzed_bin
writev
108
1, 0x7fff7cab7880, 2
98
SYSCALL
analyzed_bin
writev
108
1, 0x7fff7cab7880, 2
52
SYSCALL
analyzed_bin
writev
108
1, 0x7fff7cab7880, 2
98
SYSCALL
analyzed_bin
writev
108
1, 0x7fff7cab7880, 2
52
SYSCALL
analyzed_bin
writev
108
1, 0x7fff7cab7880, 2
98
SYSCALL
analyzed_bin
writev
108
1, 0x7fff7cab7880, 2
52
SYSCALL
analyzed_bin
writev
108
1, 0x7fff7cab7880, 2
98
SYSCALL
analyzed_bin
writev
108
1, 0x7fff7cab7880, 2
52
SYSCALL
analyzed_bin
writev
108
1, 0x7fff7cab7880, 2
98
SYSCALL
analyzed_bin
writev
108
1, 0x7fff7cab7880, 2
52
SYSCALL
analyzed_bin
writev
108
1, 0x7fff7cab7880, 2
98
SYSCALL
analyzed_bin
writev
108
1, 0x7fff7cab7880, 2
52
SYSCALL
analyzed_bin
writev
108
1, 0x7fff7cab7880, 2
98
SYSCALL
analyzed_bin
writev
108
1, 0x7fff7cab7880, 2
52
SYSCALL
analyzed_bin
writev
108
1, 0x7fff7cab7880, 2
98
SYSCALL
analyzed_bin
writev
108
1, 0x7fff7cab7880, 2
52
SYSCALL
analyzed_bin
writev
108
1, 0x7fff7cab7880, 2
98
SYSCALL
analyzed_bin
writev
108
1, 0x7fff7cab7880, 2
52
SYSCALL
analyzed_bin
writev
108
1, 0x7fff7cab7880, 2
98
SYSCALL
analyzed_bin
writev
108
1, 0x7fff7cab7880, 2
52
SYSCALL
analyzed_bin
writev
108
1, 0x7fff7cab7880, 2
98
SYSCALL
analyzed_bin
writev
108
1, 0x7fff7cab7880, 2
52
SYSCALL
analyzed_bin
writev
108
1, 0x7fff7cab7880, 2
98
SYSCALL
analyzed_bin
writev
108
1, 0x7fff7cab7880, 2
52
SYSCALL
analyzed_bin
writev
108
1, 0x7fff7cab7880, 2
98
SYSCALL
analyzed_bin
writev
108
1, 0x7fff7cab7880, 2
52
SYSCALL
analyzed_bin
writev
108
1, 0x7fff7cab7880, 2
98
SYSCALL
analyzed_bin
writev
108
1, 0x7fff7cab7880, 2
52
SYSCALL
analyzed_bin
writev
108
1, 0x7fff7cab7880, 2
98
SYSCALL
analyzed_bin
writev
108
1, 0x7fff7cab7880, 2
52
SYSCALL
analyzed_bin
writev
108
1, 0x7fff7cab7880, 2
98
SYSCALL
analyzed_bin
writev
108
1, 0x7fff7cab7880, 2
52
SYSCALL
analyzed_bin
writev
108
1, 0x7fff7cab7880, 2
98
SYSCALL
analyzed_bin
writev
108
1, 0x7fff7cab7880, 2
52
SYSCALL
analyzed_bin
writev
108
1, 0x7fff7cab7880, 2
98
SYSCALL
analyzed_bin
writev
108
1, 0x7fff7cab7880, 2
52
SYSCALL
analyzed_bin
writev
108
1, 0x7fff7cab7880, 2
98
SYSCALL
analyzed_bin
writev
108
1, 0x7fff7cab7880, 2
52
SYSCALL
analyzed_bin
writev
108
1, 0x7fff7cab7880, 2
98
SYSCALL
analyzed_bin
writev
108
1, 0x7fff7cab7880, 2
52
SYSCALL
analyzed_bin
writev
108
1, 0x7fff7cab7880, 2
98
SYSCALL
analyzed_bin
writev
108
1, 0x7fff7cab7880, 2
52
SYSCALL
analyzed_bin
writev
108
1, 0x7fff7cab7880, 2
98
SYSCALL
analyzed_bin
writev
108
1, 0x7fff7cab7880, 2
52
SYSCALL
analyzed_bin
writev
108
1, 0x7fff7cab7880, 2
98
SYSCALL
analyzed_bin
writev
108
1, 0x7fff7cab7880, 2
52
SYSCALL
analyzed_bin
writev
108
1, 0x7fff7cab7880, 2
98
SYSCALL
analyzed_bin
writev
108
1, 0x7fff7cab7880, 2
52
SYSCALL
analyzed_bin
writev
108
1, 0x7fff7cab7880, 2
98
SYSCALL
analyzed_bin
writev
108
1, 0x7fff7cab7880, 2
52
SYSCALL
analyzed_bin
writev
108
1, 0x7fff7cab7880, 2
98
SYSCALL
analyzed_bin
writev
108
1, 0x7fff7cab7880, 2
52
SYSCALL
analyzed_bin
writev
108
1, 0x7fff7cab7880, 2
98
SYSCALL
analyzed_bin
writev
108
1, 0x7fff7cab7880, 2
52
SYSCALL
analyzed_bin
writev
108
1, 0x7fff7cab7880, 2
98
SYSCALL
analyzed_bin
writev
108
1, 0x7fff7cab7880, 2
52
SYSCALL
analyzed_bin
writev
108
1, 0x7fff7cab7880, 2
98
SYSCALL
analyzed_bin
writev
108
1, 0x7fff7cab7880, 2
52
SYSCALL
analyzed_bin
writev
108
1, 0x7fff7cab7880, 2
98
SYSCALL
analyzed_bin
writev
108
1, 0x7fff7cab7880, 2
52
SYSCALL
analyzed_bin
writev
108
1, 0x7fff7cab7880, 2
98
SYSCALL
analyzed_bin
writev
108
1, 0x7fff7cab7880, 2
52
SYSCALL
analyzed_bin
writev
108
1, 0x7fff7cab7880, 2
98
SYSCALL
analyzed_bin
writev
108
1, 0x7fff7cab7880, 2
52
SYSCALL
analyzed_bin
writev
108
1, 0x7fff7cab7880, 2
98
SYSCALL
analyzed_bin
writev
108
1, 0x7fff7cab7880, 2
52
SYSCALL
analyzed_bin
writev
108
1, 0x7fff7cab7880, 2
98
SYSCALL
analyzed_bin
writev
108
1, 0x7fff7cab7880, 2
52
SYSCALL
analyzed_bin
writev
108
1, 0x7fff7cab7880, 2
98
SYSCALL
analyzed_bin
writev
108
1, 0x7fff7cab7880, 2
52
SYSCALL
analyzed_bin
writev
108
1, 0x7fff7cab7880, 2
98
SYSCALL
analyzed_bin
writev
108
1, 0x7fff7cab7880, 2
52
SYSCALL
analyzed_bin
writev
108
1, 0x7fff7cab7880, 2
98
SYSCALL
analyzed_bin
writev
108
1, 0x7fff7cab7880, 2
52
SYSCALL
analyzed_bin
writev
108
1, 0x7fff7cab7880, 2
98
SYSCALL
analyzed_bin
writev
108
1, 0x7fff7cab7880, 2
52
SYSCALL
analyzed_bin
writev
108
1, 0x7fff7cab7880, 2
98
SYSCALL
analyzed_bin
writev
108
1, 0x7fff7cab7880, 2
52
SYSCALL
analyzed_bin
writev
108
1, 0x7fff7cab7880, 2
98
SYSCALL
analyzed_bin
writev
108
1, 0x7fff7cab7880, 2
52
SYSCALL
analyzed_bin
writev
108
1, 0x7fff7cab7880, 2
98
SYSCALL
analyzed_bin
writev
108
1, 0x7fff7cab7880, 2
52
SYSCALL
analyzed_bin
writev
108
1, 0x7fff7cab7880, 2
98
SYSCALL
analyzed_bin
writev
108
1, 0x7fff7cab7880, 2
52
SYSCALL
analyzed_bin
writev
108
1, 0x7fff7cab7880, 2
98
SYSCALL
analyzed_bin
writev
108
1, 0x7fff7cab7880, 2
52
SYSCALL
analyzed_bin
writev
108
1, 0x7fff7cab7880, 2
98
SYSCALL
analyzed_bin
writev
108
1, 0x7fff7cab7880, 2
52
SYSCALL
analyzed_bin
writev
108
1, 0x7fff7cab7880, 2
98
SYSCALL
analyzed_bin
writev
108
1, 0x7fff7cab7880, 2
52
SYSCALL
analyzed_bin
writev
108
1, 0x7fff7cab7880, 2
98
SYSCALL
analyzed_bin
writev
108
1, 0x7fff7cab7880, 2
52
SYSCALL
analyzed_bin
writev
108
1, 0x7fff7cab7880, 2
98
SYSCALL
analyzed_bin
writev
108
1, 0x7fff7cab7880, 2
52
SYSCALL
analyzed_bin
writev
108
1, 0x7fff7cab7880, 2
98
SYSCALL
analyzed_bin
writev
108
1, 0x7fff7cab7880, 2
52
SYSCALL
analyzed_bin
writev
108
1, 0x7fff7cab7880, 2
98
SYSCALL
analyzed_bin
writev
108
1, 0x7fff7cab7880, 2
52
SYSCALL
analyzed_bin
writev
108
1, 0x7fff7cab7880, 2
98
SYSCALL
analyzed_bin
writev
108
1, 0x7fff7cab7880, 2
52
SYSCALL
analyzed_bin
writev
108
1, 0x7fff7cab7880, 2
98
SYSCALL
analyzed_bin
writev
108
1, 0x7fff7cab7880, 2
52
SYSCALL
analyzed_bin
writev
108
1, 0x7fff7cab7880, 2
98
SYSCALL
analyzed_bin
writev
108
1, 0x7fff7cab7880, 2
52
SYSCALL
analyzed_bin
writev
108
1, 0x7fff7cab7880, 2
98
SYSCALL
analyzed_bin
writev
108
1, 0x7fff7cab7880, 2
52
SYSCALL
analyzed_bin
writev
108
1, 0x7fff7cab7880, 2
98
SYSCALL
analyzed_bin
writev
108
1, 0x7fff7cab7880, 2
52
SYSCALL
analyzed_bin
writev
108
1, 0x7fff7cab7880, 2
98
SYSCALL
analyzed_bin
writev
108
1, 0x7fff7cab7880, 2
52
SYSCALL
analyzed_bin
writev
108
1, 0x7fff7cab7880, 2
98
SYSCALL
analyzed_bin
writev
108
1, 0x7fff7cab7880, 2
52
SYSCALL
analyzed_bin
writev
108
1, 0x7fff7cab7880, 2
98
SYSCALL
analyzed_bin
writev
108
1, 0x7fff7cab7880, 2
52
SYSCALL
analyzed_bin
writev
108
1, 0x7fff7cab7880, 2
98
SYSCALL
analyzed_bin
writev
108
1, 0x7fff7cab7880, 2
52
SYSCALL
analyzed_bin
writev
108
1, 0x7fff7cab7880, 2
98
SYSCALL
analyzed_bin
writev
108
1, 0x7fff7cab7880, 2
52
SYSCALL
analyzed_bin
writev
108
1, 0x7fff7cab7880, 2
98
SYSCALL
analyzed_bin
writev
108
1, 0x7fff7cab7880, 2
52
SYSCALL
analyzed_bin
writev
108
1, 0x7fff7cab7880, 2
98
SYSCALL
analyzed_bin
writev
108
1, 0x7fff7cab7880, 2
52
SYSCALL
analyzed_bin
writev
108
1, 0x7fff7cab7880, 2
98
SYSCALL
analyzed_bin
writev
108
1, 0x7fff7cab7880, 2
52
SYSCALL
analyzed_bin
writev
108
1, 0x7fff7cab7880, 2
98
SYSCALL
analyzed_bin
writev
108
1, 0x7fff7cab7880, 2
52
SYSCALL
analyzed_bin
writev
108
1, 0x7fff7cab7880, 2
98
SYSCALL
analyzed_bin
writev
108
1, 0x7fff7cab7880, 2
52
SYSCALL
analyzed_bin
writev
108
1, 0x7fff7cab7880, 2
98
SYSCALL
analyzed_bin
writev
108
1, 0x7fff7cab7880, 2
52
SYSCALL
analyzed_bin
writev
108
1, 0x7fff7cab7880, 2
98
SYSCALL
analyzed_bin
writev
108
1, 0x7fff7cab7880, 2
52
SYSCALL
analyzed_bin
writev
108
1, 0x7fff7cab7880, 2
98
SYSCALL
analyzed_bin
writev
108
1, 0x7fff7cab7880, 2
52
SYSCALL
analyzed_bin
writev
108
1, 0x7fff7cab7880, 2
98
SYSCALL
analyzed_bin
writev
108
1, 0x7fff7cab7880, 2
52
SYSCALL
analyzed_bin
writev
108
1, 0x7fff7cab7880, 2
98
SYSCALL
analyzed_bin
writev
108
1, 0x7fff7cab7880, 2
52
SYSCALL
analyzed_bin
writev
108
1, 0x7fff7cab7880, 2
98
SYSCALL
analyzed_bin
writev
108
1, 0x7fff7cab7880, 2
52
SYSCALL
analyzed_bin
writev
108
1, 0x7fff7cab7880, 2
98
SYSCALL
analyzed_bin
writev
108
1, 0x7fff7cab7880, 2
52
SYSCALL
analyzed_bin
writev
108
1, 0x7fff7cab7880, 2
98
SYSCALL
analyzed_bin
writev
108
1, 0x7fff7cab7880, 2
52
SYSCALL
analyzed_bin
writev
108
1, 0x7fff7cab7880, 2
98
SYSCALL
analyzed_bin
writev
108
1, 0x7fff7cab7880, 2
52
SYSCALL
analyzed_bin
writev
108
1, 0x7fff7cab7880, 2
98
SYSCALL
analyzed_bin
writev
108
1, 0x7fff7cab7880, 2
52
SYSCALL
analyzed_bin
writev
108
1, 0x7fff7cab7880, 2
98
SYSCALL
analyzed_bin
writev
108
1, 0x7fff7cab7880, 2
52
SYSCALL
analyzed_bin
writev
108
1, 0x7fff7cab7880, 2
98
SYSCALL
analyzed_bin
writev
108
1, 0x7fff7cab7880, 2
52
SYSCALL
analyzed_bin
writev
108
1, 0x7fff7cab7880, 2
98
SYSCALL
analyzed_bin
writev
108
1, 0x7fff7cab7880, 2
52
SYSCALL
analyzed_bin
writev
108
1, 0x7fff7cab7880, 2
98
SYSCALL
analyzed_bin
writev
108
1, 0x7fff7cab7880, 2
52
SYSCALL
analyzed_bin
writev
108
1, 0x7fff7cab7880, 2
98
SYSCALL
analyzed_bin
writev
108
1, 0x7fff7cab7880, 2
52
SYSCALL
analyzed_bin
writev
108
1, 0x7fff7cab7880, 2
98
SYSCALL
analyzed_bin
writev
108
1, 0x7fff7cab7880, 2
52
SYSCALL
analyzed_bin
writev
108
1, 0x7fff7cab7880, 2
98
SYSCALL
analyzed_bin
writev
108
1, 0x7fff7cab7880, 2
52
SYSCALL
analyzed_bin
writev
108
1, 0x7fff7cab7880, 2
98
SYSCALL
analyzed_bin
writev
108
1, 0x7fff7cab7880, 2
52
SYSCALL
analyzed_bin
writev
108
1, 0x7fff7cab7880, 2
98
SYSCALL
analyzed_bin
writev
108
1, 0x7fff7cab7880, 2
52
SYSCALL
analyzed_bin
writev
108
1, 0x7fff7cab7880, 2
98
SYSCALL
analyzed_bin
writev
108
1, 0x7fff7cab7880, 2
52
SYSCALL
analyzed_bin
writev
108
1, 0x7fff7cab7880, 2
98
SYSCALL
analyzed_bin
writev
108
1, 0x7fff7cab7880, 2
52
SYSCALL
analyzed_bin
writev
108
1, 0x7fff7cab7880, 2
98
SYSCALL
analyzed_bin
writev
108
1, 0x7fff7cab7880, 2
52
SYSCALL
analyzed_bin
writev
108
1, 0x7fff7cab7880, 2
98
SYSCALL
analyzed_bin
writev
108
1, 0x7fff7cab7880, 2
52
SYSCALL
analyzed_bin
writev
108
1, 0x7fff7cab7880, 2
98
SYSCALL
analyzed_bin
writev
108
1, 0x7fff7cab7880, 2
52
SYSCALL
analyzed_bin
writev
108
1, 0x7fff7cab7880, 2
98
SYSCALL
analyzed_bin
writev
108
1, 0x7fff7cab7880, 2
52
SYSCALL
analyzed_bin
writev
108
1, 0x7fff7cab7880, 2
98
SYSCALL
analyzed_bin
writev
108
1, 0x7fff7cab7880, 2
52
SYSCALL
analyzed_bin
writev
108
1, 0x7fff7cab7880, 2
98
SYSCALL
analyzed_bin
writev
108
1, 0x7fff7cab7880, 2
52
SYSCALL
analyzed_bin
writev
108
1, 0x7fff7cab7880, 2
98
SYSCALL
analyzed_bin
writev
108
1, 0x7fff7cab7880, 2
52
SYSCALL
analyzed_bin
writev
108
1, 0x7fff7cab7880, 2
98
SYSCALL
analyzed_bin
writev
108
1, 0x7fff7cab7880, 2
52
SYSCALL
analyzed_bin
writev
108
1, 0x7fff7cab7880, 2
98
SYSCALL
analyzed_bin
writev
108
1, 0x7fff7cab7880, 2
52
SYSCALL
analyzed_bin
writev
108
1, 0x7fff7cab7880, 2
98
SYSCALL
analyzed_bin
writev
108
1, 0x7fff7cab7880, 2
52
SYSCALL
analyzed_bin
writev
108
1, 0x7fff7cab7880, 2
98
SYSCALL
analyzed_bin
writev
108
1, 0x7fff7cab7880, 2
52
SYSCALL
analyzed_bin
writev
108
1, 0x7fff7cab7880, 2
98
SYSCALL
analyzed_bin
writev
108
1, 0x7fff7cab7880, 2
52
SYSCALL
analyzed_bin
writev
108
1, 0x7fff7cab7880, 2
98
SYSCALL
analyzed_bin
writev
108
1, 0x7fff7cab7880, 2
52
SYSCALL
analyzed_bin
writev
108
1, 0x7fff7cab7880, 2
98
SYSCALL
analyzed_bin
writev
108
1, 0x7fff7cab7880, 2
52
SYSCALL
analyzed_bin
writev
108
1, 0x7fff7cab7880, 2
98
SYSCALL
analyzed_bin
writev
108
1, 0x7fff7cab7880, 2
52
SYSCALL
analyzed_bin
writev
108
1, 0x7fff7cab7880, 2
98
SYSCALL
analyzed_bin
writev
108
1, 0x7fff7cab7880, 2
52
SYSCALL
analyzed_bin
writev
108
1, 0x7fff7cab7880, 2
98
SYSCALL
analyzed_bin
writev
108
1, 0x7fff7cab7880, 2
52
SYSCALL
analyzed_bin
writev
108
1, 0x7fff7cab7880, 2
98
SYSCALL
analyzed_bin
writev
108
1, 0x7fff7cab7880, 2
52
SYSCALL
analyzed_bin
writev
108
1, 0x7fff7cab7880, 2
98
SYSCALL
analyzed_bin
writev
108
1, 0x7fff7cab7880, 2
52
SYSCALL
analyzed_bin
writev
108
1, 0x7fff7cab7880, 2
98
SYSCALL
analyzed_bin
writev
108
1, 0x7fff7cab7880, 2
52
SYSCALL
analyzed_bin
writev
108
1, 0x7fff7cab7880, 2
98
SYSCALL
analyzed_bin
writev
108
1, 0x7fff7cab7880, 2
52
SYSCALL
analyzed_bin
writev
108
1, 0x7fff7cab7880, 2
98
SYSCALL
analyzed_bin
writev
108
1, 0x7fff7cab7880, 2
52
SYSCALL
analyzed_bin
writev
108
1, 0x7fff7cab7880, 2
98
SYSCALL
analyzed_bin
writev
108
1, 0x7fff7cab7880, 2
52
SYSCALL
analyzed_bin
writev
108
1, 0x7fff7cab7880, 2
98
SYSCALL
analyzed_bin
writev
108
1, 0x7fff7cab7880, 2
52
SYSCALL
analyzed_bin
writev
108
1, 0x7fff7cab7880, 2
98
SYSCALL
analyzed_bin
writev
108
1, 0x7fff7cab7880, 2
52
SYSCALL
analyzed_bin
writev
108
1, 0x7fff7cab7880, 2
98
SYSCALL
analyzed_bin
writev
108
1, 0x7fff7cab7880, 2
52
SYSCALL
analyzed_bin
writev
108
1, 0x7fff7cab7880, 2
98
SYSCALL
analyzed_bin
writev
108
1, 0x7fff7cab7880, 2
52
SYSCALL
analyzed_bin
writev
108
1, 0x7fff7cab7880, 2
98
SYSCALL
analyzed_bin
writev
108
1, 0x7fff7cab7880, 2
52
SYSCALL
analyzed_bin
writev
108
1, 0x7fff7cab7880, 2
98
SYSCALL
analyzed_bin
writev
108
1, 0x7fff7cab7880, 2
52
SYSCALL
analyzed_bin
writev
108
1, 0x7fff7cab7880, 2
98
SYSCALL
analyzed_bin
writev
108
1, 0x7fff7cab7880, 2
52
SYSCALL
analyzed_bin
writev
108
1, 0x7fff7cab7880, 2
98
SYSCALL
analyzed_bin
writev
108
1, 0x7fff7cab7880, 2
52
SYSCALL
analyzed_bin
writev
108
1, 0x7fff7cab7880, 2
98
SYSCALL
analyzed_bin
writev
108
1, 0x7fff7cab7880, 2
52
SYSCALL
analyzed_bin
writev
108
1, 0x7fff7cab7880, 2
98
SYSCALL
analyzed_bin
writev
108
1, 0x7fff7cab7880, 2
52
SYSCALL
analyzed_bin
writev
108
1, 0x7fff7cab7880, 2
98
SYSCALL
analyzed_bin
writev
108
1, 0x7fff7cab7880, 2
52
SYSCALL
analyzed_bin
writev
108
1, 0x7fff7cab7880, 2
98
SYSCALL
analyzed_bin
writev
108
1, 0x7fff7cab7880, 2
52
SYSCALL
analyzed_bin
writev
108
1, 0x7fff7cab7880, 2
98
SYSCALL
analyzed_bin
writev
108
1, 0x7fff7cab7880, 2
52
SYSCALL
analyzed_bin
writev
108
1, 0x7fff7cab7880, 2
98
SYSCALL
analyzed_bin
writev
108
1, 0x7fff7cab7880, 2
52
SYSCALL
analyzed_bin
writev
108
1, 0x7fff7cab7880, 2
98
SYSCALL
analyzed_bin
writev
108
1, 0x7fff7cab7880, 2
52
SYSCALL
analyzed_bin
writev
108
1, 0x7fff7cab7880, 2
98
SYSCALL
analyzed_bin
writev
108
1, 0x7fff7cab7880, 2
52
SYSCALL
analyzed_bin
writev
108
1, 0x7fff7cab7880, 2
98
SYSCALL
analyzed_bin
writev
108
1, 0x7fff7cab7880, 2
52
SYSCALL
analyzed_bin
writev
108
1, 0x7fff7cab7880, 2
98
SYSCALL
analyzed_bin
writev
108
1, 0x7fff7cab7880, 2
52
SYSCALL
analyzed_bin
writev
108
1, 0x7fff7cab7880, 2
98
SYSCALL
analyzed_bin
writev
108
1, 0x7fff7cab7880, 2
52
SYSCALL
analyzed_bin
writev
108
1, 0x7fff7cab7880, 2
98
SYSCALL
analyzed_bin
writev
108
1, 0x7fff7cab7880, 2
52
SYSCALL
analyzed_bin
writev
108
1, 0x7fff7cab7880, 2
98
SYSCALL
analyzed_bin
writev
108
1, 0x7fff7cab7880, 2
52
SYSCALL
analyzed_bin
writev
108
1, 0x7fff7cab7880, 2
98
SYSCALL
analyzed_bin
writev
108
1, 0x7fff7cab7880, 2
52
SYSCALL
analyzed_bin
writev
108
1, 0x7fff7cab7880, 2
98
SYSCALL
analyzed_bin
writev
108
1, 0x7fff7cab7880, 2
52
SYSCALL
analyzed_bin
writev
108
1, 0x7fff7cab7880, 2
98
SYSCALL
analyzed_bin
writev
108
1, 0x7fff7cab7880, 2
52
SYSCALL
analyzed_bin
writev
108
1, 0x7fff7cab7880, 2
98
SYSCALL
analyzed_bin
writev
108
1, 0x7fff7cab7880, 2
52
SYSCALL
analyzed_bin
writev
108
1, 0x7fff7cab7880, 2
98
SYSCALL
analyzed_bin
writev
108
1, 0x7fff7cab7880, 2
52
SYSCALL
analyzed_bin
writev
108
1, 0x7fff7cab7880, 2
98
SYSCALL
analyzed_bin
writev
108
1, 0x7fff7cab7880, 2
52
SYSCALL
analyzed_bin
writev
108
1, 0x7fff7cab7880, 2
98
SYSCALL
analyzed_bin
writev
108
1, 0x7fff7cab7880, 2
52
SYSCALL
analyzed_bin
writev
108
1, 0x7fff7cab7880, 2
98
SYSCALL
analyzed_bin
writev
108
1, 0x7fff7cab7880, 2
52
SYSCALL
analyzed_bin
writev
108
1, 0x7fff7cab7880, 2
98
SYSCALL
analyzed_bin
writev
108
1, 0x7fff7cab7880, 2
52
SYSCALL
analyzed_bin
writev
108
1, 0x7fff7cab7880, 2
98
SYSCALL
analyzed_bin
writev
108
1, 0x7fff7cab7880, 2
52
SYSCALL
analyzed_bin
writev
108
1, 0x7fff7cab7880, 2
98
SYSCALL
analyzed_bin
writev
108
1, 0x7fff7cab7880, 2
52
SYSCALL
analyzed_bin
writev
108
1, 0x7fff7cab7880, 2
98
SYSCALL
analyzed_bin
writev
108
1, 0x7fff7cab7880, 2
52
SYSCALL
analyzed_bin
writev
108
1, 0x7fff7cab7880, 2
98
SYSCALL
analyzed_bin
writev
108
1, 0x7fff7cab7880, 2
52
SYSCALL
analyzed_bin
writev
108
1, 0x7fff7cab7880, 2
98
SYSCALL
analyzed_bin
writev
108
1, 0x7fff7cab7880, 2
52
SYSCALL
analyzed_bin
writev
108
1, 0x7fff7cab7880, 2
98
SYSCALL
analyzed_bin
writev
108
1, 0x7fff7cab7880, 2
52
SYSCALL
analyzed_bin
writev
108
1, 0x7fff7cab7880, 2
98
SYSCALL
analyzed_bin
writev
108
1, 0x7fff7cab7880, 2
52
SYSCALL
analyzed_bin
writev
108
1, 0x7fff7cab7880, 2
98
SYSCALL
analyzed_bin
writev
108
1, 0x7fff7cab7880, 2
52
SYSCALL
analyzed_bin
writev
108
1, 0x7fff7cab7880, 2
98
SYSCALL
analyzed_bin
writev
108
1, 0x7fff7cab7880, 2
52
SYSCALL
analyzed_bin
writev
108
1, 0x7fff7cab7880, 2
98
SYSCALL
analyzed_bin
writev
108
1, 0x7fff7cab7880, 2
52
SYSCALL
analyzed_bin
writev
108
1, 0x7fff7cab7880, 2
98
SYSCALL
analyzed_bin
writev
108
1, 0x7fff7cab7880, 2
52
SYSCALL
analyzed_bin
writev
108
1, 0x7fff7cab7880, 2
98
SYSCALL
analyzed_bin
writev
108
1, 0x7fff7cab7880, 2
52
SYSCALL
analyzed_bin
writev
108
1, 0x7fff7cab7880, 2
98
SYSCALL
analyzed_bin
writev
108
1, 0x7fff7cab7880, 2
52
SYSCALL
analyzed_bin
writev
108
1, 0x7fff7cab7880, 2
98
SYSCALL
analyzed_bin
writev
108
1, 0x7fff7cab7880, 2
52
SYSCALL
analyzed_bin
writev
108
1, 0x7fff7cab7880, 2
98
SYSCALL
analyzed_bin
writev
108
1, 0x7fff7cab7880, 2
52
