LISA
PROCESS
108:105
SYSCALL
analyzed_bin
execve
108

0
SYSCALL
analyzed_bin
brk
108
0x0
94550781972480
SYSCALL
analyzed_bin
access
108
"/etc/ld.so.preload", R_OK
-2 (ENOENT)
OPENFILE
"/etc/ld.so.cache"
SYSCALL
analyzed_bin
openat
108
AT_FDCWD, "/etc/ld.so.cache", O_RDONLY|O_CLOEXEC
-2 (ENOENT)
OPENFILE
"/lib64/tls/x86_64/x86_64/libpthread.so.0"
SYSCALL
analyzed_bin
openat
108
AT_FDCWD, "/lib64/tls/x86_64/x86_64/libpthread.so.0", O_RDONLY|O_CLOEXEC
-2 (ENOENT)
SYSCALL
analyzed_bin
stat
108
"/lib64/tls/x86_64/x86_64", 0x7fff1a953ca0
-2 (ENOENT)
OPENFILE
"/lib64/tls/x86_64/libpthread.so.0"
SYSCALL
analyzed_bin
openat
108
AT_FDCWD, "/lib64/tls/x86_64/libpthread.so.0", O_RDONLY|O_CLOEXEC
-2 (ENOENT)
SYSCALL
analyzed_bin
stat
108
"/lib64/tls/x86_64", 0x7fff1a953ca0
-2 (ENOENT)
OPENFILE
"/lib64/tls/x86_64/libpthread.so.0"
SYSCALL
analyzed_bin
openat
108
AT_FDCWD, "/lib64/tls/x86_64/libpthread.so.0", O_RDONLY|O_CLOEXEC
-2 (ENOENT)
SYSCALL
analyzed_bin
stat
108
"/lib64/tls/x86_64", 0x7fff1a953ca0
-2 (ENOENT)
OPENFILE
"/lib64/tls/libpthread.so.0"
SYSCALL
analyzed_bin
openat
108
AT_FDCWD, "/lib64/tls/libpthread.so.0", O_RDONLY|O_CLOEXEC
-2 (ENOENT)
SYSCALL
analyzed_bin
stat
108
"/lib64/tls", 0x7fff1a953ca0
-2 (ENOENT)
OPENFILE
"/lib64/x86_64/x86_64/libpthread.so.0"
SYSCALL
analyzed_bin
openat
108
AT_FDCWD, "/lib64/x86_64/x86_64/libpthread.so.0", O_RDONLY|O_CLOEXEC
-2 (ENOENT)
SYSCALL
analyzed_bin
stat
108
"/lib64/x86_64/x86_64", 0x7fff1a953ca0
-2 (ENOENT)
OPENFILE
"/lib64/x86_64/libpthread.so.0"
SYSCALL
analyzed_bin
openat
108
AT_FDCWD, "/lib64/x86_64/libpthread.so.0", O_RDONLY|O_CLOEXEC
-2 (ENOENT)
SYSCALL
analyzed_bin
stat
108
"/lib64/x86_64", 0x7fff1a953ca0
-2 (ENOENT)
OPENFILE
"/lib64/x86_64/libpthread.so.0"
SYSCALL
analyzed_bin
openat
108
AT_FDCWD, "/lib64/x86_64/libpthread.so.0", O_RDONLY|O_CLOEXEC
-2 (ENOENT)
SYSCALL
analyzed_bin
stat
108
"/lib64/x86_64", 0x7fff1a953ca0
-2 (ENOENT)
OPENFILE
"/lib64/libpthread.so.0"
SYSCALL
analyzed_bin
openat
108
AT_FDCWD, "/lib64/libpthread.so.0", O_RDONLY|O_CLOEXEC
3
SYSCALL
analyzed_bin
read
108
3, 0x7fff1a953e08, 832
832
SYSCALL
analyzed_bin
fstat
108
3, 0x7fff1a953ca0
0
SYSCALL
analyzed_bin
mmap2
108
0x0, 8192, PROT_READ|PROT_WRITE, MAP_PRIVATE|MAP_ANONYMOUS, -1, 0
0x7f859f954000
SYSCALL
analyzed_bin
mmap2
108
0x0, 2221216, PROT_READ|PROT_EXEC, MAP_PRIVATE|MAP_DENYWRITE, 3, 0
0x7f859f511000
SYSCALL
analyzed_bin
mprotect
108
0x7f859f52b000, 2093056, PROT_NONE
0
SYSCALL
analyzed_bin
mmap2
108
0x7f859f72a000, 8192, PROT_READ|PROT_WRITE, MAP_PRIVATE|MAP_FIXED|MAP_DENYWRITE, 3, 102400
0x7f859f72a000
SYSCALL
analyzed_bin
mmap2
108
0x7f859f72c000, 13472, PROT_READ|PROT_WRITE, MAP_PRIVATE|MAP_FIXED|MAP_ANONYMOUS, -1, 0
0x7f859f72c000
SYSCALL
analyzed_bin
close
108
3
0
OPENFILE
"/lib64/librt.so.1"
SYSCALL
analyzed_bin
openat
108
AT_FDCWD, "/lib64/librt.so.1", O_RDONLY|O_CLOEXEC
3
SYSCALL
analyzed_bin
read
108
3, 0x7fff1a953dd8, 832
832
SYSCALL
analyzed_bin
fstat
108
3, 0x7fff1a953c70
0
SYSCALL
analyzed_bin
mmap2
108
0x0, 2128864, PROT_READ|PROT_EXEC, MAP_PRIVATE|MAP_DENYWRITE, 3, 0
0x7f859f309000
SYSCALL
analyzed_bin
mprotect
108
0x7f859f310000, 2093056, PROT_NONE
0
SYSCALL
analyzed_bin
mmap2
108
0x7f859f50f000, 8192, PROT_READ|PROT_WRITE, MAP_PRIVATE|MAP_FIXED|MAP_DENYWRITE, 3, 24576
0x7f859f50f000
SYSCALL
analyzed_bin
close
108
3
0
OPENFILE
"/lib64/libdl.so.2"
SYSCALL
analyzed_bin
openat
108
AT_FDCWD, "/lib64/libdl.so.2", O_RDONLY|O_CLOEXEC
3
SYSCALL
analyzed_bin
read
108
3, 0x7fff1a953da8, 832
832
SYSCALL
analyzed_bin
fstat
108
3, 0x7fff1a953c40
0
SYSCALL
analyzed_bin
mmap2
108
0x0, 2109680, PROT_READ|PROT_EXEC, MAP_PRIVATE|MAP_DENYWRITE, 3, 0
0x7f859f105000
SYSCALL
analyzed_bin
mprotect
108
0x7f859f108000, 2093056, PROT_NONE
0
SYSCALL
analyzed_bin
mmap2
108
0x7f859f307000, 8192, PROT_READ|PROT_WRITE, MAP_PRIVATE|MAP_FIXED|MAP_DENYWRITE, 3, 8192
0x7f859f307000
SYSCALL
analyzed_bin
close
108
3
0
OPENFILE
"/lib64/libm.so.6"
SYSCALL
analyzed_bin
openat
108
AT_FDCWD, "/lib64/libm.so.6", O_RDONLY|O_CLOEXEC
3
SYSCALL
analyzed_bin
read
108
3, 0x7fff1a953d78, 832
832
SYSCALL
analyzed_bin
fstat
108
3, 0x7fff1a953c10
0
SYSCALL
analyzed_bin
mmap2
108
0x0, 3653968, PROT_READ|PROT_EXEC, MAP_PRIVATE|MAP_DENYWRITE, 3, 0
0x7f859ed88000
SYSCALL
analyzed_bin
mprotect
108
0x7f859ef04000, 2093056, PROT_NONE
0
SYSCALL
analyzed_bin
mmap2
108
0x7f859f103000, 8192, PROT_READ|PROT_WRITE, MAP_PRIVATE|MAP_FIXED|MAP_DENYWRITE, 3, 1552384
0x7f859f103000
SYSCALL
analyzed_bin
close
108
3
0
OPENFILE
"/lib64/libc.so.6"
SYSCALL
analyzed_bin
openat
108
AT_FDCWD, "/lib64/libc.so.6", O_RDONLY|O_CLOEXEC
3
SYSCALL
analyzed_bin
read
108
3, 0x7fff1a953d48, 832
832
SYSCALL
analyzed_bin
fstat
108
3, 0x7fff1a953be0
0
SYSCALL
analyzed_bin
mmap2
108
0x0, 3885056, PROT_READ|PROT_EXEC, MAP_PRIVATE|MAP_DENYWRITE, 3, 0
0x7f859e9d3000
SYSCALL
analyzed_bin
mprotect
108
0x7f859eb7f000, 2093056, PROT_NONE
0
SYSCALL
analyzed_bin
mmap2
108
0x7f859ed7e000, 24576, PROT_READ|PROT_WRITE, MAP_PRIVATE|MAP_FIXED|MAP_DENYWRITE, 3, 1748992
0x7f859ed7e000
SYSCALL
analyzed_bin
mmap2
108
0x7f859ed84000, 14336, PROT_READ|PROT_WRITE, MAP_PRIVATE|MAP_FIXED|MAP_ANONYMOUS, -1, 0
0x7f859ed84000
SYSCALL
analyzed_bin
close
108
3
0
SYSCALL
analyzed_bin
mmap2
108
0x0, 8192, PROT_READ|PROT_WRITE, MAP_PRIVATE|MAP_ANONYMOUS, -1, 0
0x7f859f952000
SYSCALL
analyzed_bin
arch_prctl
108
ARCH_SET_FS, 140211884732800
0
SYSCALL
analyzed_bin
mprotect
108
0x7f859ed7e000, 16384, PROT_READ
0
SYSCALL
analyzed_bin
mprotect
108
0x7f859f103000, 4096, PROT_READ
0
SYSCALL
analyzed_bin
mprotect
108
0x7f859f307000, 4096, PROT_READ
0
SYSCALL
analyzed_bin
mprotect
108
0x7f859f72a000, 4096, PROT_READ
0
SYSCALL
analyzed_bin
mprotect
108
0x7f859f50f000, 4096, PROT_READ
0
SYSCALL
analyzed_bin
mprotect
108
0x55fe51bc2000, 49152, PROT_READ
0
SYSCALL
analyzed_bin
mprotect
108
0x7f859f956000, 4096, PROT_READ
0
SYSCALL
analyzed_bin
set_tid_address
108
0x7f859f953450
108
SYSCALL
analyzed_bin
set_robust_list
108
0x7f859f953460, 24
0
SYSCALL
analyzed_bin
rt_sigaction
108
0x20, {0x7f859f5172e0, SA_SIGINFO|SA_RESTORER, 0x7f859f522fe0, [EMPTY]}, 0x0, 8
0
SYSCALL
analyzed_bin
rt_sigaction
108
0x21, {0x7f859f517380, SA_RESTART|SA_SIGINFO|SA_RESTORER, 0x7f859f522fe0, [EMPTY]}, 0x0, 8
0
SYSCALL
analyzed_bin
rt_sigprocmask
108
SIG_UNBLOCK, [EMPTY], 0x0, 8
0
SYSCALL
analyzed_bin
prlimit64
108
0, RLIMIT_STACK, NULL, 0x7fff1a9549c0
0
SYSCALL
analyzed_bin
brk
108
0x0
94550781972480
SYSCALL
analyzed_bin
brk
108
0x55fe51c7e000
94550782107648
OPENFILE
"/dev/urandom"
SYSCALL
analyzed_bin
openat
108
AT_FDCWD, "/dev/urandom", O_RDONLY
3
SYSCALL
analyzed_bin
read
108
3, 0x7fff1a954984, 4
4
SYSCALL
analyzed_bin
mmap2
108
0x0, 81920, PROT_READ|PROT_WRITE|PROT_EXEC, MAP_PRIVATE|MAP_ANONYMOUS, -1, 0
0x7f859f93e000
SYSCALL
analyzed_bin
mprotect
108
0x7f859f93e000, 81920, PROT_READ|PROT_EXEC
0
SYSCALL
analyzed_bin
futex
108
0x55fe51c5a0c4, FUTEX_WAKE_PRIVATE, 2147483647
0
SYSCALL
analyzed_bin
futex
108
0x55fe51c5a0d0, FUTEX_WAKE_PRIVATE, 2147483647
0
SYSCALL
analyzed_bin
readlink
108
"/proc/self/exe", 0x55fe51bcf5e0, 519
18
OPENFILE
"/root/config.json"
SYSCALL
analyzed_bin
openat
108
AT_FDCWD, "/root/config.json", O_RDONLY
-2 (ENOENT)
OPENFILE
"/etc/localtime"
SYSCALL
analyzed_bin
openat
108
AT_FDCWD, "/etc/localtime", O_RDONLY|O_CLOEXEC
4
SYSCALL
analyzed_bin
fstat
108
4, 0x7fff1a9544f0
0
SYSCALL
analyzed_bin
fstat
108
4, 0x7fff1a954330
0
SYSCALL
analyzed_bin
read
108
4, 0x55fe51c73f60, 1024
127
SYSCALL
analyzed_bin
lseek
108
4, -71, SEEK_CUR
56
SYSCALL
analyzed_bin
read
108
4, 0x55fe51c73f60, 1024
71
SYSCALL
analyzed_bin
close
108
4
0
SYSCALL
analyzed_bin
fstat
108
1, 0x7fff1a9544c0
0
SYSCALL
analyzed_bin
write
108
1, "[2022-07-14 06:17:00.044] unable to open \"/r"..., 62
62
OPENFILE
"/root/.xmrig.json"
SYSCALL
analyzed_bin
openat
108
AT_FDCWD, "/root/.xmrig.json", O_RDONLY
-2 (ENOENT)
SYSCALL
analyzed_bin
write
108
1, "[2022-07-14 06:17:00.056] unable to open \"/r"..., 62
62
OPENFILE
"/root/.config/xmrig.json"
SYSCALL
analyzed_bin
openat
108
AT_FDCWD, "/root/.config/xmrig.json", O_RDONLY
-2 (ENOENT)
SYSCALL
analyzed_bin
write
108
1, "[2022-07-14 06:17:00.057] unable to open \"/r"..., 69
69
SYSCALL
analyzed_bin
brk
108
0x55fe51ca5000
94550782267392
OPENFILE
"/sys/devices/system/cpu/online"
SYSCALL
analyzed_bin
openat
108
AT_FDCWD, "/sys/devices/system/cpu/online", O_RDONLY|O_CLOEXEC
4
SYSCALL
analyzed_bin
read
108
4, 0x7fff1a952480, 8192
2
SYSCALL
analyzed_bin
close
108
4
0
SYSCALL
analyzed_bin
faccessat
108
-1, "/sys/bus/cpu/devices", R_OK|X_OK
0
SYSCALL
analyzed_bin
faccessat
108
-1, "/sys/bus/cpu/devices/cpu0/topology/package_cpus", R_OK
-2 (ENOENT)
SYSCALL
analyzed_bin
faccessat
108
-1, "/sys/bus/cpu/devices/cpu0/topology/core_cpus", R_OK
-2 (ENOENT)
SYSCALL
analyzed_bin
faccessat
108
-1, "/sys/bus/cpu/devices/cpu0/topology/core_siblings", R_OK
0
SYSCALL
analyzed_bin
faccessat
108
-1, "/sys/bus/node/devices", R_OK|X_OK
-2 (ENOENT)
SYSCALL
analyzed_bin
faccessat
108
-1, "/sys/devices/system/node", R_OK|X_OK
-2 (ENOENT)
SYSCALL
analyzed_bin
uname
108
0x55fe51c857a4
0
OPENFILE
"/proc/cpuinfo"
SYSCALL
analyzed_bin
openat
108
-1, "/proc/cpuinfo", O_RDONLY
4
SYSCALL
analyzed_bin
fcntl
108
4, F_GETFL, 0x55fe5195d67d
32768
SYSCALL
analyzed_bin
fstat
108
4, 0x7fff1a9541d0
0
SYSCALL
analyzed_bin
read
108
4, 0x55fe51c85d40, 1024
720
SYSCALL
analyzed_bin
read
108
4, 0x55fe51c85d40, 1024
0
SYSCALL
analyzed_bin
close
108
4
0
OPENFILE
"/proc/mounts"
SYSCALL
analyzed_bin
openat
108
AT_FDCWD, "/proc/mounts", O_RDONLY|O_CLOEXEC
4
SYSCALL
analyzed_bin
fstat
108
4, 0x7fff1a953790
0
SYSCALL
analyzed_bin
read
108
4, 0x55fe51c85d40, 1024
459
SYSCALL
analyzed_bin
read
108
4, 0x55fe51c85d40, 1024
0
SYSCALL
analyzed_bin
close
108
4
0
OPENFILE
"/sys/devices/system/cpu/online"
SYSCALL
analyzed_bin
openat
108
-1, "/sys/devices/system/cpu/online", O_RDONLY
4
SYSCALL
analyzed_bin
read
108
4, 0x55fe51c86470, 4097
2
SYSCALL
analyzed_bin
close
108
4
0
OPENFILE
"/sys/bus/cpu/devices"
SYSCALL
analyzed_bin
openat
108
-1, "/sys/bus/cpu/devices", O_RDONLY|O_DIRECTORY
4
SYSCALL
analyzed_bin
fstat
108
4, 0x7fff1a954100
0
SYSCALL
analyzed_bin
fcntl
108
4, F_GETFL, 0x7fff1a954100
98304
SYSCALL
analyzed_bin
fcntl
108
4, F_SETFD, 0x1
0
SYSCALL
analyzed_bin
getdents
108
4, 0x55fe51c864a0, 32768
72
SYSCALL
analyzed_bin
faccessat
108
-1, "/sys/bus/cpu/devices/cpu0/topology", X_OK
0
SYSCALL
analyzed_bin
getdents
108
4, 0x55fe51c864a0, 32768
0
SYSCALL
analyzed_bin
close
108
4
0
OPENFILE
"/sys/bus/cpu/devices/cpu0/topology/thread_siblings"
SYSCALL
analyzed_bin
openat
108
-1, "/sys/bus/cpu/devices/cpu0/topology/thread_siblings", O_RDONLY
4
SYSCALL
analyzed_bin
read
108
4, 0x55fe51c864e0, 4097
2
SYSCALL
analyzed_bin
close
108
4
0
OPENFILE
"/sys/bus/cpu/devices/cpu0/topology/core_id"
SYSCALL
analyzed_bin
openat
108
-1, "/sys/bus/cpu/devices/cpu0/topology/core_id", O_RDONLY
4
SYSCALL
analyzed_bin
read
108
4, 0x7fff1a954280, 10
2
SYSCALL
analyzed_bin
close
108
4
0
OPENFILE
"/sys/bus/cpu/devices/cpu0/topology/die_cpus"
SYSCALL
analyzed_bin
openat
108
-1, "/sys/bus/cpu/devices/cpu0/topology/die_cpus", O_RDONLY
-2 (ENOENT)
OPENFILE
"/sys/bus/cpu/devices/cpu0/topology/core_siblings"
SYSCALL
analyzed_bin
openat
108
-1, "/sys/bus/cpu/devices/cpu0/topology/core_siblings", O_RDONLY
4
SYSCALL
analyzed_bin
read
108
4, 0x55fe51c87540, 4097
2
SYSCALL
analyzed_bin
close
108
4
0
OPENFILE
"/sys/bus/cpu/devices/cpu0/topology/physical_package_id"
SYSCALL
analyzed_bin
openat
108
-1, "/sys/bus/cpu/devices/cpu0/topology/physical_package_id", O_RDONLY
4
SYSCALL
analyzed_bin
read
108
4, 0x7fff1a954280, 10
2
SYSCALL
analyzed_bin
close
108
4
0
OPENFILE
"/sys/bus/cpu/devices/cpu0/cache/index0/shared_cpu_map"
SYSCALL
analyzed_bin
openat
108
-1, "/sys/bus/cpu/devices/cpu0/cache/index0/shared_cpu_map", O_RDONLY
4
SYSCALL
analyzed_bin
read
108
4, 0x55fe51c87540, 4097
2
SYSCALL
analyzed_bin
close
108
4
0
OPENFILE
"/sys/bus/cpu/devices/cpu0/cache/index0/level"
SYSCALL
analyzed_bin
openat
108
-1, "/sys/bus/cpu/devices/cpu0/cache/index0/level", O_RDONLY
4
SYSCALL
analyzed_bin
read
108
4, 0x7fff1a954280, 10
2
SYSCALL
analyzed_bin
close
108
4
0
OPENFILE
"/sys/bus/cpu/devices/cpu0/cache/index0/type"
SYSCALL
analyzed_bin
openat
108
-1, "/sys/bus/cpu/devices/cpu0/cache/index0/type", O_RDONLY
4
SYSCALL
analyzed_bin
read
108
4, 0x7fff1a954280, 19
5
SYSCALL
analyzed_bin
close
108
4
0
OPENFILE
"/sys/bus/cpu/devices/cpu0/cache/index0/size"
SYSCALL
analyzed_bin
openat
108
-1, "/sys/bus/cpu/devices/cpu0/cache/index0/size", O_RDONLY
4
SYSCALL
analyzed_bin
read
108
4, 0x7fff1a954275, 10
4
SYSCALL
analyzed_bin
close
108
4
0
OPENFILE
"/sys/bus/cpu/devices/cpu0/cache/index0/coherency_line_size"
SYSCALL
analyzed_bin
openat
108
-1, "/sys/bus/cpu/devices/cpu0/cache/index0/coherency_line_size", O_RDONLY
4
SYSCALL
analyzed_bin
read
108
4, 0x7fff1a954275, 10
3
SYSCALL
analyzed_bin
close
108
4
0
OPENFILE
"/sys/bus/cpu/devices/cpu0/cache/index0/number_of_sets"
SYSCALL
analyzed_bin
openat
108
-1, "/sys/bus/cpu/devices/cpu0/cache/index0/number_of_sets", O_RDONLY
4
SYSCALL
analyzed_bin
read
108
4, 0x7fff1a954275, 10
4
SYSCALL
analyzed_bin
close
108
4
0
OPENFILE
"/sys/bus/cpu/devices/cpu0/cache/index0/physical_line_partition"
SYSCALL
analyzed_bin
openat
108
-1, "/sys/bus/cpu/devices/cpu0/cache/index0/physical_line_partition", O_RDONLY
4
SYSCALL
analyzed_bin
read
108
4, 0x7fff1a954275, 10
2
SYSCALL
analyzed_bin
close
108
4
0
OPENFILE
"/sys/bus/cpu/devices/cpu0/cache/index1/shared_cpu_map"
SYSCALL
analyzed_bin
openat
108
-1, "/sys/bus/cpu/devices/cpu0/cache/index1/shared_cpu_map", O_RDONLY
4
SYSCALL
analyzed_bin
read
108
4, 0x55fe51c87540, 4097
2
SYSCALL
analyzed_bin
close
108
4
0
OPENFILE
"/sys/bus/cpu/devices/cpu0/cache/index1/level"
SYSCALL
analyzed_bin
openat
108
-1, "/sys/bus/cpu/devices/cpu0/cache/index1/level", O_RDONLY
4
SYSCALL
analyzed_bin
read
108
4, 0x7fff1a954280, 10
2
SYSCALL
analyzed_bin
close
108
4
0
OPENFILE
"/sys/bus/cpu/devices/cpu0/cache/index1/type"
SYSCALL
analyzed_bin
openat
108
-1, "/sys/bus/cpu/devices/cpu0/cache/index1/type", O_RDONLY
4
SYSCALL
analyzed_bin
read
108
4, 0x7fff1a954280, 19
12
SYSCALL
analyzed_bin
close
108
4
0
OPENFILE
"/sys/bus/cpu/devices/cpu0/cache/index2/shared_cpu_map"
SYSCALL
analyzed_bin
openat
108
-1, "/sys/bus/cpu/devices/cpu0/cache/index2/shared_cpu_map", O_RDONLY
4
SYSCALL
analyzed_bin
read
108
4, 0x55fe51c87540, 4097
2
SYSCALL
analyzed_bin
close
108
4
0
OPENFILE
"/sys/bus/cpu/devices/cpu0/cache/index2/level"
SYSCALL
analyzed_bin
openat
108
-1, "/sys/bus/cpu/devices/cpu0/cache/index2/level", O_RDONLY
4
SYSCALL
analyzed_bin
read
108
4, 0x7fff1a954280, 10
2
SYSCALL
analyzed_bin
close
108
4
0
OPENFILE
"/sys/bus/cpu/devices/cpu0/cache/index2/type"
SYSCALL
analyzed_bin
openat
108
-1, "/sys/bus/cpu/devices/cpu0/cache/index2/type", O_RDONLY
4
SYSCALL
analyzed_bin
read
108
4, 0x7fff1a954280, 19
8
SYSCALL
analyzed_bin
close
108
4
0
OPENFILE
"/sys/bus/cpu/devices/cpu0/cache/index2/size"
SYSCALL
analyzed_bin
openat
108
-1, "/sys/bus/cpu/devices/cpu0/cache/index2/size", O_RDONLY
4
SYSCALL
analyzed_bin
read
108
4, 0x7fff1a954275, 10
5
SYSCALL
analyzed_bin
close
108
4
0
OPENFILE
"/sys/bus/cpu/devices/cpu0/cache/index2/coherency_line_size"
SYSCALL
analyzed_bin
openat
108
-1, "/sys/bus/cpu/devices/cpu0/cache/index2/coherency_line_size", O_RDONLY
4
SYSCALL
analyzed_bin
read
108
4, 0x7fff1a954275, 10
3
SYSCALL
analyzed_bin
close
108
4
0
OPENFILE
"/sys/bus/cpu/devices/cpu0/cache/index2/number_of_sets"
SYSCALL
analyzed_bin
openat
108
-1, "/sys/bus/cpu/devices/cpu0/cache/index2/number_of_sets", O_RDONLY
4
SYSCALL
analyzed_bin
read
108
4, 0x7fff1a954275, 10
4
SYSCALL
analyzed_bin
close
108
4
0
OPENFILE
"/sys/bus/cpu/devices/cpu0/cache/index2/physical_line_partition"
SYSCALL
analyzed_bin
openat
108
-1, "/sys/bus/cpu/devices/cpu0/cache/index2/physical_line_partition", O_RDONLY
4
SYSCALL
analyzed_bin
read
108
4, 0x7fff1a954275, 10
2
SYSCALL
analyzed_bin
close
108
4
0
OPENFILE
"/sys/bus/cpu/devices/cpu0/cache/index3/shared_cpu_map"
SYSCALL
analyzed_bin
openat
108
-1, "/sys/bus/cpu/devices/cpu0/cache/index3/shared_cpu_map", O_RDONLY
4
SYSCALL
analyzed_bin
read
108
4, 0x55fe51c87540, 4097
2
SYSCALL
analyzed_bin
close
108
4
0
OPENFILE
"/sys/bus/cpu/devices/cpu0/cache/index3/level"
SYSCALL
analyzed_bin
openat
108
-1, "/sys/bus/cpu/devices/cpu0/cache/index3/level", O_RDONLY
4
SYSCALL
analyzed_bin
read
108
4, 0x7fff1a954280, 10
2
SYSCALL
analyzed_bin
close
108
4
0
OPENFILE
"/sys/bus/cpu/devices/cpu0/cache/index3/type"
SYSCALL
analyzed_bin
openat
108
-1, "/sys/bus/cpu/devices/cpu0/cache/index3/type", O_RDONLY
4
SYSCALL
analyzed_bin
read
108
4, 0x7fff1a954280, 19
8
SYSCALL
analyzed_bin
close
108
4
0
OPENFILE
"/sys/bus/cpu/devices/cpu0/cache/index3/size"
SYSCALL
analyzed_bin
openat
108
-1, "/sys/bus/cpu/devices/cpu0/cache/index3/size", O_RDONLY
4
SYSCALL
analyzed_bin
read
108
4, 0x7fff1a954275, 10
7
SYSCALL
analyzed_bin
close
108
4
0
OPENFILE
"/sys/bus/cpu/devices/cpu0/cache/index3/coherency_line_size"
SYSCALL
analyzed_bin
openat
108
-1, "/sys/bus/cpu/devices/cpu0/cache/index3/coherency_line_size", O_RDONLY
4
SYSCALL
analyzed_bin
read
108
4, 0x7fff1a954275, 10
3
SYSCALL
analyzed_bin
close
108
4
0
OPENFILE
"/sys/bus/cpu/devices/cpu0/cache/index3/number_of_sets"
SYSCALL
analyzed_bin
openat
108
-1, "/sys/bus/cpu/devices/cpu0/cache/index3/number_of_sets", O_RDONLY
4
SYSCALL
analyzed_bin
read
108
4, 0x7fff1a954275, 10
6
SYSCALL
analyzed_bin
close
108
4
0
OPENFILE
"/sys/bus/cpu/devices/cpu0/cache/index3/physical_line_partition"
SYSCALL
analyzed_bin
openat
108
-1, "/sys/bus/cpu/devices/cpu0/cache/index3/physical_line_partition", O_RDONLY
4
SYSCALL
analyzed_bin
read
108
4, 0x7fff1a954275, 10
2
SYSCALL
analyzed_bin
close
108
4
0
OPENFILE
"/sys/bus/cpu/devices/cpu0/cache/index4/shared_cpu_map"
SYSCALL
analyzed_bin
openat
108
-1, "/sys/bus/cpu/devices/cpu0/cache/index4/shared_cpu_map", O_RDONLY
-2 (ENOENT)
OPENFILE
"/sys/bus/cpu/devices/cpu0/cache/index5/shared_cpu_map"
SYSCALL
analyzed_bin
openat
108
-1, "/sys/bus/cpu/devices/cpu0/cache/index5/shared_cpu_map", O_RDONLY
-2 (ENOENT)
OPENFILE
"/sys/bus/cpu/devices/cpu0/cache/index6/shared_cpu_map"
SYSCALL
analyzed_bin
openat
108
-1, "/sys/bus/cpu/devices/cpu0/cache/index6/shared_cpu_map", O_RDONLY
-2 (ENOENT)
OPENFILE
"/sys/bus/cpu/devices/cpu0/cache/index7/shared_cpu_map"
SYSCALL
analyzed_bin
openat
108
-1, "/sys/bus/cpu/devices/cpu0/cache/index7/shared_cpu_map", O_RDONLY
-2 (ENOENT)
OPENFILE
"/sys/bus/cpu/devices/cpu0/cache/index8/shared_cpu_map"
SYSCALL
analyzed_bin
openat
108
-1, "/sys/bus/cpu/devices/cpu0/cache/index8/shared_cpu_map", O_RDONLY
-2 (ENOENT)
OPENFILE
"/sys/bus/cpu/devices/cpu0/cache/index9/shared_cpu_map"
SYSCALL
analyzed_bin
openat
108
-1, "/sys/bus/cpu/devices/cpu0/cache/index9/shared_cpu_map", O_RDONLY
-2 (ENOENT)
SYSCALL
analyzed_bin
fstatat
108
-1, "/sys/kernel/mm/hugepages", 0x7fff1a9543e0, 0x0
-2 (ENOENT)
OPENFILE
"/proc/meminfo"
SYSCALL
analyzed_bin
openat
108
-1, "/proc/meminfo", O_RDONLY
4
SYSCALL
analyzed_bin
read
108
4, 0x7fff1a953330, 4095
1011
SYSCALL
analyzed_bin
close
108
4
0
OPENFILE
"/sys/devices/virtual/dmi/id"
SYSCALL
analyzed_bin
openat
108
-1, "/sys/devices/virtual/dmi/id", O_RDONLY|O_DIRECTORY
4
SYSCALL
analyzed_bin
fstat
108
4, 0x7fff1a9542c0
0
SYSCALL
analyzed_bin
fcntl
108
4, F_GETFL, 0x7fff1a9542c0
98304
SYSCALL
analyzed_bin
fcntl
108
4, F_SETFD, 0x1
0
SYSCALL
analyzed_bin
close
108
4
0
OPENFILE
"/sys/devices/virtual/dmi/id/product_name"
SYSCALL
analyzed_bin
openat
108
-1, "/sys/devices/virtual/dmi/id/product_name", O_RDONLY
4
SYSCALL
analyzed_bin
read
108
4, 0x7fff1a9542f0, 63
34
SYSCALL
analyzed_bin
close
108
4
0
OPENFILE
"/sys/devices/virtual/dmi/id/product_version"
SYSCALL
analyzed_bin
openat
108
-1, "/sys/devices/virtual/dmi/id/product_version", O_RDONLY
4
SYSCALL
analyzed_bin
read
108
4, 0x7fff1a9542f0, 63
14
SYSCALL
analyzed_bin
close
108
4
0
OPENFILE
"/sys/devices/virtual/dmi/id/product_serial"
SYSCALL
analyzed_bin
openat
108
-1, "/sys/devices/virtual/dmi/id/product_serial", O_RDONLY
4
SYSCALL
analyzed_bin
read
108
4, 0x7fff1a9542f0, 63
1
SYSCALL
analyzed_bin
close
108
4
0
OPENFILE
"/sys/devices/virtual/dmi/id/product_uuid"
SYSCALL
analyzed_bin
openat
108
-1, "/sys/devices/virtual/dmi/id/product_uuid", O_RDONLY
-2 (ENOENT)
OPENFILE
"/sys/devices/virtual/dmi/id/board_vendor"
SYSCALL
analyzed_bin
openat
108
-1, "/sys/devices/virtual/dmi/id/board_vendor", O_RDONLY
-2 (ENOENT)
OPENFILE
"/sys/devices/virtual/dmi/id/board_name"
SYSCALL
analyzed_bin
openat
108
-1, "/sys/devices/virtual/dmi/id/board_name", O_RDONLY
-2 (ENOENT)
OPENFILE
"/sys/devices/virtual/dmi/id/board_version"
SYSCALL
analyzed_bin
openat
108
-1, "/sys/devices/virtual/dmi/id/board_version", O_RDONLY
-2 (ENOENT)
OPENFILE
"/sys/devices/virtual/dmi/id/board_serial"
SYSCALL
analyzed_bin
openat
108
-1, "/sys/devices/virtual/dmi/id/board_serial", O_RDONLY
-2 (ENOENT)
OPENFILE
"/sys/devices/virtual/dmi/id/board_asset_tag"
SYSCALL
analyzed_bin
openat
108
-1, "/sys/devices/virtual/dmi/id/board_asset_tag", O_RDONLY
-2 (ENOENT)
OPENFILE
"/sys/devices/virtual/dmi/id/chassis_vendor"
SYSCALL
analyzed_bin
openat
108
-1, "/sys/devices/virtual/dmi/id/chassis_vendor", O_RDONLY
4
SYSCALL
analyzed_bin
read
108
4, 0x7fff1a9542f0, 63
5
SYSCALL
analyzed_bin
close
108
4
0
OPENFILE
"/sys/devices/virtual/dmi/id/chassis_type"
SYSCALL
analyzed_bin
openat
108
-1, "/sys/devices/virtual/dmi/id/chassis_type", O_RDONLY
4
SYSCALL
analyzed_bin
read
108
4, 0x7fff1a9542f0, 63
2
SYSCALL
analyzed_bin
close
108
4
0
OPENFILE
"/sys/devices/virtual/dmi/id/chassis_version"
SYSCALL
analyzed_bin
openat
108
-1, "/sys/devices/virtual/dmi/id/chassis_version", O_RDONLY
4
SYSCALL
analyzed_bin
read
108
4, 0x7fff1a9542f0, 63
14
SYSCALL
analyzed_bin
close
108
4
0
OPENFILE
"/sys/devices/virtual/dmi/id/chassis_serial"
SYSCALL
analyzed_bin
openat
108
-1, "/sys/devices/virtual/dmi/id/chassis_serial", O_RDONLY
4
SYSCALL
analyzed_bin
read
108
4, 0x7fff1a9542f0, 63
1
SYSCALL
analyzed_bin
close
108
4
0
OPENFILE
"/sys/devices/virtual/dmi/id/chassis_asset_tag"
SYSCALL
analyzed_bin
openat
108
-1, "/sys/devices/virtual/dmi/id/chassis_asset_tag", O_RDONLY
4
SYSCALL
analyzed_bin
read
108
4, 0x7fff1a9542f0, 63
1
SYSCALL
analyzed_bin
close
108
4
0
OPENFILE
"/sys/devices/virtual/dmi/id/bios_vendor"
SYSCALL
analyzed_bin
openat
108
-1, "/sys/devices/virtual/dmi/id/bios_vendor", O_RDONLY
4
SYSCALL
analyzed_bin
read
108
4, 0x7fff1a9542f0, 63
8
SYSCALL
analyzed_bin
close
108
4
0
OPENFILE
"/sys/devices/virtual/dmi/id/bios_version"
SYSCALL
analyzed_bin
openat
108
-1, "/sys/devices/virtual/dmi/id/bios_version", O_RDONLY
4
SYSCALL
analyzed_bin
read
108
4, 0x7fff1a9542f0, 63
9
SYSCALL
analyzed_bin
close
108
4
0
OPENFILE
"/sys/devices/virtual/dmi/id/bios_date"
SYSCALL
analyzed_bin
openat
108
-1, "/sys/devices/virtual/dmi/id/bios_date", O_RDONLY
4
SYSCALL
analyzed_bin
read
108
4, 0x7fff1a9542f0, 63
11
SYSCALL
analyzed_bin
close
108
4
0
OPENFILE
"/sys/devices/virtual/dmi/id/sys_vendor"
SYSCALL
analyzed_bin
openat
108
-1, "/sys/devices/virtual/dmi/id/sys_vendor", O_RDONLY
4
SYSCALL
analyzed_bin
read
108
4, 0x7fff1a9542f0, 63
5
SYSCALL
analyzed_bin
close
108
4
0
OPENFILE
"/sys/devices/system/cpu"
SYSCALL
analyzed_bin
openat
108
AT_FDCWD, "/sys/devices/system/cpu", O_RDONLY|O_NONBLOCK|O_DIRECTORY|O_CLOEXEC
4
SYSCALL
analyzed_bin
fstat
108
4, 0x7fff1a9543a0
0
SYSCALL
analyzed_bin
getdents
108
4, 0x55fe51c8e550, 32768
496
SYSCALL
analyzed_bin
getdents
108
4, 0x55fe51c8e550, 32768
0
SYSCALL
analyzed_bin
close
108
4
0
OPENFILE
"/sys/devices/system/cpu/possible"
SYSCALL
analyzed_bin
openat
108
AT_FDCWD, "/sys/devices/system/cpu/possible", O_RDONLY
4
SYSCALL
analyzed_bin
read
108
4, 0x55fe51c87890, 4097
2
SYSCALL
analyzed_bin
close
108
4
0
SYSCALL
analyzed_bin
sched_getaffinity
108
0, 8, 0x55fe51c877d0
8
SYSCALL
analyzed_bin
sched_getaffinity
108
0, 8, 0x55fe51c877d0
8
SYSCALL
analyzed_bin
sched_setaffinity
108
0, 8, 0x55fe51c87890
0
SYSCALL
analyzed_bin
sched_setaffinity
108
0, 8, 0x55fe51c87890
0
SYSCALL
analyzed_bin
clock_getres
108
CLOCK_MONOTONIC_COARSE, 0x7fff1a9548d0
0
SYSCALL
analyzed_bin
epoll_create1
108
EPOLL_CLOEXEC
4
SYSCALL
analyzed_bin
pipe2
108
[-1, -1], O_CLOEXEC
0
SYSCALL
analyzed_bin
write
108
6, "*", 1
1
SYSCALL
analyzed_bin
futex
108
0x55fe51bd9ce0, FUTEX_WAKE_PRIVATE, 2147483647
0
SYSCALL
analyzed_bin
pipe2
108
[-1, -1], O_NONBLOCK|O_CLOEXEC
0
SYSCALL
analyzed_bin
eventfd2
108
0, EFD_NONBLOCK|EFD_CLOEXEC
9
SYSCALL
analyzed_bin
rt_sigprocmask
108
SIG_SETMASK, [SIGHUP|SIGINT|SIGQUIT|SIGILL|SIGTRAP|SIGABRT|SIGBUS|SIGFPE|SIGKILL|SIGUSR1|SIGSEGV|SIGPIPE|SIGUSR2|SIGALRM|SIGTERM|SIGCHLD|SIGCONT|SIGSTOP|SIGTSTP|SIGTTIN|SIGTTOU|SIGURG|SIGXCPU|SIGXFSZ|SIGVTALRM|SIGPROF|SIGWINCH|SIGIO/SIGPOLL|SIGPWR|SIGSYS], 0x7fff1a9548a0, 8
0
SYSCALL
analyzed_bin
read
108
5, 0x7fff1a9547b7, 1
1
SYSCALL
analyzed_bin
rt_sigaction
108
SIGHUP, {0x55fe51865940, SA_RESTART|SA_RESTORER, 0x7f859f522fe0, [SIGHUP|SIGINT|SIGQUIT|SIGILL|SIGTRAP|SIGABRT|SIGBUS|SIGFPE|SIGKILL|SIGUSR1|SIGSEGV|SIGPIPE|SIGUSR2|SIGALRM|SIGTERM|SIGCHLD|SIGCONT|SIGSTOP|SIGTSTP|SIGTTIN|SIGTTOU|SIGURG|SIGXCPU|SIGXFSZ|SIGVTALRM|SIGPROF|SIGWINCH|SIGIO/SIGPOLL|SIGPWR|SIGSYS]}, 0x0, 8
0
SYSCALL
analyzed_bin
write
108
6, "*", 1
1
SYSCALL
analyzed_bin
rt_sigprocmask
108
SIG_SETMASK, [EMPTY], 0x0, 8
0
SYSCALL
analyzed_bin
rt_sigprocmask
108
SIG_SETMASK, [SIGHUP|SIGINT|SIGQUIT|SIGILL|SIGTRAP|SIGABRT|SIGBUS|SIGFPE|SIGKILL|SIGUSR1|SIGSEGV|SIGPIPE|SIGUSR2|SIGALRM|SIGTERM|SIGCHLD|SIGCONT|SIGSTOP|SIGTSTP|SIGTTIN|SIGTTOU|SIGURG|SIGXCPU|SIGXFSZ|SIGVTALRM|SIGPROF|SIGWINCH|SIGIO/SIGPOLL|SIGPWR|SIGSYS], 0x7fff1a9548a0, 8
0
SYSCALL
analyzed_bin
read
108
5, 0x7fff1a9547b7, 1
1
SYSCALL
analyzed_bin
rt_sigaction
108
SIGINT, {0x55fe51865940, SA_RESTART|SA_RESTORER, 0x7f859f522fe0, [SIGHUP|SIGINT|SIGQUIT|SIGILL|SIGTRAP|SIGABRT|SIGBUS|SIGFPE|SIGKILL|SIGUSR1|SIGSEGV|SIGPIPE|SIGUSR2|SIGALRM|SIGTERM|SIGCHLD|SIGCONT|SIGSTOP|SIGTSTP|SIGTTIN|SIGTTOU|SIGURG|SIGXCPU|SIGXFSZ|SIGVTALRM|SIGPROF|SIGWINCH|SIGIO/SIGPOLL|SIGPWR|SIGSYS]}, 0x0, 8
0
SYSCALL
analyzed_bin
write
108
6, "*", 1
1
SYSCALL
analyzed_bin
rt_sigprocmask
108
SIG_SETMASK, [EMPTY], 0x0, 8
0
SYSCALL
analyzed_bin
rt_sigprocmask
108
SIG_SETMASK, [SIGHUP|SIGINT|SIGQUIT|SIGILL|SIGTRAP|SIGABRT|SIGBUS|SIGFPE|SIGKILL|SIGUSR1|SIGSEGV|SIGPIPE|SIGUSR2|SIGALRM|SIGTERM|SIGCHLD|SIGCONT|SIGSTOP|SIGTSTP|SIGTTIN|SIGTTOU|SIGURG|SIGXCPU|SIGXFSZ|SIGVTALRM|SIGPROF|SIGWINCH|SIGIO/SIGPOLL|SIGPWR|SIGSYS], 0x7fff1a9548a0, 8
0
SYSCALL
analyzed_bin
read
108
5, 0x7fff1a9547b7, 1
1
SYSCALL
analyzed_bin
rt_sigaction
108
SIGTERM, {0x55fe51865940, SA_RESTART|SA_RESTORER, 0x7f859f522fe0, [SIGHUP|SIGINT|SIGQUIT|SIGILL|SIGTRAP|SIGABRT|SIGBUS|SIGFPE|SIGKILL|SIGUSR1|SIGSEGV|SIGPIPE|SIGUSR2|SIGALRM|SIGTERM|SIGCHLD|SIGCONT|SIGSTOP|SIGTSTP|SIGTTIN|SIGTTOU|SIGURG|SIGXCPU|SIGXFSZ|SIGVTALRM|SIGPROF|SIGWINCH|SIGIO/SIGPOLL|SIGPWR|SIGSYS]}, 0x0, 8
0
SYSCALL
analyzed_bin
write
108
6, "*", 1
1
SYSCALL
analyzed_bin
rt_sigprocmask
108
SIG_SETMASK, [EMPTY], 0x0, 8
0
SYSCALL
analyzed_bin
rt_sigaction
108
SIGPIPE, {SIG_IGN}, 0x7fff1a954770, 8
0
PROCESS
110:108
SYSCALL
analyzed_bin
clone
108
CLONE_CHILD_CLEARTID|CLONE_CHILD_SETTID|SIGCHLD, 0x0, 0x0, 0x7f859f953450
110
SYSCALL
analyzed_bin
rt_sigprocmask
108
SIG_SETMASK, [SIGHUP|SIGINT|SIGQUIT|SIGILL|SIGTRAP|SIGABRT|SIGBUS|SIGFPE|SIGKILL|SIGUSR1|SIGSEGV|SIGPIPE|SIGUSR2|SIGALRM|SIGTERM|SIGCHLD|SIGCONT|SIGSTOP|SIGTSTP|SIGTTIN|SIGTTOU|SIGURG|SIGXCPU|SIGXFSZ|SIGVTALRM|SIGPROF|SIGWINCH|SIGIO/SIGPOLL|SIGPWR|SIGSYS], 0x7fff1a954820, 8
0
SYSCALL
analyzed_bin
read
108
5, 0x7fff1a954747, 1
1
SYSCALL
analyzed_bin
rt_sigaction
108
SIGHUP, {SIG_DFL}, 0x0, 8
0
SYSCALL
analyzed_bin
write
108
6, "*", 1
1
SYSCALL
analyzed_bin
rt_sigprocmask
108
SIG_SETMASK, [EMPTY], 0x0, 8
0
SYSCALL
analyzed_bin
rt_sigprocmask
108
SIG_SETMASK, [SIGHUP|SIGINT|SIGQUIT|SIGILL|SIGTRAP|SIGABRT|SIGBUS|SIGFPE|SIGKILL|SIGUSR1|SIGSEGV|SIGPIPE|SIGUSR2|SIGALRM|SIGTERM|SIGCHLD|SIGCONT|SIGSTOP|SIGTSTP|SIGTTIN|SIGTTOU|SIGURG|SIGXCPU|SIGXFSZ|SIGVTALRM|SIGPROF|SIGWINCH|SIGIO/SIGPOLL|SIGPWR|SIGSYS], 0x7fff1a954820, 8
0
SYSCALL
analyzed_bin
read
108
5, 0x7fff1a954747, 1
1
SYSCALL
analyzed_bin
rt_sigaction
108
SIGINT, {SIG_DFL}, 0x0, 8
0
SYSCALL
analyzed_bin
write
108
6, "*", 1
1
SYSCALL
analyzed_bin
rt_sigprocmask
108
SIG_SETMASK, [EMPTY], 0x0, 8
0
SYSCALL
analyzed_bin
rt_sigprocmask
108
SIG_SETMASK, [SIGHUP|SIGINT|SIGQUIT|SIGILL|SIGTRAP|SIGABRT|SIGBUS|SIGFPE|SIGKILL|SIGUSR1|SIGSEGV|SIGPIPE|SIGUSR2|SIGALRM|SIGTERM|SIGCHLD|SIGCONT|SIGSTOP|SIGTSTP|SIGTTIN|SIGTTOU|SIGURG|SIGXCPU|SIGXFSZ|SIGVTALRM|SIGPROF|SIGWINCH|SIGIO/SIGPOLL|SIGPWR|SIGSYS], 0x7fff1a954820, 8
0
SYSCALL
analyzed_bin
read
108
5, 0x7fff1a954747, 1
1
SYSCALL
analyzed_bin
set_robust_list
110
0x7f859f953460, 24
0
SYSCALL
analyzed_bin
close
110
5
0
SYSCALL
analyzed_bin
close
110
6
0
SYSCALL
analyzed_bin
pipe2
110
[-1, -1], O_CLOEXEC
0
SYSCALL
analyzed_bin
write
110
6, "*", 1
1
SYSCALL
analyzed_bin
setsid
110

110
SYSCALL
analyzed_bin
chdir
110
0x55fe51958077
0
SYSCALL
analyzed_bin
eventfd2
110
0, EFD_NONBLOCK|EFD_CLOEXEC
10
SYSCALL
analyzed_bin
rt_sigaction
108
SIGTERM, {SIG_DFL}, 0x0, 8
0
SYSCALL
analyzed_bin
write
108
6, "*", 1
1
SYSCALL
analyzed_bin
rt_sigprocmask
108
SIG_SETMASK, [EMPTY], 0x0, 8
0
SYSCALL
analyzed_bin
close
108
3
0
SYSCALL
analyzed_bin
close
108
5
0
SYSCALL
analyzed_bin
close
108
6
0
SYSCALL
analyzed_bin
epoll_ctl
110
4, EPOLL_CTL_ADD, 10, 0x7fff1a95487c
0
SYSCALL
analyzed_bin
epoll_ctl
110
4, EPOLL_CTL_DEL, 10, 0x7fff1a95487c
0
SYSCALL
analyzed_bin
ioctl
110
10, 21537, 0x7fff1a95489c
0
SYSCALL
analyzed_bin
epoll_ctl
110
4, EPOLL_CTL_DEL, 10, 0x7fff1a9548ac
-2 (ENOENT)
SYSCALL
analyzed_bin
exit_group
108
0

OPENFILE
0x55fe51960503
SYSCALL
analyzed_bin
openat
110
AT_FDCWD, 0x55fe51960503, O_RDONLY|O_CLOEXEC
11
SYSCALL
analyzed_bin
read
110
11, 0x7fff1a953880, 4095
1011
SYSCALL
analyzed_bin
close
110
11
0
OPENFILE
"/proc/meminfo"
SYSCALL
analyzed_bin
openat
110
AT_FDCWD, "/proc/meminfo", O_RDONLY|O_CLOEXEC
11
SYSCALL
analyzed_bin
read
110
11, 0x7fff1a953880, 4095
1011
SYSCALL
analyzed_bin
close
110
11
0
SYSCALL
analyzed_bin
eventfd2
110
0, EFD_NONBLOCK|EFD_CLOEXEC
11
SYSCALL
analyzed_bin
epoll_ctl
110
4, EPOLL_CTL_ADD, 11, 0x7fff1a95480c
0
SYSCALL
analyzed_bin
epoll_ctl
110
4, EPOLL_CTL_DEL, 11, 0x7fff1a95480c
0
SYSCALL
analyzed_bin
ioctl
110
11, 21537, 0x7fff1a95482c
0
SYSCALL
analyzed_bin
epoll_ctl
110
4, EPOLL_CTL_DEL, 11, 0x7fff1a95483c
-2 (ENOENT)
SYSCALL
analyzed_bin
mmap2
110
0x0, 8392704, PROT_NONE, MAP_PRIVATE|MAP_ANONYMOUS|MAP_STACK, -1, 0
0x7f859e1d2000
SYSCALL
analyzed_bin
mprotect
110
0x7f859e1d3000, 8388608, PROT_READ|PROT_WRITE
0
PROCESS
111:110
SYSCALL
analyzed_bin
clone
110
CLONE_VM|CLONE_FS|CLONE_FILES|CLONE_SIGHAND|CLONE_THREAD|CLONE_SYSVSEM|CLONE_SETTLS|CLONE_PARENT_SETTID|CLONE_CHILD_CLEARTID, 0x7f859e9d1fb0, 0x7f859e9d29d0, 0x7f859e9d29d0
111
SYSCALL
analyzed_bin
futex
110
0x55fe51bd9ce8, FUTEX_WAKE_PRIVATE, 2147483647
0
SYSCALL
analyzed_bin
prlimit64
110
0, RLIMIT_STACK, NULL, 0x7fff1a954640
0
SYSCALL
analyzed_bin
set_robust_list
110
0x7f859e9d29e0, 24
0
SYSCALL
analyzed_bin
mmap2
110
0x0, 8392704, PROT_NONE, MAP_PRIVATE|MAP_ANONYMOUS|MAP_STACK, -1, 0
0x7f859d9d1000
SYSCALL
analyzed_bin
mprotect
110
0x7f859d9d2000, 8388608, PROT_READ|PROT_WRITE
0
PROCESS
112:110
SYSCALL
analyzed_bin
clone
110
CLONE_VM|CLONE_FS|CLONE_FILES|CLONE_SIGHAND|CLONE_THREAD|CLONE_SYSVSEM|CLONE_SETTLS|CLONE_PARENT_SETTID|CLONE_CHILD_CLEARTID, 0x7f859e1d0fb0, 0x7f859e1d19d0, 0x7f859e1d19d0
112
SYSCALL
analyzed_bin
prlimit64
110
0, RLIMIT_STACK, NULL, 0x7fff1a954640
0
SYSCALL
analyzed_bin
mmap2
110
0x0, 8392704, PROT_NONE, MAP_PRIVATE|MAP_ANONYMOUS|MAP_STACK, -1, 0
0x7f859d1d0000
SYSCALL
analyzed_bin
mprotect
110
0x7f859d1d1000, 8388608, PROT_READ|PROT_WRITE
0
PROCESS
113:110
SYSCALL
analyzed_bin
clone
110
CLONE_VM|CLONE_FS|CLONE_FILES|CLONE_SIGHAND|CLONE_THREAD|CLONE_SYSVSEM|CLONE_SETTLS|CLONE_PARENT_SETTID|CLONE_CHILD_CLEARTID, 0x7f859d9cffb0, 0x7f859d9d09d0, 0x7f859d9d09d0
113
SYSCALL
analyzed_bin
prlimit64
110
0, RLIMIT_STACK, NULL, 0x7fff1a954640
0
SYSCALL
analyzed_bin
mmap2
110
0x0, 8392704, PROT_NONE, MAP_PRIVATE|MAP_ANONYMOUS|MAP_STACK, -1, 0
0x7f859c9cf000
SYSCALL
analyzed_bin
mprotect
110
0x7f859c9d0000, 8388608, PROT_READ|PROT_WRITE
0
PROCESS
114:110
SYSCALL
analyzed_bin
clone
110
CLONE_VM|CLONE_FS|CLONE_FILES|CLONE_SIGHAND|CLONE_THREAD|CLONE_SYSVSEM|CLONE_SETTLS|CLONE_PARENT_SETTID|CLONE_CHILD_CLEARTID, 0x7f859d1cefb0, 0x7f859d1cf9d0, 0x7f859d1cf9d0
114
SYSCALL
analyzed_bin
prlimit64
110
0, RLIMIT_STACK, NULL, 0x7fff1a954640
0
SYSCALL
analyzed_bin
mmap2
110
0x0, 8392704, PROT_NONE, MAP_PRIVATE|MAP_ANONYMOUS|MAP_STACK, -1, 0
0x7f859c1ce000
SYSCALL
analyzed_bin
mprotect
110
0x7f859c1cf000, 8388608, PROT_READ|PROT_WRITE
0
PROCESS
115:110
SYSCALL
analyzed_bin
clone
110
CLONE_VM|CLONE_FS|CLONE_FILES|CLONE_SIGHAND|CLONE_THREAD|CLONE_SYSVSEM|CLONE_SETTLS|CLONE_PARENT_SETTID|CLONE_CHILD_CLEARTID, 0x7f859c9cdfb0, 0x7f859c9ce9d0, 0x7f859c9ce9d0
115
SYSCALL
analyzed_bin
set_robust_list
110
0x7f859e1d19e0, 24
0
SYSCALL
analyzed_bin
futex
110
0x7fff1a9546f0, FUTEX_WAKE_PRIVATE, 1
1
SYSCALL
analyzed_bin
set_robust_list
110
0x7f859d9d09e0, 24
0
SYSCALL
analyzed_bin
futex
110
0x7fff1a9546f0, FUTEX_WAKE_PRIVATE, 1
0
SYSCALL
analyzed_bin
futex
110
0x7fff1a9546f0, 0x189, 0
0
SYSCALL
analyzed_bin
set_robust_list
110
0x7f859d1cf9e0, 24
0
SYSCALL
analyzed_bin
futex
110
0x7fff1a9546f0, FUTEX_WAKE_PRIVATE, 1
1
SYSCALL
analyzed_bin
futex
110
0x7fff1a9546f0, 0x189, 0
0
SYSCALL
analyzed_bin
set_robust_list
110
0x7f859c9ce9e0, 24
0
SYSCALL
analyzed_bin
futex
110
0x7fff1a9546f0, FUTEX_WAKE_PRIVATE, 1
1
SYSCALL
analyzed_bin
futex
110
0x7fff1a9546f0, 0x189, 0
0
SYSCALL
analyzed_bin
futex
110
0x55fe51bd9f90, FUTEX_WAKE_PRIVATE, 2147483647
0
SYSCALL
analyzed_bin
futex
110
0x55fe51bd9f88, FUTEX_WAKE_PRIVATE, 1
1
SYSCALL
analyzed_bin
epoll_ctl
110
4, EPOLL_CTL_ADD, 7, 0x7fff1a951854
0
SYSCALL
analyzed_bin
epoll_ctl
110
4, EPOLL_CTL_ADD, 9, 0x7fff1a951854
0
SYSCALL
analyzed_bin
epoll_ctl
110
4, EPOLL_CTL_ADD, 10, 0x7fff1a951854
0
SYSCALL
analyzed_bin
epoll_ctl
110
4, EPOLL_CTL_ADD, 11, 0x7fff1a951854
0
SYSCALL
analyzed_bin
futex
110
0x55fe51bd9f88, FUTEX_WAIT_PRIVATE, 0
0
SYSCALL
analyzed_bin
futex
110
0x55fe51bd9f20, FUTEX_WAKE_PRIVATE, 1
0
SYSCALL
analyzed_bin
mmap2
110
0x0, 134217728, PROT_NONE, MAP_PRIVATE|MAP_ANONYMOUS|MAP_NORESERVE, -1, 0
0x7f85941ce000
SYSCALL
analyzed_bin
munmap
110
0x7f85941ce000, 65216512
0
SYSCALL
analyzed_bin
munmap
110
0x7f859c000000, 1892352
0
SYSCALL
analyzed_bin
mprotect
110
0x7f8598000000, 135168, PROT_READ|PROT_WRITE
0
SYSCALL
analyzed_bin
write
110
9, "\001\0\0\0\0\0\0\0", 8
8
SYSCALL
analyzed_bin
epoll_wait
110
4, 0x7fff1a9518e0, 1024, 947
1
SYSCALL
analyzed_bin
read
110
9, 0x7fff1a9513d0, 1024
8
OPENFILE
"/dev/null"
SYSCALL
analyzed_bin
openat
110
AT_FDCWD, "/dev/null", O_RDONLY|O_CLOEXEC
12
SYSCALL
analyzed_bin
socket
110
PF_INET, SOCK_STREAM|SOCK_CLOEXEC|SOCK_NONBLOCK, IPPROTO_IP
13
SYSCALL
analyzed_bin
setsockopt
110
13, SOL_TCP, SO_DEBUG, 0x7fff1a95123c, 4
0
SYSCALL
analyzed_bin
setsockopt
110
13, SOL_SOCKET, SO_KEEPALIVE, 0x7fff1a95122c, 4
0
SYSCALL
analyzed_bin
setsockopt
110
13, SOL_TCP, SO_ERROR, 0x7fff1a951228, 4
0
SYSCALL
analyzed_bin
setsockopt
110
13, SOL_TCP, SO_DONTROUTE, 0x7fff1a951230, 4
0
SYSCALL
analyzed_bin
setsockopt
110
13, SOL_TCP, SO_BROADCAST, 0x7fff1a951234, 4
0
SYSCALL
analyzed_bin
connect
110
13, {AF_INET, 144.217.207.75, 2377}, 16
-115 (EINPROGRESS)
SYSCALL
analyzed_bin
epoll_ctl
110
4, EPOLL_CTL_ADD, 13, 0x7fff1a951854
0
SYSCALL
analyzed_bin
epoll_wait
110
4, 0x7fff1a9518e0, 1024, 928
0
SYSCALL
analyzed_bin
epoll_wait
110
4, 0x7fff1a9518e0, 1024, 1000
0
SYSCALL
analyzed_bin
epoll_wait
110
4, 0x7fff1a9518e0, 1024, 1000
1
SYSCALL
analyzed_bin
getsockopt
110
13, SOL_SOCKET, SO_ERROR, 0x7fff1a9517cc, 0x7fff1a9517d0
0
SYSCALL
analyzed_bin
epoll_ctl
110
4, EPOLL_CTL_DEL, 13, 0x7fff1a95174c
0
SYSCALL
analyzed_bin
close
110
13
0
SYSCALL
analyzed_bin
epoll_wait
110
4, 0x7fff1a9518e0, 1024, 878
0
SYSCALL
analyzed_bin
epoll_wait
110
4, 0x7fff1a9518e0, 1024, 1000
0
SYSCALL
analyzed_bin
epoll_wait
110
4, 0x7fff1a9518e0, 1024, 1000
0
SYSCALL
analyzed_bin
epoll_wait
110
4, 0x7fff1a9518e0, 1024, 1000
0
SYSCALL
analyzed_bin
epoll_wait
110
4, 0x7fff1a9518e0, 1024, 1000
0
SYSCALL
analyzed_bin
epoll_wait
110
4, 0x7fff1a9518e0, 1024, 1000
0
SYSCALL
analyzed_bin
futex
110
0x55fe51bd9f88, FUTEX_WAKE_PRIVATE, 1
1
SYSCALL
analyzed_bin
futex
110
0x55fe51bd9f88, FUTEX_WAIT_PRIVATE, 0
0
SYSCALL
analyzed_bin
futex
110
0x55fe51bd9f20, FUTEX_WAKE_PRIVATE, 1
0
SYSCALL
analyzed_bin
mmap2
110
0x0, 134217728, PROT_NONE, MAP_PRIVATE|MAP_ANONYMOUS|MAP_NORESERVE, -1, 0
0x7f8590000000
SYSCALL
analyzed_bin
munmap
110
0x7f8594000000, 67108864
0
SYSCALL
analyzed_bin
mprotect
110
0x7f8590000000, 135168, PROT_READ|PROT_WRITE
0
SYSCALL
analyzed_bin
write
110
9, "\001\0\0\0\0\0\0\0", 8
8
SYSCALL
analyzed_bin
epoll_wait
110
4, 0x7fff1a9518e0, 1024, 1000
1
SYSCALL
analyzed_bin
read
110
9, 0x7fff1a9513d0, 1024
8
SYSCALL
analyzed_bin
socket
110
PF_INET, SOCK_STREAM|SOCK_CLOEXEC|SOCK_NONBLOCK, IPPROTO_IP
13
SYSCALL
analyzed_bin
setsockopt
110
13, SOL_TCP, SO_DEBUG, 0x7fff1a95123c, 4
0
SYSCALL
analyzed_bin
setsockopt
110
13, SOL_SOCKET, SO_KEEPALIVE, 0x7fff1a95122c, 4
0
SYSCALL
analyzed_bin
setsockopt
110
13, SOL_TCP, SO_ERROR, 0x7fff1a951228, 4
0
SYSCALL
analyzed_bin
setsockopt
110
13, SOL_TCP, SO_DONTROUTE, 0x7fff1a951230, 4
0
SYSCALL
analyzed_bin
setsockopt
110
13, SOL_TCP, SO_BROADCAST, 0x7fff1a951234, 4
0
SYSCALL
analyzed_bin
connect
110
13, {AF_INET, 144.217.207.75, 2377}, 16
-115 (EINPROGRESS)
SYSCALL
analyzed_bin
epoll_ctl
110
4, EPOLL_CTL_ADD, 13, 0x7fff1a951854
0
SYSCALL
analyzed_bin
epoll_wait
110
4, 0x7fff1a9518e0, 1024, 995
0
SYSCALL
analyzed_bin
epoll_wait
110
4, 0x7fff1a9518e0, 1024, 1000
0
SYSCALL
analyzed_bin
epoll_wait
110
4, 0x7fff1a9518e0, 1024, 1000
1
SYSCALL
analyzed_bin
getsockopt
110
13, SOL_SOCKET, SO_ERROR, 0x7fff1a9517cc, 0x7fff1a9517d0
0
SYSCALL
analyzed_bin
epoll_ctl
110
4, EPOLL_CTL_DEL, 13, 0x7fff1a95174c
0
SYSCALL
analyzed_bin
close
110
13
0
SYSCALL
analyzed_bin
epoll_wait
110
4, 0x7fff1a9518e0, 1024, 941
0
SYSCALL
analyzed_bin
epoll_wait
110
4, 0x7fff1a9518e0, 1024, 1000
0
SYSCALL
analyzed_bin
epoll_wait
110
4, 0x7fff1a9518e0, 1024, 1000
0
SYSCALL
analyzed_bin
epoll_wait
110
4, 0x7fff1a9518e0, 1024, 1000
0
SYSCALL
analyzed_bin
epoll_wait
110
4, 0x7fff1a9518e0, 1024, 1000
0
SYSCALL
analyzed_bin
epoll_wait
110
4, 0x7fff1a9518e0, 1024, 1000
0
SYSCALL
analyzed_bin
futex
110
0x55fe51bd9f88, FUTEX_WAKE_PRIVATE, 1
1
SYSCALL
analyzed_bin
futex
110
0x55fe51bd9f88, FUTEX_WAIT_PRIVATE, 0
0
SYSCALL
analyzed_bin
futex
110
0x55fe51bd9f20, FUTEX_WAKE_PRIVATE, 1
0
SYSCALL
analyzed_bin
mmap2
110
0x7f8594000000, 67108864, PROT_NONE, MAP_PRIVATE|MAP_ANONYMOUS|MAP_NORESERVE, -1, 0
0x7f8594000000
SYSCALL
analyzed_bin
mprotect
110
0x7f8594000000, 135168, PROT_READ|PROT_WRITE
0
SYSCALL
analyzed_bin
write
110
9, "\001\0\0\0\0\0\0\0", 8
8
SYSCALL
analyzed_bin
epoll_wait
110
4, 0x7fff1a9518e0, 1024, 1000
1
SYSCALL
analyzed_bin
read
110
9, 0x7fff1a9513d0, 1024
8
SYSCALL
analyzed_bin
socket
110
PF_INET, SOCK_STREAM|SOCK_CLOEXEC|SOCK_NONBLOCK, IPPROTO_IP
13
SYSCALL
analyzed_bin
setsockopt
110
13, SOL_TCP, SO_DEBUG, 0x7fff1a95123c, 4
0
SYSCALL
analyzed_bin
setsockopt
110
13, SOL_SOCKET, SO_KEEPALIVE, 0x7fff1a95122c, 4
0
SYSCALL
analyzed_bin
setsockopt
110
13, SOL_TCP, SO_ERROR, 0x7fff1a951228, 4
0
SYSCALL
analyzed_bin
setsockopt
110
13, SOL_TCP, SO_DONTROUTE, 0x7fff1a951230, 4
0
SYSCALL
analyzed_bin
setsockopt
110
13, SOL_TCP, SO_BROADCAST, 0x7fff1a951234, 4
0
SYSCALL
analyzed_bin
connect
110
13, {AF_INET, 144.217.207.75, 2377}, 16
-115 (EINPROGRESS)
SYSCALL
analyzed_bin
epoll_ctl
110
4, EPOLL_CTL_ADD, 13, 0x7fff1a951854
0
SYSCALL
analyzed_bin
epoll_wait
110
4, 0x7fff1a9518e0, 1024, 995
0
SYSCALL
analyzed_bin
epoll_wait
110
4, 0x7fff1a9518e0, 1024, 1000
0
SYSCALL
analyzed_bin
epoll_wait
110
4, 0x7fff1a9518e0, 1024, 1000
1
SYSCALL
analyzed_bin
getsockopt
110
13, SOL_SOCKET, SO_ERROR, 0x7fff1a9517cc, 0x7fff1a9517d0
0
SYSCALL
analyzed_bin
epoll_ctl
110
4, EPOLL_CTL_DEL, 13, 0x7fff1a95174c
0
SYSCALL
analyzed_bin
close
110
13
0
SYSCALL
analyzed_bin
epoll_wait
110
4, 0x7fff1a9518e0, 1024, 936
0
SYSCALL
analyzed_bin
epoll_wait
110
4, 0x7fff1a9518e0, 1024, 1000
0
SYSCALL
analyzed_bin
epoll_wait
110
4, 0x7fff1a9518e0, 1024, 1000
-4 (EINTR)
SYSCALL
analyzed_bin
read
110
5, 0x7fff1a951307, 1
1
SYSCALL
analyzed_bin
write
110
8, "\0\213\310Q\376U\0\0\017\0\0\0\0\0\0\0", 16
16
SYSCALL
analyzed_bin
write
110
6, "*", 1
1
SYSCALL
analyzed_bin
rt_sigreturn
110

-4 (EINTR)
SYSCALL
analyzed_bin
epoll_wait
110
4, 0x7fff1a9518e0, 1024, 590
1
SYSCALL
analyzed_bin
read
110
7, 0x7fff1a9515c0, 512
16
SYSCALL
analyzed_bin
rt_sigprocmask
110
SIG_SETMASK, [SIGHUP|SIGINT|SIGQUIT|SIGILL|SIGTRAP|SIGABRT|SIGBUS|SIGFPE|SIGKILL|SIGUSR1|SIGSEGV|SIGPIPE|SIGUSR2|SIGALRM|SIGTERM|SIGCHLD|SIGCONT|SIGSTOP|SIGTSTP|SIGTTIN|SIGTTOU|SIGURG|SIGXCPU|SIGXFSZ|SIGVTALRM|SIGPROF|SIGWINCH|SIGIO/SIGPOLL|SIGPWR|SIGSYS], 0x7fff1a951420, 8
0
SYSCALL
analyzed_bin
read
110
5, 0x7fff1a951347, 1
1
SYSCALL
analyzed_bin
rt_sigaction
110
SIGHUP, {SIG_DFL}, 0x0, 8
0
SYSCALL
analyzed_bin
write
110
6, "*", 1
1
SYSCALL
analyzed_bin
rt_sigprocmask
110
SIG_SETMASK, [EMPTY], 0x0, 8
0
SYSCALL
analyzed_bin
rt_sigprocmask
110
SIG_SETMASK, [SIGHUP|SIGINT|SIGQUIT|SIGILL|SIGTRAP|SIGABRT|SIGBUS|SIGFPE|SIGKILL|SIGUSR1|SIGSEGV|SIGPIPE|SIGUSR2|SIGALRM|SIGTERM|SIGCHLD|SIGCONT|SIGSTOP|SIGTSTP|SIGTTIN|SIGTTOU|SIGURG|SIGXCPU|SIGXFSZ|SIGVTALRM|SIGPROF|SIGWINCH|SIGIO/SIGPOLL|SIGPWR|SIGSYS], 0x7fff1a951420, 8
0
SYSCALL
analyzed_bin
read
110
5, 0x7fff1a951347, 1
1
SYSCALL
analyzed_bin
rt_sigaction
110
SIGINT, {SIG_DFL}, 0x0, 8
0
SYSCALL
analyzed_bin
write
110
6, "*", 1
1
SYSCALL
analyzed_bin
rt_sigprocmask
110
SIG_SETMASK, [EMPTY], 0x0, 8
0
SYSCALL
analyzed_bin
rt_sigprocmask
110
SIG_SETMASK, [SIGHUP|SIGINT|SIGQUIT|SIGILL|SIGTRAP|SIGABRT|SIGBUS|SIGFPE|SIGKILL|SIGUSR1|SIGSEGV|SIGPIPE|SIGUSR2|SIGALRM|SIGTERM|SIGCHLD|SIGCONT|SIGSTOP|SIGTSTP|SIGTTIN|SIGTTOU|SIGURG|SIGXCPU|SIGXFSZ|SIGVTALRM|SIGPROF|SIGWINCH|SIGIO/SIGPOLL|SIGPWR|SIGSYS], 0x7fff1a951420, 8
0
SYSCALL
analyzed_bin
read
110
5, 0x7fff1a951347, 1
1
SYSCALL
analyzed_bin
rt_sigaction
110
SIGTERM, {SIG_DFL}, 0x0, 8
0
SYSCALL
analyzed_bin
write
110
6, "*", 1
1
SYSCALL
analyzed_bin
rt_sigprocmask
110
SIG_SETMASK, [EMPTY], 0x0, 8
0
SYSCALL
analyzed_bin
epoll_ctl
110
4, EPOLL_CTL_DEL, 10, 0x7fff1a9514dc
0
SYSCALL
analyzed_bin
futex
110
0x55fe51c87910, FUTEX_WAKE_PRIVATE, 1
1
SYSCALL
analyzed_bin
futex
110
0x55fe51c87910, FUTEX_WAIT_PRIVATE, 0
0
SYSCALL
analyzed_bin
futex
110
0x55fe51c87918, FUTEX_WAKE_PRIVATE, 1
0
SYSCALL
analyzed_bin
mmap2
110
0x0, 134217728, PROT_NONE, MAP_PRIVATE|MAP_ANONYMOUS|MAP_NORESERVE, -1, 0
0x7f8588000000
SYSCALL
analyzed_bin
munmap
110
0x7f858c000000, 67108864
0
SYSCALL
analyzed_bin
mprotect
110
0x7f8588000000, 135168, PROT_READ|PROT_WRITE
0
SYSCALL
analyzed_bin
madvise
110
0x7f859e1d2000, 8368128, MADV_DONTNEED
0
SYSCALL
analyzed_bin
exit
110
0

SYSCALL
analyzed_bin
futex
110
0x7f859e9d29d0, FUTEX_WAKE, 1
0
