LISA
PROCESS
108:105
SYSCALL
analyzed_bin
execve
108

0
SYSCALL
analyzed_bin
brk
108
0x0
94728520802304
SYSCALL
analyzed_bin
access
108
"/etc/ld.so.preload", R_OK
-2 (ENOENT)
OPENFILE
"/etc/ld.so.cache"
SYSCALL
analyzed_bin
openat
108
AT_FDCWD, "/etc/ld.so.cache", O_RDONLY|O_CLOEXEC
-2 (ENOENT)
OPENFILE
"/lib64/tls/x86_64/x86_64/libpthread.so.0"
SYSCALL
analyzed_bin
openat
108
AT_FDCWD, "/lib64/tls/x86_64/x86_64/libpthread.so.0", O_RDONLY|O_CLOEXEC
-2 (ENOENT)
SYSCALL
analyzed_bin
stat
108
"/lib64/tls/x86_64/x86_64", 0x7ffcbe6421e0
-2 (ENOENT)
OPENFILE
"/lib64/tls/x86_64/libpthread.so.0"
SYSCALL
analyzed_bin
openat
108
AT_FDCWD, "/lib64/tls/x86_64/libpthread.so.0", O_RDONLY|O_CLOEXEC
-2 (ENOENT)
SYSCALL
analyzed_bin
stat
108
"/lib64/tls/x86_64", 0x7ffcbe6421e0
-2 (ENOENT)
OPENFILE
"/lib64/tls/x86_64/libpthread.so.0"
SYSCALL
analyzed_bin
openat
108
AT_FDCWD, "/lib64/tls/x86_64/libpthread.so.0", O_RDONLY|O_CLOEXEC
-2 (ENOENT)
SYSCALL
analyzed_bin
stat
108
"/lib64/tls/x86_64", 0x7ffcbe6421e0
-2 (ENOENT)
OPENFILE
"/lib64/tls/libpthread.so.0"
SYSCALL
analyzed_bin
openat
108
AT_FDCWD, "/lib64/tls/libpthread.so.0", O_RDONLY|O_CLOEXEC
-2 (ENOENT)
SYSCALL
analyzed_bin
stat
108
"/lib64/tls", 0x7ffcbe6421e0
-2 (ENOENT)
OPENFILE
"/lib64/x86_64/x86_64/libpthread.so.0"
SYSCALL
analyzed_bin
openat
108
AT_FDCWD, "/lib64/x86_64/x86_64/libpthread.so.0", O_RDONLY|O_CLOEXEC
-2 (ENOENT)
SYSCALL
analyzed_bin
stat
108
"/lib64/x86_64/x86_64", 0x7ffcbe6421e0
-2 (ENOENT)
OPENFILE
"/lib64/x86_64/libpthread.so.0"
SYSCALL
analyzed_bin
openat
108
AT_FDCWD, "/lib64/x86_64/libpthread.so.0", O_RDONLY|O_CLOEXEC
-2 (ENOENT)
SYSCALL
analyzed_bin
stat
108
"/lib64/x86_64", 0x7ffcbe6421e0
-2 (ENOENT)
OPENFILE
"/lib64/x86_64/libpthread.so.0"
SYSCALL
analyzed_bin
openat
108
AT_FDCWD, "/lib64/x86_64/libpthread.so.0", O_RDONLY|O_CLOEXEC
-2 (ENOENT)
SYSCALL
analyzed_bin
stat
108
"/lib64/x86_64", 0x7ffcbe6421e0
-2 (ENOENT)
OPENFILE
"/lib64/libpthread.so.0"
SYSCALL
analyzed_bin
openat
108
AT_FDCWD, "/lib64/libpthread.so.0", O_RDONLY|O_CLOEXEC
3
SYSCALL
analyzed_bin
read
108
3, 0x7ffcbe642348, 832
832
SYSCALL
analyzed_bin
fstat
108
3, 0x7ffcbe6421e0
0
SYSCALL
analyzed_bin
mmap2
108
0x0, 8192, PROT_READ|PROT_WRITE, MAP_PRIVATE|MAP_ANONYMOUS, -1, 0
0x7fd5aaba1000
SYSCALL
analyzed_bin
mmap2
108
0x0, 2221216, PROT_READ|PROT_EXEC, MAP_PRIVATE|MAP_DENYWRITE, 3, 0
0x7fd5aa75e000
SYSCALL
analyzed_bin
mprotect
108
0x7fd5aa778000, 2093056, PROT_NONE
0
SYSCALL
analyzed_bin
mmap2
108
0x7fd5aa977000, 8192, PROT_READ|PROT_WRITE, MAP_PRIVATE|MAP_FIXED|MAP_DENYWRITE, 3, 102400
0x7fd5aa977000
SYSCALL
analyzed_bin
mmap2
108
0x7fd5aa979000, 13472, PROT_READ|PROT_WRITE, MAP_PRIVATE|MAP_FIXED|MAP_ANONYMOUS, -1, 0
0x7fd5aa979000
SYSCALL
analyzed_bin
close
108
3
0
OPENFILE
"/lib64/libdl.so.2"
SYSCALL
analyzed_bin
openat
108
AT_FDCWD, "/lib64/libdl.so.2", O_RDONLY|O_CLOEXEC
3
SYSCALL
analyzed_bin
read
108
3, 0x7ffcbe642318, 832
832
SYSCALL
analyzed_bin
fstat
108
3, 0x7ffcbe6421b0
0
SYSCALL
analyzed_bin
mmap2
108
0x0, 2109680, PROT_READ|PROT_EXEC, MAP_PRIVATE|MAP_DENYWRITE, 3, 0
0x7fd5aa55a000
SYSCALL
analyzed_bin
mprotect
108
0x7fd5aa55d000, 2093056, PROT_NONE
0
SYSCALL
analyzed_bin
mmap2
108
0x7fd5aa75c000, 8192, PROT_READ|PROT_WRITE, MAP_PRIVATE|MAP_FIXED|MAP_DENYWRITE, 3, 8192
0x7fd5aa75c000
SYSCALL
analyzed_bin
close
108
3
0
OPENFILE
"/lib64/libm.so.6"
SYSCALL
analyzed_bin
openat
108
AT_FDCWD, "/lib64/libm.so.6", O_RDONLY|O_CLOEXEC
3
SYSCALL
analyzed_bin
read
108
3, 0x7ffcbe6422e8, 832
832
SYSCALL
analyzed_bin
fstat
108
3, 0x7ffcbe642180
0
SYSCALL
analyzed_bin
mmap2
108
0x0, 3653968, PROT_READ|PROT_EXEC, MAP_PRIVATE|MAP_DENYWRITE, 3, 0
0x7fd5aa1dd000
SYSCALL
analyzed_bin
mprotect
108
0x7fd5aa359000, 2093056, PROT_NONE
0
SYSCALL
analyzed_bin
mmap2
108
0x7fd5aa558000, 8192, PROT_READ|PROT_WRITE, MAP_PRIVATE|MAP_FIXED|MAP_DENYWRITE, 3, 1552384
0x7fd5aa558000
SYSCALL
analyzed_bin
close
108
3
0
OPENFILE
"/lib64/libc.so.6"
SYSCALL
analyzed_bin
openat
108
AT_FDCWD, "/lib64/libc.so.6", O_RDONLY|O_CLOEXEC
3
SYSCALL
analyzed_bin
read
108
3, 0x7ffcbe6422b8, 832
832
SYSCALL
analyzed_bin
fstat
108
3, 0x7ffcbe642150
0
SYSCALL
analyzed_bin
mmap2
108
0x0, 3885056, PROT_READ|PROT_EXEC, MAP_PRIVATE|MAP_DENYWRITE, 3, 0
0x7fd5a9e28000
SYSCALL
analyzed_bin
mprotect
108
0x7fd5a9fd4000, 2093056, PROT_NONE
0
SYSCALL
analyzed_bin
mmap2
108
0x7fd5aa1d3000, 24576, PROT_READ|PROT_WRITE, MAP_PRIVATE|MAP_FIXED|MAP_DENYWRITE, 3, 1748992
0x7fd5aa1d3000
SYSCALL
analyzed_bin
mmap2
108
0x7fd5aa1d9000, 14336, PROT_READ|PROT_WRITE, MAP_PRIVATE|MAP_FIXED|MAP_ANONYMOUS, -1, 0
0x7fd5aa1d9000
SYSCALL
analyzed_bin
close
108
3
0
SYSCALL
analyzed_bin
mmap2
108
0x0, 8192, PROT_READ|PROT_WRITE, MAP_PRIVATE|MAP_ANONYMOUS, -1, 0
0x7fd5aab9f000
SYSCALL
analyzed_bin
arch_prctl
108
ARCH_SET_FS, 140555669076864
0
SYSCALL
analyzed_bin
mprotect
108
0x7fd5aa1d3000, 16384, PROT_READ
0
SYSCALL
analyzed_bin
mprotect
108
0x7fd5aa558000, 4096, PROT_READ
0
SYSCALL
analyzed_bin
mprotect
108
0x7fd5aa75c000, 4096, PROT_READ
0
SYSCALL
analyzed_bin
mprotect
108
0x7fd5aa977000, 4096, PROT_READ
0
SYSCALL
analyzed_bin
mprotect
108
0x5627b3c6a000, 245760, PROT_READ
0
SYSCALL
analyzed_bin
mprotect
108
0x7fd5aaba3000, 4096, PROT_READ
0
SYSCALL
analyzed_bin
set_tid_address
108
0x7fd5aab9fe50
108
SYSCALL
analyzed_bin
set_robust_list
108
0x7fd5aab9fe60, 24
0
SYSCALL
analyzed_bin
rt_sigaction
108
0x20, {0x7fd5aa7642e0, SA_SIGINFO|SA_RESTORER, 0x7fd5aa76ffe0, [EMPTY]}, 0x0, 8
0
SYSCALL
analyzed_bin
rt_sigaction
108
0x21, {0x7fd5aa764380, SA_RESTART|SA_SIGINFO|SA_RESTORER, 0x7fd5aa76ffe0, [EMPTY]}, 0x0, 8
0
SYSCALL
analyzed_bin
rt_sigprocmask
108
SIG_UNBLOCK, [EMPTY], 0x0, 8
0
SYSCALL
analyzed_bin
prlimit64
108
0, RLIMIT_STACK, NULL, 0x7ffcbe642f00
0
SYSCALL
analyzed_bin
brk
108
0x0
94728520802304
SYSCALL
analyzed_bin
brk
108
0x5627b3d73000
94728520937472
OPENFILE
"/dev/urandom"
SYSCALL
analyzed_bin
openat
108
AT_FDCWD, "/dev/urandom", O_RDONLY
3
SYSCALL
analyzed_bin
read
108
3, 0x7ffcbe642f04, 4
4
SYSCALL
analyzed_bin
mmap2
108
0x0, 81920, PROT_READ|PROT_WRITE|PROT_EXEC, MAP_PRIVATE|MAP_ANONYMOUS, -1, 0
0x7fd5aab8b000
SYSCALL
analyzed_bin
mprotect
108
0x7fd5aab8b000, 81920, PROT_READ|PROT_EXEC
0
SYSCALL
analyzed_bin
futex
108
0x5627b3d4e0e8, FUTEX_WAKE_PRIVATE, 2147483647
0
SYSCALL
analyzed_bin
futex
108
0x5627b3d4e0f8, FUTEX_WAKE_PRIVATE, 2147483647
0
SYSCALL
analyzed_bin
readlink
108
"/proc/self/exe", 0x5627b3cb26e0, 519
18
OPENFILE
"/root/config.json"
SYSCALL
analyzed_bin
openat
108
AT_FDCWD, "/root/config.json", O_RDONLY
-2 (ENOENT)
OPENFILE
"/etc/localtime"
SYSCALL
analyzed_bin
openat
108
AT_FDCWD, "/etc/localtime", O_RDONLY|O_CLOEXEC
4
SYSCALL
analyzed_bin
fstat
108
4, 0x7ffcbe6429c0
0
SYSCALL
analyzed_bin
fstat
108
4, 0x7ffcbe642800
0
SYSCALL
analyzed_bin
read
108
4, 0x5627b3d6a640, 1024
127
SYSCALL
analyzed_bin
lseek
108
4, -71, SEEK_CUR
56
SYSCALL
analyzed_bin
read
108
4, 0x5627b3d6a640, 1024
71
SYSCALL
analyzed_bin
close
108
4
0
SYSCALL
analyzed_bin
fstat
108
1, 0x7ffcbe642990
0
SYSCALL
analyzed_bin
write
108
1, "[2022-07-14 06:14:06.131] unable to open \"/r"..., 62
62
OPENFILE
"/root/.xmrig.json"
SYSCALL
analyzed_bin
openat
108
AT_FDCWD, "/root/.xmrig.json", O_RDONLY
-2 (ENOENT)
SYSCALL
analyzed_bin
write
108
1, "[2022-07-14 06:14:06.143] unable to open \"/r"..., 62
62
OPENFILE
"/root/.config/xmrig.json"
SYSCALL
analyzed_bin
openat
108
AT_FDCWD, "/root/.config/xmrig.json", O_RDONLY
-2 (ENOENT)
SYSCALL
analyzed_bin
write
108
1, "[2022-07-14 06:14:06.144] unable to open \"/r"..., 69
69
SYSCALL
analyzed_bin
write
108
1, "[2022-07-14 06:14:06.144] no valid configurat"..., 85
85
SYSCALL
analyzed_bin
close
108
3
0
SYSCALL
analyzed_bin
exit_group
108
2

