LISA
PROCESS
108:105
SYSCALL
analyzed_bin
execve
108

0
SYSCALL
analyzed_bin
arch_prctl
108
ARCH_SET_FS, 140113876844920
0
SYSCALL
analyzed_bin
set_tid_address
108
0x7f6ecddb81b0
108
SYSCALL
analyzed_bin
brk
108
0x0
140113876848640
SYSCALL
analyzed_bin
brk
108
0x7f6ecddba000
140113876852736
SYSCALL
analyzed_bin
brk
108
0x7f6ecddcc000
140113876926464
SYSCALL
analyzed_bin
brk
108
0x7f6ecddcd000
140113876930560
SYSCALL
analyzed_bin
brk
108
0x7f6ecddce000
140113876934656
SYSCALL
analyzed_bin
brk
108
0x7f6ecddcf000
140113876938752
SYSCALL
analyzed_bin
brk
108
0x7f6ecddd0000
140113876942848
SYSCALL
analyzed_bin
brk
108
0x7f6ecddd1000
140113876946944
SYSCALL
analyzed_bin
brk
108
0x7f6ecddd2000
140113876951040
SYSCALL
analyzed_bin
brk
108
0x7f6ecddd3000
140113876955136
SYSCALL
analyzed_bin
brk
108
0x7f6ecddd4000
140113876959232
SYSCALL
analyzed_bin
brk
108
0x7f6ecddd5000
140113876963328
SYSCALL
analyzed_bin
brk
108
0x7f6ecddd6000
140113876967424
SYSCALL
analyzed_bin
brk
108
0x7f6ecddd7000
140113876971520
SYSCALL
analyzed_bin
brk
108
0x7f6ecddd8000
140113876975616
SYSCALL
analyzed_bin
brk
108
0x7f6ecddd9000
140113876979712
SYSCALL
analyzed_bin
brk
108
0x7f6ecddda000
140113876983808
SYSCALL
analyzed_bin
brk
108
0x7f6ecdddb000
140113876987904
SYSCALL
analyzed_bin
brk
108
0x7f6ecdddc000
140113876992000
SYSCALL
analyzed_bin
brk
108
0x7f6ecddde000
140113877000192
SYSCALL
analyzed_bin
brk
108
0x7f6ecdddf000
140113877004288
SYSCALL
analyzed_bin
brk
108
0x7f6ecdde0000
140113877008384
SYSCALL
analyzed_bin
brk
108
0x7f6ecdde1000
140113877012480
SYSCALL
analyzed_bin
brk
108
0x7f6ecdde2000
140113877016576
SYSCALL
analyzed_bin
brk
108
0x7f6ecdde3000
140113877020672
SYSCALL
analyzed_bin
brk
108
0x7f6ecdde4000
140113877024768
SYSCALL
analyzed_bin
brk
108
0x7f6ecdde5000
140113877028864
SYSCALL
analyzed_bin
brk
108
0x7f6ecdde8000
140113877041152
SYSCALL
analyzed_bin
brk
108
0x7f6ecdde9000
140113877045248
SYSCALL
analyzed_bin
brk
108
0x7f6ecddea000
140113877049344
SYSCALL
analyzed_bin
brk
108
0x7f6ecddeb000
140113877053440
SYSCALL
analyzed_bin
brk
108
0x7f6ecddec000
140113877057536
SYSCALL
analyzed_bin
brk
108
0x7f6ecdded000
140113877061632
SYSCALL
analyzed_bin
brk
108
0x7f6ecddee000
140113877065728
SYSCALL
analyzed_bin
brk
108
0x7f6ecddef000
140113877069824
SYSCALL
analyzed_bin
brk
108
0x7f6ecddf0000
140113877073920
SYSCALL
analyzed_bin
brk
108
0x7f6ecddf1000
140113877078016
SYSCALL
analyzed_bin
brk
108
0x7f6ecddf2000
140113877082112
SYSCALL
analyzed_bin
brk
108
0x7f6ecddf3000
140113877086208
SYSCALL
analyzed_bin
brk
108
0x7f6ecddf4000
140113877090304
SYSCALL
analyzed_bin
brk
108
0x7f6ecddf5000
140113877094400
SYSCALL
analyzed_bin
brk
108
0x7f6ecddf6000
140113877098496
SYSCALL
analyzed_bin
brk
108
0x7f6ecddfb000
140113877118976
SYSCALL
analyzed_bin
brk
108
0x7f6ecddfc000
140113877123072
SYSCALL
analyzed_bin
brk
108
0x7f6ecddfd000
140113877127168
SYSCALL
analyzed_bin
getuid
108

0
SYSCALL
analyzed_bin
geteuid
108

0
SYSCALL
analyzed_bin
getgid
108

0
SYSCALL
analyzed_bin
getegid
108

0
OPENFILE
"/usr/local/ssl/openssl.cnf"
SYSCALL
analyzed_bin
open
108
"/usr/local/ssl/openssl.cnf", O_RDONLY
-2 (ENOENT)
SYSCALL
analyzed_bin
brk
108
0x7f6ecddfe000
140113877131264
SYSCALL
analyzed_bin
brk
108
0x7f6ecddff000
140113877135360
SYSCALL
analyzed_bin
brk
108
0x7f6ecde00000
140113877139456
SYSCALL
analyzed_bin
brk
108
0x7f6ecde01000
140113877143552
SYSCALL
analyzed_bin
brk
108
0x7f6ecde02000
140113877147648
SYSCALL
analyzed_bin
brk
108
0x7f6ecde03000
140113877151744
SYSCALL
analyzed_bin
brk
108
0x7f6ecde04000
140113877155840
SYSCALL
analyzed_bin
brk
108
0x7f6ecde05000
140113877159936
SYSCALL
analyzed_bin
brk
108
0x7f6ecde06000
140113877164032
SYSCALL
analyzed_bin
brk
108
0x7f6ecde07000
140113877168128
SYSCALL
analyzed_bin
brk
108
0x7f6ecde08000
140113877172224
SYSCALL
analyzed_bin
brk
108
0x7f6ecde09000
140113877176320
SYSCALL
analyzed_bin
brk
108
0x7f6ecde0a000
140113877180416
OPENFILE
"config.txt"
SYSCALL
analyzed_bin
open
108
"config.txt", O_RDONLY
-2 (ENOENT)
OPENFILE
"pools.txt"
SYSCALL
analyzed_bin
open
108
"pools.txt", O_RDONLY
-2 (ENOENT)
SYSCALL
analyzed_bin
brk
108
0x7f6ecde0c000
140113877188608
SYSCALL
analyzed_bin
brk
108
0x7f6ecde0e000
140113877196800
SYSCALL
analyzed_bin
writev
108
1, 0x7ffd77040990, 2
32
SYSCALL
analyzed_bin
readv
108
0, 0x7ffd77040970, 2
0
SYSCALL
analyzed_bin
brk
108
0x7f6ecde10000
140113877204992
SYSCALL
analyzed_bin
brk
108
0x7f6ecde14000
140113877221376
SYSCALL
analyzed_bin
brk
108
0x7f6ecde18000
140113877237760
OPENFILE
"config.txt"
SYSCALL
analyzed_bin
open
108
"config.txt", O_WRONLY|O_CREAT|O_TRUNC, 0666
3
SYSCALL
analyzed_bin
ioctl
108
3, 21523, 0x7ffd770407e8
-25 (ENOTTY)
SYSCALL
analyzed_bin
writev
108
3, 0x7ffd77040750, 2
6726
SYSCALL
analyzed_bin
close
108
3
0
SYSCALL
analyzed_bin
writev
108
1, 0x7ffd77040a80, 2
42
SYSCALL
analyzed_bin
writev
108
1, 0x7ffd77040710, 2
14
SYSCALL
analyzed_bin
writev
108
1, 0x7ffd77040720, 2
52
SYSCALL
analyzed_bin
writev
108
1, 0x7ffd77040720, 2
98
SYSCALL
analyzed_bin
writev
108
1, 0x7ffd77040720, 2
52
SYSCALL
analyzed_bin
writev
108
1, 0x7ffd77040720, 2
98
SYSCALL
analyzed_bin
writev
108
1, 0x7ffd77040720, 2
52
SYSCALL
analyzed_bin
writev
108
1, 0x7ffd77040720, 2
98
SYSCALL
analyzed_bin
writev
108
1, 0x7ffd77040720, 2
52
SYSCALL
analyzed_bin
writev
108
1, 0x7ffd77040720, 2
98
SYSCALL
analyzed_bin
writev
108
1, 0x7ffd77040720, 2
52
SYSCALL
analyzed_bin
writev
108
1, 0x7ffd77040720, 2
98
SYSCALL
analyzed_bin
writev
108
1, 0x7ffd77040720, 2
52
SYSCALL
analyzed_bin
writev
108
1, 0x7ffd77040720, 2
98
SYSCALL
analyzed_bin
writev
108
1, 0x7ffd77040720, 2
52
SYSCALL
analyzed_bin
writev
108
1, 0x7ffd77040720, 2
98
SYSCALL
analyzed_bin
writev
108
1, 0x7ffd77040720, 2
52
SYSCALL
analyzed_bin
writev
108
1, 0x7ffd77040720, 2
98
SYSCALL
analyzed_bin
writev
108
1, 0x7ffd77040720, 2
52
SYSCALL
analyzed_bin
writev
108
1, 0x7ffd77040720, 2
98
SYSCALL
analyzed_bin
writev
108
1, 0x7ffd77040720, 2
52
SYSCALL
analyzed_bin
writev
108
1, 0x7ffd77040720, 2
98
SYSCALL
analyzed_bin
writev
108
1, 0x7ffd77040720, 2
52
SYSCALL
analyzed_bin
writev
108
1, 0x7ffd77040720, 2
98
SYSCALL
analyzed_bin
writev
108
1, 0x7ffd77040720, 2
52
SYSCALL
analyzed_bin
writev
108
1, 0x7ffd77040720, 2
98
SYSCALL
analyzed_bin
writev
108
1, 0x7ffd77040720, 2
52
SYSCALL
analyzed_bin
writev
108
1, 0x7ffd77040720, 2
98
SYSCALL
analyzed_bin
writev
108
1, 0x7ffd77040720, 2
52
SYSCALL
analyzed_bin
writev
108
1, 0x7ffd77040720, 2
98
SYSCALL
analyzed_bin
writev
108
1, 0x7ffd77040720, 2
52
SYSCALL
analyzed_bin
writev
108
1, 0x7ffd77040720, 2
98
SYSCALL
analyzed_bin
writev
108
1, 0x7ffd77040720, 2
52
SYSCALL
analyzed_bin
writev
108
1, 0x7ffd77040720, 2
98
SYSCALL
analyzed_bin
writev
108
1, 0x7ffd77040720, 2
52
SYSCALL
analyzed_bin
writev
108
1, 0x7ffd77040720, 2
98
SYSCALL
analyzed_bin
writev
108
1, 0x7ffd77040720, 2
52
SYSCALL
analyzed_bin
writev
108
1, 0x7ffd77040720, 2
98
SYSCALL
analyzed_bin
writev
108
1, 0x7ffd77040720, 2
52
SYSCALL
analyzed_bin
writev
108
1, 0x7ffd77040720, 2
98
SYSCALL
analyzed_bin
writev
108
1, 0x7ffd77040720, 2
52
SYSCALL
analyzed_bin
writev
108
1, 0x7ffd77040720, 2
98
SYSCALL
analyzed_bin
writev
108
1, 0x7ffd77040720, 2
52
SYSCALL
analyzed_bin
writev
108
1, 0x7ffd77040720, 2
98
SYSCALL
analyzed_bin
writev
108
1, 0x7ffd77040720, 2
52
SYSCALL
analyzed_bin
writev
108
1, 0x7ffd77040720, 2
98
SYSCALL
analyzed_bin
writev
108
1, 0x7ffd77040720, 2
52
SYSCALL
analyzed_bin
writev
108
1, 0x7ffd77040720, 2
98
SYSCALL
analyzed_bin
writev
108
1, 0x7ffd77040720, 2
52
SYSCALL
analyzed_bin
writev
108
1, 0x7ffd77040720, 2
98
SYSCALL
analyzed_bin
writev
108
1, 0x7ffd77040720, 2
52
SYSCALL
analyzed_bin
writev
108
1, 0x7ffd77040720, 2
98
SYSCALL
analyzed_bin
writev
108
1, 0x7ffd77040720, 2
52
SYSCALL
analyzed_bin
writev
108
1, 0x7ffd77040720, 2
98
SYSCALL
analyzed_bin
writev
108
1, 0x7ffd77040720, 2
52
SYSCALL
analyzed_bin
writev
108
1, 0x7ffd77040720, 2
98
SYSCALL
analyzed_bin
writev
108
1, 0x7ffd77040720, 2
52
SYSCALL
analyzed_bin
writev
108
1, 0x7ffd77040720, 2
98
SYSCALL
analyzed_bin
writev
108
1, 0x7ffd77040720, 2
52
SYSCALL
analyzed_bin
writev
108
1, 0x7ffd77040720, 2
98
SYSCALL
analyzed_bin
writev
108
1, 0x7ffd77040720, 2
52
SYSCALL
analyzed_bin
writev
108
1, 0x7ffd77040720, 2
98
SYSCALL
analyzed_bin
writev
108
1, 0x7ffd77040720, 2
52
SYSCALL
analyzed_bin
writev
108
1, 0x7ffd77040720, 2
98
SYSCALL
analyzed_bin
writev
108
1, 0x7ffd77040720, 2
52
SYSCALL
analyzed_bin
writev
108
1, 0x7ffd77040720, 2
98
SYSCALL
analyzed_bin
writev
108
1, 0x7ffd77040720, 2
52
SYSCALL
analyzed_bin
writev
108
1, 0x7ffd77040720, 2
98
SYSCALL
analyzed_bin
writev
108
1, 0x7ffd77040720, 2
52
SYSCALL
analyzed_bin
writev
108
1, 0x7ffd77040720, 2
98
SYSCALL
analyzed_bin
writev
108
1, 0x7ffd77040720, 2
52
SYSCALL
analyzed_bin
writev
108
1, 0x7ffd77040720, 2
98
SYSCALL
analyzed_bin
writev
108
1, 0x7ffd77040720, 2
52
SYSCALL
analyzed_bin
writev
108
1, 0x7ffd77040720, 2
98
SYSCALL
analyzed_bin
writev
108
1, 0x7ffd77040720, 2
52
SYSCALL
analyzed_bin
writev
108
1, 0x7ffd77040720, 2
98
SYSCALL
analyzed_bin
writev
108
1, 0x7ffd77040720, 2
52
SYSCALL
analyzed_bin
writev
108
1, 0x7ffd77040720, 2
98
SYSCALL
analyzed_bin
writev
108
1, 0x7ffd77040720, 2
52
SYSCALL
analyzed_bin
writev
108
1, 0x7ffd77040720, 2
98
SYSCALL
analyzed_bin
writev
108
1, 0x7ffd77040720, 2
52
SYSCALL
analyzed_bin
writev
108
1, 0x7ffd77040720, 2
98
SYSCALL
analyzed_bin
writev
108
1, 0x7ffd77040720, 2
52
SYSCALL
analyzed_bin
writev
108
1, 0x7ffd77040720, 2
98
SYSCALL
analyzed_bin
writev
108
1, 0x7ffd77040720, 2
52
SYSCALL
analyzed_bin
writev
108
1, 0x7ffd77040720, 2
98
SYSCALL
analyzed_bin
writev
108
1, 0x7ffd77040720, 2
52
SYSCALL
analyzed_bin
writev
108
1, 0x7ffd77040720, 2
98
SYSCALL
analyzed_bin
writev
108
1, 0x7ffd77040720, 2
52
SYSCALL
analyzed_bin
writev
108
1, 0x7ffd77040720, 2
98
SYSCALL
analyzed_bin
writev
108
1, 0x7ffd77040720, 2
52
SYSCALL
analyzed_bin
writev
108
1, 0x7ffd77040720, 2
98
SYSCALL
analyzed_bin
writev
108
1, 0x7ffd77040720, 2
52
SYSCALL
analyzed_bin
writev
108
1, 0x7ffd77040720, 2
98
SYSCALL
analyzed_bin
writev
108
1, 0x7ffd77040720, 2
52
SYSCALL
analyzed_bin
writev
108
1, 0x7ffd77040720, 2
98
SYSCALL
analyzed_bin
writev
108
1, 0x7ffd77040720, 2
52
SYSCALL
analyzed_bin
writev
108
1, 0x7ffd77040720, 2
98
SYSCALL
analyzed_bin
writev
108
1, 0x7ffd77040720, 2
52
SYSCALL
analyzed_bin
writev
108
1, 0x7ffd77040720, 2
98
SYSCALL
analyzed_bin
writev
108
1, 0x7ffd77040720, 2
52
SYSCALL
analyzed_bin
writev
108
1, 0x7ffd77040720, 2
98
SYSCALL
analyzed_bin
writev
108
1, 0x7ffd77040720, 2
52
SYSCALL
analyzed_bin
writev
108
1, 0x7ffd77040720, 2
98
SYSCALL
analyzed_bin
writev
108
1, 0x7ffd77040720, 2
52
SYSCALL
analyzed_bin
writev
108
1, 0x7ffd77040720, 2
98
SYSCALL
analyzed_bin
writev
108
1, 0x7ffd77040720, 2
52
SYSCALL
analyzed_bin
writev
108
1, 0x7ffd77040720, 2
98
SYSCALL
analyzed_bin
writev
108
1, 0x7ffd77040720, 2
52
SYSCALL
analyzed_bin
writev
108
1, 0x7ffd77040720, 2
98
SYSCALL
analyzed_bin
writev
108
1, 0x7ffd77040720, 2
52
SYSCALL
analyzed_bin
writev
108
1, 0x7ffd77040720, 2
98
SYSCALL
analyzed_bin
writev
108
1, 0x7ffd77040720, 2
52
SYSCALL
analyzed_bin
writev
108
1, 0x7ffd77040720, 2
98
SYSCALL
analyzed_bin
writev
108
1, 0x7ffd77040720, 2
52
SYSCALL
analyzed_bin
writev
108
1, 0x7ffd77040720, 2
98
SYSCALL
analyzed_bin
writev
108
1, 0x7ffd77040720, 2
52
SYSCALL
analyzed_bin
writev
108
1, 0x7ffd77040720, 2
98
SYSCALL
analyzed_bin
writev
108
1, 0x7ffd77040720, 2
52
SYSCALL
analyzed_bin
writev
108
1, 0x7ffd77040720, 2
98
SYSCALL
analyzed_bin
writev
108
1, 0x7ffd77040720, 2
52
SYSCALL
analyzed_bin
writev
108
1, 0x7ffd77040720, 2
98
SYSCALL
analyzed_bin
writev
108
1, 0x7ffd77040720, 2
52
SYSCALL
analyzed_bin
writev
108
1, 0x7ffd77040720, 2
98
SYSCALL
analyzed_bin
writev
108
1, 0x7ffd77040720, 2
52
SYSCALL
analyzed_bin
writev
108
1, 0x7ffd77040720, 2
98
SYSCALL
analyzed_bin
writev
108
1, 0x7ffd77040720, 2
52
SYSCALL
analyzed_bin
writev
108
1, 0x7ffd77040720, 2
98
SYSCALL
analyzed_bin
writev
108
1, 0x7ffd77040720, 2
52
SYSCALL
analyzed_bin
writev
108
1, 0x7ffd77040720, 2
98
SYSCALL
analyzed_bin
writev
108
1, 0x7ffd77040720, 2
52
SYSCALL
analyzed_bin
writev
108
1, 0x7ffd77040720, 2
98
SYSCALL
analyzed_bin
writev
108
1, 0x7ffd77040720, 2
52
SYSCALL
analyzed_bin
writev
108
1, 0x7ffd77040720, 2
98
SYSCALL
analyzed_bin
writev
108
1, 0x7ffd77040720, 2
52
SYSCALL
analyzed_bin
writev
108
1, 0x7ffd77040720, 2
98
SYSCALL
analyzed_bin
writev
108
1, 0x7ffd77040720, 2
52
SYSCALL
analyzed_bin
writev
108
1, 0x7ffd77040720, 2
98
SYSCALL
analyzed_bin
writev
108
1, 0x7ffd77040720, 2
52
SYSCALL
analyzed_bin
writev
108
1, 0x7ffd77040720, 2
98
SYSCALL
analyzed_bin
writev
108
1, 0x7ffd77040720, 2
52
SYSCALL
analyzed_bin
writev
108
1, 0x7ffd77040720, 2
98
SYSCALL
analyzed_bin
writev
108
1, 0x7ffd77040720, 2
52
SYSCALL
analyzed_bin
writev
108
1, 0x7ffd77040720, 2
98
SYSCALL
analyzed_bin
writev
108
1, 0x7ffd77040720, 2
52
SYSCALL
analyzed_bin
writev
108
1, 0x7ffd77040720, 2
98
SYSCALL
analyzed_bin
writev
108
1, 0x7ffd77040720, 2
52
SYSCALL
analyzed_bin
writev
108
1, 0x7ffd77040720, 2
98
SYSCALL
analyzed_bin
writev
108
1, 0x7ffd77040720, 2
52
SYSCALL
analyzed_bin
writev
108
1, 0x7ffd77040720, 2
98
SYSCALL
analyzed_bin
writev
108
1, 0x7ffd77040720, 2
52
SYSCALL
analyzed_bin
writev
108
1, 0x7ffd77040720, 2
98
SYSCALL
analyzed_bin
writev
108
1, 0x7ffd77040720, 2
52
SYSCALL
analyzed_bin
writev
108
1, 0x7ffd77040720, 2
98
SYSCALL
analyzed_bin
writev
108
1, 0x7ffd77040720, 2
52
SYSCALL
analyzed_bin
writev
108
1, 0x7ffd77040720, 2
98
SYSCALL
analyzed_bin
writev
108
1, 0x7ffd77040720, 2
52
SYSCALL
analyzed_bin
writev
108
1, 0x7ffd77040720, 2
98
SYSCALL
analyzed_bin
writev
108
1, 0x7ffd77040720, 2
52
SYSCALL
analyzed_bin
writev
108
1, 0x7ffd77040720, 2
98
SYSCALL
analyzed_bin
writev
108
1, 0x7ffd77040720, 2
52
SYSCALL
analyzed_bin
writev
108
1, 0x7ffd77040720, 2
98
SYSCALL
analyzed_bin
writev
108
1, 0x7ffd77040720, 2
52
SYSCALL
analyzed_bin
writev
108
1, 0x7ffd77040720, 2
98
SYSCALL
analyzed_bin
writev
108
1, 0x7ffd77040720, 2
52
SYSCALL
analyzed_bin
writev
108
1, 0x7ffd77040720, 2
98
SYSCALL
analyzed_bin
writev
108
1, 0x7ffd77040720, 2
52
SYSCALL
analyzed_bin
writev
108
1, 0x7ffd77040720, 2
98
SYSCALL
analyzed_bin
writev
108
1, 0x7ffd77040720, 2
52
SYSCALL
analyzed_bin
writev
108
1, 0x7ffd77040720, 2
98
SYSCALL
analyzed_bin
writev
108
1, 0x7ffd77040720, 2
52
SYSCALL
analyzed_bin
writev
108
1, 0x7ffd77040720, 2
98
SYSCALL
analyzed_bin
writev
108
1, 0x7ffd77040720, 2
52
SYSCALL
analyzed_bin
writev
108
1, 0x7ffd77040720, 2
98
SYSCALL
analyzed_bin
writev
108
1, 0x7ffd77040720, 2
52
SYSCALL
analyzed_bin
writev
108
1, 0x7ffd77040720, 2
98
SYSCALL
analyzed_bin
writev
108
1, 0x7ffd77040720, 2
52
SYSCALL
analyzed_bin
writev
108
1, 0x7ffd77040720, 2
98
SYSCALL
analyzed_bin
writev
108
1, 0x7ffd77040720, 2
52
SYSCALL
analyzed_bin
writev
108
1, 0x7ffd77040720, 2
98
SYSCALL
analyzed_bin
writev
108
1, 0x7ffd77040720, 2
52
SYSCALL
analyzed_bin
writev
108
1, 0x7ffd77040720, 2
98
SYSCALL
analyzed_bin
writev
108
1, 0x7ffd77040720, 2
52
SYSCALL
analyzed_bin
writev
108
1, 0x7ffd77040720, 2
98
SYSCALL
analyzed_bin
writev
108
1, 0x7ffd77040720, 2
52
SYSCALL
analyzed_bin
writev
108
1, 0x7ffd77040720, 2
98
SYSCALL
analyzed_bin
writev
108
1, 0x7ffd77040720, 2
52
SYSCALL
analyzed_bin
writev
108
1, 0x7ffd77040720, 2
98
SYSCALL
analyzed_bin
writev
108
1, 0x7ffd77040720, 2
52
SYSCALL
analyzed_bin
writev
108
1, 0x7ffd77040720, 2
98
SYSCALL
analyzed_bin
writev
108
1, 0x7ffd77040720, 2
52
SYSCALL
analyzed_bin
writev
108
1, 0x7ffd77040720, 2
98
SYSCALL
analyzed_bin
writev
108
1, 0x7ffd77040720, 2
52
SYSCALL
analyzed_bin
writev
108
1, 0x7ffd77040720, 2
98
SYSCALL
analyzed_bin
writev
108
1, 0x7ffd77040720, 2
52
SYSCALL
analyzed_bin
writev
108
1, 0x7ffd77040720, 2
98
SYSCALL
analyzed_bin
writev
108
1, 0x7ffd77040720, 2
52
SYSCALL
analyzed_bin
writev
108
1, 0x7ffd77040720, 2
98
SYSCALL
analyzed_bin
writev
108
1, 0x7ffd77040720, 2
52
SYSCALL
analyzed_bin
writev
108
1, 0x7ffd77040720, 2
98
SYSCALL
analyzed_bin
writev
108
1, 0x7ffd77040720, 2
52
SYSCALL
analyzed_bin
writev
108
1, 0x7ffd77040720, 2
98
SYSCALL
analyzed_bin
writev
108
1, 0x7ffd77040720, 2
52
SYSCALL
analyzed_bin
writev
108
1, 0x7ffd77040720, 2
98
SYSCALL
analyzed_bin
writev
108
1, 0x7ffd77040720, 2
52
SYSCALL
analyzed_bin
writev
108
1, 0x7ffd77040720, 2
98
SYSCALL
analyzed_bin
writev
108
1, 0x7ffd77040720, 2
52
SYSCALL
analyzed_bin
writev
108
1, 0x7ffd77040720, 2
98
SYSCALL
analyzed_bin
writev
108
1, 0x7ffd77040720, 2
52
SYSCALL
analyzed_bin
writev
108
1, 0x7ffd77040720, 2
98
SYSCALL
analyzed_bin
writev
108
1, 0x7ffd77040720, 2
52
SYSCALL
analyzed_bin
writev
108
1, 0x7ffd77040720, 2
98
SYSCALL
analyzed_bin
writev
108
1, 0x7ffd77040720, 2
52
SYSCALL
analyzed_bin
writev
108
1, 0x7ffd77040720, 2
98
SYSCALL
analyzed_bin
writev
108
1, 0x7ffd77040720, 2
52
SYSCALL
analyzed_bin
writev
108
1, 0x7ffd77040720, 2
98
SYSCALL
analyzed_bin
writev
108
1, 0x7ffd77040720, 2
52
SYSCALL
analyzed_bin
writev
108
1, 0x7ffd77040720, 2
98
SYSCALL
analyzed_bin
writev
108
1, 0x7ffd77040720, 2
52
SYSCALL
analyzed_bin
writev
108
1, 0x7ffd77040720, 2
98
SYSCALL
analyzed_bin
writev
108
1, 0x7ffd77040720, 2
52
SYSCALL
analyzed_bin
writev
108
1, 0x7ffd77040720, 2
98
SYSCALL
analyzed_bin
writev
108
1, 0x7ffd77040720, 2
52
SYSCALL
analyzed_bin
writev
108
1, 0x7ffd77040720, 2
98
SYSCALL
analyzed_bin
writev
108
1, 0x7ffd77040720, 2
52
SYSCALL
analyzed_bin
writev
108
1, 0x7ffd77040720, 2
98
SYSCALL
analyzed_bin
writev
108
1, 0x7ffd77040720, 2
52
SYSCALL
analyzed_bin
writev
108
1, 0x7ffd77040720, 2
98
SYSCALL
analyzed_bin
writev
108
1, 0x7ffd77040720, 2
52
SYSCALL
analyzed_bin
writev
108
1, 0x7ffd77040720, 2
98
SYSCALL
analyzed_bin
writev
108
1, 0x7ffd77040720, 2
52
SYSCALL
analyzed_bin
writev
108
1, 0x7ffd77040720, 2
98
SYSCALL
analyzed_bin
writev
108
1, 0x7ffd77040720, 2
52
SYSCALL
analyzed_bin
writev
108
1, 0x7ffd77040720, 2
98
SYSCALL
analyzed_bin
writev
108
1, 0x7ffd77040720, 2
52
SYSCALL
analyzed_bin
writev
108
1, 0x7ffd77040720, 2
98
SYSCALL
analyzed_bin
writev
108
1, 0x7ffd77040720, 2
52
SYSCALL
analyzed_bin
writev
108
1, 0x7ffd77040720, 2
98
SYSCALL
analyzed_bin
writev
108
1, 0x7ffd77040720, 2
52
SYSCALL
analyzed_bin
writev
108
1, 0x7ffd77040720, 2
98
SYSCALL
analyzed_bin
writev
108
1, 0x7ffd77040720, 2
52
SYSCALL
analyzed_bin
writev
108
1, 0x7ffd77040720, 2
98
SYSCALL
analyzed_bin
writev
108
1, 0x7ffd77040720, 2
52
SYSCALL
analyzed_bin
writev
108
1, 0x7ffd77040720, 2
98
SYSCALL
analyzed_bin
writev
108
1, 0x7ffd77040720, 2
52
SYSCALL
analyzed_bin
writev
108
1, 0x7ffd77040720, 2
98
SYSCALL
analyzed_bin
writev
108
1, 0x7ffd77040720, 2
52
SYSCALL
analyzed_bin
writev
108
1, 0x7ffd77040720, 2
98
SYSCALL
analyzed_bin
writev
108
1, 0x7ffd77040720, 2
52
SYSCALL
analyzed_bin
writev
108
1, 0x7ffd77040720, 2
98
SYSCALL
analyzed_bin
writev
108
1, 0x7ffd77040720, 2
52
SYSCALL
analyzed_bin
writev
108
1, 0x7ffd77040720, 2
98
SYSCALL
analyzed_bin
writev
108
1, 0x7ffd77040720, 2
52
SYSCALL
analyzed_bin
writev
108
1, 0x7ffd77040720, 2
98
SYSCALL
analyzed_bin
writev
108
1, 0x7ffd77040720, 2
52
SYSCALL
analyzed_bin
writev
108
1, 0x7ffd77040720, 2
98
SYSCALL
analyzed_bin
writev
108
1, 0x7ffd77040720, 2
52
SYSCALL
analyzed_bin
writev
108
1, 0x7ffd77040720, 2
98
SYSCALL
analyzed_bin
writev
108
1, 0x7ffd77040720, 2
52
SYSCALL
analyzed_bin
writev
108
1, 0x7ffd77040720, 2
98
SYSCALL
analyzed_bin
writev
108
1, 0x7ffd77040720, 2
52
SYSCALL
analyzed_bin
writev
108
1, 0x7ffd77040720, 2
98
SYSCALL
analyzed_bin
writev
108
1, 0x7ffd77040720, 2
52
SYSCALL
analyzed_bin
writev
108
1, 0x7ffd77040720, 2
98
SYSCALL
analyzed_bin
writev
108
1, 0x7ffd77040720, 2
52
SYSCALL
analyzed_bin
writev
108
1, 0x7ffd77040720, 2
98
SYSCALL
analyzed_bin
writev
108
1, 0x7ffd77040720, 2
52
SYSCALL
analyzed_bin
writev
108
1, 0x7ffd77040720, 2
98
SYSCALL
analyzed_bin
writev
108
1, 0x7ffd77040720, 2
52
SYSCALL
analyzed_bin
writev
108
1, 0x7ffd77040720, 2
98
SYSCALL
analyzed_bin
writev
108
1, 0x7ffd77040720, 2
52
SYSCALL
analyzed_bin
writev
108
1, 0x7ffd77040720, 2
98
SYSCALL
analyzed_bin
writev
108
1, 0x7ffd77040720, 2
52
SYSCALL
analyzed_bin
writev
108
1, 0x7ffd77040720, 2
98
SYSCALL
analyzed_bin
writev
108
1, 0x7ffd77040720, 2
52
SYSCALL
analyzed_bin
writev
108
1, 0x7ffd77040720, 2
98
SYSCALL
analyzed_bin
writev
108
1, 0x7ffd77040720, 2
52
SYSCALL
analyzed_bin
writev
108
1, 0x7ffd77040720, 2
98
SYSCALL
analyzed_bin
writev
108
1, 0x7ffd77040720, 2
52
SYSCALL
analyzed_bin
writev
108
1, 0x7ffd77040720, 2
98
SYSCALL
analyzed_bin
writev
108
1, 0x7ffd77040720, 2
52
SYSCALL
analyzed_bin
writev
108
1, 0x7ffd77040720, 2
98
SYSCALL
analyzed_bin
writev
108
1, 0x7ffd77040720, 2
52
SYSCALL
analyzed_bin
writev
108
1, 0x7ffd77040720, 2
98
SYSCALL
analyzed_bin
writev
108
1, 0x7ffd77040720, 2
52
SYSCALL
analyzed_bin
writev
108
1, 0x7ffd77040720, 2
98
SYSCALL
analyzed_bin
writev
108
1, 0x7ffd77040720, 2
52
SYSCALL
analyzed_bin
writev
108
1, 0x7ffd77040720, 2
98
SYSCALL
analyzed_bin
writev
108
1, 0x7ffd77040720, 2
52
SYSCALL
analyzed_bin
writev
108
1, 0x7ffd77040720, 2
98
SYSCALL
analyzed_bin
writev
108
1, 0x7ffd77040720, 2
52
SYSCALL
analyzed_bin
writev
108
1, 0x7ffd77040720, 2
98
SYSCALL
analyzed_bin
writev
108
1, 0x7ffd77040720, 2
52
SYSCALL
analyzed_bin
writev
108
1, 0x7ffd77040720, 2
98
SYSCALL
analyzed_bin
writev
108
1, 0x7ffd77040720, 2
52
SYSCALL
analyzed_bin
writev
108
1, 0x7ffd77040720, 2
98
SYSCALL
analyzed_bin
writev
108
1, 0x7ffd77040720, 2
52
SYSCALL
analyzed_bin
writev
108
1, 0x7ffd77040720, 2
98
SYSCALL
analyzed_bin
writev
108
1, 0x7ffd77040720, 2
52
SYSCALL
analyzed_bin
writev
108
1, 0x7ffd77040720, 2
98
SYSCALL
analyzed_bin
writev
108
1, 0x7ffd77040720, 2
52
SYSCALL
analyzed_bin
writev
108
1, 0x7ffd77040720, 2
98
SYSCALL
analyzed_bin
writev
108
1, 0x7ffd77040720, 2
52
SYSCALL
analyzed_bin
writev
108
1, 0x7ffd77040720, 2
98
SYSCALL
analyzed_bin
writev
108
1, 0x7ffd77040720, 2
52
SYSCALL
analyzed_bin
writev
108
1, 0x7ffd77040720, 2
98
SYSCALL
analyzed_bin
writev
108
1, 0x7ffd77040720, 2
52
SYSCALL
analyzed_bin
writev
108
1, 0x7ffd77040720, 2
98
SYSCALL
analyzed_bin
writev
108
1, 0x7ffd77040720, 2
52
SYSCALL
analyzed_bin
writev
108
1, 0x7ffd77040720, 2
98
SYSCALL
analyzed_bin
writev
108
1, 0x7ffd77040720, 2
52
SYSCALL
analyzed_bin
writev
108
1, 0x7ffd77040720, 2
98
SYSCALL
analyzed_bin
writev
108
1, 0x7ffd77040720, 2
52
SYSCALL
analyzed_bin
writev
108
1, 0x7ffd77040720, 2
98
SYSCALL
analyzed_bin
writev
108
1, 0x7ffd77040720, 2
52
SYSCALL
analyzed_bin
writev
108
1, 0x7ffd77040720, 2
98
SYSCALL
analyzed_bin
writev
108
1, 0x7ffd77040720, 2
52
SYSCALL
analyzed_bin
writev
108
1, 0x7ffd77040720, 2
98
SYSCALL
analyzed_bin
writev
108
1, 0x7ffd77040720, 2
52
SYSCALL
analyzed_bin
writev
108
1, 0x7ffd77040720, 2
98
SYSCALL
analyzed_bin
writev
108
1, 0x7ffd77040720, 2
52
SYSCALL
analyzed_bin
writev
108
1, 0x7ffd77040720, 2
98
SYSCALL
analyzed_bin
writev
108
1, 0x7ffd77040720, 2
52
SYSCALL
analyzed_bin
writev
108
1, 0x7ffd77040720, 2
98
SYSCALL
analyzed_bin
writev
108
1, 0x7ffd77040720, 2
52
SYSCALL
analyzed_bin
writev
108
1, 0x7ffd77040720, 2
98
SYSCALL
analyzed_bin
writev
108
1, 0x7ffd77040720, 2
52
SYSCALL
analyzed_bin
writev
108
1, 0x7ffd77040720, 2
98
SYSCALL
analyzed_bin
writev
108
1, 0x7ffd77040720, 2
52
SYSCALL
analyzed_bin
writev
108
1, 0x7ffd77040720, 2
98
SYSCALL
analyzed_bin
writev
108
1, 0x7ffd77040720, 2
52
SYSCALL
analyzed_bin
writev
108
1, 0x7ffd77040720, 2
98
SYSCALL
analyzed_bin
writev
108
1, 0x7ffd77040720, 2
52
SYSCALL
analyzed_bin
writev
108
1, 0x7ffd77040720, 2
98
SYSCALL
analyzed_bin
writev
108
1, 0x7ffd77040720, 2
52
SYSCALL
analyzed_bin
writev
108
1, 0x7ffd77040720, 2
98
SYSCALL
analyzed_bin
writev
108
1, 0x7ffd77040720, 2
52
SYSCALL
analyzed_bin
writev
108
1, 0x7ffd77040720, 2
98
SYSCALL
analyzed_bin
writev
108
1, 0x7ffd77040720, 2
52
SYSCALL
analyzed_bin
writev
108
1, 0x7ffd77040720, 2
98
SYSCALL
analyzed_bin
writev
108
1, 0x7ffd77040720, 2
52
SYSCALL
analyzed_bin
writev
108
1, 0x7ffd77040720, 2
98
SYSCALL
analyzed_bin
writev
108
1, 0x7ffd77040720, 2
52
SYSCALL
analyzed_bin
writev
108
1, 0x7ffd77040720, 2
98
SYSCALL
analyzed_bin
writev
108
1, 0x7ffd77040720, 2
52
SYSCALL
analyzed_bin
writev
108
1, 0x7ffd77040720, 2
98
SYSCALL
analyzed_bin
writev
108
1, 0x7ffd77040720, 2
52
SYSCALL
analyzed_bin
writev
108
1, 0x7ffd77040720, 2
98
SYSCALL
analyzed_bin
writev
108
1, 0x7ffd77040720, 2
52
SYSCALL
analyzed_bin
writev
108
1, 0x7ffd77040720, 2
98
SYSCALL
analyzed_bin
writev
108
1, 0x7ffd77040720, 2
52
SYSCALL
analyzed_bin
writev
108
1, 0x7ffd77040720, 2
98
SYSCALL
analyzed_bin
writev
108
1, 0x7ffd77040720, 2
52
SYSCALL
analyzed_bin
writev
108
1, 0x7ffd77040720, 2
98
SYSCALL
analyzed_bin
writev
108
1, 0x7ffd77040720, 2
52
SYSCALL
analyzed_bin
writev
108
1, 0x7ffd77040720, 2
98
SYSCALL
analyzed_bin
writev
108
1, 0x7ffd77040720, 2
52
SYSCALL
analyzed_bin
writev
108
1, 0x7ffd77040720, 2
98
SYSCALL
analyzed_bin
writev
108
1, 0x7ffd77040720, 2
52
SYSCALL
analyzed_bin
writev
108
1, 0x7ffd77040720, 2
98
SYSCALL
analyzed_bin
writev
108
1, 0x7ffd77040720, 2
52
SYSCALL
analyzed_bin
writev
108
1, 0x7ffd77040720, 2
98
SYSCALL
analyzed_bin
writev
108
1, 0x7ffd77040720, 2
52
SYSCALL
analyzed_bin
writev
108
1, 0x7ffd77040720, 2
98
SYSCALL
analyzed_bin
writev
108
1, 0x7ffd77040720, 2
52
SYSCALL
analyzed_bin
writev
108
1, 0x7ffd77040720, 2
98
SYSCALL
analyzed_bin
writev
108
1, 0x7ffd77040720, 2
52
SYSCALL
analyzed_bin
writev
108
1, 0x7ffd77040720, 2
98
SYSCALL
analyzed_bin
writev
108
1, 0x7ffd77040720, 2
52
SYSCALL
analyzed_bin
writev
108
1, 0x7ffd77040720, 2
98
SYSCALL
analyzed_bin
writev
108
1, 0x7ffd77040720, 2
52
SYSCALL
analyzed_bin
writev
108
1, 0x7ffd77040720, 2
98
SYSCALL
analyzed_bin
writev
108
1, 0x7ffd77040720, 2
52
SYSCALL
analyzed_bin
writev
108
1, 0x7ffd77040720, 2
98
SYSCALL
analyzed_bin
writev
108
1, 0x7ffd77040720, 2
52
SYSCALL
analyzed_bin
writev
108
1, 0x7ffd77040720, 2
98
SYSCALL
analyzed_bin
writev
108
1, 0x7ffd77040720, 2
52
SYSCALL
analyzed_bin
writev
108
1, 0x7ffd77040720, 2
98
SYSCALL
analyzed_bin
writev
108
1, 0x7ffd77040720, 2
52
SYSCALL
analyzed_bin
writev
108
1, 0x7ffd77040720, 2
98
SYSCALL
analyzed_bin
writev
108
1, 0x7ffd77040720, 2
52
SYSCALL
analyzed_bin
writev
108
1, 0x7ffd77040720, 2
98
SYSCALL
analyzed_bin
writev
108
1, 0x7ffd77040720, 2
52
SYSCALL
analyzed_bin
writev
108
1, 0x7ffd77040720, 2
98
SYSCALL
analyzed_bin
writev
108
1, 0x7ffd77040720, 2
52
SYSCALL
analyzed_bin
writev
108
1, 0x7ffd77040720, 2
98
SYSCALL
analyzed_bin
writev
108
1, 0x7ffd77040720, 2
52
SYSCALL
analyzed_bin
writev
108
1, 0x7ffd77040720, 2
98
SYSCALL
analyzed_bin
writev
108
1, 0x7ffd77040720, 2
52
SYSCALL
analyzed_bin
writev
108
1, 0x7ffd77040720, 2
98
SYSCALL
analyzed_bin
writev
108
1, 0x7ffd77040720, 2
52
SYSCALL
analyzed_bin
writev
108
1, 0x7ffd77040720, 2
98
SYSCALL
analyzed_bin
writev
108
1, 0x7ffd77040720, 2
52
SYSCALL
analyzed_bin
writev
108
1, 0x7ffd77040720, 2
98
SYSCALL
analyzed_bin
writev
108
1, 0x7ffd77040720, 2
52
SYSCALL
analyzed_bin
writev
108
1, 0x7ffd77040720, 2
98
SYSCALL
analyzed_bin
writev
108
1, 0x7ffd77040720, 2
52
SYSCALL
analyzed_bin
writev
108
1, 0x7ffd77040720, 2
98
SYSCALL
analyzed_bin
writev
108
1, 0x7ffd77040720, 2
52
SYSCALL
analyzed_bin
writev
108
1, 0x7ffd77040720, 2
98
SYSCALL
analyzed_bin
writev
108
1, 0x7ffd77040720, 2
52
SYSCALL
analyzed_bin
writev
108
1, 0x7ffd77040720, 2
98
SYSCALL
analyzed_bin
writev
108
1, 0x7ffd77040720, 2
52
SYSCALL
analyzed_bin
writev
108
1, 0x7ffd77040720, 2
98
SYSCALL
analyzed_bin
writev
108
1, 0x7ffd77040720, 2
52
SYSCALL
analyzed_bin
writev
108
1, 0x7ffd77040720, 2
98
SYSCALL
analyzed_bin
writev
108
1, 0x7ffd77040720, 2
52
SYSCALL
analyzed_bin
writev
108
1, 0x7ffd77040720, 2
98
SYSCALL
analyzed_bin
writev
108
1, 0x7ffd77040720, 2
52
SYSCALL
analyzed_bin
writev
108
1, 0x7ffd77040720, 2
98
SYSCALL
analyzed_bin
writev
108
1, 0x7ffd77040720, 2
52
SYSCALL
analyzed_bin
writev
108
1, 0x7ffd77040720, 2
98
SYSCALL
analyzed_bin
writev
108
1, 0x7ffd77040720, 2
52
SYSCALL
analyzed_bin
writev
108
1, 0x7ffd77040720, 2
98
SYSCALL
analyzed_bin
writev
108
1, 0x7ffd77040720, 2
52
SYSCALL
analyzed_bin
writev
108
1, 0x7ffd77040720, 2
98
SYSCALL
analyzed_bin
writev
108
1, 0x7ffd77040720, 2
52
SYSCALL
analyzed_bin
writev
108
1, 0x7ffd77040720, 2
98
SYSCALL
analyzed_bin
writev
108
1, 0x7ffd77040720, 2
52
SYSCALL
analyzed_bin
writev
108
1, 0x7ffd77040720, 2
98
SYSCALL
analyzed_bin
writev
108
1, 0x7ffd77040720, 2
52
SYSCALL
analyzed_bin
writev
108
1, 0x7ffd77040720, 2
98
SYSCALL
analyzed_bin
writev
108
1, 0x7ffd77040720, 2
52
SYSCALL
analyzed_bin
writev
108
1, 0x7ffd77040720, 2
98
SYSCALL
analyzed_bin
writev
108
1, 0x7ffd77040720, 2
52
SYSCALL
analyzed_bin
writev
108
1, 0x7ffd77040720, 2
98
SYSCALL
analyzed_bin
writev
108
1, 0x7ffd77040720, 2
52
SYSCALL
analyzed_bin
writev
108
1, 0x7ffd77040720, 2
98
SYSCALL
analyzed_bin
writev
108
1, 0x7ffd77040720, 2
52
SYSCALL
analyzed_bin
writev
108
1, 0x7ffd77040720, 2
98
SYSCALL
analyzed_bin
writev
108
1, 0x7ffd77040720, 2
52
SYSCALL
analyzed_bin
writev
108
1, 0x7ffd77040720, 2
98
SYSCALL
analyzed_bin
writev
108
1, 0x7ffd77040720, 2
52
SYSCALL
analyzed_bin
writev
108
1, 0x7ffd77040720, 2
98
SYSCALL
analyzed_bin
writev
108
1, 0x7ffd77040720, 2
52
SYSCALL
analyzed_bin
writev
108
1, 0x7ffd77040720, 2
98
SYSCALL
analyzed_bin
writev
108
1, 0x7ffd77040720, 2
52
SYSCALL
analyzed_bin
writev
108
1, 0x7ffd77040720, 2
98
SYSCALL
analyzed_bin
writev
108
1, 0x7ffd77040720, 2
52
SYSCALL
analyzed_bin
writev
108
1, 0x7ffd77040720, 2
98
SYSCALL
analyzed_bin
writev
108
1, 0x7ffd77040720, 2
52
SYSCALL
analyzed_bin
writev
108
1, 0x7ffd77040720, 2
98
SYSCALL
analyzed_bin
writev
108
1, 0x7ffd77040720, 2
52
SYSCALL
analyzed_bin
writev
108
1, 0x7ffd77040720, 2
98
SYSCALL
analyzed_bin
writev
108
1, 0x7ffd77040720, 2
52
SYSCALL
analyzed_bin
writev
108
1, 0x7ffd77040720, 2
98
SYSCALL
analyzed_bin
writev
108
1, 0x7ffd77040720, 2
52
SYSCALL
analyzed_bin
writev
108
1, 0x7ffd77040720, 2
98
SYSCALL
analyzed_bin
writev
108
1, 0x7ffd77040720, 2
52
SYSCALL
analyzed_bin
writev
108
1, 0x7ffd77040720, 2
98
SYSCALL
analyzed_bin
writev
108
1, 0x7ffd77040720, 2
52
SYSCALL
analyzed_bin
writev
108
1, 0x7ffd77040720, 2
98
SYSCALL
analyzed_bin
writev
108
1, 0x7ffd77040720, 2
52
SYSCALL
analyzed_bin
writev
108
1, 0x7ffd77040720, 2
98
SYSCALL
analyzed_bin
writev
108
1, 0x7ffd77040720, 2
52
SYSCALL
analyzed_bin
writev
108
1, 0x7ffd77040720, 2
98
SYSCALL
analyzed_bin
writev
108
1, 0x7ffd77040720, 2
52
SYSCALL
analyzed_bin
writev
108
1, 0x7ffd77040720, 2
98
SYSCALL
analyzed_bin
writev
108
1, 0x7ffd77040720, 2
52
SYSCALL
analyzed_bin
writev
108
1, 0x7ffd77040720, 2
98
SYSCALL
analyzed_bin
writev
108
1, 0x7ffd77040720, 2
52
SYSCALL
analyzed_bin
writev
108
1, 0x7ffd77040720, 2
98
SYSCALL
analyzed_bin
writev
108
1, 0x7ffd77040720, 2
52
SYSCALL
analyzed_bin
writev
108
1, 0x7ffd77040720, 2
98
SYSCALL
analyzed_bin
writev
108
1, 0x7ffd77040720, 2
52
SYSCALL
analyzed_bin
writev
108
1, 0x7ffd77040720, 2
98
SYSCALL
analyzed_bin
writev
108
1, 0x7ffd77040720, 2
52
SYSCALL
analyzed_bin
writev
108
1, 0x7ffd77040720, 2
98
SYSCALL
analyzed_bin
writev
108
1, 0x7ffd77040720, 2
52
SYSCALL
analyzed_bin
writev
108
1, 0x7ffd77040720, 2
98
SYSCALL
analyzed_bin
writev
108
1, 0x7ffd77040720, 2
52
SYSCALL
analyzed_bin
writev
108
1, 0x7ffd77040720, 2
98
SYSCALL
analyzed_bin
writev
108
1, 0x7ffd77040720, 2
52
SYSCALL
analyzed_bin
writev
108
1, 0x7ffd77040720, 2
98
SYSCALL
analyzed_bin
writev
108
1, 0x7ffd77040720, 2
52
SYSCALL
analyzed_bin
writev
108
1, 0x7ffd77040720, 2
98
SYSCALL
analyzed_bin
writev
108
1, 0x7ffd77040720, 2
52
SYSCALL
analyzed_bin
writev
108
1, 0x7ffd77040720, 2
98
SYSCALL
analyzed_bin
writev
108
1, 0x7ffd77040720, 2
52
SYSCALL
analyzed_bin
writev
108
1, 0x7ffd77040720, 2
98
SYSCALL
analyzed_bin
writev
108
1, 0x7ffd77040720, 2
52
SYSCALL
analyzed_bin
writev
108
1, 0x7ffd77040720, 2
98
SYSCALL
analyzed_bin
writev
108
1, 0x7ffd77040720, 2
52
SYSCALL
analyzed_bin
writev
108
1, 0x7ffd77040720, 2
98
SYSCALL
analyzed_bin
writev
108
1, 0x7ffd77040720, 2
52
SYSCALL
analyzed_bin
writev
108
1, 0x7ffd77040720, 2
98
SYSCALL
analyzed_bin
writev
108
1, 0x7ffd77040720, 2
52
SYSCALL
analyzed_bin
writev
108
1, 0x7ffd77040720, 2
98
SYSCALL
analyzed_bin
writev
108
1, 0x7ffd77040720, 2
52
SYSCALL
analyzed_bin
writev
108
1, 0x7ffd77040720, 2
98
SYSCALL
analyzed_bin
writev
108
1, 0x7ffd77040720, 2
52
SYSCALL
analyzed_bin
writev
108
1, 0x7ffd77040720, 2
98
SYSCALL
analyzed_bin
writev
108
1, 0x7ffd77040720, 2
52
SYSCALL
analyzed_bin
writev
108
1, 0x7ffd77040720, 2
98
SYSCALL
analyzed_bin
writev
108
1, 0x7ffd77040720, 2
52
SYSCALL
analyzed_bin
writev
108
1, 0x7ffd77040720, 2
98
SYSCALL
analyzed_bin
writev
108
1, 0x7ffd77040720, 2
52
SYSCALL
analyzed_bin
writev
108
1, 0x7ffd77040720, 2
98
SYSCALL
analyzed_bin
writev
108
1, 0x7ffd77040720, 2
52
SYSCALL
analyzed_bin
writev
108
1, 0x7ffd77040720, 2
98
SYSCALL
analyzed_bin
writev
108
1, 0x7ffd77040720, 2
52
SYSCALL
analyzed_bin
writev
108
1, 0x7ffd77040720, 2
98
SYSCALL
analyzed_bin
writev
108
1, 0x7ffd77040720, 2
52
SYSCALL
analyzed_bin
writev
108
1, 0x7ffd77040720, 2
98
SYSCALL
analyzed_bin
writev
108
1, 0x7ffd77040720, 2
52
SYSCALL
analyzed_bin
writev
108
1, 0x7ffd77040720, 2
98
SYSCALL
analyzed_bin
writev
108
1, 0x7ffd77040720, 2
52
SYSCALL
analyzed_bin
writev
108
1, 0x7ffd77040720, 2
98
SYSCALL
analyzed_bin
writev
108
1, 0x7ffd77040720, 2
52
SYSCALL
analyzed_bin
writev
108
1, 0x7ffd77040720, 2
98
SYSCALL
analyzed_bin
writev
108
1, 0x7ffd77040720, 2
52
SYSCALL
analyzed_bin
writev
108
1, 0x7ffd77040720, 2
98
SYSCALL
analyzed_bin
writev
108
1, 0x7ffd77040720, 2
52
SYSCALL
analyzed_bin
writev
108
1, 0x7ffd77040720, 2
98
SYSCALL
analyzed_bin
writev
108
1, 0x7ffd77040720, 2
52
SYSCALL
analyzed_bin
writev
108
1, 0x7ffd77040720, 2
98
SYSCALL
analyzed_bin
writev
108
1, 0x7ffd77040720, 2
52
SYSCALL
analyzed_bin
writev
108
1, 0x7ffd77040720, 2
98
SYSCALL
analyzed_bin
writev
108
1, 0x7ffd77040720, 2
52
SYSCALL
analyzed_bin
writev
108
1, 0x7ffd77040720, 2
98
SYSCALL
analyzed_bin
writev
108
1, 0x7ffd77040720, 2
52
SYSCALL
analyzed_bin
writev
108
1, 0x7ffd77040720, 2
98
SYSCALL
analyzed_bin
writev
108
1, 0x7ffd77040720, 2
52
SYSCALL
analyzed_bin
writev
108
1, 0x7ffd77040720, 2
98
SYSCALL
analyzed_bin
writev
108
1, 0x7ffd77040720, 2
52
SYSCALL
analyzed_bin
writev
108
1, 0x7ffd77040720, 2
98
SYSCALL
analyzed_bin
writev
108
1, 0x7ffd77040720, 2
52
SYSCALL
analyzed_bin
writev
108
1, 0x7ffd77040720, 2
98
SYSCALL
analyzed_bin
writev
108
1, 0x7ffd77040720, 2
52
SYSCALL
analyzed_bin
writev
108
1, 0x7ffd77040720, 2
98
SYSCALL
analyzed_bin
writev
108
1, 0x7ffd77040720, 2
52
SYSCALL
analyzed_bin
writev
108
1, 0x7ffd77040720, 2
98
SYSCALL
analyzed_bin
writev
108
1, 0x7ffd77040720, 2
52
SYSCALL
analyzed_bin
writev
108
1, 0x7ffd77040720, 2
98
SYSCALL
analyzed_bin
writev
108
1, 0x7ffd77040720, 2
52
SYSCALL
analyzed_bin
writev
108
1, 0x7ffd77040720, 2
98
SYSCALL
analyzed_bin
writev
108
1, 0x7ffd77040720, 2
52
SYSCALL
analyzed_bin
writev
108
1, 0x7ffd77040720, 2
98
SYSCALL
analyzed_bin
writev
108
1, 0x7ffd77040720, 2
52
SYSCALL
analyzed_bin
writev
108
1, 0x7ffd77040720, 2
98
SYSCALL
analyzed_bin
writev
108
1, 0x7ffd77040720, 2
52
SYSCALL
analyzed_bin
writev
108
1, 0x7ffd77040720, 2
98
SYSCALL
analyzed_bin
writev
108
1, 0x7ffd77040720, 2
52
SYSCALL
analyzed_bin
writev
108
1, 0x7ffd77040720, 2
98
SYSCALL
analyzed_bin
writev
108
1, 0x7ffd77040720, 2
52
SYSCALL
analyzed_bin
writev
108
1, 0x7ffd77040720, 2
98
SYSCALL
analyzed_bin
writev
108
1, 0x7ffd77040720, 2
52
SYSCALL
analyzed_bin
writev
108
1, 0x7ffd77040720, 2
98
SYSCALL
analyzed_bin
writev
108
1, 0x7ffd77040720, 2
52
SYSCALL
analyzed_bin
writev
108
1, 0x7ffd77040720, 2
98
SYSCALL
analyzed_bin
writev
108
1, 0x7ffd77040720, 2
52
SYSCALL
analyzed_bin
writev
108
1, 0x7ffd77040720, 2
98
SYSCALL
analyzed_bin
writev
108
1, 0x7ffd77040720, 2
52
SYSCALL
analyzed_bin
writev
108
1, 0x7ffd77040720, 2
98
SYSCALL
analyzed_bin
writev
108
1, 0x7ffd77040720, 2
52
SYSCALL
analyzed_bin
writev
108
1, 0x7ffd77040720, 2
98
SYSCALL
analyzed_bin
writev
108
1, 0x7ffd77040720, 2
52
SYSCALL
analyzed_bin
writev
108
1, 0x7ffd77040720, 2
98
SYSCALL
analyzed_bin
writev
108
1, 0x7ffd77040720, 2
52
SYSCALL
analyzed_bin
writev
108
1, 0x7ffd77040720, 2
98
SYSCALL
analyzed_bin
writev
108
1, 0x7ffd77040720, 2
52
SYSCALL
analyzed_bin
writev
108
1, 0x7ffd77040720, 2
98
SYSCALL
analyzed_bin
writev
108
1, 0x7ffd77040720, 2
52
SYSCALL
analyzed_bin
writev
108
1, 0x7ffd77040720, 2
98
SYSCALL
analyzed_bin
writev
108
1, 0x7ffd77040720, 2
52
SYSCALL
analyzed_bin
writev
108
1, 0x7ffd77040720, 2
98
SYSCALL
analyzed_bin
writev
108
1, 0x7ffd77040720, 2
52
SYSCALL
analyzed_bin
writev
108
1, 0x7ffd77040720, 2
98
SYSCALL
analyzed_bin
writev
108
1, 0x7ffd77040720, 2
52
SYSCALL
analyzed_bin
writev
108
1, 0x7ffd77040720, 2
98
SYSCALL
analyzed_bin
writev
108
1, 0x7ffd77040720, 2
52
SYSCALL
analyzed_bin
writev
108
1, 0x7ffd77040720, 2
98
SYSCALL
analyzed_bin
writev
108
1, 0x7ffd77040720, 2
52
SYSCALL
analyzed_bin
writev
108
1, 0x7ffd77040720, 2
98
SYSCALL
analyzed_bin
writev
108
1, 0x7ffd77040720, 2
52
SYSCALL
analyzed_bin
writev
108
1, 0x7ffd77040720, 2
98
SYSCALL
analyzed_bin
writev
108
1, 0x7ffd77040720, 2
52
SYSCALL
analyzed_bin
writev
108
1, 0x7ffd77040720, 2
98
SYSCALL
analyzed_bin
writev
108
1, 0x7ffd77040720, 2
52
SYSCALL
analyzed_bin
writev
108
1, 0x7ffd77040720, 2
98
SYSCALL
analyzed_bin
writev
108
1, 0x7ffd77040720, 2
52
SYSCALL
analyzed_bin
writev
108
1, 0x7ffd77040720, 2
98
SYSCALL
analyzed_bin
writev
108
1, 0x7ffd77040720, 2
52
SYSCALL
analyzed_bin
writev
108
1, 0x7ffd77040720, 2
98
SYSCALL
analyzed_bin
writev
108
1, 0x7ffd77040720, 2
52
SYSCALL
analyzed_bin
writev
108
1, 0x7ffd77040720, 2
98
SYSCALL
analyzed_bin
writev
108
1, 0x7ffd77040720, 2
52
SYSCALL
analyzed_bin
writev
108
1, 0x7ffd77040720, 2
98
SYSCALL
analyzed_bin
writev
108
1, 0x7ffd77040720, 2
52
SYSCALL
analyzed_bin
writev
108
1, 0x7ffd77040720, 2
98
SYSCALL
analyzed_bin
writev
108
1, 0x7ffd77040720, 2
52
SYSCALL
analyzed_bin
writev
108
1, 0x7ffd77040720, 2
98
SYSCALL
analyzed_bin
writev
108
1, 0x7ffd77040720, 2
52
SYSCALL
analyzed_bin
writev
108
1, 0x7ffd77040720, 2
98
SYSCALL
analyzed_bin
writev
108
1, 0x7ffd77040720, 2
52
SYSCALL
analyzed_bin
writev
108
1, 0x7ffd77040720, 2
98
SYSCALL
analyzed_bin
writev
108
1, 0x7ffd77040720, 2
52
SYSCALL
analyzed_bin
writev
108
1, 0x7ffd77040720, 2
98
SYSCALL
analyzed_bin
writev
108
1, 0x7ffd77040720, 2
52
SYSCALL
analyzed_bin
writev
108
1, 0x7ffd77040720, 2
98
SYSCALL
analyzed_bin
writev
108
1, 0x7ffd77040720, 2
52
SYSCALL
analyzed_bin
writev
108
1, 0x7ffd77040720, 2
98
SYSCALL
analyzed_bin
writev
108
1, 0x7ffd77040720, 2
52
SYSCALL
analyzed_bin
writev
108
1, 0x7ffd77040720, 2
98
SYSCALL
analyzed_bin
writev
108
1, 0x7ffd77040720, 2
52
SYSCALL
analyzed_bin
writev
108
1, 0x7ffd77040720, 2
98
SYSCALL
analyzed_bin
writev
108
1, 0x7ffd77040720, 2
52
SYSCALL
analyzed_bin
writev
108
1, 0x7ffd77040720, 2
98
SYSCALL
analyzed_bin
writev
108
1, 0x7ffd77040720, 2
52
SYSCALL
analyzed_bin
writev
108
1, 0x7ffd77040720, 2
98
SYSCALL
analyzed_bin
writev
108
1, 0x7ffd77040720, 2
52
SYSCALL
analyzed_bin
writev
108
1, 0x7ffd77040720, 2
98
SYSCALL
analyzed_bin
writev
108
1, 0x7ffd77040720, 2
52
SYSCALL
analyzed_bin
writev
108
1, 0x7ffd77040720, 2
98
SYSCALL
analyzed_bin
writev
108
1, 0x7ffd77040720, 2
52
SYSCALL
analyzed_bin
writev
108
1, 0x7ffd77040720, 2
98
SYSCALL
analyzed_bin
writev
108
1, 0x7ffd77040720, 2
52
SYSCALL
analyzed_bin
writev
108
1, 0x7ffd77040720, 2
98
SYSCALL
analyzed_bin
writev
108
1, 0x7ffd77040720, 2
52
SYSCALL
analyzed_bin
writev
108
1, 0x7ffd77040720, 2
98
SYSCALL
analyzed_bin
writev
108
1, 0x7ffd77040720, 2
52
SYSCALL
analyzed_bin
writev
108
1, 0x7ffd77040720, 2
98
SYSCALL
analyzed_bin
writev
108
1, 0x7ffd77040720, 2
52
SYSCALL
analyzed_bin
writev
108
1, 0x7ffd77040720, 2
98
SYSCALL
analyzed_bin
writev
108
1, 0x7ffd77040720, 2
52
SYSCALL
analyzed_bin
writev
108
1, 0x7ffd77040720, 2
98
SYSCALL
analyzed_bin
writev
108
1, 0x7ffd77040720, 2
52
SYSCALL
analyzed_bin
writev
108
1, 0x7ffd77040720, 2
98
SYSCALL
analyzed_bin
writev
108
1, 0x7ffd77040720, 2
52
SYSCALL
analyzed_bin
writev
108
1, 0x7ffd77040720, 2
98
SYSCALL
analyzed_bin
writev
108
1, 0x7ffd77040720, 2
52
SYSCALL
analyzed_bin
writev
108
1, 0x7ffd77040720, 2
98
SYSCALL
analyzed_bin
writev
108
1, 0x7ffd77040720, 2
52
SYSCALL
analyzed_bin
writev
108
1, 0x7ffd77040720, 2
98
SYSCALL
analyzed_bin
writev
108
1, 0x7ffd77040720, 2
52
SYSCALL
analyzed_bin
writev
108
1, 0x7ffd77040720, 2
98
SYSCALL
analyzed_bin
writev
108
1, 0x7ffd77040720, 2
52
SYSCALL
analyzed_bin
writev
108
1, 0x7ffd77040720, 2
98
SYSCALL
analyzed_bin
writev
108
1, 0x7ffd77040720, 2
52
SYSCALL
analyzed_bin
writev
108
1, 0x7ffd77040720, 2
98
SYSCALL
analyzed_bin
writev
108
1, 0x7ffd77040720, 2
52
SYSCALL
analyzed_bin
writev
108
1, 0x7ffd77040720, 2
98
SYSCALL
analyzed_bin
writev
108
1, 0x7ffd77040720, 2
52
SYSCALL
analyzed_bin
writev
108
1, 0x7ffd77040720, 2
98
SYSCALL
analyzed_bin
writev
108
1, 0x7ffd77040720, 2
52
SYSCALL
analyzed_bin
writev
108
1, 0x7ffd77040720, 2
98
SYSCALL
analyzed_bin
writev
108
1, 0x7ffd77040720, 2
52
SYSCALL
analyzed_bin
writev
108
1, 0x7ffd77040720, 2
98
SYSCALL
analyzed_bin
writev
108
1, 0x7ffd77040720, 2
52
SYSCALL
analyzed_bin
writev
108
1, 0x7ffd77040720, 2
98
SYSCALL
analyzed_bin
writev
108
1, 0x7ffd77040720, 2
52
SYSCALL
analyzed_bin
writev
108
1, 0x7ffd77040720, 2
98
SYSCALL
analyzed_bin
writev
108
1, 0x7ffd77040720, 2
52
SYSCALL
analyzed_bin
writev
108
1, 0x7ffd77040720, 2
98
SYSCALL
analyzed_bin
writev
108
1, 0x7ffd77040720, 2
52
SYSCALL
analyzed_bin
writev
108
1, 0x7ffd77040720, 2
98
SYSCALL
analyzed_bin
writev
108
1, 0x7ffd77040720, 2
52
SYSCALL
analyzed_bin
writev
108
1, 0x7ffd77040720, 2
98
SYSCALL
analyzed_bin
writev
108
1, 0x7ffd77040720, 2
52
SYSCALL
analyzed_bin
writev
108
1, 0x7ffd77040720, 2
98
SYSCALL
analyzed_bin
writev
108
1, 0x7ffd77040720, 2
52
SYSCALL
analyzed_bin
writev
108
1, 0x7ffd77040720, 2
98
SYSCALL
analyzed_bin
writev
108
1, 0x7ffd77040720, 2
52
SYSCALL
analyzed_bin
writev
108
1, 0x7ffd77040720, 2
98
SYSCALL
analyzed_bin
writev
108
1, 0x7ffd77040720, 2
52
SYSCALL
analyzed_bin
writev
108
1, 0x7ffd77040720, 2
98
SYSCALL
analyzed_bin
writev
108
1, 0x7ffd77040720, 2
52
SYSCALL
analyzed_bin
writev
108
1, 0x7ffd77040720, 2
98
SYSCALL
analyzed_bin
writev
108
1, 0x7ffd77040720, 2
52
SYSCALL
analyzed_bin
writev
108
1, 0x7ffd77040720, 2
98
SYSCALL
analyzed_bin
writev
108
1, 0x7ffd77040720, 2
52
SYSCALL
analyzed_bin
writev
108
1, 0x7ffd77040720, 2
98
SYSCALL
analyzed_bin
writev
108
1, 0x7ffd77040720, 2
52
SYSCALL
analyzed_bin
writev
108
1, 0x7ffd77040720, 2
98
SYSCALL
analyzed_bin
writev
108
1, 0x7ffd77040720, 2
52
SYSCALL
analyzed_bin
writev
108
1, 0x7ffd77040720, 2
98
SYSCALL
analyzed_bin
writev
108
1, 0x7ffd77040720, 2
52
SYSCALL
analyzed_bin
writev
108
1, 0x7ffd77040720, 2
98
SYSCALL
analyzed_bin
writev
108
1, 0x7ffd77040720, 2
52
SYSCALL
analyzed_bin
writev
108
1, 0x7ffd77040720, 2
98
SYSCALL
analyzed_bin
writev
108
1, 0x7ffd77040720, 2
52
SYSCALL
analyzed_bin
writev
108
1, 0x7ffd77040720, 2
98
SYSCALL
analyzed_bin
writev
108
1, 0x7ffd77040720, 2
52
SYSCALL
analyzed_bin
writev
108
1, 0x7ffd77040720, 2
98
SYSCALL
analyzed_bin
writev
108
1, 0x7ffd77040720, 2
52
SYSCALL
analyzed_bin
writev
108
1, 0x7ffd77040720, 2
98
SYSCALL
analyzed_bin
writev
108
1, 0x7ffd77040720, 2
52
SYSCALL
analyzed_bin
writev
108
1, 0x7ffd77040720, 2
98
SYSCALL
analyzed_bin
writev
108
1, 0x7ffd77040720, 2
52
SYSCALL
analyzed_bin
writev
108
1, 0x7ffd77040720, 2
98
SYSCALL
analyzed_bin
writev
108
1, 0x7ffd77040720, 2
52
SYSCALL
analyzed_bin
writev
108
1, 0x7ffd77040720, 2
98
SYSCALL
analyzed_bin
writev
108
1, 0x7ffd77040720, 2
52
SYSCALL
analyzed_bin
writev
108
1, 0x7ffd77040720, 2
98
SYSCALL
analyzed_bin
writev
108
1, 0x7ffd77040720, 2
52
SYSCALL
analyzed_bin
writev
108
1, 0x7ffd77040720, 2
98
SYSCALL
analyzed_bin
writev
108
1, 0x7ffd77040720, 2
52
SYSCALL
analyzed_bin
writev
108
1, 0x7ffd77040720, 2
98
SYSCALL
analyzed_bin
writev
108
1, 0x7ffd77040720, 2
52
SYSCALL
analyzed_bin
writev
108
1, 0x7ffd77040720, 2
98
SYSCALL
analyzed_bin
writev
108
1, 0x7ffd77040720, 2
52
SYSCALL
analyzed_bin
writev
108
1, 0x7ffd77040720, 2
98
SYSCALL
analyzed_bin
writev
108
1, 0x7ffd77040720, 2
52
SYSCALL
analyzed_bin
writev
108
1, 0x7ffd77040720, 2
98
SYSCALL
analyzed_bin
writev
108
1, 0x7ffd77040720, 2
52
SYSCALL
analyzed_bin
writev
108
1, 0x7ffd77040720, 2
98
SYSCALL
analyzed_bin
writev
108
1, 0x7ffd77040720, 2
52
SYSCALL
analyzed_bin
writev
108
1, 0x7ffd77040720, 2
98
SYSCALL
analyzed_bin
writev
108
1, 0x7ffd77040720, 2
52
SYSCALL
analyzed_bin
writev
108
1, 0x7ffd77040720, 2
98
SYSCALL
analyzed_bin
writev
108
1, 0x7ffd77040720, 2
52
SYSCALL
analyzed_bin
writev
108
1, 0x7ffd77040720, 2
98
SYSCALL
analyzed_bin
writev
108
1, 0x7ffd77040720, 2
52
SYSCALL
analyzed_bin
writev
108
1, 0x7ffd77040720, 2
98
SYSCALL
analyzed_bin
writev
108
1, 0x7ffd77040720, 2
52
SYSCALL
analyzed_bin
writev
108
1, 0x7ffd77040720, 2
98
SYSCALL
analyzed_bin
writev
108
1, 0x7ffd77040720, 2
52
SYSCALL
analyzed_bin
writev
108
1, 0x7ffd77040720, 2
98
SYSCALL
analyzed_bin
writev
108
1, 0x7ffd77040720, 2
52
SYSCALL
analyzed_bin
writev
108
1, 0x7ffd77040720, 2
98
SYSCALL
analyzed_bin
writev
108
1, 0x7ffd77040720, 2
52
SYSCALL
analyzed_bin
writev
108
1, 0x7ffd77040720, 2
98
SYSCALL
analyzed_bin
writev
108
1, 0x7ffd77040720, 2
52
SYSCALL
analyzed_bin
writev
108
1, 0x7ffd77040720, 2
98
SYSCALL
analyzed_bin
writev
108
1, 0x7ffd77040720, 2
52
SYSCALL
analyzed_bin
writev
108
1, 0x7ffd77040720, 2
98
SYSCALL
analyzed_bin
writev
108
1, 0x7ffd77040720, 2
52
SYSCALL
analyzed_bin
writev
108
1, 0x7ffd77040720, 2
98
SYSCALL
analyzed_bin
writev
108
1, 0x7ffd77040720, 2
52
SYSCALL
analyzed_bin
writev
108
1, 0x7ffd77040720, 2
98
SYSCALL
analyzed_bin
writev
108
1, 0x7ffd77040720, 2
52
SYSCALL
analyzed_bin
writev
108
1, 0x7ffd77040720, 2
98
SYSCALL
analyzed_bin
writev
108
1, 0x7ffd77040720, 2
52
SYSCALL
analyzed_bin
writev
108
1, 0x7ffd77040720, 2
98
SYSCALL
analyzed_bin
writev
108
1, 0x7ffd77040720, 2
52
SYSCALL
analyzed_bin
writev
108
1, 0x7ffd77040720, 2
98
SYSCALL
analyzed_bin
writev
108
1, 0x7ffd77040720, 2
52
SYSCALL
analyzed_bin
writev
108
1, 0x7ffd77040720, 2
98
SYSCALL
analyzed_bin
writev
108
1, 0x7ffd77040720, 2
52
SYSCALL
analyzed_bin
writev
108
1, 0x7ffd77040720, 2
98
SYSCALL
analyzed_bin
writev
108
1, 0x7ffd77040720, 2
52
SYSCALL
analyzed_bin
writev
108
1, 0x7ffd77040720, 2
98
SYSCALL
analyzed_bin
writev
108
1, 0x7ffd77040720, 2
52
SYSCALL
analyzed_bin
writev
108
1, 0x7ffd77040720, 2
98
SYSCALL
analyzed_bin
writev
108
1, 0x7ffd77040720, 2
52
SYSCALL
analyzed_bin
writev
108
1, 0x7ffd77040720, 2
98
SYSCALL
analyzed_bin
writev
108
1, 0x7ffd77040720, 2
52
SYSCALL
analyzed_bin
writev
108
1, 0x7ffd77040720, 2
98
SYSCALL
analyzed_bin
writev
108
1, 0x7ffd77040720, 2
52
SYSCALL
analyzed_bin
writev
108
1, 0x7ffd77040720, 2
98
SYSCALL
analyzed_bin
writev
108
1, 0x7ffd77040720, 2
52
SYSCALL
analyzed_bin
writev
108
1, 0x7ffd77040720, 2
98
SYSCALL
analyzed_bin
writev
108
1, 0x7ffd77040720, 2
52
SYSCALL
analyzed_bin
writev
108
1, 0x7ffd77040720, 2
98
SYSCALL
analyzed_bin
writev
108
1, 0x7ffd77040720, 2
52
SYSCALL
analyzed_bin
writev
108
1, 0x7ffd77040720, 2
98
SYSCALL
analyzed_bin
writev
108
1, 0x7ffd77040720, 2
52
SYSCALL
analyzed_bin
writev
108
1, 0x7ffd77040720, 2
98
SYSCALL
analyzed_bin
writev
108
1, 0x7ffd77040720, 2
52
SYSCALL
analyzed_bin
writev
108
1, 0x7ffd77040720, 2
98
SYSCALL
analyzed_bin
writev
108
1, 0x7ffd77040720, 2
52
SYSCALL
analyzed_bin
writev
108
1, 0x7ffd77040720, 2
98
SYSCALL
analyzed_bin
writev
108
1, 0x7ffd77040720, 2
52
SYSCALL
analyzed_bin
writev
108
1, 0x7ffd77040720, 2
98
SYSCALL
analyzed_bin
writev
108
1, 0x7ffd77040720, 2
52
SYSCALL
analyzed_bin
writev
108
1, 0x7ffd77040720, 2
98
SYSCALL
analyzed_bin
writev
108
1, 0x7ffd77040720, 2
52
SYSCALL
analyzed_bin
writev
108
1, 0x7ffd77040720, 2
98
SYSCALL
analyzed_bin
writev
108
1, 0x7ffd77040720, 2
52
SYSCALL
analyzed_bin
writev
108
1, 0x7ffd77040720, 2
98
SYSCALL
analyzed_bin
writev
108
1, 0x7ffd77040720, 2
52
SYSCALL
analyzed_bin
writev
108
1, 0x7ffd77040720, 2
98
SYSCALL
analyzed_bin
writev
108
1, 0x7ffd77040720, 2
52
SYSCALL
analyzed_bin
writev
108
1, 0x7ffd77040720, 2
98
SYSCALL
analyzed_bin
writev
108
1, 0x7ffd77040720, 2
52
SYSCALL
analyzed_bin
writev
108
1, 0x7ffd77040720, 2
98
SYSCALL
analyzed_bin
writev
108
1, 0x7ffd77040720, 2
52
SYSCALL
analyzed_bin
writev
108
1, 0x7ffd77040720, 2
98
SYSCALL
analyzed_bin
writev
108
1, 0x7ffd77040720, 2
52
SYSCALL
analyzed_bin
writev
108
1, 0x7ffd77040720, 2
98
SYSCALL
analyzed_bin
writev
108
1, 0x7ffd77040720, 2
52
SYSCALL
analyzed_bin
writev
108
1, 0x7ffd77040720, 2
98
SYSCALL
analyzed_bin
writev
108
1, 0x7ffd77040720, 2
52
SYSCALL
analyzed_bin
writev
108
1, 0x7ffd77040720, 2
98
SYSCALL
analyzed_bin
writev
108
1, 0x7ffd77040720, 2
52
SYSCALL
analyzed_bin
writev
108
1, 0x7ffd77040720, 2
98
SYSCALL
analyzed_bin
writev
108
1, 0x7ffd77040720, 2
52
SYSCALL
analyzed_bin
writev
108
1, 0x7ffd77040720, 2
98
SYSCALL
analyzed_bin
writev
108
1, 0x7ffd77040720, 2
52
SYSCALL
analyzed_bin
writev
108
1, 0x7ffd77040720, 2
98
SYSCALL
analyzed_bin
writev
108
1, 0x7ffd77040720, 2
52
SYSCALL
analyzed_bin
writev
108
1, 0x7ffd77040720, 2
98
SYSCALL
analyzed_bin
writev
108
1, 0x7ffd77040720, 2
52
SYSCALL
analyzed_bin
writev
108
1, 0x7ffd77040720, 2
98
SYSCALL
analyzed_bin
writev
108
1, 0x7ffd77040720, 2
52
SYSCALL
analyzed_bin
writev
108
1, 0x7ffd77040720, 2
98
SYSCALL
analyzed_bin
writev
108
1, 0x7ffd77040720, 2
52
SYSCALL
analyzed_bin
writev
108
1, 0x7ffd77040720, 2
98
SYSCALL
analyzed_bin
writev
108
1, 0x7ffd77040720, 2
52
SYSCALL
analyzed_bin
writev
108
1, 0x7ffd77040720, 2
98
SYSCALL
analyzed_bin
writev
108
1, 0x7ffd77040720, 2
52
SYSCALL
analyzed_bin
writev
108
1, 0x7ffd77040720, 2
98
SYSCALL
analyzed_bin
writev
108
1, 0x7ffd77040720, 2
52
SYSCALL
analyzed_bin
writev
108
1, 0x7ffd77040720, 2
98
SYSCALL
analyzed_bin
writev
108
1, 0x7ffd77040720, 2
52
SYSCALL
analyzed_bin
writev
108
1, 0x7ffd77040720, 2
98
SYSCALL
analyzed_bin
writev
108
1, 0x7ffd77040720, 2
52
SYSCALL
analyzed_bin
writev
108
1, 0x7ffd77040720, 2
98
SYSCALL
analyzed_bin
writev
108
1, 0x7ffd77040720, 2
52
SYSCALL
analyzed_bin
writev
108
1, 0x7ffd77040720, 2
98
SYSCALL
analyzed_bin
writev
108
1, 0x7ffd77040720, 2
52
SYSCALL
analyzed_bin
writev
108
1, 0x7ffd77040720, 2
98
SYSCALL
analyzed_bin
writev
108
1, 0x7ffd77040720, 2
52
SYSCALL
analyzed_bin
writev
108
1, 0x7ffd77040720, 2
98
SYSCALL
analyzed_bin
writev
108
1, 0x7ffd77040720, 2
52
SYSCALL
analyzed_bin
writev
108
1, 0x7ffd77040720, 2
98
SYSCALL
analyzed_bin
writev
108
1, 0x7ffd77040720, 2
52
SYSCALL
analyzed_bin
writev
108
1, 0x7ffd77040720, 2
98
SYSCALL
analyzed_bin
writev
108
1, 0x7ffd77040720, 2
52
SYSCALL
analyzed_bin
writev
108
1, 0x7ffd77040720, 2
98
SYSCALL
analyzed_bin
writev
108
1, 0x7ffd77040720, 2
52
SYSCALL
analyzed_bin
writev
108
1, 0x7ffd77040720, 2
98
SYSCALL
analyzed_bin
writev
108
1, 0x7ffd77040720, 2
52
SYSCALL
analyzed_bin
writev
108
1, 0x7ffd77040720, 2
98
SYSCALL
analyzed_bin
writev
108
1, 0x7ffd77040720, 2
52
SYSCALL
analyzed_bin
writev
108
1, 0x7ffd77040720, 2
98
SYSCALL
analyzed_bin
writev
108
1, 0x7ffd77040720, 2
52
SYSCALL
analyzed_bin
writev
108
1, 0x7ffd77040720, 2
98
SYSCALL
analyzed_bin
writev
108
1, 0x7ffd77040720, 2
52
SYSCALL
analyzed_bin
writev
108
1, 0x7ffd77040720, 2
98
SYSCALL
analyzed_bin
writev
108
1, 0x7ffd77040720, 2
52
SYSCALL
analyzed_bin
writev
108
1, 0x7ffd77040720, 2
98
SYSCALL
analyzed_bin
writev
108
1, 0x7ffd77040720, 2
52
SYSCALL
analyzed_bin
writev
108
1, 0x7ffd77040720, 2
98
SYSCALL
analyzed_bin
writev
108
1, 0x7ffd77040720, 2
52
SYSCALL
analyzed_bin
writev
108
1, 0x7ffd77040720, 2
98
SYSCALL
analyzed_bin
writev
108
1, 0x7ffd77040720, 2
52
SYSCALL
analyzed_bin
writev
108
1, 0x7ffd77040720, 2
98
SYSCALL
analyzed_bin
writev
108
1, 0x7ffd77040720, 2
52
SYSCALL
analyzed_bin
writev
108
1, 0x7ffd77040720, 2
98
SYSCALL
analyzed_bin
writev
108
1, 0x7ffd77040720, 2
52
SYSCALL
analyzed_bin
writev
108
1, 0x7ffd77040720, 2
98
SYSCALL
analyzed_bin
writev
108
1, 0x7ffd77040720, 2
52
SYSCALL
analyzed_bin
writev
108
1, 0x7ffd77040720, 2
98
SYSCALL
analyzed_bin
writev
108
1, 0x7ffd77040720, 2
52
SYSCALL
analyzed_bin
writev
108
1, 0x7ffd77040720, 2
98
SYSCALL
analyzed_bin
writev
108
1, 0x7ffd77040720, 2
52
SYSCALL
analyzed_bin
writev
108
1, 0x7ffd77040720, 2
98
SYSCALL
analyzed_bin
writev
108
1, 0x7ffd77040720, 2
52
SYSCALL
analyzed_bin
writev
108
1, 0x7ffd77040720, 2
98
SYSCALL
analyzed_bin
writev
108
1, 0x7ffd77040720, 2
52
SYSCALL
analyzed_bin
writev
108
1, 0x7ffd77040720, 2
98
SYSCALL
analyzed_bin
writev
108
1, 0x7ffd77040720, 2
52
SYSCALL
analyzed_bin
writev
108
1, 0x7ffd77040720, 2
98
SYSCALL
analyzed_bin
writev
108
1, 0x7ffd77040720, 2
52
SYSCALL
analyzed_bin
writev
108
1, 0x7ffd77040720, 2
98
SYSCALL
analyzed_bin
writev
108
1, 0x7ffd77040720, 2
52
SYSCALL
analyzed_bin
writev
108
1, 0x7ffd77040720, 2
98
SYSCALL
analyzed_bin
writev
108
1, 0x7ffd77040720, 2
52
SYSCALL
analyzed_bin
writev
108
1, 0x7ffd77040720, 2
98
SYSCALL
analyzed_bin
writev
108
1, 0x7ffd77040720, 2
52
SYSCALL
analyzed_bin
writev
108
1, 0x7ffd77040720, 2
98
SYSCALL
analyzed_bin
writev
108
1, 0x7ffd77040720, 2
52
SYSCALL
analyzed_bin
writev
108
1, 0x7ffd77040720, 2
98
SYSCALL
analyzed_bin
writev
108
1, 0x7ffd77040720, 2
52
SYSCALL
analyzed_bin
writev
108
1, 0x7ffd77040720, 2
98
SYSCALL
analyzed_bin
writev
108
1, 0x7ffd77040720, 2
52
SYSCALL
analyzed_bin
writev
108
1, 0x7ffd77040720, 2
98
SYSCALL
analyzed_bin
writev
108
1, 0x7ffd77040720, 2
52
SYSCALL
analyzed_bin
writev
108
1, 0x7ffd77040720, 2
98
SYSCALL
analyzed_bin
writev
108
1, 0x7ffd77040720, 2
52
SYSCALL
analyzed_bin
writev
108
1, 0x7ffd77040720, 2
98
SYSCALL
analyzed_bin
writev
108
1, 0x7ffd77040720, 2
52
SYSCALL
analyzed_bin
writev
108
1, 0x7ffd77040720, 2
98
SYSCALL
analyzed_bin
writev
108
1, 0x7ffd77040720, 2
52
SYSCALL
analyzed_bin
writev
108
1, 0x7ffd77040720, 2
98
SYSCALL
analyzed_bin
writev
108
1, 0x7ffd77040720, 2
52
SYSCALL
analyzed_bin
writev
108
1, 0x7ffd77040720, 2
98
SYSCALL
analyzed_bin
writev
108
1, 0x7ffd77040720, 2
52
SYSCALL
analyzed_bin
writev
108
1, 0x7ffd77040720, 2
98
SYSCALL
analyzed_bin
writev
108
1, 0x7ffd77040720, 2
52
SYSCALL
analyzed_bin
writev
108
1, 0x7ffd77040720, 2
98
SYSCALL
analyzed_bin
writev
108
1, 0x7ffd77040720, 2
52
SYSCALL
analyzed_bin
writev
108
1, 0x7ffd77040720, 2
98
SYSCALL
analyzed_bin
writev
108
1, 0x7ffd77040720, 2
52
SYSCALL
analyzed_bin
writev
108
1, 0x7ffd77040720, 2
98
SYSCALL
analyzed_bin
writev
108
1, 0x7ffd77040720, 2
52
SYSCALL
analyzed_bin
writev
108
1, 0x7ffd77040720, 2
98
SYSCALL
analyzed_bin
writev
108
1, 0x7ffd77040720, 2
52
SYSCALL
analyzed_bin
writev
108
1, 0x7ffd77040720, 2
98
SYSCALL
analyzed_bin
writev
108
1, 0x7ffd77040720, 2
52
SYSCALL
analyzed_bin
writev
108
1, 0x7ffd77040720, 2
98
SYSCALL
analyzed_bin
writev
108
1, 0x7ffd77040720, 2
52
SYSCALL
analyzed_bin
writev
108
1, 0x7ffd77040720, 2
98
SYSCALL
analyzed_bin
writev
108
1, 0x7ffd77040720, 2
52
SYSCALL
analyzed_bin
writev
108
1, 0x7ffd77040720, 2
98
SYSCALL
analyzed_bin
writev
108
1, 0x7ffd77040720, 2
52
SYSCALL
analyzed_bin
writev
108
1, 0x7ffd77040720, 2
98
SYSCALL
analyzed_bin
writev
108
1, 0x7ffd77040720, 2
52
SYSCALL
analyzed_bin
writev
108
1, 0x7ffd77040720, 2
98
SYSCALL
analyzed_bin
writev
108
1, 0x7ffd77040720, 2
52
SYSCALL
analyzed_bin
writev
108
1, 0x7ffd77040720, 2
98
SYSCALL
analyzed_bin
writev
108
1, 0x7ffd77040720, 2
52
SYSCALL
analyzed_bin
writev
108
1, 0x7ffd77040720, 2
98
SYSCALL
analyzed_bin
writev
108
1, 0x7ffd77040720, 2
52
SYSCALL
analyzed_bin
writev
108
1, 0x7ffd77040720, 2
98
SYSCALL
analyzed_bin
writev
108
1, 0x7ffd77040720, 2
52
SYSCALL
analyzed_bin
writev
108
1, 0x7ffd77040720, 2
98
SYSCALL
analyzed_bin
writev
108
1, 0x7ffd77040720, 2
52
SYSCALL
analyzed_bin
writev
108
1, 0x7ffd77040720, 2
98
SYSCALL
analyzed_bin
writev
108
1, 0x7ffd77040720, 2
52
SYSCALL
analyzed_bin
writev
108
1, 0x7ffd77040720, 2
98
SYSCALL
analyzed_bin
writev
108
1, 0x7ffd77040720, 2
52
SYSCALL
analyzed_bin
writev
108
1, 0x7ffd77040720, 2
98
SYSCALL
analyzed_bin
writev
108
1, 0x7ffd77040720, 2
52
SYSCALL
analyzed_bin
writev
108
1, 0x7ffd77040720, 2
98
SYSCALL
analyzed_bin
writev
108
1, 0x7ffd77040720, 2
52
SYSCALL
analyzed_bin
writev
108
1, 0x7ffd77040720, 2
98
SYSCALL
analyzed_bin
writev
108
1, 0x7ffd77040720, 2
52
SYSCALL
analyzed_bin
writev
108
1, 0x7ffd77040720, 2
98
SYSCALL
analyzed_bin
writev
108
1, 0x7ffd77040720, 2
52
SYSCALL
analyzed_bin
writev
108
1, 0x7ffd77040720, 2
98
SYSCALL
analyzed_bin
writev
108
1, 0x7ffd77040720, 2
52
SYSCALL
analyzed_bin
writev
108
1, 0x7ffd77040720, 2
98
SYSCALL
analyzed_bin
writev
108
1, 0x7ffd77040720, 2
52
SYSCALL
analyzed_bin
writev
108
1, 0x7ffd77040720, 2
98
SYSCALL
analyzed_bin
writev
108
1, 0x7ffd77040720, 2
52
SYSCALL
analyzed_bin
writev
108
1, 0x7ffd77040720, 2
98
SYSCALL
analyzed_bin
writev
108
1, 0x7ffd77040720, 2
52
SYSCALL
analyzed_bin
writev
108
1, 0x7ffd77040720, 2
98
SYSCALL
analyzed_bin
writev
108
1, 0x7ffd77040720, 2
52
SYSCALL
analyzed_bin
writev
108
1, 0x7ffd77040720, 2
98
SYSCALL
analyzed_bin
writev
108
1, 0x7ffd77040720, 2
52
SYSCALL
analyzed_bin
writev
108
1, 0x7ffd77040720, 2
98
SYSCALL
analyzed_bin
writev
108
1, 0x7ffd77040720, 2
52
SYSCALL
analyzed_bin
writev
108
1, 0x7ffd77040720, 2
98
SYSCALL
analyzed_bin
writev
108
1, 0x7ffd77040720, 2
52
SYSCALL
analyzed_bin
writev
108
1, 0x7ffd77040720, 2
98
SYSCALL
analyzed_bin
writev
108
1, 0x7ffd77040720, 2
52
SYSCALL
analyzed_bin
writev
108
1, 0x7ffd77040720, 2
98
SYSCALL
analyzed_bin
writev
108
1, 0x7ffd77040720, 2
52
SYSCALL
analyzed_bin
writev
108
1, 0x7ffd77040720, 2
98
SYSCALL
analyzed_bin
writev
108
1, 0x7ffd77040720, 2
52
SYSCALL
analyzed_bin
writev
108
1, 0x7ffd77040720, 2
98
SYSCALL
analyzed_bin
writev
108
1, 0x7ffd77040720, 2
52
SYSCALL
analyzed_bin
writev
108
1, 0x7ffd77040720, 2
98
SYSCALL
analyzed_bin
writev
108
1, 0x7ffd77040720, 2
52
SYSCALL
analyzed_bin
writev
108
1, 0x7ffd77040720, 2
98
SYSCALL
analyzed_bin
writev
108
1, 0x7ffd77040720, 2
52
SYSCALL
analyzed_bin
writev
108
1, 0x7ffd77040720, 2
98
SYSCALL
analyzed_bin
writev
108
1, 0x7ffd77040720, 2
52
SYSCALL
analyzed_bin
writev
108
1, 0x7ffd77040720, 2
98
SYSCALL
analyzed_bin
writev
108
1, 0x7ffd77040720, 2
52
SYSCALL
analyzed_bin
writev
108
1, 0x7ffd77040720, 2
98
SYSCALL
analyzed_bin
writev
108
1, 0x7ffd77040720, 2
52
SYSCALL
analyzed_bin
writev
108
1, 0x7ffd77040720, 2
98
SYSCALL
analyzed_bin
writev
108
1, 0x7ffd77040720, 2
52
SYSCALL
analyzed_bin
writev
108
1, 0x7ffd77040720, 2
98
SYSCALL
analyzed_bin
writev
108
1, 0x7ffd77040720, 2
52
SYSCALL
analyzed_bin
writev
108
1, 0x7ffd77040720, 2
98
SYSCALL
analyzed_bin
writev
108
1, 0x7ffd77040720, 2
52
SYSCALL
analyzed_bin
writev
108
1, 0x7ffd77040720, 2
98
SYSCALL
analyzed_bin
writev
108
1, 0x7ffd77040720, 2
52
SYSCALL
analyzed_bin
writev
108
1, 0x7ffd77040720, 2
98
SYSCALL
analyzed_bin
writev
108
1, 0x7ffd77040720, 2
52
SYSCALL
analyzed_bin
writev
108
1, 0x7ffd77040720, 2
98
SYSCALL
analyzed_bin
writev
108
1, 0x7ffd77040720, 2
52
SYSCALL
analyzed_bin
writev
108
1, 0x7ffd77040720, 2
98
SYSCALL
analyzed_bin
writev
108
1, 0x7ffd77040720, 2
52
SYSCALL
analyzed_bin
writev
108
1, 0x7ffd77040720, 2
98
SYSCALL
analyzed_bin
writev
108
1, 0x7ffd77040720, 2
52
SYSCALL
analyzed_bin
writev
108
1, 0x7ffd77040720, 2
98
SYSCALL
analyzed_bin
writev
108
1, 0x7ffd77040720, 2
52
SYSCALL
analyzed_bin
writev
108
1, 0x7ffd77040720, 2
98
SYSCALL
analyzed_bin
writev
108
1, 0x7ffd77040720, 2
52
SYSCALL
analyzed_bin
writev
108
1, 0x7ffd77040720, 2
98
SYSCALL
analyzed_bin
writev
108
1, 0x7ffd77040720, 2
52
SYSCALL
analyzed_bin
writev
108
1, 0x7ffd77040720, 2
98
SYSCALL
analyzed_bin
writev
108
1, 0x7ffd77040720, 2
52
SYSCALL
analyzed_bin
writev
108
1, 0x7ffd77040720, 2
98
SYSCALL
analyzed_bin
writev
108
1, 0x7ffd77040720, 2
52
SYSCALL
analyzed_bin
writev
108
1, 0x7ffd77040720, 2
98
SYSCALL
analyzed_bin
writev
108
1, 0x7ffd77040720, 2
52
SYSCALL
analyzed_bin
writev
108
1, 0x7ffd77040720, 2
98
SYSCALL
analyzed_bin
writev
108
1, 0x7ffd77040720, 2
52
SYSCALL
analyzed_bin
writev
108
1, 0x7ffd77040720, 2
98
SYSCALL
analyzed_bin
writev
108
1, 0x7ffd77040720, 2
52
SYSCALL
analyzed_bin
writev
108
1, 0x7ffd77040720, 2
98
SYSCALL
analyzed_bin
writev
108
1, 0x7ffd77040720, 2
52
SYSCALL
analyzed_bin
writev
108
1, 0x7ffd77040720, 2
98
SYSCALL
analyzed_bin
writev
108
1, 0x7ffd77040720, 2
52
SYSCALL
analyzed_bin
writev
108
1, 0x7ffd77040720, 2
98
SYSCALL
analyzed_bin
writev
108
1, 0x7ffd77040720, 2
52
SYSCALL
analyzed_bin
writev
108
1, 0x7ffd77040720, 2
98
SYSCALL
analyzed_bin
writev
108
1, 0x7ffd77040720, 2
52
SYSCALL
analyzed_bin
writev
108
1, 0x7ffd77040720, 2
98
SYSCALL
analyzed_bin
writev
108
1, 0x7ffd77040720, 2
52
SYSCALL
analyzed_bin
writev
108
1, 0x7ffd77040720, 2
98
SYSCALL
analyzed_bin
writev
108
1, 0x7ffd77040720, 2
52
SYSCALL
analyzed_bin
writev
108
1, 0x7ffd77040720, 2
98
SYSCALL
analyzed_bin
writev
108
1, 0x7ffd77040720, 2
52
SYSCALL
analyzed_bin
writev
108
1, 0x7ffd77040720, 2
98
SYSCALL
analyzed_bin
writev
108
1, 0x7ffd77040720, 2
52
SYSCALL
analyzed_bin
writev
108
1, 0x7ffd77040720, 2
98
SYSCALL
analyzed_bin
writev
108
1, 0x7ffd77040720, 2
52
SYSCALL
analyzed_bin
writev
108
1, 0x7ffd77040720, 2
98
SYSCALL
analyzed_bin
writev
108
1, 0x7ffd77040720, 2
52
SYSCALL
analyzed_bin
writev
108
1, 0x7ffd77040720, 2
98
SYSCALL
analyzed_bin
writev
108
1, 0x7ffd77040720, 2
52
SYSCALL
analyzed_bin
writev
108
1, 0x7ffd77040720, 2
98
SYSCALL
analyzed_bin
writev
108
1, 0x7ffd77040720, 2
52
SYSCALL
analyzed_bin
writev
108
1, 0x7ffd77040720, 2
98
SYSCALL
analyzed_bin
writev
108
1, 0x7ffd77040720, 2
52
SYSCALL
analyzed_bin
writev
108
1, 0x7ffd77040720, 2
98
SYSCALL
analyzed_bin
writev
108
1, 0x7ffd77040720, 2
52
SYSCALL
analyzed_bin
writev
108
1, 0x7ffd77040720, 2
98
SYSCALL
analyzed_bin
writev
108
1, 0x7ffd77040720, 2
52
SYSCALL
analyzed_bin
writev
108
1, 0x7ffd77040720, 2
98
SYSCALL
analyzed_bin
writev
108
1, 0x7ffd77040720, 2
52
SYSCALL
analyzed_bin
writev
108
1, 0x7ffd77040720, 2
98
SYSCALL
analyzed_bin
writev
108
1, 0x7ffd77040720, 2
52
SYSCALL
analyzed_bin
writev
108
1, 0x7ffd77040720, 2
98
SYSCALL
analyzed_bin
writev
108
1, 0x7ffd77040720, 2
52
SYSCALL
analyzed_bin
writev
108
1, 0x7ffd77040720, 2
98
SYSCALL
analyzed_bin
writev
108
1, 0x7ffd77040720, 2
52
SYSCALL
analyzed_bin
writev
108
1, 0x7ffd77040720, 2
98
SYSCALL
analyzed_bin
writev
108
1, 0x7ffd77040720, 2
52
SYSCALL
analyzed_bin
writev
108
1, 0x7ffd77040720, 2
98
SYSCALL
analyzed_bin
writev
108
1, 0x7ffd77040720, 2
52
SYSCALL
analyzed_bin
writev
108
1, 0x7ffd77040720, 2
98
